3670320
33144230
303072
187474410
27400464
80716188
10893498
69904170
1476530
8931783
38413884
43367256
24961440
25585230
43779602
14598705
116628645
15462195
19474962
24910620
15781610
2385488
152334
11271400
1228084
136620
1659420
67848000
365330
25046091
70097076
86187992
292578968
1669110
446364360
1475250
6159648
4877196
8910330
13061664
231185010
595680
242113410
303104280
602987594
20191430
29077496
13223620
10672345
7489056
2099346
34471492
11851140
57437760
490116
164010
3684900
43702914
76497040
19167405
3433995
40967577
101745
375060
2431620
38300125
187889394
132060564
40933440
5566060
2532354
2928
105885780
36168354
81396
3713655
60100950
143566260
117371940
35557977
1787770
40092910
4808100
4619640
102905740
516120
16842144
387585
31249020
10733800
2861950
346332
2476160
2930844
1637244
31920
35021883
649572
36472940
274494903
