118325489632
298884352221
5740620320
16191286425
464958293603
137692162328
261430380645
68679231294
47555534418
14140204002
1225150080
2603785113
26436746526
30900043064
3449461925
57276366
219034116
4932991888
78598141923
3458012576
9566657864
78867630700
26190792680
22451163660
11646400370
6873901650
27592511895
3067385174
2406409720
220564890
287888598690
9823363704
47451781740
4505309190
12112219530
58398425712
4395143900
36635124
10218905064
13128909753
11954011950
123097632
2129524584
5754033450
31576086542
13216711904
12661920675
89560550580
474099911025
98448827400
2178256410
42028555660
2235240
41986537440
56337070230
377479662
3257109948
1463083020
149988859020
22881320
47204894058
25965981210
29291028195
154263171788
54688802
2783693696
2549097300
10100874704
34129333518
327252618
105643386420
1230319220
264932760
1695208402
138891960230
6225515882
291738636
6403262364
1092636360
55799832000
67506897120
31999814418
18039489810
99474477113
154508226
118612126122
11680511514
69545212800
5110857738
18985120
21796943025
1358173368
84605808
19125160560
22737132846
18094354850
23474650364
203268560
60062572722
71351078442
8631333984
80440500
326007360
211481680824
4848980970
1023818229
13340967900
36231039064
440462610
3406968012
3826492677
5787021828
1355930822
1834193055
109299400
84478100
3830112
117511457752
1353412040
1455896736
36298237344
144387936
2074094456
58788660
16176951444
281003856
12436267600
25495202702
224931748566
12866402536
47497364382
1523149992
3057108208
1500673528
7344456042
8646420310
76781389344
2093910
24983666183
28825662624
157045934892
4426247766
853065018
1082800992
213144624
15835765780
5815404
176287728250
43464999792
40280627387
2363299200
19832165496
26884495131
17942260785
604849291720
766701490760
860533960
13111789044
190924048560
284612172
3614290735
33175278565
3293632692
44113810356
51247798722
380298744
371007845
17337780
98322929820
57055932210
2190480030
699069360
1054068840
25597235845
134144827665
28036264
86589843900
24559038656
4636468350
244803526653
364406184
35784369736
347457780
85406750260
90956900970
163650753156
18291204096
182641097612
40472106780
1815877050
49557303510
10064672660
76255463500
3764733312
25550499486
34551490764
555452950
9707980080
27658212825
124656852468
10231021314
155895842080
4035150
84687479004
53231536960
37820357470
20708157456
25564745752
37906354890
470589756
81211542860
83960207244
54186647284
316775926
11777499600
9939145020
238407232714
19639348407
62277165900
27104882610
362540178
39108969536
42952253631
24275836273
125894852040
124208788480
2693300340
10191484520
153829277350
69006622909
3413530120
13202037612
63182794696
10626369312
14481074565
629683236
14466474438
15114917748
221153287530
471586258
7120623692
25849949090
32667136392
1667261550
214332294848
2012754744
1650043120
369992392
344846707870
89220684228
35659675560
43147694472
4011960480
3040149420
6996759066
473914048
10205439300
2669990400
29403511644
496436160
32217551060
417426696
10811983520
12218887296
27326271280
294497810526
58332780
7456030236
50778000
395083512
2980549446
2656280450
135972312840
21617554510
1669370934
29059800
625147116
39558750
766445680
29073094839
22317281291
73108500
2273594820
84523015284
5581616460
128222804754
2796645204
3652323169
56385696570
18216909080
13590576264
9520698390
1846782762
3177930804
188983800
4093414122
233264822193
9991085842
148968758050
20041476084
12683064480
37615138638
277978860
55360853430
3347345358
9140748560
194382555732
28770628768
9059394870
4919454540
33577191571
167143440
76852581916
31447580508
3266773290
142785263623
13595409432
7520322960
33275869505
20943080638
3795666650
10489201380
62463044262
56177830380
56142351330
7362881400
150887155893
9583132845
59001961755
319410
2467530
53690114880
9422287980
12864600200
180584298345
174798624
210441132330
398721120252
5084312115
326374685
8089128630
27684439020
13483491450
4659031416
9621126578
33299565110
22615833240
163686958190
89640561762
6340643976
10753579305
1776871090
898794680070
10255987545
12410450580
150468719304
50001825060
1394629152
2318733109
70600359918
40715121378
61675196310
7243397196
52022642322
53824390920
855228
23919683680
380211438510
99949924886
5868529030
2443997692
11324601456
1818047340
19948254480
7286721764
585001450
97678798170
268386300
7697635110
190996097082
25027705920
209099660
73377603117
129641244600
95099745796
29560630170
174304957515
1065507267
14936051100
876673140
115546886
322506353890
339544886960
58563474046
1129296366
88544642109
53021782485
31125120712
8520093708
10441270944
41169746070
13966590810
39439390410
7800426060
10243196620
2640045447
320920056
439710768
5030207180
726708675
68229093153
47265544788
6415818624
10593580590
8535888550
48999544680
961843960
18969866454
17896560756
7060966808
35125275840
142695436542
2281349280
883170882
115396792721
1147751600
71297180108
5334609742
497149660
8169241080
44841604
1236811836
13358034416
114152688
2967216672
263707536
7692036924
15992265216
3514228410
9137956032
3216895740
41071999290
325742734340
21433848864
1952266740
14351668914
48144489600
1370658366
177558708378
2645422920
420886340
28370305962
2466724622
12917995608
6907411860
5027550
154032480
37144830
32415287190
107730
9040628084
53867737760
26550107012
143208482538
868216860
13847204
8031793230
7773635220
6793743266
199867972362
12503506314
1176638232
22499636265
20988483572
123713585070
4261900934
3297242550
1971609486
3674478236
76960800
81840510254
67374980622
13661961720
115051728370
29826582318
587092165660
24781796256
5711026270
224642104
4466491260
1062969030
19147373960
181982580
5200793010
2032833150
132202710
13389664536
18074658280
17532900
31019046260
958887972
3631749150
363679680
35946241476
37813424712
69850882376
82250760
64561485732
6233358912
155754116070
53288442
42531888663
6276255300
43515463175
884824479
40975654696
61089072
18604262670
2879751630
497950383
10547800340
1080271750
9921825420
238772326494
4538453526
36127182
256479190
23778100860
43272396975
50079455922
51829705226
2496292360
4373406812
695184081380
848240990
3224225752
4500828
219156252000
2962205972
33202120248
230781980
14681696400
10485624786
27911825374
417311496
48645034404
8302327866
1300722642
644325886
97326504245
1771243892
1717691310
16999326036
30399223602
152947418514
14811164652
11690181894
124753200
42939585
6818774396
10125054060
145472729868
11603092158
40519172820
121246554
50131712750
8088069260
7597590
9114186930
596872650
56620777960
327887941472
30649909028
135094040692
2834778240
3697279020
15421447470
3777944940
33322268763
60211500
20687213820
407559222504
268891896
1343939709
34580593452
7664334068
26047834800
1403041486
136738213104
970024720
8978856390
41863080
4860805070
8925147504
381393555114
62571600
25997760
27569867160
3270607155
158557551607
6195163968
11821335180
3416435352
336893485258
26384184294
102675867096
861427740
38382960105
30568652550
19901757690
1137073872
4251170500
249915786158
14497474212
25288218046
158986897650
1111485760
28008199098
491393244
270554949817
4782764436
164859319824
149545770
3536991882
11254465232
69169114395
448181370
128057395116
1651140540
6228460860
115840372340
12308835480
141426675
40818116556
528011840
5001126912
5596115616
555722183863
228853112810
242484860
3310478080
56184324640
15182383398
32402626830
123917840
109065036120
130593004038
688631944
2637398070
5979573378
25523649090
16601306425
105857650140
15872030304
79154988
6342484806
8478956150
73134753770
99615130044
24345328128
82880534640
34137769653
24389197700
19336002504
2007508815
236436155400
2929154228
3721356972
336864849860
21384073698
15279243000
49340150340
94317903240
652612408
5653847760
1094397408
7599535140
1991945104
13546015450
8598608340
24683037358
124734839970
5418851544
18554937300
38802012780
1541945184
28456266163
53757296410
7750114150
53470565880
2415727545
16655334784
62370650694
13594133076
1622983182
296027813685
827509774
2350035120
4475122262
23467136425
13486688820
241829040
615222090
9033994676
315688428
31195132386
20779080210
28730046240
55300556976
19246759812
576098424
997227920
44939120440
316869669312
549112032
119095033463
36403274460
942023550
63701576358
59734947546
93725942460
1505370664
9496612300
11035201584
485107476
31503938480
17770200492
20644884
4574646180
35061709770
6214765920
41706370120
162734910624
1821756006
3955313616
1399458828
6607195812
5931086040
597679734
5987369778
98150853772
93514553456
157334354760
34359342600
13972693176
15148794180
47697915020
7788572400
57736023861
518575480
139490052438
22065452552
22910752840
89084282196
107237550
623691264
2226288330
9722474454
6138672
624085800
61834409910
350552356
171325854
4206724720
2482765600
14477120
2975763147
177155194562
26845989534
1690101621
115927600422
7095688320
69637064280
6419903094
89802391800
951840760
138376228425
2847161136
2445600120
26664691284
20553994692
282345558
7853860560
14455159416
289066622750
15836372016
6085232956
1881665170
5355058560
4108551342
11987221047
829145568
2843184396
3300842962
187531200
17942820028
55744721604
7030520922
107022300
1815832900
2185152288
24395149020
6784489296
21958168414
3973009260
7436714868
494657748
42354499743
16328537148
4350675555
9639832752
399038705442
14293075950
5931464250
102503632
2097741303
3205502464
29291396256
34362340398
123908392446
8659113492
1353670500
16027344960
9354893790
21556540548
44383846039
199173854418
246677598
41506452604
8418636086
39496977102
110862942270
4377970190
2423226960
14905668288
343068880
397505612
18953809710
1950129648
4677110410
126919935512
592066552
239723022
12920188936
176450650236
22601060020
127619622
20042112090
53415611907
177266968410
8112629328
741021316
107273815990
189655535044
34063208472
101583268710
23510153984
999246461
116588502
32896868436
52541328
176492064
25422587910
15768054148
2280782235
772695952
6621529200
2095445088
705447020810
2742785100
122836160
211169630407
35592182676
44872538454
929808132
25975537965
15815913337
2818994022
54264138192
113961676206
78783728960
9499533360
5929987830
10971030
2051280
5931609970
32386466790
230604271702
5901480920
1430353440
15728645088
341847688
906022572
150897600
7612151070
83005656426
10815608232
110749860
449120672
585642120
28374522723
92580596511
121593199596
49693516578
6475606950
2287335726
53870720540
59040008412
60567156
140296541670
104066785200
1807991290
11203079706
366790370958
42413827948
145672157895
11001334218
87361680465
207719297742
231404022525
1397575134
358437388420
879840096
15299616
34076143068
11121581142
5870700
402220
10524583860
12349575020
3041925096
59097329070
1138480200
38451312399
1531074720
9989974528
23213176152
22436826780
37271692962
368723796
13817500088
8501328
3229732520
28404290610
3783385650
5345146310
1134432882
1752295064
43276347582
576291254
17547602736
3294849420
40376046172
4124989968
25309616948
91955941514
144638985309
86785574664
169984290
1527375740
1311629418
1244459034
911762886
7724083400
15002050070
12374212168
268401133014
33840522810
193410360
1281566880
244499154
100003284900
105864122204
18500862744
5918164680
27665294470
111957710748
128842688440
43620966396
33540501048
37270432254
61014442148
81002162106
446019210
2143764870
54216087660
1050983420
4013322240
41557819625
661887330
1009429128
528082016
15233549760
28381785690
3223704540
3118685024
677992980
9363214488
3791640380
2939282456
