10430717231988
112565086640
467461953270
143251148040
731198645688
13755786855468
168971829300
1828534593132
298731190820
880154232780
211565151840
338369966400
1596560436212
10885815577175
4638600996624
279086503080
158957653008
89405415380
604395866510
491373332085
2991746116254
1479087491916
10179769664536
3847129713845
200680288740
281590249955
350751402540
39436853112
855568934184
604445660226
202500990720
2471618304323
5306090850
770775038308
9654911296660
4832815680
3191714230194
6332067050271
12893086800
11451301084107
3364727252568
677582538375
126121733846
889833343560
4109278378600
2661295642620
4450377264
581343667320
72068117184
17136078336
3286822565994
57652916412
62290794720
15849570492
4858474937602
12126765948660
45291382696
2688983446054
26136701496
14797038340
2062933902568
434842791495
9877971600
1965426346798
8044657380
3263162378555
418430793096
70651631292
268134439716
3572070962082
2853053778666
65532640866
616342895535
5694977400710
1105263852
179579744510
46857155814
1327613824698
97191616941
588331003977
258034103184
39380734260
3726050156480
1076250292818
907457956430
2975507205340
626795594568
20858985039380
463218210
61701733548
3034355562222
138727069110
41659018934
780177826610
25777646574555
116102721618
184360835815
69229623940
2050287738600
5248484917926
163485192960
2182269158918
5041321032045
1178630071872
1022012800068
55976481996
911036827610
1414060053087
3890267366700
26175622580
22496234460
144432751288
13859294899176
34178121450
261154743120
446416490688
495514653020
2411555145636
248645521355
3764547686760
251927667005
28299958800
1362104354910
429585610041
81177006570
175151545800
127280554176
293275365621
3773140809868
3532513971000
124054137840
24974903512
21644553510
1662879418120
2580830908572
1522800936144
830683791392
446155974600
1947869232
139352325480
1147310909322
793819379155
70639493460
851925648152
185542162190
630132715854
16375843718082
188728096986
208796352534
5849917243275
603506036394
560581308000
168553159236
111799008048
19540874808
147793468752
845413048882
789924077990
1104752824956
52344957312
407746827620
1032776072328
1996721283480
838085950104
73457456670
1946086439076
2468242617078
4862079093768
1514618844648
40120425840
11781711043479
3038911473996
86890971180
1068392742634
85010052920
19753989356504
1711108460
837834074028
23646872466
996599668836
198861028065
179033792574
2329101040938
95087892336
6591080268120
42944206752
2005133925102
635249652576
3312480086946
6852746520
83917992132
2235244311464
553454612535
883477452963
1756449426980
27981891472
547855800350
1235123981416
539740237960
1650022920
2055614430660
8016045170616
374334414408
121919100192
7658379750
2106238276109
476369063742
558590393235
2659310109544
327215216944
7068666808140
36583326000
480846388464
55773254112
19747411320
984574108755
1505304609270
173861372018
114543444480
2596179684
496891235510
759985807364
1660834615440
3067498913745
230764294488
25380386334
125919762214
542440265982
71802842100
7711829553876
79150780716
24180603382164
4487840120270
3562758852156
45417225056
162015787986
497229675996
425445593408
1054071511980
14750859890
880703571360
553750081500
2480911948522
854628007296
125650201765
2484733056
995928670765
147624078840
3043800528470
13743018749140
289327071354
14071176709810
25643068902
874569486570
37722616020
126381924636
153848167032
314770573845
354984730492
22989042015360
66881895345
41128564542
146433750078
101940389088
27152171046
27831631905
36627143960
61075997964
6761141260805
1895846370414
230727283410
564724574510
2816152220
2472149388930
407547890776
89813650692
10318929264160
1121809311714
258965357780
13487765751460
2266218389568
4617180239298
269242600
7418964317364
99778801276
1120033657134
206868720600
11749111272687
4559412277742
100588324200
5653730888780
2139179243220
8044234033791
145840160440
2624707427810
337608851382
72785248263
1264453252032
1431520926255
186162857937
12522347340
5657612541878
30776441406
278830952478
4370238600
7530481970110
499675333972
8902327412
3319863086354
23635257082404
742149594525
3110923472328
3097501440732
12708601542
59435855402
295372734156
56013806200
4678428089412
221887510172
221718418300
69825067302
147925940864
5671997373848
176933333850
4078793804850
404615124432
2063197849974
805065158814
1576630801746
33052847150
1203301420389
184343409600
21196464315
396541998408
677615363880
589615977600
28570188150
300421481151
1571039172088
5541518825484
187071771120
728211208857
3120238412428
1718255512512
18377336180
7063659979740
2145195171571
71765678820
1665414436260
589645149982
6744838283137
234578266146
79153381608
197572010856
2199658273395
922715629920
202862269416
202292079456
1039038947856
2861256794760
6417393933370
3950321881374
9692201231098
2828416759294
2888017552398
424433634240
951631257696
60161017631
678858387372
40677903240
34571317800
282031948183
3406352862412
6645913848
7995957720
228284383470
1591553800984
6255752194700
430419019152
129300510300
11309642175
482615082534
465571750815
1904970098850
21317797900
920521886235
74261204721
4411440363330
384586682085
765787206440
1860277727880
80551837016
7317492319254
398515658316
5587850813402
1023056510784
891972270882
27268630008
2122794114
69781657086
2638552839810
791554807248
1613892774480
76119477651
1698552730875
27380477304
55484823856
152200203414
9638886353030
4676202230337
49225421882
775594866797
5238157048774
14856431890107
4066739003082
3747612303444
7086457639404
6181757337848
118046562810
679928583670
799269053220
987041720108
159034210842
66387455820
2788485465480
18863792708944
2144786627200
42564836160
30577323735
603869784
4025147554641
181296512670
3840264810
408046374050
2769597998159
223418080080
2529646174615
1964117345904
244230482048
434617019772
1704937240116
1784055482510
8158591628914
676285758588
12777622128
593585842080
66696522795
2608413808
2384748854124
363629802978
17194727220
3570664316112
1029838590240
268827888980
6962620457835
4550870591190
787107998222
1483394938200
5735536862
6420543624
257088081180
3842170132472
19780759242289
5005882063100
32651279115
71117837700
6445507425708
1729764025740
2160916840398
5977579150004
3326715752793
80758096632
93735383610
1574608647360
3066188775626
2151150768556
3047162272099
8778867068370
11440091520
9417748580768
3462604067598
47872816068
6514612683375
291909540438
503232911541
34863810324
31121002517592
338335258992
9919211250
2341508201476
11160117077018
979365276720
191044225200
2633460097945
65446856904
814842387300
6746573064
196915379430
4641368106640
14229026480768
2100089526516
3538850250
873670363314
53043276370
24543297480
9799651176
4503671488575
2201276587614
73330998771
3183146039300
21368883654
747905551545
1527460888704
5610149759874
199014303816
39947395950
707158193940
9301117586580
62893895628
318519100480
12380937800
76030519565
21579065807340
6075022800
956622420
1556730869394
2675993902
784355345106
600365679
7390913394627
3004290284474
613122481488
803783462482
921788329572
61641126756
3798536041650
658076185776
25784062814930
175796902640
96713125936
20981297016
1649826206693
16624382647579
1532829236292
12379380308711
1915065567800
783147560
699261755918
111252386088
220630053540
29970865944
17366029097946
357559633368
650511329028
5580637988892
189625865182
44830724752
299094090360
130588811496
11706988885038
230552860292
186601248582
9361143000
421400068248
1632250470842
6994458364320
9319982760
29555938800
59335037604
860653861808
557807606452
6072521004
22013066380
1346020998660
15921579228091
178757668866
3566967937218
127504566585
1309591156146
192198712536
1560265752936
7207190207700
6516346687629
1673891278620
1093934708160
176408094720
4416564075
115871672784
14174170451688
18619738644
90611140088
8967612343704
5339673616527
3231673252668
6086795387238
298118239965
304277745600
3084818264646
270044320
345271529720
3152676696
318806710840
120354252700
10359701814
623242379985
1355113948800
102818106111
372229837056
748969741317
11686042791150
424347541625
2211881627058
133865631900
12391629927038
460328095272
559027122840
4068381548
554595630946
251817489330
3599441768076
1607949269706
4163664120
982232861064
612695442762
2701317197722
236344679466
45128962400
1529755516710
11430175680
18673444015582
780440326842
93742867185
582863727996
3585027763460
3239506736472
841378160
8912401897280
237268507608
7476042722330
273703508865
32722560
118661905170
50814719550
205912493655
19810158225
2441882858388
1924338240
98489028338
39655615090
771691062540
5505318706800
1588221387108
2138173397940
1390489593570
5290251410080
2608520421624
919052490104
28090328812
1145706616020
748861795440
2633849979956
4910539201869
159073703862
13871284093275
6585218884860
5734379544084
6183335146054
988649211240
4155248165238
3970672990620
19697939597
13885239286743
894173014800
2178439191474
46957124760
1655819799660
3855718121112
442394362200
12555274452
18782897640
98884262830
18783540350
12990618
555403291440
599418641850
461967723048
493421362026
1053358227656
191324128164
5094700776018
656017564440
883071750
113030364564
179462320
2849417098
224770676130
183595717452
1683377062584
722233875246
280025460
5614025274
1610422404690
75084077355
455747439260
17557569978
3326561356770
10506278421468
1925488780215
105675570
153956029920
2230775762118
5347360410120
1128817069128
3629803116537
247420619796
23212332780
14225883875806
2669545391640
1989220660
105851829028
478181011758
8646008748
736240296120
2519812080
309066085818
2620483245930
79043949094
1631597388414
3661845040422
325140701740
4556579464210
223246906032
18224491040
2602916374710
140668479140
366881374260
157937983320
7046294328087
81185437060
1745775369804
835928080554
36690039012
82233769080
1738583385000
4164580
2212882450698
2567593139843
396975191668
50516987688
528201278655
2300484027450
132114552900
9908310721050
2262837074850
142511301954
80082385320
119489038592
4817746731200
5924534616
1134739960200
527457330855
5082158378484
5063448180
54602493920
5397951000
9070830720
151316968950
12177237240
182686749900
3406311168
52563915521
1882666838988
56540400
728049908250
940442128605
87133211095
47963382112
616921127280
13506560457
448165837977
105849848936
2619165131924
2181542972301
75404293305
788828295578
276244608
559679115456
215485941710
279572441070
8235729330
230363704648
437352598320
45150773094
8124703692
1039934921088
2962413209635
4138409589636
30035030823
352807039020
461072831464
7009245315
147403163952
692861047632
763691574480
67402951434
6597691112597
217915418070
100219201248
244900269006
8005998516
376531582421
72901033634
1520179272953
529208135497
1534643581212
1204762039548
1803462543540
507642765916
697154877
226081661896
80784994670
4370001250494
155403122896
343599805080
932297109752
1830719203300
619368950160
11230476685
13642673230318
369136806360
2072271734610
839541442740
2616927272490
7912216168575
155604630930
13480199661060
401598120
10255531316664
197820622740
384219423350
3212389752
45590931765
43812459180
1217006139895
72455078020
4383858177813
823385628156
430361364600
436323761400
1289067778680
2187156321570
6604527241620
530553061896
24488549436
578790421665
289136206002
3094190490300
1698176317160
1057814076748
43856067900
3817791648372
254196447050
72891406185
5483400832110
933628893120
156283552600
2977071154890
446146572408
55005263040
3052942781
34528170008
23766866750
843169151745
9407619690
1693091219706
98718317411
13575065730306
13903498088900
737235094160
2137701132
726299776800
148077977400
7895198614515
3567313500
979900970646
797736705570
7209680825340
12725629400
30869920560
912866882268
156824201610
3723697547196
166610508492
5771404485
193046019660
114003888768
1428066359878
181270231940
114860684960
13520768147328
2122282693468
1307204454140
1770391087452
3646294400
234012174
418822297600
2941796074600
284791394440
374427509224
161005360
1193968210680
120394738464
265349640545
3824189260170
592384601076
739515952120
17795363635
17253260213706
6668348507195
24028872754810
69799054750
1365896013768
2065002732440
2578430764927
688728677637
1526081491464
13125038520
258662246850
307287695610
278012330508
3033381593814
1565167489110
188968532844
5971709917789
161448583212
3571769894020
3062504614968
66249225432
118187261460
1082053709880
486407880
2254763250950
307288873764
22161290354
375600182706
2031480358920
1515163645556
5416189740360
439033518000
356895516786
145827847560
506611655004
1760821642580
6323257920
8872409736
3224970525582
12619980348
6742774821000
3431130560
341716293956
192468858660
1035902520366
5398670196870
2687082835500
4420946208
2996361784390
3070093753443
2875950239406
2221754562390
120886318956
1127927374632
2440340769412
52211569956
57679620284
16723009644
727177583090
312170760608
5714322783
520734867852
2035565286992
1835472243560
1955797301850
1713519641303
149768218544
687923292
100838915232
5788016155788
4904213071512
5605065214080
412750612904
2684511014508
393041625054
163796747070
321560607140
1785343560
1734270643245
286637018408
1416776538360
3900229018920
631139521572
161209266438
4782649249770
3156133162776
53045517460
793682499246
2636723065620
66285899680
12804097012
122927129990
286806751380
197261185194
15675575580
3219849418975
5986406864218
1799195821056
169797306888
1237692376052
833471054416
989680823970
966793869035
26299618700
39744737856
3497489432778
472203468402
1328681532240
29784084324
82021520100
705365065090
110030164370
3066843516
724836265362
1689437707650
5864666316
43908419620
795324656154
1055888322930
939846336103
104497764840
40362563670
68351198916
722005200116
1984977957660
19092020220
11064380197892
239653657540
1356982214230
347287667760
2537699140152
12063922822375
1488990755274
101851389144
496945632700
1019793515256
129972588692
209421437043
407308644810
906877488
5085291763020
5077622160
125030556795
169575688300
1945372923361
249917335224
1880284556390
1077449166
12009255650093
801179140620
30193925760
11968823489466
13406383735146
7282365552
1409736492508
1125151272168
1375121937420
10993273830
182726756692
6815876896310
1253127105585
95677221324
535397745876
7756529200
7036746611720
872152747140
22768919250
34735337100
1282897331040
990357870344
175827965040
407799720650
667285343340
19456420830
446053936518
5591717401364
7086394639730
21793307375
3317753070261
72234013236
9015931002
33232915800
3418360941210
224902532190
123891796978
3044929404644
429757411512
2244175217272
134405850800
1527967188
1479612180
10383429966
16543342230688
3762964258620
141189516
4872145096330
2036830849260
101289622875
28479766560
104334466668
713138464500
11429628509690
446598981920
845878444800
1099686609030
540121992120
1742281901143
278737248032
179558150720
5929475430522
23317456160
191728159026
611583313014
83747868408
4826066263110
56366327982
710762759980
1403999334705
20623023960
349954512180
14702387238470
326821067529
284137781196
9026707814810
14941195830
2799400115490
432753453315
729886590770
13717889041059
375988399092
646639409520
3164535590160
1055384787372
1438285047158
1274625458844
26067100080
1113886416180
9428888810
378998920062
13280432102154
2590060157920
967935561156
622312065492
12125838750
485356014864
630561159360
261221295648
23080921584
5725342508692
1245525343354
26906151718992
3656913331071
47530488600
18584547520
140506386240
4886219514813
2569896842072
290823800463
1236745422666
872775582172
4804786706274
2704820374396
22715475216
1616637664983
385842269360
162322948140
172633525170
1781103110080
41828084608
453471316200
630666747510
171513186663
11214256246996
2811230336190
2345196120681
5141579977098
16107587720
98692214544
35470250530
13529519910280
253778798040
1050651636650
410593355640
1292086067580
5154623984142
1559766760596
719504114922
1036649058640
5304396897590
603181200696
6963775500
498516683490
17593225650
2883731559576
581365755540
414395611308
95289933060
53336826752
360999297120
3691458948
634531629144
10558696314360
1136555684888
636590469144
6913862934372
539256741276
428331286680
135399318828
5345579592
2158485315880
5663140441476
13442658320
2271206663930
8009622399564
210473147430
26353613478
931222704300
4447175055730
523536732810
13324758913620
78833108508
71591774728
78415365225
167827834743
592844073348
3471683261442
17540457892
29263279650
2160171476910
387458491800
215280351562
76373363850
772969539552
12743912256
6149570674291
532939442454
282139750050
890184163236
2967314131080
169103376554
133921517763
551748835680
206218797784
671251030164
150177306300
3132428613600
74643417746
8297972351300
1109938278630
2283815071272
8909851830
9531440902104
8857290271269
4636069141554
10285820620600
1172250239678
3383385644065
2177433040385
1420810296675
59012121942
1996803041178
2024377885972
218089260936
815971233218
341303888310
25338321360
3380419479045
1313616381726
232580402010
50013500880
2916520726350
2183667850
969955039270
791443570554
11050378285394
232655967720
960044250780
616560740712
118692234140
3575507833408
54035027460
117321499026
96157156314
2991220122450
9484660614612
2002134742740
22194440640
38326979400
3627374817234
3613287631538
165828577782
257434909164
258982156500
2341701099896
245175740320
1387405578480
1920176761095
140450982012
201265764648
7805314506288
62847919750
6052829381963
4587772094686
5651098878054
16046051190
1077874532070
1081794970386
7730304338472
3526873901512
681138754656
1934878425102
840201010320
1067913378550
426298548060
376775057300
97532387316
536941167036
1097872740
880326053040
1883021634780
135254882700
1918436502510
222919845780
488541833136
11346456750284
2868838706734
6799873250292
1249478716780
1519513103088
1151917381010
91749910460
95455525934
1595999785380
159842584134
30672914160
8473982562240
3578982470964
455147735848
7227156340670
247509795604
733315260483
15907657500
4786657071270
138984062980
446235408520
512624267220
746832631230
3909138418712
1514977764168
37228337010
10515050189130
347090348904
718757124460
607914004130
29670985868
1944813847032
6076141070865
50708166340
21008136668
232735084
803979903720
767718389988
1818654421950
2843444240
26718475728
324323342225
16042283325
46415253500
411601720686
1573536689880
897927840
1840758667548
181642020120
7931358
631578968280
38510660376
1314573396967
8356144859150
63874731052
676191508080
485254332225
54113008098
6697014918
1582427074174
612798865275
305964488712
844311020130
245792899152
2611232248716
5772094490
1792410918270
972156302348
1047837769930
1038295440
3446463006
101976682860
99149905120
224906959200
1141971831
7368504933084
1078999960104
1336411635912
41126481576
221366174712
905372308750
754311992148
26760695798
1409113365776
1537270130940
578881778776
174362543358
846071470
150929050560
304908164400
4687088838780
47586962508
527168928672
1349203819860
4154745722220
22060825427472
267180682901
612166566
309693377196
650745277464
331825624585
464185700604
13572888000
100104177358
6873732896
392486630292
30843075582
261110961540
639311070622
529407341510
80703108
492142495656
733810435020
19592429388
1595478236790
530452800208
321532487640
51278878872
93209450640
6537503216546
34136425712
68572234848
3318743039352
230402099880
1539598172310
737175721920
1612541066356
18545066100
822490499512
496777764735
2477296479640
1050052146590
208570731180
6023273296998
1621202856
160899820510
4119206902744
3015546905632
486508068180
2774179042194
364101849142
567788736270
1008594596814
1866242531280
4697940690
158103397170
3669090154251
3593431072
18123481584
399284232333
1187368092795
222348488712
944757987656
342952369032
2208165654093
894429640590
270491436144
3239583516666
101681809020
4428174689904
15758569011798
1294026677208
2810734364340
710975902545
3063983298810
46197123960
25255207829170
1276802984028
1122040983237
11120715684
14850299240
555814683216
297923013720
1092141552250
204474489240
1020069601800
709200656010
1494330004787
637264677329
808760870880
9924736740334
136878034020
8791000330904
11308475880
370048260120
7752835563900
15979436221035
208175726458
1484872637682
7740998233020
51056781000
5453936148435
63164724480
1850934888
222449163300
2333445845454
84504171466
184416626160
3683894439156
167001138
5675148113388
892563265440
383776633800
19727920352
1542759426572
649815098958
13176473316940
1812629715806
18729802236805
183885372216
4373474685762
20968028432450
1628254275570
2865103423380
109078310394
150607137591
467131656069
492365770468
58063405680
1873293640746
255695585300
952976514654
97094855000
303123956322
638847053788
2968227467852
2275378224930
135957117420
54442758384
7412736612288
1728997545429
124908753716
225346943952
303466764690
8410356668582
274804842
61095033160
438402257760
20929207574970
2189032147740
72787427920
7418509568246
62040917100
10753788932
557237162376
413114736264
617055670512
2777164627380
208340793724
149517214014
27385679640
911052416536
546235844658
12055831095
124741332310
859391648610
13749600060
230443780905
2085642622128
1082862600716
5354543983750
8743820192250
1436613571590
138654061650
40123542960
3303199113270
2484066482100
3636109165416
5509256814012
686814563124
372757297920
894804441348
143058394080
996351940320
79313726040
682731371691
2772022212700
698354770421
6109297691770
2941966023780
3264959456460
1653969369686
313443889110
324196554150
1045391664560
31576024950
195209728
40881111726
5168532255588
535347093806
179144753620
6320167180548
859706531820
1201035261800
35663100200
38743315932
3888595582092
171636586528
6320990832443
654833322
3794161347990
310929665997
991528429086
8335821194282
399616898000
8704358100090
579164288620
1484763665658
18913072991190
15419771949532
3494190515250
508736813196
2638690640586
122637999252
4066465018356
4199977066236
9787014720
14895016444
429606331285
5616926600
2508397870140
3104990216796
340406942238
19201495950
740260347822
539451286451
126544095390
11129817930
236699452668
147986130600
1247742098100
370776490641
88074456600
547219299480
106629318735
4876062187594
57574044450
10845783816875
190522400035
1405926215628
620621884386
2038193712804
756762124020
2577174965379
400202189562
4213362416496
1125582582516
12479707874661
16550190414023
361124283858
230743621026
537007493960
343468907190
69663696570
1211660349438
745103995350
927724857786
2096859559116
117896212335
2551191396
333424448490
578833096114
1588043766162
278791869720
8040000809574
3199009266090
294943992915
547101313087
3261934290
73397663010
1712702072760
4052199589188
3971523638214
2400351185378
38633574300
26582645880
1972265525124
797186409942
15377203980666
233692831806
75317862456
463882726968
2550075634330
23564210276
16803386199
186929432040
627732662172
71356609215
401900374134
2153190209170
31066815036
2194525410
2343796592700
1416119408058
278242549200
4430094504540
12870035636970
4351988686500
904415923710
2850625957896
3235114512
4720114386980
175414609104
9224752612372
65036941356
753336748824
217801301199
196684500012
26500325242
9905322440
215804276400
2866156636320
388180415700
167745115860
190924208520
4325276340
3011961372768
76059855412
72215972640
2608871027569
943104601698
5406556094142
102245911744
15019228980
3817675206
2099380018914
9615475422960
10702282358544
622392492680
164159918736
52191370910
4414253008230
532423586232
1859483346
34059755040
2779832568282
186874334128
89705615120
326255558220
2615345385218
758773230450
1143486801016
1128848039760
24039267780
135153689895
1195005036540
7153536206180
161436552480
1404030682670
3721038866370
4839775635132
739486940634
1729141674260
933039922080
2113493966300
81016621210
951618932550
636988233600
49525213680
33428635310
1118697693542
804229946190
8485311486876
2968860384072
112414267080
143493043200
14362653857370
116401603584
3219287314811
1119162880765
334435002636
346612793580
126799461138
5001927889200
9844825095699
1424555863695
5500147908941
1149285436212
191512798988
1078875104940
837842437956
40988525314
2775676992
1597605766428
2345420670
743521431006
5467815885756
82194736296
6941721495478
1284253644150
338559105552
231297139404
987511360576
364310200980
2239436625400
1677580740
9776221416
615926727150
18501949830
1847013092860
68006473600
1574633102280
1230636691200
48053382300
24423643530
1487151151122
189877900740
30060513520380
287457952404
368996469930
7798769403450
1842298445
241384860080
6979330602420
4035992959340
1997967399198
1081862065944
1345762924440
556470902380
627021161520
49073616900
2497372132365
2346089460
225029568140
3200994413340
207994420650
44672142242
4674895104033
77323731600
2068326882560
17564434214250
331940861574
4766964479970
132084503460
216053890954
550103538348
4413428283660
8275529976
64966136068
73703145606
4518570296240
13293956775
3184266342348
356178197700
576834893928
537394100964
465539397840
920982205920
2035132620696
108298304374
204765156030
43499120847
2483162502249
7189413817200
3195712592696
366002318000
467749445268
112244783322
105026851800
2217311049408
170385947790
103321754228
3751966860400
6699687622538
2244045636729
1166532105363
9198024298752
338212954860
9413975392712
1325786339339
1870368112785
1028478647592
1726117127658
15959375275525
537566139550
2321087012115
318655029880
31627124280
236721087460
105012782622
86400770941
2245136568862
29496241098
255576475
861875628948
46134789120
6675367852
4132858950
13403282568
1598888319360
332891712036
1447842843675
1886389274
126489994148
1408637636640
552170374672
80705575580
3047285092740
688994385362
48946606572
56029865280
517560977850
7140821760
977115084561
289702090770
4741254785092
2340823756530
528398501100
3900328133205
12866420024320
39453506568
603194862829
1080124122228
1035750367196
264746204658
146153069802
2334031797
2339210790
2536321899552
941029347300
102425613080
689915156420
5036160373212
879030706788
3530683820070
5982772195260
2204875614270
820193823888
718256968156
101095891106
13859285496
43871161422
5388964596144
3890477961930
6748122731856
362172710088
8710016516450
196718573226
6537775213662
180351887436
20179755244350
573813603506
1155254094855
312937312360
26330653965
2751988851312
12057317310115
904119317420
1211823959610
11908235331772
3554863510275
14611717711503
2842012394514
1533791120930
5931483450240
84139651920
7623818187770
2808528093071
2124307318224
2600039730610
2043389406878
398673865866
536577451592
51055931320
1609357929728
20534383268
1224830932794
111578278240
1209862800
4794815830662
103120124640
295575714980
2512628075232
1775407875896
5786630827560
300831627162
491599872544
2553978661296
1039970910888
140886550260
4732240588400
107889779550
4212980616
2938490698542
375652133307
1953553895079
192622515540
152853380496
792233522268
20888660374
874157996476
5554990961518
6624620013830
483865091820
1258062381330
39140804692
1162798192332
292551028047
785044723155
774639675400
1883090014085
147987316400
362972276745
426408247920
838396226080
683224357648
1974537810
1331413870900
296207730720
2439065549975
1446002763040
343480783140
543250525972
1093936507950
34006637718
233527939680
120449810808
566592377454
251815690797
417654653260
1618206322740
2729634541570
484595764518
3089856081700
151796456240
499969447824
424080944903
89561668482
6231215136990
2214252948264
281896521270
4805032751580
197931967552
1006310531988
1644626368
24116373629010
5508380202990
23361629550
138365161962
863512168260
4130388596736
35098524570
1848258417210
593141158545
641486052
1022104397370
15635993280
524540101020
1260755411646
210343966140
80681381820
655952673195
22067556824436
15810955281
69517402350
609496574544
241704418900
16558603600561
216853187764
99163240020
281233801380
558905283052
6350228104
4013055555144
3881844845896
466000893008
178733978880
584692511250
432377715560
996168910380
6780014374770
1996007443440
1189279769382
3591524232153
23741315520
5751649171866
329754408830
11077458812
3598906807648
258150824100
9440779798185
11588891239914
1664139972000
125978580
581786776820
421675352868
4771844970120
19696616940
9680731063605
2281211644842
3525403844988
326946734100
83516618880
1187964687
2339494465080
3755210441760
590647478208
6712202220
28908113936
64604850252
377541060468
2637509137326
253844983140
720316845270
1089758729610
4766882268227
482210324904
6116796156250
4988862491310
1285323401080
12332970657
2225387401776
977551885800
16074584289875
26964083120
53149837590
1607884920
3095937469680
385950096
674902229040
153821535
1186110426720
11453284467240
26936683515
4573525892
17647840980
793114625724
4013153662518
1055724466320
651509045694
50096417140
1520705084378
276958109736
436185129780
574212449190
3521103042834
30263735600
5989065615936
2696728860
2546853556323
1187447500344
106729579180
72317303064
2405476915101
1726370404248
2821644397992
11879608143690
243409886460
63093020168
6380150611920
19667849184
41603850695
2751213001416
11542822704
402729922854
11320092764484
24715939166490
138724004520
845178893160
612821950
2441658092118
24157131920
108769951224
797054328
338772359614
151980957744
312721499244
153157887324
1819693443204
15960598140
21387006144
313517235240
570233129200
169707888812
650369740760
1532444744640
251542720
368286905504
5865752413400
150248867340
74193762984
612341089542
78708326656
2625896234052
7614760910247
3505730474226
441124274028
377913397356
47355152460
4863573623535
178202048475
1278650716
6124369441690
7936564639550
621056033730
16262481582
1814257262055
1235917340520
3919527195915
16921156611510
13979638602138
1341291113022
71275777311
8306947372240
1336968990768
2655843670164
9952131020962
2623472626830
2239671616
6980126136102
103686095368
3657476720796
745765512758
225514975980
11238328009834
101859884412
8351048800836
75207849290
835988160
4520205696325
3147218053650
1098378789381
29587531248
215524347360
2095508011212
40652192210
68751424038
392214052815
896091499512
54491017920
962932197150
254304835200
2134850718
1024166252413
15493330200780
3316087440120
4811481486672
695577936900
346738078557
2421207762040
3438607297590
9708859148065
1066013285314
10597141550202
2474491044240
90447840
316390576800
31308695320
3920596836
739056137235
1182190423582
39954850740
821670697680
3723590174898
853058723250
55081206675
166995826500
3328305507408
236949367660
2260183154334
4083416964504
5321132670
3750614970696
5669602306200
660185456392
162298426148
58558429160
420363021408
539984204130
320381056800
51262319500
1836632389728
7036013509546
204384282960
1556535435624
348482618880
1181622049482
2463032513340
9904109870
20023795018560
22121023320
387527018406
672463709412
1329765923045
6513007553960
29861449060
333350237682
11206439206571
71455086320
2659267924026
474404499720
12516615180
15101734032
1384312967843
6018906344256
1459824606564
2004719559150
1095256454250
18188068626
1334630654994
21786870600
134343434260
3510850579704
13870818673998
2334468879720
663300961596
92227030560
300393723606
571313898762
1125455123364
85545022640
72185056782
17711630934
174326413422
156124244444
547931691632
729749044134
149735925950
1086540194145
790712914800
44907936015
394835645280
26241593760
83067360354
12526357573980
10081343610048
8730223248660
1889286286536
1461781200
4433716638624
143139181590
174532288
1172788925688
8288285910
192439256100
1090550417880
2000404075800
421989402513
32057503380
1651435108092
3851065170498
38731859820
5197614684545
287719651890
3267940197867
97420698144
230091630496
67832033676
22701846531
309175062570
2072350035096
2447253925620
2647128246
381135026692
764516340
5924416959461
5588306856
4697948515084
297142304613
2894159986068
110449685736
2535320684920
1032918427411
1937211211560
94190339740
3897597909042
1447596552465
1517711412266
478791617430
401341851615
70652967770
1391066103960
3418039683744
324413104650
13064697041835
2148829860060
653268586068
92995795056
3599955630
149028674058
238558970832
242373007860
724969439040
895979327130
199178914584
47023612428
2236123964129
235268549832
2839679903772
3929704611392
5306751384312
3389987888
30711958530
2910515639060
1985200366128
8913997737710
238861124280
708518089590
756395551095
746529920080
15822217292
685434195504
6927017553666
217274784302
24227025894162
92873777040
9453142016712
76061400842
172054683350
13474582940
1318646020428
2149862269333
18948203828774
4492542972450
258708566025
7840349238280
641846334900
198140974990
3494850718408
36078417672
155122757982
686789277735
9190236285
228057847704
109866484317
2283812598298
39879646180
44084095160
2383361045280
2156741826954
11137728227795
63374877150
1713967767606
1884704930540
121459246520
9842148470
63528497175
9789957090757
1550772580630
1828672978080
203750534760
2571796908
1904092990800
1225318436397
497338946580
254217744
31274667270
11031691233780
7540832693420
445030929460
184193310600
130936247820
769257454752
2307284784
308424127823
2478634026044
13436660215383
18354500996
296490200
133747859172
226549206396
1016660630466
599109117406
806402732960
5446080399333
2924805182340
4588457369650
1960710835065
5092010473086
2999787313078
3704282646792
132745028390
72258979130
7705534921608
130938605895
23090768262
79126716114
321158010044
107969846595
47239274040
7168513408
8033090250528
4779047159850
1453894440
2608872463228
51203209680
336466513530
2046645350460
93550891126
11332606230
658899817916
2845929906
527056255975
2471017590372
3203130650265
842743083784
10579299864
861971984868
3657161244
698170545960
1309471514010
1203240306120
2391844770
13433360220
8176957056
2284878483825
268201879140
11262512988538
3653141849784
1297588635072
318827308926
222929744956
611327601392
55131778945
854437085040
64025191440
232545029220
11707204174890
1362252700620
10018783350870
157628159040
1155902022594
1364664955464
27468157782
9337272220380
759018550780
2064702055395
918458074700
7807195270460
2571608266920
52709430354
446091154846
213056014992
340586338765
374411348640
718116452764
6397285602279
1958090005368
46586315160
2064419907352
59358909680
568378948676
188637271215
9433975560
251155883628
5275270148830
2052386368266
2224192151272
783448806756
85881810784
34922966601
3819216973905
2300560398590
6425920926450
26782140000
7940751020280
292101021606
174331668280
6262072960
185448871125
150628373070
107121126
179905714144
3252113450292
857817591480
18235447280778
4653585445470
3128240581158
7938140031523
6330525609782
1319401035720
82270424280
63146469600
4871013254530
1603879550
1482299622284
448056618776
1788128524455
1054109537460
508291101098
12425115272720
181420426320
535398942918
1570502740
2090525801004
1775323902
250809383088
89363654523
42842768716
36455277870
13417177600356
2318932132704
9738745909830
824384872710
5970142101
5735142328344
22804911668
1000248802355
771250375420
3262761078590
91943334720
253779417991
14956490332
84565061469
2821423456332
2269965577035
2918525400
562924960728
12714074656875
8135141554905
827173503120
439508104670
12029796756180
362659583126
23931971740
882254832690
3940181009160
6640061130
44839386269
9971925376344
246045209166
2321665774713
3011914652550
2110154529648
3391255623318
35162526016
2405762069550
2649133060155
454426728980
7464824392389
1934631713716
33573812580
608868590769
4888386488258
111848547360
104112059900
4409689595220
1712415719480
1628732630896
64487650700
5435486186032
2330674490650
33093444105
242887932072
2439219105996
2954560836480
1563191474016
1519334040954
7721072812810
1179249998640
15317852936750
96828822354
33993803340
2168988155273
3895633392330
115881921918
223295557400
48313504356
22682396225544
1894225493390
2527346440710
83546352400
34168554
88640288100
539492829700
397862158554
277063375380
4031778761010
180377892225
232450302565
11569688130
1735312577264
519131660040
632388588
180090767010
195728005440
5492830675080
1158469427492
15176062569445
628894413680
128112505560
951579720
3189153880846
3697862616
29210190180
2829200361832
984806186742
351004194450
18269189862360
272559856692
4521977228312
2354143332996
4277223111480
4355485303365
53517988776
3610943792052
8561797452704
225566894280
11949281608236
13176726036690
710396437080
3578577145728
7243437201
64496560590
279954781464
850141395924
1087782261501
7215576900
1744734221540
786002204526
2286742933944
107299286640
84743249
31374347436
694861919928
3325625153564
2523542424
1679128443080
4543788329616
152754066864
166563512730
3171367363080
1583298192808
7569956100
2002803660
1418097580520
426154060320
8662179421952
482432055315
153369514848
140841304758
110666062539
14758484663556
696035586974
3421102913943
97164868492
4692854250
2763382113606
5494020492282
43429654700
39188981568
48043519092
736496400218
304946141100
571353742974
1164251678408
2754000151980
4858679572005
3175879164840
573325217932
11819463300
117868151670
2565315438114
311019439995
1082522733642
386361148800
4861332049222
18490517677
1228062358488
687638702060
308194576848
6063078684124
785489215920
237841336320
1024411723452
214060527564
3068043237536
88375048650
611547300
1029290563488
4953997487236
4097457523588
138677693925
1885602216288
1044896300448
4453693327410
907868007534
809534034788
202784531190
535159911470
894081230790
3255439111760
3558436250144
402302706702
13647557508
99607042260
1431398514744
5676625223736
282069241740
302442192390
322202850450
541044503454
3232583862126
53511775408
383933979924
1172743902786
2459616353160
7290255093590
6740705436790
533265818304
5094243412356
10070149624392
10228311450
17143004016660
614582184944
6980110333297
101541806910
1043671509634
517424649700
15802411845
17414960640
19185746580
633233492280
1068304730688
1397984908425
5040800755398
7578513743115
323639182488
13154673390933
169194816
14012802900
10086079882670
187058645050
5297671615530
14591818866660
197882016480
45284095440
611571833940
409897844760
2914300811864
19945793286
8013551400855
371798590530
48839283300
786079239156
142243552141
5431744560462
4612629084135
2370810780
1846726420
3986170063486
60457832040
9537945417
1851601653316
1261885806000
59382685635
322495528264
8691613625184
7646346168
11973299520
569867338278
773623485450
1134142584420
397694522547
117221550928
88699889376
2640128309060
2125028701520
467932608
44285550120
2604441606690
22669634988
19520686597160
6278997433290
1456763468160
1125768324042
2504716542960
62277178698
1799672943750
21321810914820
243028906278
33616655100
812833858375
72818337984
2279633396040
9509276370
4096213813664
31358092860
2715366400759
513875186468
473571210
3032018508428
173894145120
113656834956
1175033850900
1764542882700
334556254610
29850857988926
106479287733
886710667920
1223449135340
9874294050280
100567172160
313582889880
24220504980
4110235058499
3327922844679
176579796456
1772526600
3710979228030
111542693184
3502377060
7134110712
242898363904
586968056788
3355178884607
1541055073272
11122193308980
2060489820652
17315080380
1365988171716
184189112146
21449501424
3206892832398
251945887455
33965015940
207923590966
5020869271901
649527978720
9170364285378
5872363210386
2866252494014
526829305020
12056965650
3617973630767
6831316571024
12559266584
698978010500
530248674774
13292905472
7283459641080
18376304100
28750669542
516275738835
30354250632
530243328
41200460280
621996909222
331060529068
973067900805
2718037575
9316462320
115924227243
40915788438
1694041066200
4417009744400
807273564378
48790783951
2670299309392
498536816050
2903009706
29807449920
1719921165312
7756452263590
734038487970
2433421473084
6131695713584
5060044986955
304122936180
286771981790
67270718020
209261340864
4352806645779
352670249484
5942810917056
606019869364
223065897840
1085591472966
501637621188
5058331300
2593273480
35925335160
1165641509490
3933053280
10048489514552
1137702480
102181556280
103716961572
1942427438490
129653050557
44347249674
17214405028638
142975475672
1166373964580
4494282156852
871470330247
405434640604
19452249792
8978400220416
51164508864
394738199856
2971790186505
119231872320
5174920674
1184422414338
53968567456
1605167494975
2410256160
333896095092
1610737874952
51895272186
5309870426
1645371363440
6260719242260
2787011985772
11067386611312
341056113636
1206283971555
3047777869864
42058304400
268616516448
195221365150
4030648735685
2876178060
883591723560
3630383562330
4222310704980
2947963224310
6330261982198
1529673208560
658125600732
7943179330
2703141234820
5171402087940
103293707594
139153138410
81235951764
123857082591
5307320464842
3854297684370
9902980320
472295565
7045955692230
150293044440
419554452240
511206492030
3200734265436
1608632248080
7675804368
1034018650060
5639258281140
19311292090524
5567196770238
186577910040
1479518018220
56497701810
12590256122760
23787032400
62910090474
798176286960
3859517646651
1871548108485
15218815920
590891650965
100561072912
6199267095252
1375473460164
7683584400
10033437390956
35161684050
765263178666
138175988730
42006571800
846152665392
174293114220
311509849560
193656549240
4939565035548
53293244970
7014750891270
388112479972
409336918494
1163179800892
180573507270
59857179720
432057218780
2191954461840
186669801918
2908637189040
10791763124142
2932703550
11297060130520
2077638139452
776503084476
62773943141
8918738805
3256013880140
853595793612
19937778300
1029635211130
6986123294540
1965039195402
6606078324587
826272481776
3741416396542
142325579712
12307349252692
7925050463544
1142117250560
2311022803735
20674536162
11879938080
1815452598456
145354443465
1275371014803
113546625990
526989656974
1221076197040
2729200341180
175964912438
3176493007842
2321518643164
559057943856
127814765265
2917742830128
62482606473
386800602
3505361885844
1055222466792
114272811576
156560841045
154738277625
5192383639104
661063295760
3810231506450
14365532610
5126169128670
2089436044200
378919231740
528455223800
6493071931647
4399716400269
704546496060
7522727444440
543975798205
3668708400
269970690990
20105386532
2231193077462
22775164399800
5118985051713
18745564104
60490601196
318327205668
3503876156640
15208508238
39241043820
19564492185
333229251649
698805708480
2252258624
88412031444
907595347035
4182499062104
54332751858
460471948230
182443741317
184623484122
2287861098450
656400915976
1209326200665
1195018083490
166980300630
2807628600
4216865792720
62347343058
7685389265490
762686075650
20823663840
2543180947350
333410451396
33594913170
1396060380
8982900987900
5920862792236
2303978595798
473920482820
228651491466
9643098633179
120452169492
3085216114824
3193148393180
2530950124365
1850524501599
1225781280
1309309362540
768747409620
1657612638480
12974066283478
1810168743684
2280292679762
482480289610
3690290330532
4939268209260
240602569900
3088171464966
477534965680
2162234665599
102502503780
695605117368
3895337084586
366495121776
17435164500
1533263205650
26768323536
57010472420
134495392680
15737381660
3353679203168
6766390485
1206883739788
5959902257188
9205057141940
3120101465970
4643815898400
8007965994868
1443481000
108317560536
467449735350
2677527633342
353006004960
713375372180
1054133321172
213845366932
221179611900
2388443481926
2172563279826
1140300810
8876572551436
686185301340
1423961584584
1087889639550
54942210576
169282249059
614950720020
48973117480
2138711649984
688800441550
13009845629095
26395687428
203175015732
620592190626
2339320254390
6236277571962
3066152396214
746019933294
14039579078
161199087896
1185521723246
8762151261816
790688474910
37882925528
27336622716
6085012200
1677536793944
2838732600
1045520051060
1154649976144
117048429680
1560664264460
791933569350
34218301104
466107498936
12277440924980
10602313500
232391267640
11614177152678
16292125978245
67287983616
181076678937
8860165800308
223076445204
1391308113580
4275967470151
2680039359954
527708118090
1206787037379
6857228988
66110067112
185759736624
2749165597510
4502118125284
179919103824
66849961290
338064364190
156201312
9450916840770
8004397017960
5510984808
373656922065
7392367849452
17545794262850
7557742390
193439106000
21483304668
358606500
345244713030
38836317915
443276733996
4855986146656
308969191326
4897944383416
2168237450808
5806175242030
119090127000
2646786464630
6710584920
24782701545624
526371598040
871427187624
52739529262
879218905756
7177818924045
13938055300
3499659386620
3387048840
497616476958
213077926190
20114648658
571238752588
908930182340
1895311853040
4552399049970
2866901814800
111472314390
2168404952700
322205583810
489969340380
5342140022100
68917957944
14806778944260
27490655349
28969833750
4289858453682
550123005600
1841746155102
3396363879690
333772529400
1533827931812
169004080500
32266964730
284222509200
1467561480
65456858922
475871749176
2930017200
3245938569720
1405006806060
2412759492
344368127278
1775302320
618070404721
20335678902
96518168320
514206490112
830896840206
486850563780
3277971281985
174723149916
3517312438066
133383577320
38213688426
110903212728
1336651680
9237182412
234802335870
5026721420472
127164397360
5070508051942
2880635019052
551508773130
3885674880
1334876312
138735246870
443495678710
33598311686
15935873662695
3509426030275
64153223680
1023500994416
12960127620
69458193252
14179439274
113992547560
123333210495
1304315674896
40402451220
17485076070
200314764720
2472130335714
40797040464
275457893568
12567937998
588285352920
3256843170
9993098595048
1448257627635
555991499140
2024665509468
2636572857856
362585036450
4450385704800
5781708149966
68860504100
1382949786421
353603030040
237249140720
2973645441996
121193817582
4667812637492
790939773624
5061511535178
2908444539
1575960469190
469234723806
3223917023912
286956872920
3293919799530
554848907520
24319222452
112975515600
112434874266
4260414132
626218196318
511628239668
278744671200
10914458480
18681564772728
2110679429975
3361190969892
15645046248
1748252638104
292729182984
1864253790030
306867436680
616464377412
2401528380650
7117432647501
996387755748
641294378640
3829831656512
578225399466
949982678708
722354477280
29211973776
351439471836
13579505719448
15466982670
775996834446
185396151654
3286687800
438644150560
555254867820
2028058257930
1139941842450
103555930032
5087089296470
6333264587763
57684021252
177442986720
318945974820
530773691280
124776321222
1218444327330
1628452025954
948588872328
4581109801686
2719875349128
3575856058950
145717419830
6967518402394
438611825050
1391749122624
104297839140
172404050670
80059980
168357468006
611248298960
53813950540
11219877900
397237190460
144916023948
406575748425
7652768205646
11246780924896
254268748842
55475278560
41558926955
10480512
5677591039768
182061994764
546527732652
771785400372
337929558712
151310718042
111737853540
26339065200
1894261897878
1095888419478
118565283222
130171251882
754819946034
20448272988
716811352614
41236502160
5486781695526
856705184550
8419271070
3471254665164
37414428024
3907066903080
646657634420
661646502300
141096120308
303746264388
1796175872340
1219611965
148871554624
950031264
198390710700
573598264470
2643090081112
6551627742
1400520431800
1069835348400
10858007460
156280299435
96928521480
89817000
571736076576
7772548320
10910685028845
340075655790
10031335944
799390691369
2288479768267
54724541475
2757550135215
1786638935048
4033965744950
7635602218101
379123428068
104703408
952400735220
1285620556598
2858506186228
230466869712
254905938560
11874652784780
96080539320
33790787550
940735269432
30811799124
3786498061768
776069332432
1442043273280
354671915892
5114470426100
507613826622
2128584940420
131299083234
171091393200
2840459104968
9120352688194
17373570129015
10633548900
20203973676
4252658590544
184046268870
957602550060
952436204320
2289009686
84068082558
7053011348452
5699012795604
648674459934
877418882340
18285377869000
1221214942320
187682807130
426288354372
31109805078
40820771008
1913720402783
235941485040
2160246149502
19440292674
3863604717414
4178687909890
6691303190
235816275030
398507480646
461287687708
3066613901793
13428569280
2924225817608
11461889870865
1596545833520
46298679795
54889168695
639714047695
1373656338
36347857602
3374291382540
1307323952298
2984123498375
229453840770
3901023073143
3855659552780
450487937256
246137158080
18864957272
1746407857320
2878623126642
12297515260580
16785403531188
4089344911336
2565627109020
8731020054
312270268100
25407458100
482467457772
73631918250
68545503276
327839777390
644146570452
1754806098410
9024656124042
368168621982
2679064439100
2403110252092
1052638349490
4959916437148
141012648900
439009058838
181098224274
933043406550
1257370494978
9084655710
119476327278
312638642638
13941521074
4976705032542
18965086362
854639896440
334355402926
345806437770
889163560926
2844305856150
3641429521389
6937800540
892873981440
424850821780
499228358340
5434695891606
1979456798440
612345625080
526293138640
7739141268870
675978229080
15984113280
619138811357
7374291144
274116870720
265175492400
401253637104
3283836856036
23351233460
543911300320
332385980160
2410745400
1392029438415
13912120170
6291706120
1149130944
5421606912960
352122813540
33235748910
13895544657228
71217903240
1177291049220
983971858296
921510892008
1385460807040
556275542130
60664048890
1102190489304
1143263583336
5386898025490
2983878948862
3529569386700
602833742820
64163026032
5893612542030
410853437736
987229073904
12984590464615
3254661142538
257581632
399373497000
5263929440
2835444853160
110621658840
330508605735
3003290134700
5996527635
247696596640
1351005751962
424637612190
130271930880
192972000186
4575829806644
1870264140540
1348135149816
28539960813
1523020094400
8157211196178
1234552583992
26526607320
126330918588
256985353680
13400989262580
3747341700564
481374657812
897658371960
740828464904
297089047236
5102231340
2266079439558
179809982652
417439104
402478951080
2289543040
261059956920
135397980375
7177208979316
8426241360208
661533653410
1117179633060
14976988680
20184694660
721908665316
45466259058
4832062977060
4485532803934
856396011390
7869660052072
1451453335010
46841169800
1164708091260
681424150134
5685286484262
150773838933
6300763235644
7159534523544
794464411125
3346680719980
2298806854188
528398717049
17303667720938
1090860968100
433918398270
1388181355806
358685972022
72820224334
59389868196
5182656350820
260905547924
1187546328774
2369249967634
2197851978252
12880249210
200396698820
3132107342988
1846994150508
576796782110
781992225460
194610366090
625256135322
174663427386
3034812850134
1058937621752
204678430440
149389008120
12244760408
130725498640
7923384568
4202603693352
8610258804
10122217140
170324284380
5439468802554
28636201593
1761273765368
427462184280
1263317118888
367237860000
3505096302877
38130161220
1305441519144
50687312046
590459106600
579866441220
632772096
1741360084230
1988633502405
3010111849991
58896957168
983924130
313437288936
59684869460
281676952440
5051516514750
60478242052
62935400495
218104718832
184582625120
197551107930
78311864232
4523994919665
24315143013
810163878420
58185883100
452375731488
82657109826
1905242436580
297408674486
75635800672
4888671118230
2821630812
10912279259244
10859162406690
1062466166736
146556899832
2743087895679
274129635745
455663002102
4458177105525
2303731548594
64460951412
603174703048
65865412890
939986674050
24943233620
1326109312242
1005086865164
851804741480
56623471674
1392810008025
61100369655
4535574573750
4058792619952
16054342920
1301943451545
6099173908730
902131728784
812113130960
365263690704
4881140485266
12132455231570
38601965598
699610786077
19253580936
147212961696
2351507992680
144727175112
762881859552
22583454606
25276902420
35562094230
3380379951096
191703687084
281831754788
61465124697
24110205308
1394741476126
4127030177608
29110842270
2416937921164
19116352101
1725087834470
2537000924094
1847742435
138697393836
3456099393678
1048912729280
67549579050
222962324100
51392177208
539702855505
1303570732156
1222950826920
4314270984930
204383847500
120520619136
16207132496490
1002343025168
960823134290
34485003300
1016484420722
2259761706114
28668647850
124431571264
322599412560
375629494350
607755865620
148792817982
806347241700
615109501050
2429325279648
173803049322
143037267750
81298528500
1060185435456
71020052400
694598462175
75499673634
3579159080560
1215411824740
114412927482
15044357525860
7199312806411
61128224640
5508692904
1737947213574
77274592812
39898003800
984037368972
2266192048848
588449102120
2150811332112
60165339444
4538199468
190458891480
8685381600
9471673177685
946954378485
84468136480
4585588867450
463922537484
624508400025
640869875360
80661820932
23336862041493
1302193045804
76376007474
54834582222
341848269070
1189795479152
3791849447100
2229530069606
47921859024
645512037516
2374806463548
1012326523530
74749928
809521772012
320672463930
1811665918500
694894266440
27180879180
346747631792
419443960380
8769502560
5678163314859
4637023162974
47021346120
4843019767770
7563930756
2556848628642
7729981600
118304415216
139602849300
178180253316
1540025236260
7058782640490
165252157545
52197705504
953886150
165860851728
1804926369330
54913834656
67280254938
2231273279760
1501013859312
111738858870
1311307316455
1867984271982
2070737130
203693785668
226557246399
12757172532
69859667400
368017063659
4357309278358
1399485546390
3474826670
8411486725260
471184704360
707595273840
1514315752638
48293373730
5489131128
538649182695
2176196809309
1768856581596
736822620204
1221126270
262137859896
222987541900
4753240252140
248859578640
1075205588990
9933567840
3217122309443
5980350069615
397482298848
620309927636
1164755854350
1408677526300
41750147040
3522024835515
35398978097
69199819260
413150014670
7952175966095
72239999784
890834982498
47421096828
16126316694180
3976323202500
4196066969073
2759934282
63342282960
78186461670
13145681421670
1683083259309
729641921008
741005332920
1333485458370
493501900332
676734557772
3729024264
1278894738
636239478460
390741794226
1532566835800
3570948317640
169509015360
1743575904
3219008982516
6339194122
6671319232144
4686412205370
13996471914
1295316731280
23380048175
440133755880
1129201090
3708901432500
4318540302828
7373817250
144456332328
840254659980
4690593879660
3219900961980
163982406910
8025129814530
5223224705748
22869685176
860010228636
46790123466
362392991004
32649512688
1034031760030
890191075428
10079041184352
2241604301160
5450715327980
6007030890420
1185329985840
480356213076
106847909480
54174279570
3956608515048
34854648990
51619397856
491682654309
50705526248
36164500710
1154948970480
4337282409936
20081951544
2184484846713
101175007562
350026512
17973981408
99913780890
663946642590
2021273620976
46900389984
307328406605
420181290
441493865310
295029098820
87379411656
13662205990230
669676556763
281817249000
4731169461018
8804555501152
47342200610
4887542558360
164255569920
1606968908280
654725187543
16199649518468
82899284104
1933350345210
8329440805413
116437781980
6445165253790
18364415755
35439792206
1589793103290
2401196044092
703508594460
370901370816
1167925036580
29754993840
23938762752
135782972115
1478149489300
464564158500
4265833221250
1184390200
161654686830
32002950
54495702130
2572832276693
14923128266112
4664263493142
240887551842
1073893929108
5441846484360
12522434243
23652195510
7098705703804
3099094180
2026183560
131525575900
2094197736615
3483123997683
3356635800288
91289228520
563948147100
527529053070
32358861072
1555295976990
79493700
16454602124
11976410600
2445931451004
3815678356680
852377471302
1799679840728
306354897864
4278730858248
382026802080
439345139310
41438768880
1613727489000
814829981160
23269597730
72426701196
1871079435618
161944953300
45642521960
48693312240
914286780
6248619781110
2688331107176
10807813084926
1124878264900
165976486665
49868226930
1851552738060
681107661330
2679444827816
1120841939295
9524245984495
120605194710
390868419627
275716919282
710928206820
303916386800
345960162957
618230718990
59532229350
5600064515436
65363219040
764330466858
85770505260
169248123660
2561215391280
2524365011130
41192740050
3236458797360
3086103069670
4507588066344
14438229696
116171315900
35417881548
21736522728
69669606312
17734151712
8131392497025
296914369752
3910077350212
2333088019380
142234673874
347058660
39188054880
384546052644
3620783210730
11105204976904
3346202287318
42717001275
3607676522737
949500598284
52779278256
674782789604
2636194675170
2488831800
160265593292
759349540950
945374227174
157375883368
47060516148
13019470331
7491742275668
260869848570
143366353000
164566004180
643294446480
205944218913
2021218404909
553494169620
271816504960
173314269373
796861917860
5330351324108
6563810360
543637229784
29381009829578
47491921360
9838343488
1462998314928
546299531316
375888011560
33924201690
121708837404
8898912780780
3276605084032
324600711468
425500795090
8460424702164
5878028693439
1015535516116
279068161416
118799947420
63560270846
6604699610905
45103581490
5192695389090
4153658011860
5424353948520
521641353585
7016867370
2249788890734
1503694591
17023558860
1975821480840
62287042220
458866751035
6540075307353
12708349920
4100020216248
5550611281252
1962795597790
5643800253447
2141242311468
249663641850
6796724489126
16634630330
2256099274800
459804019235
18064591680
273268922418
22652908032
41948668476
1654553401116
8305877743614
3140434996776
1925495399960
421632400221
57981160437
5127316830
1747690560
22020541530
4052140527942
7487843678084
81511074400
2502799555080
27532363260
13057287236
195315689571
122171900508
2159597602824
5913860040
3363628464
427261722244
14943337648599
179703216000
338511031880
662558009800
3118457628
512832686076
3148391309730
56021256018
8457542695
1850273957070
321848572050
2642692001680
1630972234670
148723968393
53762647050
23326101678
4531811581
786122603112
1567150072476
252232634430
1621944484181
6362129462790
538812416
1525793203550
11103686623491
459818345266
103931818860
709648639848
802445687792
1981760346720
10040161689012
3713893922220
2792561678696
410347404480
1859965304760
928678771503
3849291201210
220787490
543632631915
2903707127370
887374325100
2767058887110
3016090696576
874993975740
24430165760
15008458398
2056338896040
1701197331680
2345146839370
2933165850
3904510648710
3776724016
21383875380
5854594869186
8517686562
2074319400426
3910027989555
395704475010
567157323200
29191132620
6968451366503
1377627546750
134489040070
2643346585100
22045320627
235546402840
154074855138
2257752857700
2124046872705
24260851580
7311480
243842430988
341245496352
606237169620
517116149949
2476747680
4976998471172
14474198173058
2593782298100
61524757730
1503858398310
178917901692
7396229821200
2342832683492
3063079140660
42455612745
1510248832728
67687595505
611070061750
880859664750
22615239400
5367233514916
1192916292640
2764771423830
64277416100
927437967180
479566849764
398905987392
15534050224
508821102615
529948903836
85195923908
953036051798
43026426288
44244750360
128473705794
200415501828
6177005268
60436341472
1235119887364
43138472672
11258186280
629042049573
840073936260
8412827101580
93139593372
1530225644430
17530355570
4431809910
17959155578331
58393225020
921869527740
3462084689256
1710955042830
361446673806
8507153942985
5641830150
246506725650
55334396130
42527680272
903130560792
9911335896
1453608056025
141043715360
1878117670180
543288296390
19812057720
984817736834
51754227756
1610998566240
173005937676
9397333678528
89375886228
67266012720
303279468492
991293561832
546008084619
4034051102640
373520722400
1409333900550
502479615000
10129026768
6944415781851
832537429360
478701445236
5271735744
1123708533480
179595970210
11648197380
1506882851100
776302796781
11331633772060
237534226680
2070402680
207788760624
119521630881
315227202180
31805394845250
735784042098
19212618264
1474717697820
24240485178
121879214190
3717091598150
296426390442
2381539516566
1647513483924
1916555791380
764512570530
1699900338430
258787680900
1705709188042
13022749476
4642570668750
355276523220
2247083766900
4752563067780
388780765248
18826885280
235703979000
1525605160420
7297723778308
664986428820
1017424696617
266409126728
442813641930
7834374694974
2726078403390
55501325880
1514869963236
24950736262919
1460704668
9014065151520
99918175500
909598847334
590525460
560098369890
6508251610
13661462888190
3444266530180
715638831076
961000740645
30458374380
510242263590
6273806412170
15416533485156
19172258640
5335438788132
220863878214
2083949084250
49402361640
134690743330
633812231800
1554040188540
1479088507032
205378478136
966476924070
166883231634
1237501986240
3112077572100
14707813045365
2568640395192
7215635065380
1982537782995
1135805387430
176618516460
74520684000
2148844230
1433816508044
1508370466358
49449110475
400476057608
13118305862774
114379683000
3902958815964
195164401432
504140244744
4433303349558
12098910420
3764520365080
497150338520
325417881100
3447225225582
49220746876
1097164936428
1222864090784
480566917128
2130784630
1080324318700
1262970274110
2807853958700
301623226338
980392380
183834054240
89944602984
674061081960
578735119680
1528910942652
1017742752
192886471908
376706119086
37685074050
23531117610
5852531148
337173841851
609373044128
4018015444685
4415603800
364715910
26791891980
731030982360
9314792594601
1000311912810
17610288201660
26658962460
126037862188
3133858993494
30899769600
13778413698
2082319820988
18752303783814
4990993028850
397657706532
2414487980586
5587984485954
396454965610
5954905170
11792249840
3143319488190
107926367892
577416556
141912825824
623327288780
5798014938447
476274323925
20731484250
70862116850
2467782634245
34207675058
101074295580
132986700
319240344995
474313447860
20051445108
474964873668
1632581139050
2876776591390
7018415485511
841779212094
68143245534
167999139330
119742071706
4075981758600
5070365178010
264022273424
10804838908589
105556920780
61365284400
217080827208
8323073379145
1476801316068
64001264250
1408743791667
201461458590
16033466615940
7423013554174
1282604512716
156489462456
84213563148
39687034320
1913184235992
217528824744
1058802798820
444109472632
11695183520
187077221428
926096185950
78601027722
947373635598
14761469835
640332751098
91868837328
170653484430
146761730400
1053433371310
592158489450
954894031248
516067135170
2453181208170
190310162562
2227106757942
203051548560
3394687693950
6822571586814
1085545569523
774205187900
3284006110
5981619275510
7811869877826
1754441055888
1164445438884
15431271450
3976258440
1708518244820
633311185528
474232742230
780478146
1577072553070
293303868
148961387540
409349413120
3320799961908
812441353722
29656236897
2948303629590
1659629206248
12704611084
271026287732
2286961983215
3074693141310
33982301430
984792829440
879524881560
2912804397484
149794210500
1131720886704
18492324522
349160688194
5824349034
12286622292890
285111905112
115267311600
12449468569426
727948257036
296685891594
384917940
11132624511756
9955750767690
367849627012
5455063530
996400648128
143113673392
32557654610
397619743367
1910336174670
35341507590
1519162299340
1576476775132
24296399652
319072564800
335204409720
547470149520
1596712079148
2395869522
1552471675980
2277730494
562157736140
186397448184
1174059698688
372195131350
284924887170
1350328856310
445645348038
936042791502
2202631275600
62278008000
168622453356
9092976125190
170520289420
3329037435184
1698692242872
1649700635370
121575118000
214384063488
675254082768
488077571256
3062298232476
827646050280
1788820349628
40671980580
102758210522
701983761259
2510960940
460206111312
1555644050350
78650517309
30628863790
30016500912
2463726950
19023183855
2320136730440
363832767462
1847922947575
18380807340
877145312032
85969500645
1592995557208
14638745674958
61109698881
552452302316
149617134702
3632305531920
21036980700
12457545660
2144801154192
924094473136
4392508243180
7882314509040
342486663300
757153225050
246257475480
99990972708
459318066348
1391821298105
14018696604
3621279065574
9567955746216
133987842760
264496739528
3781152237300
212494571970
2583479646
284866960850
1166854829360
182694733524
712819801180
48905175450
6562815804364
39006318416
606098321262
571947376
37954027980
801892345800
17234012700
4399771824108
150292276995
2858156829462
8169487683916
657612564690
4065134450
513110647800
11731115947408
522374028
393969371460
1757568091950
50899206204
143897665440
1696540528270
455295350130
8333243477754
1414238484360
4338095580
87619801170
494159315475
589052977956
1247887079956
87084183160
871023557040
16160491116
5985230042714
5540878136695
14473332972615
909995892498
2680201860048
16527026970
54444258
1927827248998
58506680680
40352520672
1790560584918
438392652360
10790987000
11391292915230
787406406450
112665929992
2444085510990
534999907800
4272976770920
2414454035682
1300723276470
129959510520
1461853137333
5270244652530
13767184410
50780888910
25984466400
542215922820
38674527066
2368876549494
55128426424
2686940500
3032144731770
463729541436
116582708090
860858619012
236164011730
2351695263174
377604461720
36722150920
20091475500
77272207848
3038091294810
152547875298
3652947711720
233263699632
137819722488
2799644822910
12810306366936
723790871406
112901961690
1538312619680
785147864249
34816644135
1484600517491
731774099763
32028753114
1569367912815
1676493411840
292178034480
42849414000
10131520491183
702578421160
724273950582
30466240266
1930126620
5106172765980
450834239850
292765690644
478331966266
249086761536
4386715132914
35766868440
3642221906004
29065964270
3534432720
517335703626
8339135609562
1556556151680
13042132376182
9247157480
121553427528
3068717530230
1685434381605
350310277110
1062629189691
1381301270300
3947162930940
235068088350
2601021891798
6230728928970
3438741752778
529273707462
367957406460
358954275
1228349170755
2583749729645
5179167630
642025695210
48268031728
994152661278
4226741811500
10082840352640
233819105
199860374868
188335158060
3383283420
1985582269986
