43.94552
31.00272
29.92643
80.91528
52.20028
78.19711
85.21981
51.75338
53.96812
67.03032
31.00272
56.25101
57.42103
85.21981
58.61183
73.39845
58.03428
81.15012
60.00000
25.41462
77.62637
85.90396
88.69771
61.21780
64.32071
69.07517
61.06147
72.54240
76.65764
36.86990
26.17695
56.63299
41.40962
54.70561
25.84193
60.94072
32.85988
28.95502
49.67978
28.07249
70.52878
62.51357
71.33708
75.52249
32.20423
70.52878
29.26824
56.63299
23.80938
60.00000
33.92311
28.07249
25.84193
67.38014
81.78679
78.46304
21.03947
35.09680
56.56295
44.41531
48.98550
12.23876
58.61183
88.63569
86.17745
31.00272
58.61183
78.46304
67.97569
68.15524
60.00000
87.45268
78.46304
72.28107
55.15010
60.00000
66.71227
55.15010
13.53620
33.55731
55.15010
88.02389
73.39845
33.55731
77.16041
51.05520
79.75965
42.34261
74.53399
81.78679
75.52249
48.18969
80.66758
40.11917
60.00000
17.75279
34.30115
71.79004
44.41531
86.52540
