75.20750
55.99108
57.76905
40.23152
61.18862
63.03228
69.17250
11.84027
74.65052
83.47502
58.24314
73.12273
68.05370
70.52878
22.84351
61.68238
78.19711
45.57300
80.28923
18.77167
68.87124
87.39475
32.34653
38.94244
64.62307
71.91999
77.36437
34.89270
59.05028
54.17116
68.44791
16.37045
57.76905
66.42182
30.63115
25.20877
60.00000
82.19497
45.09913
33.55731
82.04117
86.66697
72.70466
75.88302
66.42182
53.84299
44.41531
77.16041
60.00000
29.69360
40.70613
51.18075
73.25363
39.26803
74.38150
41.40962
84.78409
19.74992
48.18969
84.40126
43.08534
49.67978
41.40962
47.15636
28.50351
82.50528
83.62063
36.49377
60.57867
29.22287
47.05322
73.12273
67.03032
77.29097
87.70756
25.84193
68.06874
49.67978
77.97530
49.50734
64.62307
41.99157
46.33218
84.62062
69.21644
77.16041
56.63299
73.26900
46.33218
84.26083
26.10891
85.58827
45.09913
76.86344
86.30093
50.47880
18.67172
30.72279
87.70756
41.17622
73.57092
87.27060
54.76558
82.81924
17.54350
26.52535
63.61220
31.35799
62.77752
68.51872
84.02084
59.02220
66.42182
55.54287
33.55731
18.67172
72.07979
86.81526
80.25690
87.56115
73.39845
70.11056
85.90396
38.62483
78.11884
35.85261
48.76942
42.66793
66.08347
80.51985
88.99476
28.07249
76.29977
88.26350
83.62063
36.12893
16.34268
63.61220
75.09940
80.40593
86.67664
52.20028
59.53298
75.52249
24.61998
79.19308
62.96431
71.79004
62.96431
53.36079
55.24977
28.95502
43.94552
48.91767
76.18392
54.90037
59.18984
79.19308
75.52249
19.18814
85.21981
56.94427
31.78833
62.96431
69.43001
68.17365
72.79601
67.80390
60.00000
41.40962
89.28378
73.73980
22.61986
39.71514
70.52878
80.81780
20.36413
67.97569
37.52351
61.34125
58.99242
41.91077
16.09893
19.18814
52.79626
32.52710
34.56032
60.00000
19.18814
41.71372
85.01146
86.74280
85.21981
19.18814
50.47880
60.67283
84.62062
49.22720
21.27997
72.98135
44.90053
77.16041
80.91528
50.13166
40.45908
33.55731
65.37568
82.81924
48.91767
53.62816
36.86990
60.00000
29.42871
70.12313
20.15307
23.96509
86.72417
60.00000
76.22585
66.42182
45.73990
48.18969
78.78773
40.11917
81.41632
48.18969
77.16041
88.28942
36.86990
62.51357
84.44656
84.78409
32.52710
66.84260
24.61998
70.12313
65.91049
68.99247
86.62771
17.75279
74.31965
48.46760
21.03947
56.74357
25.00783
75.52249
44.41531
83.95767
57.31636
47.26789
11.14769
73.39845
66.86760
80.12911
65.02503
23.93893
82.16252
78.97855
40.90346
82.81924
70.52878
65.68426
81.20259
77.62637
33.55731
63.61220
55.87671
10.56396
83.62063
20.52686
60.55911
16.59784
84.40126
71.33708
21.78679
66.71227
61.49257
51.49071
84.34193
60.00000
40.25661
32.02400
80.01832
54.54946
45.57300
80.86680
23.80938
49.59787
80.40593
79.52432
67.11462
87.13402
13.82874
29.49829
78.46304
27.26604
60.99745
78.46304
41.12759
61.82136
16.26020
32.85988
86.54636
19.74992
49.99480
38.71930
45.81561
41.86831
67.52049
57.42103
54.31467
34.45595
85.82935
64.43219
88.23677
66.57237
63.15279
23.07392
44.83900
61.85542
49.87597
65.09894
48.18969
61.92751
54.76558
38.69474
87.70756
64.81566
73.01419
89.27472
46.18694
85.58827
67.97569
75.78188
61.92751
41.40962
81.21206
31.58634
45.57300
31.16616
68.17365
60.00000
50.47880
88.63569
41.40962
85.90396
46.06216
82.81924
30.13272
27.58020
57.07927
70.27537
34.56032
20.69354
47.72209
68.67631
52.93363
67.97569
36.86990
32.34653
64.15759
83.53040
54.22418
50.05102
69.74775
58.66775
83.62063
24.47912
57.23624
60.00000
38.94244
60.00000
56.45226
68.58753
53.13010
34.56032
48.18969
52.50475
41.40962
60.96826
75.52249
60.00000
40.87864
74.91368
46.18694
75.20750
39.19497
29.92643
56.41376
74.38150
69.89449
82.81924
51.59530
24.61998
85.08290
45.92079
41.40962
52.79626
68.99247
60.00000
69.94896
52.88274
74.53399
53.96812
54.31467
69.89449
66.42182
56.25101
37.65846
50.83329
60.00000
60.00000
70.27537
84.42076
53.38099
61.72629
60.00000
48.18969
68.29283
76.03204
33.55731
75.52249
38.01228
30.49176
84.44656
27.26604
57.49906
55.58261
67.97569
29.14174
10.30451
42.43059
77.36437
69.64559
76.65764
88.83062
50.75387
82.04117
35.48320
65.09894
15.79028
86.04543
48.76942
73.39845
74.38150
42.83343
68.75733
72.64774
55.15010
88.20922
50.83329
81.05098
66.42182
53.28564
65.89245
79.01942
70.52878
17.75279
62.96431
82.81924
63.61220
25.58299
44.98296
73.73980
84.85114
79.19308
73.39845
71.25066
75.12229
26.83532
38.34275
47.23349
74.67061
61.49257
25.20877
29.78166
51.75338
57.48639
70.73748
86.94277
29.59185
86.75511
84.38600
36.04933
66.91123
65.09894
10.84406
41.40962
22.98092
51.31781
60.00000
35.09680
51.75338
31.00272
60.00000
65.37568
47.59098
64.62307
28.95502
48.18969
