17.54350
49.45840
43.86866
71.44700
86.17745
20.69354
36.86990
63.74879
50.47880
73.29166
71.62606
55.15010
84.26083
70.52878
72.24917
86.81526
56.94427
74.46321
60.00000
60.99745
40.74905
84.62062
65.95792
41.40962
78.61689
69.74775
51.56535
31.00272
82.81924
41.96189
63.30280
82.99527
31.33221
65.05888
84.73072
34.97078
78.46304
74.74248
51.31781
25.84193
84.62062
37.86365
70.76692
73.55954
47.26789
49.87597
51.31781
60.33358
74.78154
36.86990
48.18969
24.61998
44.41531
78.46304
70.52878
44.41531
55.32188
48.52160
19.74992
75.97033
49.67978
84.49743
77.36437
83.16286
18.87324
53.71254
84.06223
77.62637
86.17745
60.36285
47.52063
84.78409
44.72225
75.28754
62.96431
74.11638
19.18814
48.18969
67.43564
72.28107
36.29595
51.31781
56.07277
76.56611
32.46174
41.80184
84.62062
79.89582
83.24367
51.75338
88.89809
48.91767
48.18969
64.05552
66.86760
63.74879
85.41143
64.32071
56.82693
82.81924
31.00272
37.71675
58.66775
30.55843
39.40057
37.45658
77.84680
38.94244
72.54240
77.80335
69.25762
72.42904
86.21951
31.00272
20.36413
48.18969
48.18969
82.70465
31.78833
16.26020
69.51268
71.21403
77.89655
43.16290
70.52878
78.46304
55.77113
81.15012
84.59946
36.24932
82.01644
85.51920
85.51920
85.67167
70.99920
60.00000
85.58827
54.31467
80.40593
88.13133
45.46871
60.00000
43.46402
85.01146
44.90053
25.84193
72.73000
70.52878
27.26604
71.79004
65.85226
73.39845
38.07223
33.36699
9.49452
81.78679
67.27158
47.82258
33.55731
77.73110
56.94427
29.59185
52.69480
62.28225
78.11884
48.18969
25.84193
67.52049
63.30280
80.40593
66.03052
38.49995
75.52249
75.52249
61.06147
39.19497
52.46865
21.03947
51.54124
67.76673
72.07979
48.18969
78.46304
72.76471
61.13427
64.62307
13.72913
23.55646
31.78833
60.00000
61.84164
74.17338
84.26083
65.79517
28.95502
67.82984
55.15010
20.36413
14.75292
60.76636
86.11256
71.18094
24.61998
64.62307
75.52249
17.47537
60.00000
65.75029
45.09913
38.79325
41.40962
36.42858
69.58379
45.09913
12.38080
31.78833
44.72225
79.19308
37.80295
27.04811
75.88302
38.01228
60.00000
56.94427
61.21780
52.75222
84.18793
41.40962
66.12379
70.52878
80.82675
68.22469
41.71372
55.61813
63.03228
56.71661
76.34287
53.51626
84.49743
54.31467
66.08347
32.93523
58.48463
80.19981
19.74992
22.61986
61.31460
73.15072
73.39845
36.86990
88.65174
25.84193
78.26474
84.42076
23.80938
62.28225
16.95743
31.00272
32.50191
67.45969
55.15010
76.39104
70.52878
86.62771
65.13671
82.81924
58.28859
34.56032
85.01146
83.19901
44.90053
61.13427
29.92643
36.86990
54.31467
57.27956
24.07061
54.03425
35.30452
60.00000
48.18969
33.97635
64.05552
34.80969
42.43059
25.69711
45.40204
66.42182
60.37099
80.79310
73.87238
83.37419
82.55181
83.87680
82.63411
19.37004
67.60731
76.86344
40.69056
76.03204
74.67061
73.12273
75.52249
40.53580
80.40593
70.52878
80.40593
65.47474
42.53690
83.62063
60.00000
53.13010
19.63362
76.55227
28.35764
65.25348
88.20922
78.00700
63.33854
60.00000
54.45126
77.51311
51.31781
20.36413
57.97407
58.46113
60.00000
77.97530
52.33011
71.36201
22.33165
60.00000
35.51598
56.33419
22.33165
38.94244
15.64247
45.23300
56.07277
44.41531
48.18969
81.22571
45.40204
58.97153
56.25101
21.47842
80.91528
38.49995
43.43203
38.73942
41.75221
70.52878
82.13485
64.87101
75.52249
84.93791
78.46304
82.33774
65.37568
52.69480
35.65909
52.95733
84.26083
43.11361
86.41668
60.00000
44.41531
75.52249
59.45621
81.88407
73.39845
43.66374
84.78409
48.18969
28.28553
67.84898
62.83711
85.21981
53.13010
23.55646
79.90634
57.82767
77.07448
73.17355
49.29429
41.91077
79.01942
87.45268
48.18969
71.91999
48.64563
50.29098
75.52249
68.26154
18.50863
77.71551
32.50191
78.28024
24.61998
59.55795
67.11462
52.02013
62.18186
48.81164
87.23769
84.71527
55.15010
87.95329
25.00783
77.62637
73.87238
39.71514
15.94237
47.54585
70.03394
43.04908
62.51357
27.26604
70.94167
15.09019
47.26789
29.18898
44.41531
71.12350
82.55181
70.52878
82.81924
31.72577
86.85893
48.18969
35.43094
82.81924
64.62307
31.78833
56.63299
63.97422
58.59214
54.22418
38.66411
37.65846
75.35986
69.38341
64.91812
87.33412
89.20420
27.26604
42.66793
81.78679
27.46112
50.83329
85.65525
79.58813
27.86418
79.71344
62.25630
89.30967
87.66075
89.42703
67.11462
87.61198
54.03425
57.31636
65.37568
75.85100
76.65764
71.66293
61.68238
33.24190
80.19981
70.23060
48.18969
67.38014
25.84193
46.70819
70.52878
87.95329
34.35252
71.91999
69.71643
56.25101
64.51768
86.09044
77.53113
69.24146
36.63346
68.67631
60.00000
46.97222
61.06147
70.52878
41.40962
60.00000
45.16010
31.00272
89.31789
89.13185
48.18969
65.09894
72.24917
32.76376
55.44729
45.09913
73.73980
62.96431
53.40507
60.00000
62.96431
43.76174
48.18969
67.97569
42.43059
79.52432
79.58813
71.44700
64.94238
61.13427
39.79918
68.38173
70.52878
79.58066
72.68535
64.15759
65.37568
79.83575
55.04613
48.18969
55.01700
60.00000
74.47816
14.25003
64.26493
80.97515
41.40962
36.65951
25.51946
68.67631
75.52249
72.67014
19.32408
33.55731
80.04704
35.57710
73.69791
31.78833
33.55731
89.13185
61.77255
56.94427
41.40962
72.54240
70.01512
67.97569
58.48463
74.03799
40.05455
84.26083
59.29364
54.81130
28.95502
74.08604
35.09680
80.24174
16.09893
24.61998
66.08347
36.86990
41.40962
21.78679
63.95835
16.59784
69.94896
15.94237
62.18186
72.07979
61.76310
59.39671
88.87648
82.56440
79.98459
51.31781
41.40962
86.98304
67.70903
60.00000
53.60088
22.76822
54.72757
33.55731
53.13010
26.34942
82.33774
44.41531
87.61198
43.60282
88.85401
56.25101
61.52703
50.75387
62.33600
24.61998
73.04224
72.67014
66.75044
87.33412
81.78679
84.08271
73.39845
39.51765
20.20522
75.76488
70.09720
42.83343
33.82216
28.07249
18.19487
10.84406
72.54240
29.49829
31.00272
76.86344
71.79004
70.52878
21.52890
79.66011
62.04681
11.47834
88.28942
45.16010
67.97569
29.59185
44.41531
83.62063
55.94420
78.33160
37.12722
83.84936
74.74248
57.76905
76.43385
77.75331
40.87864
82.55181
45.09913
75.09940
83.95767
50.83329
76.42642
20.04998
39.51765
26.52535
18.67172
78.97855
73.73980
21.78679
35.00031
43.53115
62.18186
27.07507
60.73242
70.52878
70.52878
47.63020
75.52249
61.42812
84.78409
79.38489
38.10462
47.61126
54.45126
70.52878
48.18969
72.07979
86.04543
28.95502
50.75387
69.51268
54.81130
74.06720
16.37045
66.42182
51.90106
55.28851
44.63977
69.61574
59.26213
19.94844
12.60345
26.76550
71.59152
65.68426
32.85988
72.07979
12.45370
48.18969
41.96189
23.23146
21.63095
17.64721
34.56032
45.27509
60.00000
31.00272
63.68544
34.62216
84.78409
68.67631
62.51357
61.36901
74.53399
68.23587
45.57300
86.81526
59.18984
31.95275
29.81365
64.62307
53.13010
41.40962
51.16214
64.22854
65.37568
60.00000
33.90126
75.52249
87.39475
74.84901
65.60383
21.27997
25.00783
78.46304
58.55102
84.86215
56.25101
70.52878
44.41531
84.11316
88.28942
81.48038
51.31781
57.20283
78.46304
37.14580
45.78375
42.43059
51.31781
60.00000
56.51462
74.33573
27.26604
44.41531
45.57300
65.09894
31.00272
71.18094
31.00272
86.62771
39.71514
65.25348
85.08290
57.60763
31.67243
86.62771
60.00000
65.68426
31.00272
56.63299
84.78409
51.79908
53.61413
40.53580
43.49036
49.99480
73.39845
62.77752
50.56999
68.87124
60.00000
75.52249
74.35579
23.89551
48.98550
50.39435
69.33268
76.34287
53.30459
42.58589
58.85261
56.07277
63.25632
12.91991
73.39845
65.89245
79.09453
60.00000
43.86866
81.78679
77.29097
26.76550
86.48990
81.78679
87.45268
81.78679
23.55646
73.04224
53.13010
71.33708
83.62063
76.50660
48.18969
24.34065
68.38173
78.78773
66.42182
50.83329
45.40204
86.04543
58.85261
53.60088
52.61680
65.50372
47.59098
65.55666
65.16541
67.97569
87.27060
73.20855
83.70837
66.57237
86.47188
50.47880
55.27625
42.66793
60.00000
80.12911
80.53857
17.47537
75.25335
72.07979
52.50475
83.24367
86.11256
66.42182
49.41296
88.84243
60.00000
88.72666
70.52878
46.82645
27.99620
60.00000
70.52878
48.81164
53.51626
50.56999
58.48463
79.30581
49.87597
19.51934
60.00000
25.20877
86.94277
67.03032
34.07726
56.86137
32.99589
54.31467
70.16664
27.40750
76.39104
25.29637
35.65909
66.42182
36.86990
51.31781
77.07448
16.37045
70.52878
84.62062
38.57265
71.21403
65.53474
70.52878
39.11674
88.87648
53.38099
26.66866
62.59241
63.25632
72.95615
63.61220
23.39227
41.02825
56.34321
24.24963
77.36437
18.28732
87.61198
23.55646
87.70756
60.00000
60.00000
35.09680
63.71368
78.84006
43.34176
66.42182
36.86990
72.64774
84.06223
61.39794
81.37307
67.97569
82.33774
39.32309
21.78679
81.10413
44.24048
26.76550
28.30514
88.85401
74.53399
38.94244
87.83738
33.97635
78.46304
84.35522
60.33358
46.82645
24.34065
66.86760
8.19209
15.64247
66.75044
81.54348
48.18969
76.29977
50.91779
62.08993
60.00000
75.98917
83.72071
83.10790
68.83155
63.22106
89.06068
64.62307
20.15307
86.81526
88.61925
42.26858
37.86365
40.36759
48.18969
69.47296
37.74924
84.93791
70.09720
30.63115
18.19487
60.00000
44.98296
88.08979
40.92606
16.95743
80.12911
58.24314
70.52878
41.64704
76.50660
78.46304
39.32309
64.83115
45.81561
62.00544
63.71368
64.28072
66.42182
60.00000
82.53791
53.13010
25.84193
40.00775
22.61986
63.61220
16.42642
83.37419
25.12206
65.37568
87.03510
72.67014
59.29364
33.82216
16.86534
44.01968
51.54124
65.72535
71.25066
40.74905
54.05867
49.52450
