78.05946
51.63349
65.02503
49.01101
39.83815
11.36488
43.94552
71.37067
86.98304
53.13010
84.14330
80.40593
47.11293
56.63299
55.15010
67.22603
37.65846
15.54620
69.48115
61.06147
21.52890
48.18969
78.74815
52.64573
60.00000
41.40962
55.15010
72.07979
51.31781
35.48320
72.28107
52.50475
70.52878
74.17338
10.56396
83.81770
69.07517
69.14941
42.49182
50.83329
29.92643
32.63690
56.25101
58.66775
43.10030
86.87322
79.19308
41.40962
36.04933
41.40962
54.31467
46.10545
84.00293
45.57300
63.61220
60.00000
74.33573
38.34275
85.13859
49.56021
34.97078
44.41531
31.46698
31.78833
70.27537
65.37568
42.53690
84.67624
59.37387
29.92643
39.71514
19.18814
42.66793
82.09679
62.64777
60.00000
68.67631
22.19161
56.48994
66.75044
81.01070
59.05028
64.92977
75.52249
83.62063
67.27158
10.38886
45.20717
48.18969
32.55693
85.90396
80.40593
84.78409
86.27688
38.01228
80.03323
48.18969
35.09680
87.66075
24.61998
83.95767
81.15012
39.19497
86.81526
61.98537
29.69360
24.85050
45.57300
42.71864
69.07517
38.10462
29.78166
45.03565
84.98020
41.40962
49.67978
80.40593
64.97100
59.39671
86.62771
71.85183
69.33268
71.44700
89.28378
31.00272
75.14283
72.07979
36.24932
44.65594
68.38173
52.20028
54.31467
26.22588
24.61998
60.00000
77.16041
46.82645
73.39845
38.01228
87.45268
37.86365
48.18969
70.52878
80.94959
18.47652
39.71514
33.55731
39.57122
74.87833
23.07392
48.18969
57.82767
35.43094
35.09680
68.96278
33.76488
53.13010
48.18969
41.40962
75.67495
32.85988
51.49071
36.12893
53.13010
19.18814
42.53690
32.08918
71.22582
62.42153
41.40962
87.91606
58.99242
57.91005
87.45268
67.52049
74.97389
69.27726
85.34929
74.61486
60.38842
50.38087
86.62771
48.18969
55.77113
67.48169
19.18814
55.90228
60.91470
21.03947
63.25632
62.18186
32.85988
39.19497
64.62307
75.68865
36.86990
65.37568
62.56938
65.92735
60.00000
42.34261
66.84260
80.40593
67.48169
81.78679
66.42182
32.20423
64.74380
70.52878
73.04224
76.65764
67.18511
40.03737
76.22585
48.18969
80.07181
74.92994
22.61986
39.71514
30.37379
57.69116
66.96432
75.19349
88.36275
18.19487
15.64247
76.11346
61.26435
38.43321
36.67049
55.15010
14.83511
60.00000
28.55264
71.83899
50.97720
45.92079
83.84936
74.38150
73.52589
78.00700
71.68230
55.15010
60.00000
41.09479
23.43299
48.18969
44.41531
36.86990
49.99480
53.57643
27.07507
19.98887
79.41620
76.34287
34.62216
45.92079
48.18969
63.36688
33.55731
88.17110
85.58827
76.86344
31.00272
69.71643
73.39845
32.38754
35.33450
87.31328
80.66758
85.21981
70.52878
78.46304
72.36030
60.00000
67.38014
21.18278
52.02013
44.90053
67.97569
85.44793
23.35984
79.58813
49.45840
61.92751
48.18969
67.38014
57.12165
87.70756
67.97569
40.87864
63.89612
75.90149
66.77355
10.30451
78.46304
75.12229
81.15012
71.25066
87.79577
32.46174
54.18949
70.52878
39.06145
80.40593
79.01942
65.37568
78.21141
76.39104
29.92643
80.66758
26.13908
58.24314
79.75965
76.65764
33.55731
86.62771
48.18969
47.91651
61.72629
82.81924
41.69755
87.22654
69.21644
60.00000
59.14811
56.25101
85.43756
62.18186
73.39845
70.52878
24.34065
20.62638
75.52249
65.98494
59.39671
57.93614
74.97389
28.78836
35.09680
15.17818
84.17737
36.86990
68.67631
48.18969
31.23226
67.70903
21.47842
53.13010
62.89026
82.81924
78.94327
61.82136
54.31467
64.89728
65.09894
75.52249
56.79618
78.46304
77.36437
58.92705
77.39774
31.58634
87.64472
80.40593
34.56032
42.91250
36.86990
84.26083
60.00000
86.62771
31.99425
49.29429
70.52878
60.00000
27.26604
32.46174
60.00000
66.56382
75.68150
41.99157
56.63299
31.58634
70.21683
61.92751
33.79985
73.39845
57.76905
60.00000
48.18969
33.08750
60.34760
48.18969
60.62221
72.54240
80.91528
45.70021
84.02084
58.41186
50.54911
65.44387
67.38014
53.77845
53.77845
55.15010
71.79004
84.06223
8.59706
54.02020
58.92705
60.00000
85.08290
61.96570
66.03052
41.40962
73.39845
50.83329
25.41462
66.42182
79.92134
73.20855
78.46304
62.96431
62.96431
72.73000
50.62386
15.94237
61.92751
63.07459
70.14611
68.67631
72.07979
68.56875
52.85936
29.47293
60.76636
75.82420
69.82873
35.24751
25.00783
52.39824
18.67172
64.62307
30.18496
65.68426
40.74905
32.63690
27.26604
31.17884
45.57300
80.28923
43.34176
17.34144
54.22418
42.62099
46.56746
29.84821
17.75279
53.13010
56.63299
54.76558
83.10790
70.52878
36.86990
87.98921
79.52432
30.13272
41.40962
58.46113
58.92705
16.42642
73.73980
26.52535
34.69213
73.17355
72.54240
28.65166
66.83112
30.07335
15.94237
81.60090
52.65901
64.77149
76.08357
44.41531
31.25808
80.63108
54.87638
40.25661
65.55666
64.72481
73.71068
8.79741
33.03015
44.41531
66.60556
20.86435
50.54911
71.99555
62.79711
56.25101
52.22951
61.56311
36.86990
78.03483
36.45268
73.39845
61.21780
41.40962
29.72433
77.44414
60.00000
26.17695
14.59255
60.00000
85.01146
22.91954
69.33268
63.46090
16.95743
43.69090
74.53399
54.53209
63.04225
87.13402
61.56311
80.40593
43.49036
54.66801
86.77944
46.70819
78.46304
63.07459
36.86990
50.20818
54.24859
83.75987
48.18969
80.07181
22.98092
74.53399
24.43270
64.74380
62.28225
52.02013
53.13010
79.52432
9.18450
17.34144
51.31781
39.19497
66.42182
23.55646
83.62063
83.37419
81.96460
85.90396
49.59787
42.83343
55.94420
69.67356
76.22585
53.13010
51.68387
60.00000
41.40962
70.86053
48.18969
70.52878
73.98661
87.39475
87.39475
53.40507
55.41922
75.35238
17.96975
53.38099
78.33160
53.13010
82.74325
12.75874
21.40335
49.37067
33.94793
43.83714
58.24314
84.56383
74.17338
62.64777
27.66045
38.73942
43.34176
34.56032
72.70466
34.77194
66.42182
54.92049
52.33011
46.18694
76.81652
59.34923
24.34065
65.95792
60.00000
62.96431
15.64247
59.48976
29.18898
28.95502
42.43059
44.04863
49.39853
43.04908
59.22768
14.59255
84.57201
29.59185
49.73367
15.94237
63.21112
74.61486
56.25101
81.05098
21.03947
56.25101
34.00924
80.66758
58.17863
60.00000
75.52249
31.70707
32.06379
86.30093
37.86365
53.13010
89.10472
14.03465
20.92224
82.50528
18.50863
78.33160
9.83823
53.96812
69.92295
53.13010
53.77845
79.32807
55.72134
37.25792
46.45778
38.21321
61.72629
66.42182
73.39845
47.89784
71.99555
83.62063
72.07979
69.89449
65.37568
50.73475
29.42871
63.44486
86.56019
36.00275
53.34359
64.62307
70.52878
23.80938
70.52878
36.86990
58.85261
47.26789
84.78409
58.24314
78.02135
73.04224
57.97407
60.00000
81.15012
48.18969
67.18511
52.50475
76.22585
36.86990
63.77735
30.82956
37.32767
78.33160
85.58827
25.20877
16.48297
81.15012
50.47880
61.21780
27.26604
64.84934
63.72864
77.71551
84.26083
27.26604
48.18969
72.33983
61.31460
81.78679
85.58827
87.13402
56.25101
49.01101
41.40962
12.52791
84.44656
32.57402
88.68274
80.40593
67.38014
63.02458
68.79523
38.94244
89.04503
20.15307
21.78679
42.66793
56.94427
64.84934
78.84006
75.85100
79.58066
58.59214
86.98304
39.40057
77.16041
60.00000
83.84936
80.87804
76.00966
78.46304
62.13491
38.94244
35.57710
76.22585
21.03947
76.22585
73.87238
76.22585
48.18969
70.52878
74.97389
35.30452
73.25363
74.91368
78.88545
47.06569
87.70756
42.26858
52.61680
63.32177
73.39845
48.18969
53.57643
88.11079
28.95502
33.55731
63.22106
76.55227
36.29595
87.47142
66.20229
47.72209
48.91767
47.43155
76.22585
35.73129
36.86990
60.00000
84.18793
12.23876
51.60696
44.41531
55.15010
41.40962
21.78679
24.07061
55.45799
72.28107
37.95803
63.68544
72.76471
45.57300
53.61413
32.20423
33.55731
65.55666
38.07223
49.74776
50.31590
61.97352
67.97569
69.54953
71.87380
80.66758
60.00000
52.79626
82.11097
34.45595
61.92751
58.03428
78.84006
54.76558
32.85988
83.37419
81.95215
72.54240
67.11462
75.92196
60.00000
26.52535
20.36413
66.20229
12.23876
87.27060
37.35685
83.47502
87.54371
16.04623
53.13010
38.94244
25.20877
57.60763
12.52791
54.31467
15.64247
43.34176
35.19410
50.47880
27.11294
81.78679
79.64333
71.49060
70.52878
88.40825
46.56746
32.20423
32.20423
45.14919
47.49336
53.92180
48.81164
81.37307
88.78085
62.25630
41.91077
84.78409
44.16048
40.85125
64.97100
41.40962
64.89728
73.98661
60.00000
36.86990
73.79531
62.83711
47.15636
81.90325
64.25648
76.99712
36.86990
87.39475
27.58020
66.62013
36.86990
21.78679
78.03483
40.65725
78.46304
42.69787
39.71514
76.43385
21.78679
59.33617
29.14174
28.95502
21.52890
51.31781
14.83511
62.57893
35.09680
26.52535
85.98601
60.00000
42.77363
36.86990
29.78166
51.31781
60.00000
62.11218
60.00000
53.29457
74.03799
75.35986
18.67172
55.84708
35.95057
52.33011
85.21981
83.75987
27.26604
75.52249
48.18969
82.81924
65.45646
65.85226
67.63938
42.62099
36.86990
64.62307
84.78409
34.56032
36.86990
62.75274
58.76707
85.41143
72.40266
75.52249
67.11462
66.42182
65.16541
58.76707
66.80016
77.39774
62.18186
60.37099
66.42182
67.11462
77.36437
43.89693
15.94237
80.40593
55.15010
42.53690
81.60090
47.86451
35.59153
62.64777
53.96812
51.81652
67.97569
22.61986
82.33774
70.52878
65.09894
14.59255
53.13010
71.96946
36.86990
32.76376
75.73679
49.99480
28.55264
62.72039
71.44700
59.66529
14.14111
64.62307
70.52878
63.82103
73.73980
83.95767
76.35207
16.26020
62.51357
49.45840
60.00000
69.45902
80.40593
26.34942
31.46698
34.56032
67.11462
54.45126
58.44910
55.66001
58.24314
54.05867
68.89980
46.95758
21.78679
39.71514
48.73257
71.27734
74.61486
74.53399
32.85988
34.30115
52.02013
75.72505
68.38173
46.92722
67.66632
