48.18969
49.34406
22.76822
25.08763
42.53690
24.61998
13.53620
65.55666
72.28107
54.81130
36.86990
25.84193
35.82477
45.75928
87.13402
69.89449
35.65909
82.07186
29.59185
54.31467
42.53690
79.44970
81.66692
57.82767
41.40962
55.15010
64.72481
47.29990
81.37307
60.47827
25.20877
44.04863
12.23876
13.72913
66.86760
52.02013
60.00000
33.55731
20.15307
61.45963
66.42182
89.01209
83.27978
64.05552
65.37568
45.81561
64.28072
19.18814
65.68426
60.00000
38.43321
73.61733
67.38014
56.51462
52.61680
42.76226
83.24367
15.94237
74.87833
39.71514
73.71068
36.86990
41.16571
83.47502
80.29710
40.31491
76.65764
68.89980
54.54946
34.24217
68.31119
28.95502
88.08979
28.95502
78.21141
69.94896
66.03052
33.55731
73.39845
49.67978
65.28015
85.90396
36.86990
61.45963
84.11316
41.40962
60.00000
60.00000
29.22287
32.85988
61.42812
40.11917
69.48115
23.55646
63.32177
41.40962
78.46304
60.00000
62.33600
86.98304
81.78679
69.41183
55.77113
40.36759
62.96431
80.79310
53.13010
49.33121
42.97028
32.63690
21.78679
61.16081
75.01177
48.18969
16.26020
71.33708
75.01177
58.41186
67.66632
86.09044
52.79626
75.52249
81.37307
83.62063
60.00000
33.55731
75.52249
88.02389
41.40962
26.22588
71.65037
82.68798
41.40962
83.28775
33.27304
57.88329
88.93891
67.87532
51.31781
84.93791
20.36413
19.94844
60.00000
60.00000
49.93336
80.87804
45.30790
80.40593
31.58634
12.68038
36.86990
80.12911
53.69345
58.81138
23.55646
58.55102
88.36275
32.20423
82.16252
50.97720
85.58827
77.16041
16.42642
17.44159
53.40507
60.00000
19.74992
64.37797
67.38014
18.42867
87.70756
61.72629
61.72629
86.27688
17.21055
52.02013
75.25335
50.66875
67.60731
53.38099
19.94844
70.12313
62.77752
83.77496
76.11346
40.96571
75.52249
50.56999
51.71561
67.11462
59.43772
17.21055
74.74248
77.48667
63.04225
87.56115
67.97569
39.26803
60.94072
78.46304
64.83115
46.82645
87.87745
60.00000
57.54851
57.42103
61.02847
44.41531
49.29429
34.30115
39.11674
45.01703
76.22585
39.71514
70.52878
76.50660
54.02020
25.65618
72.81520
17.14621
82.81924
22.37215
52.50475
53.13010
28.35764
82.16252
49.01101
80.71820
78.46304
41.40962
33.55731
60.00000
23.27706
79.75965
61.92751
33.55731
22.61986
71.49060
64.87101
76.32798
68.89980
49.45840
39.07552
73.39845
35.09680
74.65052
38.94244
54.62346
68.53987
80.25690
55.63130
54.56984
44.90053
63.79664
44.41531
65.37568
82.20708
45.96306
28.95502
82.81924
65.16541
80.40593
70.52878
50.20818
43.34176
73.94287
64.75622
55.26599
15.35889
81.78679
8.90298
76.99712
76.65764
58.70259
33.33800
58.76707
51.13769
88.93891
24.07061
75.17818
49.52450
17.34144
67.97569
65.81787
74.78154
50.70352
75.52249
48.18969
80.52850
60.91470
39.19497
41.40962
74.99973
76.86344
63.36688
61.06147
87.13402
42.15096
85.01146
10.56396
47.32977
41.69755
71.12350
72.63202
85.99937
60.84463
77.02712
60.00000
45.92079
64.00096
66.96432
76.75199
64.62307
60.00000
11.84027
58.28859
45.43207
62.36947
85.94540
68.10657
80.82675
56.02552
86.81526
85.69878
86.04543
60.00000
38.21321
81.28526
54.54946
48.18969
81.15012
82.47537
27.55119
75.31403
69.33268
87.39475
88.28942
48.86049
81.37307
71.75196
19.18814
74.67061
70.52878
31.00272
60.00000
60.80360
80.79310
87.45268
16.71515
23.19177
70.52878
65.37568
62.43940
70.12313
73.29166
73.39845
69.56122
32.57402
88.05740
38.94244
50.64330
62.18186
37.09666
66.10491
67.63938
23.93893
21.94604
60.00000
66.42182
69.67356
53.51626
78.96029
63.82103
70.09720
59.58038
77.16041
85.53086
81.78679
40.82089
28.95502
45.09913
48.18969
15.64247
76.86344
23.75814
79.98459
37.39001
70.52878
50.47880
47.43155
71.27734
70.52878
32.20423
52.56629
73.66518
78.46304
49.29429
65.37568
36.63346
55.15010
31.78833
62.61289
40.00775
67.97569
34.14842
40.45908
63.71368
88.53072
66.42182
18.83920
22.19161
79.98459
74.17338
61.65709
35.82477
65.80546
43.98578
34.04773
80.07181
87.87745
64.11160
39.64611
67.97569
66.55619
56.25101
30.13272
60.00000
72.46010
52.54717
73.04224
58.92705
62.18186
54.05867
49.37067
74.25071
88.78085
87.06047
68.19625
82.33774
72.54240
74.24021
67.57689
60.00000
73.12273
46.56746
77.01364
33.55731
56.94427
60.00000
53.77845
40.36759
75.14283
36.52749
84.26083
77.16041
33.92311
55.15010
72.01165
87.42404
71.33708
60.00000
36.86990
85.16937
85.21981
77.97530
31.00272
43.60282
37.95803
25.84193
70.52878
79.95517
67.22603
49.06728
62.66556
35.74802
83.10790
33.55731
56.14156
82.81924
84.26083
71.79004
36.86990
87.20397
53.13010
15.79028
41.40962
84.64460
83.01430
72.28107
46.08835
80.40593
73.58404
80.40593
33.55731
36.86990
75.76488
78.46304
38.94244
35.43094
28.95502
23.07392
45.09913
42.83343
87.75253
38.01228
11.36488
36.86990
68.31119
58.61183
47.15636
51.88194
46.66408
62.61289
41.86831
46.73346
57.76905
51.31781
37.81449
65.85226
53.13010
27.26604
76.76676
38.94244
85.58827
26.17695
48.64563
81.33338
30.77817
16.09893
82.81924
32.99589
19.74992
85.21981
29.22287
64.26493
55.48189
50.97720
46.56746
24.14685
60.54083
48.98550
28.78836
65.95792
70.26549
49.45840
33.55731
51.75338
72.02259
42.71864
62.18186
84.78409
70.52878
67.74138
38.73942
73.87238
25.84193
81.05098
84.98020
58.76707
79.19308
73.28141
54.31467
72.47780
69.33268
37.47200
36.33606
69.07517
78.46304
16.59784
22.61986
41.40962
32.99589
60.00000
19.74992
79.01942
66.86760
51.85549
57.42103
74.81689
43.98578
30.18496
75.34418
39.07552
43.34176
66.12379
49.99480
64.91812
88.45128
66.23508
31.33221
46.70819
24.34065
40.11917
66.42182
24.07061
31.89079
56.25101
49.74776
35.87036
84.91649
33.15341
52.22951
49.73367
65.68426
37.95803
36.40152
74.97389
66.56382
60.00000
81.45138
65.77906
86.17745
48.18969
49.22720
64.62307
84.26083
67.52049
41.40962
41.05335
48.76942
45.57300
71.59152
57.42103
81.33338
56.79618
20.36413
63.61220
56.51462
51.85549
39.79918
50.64330
72.76471
68.67631
46.66408
60.00000
65.09894
71.07536
43.42158
47.15636
24.76330
34.56032
31.70707
29.42871
17.14621
80.07181
43.53115
32.76376
73.39845
53.13010
64.32071
69.13518
66.99543
89.20420
60.00000
54.01107
73.30025
45.17708
32.70502
65.00525
84.26083
82.16252
37.86365
81.61446
39.40057
75.85100
74.78154
47.59098
31.78833
85.21981
61.96570
63.42503
75.52249
11.36488
45.81561
80.40593
82.81924
36.52749
53.47039
47.01411
81.54348
81.78679
47.49336
86.90142
74.38150
84.53498
75.04475
61.92751
56.41376
60.00000
55.77113
33.55731
72.60431
46.89533
33.55731
80.87804
64.49718
70.98336
66.20229
57.60763
18.67172
30.72279
54.70561
58.41186
85.75198
66.12379
42.71864
77.47489
41.40962
59.12559
84.26083
56.25101
69.51268
74.17338
69.51268
54.98643
53.30459
75.06447
78.46304
70.26549
57.60763
62.18186
42.59881
67.60731
40.36759
59.51941
84.56383
70.84499
63.61220
53.13010
40.53580
31.00272
79.52432
61.92751
33.20310
82.66563
80.40593
71.79004
83.75987
53.13010
84.42076
19.94844
85.90396
29.12461
85.90396
60.00000
33.92311
79.79241
33.55731
84.68723
73.01419
54.84730
85.21981
85.50159
81.48038
73.39845
82.33774
32.41840
79.05460
19.18814
22.13239
19.94844
43.76174
27.26604
73.00384
61.10892
85.58827
29.37492
44.59223
60.64653
60.00000
53.77845
66.42182
88.97681
29.59185
87.97738
67.11462
41.40962
32.20423
81.15012
65.95792
76.05657
88.02389
79.23314
75.52249
45.57300
21.03947
60.00000
82.81924
84.40126
49.56021
53.77845
71.25066
28.95502
32.76376
81.78679
48.18969
76.65764
69.92295
67.97569
48.18969
69.17250
88.69771
73.39845
53.77845
41.40962
83.72071
24.85050
83.62063
77.44414
62.96431
39.40057
86.09044
35.90407
30.20880
35.59153
48.18969
56.05191
76.03204
67.27158
32.85988
57.91005
27.26604
41.40962
59.34923
77.84680
77.62637
83.95767
48.58269
70.52878
44.67461
68.38173
52.37243
39.30278
49.16778
69.99481
56.25101
72.40266
28.65166
38.28429
34.94801
70.52878
82.90835
14.36151
78.91251
13.44274
82.81924
76.81652
46.97222
57.51784
26.17695
50.47880
63.61220
75.52249
27.26604
59.18984
39.11674
45.57300
69.92295
35.09680
53.51626
53.86119
76.39104
24.61998
71.79004
52.72554
36.52749
73.81805
21.40335
75.97033
48.18969
40.29614
33.55731
70.52878
66.42182
34.04773
48.18969
35.95057
49.67978
22.19161
54.43454
88.40825
39.60193
66.23508
84.50582
76.22585
41.86831
65.99730
8.45547
50.78857
82.41046
84.44656
57.20283
81.67796
62.96431
28.95502
83.37419
51.56535
40.74905
72.07979
56.25101
62.57893
81.52555
60.67283
48.18969
31.78833
33.55731
84.14330
60.80360
25.84193
72.89536
20.92224
33.55731
58.92705
13.17355
34.09339
63.61220
46.86863
68.10657
65.37568
51.68387
70.73122
85.58827
28.95502
27.48933
9.62763
87.95329
60.00000
35.65909
83.24367
57.42103
19.40704
44.41531
53.13010
64.79071
66.42182
47.08982
70.52878
43.04908
63.25632
27.66045
26.29156
76.53350
88.06832
28.95502
54.11170
64.72481
39.57122
80.40593
36.86990
36.86990
66.16899
59.12559
65.91049
20.89903
47.64795
79.01942
19.74992
43.34176
46.10545
43.34176
54.01107
37.39001
82.96654
64.12790
89.41534
60.00000
58.59214
66.42182
63.07459
47.66460
27.58020
75.52249
37.42801
74.81689
48.18969
63.39987
66.42182
15.64247
85.94540
26.29156
17.08258
28.35764
65.95792
85.37435
66.10491
70.52878
89.11849
48.18969
47.69501
65.20614
31.35799
45.40204
43.76174
12.38080
60.00000
45.57300
67.70903
76.39104
27.01229
78.46304
61.98537
52.79626
39.71514
87.70756
67.55365
66.42182
14.36151
51.31781
12.83857
62.24101
47.21531
57.76905
34.37126
74.87833
30.27264
82.81924
29.26824
76.03204
54.62346
71.91999
89.23603
85.58827
80.91528
78.46304
48.60165
60.00000
60.00000
25.84193
62.51357
88.65174
82.33774
85.90396
57.07927
87.61198
52.77560
14.75292
19.29666
83.18615
88.36275
50.13166
44.28225
41.40962
39.26803
81.78679
82.68798
50.47880
51.63349
62.72039
12.83857
48.18969
79.15018
46.48657
16.26020
76.22585
67.38014
47.01411
51.85549
41.96189
20.36413
84.73072
58.55102
55.48189
66.26926
60.00000
60.00000
27.26604
42.53690
84.72397
84.68723
50.47880
46.64102
43.66374
58.97153
77.16041
58.71933
46.18694
46.06216
42.53690
38.94244
74.30073
34.56032
69.51268
35.43094
12.30916
52.83110
88.97681
44.41531
40.70613
70.52878
16.42642
41.64704
62.51357
43.81997
84.78409
56.54499
86.04543
56.94427
59.47352
32.46174
85.50159
19.74992
56.94427
45.87688
64.62307
34.14842
74.68349
85.90396
70.52878
60.00000
62.00544
88.08979
58.92705
59.07678
60.00000
14.14111
82.16252
14.59255
18.42867
86.70532
45.78375
71.91999
32.38754
11.96875
85.47194
81.15012
73.73980
69.33268
25.84193
71.44700
53.13010
64.62307
77.62637
69.25762
32.50191
70.52878
58.73565
48.18969
44.79132
74.17338
39.40057
28.95502
37.74924
53.13010
65.85226
82.81924
29.33211
76.65764
73.39845
76.86344
36.12893
40.36759
50.13166
51.59530
58.48463
41.40962
50.33499
43.34176
25.84193
35.46866
46.87877
34.09339
33.20310
35.24751
84.19612
18.19487
33.55731
23.35984
46.18694
61.85542
88.31459
81.48038
67.04550
77.97530
66.60556
83.62063
68.10657
52.50475
32.81492
69.19043
21.98640
80.40593
41.66987
84.95650
81.01070
74.78154
65.58560
75.52249
40.92606
37.86365
84.78409
58.66775
24.95130
63.25632
27.71820
88.45128
34.41151
78.46304
20.36413
69.14941
83.03794
69.51268
80.10315
8.32066
13.44274
53.13010
18.19487
85.65525
43.76174
54.11170
77.62637
78.46304
61.82136
85.06523
29.65185
46.18694
60.74901
56.59444
86.62771
50.70352
49.45840
77.44414
66.42182
61.26435
38.49995
70.27537
86.04543
69.94896
53.13010
10.56396
48.58269
40.96571
88.72666
69.39938
68.60073
60.00000
44.41531
26.17695
26.24553
26.52535
26.81432
44.90053
38.79325
35.43094
49.72442
45.57300
42.83343
84.68723
50.17466
86.04543
85.26920
54.11170
21.03947
70.84499
88.89809
27.79577
82.58633
28.75172
67.97569
78.70408
42.83343
22.19161
75.52249
33.55731
27.26604
79.29722
68.19625
16.26020
81.37307
61.13427
70.09720
87.56115
71.91999
10.22218
35.95057
76.50660
86.90142
43.76174
83.62063
28.35764
57.97407
26.76550
66.29286
52.33011
74.74248
57.20283
60.42869
63.98563
33.97635
80.53857
79.88202
56.94427
49.67978
45.01703
80.79310
55.15010
8.32066
64.97100
80.40593
48.18969
80.84587
75.52249
30.27264
73.66518
36.86990
49.99480
15.35889
83.62063
85.16208
31.46698
87.79577
62.13491
60.00000
52.20028
24.90915
59.02220
27.90547
35.65909
65.47474
88.56746
54.96519
60.00000
40.82089
53.65880
39.94451
75.52249
52.72554
48.18969
10.30451
19.74992
62.39233
72.89536
56.87198
54.62346
75.52249
70.52878
25.84193
81.78679
71.18094
26.22588
77.16041
81.24707
28.95502
68.19625
68.26154
66.12379
82.33774
24.24963
73.83043
62.87828
60.00000
76.50660
69.51268
65.68426
31.64104
43.76174
67.97569
54.73776
86.17745
78.46304
19.74992
49.52450
87.95329
65.16541
32.28938
53.13010
49.11481
53.13010
80.09337
44.57529
49.99480
30.37379
48.18969
86.04543
54.62346
57.20283
33.55731
82.28022
78.46304
8.45547
69.85211
61.06147
82.05064
72.85015
41.40962
40.23152
69.85211
48.18969
45.20717
53.43426
42.34261
67.60731
82.33774
44.41531
57.60763
44.13944
9.18450
87.87745
79.14024
49.67978
74.53399
70.52878
60.00000
51.95508
76.65764
25.84193
75.71453
9.83823
58.66775
77.62637
54.43454
84.48227
55.52562
83.42041
51.81652
84.12994
75.92196
31.29045
74.84901
48.18969
24.61998
87.39475
49.29429
67.97569
55.15010
52.79626
66.42182
68.10657
45.87688
84.50582
58.48463
73.94287
72.89536
80.03323
19.74992
31.33221
84.26083
64.05552
45.81561
54.40235
50.47880
63.77735
49.45840
61.38816
78.71718
67.81793
88.95820
65.37568
79.38489
40.36759
49.67978
79.71344
43.66374
60.80360
75.09940
48.76942
78.46304
36.37093
13.17355
64.44530
83.68468
38.21321
74.38150
36.63346
68.05370
53.13010
75.52249
67.55365
36.28120
8.59706
49.79160
27.66045
66.42182
35.65909
34.41151
73.98661
81.09701
60.64653
38.94244
50.75387
76.16478
82.07186
26.66866
68.83155
70.52878
82.71756
43.23323
82.01644
77.16041
41.11209
77.75331
29.26824
8.36488
38.69474
23.55646
85.58827
88.84243
82.81924
68.87124
16.04623
66.42182
82.50528
88.85401
66.75044
80.40593
80.40593
78.46304
80.26950
40.60106
78.74815
53.13010
65.75029
82.33774
75.14283
21.15869
41.96189
19.01127
71.79004
62.96431
70.52878
70.52878
36.40152
37.74924
85.64423
82.20708
46.48657
55.34543
46.27669
19.74992
54.31467
35.65909
69.43001
72.81520
64.97100
68.09095
82.25113
88.87648
49.67978
74.67061
37.86365
71.59152
16.37045
70.52878
44.79132
70.52878
73.94287
49.79160
11.84027
81.78679
62.96431
52.53711
66.42182
76.06974
77.62637
53.13010
38.62483
82.33774
77.97530
22.61986
52.02013
73.79531
44.85770
76.22585
75.52249
81.20259
24.90915
65.80546
42.62099
64.62307
59.50503
55.87671
86.17745
69.74775
86.92911
67.82984
80.07181
85.58827
78.91251
81.01070
82.58633
32.08918
81.51555
58.89108
60.00000
62.96431
81.50476
39.81500
79.09453
53.89366
29.16271
36.86990
22.61986
16.95743
44.41531
52.37243
67.04550
35.51598
49.39853
46.82645
16.95743
31.35799
73.39845
62.61289
60.00000
47.43155
25.84193
54.24859
87.66075
25.62560
75.52249
81.78679
38.94244
48.18969
79.19308
61.92751
82.58633
28.95502
70.03394
69.17250
33.12294
85.69878
77.69505
53.13010
64.62307
70.52878
75.52249
82.33774
50.54911
44.41531
70.52878
43.04908
14.59255
60.00000
71.14148
72.40266
48.18969
47.82258
76.94970
43.94552
87.50809
25.20877
23.31145
70.99920
84.53498
65.47474
30.77817
75.97033
27.26604
75.52249
68.67631
83.24367
56.74357
16.51146
57.26077
65.95792
20.04998
55.71011
83.79373
77.25641
21.78679
20.15307
48.18969
28.07249
80.40593
51.75338
80.40593
60.67283
64.00096
34.37126
23.43299
71.91999
56.94427
40.25661
83.47502
87.90335
15.17818
77.91853
50.05102
65.37568
43.34176
70.52878
60.54083
60.84463
78.26474
64.05552
60.00000
74.17338
65.14711
71.03443
48.18969
76.42642
77.97530
79.09453
19.74992
52.75222
88.69771
27.12675
70.52878
86.17745
39.81500
19.18814
50.47880
44.13944
63.61220
51.03349
68.79523
86.62771
66.14055
86.56019
33.55731
15.35889
31.00272
60.00000
60.00000
81.78679
64.62307
59.24530
30.81526
35.82477
53.13010
83.95767
38.01228
63.38990
40.92606
76.50660
75.52249
79.66011
76.99712
58.48463
86.32467
64.62307
60.00000
83.03794
86.46097
81.48038
49.74776
60.00000
76.75199
69.07517
60.70136
70.06773
13.72913
80.24174
42.20545
41.40962
65.09894
82.33774
46.82645
65.89245
53.13010
84.26083
86.62771
80.28923
81.03424
41.40962
61.31460
79.19308
54.82421
73.68614
56.07277
32.46174
64.75622
80.28013
85.58827
41.96189
44.98296
73.61733
12.23876
88.20922
65.20614
76.70970
66.42182
56.63299
33.55731
69.67356
15.94237
86.30093
11.04367
30.09804
33.82216
35.65909
39.62183
86.81526
33.55731
83.95767
62.39233
78.46304
80.24174
80.16964
66.96432
82.81924
74.17338
80.40593
82.33774
33.79985
66.91123
28.65166
70.52878
71.21403
26.10891
64.05552
83.62063
35.82477
82.07186
51.63349
71.03443
36.86990
82.33774
75.25335
79.38489
80.40593
20.36413
49.45840
24.78398
29.92643
75.52249
19.74992
27.99620
49.52450
53.77845
53.54417
63.46090
78.96029
43.34176
66.86760
46.11749
74.25071
66.75044
75.52249
64.05552
27.42177
53.43426
64.49718
73.10027
48.50918
80.40593
55.77113
32.20423
82.50528
59.56946
77.84680
21.40335
48.18969
78.46304
46.70819
28.95502
60.00000
77.62637
43.94552
38.21321
60.00000
23.55646
27.04811
84.14330
50.56999
71.99555
42.26858
22.05417
56.94427
75.68150
33.55731
60.00000
71.71611
61.82136
36.86990
45.20717
79.45971
81.40638
82.81924
79.44970
43.60282
63.25632
83.24367
58.28859
60.00000
47.72209
41.40962
45.92079
54.93761
28.50351
82.01644
83.62063
44.16048
64.11160
41.40962
25.51946
69.82873
78.46304
22.19161
64.12790
35.77483
61.72629
75.52249
67.11462
56.25101
74.74248
87.09771
38.21321
49.02439
78.46304
59.64366
60.00000
55.15010
36.86990
86.41668
28.95502
48.45062
44.04863
84.83639
34.77194
60.00000
78.46304
76.94970
84.78409
62.96431
82.81924
75.14283
86.62771
45.40204
49.93336
40.11917
34.56032
37.74924
40.23152
70.25480
61.21780
74.17338
87.04530
63.61220
68.75733
70.52878
60.00000
80.84587
65.18100
54.31467
20.04998
67.97569
45.57300
15.17818
88.08979
70.52878
86.27688
60.00000
70.52878
86.88456
72.64774
78.46304
60.00000
72.28107
80.40593
73.39845
74.46321
54.54946
29.67444
83.62063
66.42182
26.52535
15.79028
48.18969
72.28107
60.00000
78.46304
18.50863
70.52878
79.52432
87.27060
25.84193
58.17863
78.46304
52.67157
88.72666
61.60094
31.46698
89.24609
77.16041
37.86365
64.15759
77.22913
57.05323
44.72225
26.76550
33.08750
57.84185
41.40962
54.31467
41.69755
71.79004
80.40593
69.74775
73.39845
28.95502
43.57358
65.09894
31.00272
54.31467
51.18075
44.61319
75.52249
55.77113
61.92751
37.32767
23.55646
55.30340
23.72417
73.58404
84.98020
48.54957
17.75279
67.27158
85.43756
83.62063
60.00000
40.74905
33.55731
79.19308
29.81365
84.62062
39.35825
41.40962
53.28564
42.53690
68.38173
57.20283
77.07448
64.62307
44.41531
16.26020
9.18450
70.52878
53.13010
36.86990
85.90396
70.52878
45.57300
44.41531
46.56746
43.53115
23.68191
86.52540
54.92049
27.66045
80.40593
73.39845
61.69098
67.60731
60.64653
60.00000
68.06056
49.58256
44.41531
48.70013
88.36275
53.13010
51.31781
56.56295
37.52351
69.64559
77.88488
85.31758
54.20367
85.21981
80.40593
42.02463
45.27509
80.01040
52.02013
73.20855
47.63020
67.38014
62.57893
44.11462
75.52249
30.63115
75.72505
28.28553
80.66758
62.79711
70.03394
74.17338
60.52370
69.43001
34.14842
28.95502
60.00000
72.54240
11.25471
67.22603
87.58683
79.09453
77.62637
84.53498
35.82477
21.40335
84.70362
58.76707
25.84193
86.17745
24.07061
58.27969
79.63024
66.96432
26.29156
28.07249
22.61986
75.52249
82.81924
84.90031
37.35685
78.65470
75.52249
85.99937
35.65909
72.54240
18.67172
73.98661
65.37568
61.13427
19.94844
64.83115
60.73242
83.14235
85.75198
76.99712
76.11346
46.56746
40.36759
48.18969
59.26213
76.22585
47.06569
81.05098
70.52878
85.51920
44.41531
82.29074
23.55646
26.96239
73.39845
72.89536
81.56620
47.49336
75.52249
65.81787
86.98304
63.95835
45.09913
88.31459
70.52878
63.61220
86.62771
43.18342
26.38433
72.24917
88.63569
36.45268
54.22418
44.41531
77.16041
42.06166
71.85183
63.46090
36.86990
48.18969
70.52878
39.63579
20.36413
62.04681
49.67978
26.17695
32.02400
59.10185
31.70707
81.95215
71.68230
83.91172
18.19487
72.28107
40.65725
71.18094
21.03947
25.98923
76.22585
65.37568
64.05552
66.42182
81.96460
57.54851
28.07249
51.52140
54.02020
73.87238
85.21981
69.92295
51.10413
36.67049
59.51941
49.29429
62.51357
9.06872
62.72039
67.97569
63.25632
32.99589
86.58752
50.64330
47.23349
58.70259
34.56032
62.51357
65.68426
51.10413
74.38150
39.40057
64.62307
31.00272
69.07517
60.00000
78.46304
81.78679
50.70352
63.72864
33.35352
24.61998
82.99527
54.81130
11.25471
50.07450
36.52749
68.96278
60.00000
58.24314
73.87238
36.61786
84.78409
74.94535
20.15307
81.01070
80.18575
80.03323
50.75387
51.20719
27.26604
58.03428
65.37568
56.84711
84.14330
60.00000
70.94167
86.85029
62.83711
35.95057
71.55909
55.77113
34.14842
42.63934
68.58753
76.50660
36.86990
13.17355
40.96571
33.55731
69.43001
82.81924
73.87238
76.99712
68.61052
80.07181
56.74357
38.94244
61.34125
9.43001
81.78679
83.62063
39.64611
77.23632
58.14457
76.11346
77.24520
76.97642
68.38173
61.42812
41.68301
44.04863
89.42124
37.65846
80.07181
83.10790
59.63582
52.33011
60.00000
76.65764
65.63802
35.43094
62.51357
81.24707
83.03794
82.81924
78.46304
37.35685
32.20423
75.52249
78.46304
67.68200
62.18186
60.70136
79.52432
16.59784
60.47827
79.52432
62.18186
18.67172
66.42182
78.03483
70.03394
82.81924
56.94427
83.89315
49.16778
57.47725
42.46372
88.63569
72.63202
82.16252
77.75331
77.31962
60.00000
30.51024
12.75874
81.78679
55.77113
83.10790
81.68714
84.33192
75.82420
16.09893
70.52878
68.99247
74.53399
27.79577
54.98643
50.97720
24.61998
69.68249
76.53350
62.30345
60.00000
70.91788
31.00272
60.00000
38.94244
60.00000
28.95502
66.03052
79.63024
52.75222
71.51399
66.42182
28.50351
31.00272
79.52432
50.54911
58.24314
73.55954
36.86990
54.62346
32.20423
38.94244
46.35874
41.40962
8.90298
50.29098
35.09680
71.73377
47.15636
82.29801
22.61986
20.69354
45.09913
67.97569
67.97569
69.64559
72.07979
69.33268
39.40057
76.39104
41.40962
71.87380
49.67978
58.55102
41.40962
84.78409
76.89101
66.57237
47.35769
78.98820
28.95502
78.46304
47.52063
56.59444
22.91954
71.07536
80.12911
40.45908
74.17338
70.52878
36.86990
52.46865
18.31065
69.89449
61.56311
46.56746
84.78409
48.98550
29.42871
47.61126
24.34065
61.31460
48.86049
83.53040
75.52249
86.11256
72.73000
66.42182
19.60486
44.41531
78.46304
70.94167
55.15010
34.56032
8.27713
41.69755
41.40962
70.52878
45.57300
58.96076
62.64777
28.95502
85.78327
37.47200
49.85405
51.41640
58.92705
26.13908
13.53620
51.31781
62.18186
51.85549
31.95275
50.24285
70.30844
42.02463
28.16658
75.52249
86.17745
56.51462
78.46304
24.07061
76.39104
67.76673
65.52566
39.71514
22.61986
39.81500
41.40962
13.72913
69.38341
46.56746
55.48189
67.97569
51.45066
89.40316
41.80184
42.69787
52.11816
59.30841
63.61220
45.09913
55.55210
79.52432
60.00000
57.95317
60.42869
36.86990
44.72225
75.52249
89.04503
60.00000
45.27509
38.21321
49.85405
71.59152
63.15279
51.85549
73.39845
48.18969
65.47474
48.18969
83.37419
65.95792
50.39435
42.76226
71.44700
85.21981
38.94244
77.44414
26.52535
49.93336
48.86049
88.08979
59.24530
69.07517
70.52878
37.30179
82.97963
54.54946
34.97078
78.46304
63.93478
48.18969
69.33268
22.37215
39.90374
30.13272
43.53115
8.84973
76.39104
85.01146
46.26230
83.54865
9.30482
47.15636
74.83863
76.46481
34.77194
76.99712
19.74992
9.12606
31.64104
81.26302
87.47142
27.26604
71.83899
81.24707
32.06379
53.49188
36.86990
48.18969
43.34176
69.82873
63.93478
65.00525
63.89612
51.31781
36.86990
44.41531
33.55731
48.18969
23.07392
63.76172
83.62063
62.51357
15.94237
63.61220
52.33011
81.97907
63.74879
43.04908
56.82693
73.51384
14.43730
30.55843
86.45367
62.28225
76.94970
35.33450
60.99745
85.21981
57.31636
76.65764
71.59152
54.72757
28.07249
60.00000
88.95820
72.54240
76.86344
80.40593
85.85452
27.26604
77.44414
35.74802
73.08761
55.25727
63.95835
60.64653
75.52249
63.89612
31.00272
18.67172
44.27073
63.42503
28.95502
83.79373
68.75733
52.79626
42.34261
63.79664
51.85549
26.10891
85.08290
30.45031
80.07181
73.39845
84.78409
27.26604
31.00272
35.65909
38.49995
69.74775
50.64330
38.94244
77.16041
15.94237
80.64796
61.31460
28.50351
33.15341
67.97569
44.41531
60.00000
65.50372
70.52878
75.52249
23.55646
80.86680
82.81924
32.28938
47.74636
54.31467
34.45595
83.62063
86.41668
76.86344
88.66742
54.47338
29.72433
50.70352
86.62771
86.34033
58.17863
60.00000
39.09337
66.42182
66.42182
81.78679
28.50351
60.00000
88.08979
33.55731
59.07678
78.19711
58.99242
84.84286
80.55045
83.37419
28.35764
21.03947
34.00924
85.29835
28.07249
42.69787
74.25071
72.54240
28.65166
32.46174
43.13626
51.31781
53.13010
57.15468
75.04475
28.59212
71.44700
64.81566
15.45169
62.12576
60.00000
72.94238
65.55666
78.46304
60.00000
38.69474
77.04781
54.11170
40.31491
45.70021
62.89026
55.77113
53.31590
61.01792
55.69235
76.42642
52.02013
75.01177
78.82084
68.84915
51.63349
60.00000
62.42153
42.49182
86.12571
21.03947
36.60006
41.40962
53.96812
81.26302
29.92643
21.47842
19.74992
70.06773
64.05552
57.49906
73.04224
53.13010
68.96278
32.20423
39.62183
47.49336
43.76174
46.04305
81.15012
58.76707
87.13402
35.95057
22.98092
21.27997
79.92134
69.00976
9.76650
65.37568
81.48038
41.40962
75.80144
66.08347
32.10680
47.61126
67.89259
57.58265
73.87238
22.33165
53.77845
23.07392
87.45268
47.46377
58.37280
49.06728
28.95502
60.45212
30.45031
16.95743
41.40962
56.94427
82.16252
84.17737
88.69771
65.88295
78.78773
54.54946
64.62307
83.10790
56.74357
8.15054
56.45226
73.73980
38.31488
60.99745
37.09666
47.56924
57.20283
82.16252
68.26154
81.37307
60.00000
83.03794
62.87828
36.04933
16.26020
24.61998
71.94926
76.39104
57.27956
63.19340
85.84449
36.86990
15.64247
69.07517
76.39104
21.78679
42.26858
39.71514
79.19308
68.26154
23.07392
73.17355
39.40057
35.74802
36.86990
71.30606
29.42871
78.46304
77.36437
70.52878
66.42182
50.75387
47.89784
64.97100
59.18984
57.60763
53.51626
86.75511
80.07181
65.00525
44.67461
54.31467
48.18969
57.95317
48.18969
79.52432
58.55102
39.63579
52.33011
65.68426
67.18511
42.20545
49.99480
47.35769
29.42871
86.52540
54.42147
44.90053
8.54908
53.13010
33.17988
24.24963
33.55731
73.87238
66.92773
70.21683
45.40204
78.96029
60.59965
63.61220
78.11884
57.42103
77.16041
60.00000
45.57300
19.94844
29.92643
19.29666
54.62346
79.83575
31.78833
78.96029
16.77474
71.44700
67.97569
78.29349
47.90749
47.59098
88.78085
57.24938
70.52878
23.55646
81.78679
77.16041
60.00000
73.12273
48.86049
32.20423
67.60731
57.88329
80.55045
77.25641
52.33011
88.15143
82.81924
42.97028
76.27346
45.96306
75.52249
77.71551
51.78919
8.74601
49.02439
40.82089
77.44414
64.22854
63.71368
81.37307
51.12234
54.54946
63.44486
72.81520
73.39845
18.67172
46.11749
38.81071
62.33600
60.94072
32.63690
33.55731
38.94244
17.61244
28.95502
46.89533
23.43299
71.29143
80.40593
60.00000
36.86990
86.52540
84.53498
75.82420
62.18186
67.04550
74.53399
87.66075
49.67978
23.55646
33.55731
74.28614
70.52878
34.77194
50.29098
84.09144
29.92643
74.74248
85.34929
76.03204
85.69878
75.52249
80.79310
47.78806
40.53580
80.76444
35.65909
31.00272
64.84934
42.62099
87.27060
79.52432
72.07979
70.52878
33.55731
62.96431
25.84193
25.41462
44.16048
25.84193
73.39845
41.40962
60.35506
28.95502
47.15636
25.84193
72.17429
84.06223
50.20818
10.56396
80.71820
33.55731
60.00000
28.41572
87.95329
76.39104
41.14155
54.31467
70.80604
70.52878
15.94237
72.23674
65.02503
85.47194
73.39845
77.16041
27.26604
79.52432
68.06874
79.38489
45.78375
65.37568
70.12313
63.50281
22.19161
70.52878
84.53498
79.52432
37.80295
73.73980
14.59255
36.86990
46.48657
87.04530
81.15012
60.00000
87.70756
41.40962
35.09680
34.14842
87.50809
84.00293
59.22768
54.70561
49.24864
60.00000
73.39845
67.29634
86.52540
86.30093
72.67014
49.99480
43.23323
84.96759
24.39575
21.32906
79.88202
21.40335
73.04224
60.00000
67.11462
33.55731
85.47194
64.62307
73.39845
54.31467
16.95743
23.35984
35.82477
36.29595
31.00272
39.94451
68.31119
86.17745
75.52249
66.08347
19.74992
82.29074
73.39845
71.12350
76.78702
79.52432
88.80625
69.33268
23.55646
37.95803
40.70613
63.70212
81.43472
39.71514
66.42182
38.21321
62.30345
20.20522
72.54240
75.92196
8.84973
64.22854
52.02013
62.51357
25.20877
60.67283
57.86507
84.58669
75.52249
53.13010
25.29637
79.52432
44.41531
37.45658
41.40962
36.19445
22.87600
13.17355
83.54055
34.21605
66.92773
19.74992
21.40335
23.93893
80.40593
49.93336
70.52878
14.14111
81.78679
76.65764
62.62773
38.94244
73.73980
74.65052
60.00000
51.31781
74.65052
40.82089
70.52878
38.21321
72.89536
49.22720
19.37004
44.67461
65.37568
84.26083
43.34176
44.90053
86.62771
79.69155
36.86990
15.09019
73.15072
85.21981
53.47039
74.25071
23.16805
25.41462
11.25471
29.81365
71.71611
51.31781
89.40316
61.87293
67.52049
60.00000
64.62307
56.94427
41.40962
67.16618
72.22600
52.69480
60.76636
17.75279
45.35575
29.49829
74.59591
42.29192
73.39845
73.63890
77.58132
54.31467
79.09453
22.61986
60.00000
74.61486
69.89449
65.68426
30.59803
50.13166
79.38489
59.10185
76.57674
69.33268
86.41668
31.58634
69.51268
33.17988
38.94244
41.40962
13.26148
28.95502
58.24314
62.59241
18.54900
53.13010
53.47039
57.42103
74.26512
56.51462
58.85261
40.53580
76.86344
39.57122
77.41142
82.33774
81.97907
63.10345
50.83329
56.59444
60.49251
58.66775
24.74725
79.19308
51.92688
81.78679
29.16271
21.21907
60.00000
50.54911
29.18898
70.01512
48.81164
21.52890
78.05946
72.02259
37.60769
82.33774
41.40962
30.40155
66.56382
84.26083
21.78679
82.55181
78.46304
34.77194
82.89366
61.65709
28.30514
73.66518
37.48824
46.82645
70.52878
41.71372
35.65909
61.64065
73.39845
66.73018
79.92134
79.79241
25.84193
65.28015
62.72039
61.21780
47.59098
38.94244
88.51163
53.77845
65.85226
87.61198
85.50159
85.01146
62.81983
81.40638
70.52878
83.24367
75.52249
76.65764
71.30606
85.75198
37.35685
54.54946
50.29098
30.65926
78.91251
88.61925
30.27264
45.72418
67.60731
45.57300
65.16541
32.34653
62.02179
50.36229
80.60352
84.96759
71.33708
77.39774
21.78679
25.33168
66.29286
42.06166
71.59152
40.72105
25.84193
77.23632
66.86760
33.27304
84.53498
75.31403
69.33268
60.00000
85.01146
44.90053
36.19445
57.71772
42.34261
55.15010
70.52878
41.71372
84.91649
61.56311
73.39845
57.42103
64.48361
16.42642
70.52878
63.61220
81.15012
41.09479
70.52878
79.01942
31.78833
75.69646
17.75279
57.60763
88.26350
55.15010
58.33176
43.76174
48.18969
70.52878
37.52351
80.71820
9.76650
74.99973
55.77113
57.27956
43.34176
36.57954
83.62063
79.98459
32.63690
60.00000
77.29097
58.55102
57.33797
65.09894
25.41462
13.72913
51.90106
72.68535
68.09095
70.52878
44.72225
39.60193
56.25101
60.00000
60.00000
21.91926
12.52791
53.43426
62.33600
68.38173
61.34125
65.44387
41.96189
75.92196
53.77845
67.48169
38.81071
35.85261
79.83575
82.61295
58.63099
75.23222
77.44414
62.83711
60.00000
64.62307
36.86990
79.05460
87.61198
41.91077
78.46304
62.07247
32.20423
81.37307
67.70903
88.05740
43.34176
84.71527
23.27706
75.52249
66.42182
70.08295
52.61680
47.46377
78.46304
62.64777
88.56746
56.86137
62.96431
36.86990
65.14711
60.00000
84.90031
71.33708
66.84260
81.78679
17.96975
48.18969
83.19901
57.20283
27.26604
78.46304
75.52249
12.52791
76.80530
70.99920
65.50372
60.00000
53.51626
60.82360
58.24314
36.57954
43.04908
60.00000
84.78409
86.17745
31.99425
24.07061
63.21112
49.99480
44.41531
61.36901
76.48109
81.97907
82.50528
84.37373
34.94801
78.22426
26.03178
35.09680
68.38173
62.39233
18.19487
47.54585
48.62252
28.65166
82.71756
57.60763
71.68230
81.91599
65.31795
88.26350
10.38886
70.27537
61.92751
57.97407
78.46304
53.13010
20.04998
48.75039
67.68200
75.04475
78.46304
35.43094
56.25101
53.45132
75.17818
18.67172
53.96812
66.42182
31.00272
57.31636
66.18116
76.22585
28.16658
65.37568
84.66244
27.26604
63.19340
25.84193
69.74775
85.21981
52.08746
84.96759
74.53399
77.33924
67.97569
79.19308
79.01942
36.86990
77.54421
50.06073
43.76174
54.66801
68.67631
75.22037
81.28526
61.06147
80.91528
73.14204
48.18969
80.21218
24.49465
63.61220
86.41668
28.35764
62.96431
25.84193
58.24314
31.95275
46.64102
36.86990
55.15010
69.68249
89.30125
85.41143
59.58038
78.46304
39.16949
59.02220
29.59185
60.00000
64.44530
47.01411
75.09940
72.89536
83.47502
66.62013
58.92705
38.21321
75.52249
26.03178
68.67631
73.23413
81.15012
18.19487
57.42103
77.44414
63.61220
26.03178
67.04550
70.21683
38.94244
28.07249
73.39845
51.31781
46.27669
89.38390
33.55731
33.55731
44.41531
72.54240
89.39688
36.86990
65.79517
73.39845
24.61998
83.53040
43.94552
43.34176
42.26858
77.16041
50.62386
87.13402
60.00000
48.18969
82.81924
44.41531
75.01177
77.89655
26.52535
86.12571
86.87322
13.53620
67.97569
88.91888
35.37459
66.14055
27.46112
79.52432
58.85261
58.03428
70.52878
68.48981
64.05552
68.19625
82.81924
46.33218
45.92079
57.26077
82.81924
21.27997
52.50475
60.00000
77.62637
73.29166
86.17745
52.50475
44.75329
87.87745
46.18694
63.21112
73.26900
43.83714
53.88033
66.92773
43.76174
44.41531
46.51442
87.50809
86.01792
43.00088
30.72279
68.19625
83.41056
27.26604
70.52878
14.25003
77.75331
43.76174
57.69116
21.27997
81.78679
55.77113
88.85401
68.31119
68.56875
17.21055
60.50763
23.99510
85.80388
70.91788
86.81526
20.69354
33.15341
81.78679
47.29990
78.09151
72.47002
77.33924
85.67167
36.86990
60.00000
42.34261
29.92643
50.26965
51.81652
20.36413
77.29097
46.18694
85.84449
84.44656
47.74636
69.51268
39.40057
33.37879
85.99937
51.31781
64.05552
69.61574
62.81983
67.22603
81.78679
86.98304
13.35118
25.41462
56.84711
67.16618
57.76905
74.65052
44.69642
31.95275
86.62771
68.34311
37.86365
36.24932
70.52878
66.96432
68.53987
77.97530
82.81924
55.54287
76.80530
57.12165
44.41531
34.77194
51.92688
17.54350
43.34176
53.61413
54.11170
68.67631
69.58379
43.00088
27.26604
85.72022
8.40981
70.52878
23.89551
38.94244
38.62483
19.60486
66.27803
70.52878
28.95502
19.74992
62.51357
86.17745
60.96826
27.01229
9.91156
74.61486
37.42801
89.15738
21.98640
45.23300
36.55566
19.40704
74.68349
32.93523
79.27785
43.70627
77.77421
84.03643
21.18278
34.56032
35.51598
68.41901
41.40962
10.84406
40.60106
26.03178
29.18898
44.76508
40.11917
39.78769
80.60352
21.03947
73.39845
37.58467
52.33011
32.85988
36.40152
67.76673
70.01512
39.71514
87.39475
72.98135
69.21644
68.58753
66.62013
57.30071
86.75511
73.15072
37.95803
88.04636
45.27509
87.70756
60.00000
17.75279
19.74992
81.78679
55.99108
26.52535
33.55731
36.86990
39.71514
80.40593
48.18969
41.40962
33.55731
35.28126
88.36275
59.65838
64.28072
47.39633
84.59946
55.87671
39.71514
50.13166
53.71254
34.86384
70.52878
21.03947
39.40057
49.67978
33.82216
49.29429
63.61220
19.98887
54.31467
68.85953
41.40962
59.32258
54.76558
81.24707
67.64887
53.65880
22.19161
65.37568
73.23413
43.60282
78.46304
80.40593
53.77845
88.63569
45.27509
74.67061
55.97713
56.88018
45.14919
55.27625
79.19308
44.41531
82.81924
40.31491
30.27264
65.77906
33.55731
53.13010
41.40962
73.39845
88.49204
82.50528
35.55484
42.34261
24.85050
37.80295
50.20818
71.07536
80.60352
83.28775
61.56311
39.71514
62.51357
80.79310
33.55731
48.83514
38.94244
51.63349
56.63299
31.00272
70.52878
63.61220
19.18814
17.47537
48.18969
14.28690
40.36759
74.17338
66.93641
82.81924
70.52878
77.16041
42.49182
65.14711
75.52249
82.33774
51.08218
51.79908
87.23769
87.54371
41.14155
45.92079
14.83511
64.41700
24.61998
85.50159
32.46174
78.91251
75.02326
43.34176
85.48893
34.56032
38.21321
50.47880
34.25602
81.58503
30.72279
48.70013
50.75387
78.46304
55.15010
60.00000
36.45268
89.14481
81.78679
74.25071
52.28279
14.36151
59.29364
83.62063
36.86990
82.81924
75.19349
41.77535
67.11462
40.78704
44.79132
48.96153
28.75172
58.10921
58.55102
58.30323
55.66001
33.24190
65.09894
58.82545
65.25348
63.89612
56.25101
37.74924
70.80604
60.00000
16.59784
45.57300
58.14457
69.64559
76.27346
81.78679
54.58142
41.77535
66.68204
33.97635
52.33011
43.98578
49.90418
43.91000
11.84027
51.41640
15.79028
60.00000
88.15143
60.00000
74.97389
38.94244
62.04681
46.56746
80.84587
80.87804
44.00343
70.52878
41.40962
62.33600
48.86049
71.44700
72.93369
65.55666
29.92643
42.74557
78.46304
76.11346
8.32066
86.81526
83.37419
84.26083
44.25704
61.72629
75.52249
82.81924
45.92079
29.33211
16.26020
89.23603
40.05455
43.64050
61.84164
79.90634
27.26604
75.52249
74.06720
45.57300
21.91926
47.82258
66.57237
27.26604
51.43687
35.24751
65.98494
82.81924
23.55646
19.89825
86.09044
25.84193
47.26789
86.62771
28.35764
86.98304
59.27823
87.27060
51.31781
73.66518
47.11293
27.26604
75.78188
43.34176
37.42801
14.83511
17.34144
48.18969
55.28851
20.25778
66.42182
41.40962
25.84193
31.00272
87.45268
74.81689
83.95767
43.69090
37.16729
41.40962
89.26542
46.06216
73.04224
80.91528
75.01177
59.22768
47.01411
66.55619
57.27956
51.31781
80.58197
39.51765
80.22315
51.31781
88.56746
48.62252
86.77036
60.00000
43.94552
70.52878
37.45658
49.25969
78.46304
60.00000
56.45226
55.15010
47.26789
47.26789
50.89310
82.43916
87.95329
56.34321
79.52432
15.49873
79.98459
60.00000
53.13010
64.34256
26.52535
55.81978
54.31467
23.23146
70.52878
57.09758
28.75172
31.00272
45.03565
88.53072
46.82645
67.60731
60.00000
10.14179
77.47489
24.43270
78.00700
56.63299
63.12441
40.82089
26.81432
68.67631
39.26803
64.62307
41.40962
28.35764
78.46304
87.82369
24.39575
87.20397
65.77906
27.42177
61.31460
70.30101
76.39104
33.55731
57.84185
70.18507
12.03457
41.40962
72.79601
49.06728
88.02389
62.33600
66.68204
70.52878
74.91368
87.70756
31.19365
53.13010
88.56746
55.41922
85.58827
45.27509
53.13010
53.51626
72.54240
49.67978
85.90396
62.04681
55.84708
41.86831
54.17116
75.52249
83.16286
55.77113
76.03204
62.56938
46.82645
80.04704
28.95502
38.07223
20.15307
78.11884
22.98092
66.42182
60.00000
56.87198
67.22603
73.12273
81.78679
81.87032
48.18969
76.94970
64.89728
73.39845
42.34261
41.40962
53.71254
39.32309
19.40704
44.41531
64.14022
57.24938
33.55731
85.64423
75.71453
75.52249
75.52249
73.39845
84.78409
65.09894
70.52878
62.96431
68.96278
60.50763
27.48933
48.50918
74.87833
82.33774
70.12313
43.57358
19.74992
34.56032
61.84164
67.86368
52.83110
64.37797
10.56396
66.62013
82.81924
83.24367
78.84006
88.83062
35.48320
54.07918
39.94451
33.55731
41.18587
73.39845
43.04908
65.55666
65.85226
68.89980
72.89536
15.09019
71.44700
65.60383
87.98921
73.57092
65.16541
67.04550
22.47437
42.58589
79.52432
75.52249
41.40962
81.15012
67.29634
88.85401
44.61319
56.94427
73.94287
75.52249
70.52878
77.91853
58.92705
39.26803
49.16778
54.62346
43.60282
60.00000
85.43756
68.38173
43.76174
52.02013
82.58633
72.46010
60.00000
87.61198
55.55210
38.69474
84.26083
69.07517
39.57122
79.52432
87.39475
60.80360
72.81520
60.00000
80.40593
84.19612
60.00000
50.47880
85.11786
88.33902
60.00000
51.31781
71.33708
80.40593
29.92643
48.18969
53.13010
15.35889
53.13010
31.00272
43.76174
45.57300
48.18969
61.56311
13.72913
36.04933
62.83711
81.78679
36.86990
83.43757
87.13402
70.14611
76.56611
15.54620
48.18969
40.74905
53.89366
71.59152
75.30158
37.32767
25.65618
36.29595
39.71514
62.57893
39.83815
13.08735
69.92295
43.34176
33.20310
74.53399
67.97569
47.64795
57.14238
67.97569
40.65725
33.55731
61.28066
51.31781
73.30025
36.12893
25.84193
56.25101
85.80388
32.85988
19.74992
38.21321
41.40962
48.18969
87.27060
56.94427
36.24932
69.33268
36.86990
70.94167
10.30451
28.72661
24.24963
70.52878
66.42182
46.56746
38.94244
67.33039
23.55646
40.72105
19.37004
68.10657
63.82103
60.00000
71.79004
48.18969
57.66397
66.42182
43.00088
87.13402
25.84193
28.95502
85.11786
24.61998
81.58503
35.95057
10.65491
55.94420
85.37435
84.57201
55.15010
22.61986
85.94540
77.16041
50.16156
64.89728
77.97530
45.17708
69.74775
60.00000
57.60763
42.07502
77.02712
84.08271
72.70466
58.82545
69.21644
72.54240
46.92722
47.88752
78.19711
17.47537
50.29098
22.91954
60.00000
45.09913
40.74905
22.61986
69.28875
14.14111
78.46304
63.07459
54.05867
66.42182
63.32177
33.55731
54.90037
45.57300
80.10315
36.33606
78.74815
21.78679
24.61998
79.19308
30.04051
24.61998
81.15012
78.22426
69.39938
53.96812
45.85883
54.31467
55.77113
78.88545
48.18969
48.18969
66.42182
33.36699
38.77045
63.44486
69.39938
70.87767
38.94244
60.00000
44.24048
57.20283
14.83511
30.32698
32.02400
47.15636
74.78154
71.33708
27.26604
85.13859
85.80388
73.07383
87.45268
74.38150
34.65603
61.56311
86.41668
77.25641
88.58515
74.74248
15.35889
57.07927
82.38418
85.80388
86.62771
85.64423
60.00000
69.21644
60.38842
53.81734
60.00000
36.33606
71.62606
46.56746
81.95215
59.18984
49.13182
66.42182
38.94244
27.66045
69.00976
14.59255
82.93029
88.45128
79.98459
73.04224
49.99480
44.16048
88.66742
49.22720
26.52535
64.97100
86.13443
55.32188
15.49873
75.52249
21.21907
64.62307
36.86990
53.13010
23.23146
55.48189
57.76905
78.98820
69.64559
48.83514
80.40593
62.64777
33.92311
83.16286
70.05143
87.98921
19.01127
77.16041
79.59788
66.29286
13.17355
71.79004
76.44522
9.43001
18.19487
53.57643
61.42812
19.37004
66.63721
40.72105
25.36268
43.34176
35.09680
55.77113
37.30179
74.90521
31.78833
67.48169
70.89668
72.01165
76.65764
72.83755
75.88302
39.71514
65.68426
74.17338
84.09144
65.37568
40.96571
80.98886
79.38489
62.45145
25.33168
21.40335
17.75279
67.00661
87.27060
71.59152
49.01101
43.04908
31.95275
58.59214
48.60165
33.55731
48.18969
56.47926
44.57529
87.91606
63.68544
75.92196
37.52351
54.31467
79.88202
26.29156
64.92977
41.40962
60.00000
48.81164
52.77560
25.84193
73.68614
63.77735
85.58827
36.86990
84.78409
82.16252
17.54350
35.73129
57.42103
49.45840
80.98886
88.36275
34.41151
48.18969
65.77906
70.89668
42.53690
69.94896
16.15216
61.68238
88.54932
72.67014
50.97720
70.52878
21.78679
81.78679
81.78679
74.53399
58.48463
83.62063
74.87833
48.18969
51.05520
74.65052
84.91649
48.18969
80.40593
38.21321
81.37307
61.92751
34.49498
42.83343
83.27978
57.20283
70.52878
51.49071
70.52878
62.87828
78.46304
87.79577
88.69771
77.97530
34.77194
83.62063
43.76174
49.67978
72.44703
35.51598
29.37492
60.62221
55.48189
55.58261
45.81561
54.90037
85.08290
60.00000
41.77535
73.39845
56.25101
86.88456
57.57251
32.91199
69.21644
86.01792
77.57333
20.23671
76.89101
54.45126
52.33011
85.53086
26.66866
83.70837
79.19308
26.81432
15.35889
46.18694
45.48070
78.46304
60.00000
40.82089
63.61220
51.02124
72.54240
28.95502
52.90240
75.52249
86.90142
60.52370
62.40893
79.90634
69.74775
71.12350
13.00282
54.42147
30.55843
42.94914
22.05417
76.50660
27.26604
81.54348
51.02124
41.40962
53.43426
77.91853
62.02179
42.26858
82.16252
53.57643
65.45646
42.59881
80.71820
23.55646
78.46304
13.35118
79.61114
65.80546
82.81924
82.26362
45.09913
77.71551
76.11346
81.78679
43.66374
73.39845
38.94244
46.18694
65.09894
63.61220
60.00000
27.90547
75.52249
34.30115
76.03204
42.97028
85.44793
84.78409
34.63546
87.01449
87.13402
45.57300
75.52249
38.94244
37.95803
70.52878
23.23146
64.22854
62.77752
16.48297
26.13908
31.89079
41.40962
75.20750
79.66011
43.76174
60.00000
54.82421
33.35352
77.62637
28.07249
31.00272
35.28126
58.89108
86.48990
45.20717
74.35579
46.29789
76.86344
18.67172
39.85428
61.56311
41.71372
45.57300
60.00000
67.22603
71.44700
64.41700
66.03052
48.18969
28.80214
89.32592
37.12722
45.09913
15.35889
66.42182
83.84936
33.55731
55.15010
42.53690
38.21321
33.55731
60.00000
57.60763
48.18969
56.25101
60.00000
86.09044
82.81924
35.57710
56.43098
84.50582
47.56924
73.39845
87.79577
61.31460
66.12379
83.62063
59.22768
85.16208
42.06166
87.75253
60.94072
75.52249
24.76330
24.24963
63.25632
60.00000
61.13427
69.51268
47.26789
10.30451
38.94244
25.84193
16.26020
14.36151
64.37797
74.17338
70.52878
75.52249
60.55911
70.52878
61.31460
74.26512
84.26083
41.40962
41.73182
67.20097
52.88274
79.95517
61.31460
56.25101
65.68426
49.67978
49.02439
64.97100
36.47429
67.03032
33.27304
70.52878
25.84193
85.41143
75.73679
80.40593
25.14125
35.65909
64.89728
68.67631
70.18507
84.93791
19.74992
86.41668
56.47926
74.26512
61.17455
40.19176
41.40962
64.62307
53.13010
35.89170
46.27669
24.61998
87.13402
33.55731
85.21981
48.18969
53.54417
21.78679
31.00272
84.06223
66.42182
60.00000
35.20713
67.29634
16.77474
88.38582
12.38080
80.12911
82.68798
38.36332
40.36759
77.02712
25.84193
88.26350
54.31467
44.76508
70.52878
12.23876
50.83329
65.02503
60.00000
33.08750
73.08761
72.32776
73.39845
53.96812
64.62307
79.32807
75.85100
72.54240
36.04933
76.65764
38.66411
20.69354
62.51357
60.00000
80.16964
21.03947
60.42869
41.40962
54.72757
23.23146
37.65846
82.12651
27.26604
79.09453
33.55731
60.00000
28.07249
49.67978
47.29990
54.76558
85.90396
74.87833
56.82693
21.03947
51.31781
60.00000
86.21951
66.03052
63.86573
45.57300
26.34942
45.57300
62.18186
72.70466
86.17745
78.59900
74.57615
39.71514
43.64050
66.03052
77.97530
52.02013
63.61220
57.82767
42.20545
78.46304
54.24859
49.87597
38.62483
52.02013
79.71344
87.95329
62.36947
56.63299
41.91077
41.40962
42.43059
56.25101
54.02020
30.45031
60.00000
25.84193
55.81978
50.47880
75.52249
56.25101
36.86990
80.91528
22.49498
79.01942
40.36759
18.54900
23.55646
34.77194
63.61220
87.85090
60.00000
54.82421
74.53399
78.46304
43.34176
37.19239
78.46304
15.74055
65.37568
38.94244
58.35934
56.25101
69.67356
52.79626
69.64559
78.08141
82.81924
79.09453
75.52249
38.57265
84.26083
65.77906
76.16478
52.39824
58.41186
81.01070
8.95722
53.13010
43.86866
68.46382
45.92079
48.18969
85.53086
67.05605
8.79741
12.23876
84.78409
67.97569
81.15012
62.33600
28.19364
51.90106
61.13427
62.28225
57.54851
68.05370
65.76210
82.33774
62.51357
61.92751
78.46304
60.00000
60.00000
58.03428
35.77483
68.22469
28.95502
79.52432
36.86990
78.14243
66.42182
72.20841
36.17393
62.96431
86.87322
30.45031
32.38754
42.83343
50.73475
54.11170
67.60731
51.75338
44.90053
87.90335
76.27346
42.83343
47.54585
83.62063
48.18969
17.96975
29.42871
41.40962
68.83155
76.29977
44.53959
56.25101
56.67067
51.85549
28.95502
49.45840
69.07517
55.32188
80.66758
13.44274
76.86344
45.27509
