Denominations: 1 5 10 25
Good coin denominations!

Denominations: 1 5 6
Bad coin denominations!

Denominations: 1
Good coin denominations!

Denominations: 99
Good coin denominations!

Denominations: 1 2 4 8 16 32 64
Good coin denominations!

Denominations: 1 2 4 8 16 32 64 99
Bad coin denominations!

Denominations: 10 21
Good coin denominations!

Denominations: 1 2 4 8 16 31 64
Bad coin denominations!

Denominations: 3 8 20 50
Good coin denominations!

Denominations: 10 20 30 40 50 60 70 80 90 95
Bad coin denominations!

Denominations: 13 25
Bad coin denominations!

Denominations: 10 18 40 80
Bad coin denominations!

Denominations: 1 2 4 8 16 32 64 128 256 512
Good coin denominations!

Denominations: 1 2 4 8 16 32 64 128 256 511
Bad coin denominations!

Denominations: 100 200 300 400 500 600 700 800 900 999
Bad coin denominations!

Denominations: 999
Good coin denominations!

Denominations: 100
Good coin denominations!

Denominations: 100 200 400 800
Good coin denominations!

