279468385 149465457 145295126
237697682 155619440 90207127
196012557 112917456 155989789
28957612 34735622 114562385
106365864 510274806 125728827
7423692 17827175 16872486
112124661 104625841 164047457
8194622 6624000 14122771
66685297 80050754 30992268
54103216 96990096 123969235
392405949 199083036 99243741
2261745 3079367 321884
89701756 176573733 6643561
285873973 266621737 277734626
78202700 67130099 50899917
686725740 518126715 51407475
330069055 217201424 375332316
104865208 96723670 11091152
316557363 323621334 136998264
419672162 419508841 114334110
97073249 96931665 125993209
140140620 95783091 221240743
347904618 103623124 508482821
587257329 269389724 240075412
315066131 856170531 481852963
69352182 89135720 84185705
207357808 129732919 458585013
273408369 254094273 304823535
703700057 838517498 755040983
356244865 217504737 90144910
17363603 67410059 46288674
960653 62671188 82366466
272834840 157159541 356542680
69264110 86451892 85666141
61819769 26773148 65290650
772743406 741504766 185277681
33500315 11236185 27842148
27073983 290749915 408923666
330092593 755688736 642687877
54440357 108118755 149824764
279273087 329275270 294331300
477153254 315649328 6777173
621092023 870019175 425265052
31194700 142549414 190194907
54496033 69787373 54005566
212815848 373435488 275682130
119645790 437498391 14301418
526622507 250695735 535762861
55147089 43703989 20387901
210503197 240806897 264564192
43008110 61679448 55011769
241373940 82587562 118284669
781413456 322485109 931193300
88282752 71829128 270062033
195375714 223846147 157297668
320452763 349917523 260550291
368029793 273338159 768665517
514952333 394060468 868775106
96829788 10514917 104426361
280815536 179888877 131658826
61991291 11589926 33939108
183612316 89502244 131297465
86664162 170661493 10714436
125499629 52795627 115388964
313849160 38684321 233298277
137184178 412263899 68496600
442709229 546515413 173530727
48749440 41764299 52228922
638574473 559835529 179124308
467211034 818629583 269763308
284556114 103373968 257759165
250854533 116058510 351241930
272845240 251289081 174219414
15544386 29500424 5741984
493884956 49814554 462914411
327802046 84687617 400377828
463108531 16861909 19715361
81989926 92245858 227526799
241678417 184307120 362781567
513842972 116368334 750161495
133997561 181250724 209263401
96750017 40001335 136697855
466241982 46916294 347516972
579313124 84911539 504369325
50356442 55189489 49484956
560552202 622520929 686973912
259507485 287138386 23021737
162251059 159766920 105881837
644827383 49090219 355239243
177401681 53084221 22895933
401830969 356103921 280954777
35710177 8585793 15850199
549541410 933684781 424190906
20744235 169700484 98172678
97514979 227966282 36432858
462345032 247064890 569390260
317419017 108955399 143177180
47274194 125989770 68510797
281300035 251957621 16176126
21844374 429247788 100826143
100122590 16164870 227484487
632255172 472775491 823979900
221361784 175796303 330846954
23437927 2471235 190424938
393638879 461282633 36077898
14467566 14540219 84007046
3576648 494610780 460918839
712454500 526873092 234315859
9129277 43882220 28486257
593945 1522862 141417
148735902 605149601 526555356
412498398 167849796 427339976
50336933 47715360 88060535
391640537 77370875 797257853
203811601 123291279 207551623
20660407 326341068 138899475
110188136 129875671 116948982
18873845 54212540 49473138
424882209 34096865 177839525
307962840 471667712 326838734
221258843 179212647 442056781
73203867 42785670 61529626
418544846 19973620 224605484
166923412 110467578 491536394
72055238 85529191 23510650
5513948 462516 2482129
19453557 899563 263186
37232620 6339034 173319871
904247954 737596855 729645939
144183553 55452929 189479127
192611666 655169025 202935729
367766422 170232858 488066112
306133301 52091539 388938659
198094317 9288640 456627986
184627669 352773876 92643715
93591418 857748941 111827172
291648430 265903924 111586350
23800088 211599613 3401112
316908203 102335805 322062803
252310044 383201735 14900359
698194239 475698210 629669148
72057204 67343125 6651060
19852957 273143329 44056394
152255830 88518152 158487869
227911083 449507795 105061888
167273689 302838018 353259952
246061683 387510046 270948823
62114962 131680870 78605858
84686642 375782458 189088562
467720333 432912908 383396114
388625556 188067566 146065625
159397311 128098804 14488840
119468573 721092812 130059076
3410693 4758363 40357420
201953559 109919234 22959950
414541968 181915763 7098455
540551650 15120968 552085519
63134108 45048134 280965306
618758573 159212181 652963928
523389486 268026964 619218785
243776230 95923991 54196502
59906414 126084073 274885545
333723319 279455691 189311394
298380437 303391568 476001035
426447 575167 4901534
290946336 287823650 19176144
4613890 11277056 2141846
322698430 645310444 372556253
263203397 209996925 499497266
84807738 76995294 140554023
50943394 81670759 109547945
57823489 181271319 127363783
46763436 48340355 67675443
26860073 21823018 61724188
863707316 666857186 535605435
376166441 326650725 208474539
255197674 738347242 314491033
44870960 74977024 101705451
203901196 19271059 200016200
131139514 52282408 53093289
453476631 684160966 147921566
805679920 71377683 384125923
527439952 517171839 277317715
94496737 51227740 112298242
250374534 82194172 714467428
164732281 143274615 28140790
306103148 379463695 177462606
496815069 309672442 491662538
436095864 495579545 205821825
138349441 16632543 666781048
313256521 59644110 173868370
578514797 843871085 841818641
374774874 671764737 622312983
91095521 15976327 35578374
33580902 63373789 53005528
194889129 673131977 47372582
1905025 207806925 142590392
583799104 694200103 176943398
483163982 653089115 24520551
248324870 182948505 159968071
194249758 183742270 7364314
233721123 267076411 142488782
150631978 755346859 642704762
108155171 18310832 163860619
683295062 305921940 575224182
449772718 395717164 298839100
106734276 8529333 283953200
173336593 449709844 262463674
83101478 63862630 180342847
385515484 287457302 513320026
436956377 398523620 325385021
265827211 82313911 9258932
154748504 309008938 236184266
44073321 16863321 79987872
610637774 105456988 539828997
100426368 2023712 454093863
92938076 145821163 59590408
589395489 388238913 387872628
286683937 208777898 309325950
324317014 80901160 149163715
513542130 9570160 877905065
187907532 241961226 387282978
85885670 71848732 155400790
283149286 342074557 88657518
67475993 108167370 91224910
363478630 411985660 315479780
132045761 67058157 247918963
67874443 106550866 67702062
634085438 750089690 676377667
768560704 978293068 92990969
7465320 12189608 5792883
12413339 166463400 165647194
88936542 42584740 536406
191179319 475189323 753139927
35558505 98661619 106401125
43468133 76782190 92470091
40889940 5290398 90158991
776826339 617136828 677407443
49089518 42335844 22482117
111587480 99470510 30094460
118447281 380480009 421263571
689601422 721995561 323005450
428408078 153491164 755555148
280140462 102200709 71946578
13596013 18031958 12810180
496814762 419683800 15803217
150398525 132701864 78775106
384718503 701829259 791917766
186335765 762893009 274888752
21660375 368288327 326578208
568745005 744243094 117132966
193783522 287145360 78102241
233437651 355028038 397728225
27832192 234929792 175164518
216145093 102442798 17724140
160455177 140516825 165990026
204044602 131240280 236091539
8776227 3538400 4898141
10445288 3203072 6541551
351753842 103346200 134190690
250827661 85214144 65538792
476021906 460618964 635320700
158173717 821722484 723472410
143487645 63726363 104961630
540802946 2281344 568619573
482803351 61445531 718047047
93292123 95148887 213266891
110870567 345480536 832924761
483853130 370241992 736461786
230051671 128315729 336347807
77300781 152262211 195788897
182183785 479076216 284696772
17138177 129688767 55597373
11507433 31240604 46525807
4296917 775780 6377301
18537296 118613035 25502526
186956657 175011500 24556403
115622339 22285433 272815308
679604557 216524588 215064894
417230842 507291257 496133440
348475 859308 387994
186648464 467445788 337347948
134799978 32673947 112274069
65083136 629048353 139235815
294227221 268544781 194766392
401940068 416175902 207382814
617292445 303851493 448819761
537674213 288378211 484454292
32874037 180902562 55696877
92300692 104455838 57927171
655340722 712079521 137414160
153985946 154565768 171032785
72097921 802276856 697380048
609561053 182710532 878022218
73850362 40685560 93464247
57254507 94775548 254663043
218708984 324339527 37894142
263535715 557285494 350546673
262327699 254425004 110991658
398037073 526533169 466472800
291072806 169677383 35666770
39615 43671 31763
121713401 274075627 253586271
56141315 22477783 29931398
261757520 271083919 267783294
644055550 102888381 412557769
77548838 108327934 79432914
201073092 91844515 208785941
171716741 131214735 145639720
610626041 574142140 364605114
285412150 172306358 211969668
5719968 85618412 159002282
44322201 160229678 45189801
53689581 614749221 62792556
490692390 352965444 4762919
534272692 636001807 337889058
161697405 119772481 3361079
86000652 42967180 47625851
292510 232088 192033
128988130 73246750 443779071
7546619 13572266 13672209
886398780 343800742 437637368
336925954 98422057 158358548
504065035 30320394 539728876
519702303 312360079 569406682
108358240 571216482 632773129
28093150 379451335 239257728
452415645 176658769 251227646
679489357 721586302 409436060
395530988 358049254 88096192
128996691 211919884 209896953
23756975 53731957 14580781
107156809 260902871 441301302
451184332 430173761 207265553
3633576 1666582 1739263
227363128 138601939 39684477
6248646 10976323 13880393
314153117 164912875 370093231
752732360 611517479 278517633
13996781 120288413 15887208
57328655 97366223 75295632
173882974 284546519 225396465
190400283 413840670 232771724
629600724 5490622 865094296
412643051 404056640 629305578
369032851 129120431 102488383
131283874 46618182 46172863
217593632 362636832 446493784
85593267 95102733 95998950
116177274 240955033 137789428
339320897 57370943 108481737
872124218 379624473 354830546
66943489 52349252 49129151
39142674 350553098 245808071
20733349 34569576 639419919
447609203 866788727 234719019
91644882 14116699 16348482
19361926 24504377 50791299
25795640 19953099 193948133
243496897 66892305 123495033
154192637 31585827 11516188
423301405 530298124 292472912
349509831 377069151 398802503
147381733 16753495 34488039
68655742 188375304 662780593
1571998 57251541 36925637
226189103 79203477 174193087
160212044 50197958 170298792
129989122 493647615 181490199
149957025 578140352 526653080
423866452 699112121 139413672
96511486 41058600 409880897
552740758 81555724 400052367
325975480 265140900 327465862
849528530 264030096 485687221
104022592 58107330 40936735
227989241 294828953 732732372
327346293 339534319 141325597
62198340 53684996 220743203
185549619 263045303 176467556
23363943 63998245 31149752
399636699 193180377 396149624
52199460 281188496 22389416
591749 8050550 1264635
342236859 143860390 144249010
132413899 262566378 301660403
261088736 536354623 368581616
124375060 35735540 126299082
5379029 414895973 90115767
189044672 222539842 71710803
531180389 396464284 519958866
939773784 533868124 659386913
80102789 91662909 368872207
226931899 29344580 243034827
151756614 78171812 154407901
362559049 267354985 137591684
530086090 616860151 482515882
200344966 195927148 253524833
106815909 51489125 303885776
468092396 595454566 330423953
319314663 187516985 319876135
939402290 575747357 783345005
125588779 825214663 298033808
581811112 450847690 461314252
352277766 410783534 574538335
138241864 170058913 42105393
440773527 291554015 238621981
364694946 303896788 307832309
139356752 272357833 302770629
494673520 407239000 342681340
167538526 234289712 103315353
16942132 164644043 328247874
627110832 693666886 391629599
261152609 79803009 516344950
144660559 171963222 66292489
418108813 696497130 96438380
6624172 52356472 37414439
489789886 428286814 214488761
44433581 123360949 174988530
902606964 494667798 554195186
21720617 16320415 577337340
13536581 27240995 28056360
65251856 95549582 32160423
496842405 126938307 227290478
219293411 70872440 137091339
216969928 292197160 266181555
263193725 160823651 92177159
7757729 127746933 20881173
111589950 12907758 121791860
15913908 67519137 62122054
33244813 10839543 33946390
343725681 160134306 225892825
20937328 74252027 46835827
39840146 25389790 3843857
121951175 113946198 28988980
480353021 325853681 50514279
382552547 334722995 823825341
104787921 248117641 9613565
186070749 142701387 80814818
6989985 10957487 17185884
1772929 12190802 3325933
24774609 545395940 739726250
638361120 120420906 557022598
224032910 488222815 29298222
221080728 439747581 364611411
62053566 92394960 355446189
220446179 12002844 135015451
787675484 238895119 580445664
263310487 208539376 316182954
205737155 300510212 281145649
741191668 435042866 819482396
102981344 108940831 69566883
619802799 36835120 649323035
538908648 828041535 525449303
371067565 2826131 250600302
124864084 62427732 77381599
34545924 75144324 694934343
52870479 100756799 39542825
635542757 711486653 233875083
127488900 222135159 40399687
54063245 10406631 67798341
360013745 99444047 10838883
291698218 544020572 301365613
395314623 590206779 565981995
201725431 309723833 167696311
105039966 48733140 166853114
110671548 200427430 164966662
362884369 170832065 47644110
123484841 69034983 180792998
22992827 188424811 33812931
696311431 93462861 117211315
17737993 23650152 6703543
196508071 62172194 252032540
240768513 409291393 428643002
271660906 82549400 321036799
6586128 22166607 11217941
41982351 354527531 94456187
14966633 319840712 145155755
65532172 22224480 108126058
118163742 385326455 342711246
259931942 13527514 172919022
370075028 242210414 396651486
157445836 886691534 951916731
264526226 206923916 388712751
5734696 98003222 94279483
245354583 655186506 352101463
307917252 293599464 360982305
73392501 289609237 364008847
253435438 536255734 730750887
58203921 45688416 17008461
536533863 443431236 105262392
154494862 20630476 81116001
390061436 11916034 317407477
280624873 184857369 21017461
300012749 481231936 437667921
299655306 345378431 152852724
97515838 57984281 175053471
127594628 127293192 107029263
323845569 157522209 100437862
26211954 55224936 124256610
508908308 174859534 16472391
3919764 75716279 20245729
246222413 491037525 35677108
123231005 346344136 318140331
69345781 526738020 438879516
299046658 809760375 235291726
219263818 137801856 186204397
640072709 297219144 376612322
71357553 16357636 74372705
50377477 80021811 187995232
442882434 439878303 332165043
93427285 106777133 89423895
49566147 74947125 79528992
594025076 218694947 69170848
289488025 598727206 2456291
10014757 10738107 89996788
474492171 515360240 163236344
476250105 801758997 763501498
166974482 245784428 257270393
13335738 35570668 2292605
882522564 572353047 701656658
55528346 283165698 189368573
32317832 64653380 135090865
188504496 323188305 409580692
111176221 167977016 102771295
653926285 397464966 131551249
36880016 42961745 495748098
649940379 723664978 701538515
251741282 243377440 29579396
193787058 211751105 170626972
150641105 254296279 409508178
230044821 113847341 499678736
673624962 110119360 714537356
175002839 64515349 142765194
35278668 5244682 22112843
71959539 101692829 11260225
230696566 45918444 221501971
120066650 26100928 91043298
11519230 47930707 44764209
314304756 740182994 918712487
33191376 105503236 63739256
12028875 226985824 154805665
164397458 353013641 376268835
15922368 113810008 113741288
744722 9428178 14566651
182471675 302253445 275946913
83762814 38206439 48765860
58835660 30564661 85832
428947895 221340814 225951362
218054191 170633234 268682792
647517282 272109495 170106526
486090062 660804877 224318733
12497087 20673150 591481
240597540 471370582 37045095
177179306 237621178 232654819
161221858 523229729 507539742
448806489 385096522 472703460
150311788 226508874 31797722
295099253 130953720 249010018
672525434 488388008 208528569
25447102 124848373 133161014
140460051 113032038 74017724
164456691 245344340 162818229
28873436 152040144 114900199
84532208 62487759 239268302
422728694 864162551 332936849
489693343 184234481 257933575
388289889 692522128 806497409
25161485 16917074 138986558
146242724 58618053 499264735
108273581 26240869 101702120
163398542 27321676 396470061
201548538 403888777 349902149
43235641 14808040 41649546
585838051 633001803 320725495
195872384 232850433 213206016
46088332 233858262 742921835
110484411 42921318 203244041
76183394 241702980 139647769
69489657 34594328 440262614
771555034 678944215 549734617
298729808 27303112 216610506
274225684 108007719 271158675
60102675 400971328 38854238
385638346 540653605 220351275
532396081 403463771 233199852
446239778 41250950 376533415
228863722 623075936 602770025
557188655 504564076 450873458
323404559 358966720 90369954
11211903 79500214 255957869
6642752 11563106 5987546
71337080 192812272 192669396
919116338 468506153 650889224
115677226 118366568 134629515
82675669 22816129 55711490
19424120 156275959 243678779
232814935 386036715 221375686
485397666 358034857 284256516
74617874 253558698 208977554
268180458 114918096 213840041
33240820 566529991 21011787
24746883 37254072 49539041
33528005 27341557 107748353
397280506 200971219 211262633
820523109 40399792 651481171
89487516 536270376 635395077
58275620 50203923 124265329
177435526 590740759 348237373
20728117 139903656 266623054
411773234 341384890 399327334
426457443 18948979 18520019
41338650 16267488 22952451
184035231 124131355 183078278
137962235 634393007 593793527
553856266 661397501 687101920
625724581 348854420 10773993
795003016 195688595 661692900
103414938 82770406 54278403
54341386 124231288 333345591
534945894 456292585 907915949
20502847 22976799 287477191
89971524 213524210 77481267
44395574 216585898 285604850
239082728 703026066 371633009
55565827 7491185 111918781
309172863 358129498 125582237
541792507 397258235 446332551
164516339 221660580 579089439
109584799 507606663 522108997
102484139 602045272 20925948
362774790 80991872 780057149
321515538 44640576 181501015
159412504 51173358 185075055
878604 905699 948436
349149363 79764191 153461756
531448381 391688101 370146516
373727482 100640070 284074981
138157991 175119451 68468839
2884773 261163173 268483737
52957066 63319372 86486685
380323861 150806954 10912175
124168076 63553444 150547919
41703977 36189900 55914541
299459271 318024674 270532067
350718858 424032364 35556413
306176774 615833693 617573689
11343053 3428588 2875629
515640075 311407607 48370941
343426994 141648215 516890487
302673603 77437670 51395894
674125002 412418871 966998876
2001601 61285041 2208238
312995541 75407259 208693573
234203352 151315353 396739566
226720499 19128465 703386184
17655259 64587736 121132841
741226579 237547782 160520740
196284655 262944051 277374751
196417060 110943868 202058115
254318204 66479725 245602473
149643359 727600314 239691698
271026566 351752156 316205125
407574909 185714213 324127885
61892710 10349471 28078127
290954537 705228597 846220300
1131166 1646305 49496712
473764159 854260786 344769768
228455742 98942678 220993890
630034958 496884364 896881877
168335628 126392386 397758863
255613030 358992652 112018277
169152146 5477056 262566195
706635606 462106068 613845045
953906835 53496785 169731151
421561760 700883209 549224035
298944786 105828319 446165096
50074551 488314809 473041381
381281572 214798610 222913144
163437739 154499389 232759222
26586155 138748414 176701714
814594718 680870724 827511717
339081080 340234028 265104015
642116550 485165508 19223904
1527936 2016642 198297
28703636 27674408 25802631
16004203 51352466 87268683
167289532 230157830 59659267
276057824 11030230 223098327
344528241 386737211 348566860
18351194 54493432 29909092
583568805 478033172 479414105
691566728 656044424 536019398
386467893 195213993 134864194
14369694 124609748 146585501
12465475 74934708 23543321
287274503 142511999 88272906
752007354 188518008 29293713
400469718 584117572 627817397
39837360 754402 565414745
95978789 296825818 13041093
364545855 158040353 191767604
29928858 380857672 177736897
189284070 200358250 54323323
5911635 156699982 730613314
3488469 41413977 48667254
90611592 594186197 656355047
178869661 177270139 239036340
429626666 329581864 163764527
208039553 649196929 658024008
42830536 52674896 120974745
482372079 494919200 299677013
48534566 703964827 35944271
15534936 4851484 14034663
70427973 140931564 98681317
271599671 399977700 46761605
218403333 7220515 602546527
151633067 40788135 42572542
186880864 94930566 91460840
110909990 32302420 156223114
58592636 467682546 482123994
30656834 36844191 18947929
522383979 783346023 253371179
227705516 408068438 146915781
555455642 324881736 484693877
257666731 480098290 979406377
88904007 26785795 190867697
241934590 221791584 141169121
338445147 561816828 395511840
23622510 175287828 7020889
742920041 622497689 596166772
285980058 1114380 12372282
82857699 360329366 100945724
12509449 54649464 61693690
462472935 562147446 653491411
20021153 12624480 16638547
454456793 79241441 597910202
774460578 237468656 735652033
19475001 127946366 94303865
35373006 213597490 405175630
42351446 73322687 68956251
12366209 2099582 7453140
293946417 212332812 25121578
289358352 473236019 373165322
78907726 189046448 172442595
487520904 96747104 163729553
41019078 76695780 67803723
215829145 795175273 64425914
65261075 211574626 515650434
295192179 541922959 520484079
52189605 8466447 25688691
91893873 279014901 244404402
114707102 59512381 114544280
75310811 64904958 29389548
748870762 398086441 747158349
34065416 25507276 26436945
83437630 78580108 90358557
139427697 52797383 149077890
7160770 619261 1694387
173009502 220749855 3609513
12649024 1050350 8579528
375434131 622456814 202891755
219868961 464267150 266382969
583886162 291713200 509163390
7092160 677438240 41418853
403902004 15840802 573323533
1361867 214499586 22025799
71823906 169827631 213208180
284748280 268150983 265754950
644106096 592339776 99703200
79803112 461365131 593074846
10839870 3411664 775573405
342601694 420034270 185875901
345013253 228492149 54984489
183951240 56046926 539480575
20603562 15492080 69324051
448190742 377339763 590608557
36204719 213233988 830138143
162686504 102345371 35266250
284019156 223953063 106757715
86532031 72203354 261022540
75511211 127113568 92755383
3138935 3395761 3561600
11415207 69283576 391008824
333508996 157293239 286906490
731914438 652901964 434576713
439778906 486632279 255094659
372265820 450889691 305645498
15522250 146094061 494652894
405730085 61927757 76590842
151722700 14297939 339014508
500604907 88102473 556357052
181338347 119099107 124648629
502915333 354128600 668132793
600445649 391329193 342817214
81907593 17244975 37884823
146581209 242935990 260683728
404968862 108880820 384485841
882740115 830466607 817808239
5294888 3567586 3608533
139394920 131527869 53791452
458722883 366493417 458906643
314593483 720424320 510170930
116323449 57761959 49998557
296227285 717142744 198836524
200658706 797155505 380356761
379031021 514741486 109148943
145084360 539841161 602354620
76160851 117359467 185921198
21945449 193049797 145905855
65401653 235143224 299325946
204273916 503199941 180104622
143324630 135435029 115115806
107093559 482935681 477814421
91283779 178736063 463765179
621172050 804821767 215247101
299622357 243938587 145539029
490644458 166545564 85524915
429708703 347924711 792185172
265905063 189110575 195214294
154019012 78030922 149606187
819910234 47485608 146826262
264629092 375047812 344964665
73783362 166106213 452713756
543972524 59977136 229038190
381957261 287351237 134231492
110721138 75006882 142100730
207699038 5532152 253447095
159125367 84882467 76947672
20426581 15884037 13992606
123710181 148339621 45679571
459491534 789496261 454095417
747594417 283355884 804006904
194586178 900572397 663520998
51884186 24119281 67681107
11195729 10625205 15681143
878571010 494730880 472340949
507910536 308954834 130318561
26344734 585451 20535784
6548703 738716 600935
188315052 681215491 533390036
82914393 270790089 167587407
178366986 52787638 6973747
117074174 193769675 87992888
147550936 11472228 7230487
456070670 370668148 740049947
389814287 68379689 631510974
380380359 550385272 575251695
134473189 101372028 15294331
544833583 360063503 146754784
247872006 149976828 160895643
271271344 324961890 337166218
189333172 103223841 192198650
235262710 684141459 255189430
476119850 147321564 305614393
164433272 157859914 194056287
8827750 44447164 54516686
58609293 413080288 89611550
29025080 62878010 131624684
407212276 256058777 100435836
1129251 5718960 1157184
286789487 282990 9168706
339728684 514644073 492948854
17056017 424695 65995260
516845142 699529921 808640898
122483465 108747297 101184468
115075469 69076373 873586881
134295108 276157457 186448839
193091995 203330960 455346487
394205455 587865768 532690361
28917334 18152132 47094357
739704750 258354348 514565606
35741815 539940046 46947841
26631469 242313375 117341728
324552069 241342467 407771688
3752953 6662014 5494098
2206821 17947224 10051029
54560562 765622319 418736738
500376744 273683827 175903213
26738295 59947229 1449566
13104967 62532315 50830124
19695928 287934351 50076597
331895646 551521377 215973141
48739935 71385872 343202729
622227875 337804054 512352138
384646912 571677699 89556029
125458588 162970533 98362474
487128879 384537286 333037246
286502742 120573760 614892412
42114354 30829263 47468952
91713877 97156754 35946763
28546929 106637956 99248291
917905686 266848357 153295505
154910485 68648226 255086434
25048348 351139430 31548496
124223054 28034347 223605325
222914054 213801012 818626257
233355965 87464111 285484581
257772895 506576734 95290626
595765705 173695696 740182556
481794739 28506915 598369644
132332244 117622143 190618308
131282214 241802495 265469597
325264700 635662383 600341757
387446943 428120228 322273907
118665755 306330216 160757314
245440368 695039101 307933412
137509640 148566904 38439851
142837380 287496867 234335899
127256010 503789621 260136062
337883187 376321863 286188468
347612888 52129503 341746109
338712580 26844409 171224424
89048257 265328705 158768541
231884952 429004222 25815509
179687832 13027062 161201403
483220088 468304760 170471142
183680302 86336910 160543636
78565294 75594092 9528764
766296171 746206511 747327590
568124074 138654440 107906106
48215459 296643007 33693944
377395789 377402416 161273868
452027720 134358601 452285106
462893588 585775014 385717849
85982241 60826380 272437595
254509810 417909960 119675359
504341442 609870951 60636900
416533118 531993983 678930733
461968767 447536935 259320886
139585802 231643340 635844711
68841181 120975845 95176368
169297998 59086849 249546728
392936858 272093159 18093656
391532577 371157920 103904576
204893260 585331021 175302376
297111704 158884278 202949328
385933668 567754235 136948751
21962489 1538496 57485887
75993962 160849214 29793450
523597232 319914287 628561021
377861378 1969437 311377265
444300722 105080080 400633405
277588989 50992859 695517202
678177636 597299234 707214617
216724227 637375902 379546651
77645536 64055011 60865716
10531112 8840776 9923824
328889288 113768488 404339145
132690306 105918258 275468897
173571037 397392965 233004000
6466892 12010730 21842661
46965633 26404267 8928169
432451710 502784723 631291340
72498854 380496556 340741916
136408716 150830316 185952743
4180597 404710968 200154114
891438682 369729000 258561394
593123327 579854275 710418291
74601119 26994939 44911252
372719733 414621880 185368181
19474621 40444521 23325526
59117215 24282873 41435277
21639309 80457755 172608334
386685394 65934032 56179845
70165328 206796712 131290780
651360147 436768432 643409831
14981005 112325277 57281505
436453946 371043416 54780802
218154448 52816448 52226464
262242 796008 2696721
33693967 32610689 347537328
691346759 413927926 489764929
885528 176755282 35413108
3058743 120461898 305860213
775481697 76413452 795915942
188693093 226029690 263649448
13151913 93750063 5907826
83791988 34159982 126645709
208759647 100767376 73946711
17138082 1248923 1569608
782833010 599404537 598363113
330743762 452205142 161133096
236268810 86248128 343941297
101274057 44289153 26374749
73132199 65580994 188240533
544286717 153712856 711465507
856698318 679338117 859982052
167015152 144190100 716910311
809713340 537900346 290514912
156922501 443927459 505523271
359531843 6133520 30638298
175953813 143373018 156884316
646359 11287850 9447021
189978949 289640484 108972895
58901136 229407184 188460488
19241023 207352258 82560209
134757208 8537302 92805622
26931393 212245564 285499405
145800863 220051926 205479132