21422 3112 15318
7646 23240 19524
1219 16545 21676
123 707 232
792 1690 1063
13819 12177 8638
21249 10511 17894
7491 20925 18807
8098 25662 9018
2192 12742 8174
6626 14260 4349
2089 17505 10735
16257 12073 19100
19814 16308 2683
3138 15114 9693
7367 1359 1580
7645 9987 3004
295 841 1156
10829 2501 10470
5544 16950 11900
22274 11390 7296
490 1820 13446
5970 23478 767
6851 17261 478
52 64 22
5663 20004 11570
8531 16944 7990
2334 538 5039
7206 19332 9553
26904 15138 16660
7955 18092 14556
9950 19440 15587
6309 1619 17462
7827 11651 16520
21641 26793 19560
10196 3564 5220
730 2 1128
368 890 286
22 18 15
7087 11979 4789
8280 3174 7927
15082 16131 16232
19435 2425 5652
2326 7491 4137
191 41 76
10841 6393 1791
5221 17055 18460
7528 29088 26224
4915 6053 2436
16460 4414 10951
2954 5676 9106
2842 20280 5164
329 1169 1461
9983 9789 7756
2525 5065 24294
17527 28699 15162
3086 3458 1626
16823 5885 13102
9945 23582 4094
4593 7484 1127
4902 250 3872
2800 1206 870
254 5608 7520
14275 22409 25947
12021 2296 4627
1225 114 412
14136 11338 8455
1751 289 11994
4695 5207 7204
540 226 1267
10647 16752 20265
23893 3828 9921
2007 93 16380
8054 5443 1878
1270 3548 17061
8532 2538 2778
3253 2581 5942
6904 3904 1743
12471 25905 2181
18861 13627 6307
2356 1478 12762
3246 26404 14789
8053 2173 5559
8215 10873 66
12897 6257 14030
4635 6159 7940
9322 3992 7775
50 1706 1328
2879 2787 1508
19086 12756 10665
1318 2167 2006
2772 4188 660
16595 8999 4464
5248 2657 5730
10572 18424 9892
14201 1809 14170
7167 19517 13104
4435 2033 3532
8154 17441 10757
21531 2464 1430
