11459 982 4413
7902 7742 5975
527 9604 12868
243 13 324
24653 23409 25480
4 16 3
643 1213 1624
597 1493 2240
21183 22341 15252
263 192 92
8237 6161 5942
919 925 672
121 431 240
19746 18402 8415
23295 7537 2542
11370 10136 22193
12302 14323 16743
12843 5877 15880
5257 3698 881
3579 11315 8304
10932 10026 11339
4156 20478 2923
18242 12686 19272
5214 4340 16502
18277 1890 14541
9425 8475 5599
6468 9244 4312
6299 11133 2270
460 730 2400
23664 16472 20432
3702 1876 9770
21559 13863 4948
3818 8187 5101
7956 12170 15965
7019 5687 1373
15145 11845 2016
146 16544 7215
432 4272 3631
4953 23583 613
22100 28546 2677
616 9542 13647
1084 4258 5115
1894 2042 3958
22165 18955 18900
1357 1675 3546
548 1952 670
1440 360 915
2831 14190 26739
3831 3028 2943
6418 2366 2215
612 101 377
16800 4527 10416
10370 12784 4407
18198 11035 6164
23632 14706 22428
1228 236 1822
1314 10375 2181
13190 11504 6382
1599 4631 5630
4901 302 4257
17840 5685 15667
3541 3835 864
18279 12923 3858
3814 1296 15029
4807 2557 12148
3338 7397 2934
4969 8251 7882
14304 6884 15068
12159 5701 556
10942 4154 10337
3328 3108 907
14887 16329 11732
1393 2135 2520
11047 26280 2471
6289 3113 318
3297 751 2657
164 200 215
2895 1047 6228
28430 66 8395
15352 1016 16896
4737 12627 11784
14234 16937 7548
22792 23890 26123
8193 5113 3586
313 3267 3304
14504 3336 13386
3136 11090 17802
7792 8108 8904
1411 5053 9743
9352 5680 6538
13734 3441 1086
26723 13516 16664
11799 13069 12420
2383 1425 2428
2637 12281 6802
3966 3022 7043
8201 18730 10227
1658 2513 1739
411 7058 7238
17103 5410 18030
6481 4377 3281
14385 26577 12108
11806 8602 16758
11725 13349 26516
26058 15983 10951
14616 3974 21455
1372 436 54
2722 8912 11415
3288 9202 725
13028 22646 20022
19115 20754 1716
4165 8165 780
3263 23123 8870
1397 861 1004
4997 7279 4842
431 619 414
5650 13919 8580
19506 16097 16385
5273 10197 1150
376 20056 8856
1527 4879 4770
5136 1310 2276
1970 2239 366
4870 1630 6235
24297 11873 22592
2795 7775 2790
8675 9011 4546
1073 12781 21998
23 152 1015
2043 787 1913
1870 1470 3068
7999 16898 14784
9336 5782 51
16151 14069 372
9423 18416 13218
1405 4234 9924
1873 3445 2598
12658 10386 6652
1318 7728 11285
2569 3781 7698
6659 7791 7918
2708 4158 3643
17903 22085 16829
8887 2885 5490
9037 13773 8728
20037 2623 18166
12566 604 15776
1101 1277 324
6190 11764 14938
1637 10395 3185
1636 948 2303
13813 1244 9054
24394 118 13220
6388 6850 30147
1197 6067 6869
9492 3856 5806
199 587 368
14080 16402 8115
822 5613 2706
6754 3896 3241
5442 5214 4608
1526 24721 23907
6657 4141 9512
19832 17068 13420
16937 17032 11331
40 552 169
25258 19707 4270
3798 1048 6765
6248 3160 3456
8818 11766 4115
23535 2331 10546
5773 323 4618
15302 6906 4367
16892 9171 4663
6014 3339 4361
22384 21082 26810
4296 23 2528
3457 23123 8430
18252 16385 17357
6365 8136 7633
27780 13314 16188
16125 30869 18466
1194 12486 23748
305 75 38
12341 8413 19462
19589 27506 4672
9923 12744 9527
4069 1331 14800
6011 23693 16878
2703 3139 2956
10271 4037 15268
8907 7655 11820
17320 16391 1746
13923 20781 1728
2812 9422 4971
20533 25893 7288
3396 748 9988
19524 4506 19731
4869 2496 3114
3139 1785 5842
6693 11361 3630
6354 22060 20269
15674 18324 14853
23507 12089 23118
163 92 201
154 394 678
399 498 273
1035 1403 1592
18283 14887 12006
466 560 1537
19136 23461 9130
483 1943 125
16850 2428 14959
12659 18364 17311
3660 1999 1286
1065 5981 1976
25791 24620 24225
31192 3421 28964
3446 17842 5590
5364 4590 3616
6491 14263 11970
16392 7818 18530
15990 8618 5088
27324 1565 20073
6413 19145 2448
23317 24747 6576
12336 4110 8664
2733 7506 11097
1660 5737 8926
18358 8500 14313
2943 4879 4908
476 1742 2483
18142 14044 7677
6911 6549 3378
269 2257 10678
6668 21796 22728
2492 718 2550
27695 7007 5559
292 156 517
2159 10873 1830
10430 17006 2466
4544 4030 3039
7142 6938 19954
589 2123 1100
3177 1503 1170
8120 11397 4921
2031 33 3128
17594 20438 11716
7273 10121 3504
4266 2872 6225
461 3613 16576
12480 4179 12973
488 358 1870
470 3080 1373
1709 3019 7680
1477 2652 4624
63 1513 2315
3705 702 68
4396 2274 6104
5459 5359 2930
98 112 342
3278 18200 13653
4037 10038 444
4587 739 3644
12054 12822 14608
13853 7699 3896
2920 2054 1719
3889 9098 10874
11270 12070 9280
461 1454 321
9191 22250 24084
5643 13700 11040
2703 1819 1112
2571 1409 789
11719 11307 7524
13107 7703 8362
294 24334 27809
13000 8296 4000
22302 1895 1184
15486 2997 3380
13044 7056 11804
6567 13246 10872
7727 10121 13340
5920 4184 8169
18124 22773 16553
4309 2437 5872
14382 560 14876
5250 3568 545
20995 8612 11926
706 9074 6071
25833 1064 8558
4229 153 3710
9285 7947 4485
9442 6144 4627
1956 2772 2094
13266 9974 2656
9402 13985 257
6813 14899 4417
2565 1697 18983
5421 2205 3288
7623 3743 4876
863 9001 16120
4001 13939 18560
14301 24733 21356
4828 1818 2443
3087 5847 17936
1802 1313 1194
7371 9143 12723
8942 15600 11641
1982 1232 2217
1420 18876 29139
4845 24857 600
21951 10551 8876
5572 6568 7076
322 110 354
3134 1154 1791
8587 10693 7480
3599 17685 411
1775 2452 2439
6826 15115 6012
25540 23910 15520
18152 11181 17159
12356 17232 20271
10905 79 8872
5588 17154 10078
3780 9776 2951
3675 3093 3510
633 41 2
4641 11947 11726
3670 1476 8999
8474 8314 6708
8500 3181 7406
5043 1031 3640
4651 13755 13234
1185 1152 11
1567 18471 18676
13267 24385 11982
13170 10298 18778
287 399 292
4299 4538 2633
8991 10898 2549
760 1140 510
29639 3391 16866
9854 3788 9124
7894 3824 6615
7621 6429 14291
673 3139 3240
19136 15607 17353
38 31 42
16680 3048 9774
13471 25634 6123
3136 77 3940
19020 14304 8388
3111 1423 526
1360 11132 6300
18600 1658 9194
5477 12725 2644
4246 10929 10060
13249 13739 16310
16605 15377 3890
1346 679 4294
11496 1925 3764
4221 1919 6920
9187 4660 2400
21148 6548 11400
4714 2722 3372
5754 490 9665
7431 5997 16692
1369 6968 2733
12817 4961 9208
6449 12279 2722
15646 8704 3273
6249 3651 9020
356 341 170
1263 10638 4049
505 524 293
3111 3011 3506
4728 15487 318
527 3789 5542
8243 1253 4991
258 8620 7397
4625 22811 11352
1546 262 1905
2669 419 3636
9694 13299 11784
11270 3904 12921
6245 3082 27646
2017 6873 6790
11916 9226 9255
9004 3710 3627
7267 2597 2970
18031 27785 3724
247 2163 490
1250 8616 7033
425 225 2948
8029 339 2840
9878 12108 6999
5177 21018 15435
2684 14198 12171
7375 5861 7101
5433 5975 6206
4474 24 23005
3923 989 12009
13499 4729 3954
6439 4161 7264
4963 3021 12780
13063 20457 6495
12871 3747 3508
15261 4269 315
19661 4859 14244
968 132 1021
5672 5520 3492
483 3747 3672
10435 5029 8488
6794 12288 11801
26951 14235 3099
7657 18389 18434
4033 16454 2543
3327 1910 3679
2478 10194 6035
6075 4265 10277
4801 3519 6415
9217 23337 4126
16588 13853 6801
9833 4591 8121
7823 6737 19443
6805 10867 10752
2963 2041 5218
14138 15584 11584
5774 10764 2204
2360 5467 6981
10670 13976 4769
11541 9412 12428
5863 3934 7710
14127 3589 9377
460 5696 5928
14861 17083 4868
3768 3242 2919
6334 86 24345
1379 2885 3834
14663 17036 8991
15707 6490 3678
839 4656 1320
3144 1880 4205
2827 18923 15294
2614 11788 22509
25794 16359 4845
1392 14358 10114
20510 22875 8724
6458 3246 4768
37 1259 1618
13984 9094 5299
7688 11632 11496
16419 17935 1928
5649 28859 29854
12231 10071 1652
508 17915 18988
378 244 542
27504 28532 28796
14224 18709 11256
7277 15143 2052
5577 2680 5620
122 156 187
9447 15438 16695
19840 9467 4752
10253 27805 18558
9484 7788 248
17795 5057 16584
1291 1429 696
6200 5433 3532
2582 163 2010
7065 851 5868
18143 16047 7420
13580 7998 7660
9374 22977 25963
3738 2496 1582
8921 65 5064
5970 1752 2706
9325 15339 2584
2894 2394 6584
2984 17960 9290
10138 3242 11165
1219 4045 3838
71 14797 13812
12169 15939 18564
3388 1086 2244
1954 14472 741
5989 3709 11160
11514 23416 18269
2655 433 5150
1754 9378 3193
13505 122 5115
2148 2068 8582
533 290 951
9978 218 11444
310 271 3180
9767 22948 24467
270 956 389
13561 22279 21720
274 312 549
