9935 14461 3744
3705 6170 6377
140 4528 1923
34 66 19
7288 7718 25403
28557 20934 18635
10692 9714 11055
242 4510 2640
1127 4512 578
3816 7676 8356
3453 5544 13547
4008 6937 10700
13461 19346 13091
374 724 645
9370 12278 14469
6305 4105 7746
16317 6337 5072
18679 8558 6654
298 4985 5541
8240 9374 10866
11054 16809 953
14925 19443 5700
1326 1880 633
10934 12524 6000
2219 2511 2850
4251 5757 6506
704 17744 5556
8914 16000 4665
10704 7965 2509
1361 1087 8704
1447 2865 1330
13882 26064 8671
9304 3224 20908
412 1372 10170
583 6243 8170
16606 1671 4615
2393 3275 2000
10968 21132 32296
4564 9258 15441
1043 13 390
4820 506 1208
1444 9412 6288
1371 4644 4074
5841 12734 6476
16234 16826 16200
9634 10724 10848
14989 4122 822
780 2303 2573
5784 21084 23900
8143 9390 4656
3997 7707 7790
489 1785 3564
1483 22906 18699
18093 5277 9312
6338 11596 2153
8537 5691 1115
12533 9547 27680
3073 1169 912
14406 9500 12005
19974 12818 3483
7108 4554 21730
941 3029 558
9514 2025 3574
1629 2235 2596
222 3718 5474
10711 19795 13563
1200 841 234
1528 2432 7248
1373 13703 25390
14519 10259 19040
4775 4091 6831
13204 12519 12716
2626 1826 2149
4387 9049 252
20062 13768 19406
2242 6608 11168
760 955 1764
2292 10010 3476
1175 3525 2600
16002 11182 8535
928 1008 1240
4641 4581 16032
4298 5289 4680
9509 11337 14204
11111 8233 6190
19239 9412 19583
1066 1188 6103
116 1844 7733
5972 9085 623
2051 14430 6289
11068 20688 20621
11895 16295 11365
16394 7930 11509
16756 28400 19533
10028 5572 5420
4653 2839 2280
193 8993 12144
963 982 465
25655 22723 7814
6119 6029 5160
13295 4400 8019
864 456 1793
1915 2078 318
10045 9339 23826
17094 20664 20825
1950 15387 4964
8992 182 7487
19856 4064 17328
63 1445 842
2881 2153 2778
21573 19508 22064
3690 5254 4264
5732 3179 2742
9301 5829 8932
23424 13208 10544
15738 2643 12360
5240 13974 3601
22816 22334 19215
5143 7189 1858
2659 4221 6449
6533 4779 4756
755 1135 850
18276 21560 13993
7043 5706 5971
2727 3561 5718
9440 15984 916
11794 2929 3549
350 96 288
8573 15544 1817
13448 788 11093
8021 6147 2924
6795 3343 13214
20727 12529 4754
367 7745 6456
16350 18942 19964
1541 7414 6930
166 3643 6753
1584 516 543
20328 5710 9596
9410 1413 2155
9269 2229 10876
1076 820 5
480 9890 4562
16486 11903 26934
3396 26419 24460
4864 10844 8748
12178 3838 9411
16823 1907 17782
1861 8779 10452
911 9206 12060
8094 3798 4408
85 4583 966
838 738 96
32 122 440
11993 13657 28890
5 7927 1822
29828 11462 18843
9920 7442 13172
298 6948 2485
27054 7552 14825
7081 7735 8694
14949 16175 6426
7830 2800 4003
6109 1017 3594
14287 18679 23832
206 38 11
2598 27835 1976
2422 666 3040
2224 8902 1008
10757 10832 6550
6056 21670 14136
5917 22656 16843
7499 10839 17146
3882 6406 6897
20995 15111 6490
4333 965 4266
20055 25843 21288
7009 541 3620
5970 172 3029
861 461 416
12758 20603 14232
3336 4886 1766
8211 15249 2898
7718 6816 22978
17895 18447 24704
5246 1242 5656
25 215 84
19319 7611 1182
1305 6483 2114
12380 7676 15309
15183 26309 10244
12732 14031 2622
6225 22229 1798
3133 1069 4392
6350 5751 1228
15397 6753 20110
10635 10569 5828
7865 25344 5984
26260 3623 13092
4589 17772 11019
1399 11051 4991
15292 12438 22943
9308 20790 5073
8640 2152 7301
11421 5308 17263
1622 4922 1245
1520 6756 8339
17165 11560 5627
5264 13118 15214
26734 5110 29262
24090 6570 14760
3024 1420 1456
3169 4246 3665
1771 1047 1394
2668 851 2899
3922 2274 5860
24032 19234 18303
10695 24811 6731
950 20324 157
13256 8044 1199
530 138 420
2848 2937 2189
1122 1354 932
15602 9374 17360
2467 8623 146
16542 28719 9283
1954 1748 2490
2489 593 10584
7481 26457 24708
2159 7633 8250
2364 1686 7035
1551 2730 5810
11789 19459 10026
12820 2776 12138
507 5474 9272
4984 2850 1219
1392 1076 5097
11383 12870 22594
1073 13695 14936
1924 11635 2235
14267 4764 3060
12526 7719 11341
2102 4842 2260
857 806 213
28621 5837 730
2408 2272 14148
10800 17625 14883
16872 11920 26763
1095 672 592
8465 11271 2962
2743 957 4180
6632 1210 4451
13268 15745 6378
5366 754 5187
2551 16683 13216
6835 8024 1325
355 1011 1758
4051 8615 6538
13927 9979 13554
6517 5847 4668
2750 2424 1646
153 7503 9315
23292 5254 5733
8992 6436 3493
5385 439 17350
826 4775 5619
1941 6056 5060
14029 6545 16788
1751 17385 20944
22794 2692 12698
411 17317 610
173 461 252
14576 13608 6448
15327 5731 8192
1446 1336 1045
4025 12451 8846
6631 6889 11853
9846 20759 4666
9857 1550 8118
5766 7883 6669
12905 6769 25142
8874 5204 6584
3126 1232 8196
10383 4503 6688
9811 8699 17217
4696 72 2311
12394 25842 20869
4670 1118 5544
18486 27914 2204
5078 15002 772
4273 13417 12894
21052 7520 15171
15388 20504 8616
13089 12495 16060
22167 20732 23363
4950 8116 5261
539 1001 1008
1041 785 462
9666 5676 4801
27824 13134 17207
6417 9163 6770
23122 2975 29724
22058 10562 7728
6025 3833 2636
16841 4135 11096
8944 7080 2482
7349 6223 5941
4728 8928 1519
18419 14409 18830
13855 18440 19050
1483 319 1729
18883 6779 20162
2297 297 775
3768 14481 12782
2356 12484 31654
757 2739 1152
18543 19021 2498
2319 2341 2434
16844 11622 7611
29975 20208 11494
696 1512 2068
3439 537 1148
23496 1009 24563
6441 2881 3422
8820 1254 6441
10369 17729 18648
1089 4666 4010
17423 19934 14856
11229 6957 18243
1882 14556 6901
7155 6579 248
10543 6417 7510
28230 18708 19918
7625 5749 4168
4673 8341 6775
28385 17305 27150
7085 8361 10510
128 1212 1717
2319 9811 23338
2192 11188 7985
8487 8717 1942
10363 13425 13875
1442 6316 4690
23 21 22
15893 7665 14291
6401 2157 5158
14696 13449 8499
12336 15666 3957
743 5224 5093
23165 21037 3846
11197 9241 23172
174 4050 12160
13419 8025 14834
15573 935 1187
3525 8971 5684
25451 9839 26286
6628 4931 2439
794 602 228
10412 1253 19670
3473 17577 11500
14202 1118 1154
11941 4427 4796
16449 25295 23522
14 12 13
6182 14333 15510
25942 7144 22368
511 13403 6660
190 2800 1042
9885 13735 3138
8414 17016 21247
6346 6024 445
124 14296 343
3976 5947 1383
2277 7839 2420
8328 5766 14937
1066 1258 2208
259 2763 12186
316 2220 2422
3595 2875 3762
8952 802 4022
9450 5110 11711
765 9609 13207
16442 17717 9533
17922 2802 20493
15889 19884 7394
3579 10942 3537
407 16115 11106
97 738 460
4858 1830 8466
8752 3745 2682
3138 9674 19460
4398 8834 11950
1457 1478 2385
241 11777 88
8247 6228 13152
7177 9707 3094
5368 5964 6252
11374 7382 18378
17280 13333 3226
12371 3090 1936
2935 2157 9730
452 194 142
24387 18263 29354
11997 893 14136
5320 3922 10643
2474 3112 1653
10616 8808 17248
537 725 950
3733 19139 18502
1073 24979 22690
6027 28645 15480
8014 7050 5384
941 5133 14123
2710 6211 9359
2353 11009 5152
9708 2506 16002
289 1751 5716
4297 1714 7044
6052 15223 7668
22979 7816 12255
7736 23323 12208
9388 1888 960
5566 7624 1691
5334 4988 3305
9306 9764 16021
1516 2454 481
373 1746 742
8174 2530 9276
11275 25855 22596
4542 4508 4728
5112 3135 5791
319 1013 876
463 3441 2682
11932 7738 8571
1286 3048 3493
4138 876 2377
18936 11888 12426
13918 20643 20740
3702 2150 3575
2805 23451 8460
1136 20464 22320
4235 3853 4219
14648 15384 1923
11455 1327 1224
27291 2320 4190
12899 17418 12313
4701 25177 22048
10984 26644 29628
1417 23901 22826
1437 187 2250
12177 7419 12126
6672 18754 7919
11515 4389 6124
1748 5028 1532
367 763 2998
4069 9743 422
257 741 22
9655 9902 10935
2683 3343 9430
9985 11632 15993
10722 3041 5696
3823 4195 4324
15842 902 4813
9404 21463 15043
2855 3429 7462
1753 851 1734
1322 1288 2102
2259 1217 344
90 5356 8841
7660 7805 6759
26925 21517 6479
17931 17257 12316
2791 3693 6080
2985 755 5168
25020 7479 18370
849 20315 10880
1862 2556 10305
5793 9661 8864
159 15163 2867
21710 17290 553
340 861 1
9507 10278 15
1317 231 27
25428 8346 20107
2836 8145 6726
14699 8267 18258
2225 490 1349
21657 18428 22753
18537 9907 24830
10633 11841 4078
183 3471 2862
5608 3082 4980
5774 2086 705
11161 25354 3015
2636 1981 275
18116 22441 13580
7252 20420 10324
6254 5110 7011
17844 7114 2477
16654 7275 2553
10634 8210 1750
2275 2471 2096
13555 11253 8834
25050 10216 19235
7236 27718 14583
19399 15511 28188
15830 15002 5032
4767 2341 17856
1589 847 894
20132 5522 20790
3536 7824 11896
1471 9088 8296
1168 480 2913
3682 1321 3712
201 4154 6615
14377 22030 381
7243 10395 7846
5361 459 7812
1310 1717 5802
8463 11642 9811
3279 24255 9216
313 27276 18172
3620 3952 2224
319 18178 21765
244 2586 4035
5014 5627 5997
4375 21716 11721
19667 13226 9657
3578 2892 107
16922 3011 4182
3579 149 24044
23016 15421 21858
3384 4419 10125
8370 686 7806
2221 10179 5428
3593 9205 6856
11450 22828 22181
3937 6337 2682
25212 9058 18516
6650 8597 2711
6968 5662 1995
1020 7425 9072
2426 822 4567
3121 703 828
3096 2120 2435
8713 11454 11032
16236 11948 22088
3652 11174 3930
5343 7989 3474
15484 15943 2664
1952 1343 1541
13531 14085 2798
6249 3025 15032
7590 6431 6752
1441 332 780
11685 10483 7228
23573 13671 21230
4737 4237 518
8704 7604 4189
2455 1674 3130
5055 1577 15794
34 1926 19228
796 18130 20952
596 530 975
29042 28911 4627
6564 25737 2538
9393 3867 10690
6669 3622 5270
559 773 789
13537 19712 22983
15484 24049 23725
12498 2690 8093
12791 11293 12798
21008 17492 8628
6099 21876 10381
1798 1638 628
11296 8119 9804
84 52 1088
959 3609 8767
1196 568 852
1522 2012 2205
2991 1607 3068
4323 15315 2656
103 299 518
3187 13003 19640
582 1490 1076
5066 254 1689
27530 16502 12081
18022 13602 15688
8141 10484 18825
19105 8285 9104
8409 1099 14351
8446 19158 1563
6608 6978 5013
20493 12513 30458
1399 971 2040
29959 27714 658
8162 5869 16839
7810 794 3052
25288 7842 5113
1561 20601 25480
10181 7309 6261
4264 898 5931
9129 6421 882
2091 1188 1224
1040 729 541
1335 5552 6193
1639 13457 15492
12006 10984 2345
3354 9828 7817
2266 604 3382
6969 16042 7791
560 480 694
552 384 856
4576 18598 13423
5454 1179 5333
3615 16921 7196
2059 1675 6096
4332 2876 4832
1803 6458 7410
3394 1520 824
13317 3702 8649
11699 10951 21681
21586 14884 25230
7888 1124 4893
8008 1637 3753
5388 5724 56
13134 4332 14613
3983 11172 454
170 1452 2199
1403 5937 610
10072 3978 13759
397 1177 1382
2553 705 13035
169 5529 4723
7883 14731 8416
14490 2452 10673
4782 13217 13955
7276 12195 26574
645 5023 27638
11677 22075 17040
16759 11818 448
1753 833 3486
4515 4881 5910
2738 296 6917
1879 2911 5654
9610 4301 5823
16436 22760 1664
1621 15997 8058
8935 16068 19103
5795 4267 5932
964 12871 11925
15693 17594 407
4937 12129 5842
13924 1086 11221
16852 2992 15856
8785 627 3284
11128 9763 1526
2664 2544 392
2043 6127 2102
9330 11334 11592
2023 10655 9518
775 3535 5220
3614 4156 6321
6965 2701 2007
5751 3205 16262
7649 11073 10708
27855 13141 21996
8274 5326 714
10852 6821 6023
455 1047 3034
4028 5344 8250
396 800 72
1271 1171 870
10019 2605 599
700 1896 1716
3928 5936 6084
8337 9586 377
3436 1098 4018
3581 2993 1678
11366 5231 9179
3870 11613 5792
1850 16253 2357
4666 11854 6216
2000 1834 1935
26 20874 26164
5771 1511 30
953 1045 866
12023 6243 10096
20797 4871 14718
1094 678 1175
46 64 50
1379 1415 3658
1518 9922 8747
2189 7632 3311
56 24 0
1374 2551 1688
183 440 2946
17461 1533 8838
18011 20260 6747
10934 16818 3097
3577 279 12388
5714 552 663
516 120 549
14988 5801 8838
7971 15096 28092
6174 9384 13605
7576 5620 5713
9096 3446 3863
6262 23896 11364
257 739 942
7859 13660 15831
5431 5735 1053
9397 2809 6082
4507 4939 6144
8935 9729 1431
13354 7382 16128
11100 7774 9971
27677 15544 5385
3800 6898 19109
3593 7447 7512
1379 868 232
5733 5569 5912
9530 5246 19773
678 5472 369
13405 23789 14659
10808 5115 10159
2291 1077 1950
931 27852 19714
23691 25026 20839
532 4900 2881
13690 3740 9513
4422 12178 12895
356 2444 14533
6084 6046 9027
183 4547 282
2131 1727 1049
1108 4 765
221 1112 429
1623 17307 14136
115 15301 4632
3107 7598 2133
9748 7370 9896
1708 781 45
4520 14989 13703
25559 29574 20878
345 9805 9550
12657 14977 8411
2730 5590 5720
13967 1891 22122
397 453 1666
204 5358 1004
11785 8977 18369
846 1333 1104
358 20362 12120
6686 6604 25395
209 467 58
24073 24614 18968
11361 11851 5948
3314 4070 1912
277 4205 3180
784 9709 10041
22144 14612 13674
1351 3158 17773
1503 5809 8504
19263 31896 4877
28057 4097 17868
1833 1713 2640
24696 14228 21920
6389 5007 7630
17066 6508 10932
10995 6278 4064
13435 13916 243
22794 7488 13098
770 1804 3683
6379 1142 20033
4568 12951 23225
3251 626 4021
23522 1333 14622
12050 7064 16101
654 2464 6693
11471 19859 17376
6055 627 5318
12977 1585 12509
6351 5410 6194
1062 642 1912
115 607 5022
9309 7751 4832
1638 4378 1215
11628 4282 3602
6979 14490 20608
3533 1643 15440
4315 3327 1976
1188 3080 1811
210 768 4482
12956 9592 6040
11042 12529 12360
11124 12636 4074
1753 582 1612
1378 1029 597
3196 20122 14643
6128 14776 6248
7284 520 7766
23577 7565 9320
179 4522 5466
14365 13233 3394
26677 9343 6065
2394 4265 1984
855 11554 17611
596 168 269
3622 8007 3775
225 74 114
14461 13453 2912
9319 283 106
6213 6227 6028
6215 2079 14908
3942 4394 2794
22673 5643 1936
594 642 92
10752 4562 15350
1152 5970 4415
8509 10879 6768
2786 20602 19304
2303 561 3904
8482 8080 6260
13223 13585 7534
4959 7331 3770
1391 444 201
3024 7101 10093
4461 363 23316
651 153 1202
7813 7171 11732
17787 17477 14140
99 8669 470
19603 14205 14673
15348 16274 2582
4417 863 4958
10875 29888 19228
23359 12029 5574
2146 7866 14885
7791 8350 3552
4198 11634 16372
4111 947 2903
6861 8605 24098
24880 6911 23555
18276 20048 3407
12142 7860 12301
3971 24015 11186
12661 8584 8109
4869 4361 11120
10543 4285 7839
3882 15684 7238
6100 5996 1180
5032 7503 19747
2093 7855 5136
9839 10496 3892
150 1777 244
21941 13499 11968
9844 23176 25596
10492 10602 13240
2294 7609 19251
14351 1079 6546
13127 12207 5290
466 1179 6955
993 7815 19710
8256 2154 6500
7164 9206 16601
29539 14880 20266
4613 3893 194
960 27206 26115
279 18993 11796
803 17907 14115
8451 12634 21545
338 2487 1865
12446 15975 6406
7857 7891 7864
1090 858 6154
20810 8212 17141
5368 8053 4145
14996 10514 5050
13644 3992 284
14824 16842 11378
1423 1287 2092
15135 5941 11444
2925 2209 5476
21606 12410 3455
2128 821 23708
17654 3258 10408
4043 745 8089
19860 19034 24446
3565 14383 14358
8750 12516 7336
5709 6222 17808
2376 2040 3092
1757 13960 4425
15663 3369 5366
9707 2123 6804
4769 1 0
24818 16316 18177
4259 2583 2638
17161 3189 7300
3050 776 9401
10653 10017 8001
4441 19557 25520
15446 5393 7218
8011 21603 4517
1277 5243 3050
14119 17451 17900
1462 2646 1512
668 20424 18513
14855 11525 4016
980 6506 7683
18169 8213 10917
5233 6541 10574
443 482 4577
17311 17880 4639
12540 18214 1691
4371 2483 8318
9106 5201 2189
8686 8848 15059
11572 12953 1419
1026 922 80
12763 18861 8104
7735 4265 7672
3067 4028 1860
11329 8259 10990
16106 3046 17962
2041 7 3228
11198 3984 11927
1696 678 2218
814 1055 510
15519 19169 11602
15049 2839 6447
11278 7698 6307
9309 3463 209
11361 27581 26396
3152 1456 8
73 481 840
3093 9615 10526
4237 3089 5262
4979 4681 4930
11276 6614 13614
4857 7547 1480
6538 2594 5049
12275 14335 498
788 760 144
14373 16524 15912
5379 9224 102
7237 1689 9502
4498 7097 5220
14875 5986 10001
20459 8813 17864
6073 989 9012
5767 7217 9120
9756 21900 17424
20351 16724 4815
527 2591 2238
711 13461 3960
21304 15246 1887
15516 9012 7462
3490 7352 7870
3797 12102 16092
17252 22420 8016
652 180 2119
1821 25925 8474
9202 28 23430
14115 23608 2025
30802 25402 17180
17916 25403 3125
10062 7842 5820
1586 1528 8106
3574 166 4400
15225 1947 8904
2211 7970 5486
5675 4512 14564
2882 854 3652
3521 10650 5454
19034 20135 10709
8481 971 1880
17797 249 1338
4734 2036 13096
10459 15312 18753
4268 733 6090
20595 13846 12261
1028 7936 13132
10333 22525 5362
7450 398 1864
154 1000 1775
987 3811 1432
22944 31080 18900
874 264 0
16120 968 20334
4792 16986 3021
7549 23604 12490
2972 7952 6039
11091 8241 8116
9455 4091 9174
12757 11733 2841
5878 13531 25922
724 1341 739
