16826 7466 11904
9197 1157 4446
1964 3191 3361
25033 29555 23946
132 288 63
12049 10742 6099
23687 3673 19184
23423 15408 4414
2231 23615 19794
4785 2257 9206
13355 805 13800
432 454 1079
6262 1016 14361
19447 4035 2832
3193 3719 3122
15434 15648 13463
235 824 1656
8631 2402 4886
152 394 199
2363 11912 5607
817 903 832
1070 3184 2541
2746 6588 3175
14866 16651 6375
9275 20068 846
2334 14766 7600
5020 5098 1849
6277 5898 8047
3635 14166 223
1385 9181 26200
17241 21528 3729
2257 1367 1414
89 1057 1632
6456 560 2024
25938 25562 27166
17698 12712 8487
623 1529 620
25227 29261 14150
4833 2480 3053
12415 14315 16236
2195 1673 1512
5096 9257 19370
756 1764 2700
5124 1672 1492
2740 7506 5386
2050 470 175
9948 7168 11323
10176 2566 5336
10780 19591 6251
18006 14740 13976
6228 20885 1336
2966 940 2048
1292 5514 4000
11505 15597 800
13818 24268 12204
4496 25298 18033
16844 16644 14373
8148 3890 7831
2287 7291 1602
16254 11875 13041
1970 28028 27173
4079 14269 6080
5411 4099 2760
19726 27790 8625
817 48 361
18300 8918 18895
7914 7480 1289
4826 110 2117
8316 23297 7317
5042 5842 11064
9664 3472 9124
1938 25616 20897
18915 13160 25544
510 664 2840
8916 15000 15624
9552 7992 10845
5697 2475 6838
3151 11035 7644
23776 11440 10017
2595 4 6554
949 12921 12140
3783 8263 3040
23461 7949 19368
3833 4227 50
10612 19913 23265
4358 4606 558
10079 12943 94
230 324 281
178 612 165
10917 8414 11080
273 1363 1144
3061 5765 2170
7310 2435 6791
3768 1641 24023
16145 20820 11431
5911 24069 1960
575 517 444
10279 6137 7128
4718 221 9498
8861 8817 3914
238 2266 2316
12132 20850 28131
6365 4905 3358
9902 5854 5174
26645 11295 6718
19481 15332 5207
2991 3813 5391
175 2379 481
796 670 629
11053 13777 2336
2049 151 5532
5958 11001 7929
7485 5651 2485
5152 4242 13195
4166 23752 17765
6380 17350 6531
1693 2969 4158
14730 14705 2636
15888 4108 20532
4424 16402 4953
19828 19380 14848
3068 8966 14763
2278 21847 7767
11065 12623 19272
4611 1825 2737
10074 2942 7754
7275 9905 15536
3296 15043 10636
15019 19587 16758
8105 19788 6936
3167 12217 4724
8296 1834 11391
26415 15072 1713
553 590 1426
460 8001 3316
5071 7389 12829
4256 2031 448
2727 17059 2238
5574 4546 809
1260 1475 1315
2714 6666 2672
2641 8869 2443
11288 6170 911
14083 1187 12080
916 2348 288
32307 7453 30296
6827 20508 20155
4056 1951 9556
172 9484 5532
14243 6679 252
1369 5507 720
7488 1728 6215
5757 1840 26956
2132 4293 10323
10092 9206 2975
495 6351 4212
12870 21113 27824
1360 692 1244
11953 5681 18912
7084 3130 5731
9991 13550 2184
3028 968 21282
2479 2061 1333
7200 5134 13031
3449 7404 1127
1626 3150 9472
3862 9518 7445
1627 593 11840
6829 15470 20101
8299 9171 23074
11846 3030 4681
2738 18522 19613
20488 14192 23880
5205 411 7036
3139 14362 451
151 1913 3632
5827 14593 10020
139 145 48
2342 5266 18304
7895 1458 12583
798 796 797
5109 5032 1988
13327 16519 31706
7607 2335 1992
401 14311 8748
143 2247 2140
14488 11002 27183
2240 16020 21100
2789 7204 5706
12273 205 9422
5192 5877 3196
8608 29552 8523
7476 3573 20778
3590 4148 6784
424 475 3399
5744 8656 4480
5450 6272 10384
171 97 212
5750 4256 4748
19843 23289 11356
1726 1537 3578
9336 7146 1855
2421 771 825
5923 2693 20370
16197 14811 16456
1277 5133 10894
4614 1768 14895
12781 24357 11032
573 2193 612
169 12180 7874
4101 10169 16001
4315 2205 12460
14725 4363 8844
19264 16260 12448
1457 7419 5560
22250 9786 13234
2467 4921 3902
16491 1600 5815
16260 12272 13829
1803 10440 18888
3481 11702 6642
6300 5713 8689
8974 8998 18644
1170 510 218
4288 7078 23
2956 6652 912
9514 4244 9519
22314 16512 18789
14966 5203 10653
10204 24224 17757
14937 17723 22036
714 746 1335
11419 19928 21573
22151 16597 14826
927 17877 12628
2251 495 9670
10972 10226 13013
484 4520 404
1417 4339 144
8262 2594 1368
1025 12881 1836
26827 30910 10311
11836 4268 20400
11792 18378 10240
10748 7490 7153
742 1092 847
13647 17285 18252
5289 2020 4338
6400 7100 9496
8643 797 194
17677 5569 14712
720 24442 12639
7024 3132 10192
27150 18450 26400
18609 3077 6338
21079 18251 6075
2141 739 2940
14207 5221 13622
604 626 2352
11479 8968 13140
25923 11907 18324
5458 13910 9684
14385 5057 3100
3711 547 5363
18094 10938 17810
1014 17716 1813
10259 18571 12486
8325 22098 20487
1691 2918 3413
4466 2458 4798
13930 3241 11707
10458 12407 11465
7543 5479 7412
5965 14685 5068
1185 1765 2282
1516 2060 1436
14255 11464 1214
4515 6503 15430
4975 12819 18886
2439 16571 21524
3371 12079 19006
1738 12242 7464
6530 6587 1403
9066 9112 3529
11292 4096 9366
406 4664 5025
375 467 490
12040 10208 20256
19689 24919 14236
1225 203 2604
16918 6 1784
17892 5408 8124
4389 4363 11234
8249 11212 64
14201 11225 23146
14882 9226 7749
18780 23772 800
12630 6842 1544
5673 7853 18986
16681 8529 31036
528 3342 5775
3787 3911 382
2312 918 1064
20545 19395 6142
40 3740 1348
3972 3632 383
2720 856 678
19434 3628 12998
1211 1683 1682
14523 10647 10298
24987 27356 19402
849 2321 3726
8931 6033 3918
7843 13988 16667
23455 11673 20038
3634 4520 6129
9285 8324 8328
25783 10569 21055
6517 9718 14598
271 137 186
20311 13609 17032
16395 13450 4440
6663 16008 10178
5833 5314 2792
11537 20933 5580
17668 13498 20715
3252 2728 1060
5777 10343 10158
24052 30854 14051
12672 15372 15920
4676 10346 888
24029 23095 23993
10642 1370 10596
242 688 9875
7229 7921 6350
795 2069 2873
10535 2635 3762
238 1678 12936
640 7783 5843
10056 4614 7471
4133 4929 956
4981 2705 13164
5053 5123 6390
5829 7451 3084
118 1738 93
896 658 663
6885 4245 5320
13428 7340 13454
6095 9253 5943
18589 3583 10578
18626 13413 5372
2688 16763 14314
5901 23141 23606
1281 634 29171
14158 5310 10885
1119 1228 1340
253 4263 1078
12277 16087 19068
15460 4542 19047
5616 21574 5255
17862 1898 6074
8047 23437 22580
2926 16100 18654
2545 2391 520
3108 6325 275
2540 1105 1109
1714 7232 4641
3942 5486 4243
10616 3924 6404
11505 20243 1700
323 991 402
11421 22769 15711
8807 4342 11462
4764 10222 2803
2808 112 6855
5643 5793 2950
4567 1804 5620
8916 14085 22374
7874 9750 2180
14228 6648 11605
13932 9791 12032
23975 16561 16574
260 7752 3773
1705 21132 9886
5056 15532 9548
3021 2923 3350
2418 31646 19357
329 9026 15270
1518 619 2982
20683 23527 24020
23902 14972 14685
2313 4040 111
5147 29 1284
11312 10599 10561
703 604 703
23053 21831 13204
5149 9013 20758
4355 1965 4570
6550 19076 11805
1999 13622 9867
8740 6603 9309
1337 717 1698
1922 652 1983
10116 8638 2475
8173 10172 12215
5775 13276 13186
18488 9416 15296
25289 21011 3090
18302 17122 1348
1937 7277 7284
796 1963 593
1600 4456 1511
12 3 0
893 4671 10810
1889 8631 8992
786 362 4088
2676 3129 5294
15376 7486 13111
10922 15646 19557
5298 7474 216
2816 2856 1855
3077 13352 14370
26196 10136 19072
6141 5848 2993
8972 14445 7201
41 4289 4265
13715 17383 15482
1323 10958 912
11801 1097 24186
14845 19951 10500
18588 3934 2873
5100 11850 11531
297 363 440
8102 201 6998
961 1107 1268
24944 11403 21469
26183 6699 8684
301 119 45
7689 3463 16691
1007 2661 2902
7093 11133 8992
21445 19749 23164
4447 7831 624
1992 7464 13128
8340 9214 2879
5697 6593 5690
8941 6587 7392
17114 22998 25436
6151 27703 1323
8495 21447 8854
2236 6866 2515
957 10051 2960
7276 12782 10488
8053 22129 4560
6191 8084 10502
1887 955 602
244 4200 1204
10942 4416 19558
6 622 264
20402 1612 20205
4195 5651 3066
9997 19151 30966
2218 578 876
4401 812 2168
14611 4817 22178
2276 8243 8832
3278 5938 4192
214 652 315
5122 11372 9075
2777 19305 14996
6398 13035 2311
8502 6560 9476
6988 4255 686
1254 744 1545
4742 1396 12417
3760 3976 2530
1091 3343 18255
2462 4 4112
589 1767 1005
492 1532 4654
18443 5722 12471
27154 18527 9864
7844 28714 25232
9194 20164 1601
807 10357 23809
28536 3330 6117
6730 2803 363
11899 857 10883
5532 15645 24599
1002 1460 4310
23853 15304 18651
13764 3908 13575
11043 9401 13262
7272 6526 2162
4030 1474 3195
2594 6114 6616
27186 4532 20977
25172 14484 11939
29100 17512 4459
5927 6415 10164
2466 3406 1553
1370 464 1001
19931 19113 21524
5503 5556 463
4619 4071 11079
7944 10358 6623
1078 4084 3375
8071 9935 252
1037 6241 11688
1957 3467 3832
903 1734 2777
11490 4336 9633
286 276 433
2334 2142 3975
1214 764 1449
10103 8309 4246
3153 5609 6028
5566 3334 2670
6147 6313 19460
8859 2053 0
11070 19236 6802
13777 15911 5298
3075 19981 11176
3021 5333 1598
1266 714 624
20433 4431 8876
8537 2148 10210
1356 2744 5188
13711 5219 5910
29907 27497 21786
2614 3840 2905
2886 4669 105
866 1222 267
15432 10286 10571
31670 7010 8976
3889 8640 7238
159 6729 6448
24045 29387 6734
16731 20781 27330
19324 27708 221
4151 1 1860
6963 3730 12877
19997 23571 20716
2140 8856 7011
12751 967 14568
20908 5404 14437
6208 5255 3949
19409 21544 17758
8440 3752 3869
5820 11778 1406
6568 15526 6317
416 924 1684
2727 1978 796
20401 25501 10812
8471 10625 8252
19385 21294 13873
25937 24820 20937
2251 1554 5064
9425 8315 21954
1389 4004 2026
6024 4414 6572
3355 14181 9064
1793 1570 2915
1008 10868 10763
2279 9589 5740
7239 14811 12765
1885 5109 388
22988 20712 5920
385 583 500
515 3760 1870
5843 5865 1124
12769 12159 9690
2098 256 1901
3038 3888 4468
564 1131 4713
26633 17753 964
469 3833 688
2910 5194 1373
2071 173 2382
2551 2404 1042
8478 10222 305
7038 3832 1939
5748 25271 22743
7392 8452 9340
21802 27475 13458
9217 9348 11864
24528 3802 948
5075 1734 7444
8412 14628 15772
774 8928 9585
114 16502 3908
11507 5733 16844
13606 23231 16578
15723 25479 10067
5028 4825 5281
12437 25061 5472
570 2902 2288
4568 10472 13669
14079 8293 8648
10282 5066 192
6656 6224 3360
136 9099 6301
6099 2202 6363
4262 1022 5421
2171 5511 1862
8959 5286 8239
5010 140 17389
8176 7109 7571
8633 21947 25930
1303 348 4883
25048 19012 25890
441 1257 1116
25233 4605 18964
6523 5143 4118
19991 18588 4723
13636 16438 3253
6446 6758 4098
3149 5959 2542
18116 9006 21707
3493 15139 14876
379 13170 2659
20647 18017 8451
6117 4498 6615
12532 4210 8016
8190 6358 12445
1019 805 1996
7305 5599 2996
14110 15026 24462
2338 6120 10233
3230 2014 3680
9765 10628 10487
9157 24709 30653
13472 21066 8260
11598 4011 4398
362 780 3794
4262 14210 7860
1956 4102 1373
4615 22202 9738
7762 6689 7635
2100 1998 2139
5029 12919 16047
1426 6630 5536
18507 24436 19702
2246 1366 11484
15267 22145 14318
16407 25158 11645
7523 5397 3868
26627 29801 1278
3131 3319 2474
9373 20486 20719
7917 3809 23413
361 10094 1680
7151 4176 0
835 4168 1671
3628 2293 7050
64 740 1503
4436 3710 1491
266 17905 9798
4469 4091 7520
7582 4243 2403
26507 5996 14061
910 79 896
18635 16127 966
7032 5432 12742
6708 3428 12864
11117 10679 16374
963 215 638
1338 300 2050
12738 912 10842
3658 15970 4664
8505 12668 2353
9780 7817 6119
817 2956 6538
3596 214 653
6694 1118 12393
12241 11361 23485
971 5583 4442
94 24183 6794
2225 1627 1338
10975 1971 4774
24136 20440 9444
316 634 771
21771 2653 3838
8051 17842 20079
8237 4409 14036
3588 429 9849
5173 14099 1951
9499 6649 21900
8898 19842 15552
6101 460 2859
2341 12587 19648
28477 2804 25968
24635 7009 1086
6113 19509 22420
601 5591 2515
1586 9892 5763
4585 1839 4700
12548 900 10227
16829 4189 27200
28670 5560 20369
20543 175 23146
17926 20181 638
8856 5858 7358
9643 9451 19252
10141 10475 936
24882 15570 20916
13234 11990 7994
7702 4336 2589
13013 10839 14950
5604 3820 6292
7318 3044 6616
3826 6638 14472
870 1518 203
10377 19623 7248
2125 4017 4699
152 462 483
3748 10666 6557
3738 2521 11478
5399 26097 1468
8295 1925 1181
2782 6552 5905
453 1110 369
24673 28499 24360
1837 3279 4345
1039 925 858
20737 20805 12374
18486 7324 7485
720 920 5841
260 689 768
190 5191 327
23114 15433 9582
1726 7428 8589
7667 15285 21286
14125 14987 7968
20568 12680 19340
314 544 330
1124 3550 8805
8249 4214 9663
4955 5463 4790
9716 16439 16551
25436 26141 14327
24044 4705 29298
680 11574 13255
12162 2240 11341
2784 3672 876
3319 1852 1158
1090 3900 5013
4430 4934 5057
21375 21277 1958
8157 6979 9832
386 712 855
15465 13123 8058
18351 9737 20054
686 1556 1899
11936 6341 17955
17054 956 18701
6 8 9
2318 2718 500
4940 656 6846
7198 4022 14721
735 1209 1801
805 477 2244
3844 8522 5751
17626 678 4584
999 3931 3606
11258 16888 8045
349 13793 3318
7789 15511 15850
13282 10874 185
3847 2073 15748
9065 3679 1248
11170 2844 874
449 383 1428
6707 17405 12066
955 6931 12908
5256 3512 6776
22117 15949 7106
3576 1770 5303
11341 703 4238
16876 17463 27542
10034 9426 4048
484 99 360
17454 16382 15004
20314 9551 21687
481 6585 2979
4843 8705 13868
21592 6464 6467
4087 18113 1776
12023 21545 5936
23862 4693 3089
16341 16143 1206
3848 5144 5056
10616 6548 10140
8988 5163 20109
6206 1760 16749
26848 8435 14991
1271 2947 3662
1905 6789 9891
2154 2336 1261
4564 1624 8428
27436 27672 29964
12261 10253 7178
14987 23871 19222
30223 11507 29512
13134 2794 7468
10253 15241 550
1342 2749 2409
1247 4545 918
15575 7345 5316
15379 11342 18441
9943 3753 21375
3973 2673 1215
5313 1025 6110
2812 5054 523
5478 1242 5676
21715 7243 444
5484 7734 8622
17453 9981 17848
4063 861 2650
14680 7458 22999
7290 9630 3130
2512 1050 1344
13015 11325 17230
247 4397 3405
1897 4591 3276
19781 16825 12888
1360 3884 1836
8103 8292 180
18948 18932 2660
22 172 150
15523 1328 12760
1237 1485 2861
6706 23268 21877
2064 12043 11146
7844 996 7540
5704 4131 12698
13722 3657 5452
27083 18203 24996
1061 854 1270
15011 13219 22656
15095 26437 12612
3291 1839 216
192 3284 2321
9218 5827 9741
4352 8682 26943
1154 1391 2655
19441 3271 12875
5051 14509 12740
13499 5080 3807
1124 26421 11011
1566 1548 4781
14019 17341 11968
31101 28386 17500
9213 4461 582
293 10101 1616
1754 252 877
6479 28286 8738
3492 3626 19507
7244 13149 10071
11994 18084 21210
5336 4060 5210
5749 15078 22098
11746 19723 17193
13853 7395 7529
3930 13654 10064
2126 428 3577
5300 8702 3542
3717 9781 4228
15208 2038 6825
16435 10158 14231
2231 2832 2269
13460 1736 8844
4416 132 6808
5184 12048 15389
22274 4552 15997
20953 21085 15815
25171 9597 25922
2105 3953 924
11437 24606 6175
20346 12384 6001
2802 1209 711
14067 17447 3710
1457 209 1472
4307 12217 7940
20991 15672 8161
24915 6638 8362
7324 285 2710
7430 3443 2127
3708 1710 12761
2383 18450 7336
190 6589 4227
4058 2008 885
4273 8783 462
4420 5568 3003
16398 7978 23628
1568 1134 952
11267 7655 8084
794 2239 204
16636 11398 9274
5452 10693 10874
2929 7527 8844
3585 3951 3956
2150 14392 13149
2250 11628 16279
3730 9408 7297
4934 845 2487
3517 21476 1487
162 412 369
5807 1487 6672
2189 945 2183
2493 11507 3448
28231 28281 21574
9274 3736 14970
17184 16076 6608
15504 16298 1193
12765 9940 3770
18172 4480 546
10075 2453 3836
354 820 429
429 247 437
10490 8735 7536
3177 2215 8006
9876 11280 4436
24839 12153 9296
1044 15250 11921
5490 193 4745
9974 15363 3118
20806 2874 5590
18389 8618 18186
1153 6662 15711
92 114 55
14838 4330 16424
1689 523 1368
9065 15161 9032
5810 22805 15774
740 5841 26056
31 11 30
3719 4765 6946
8519 10388 2467
15 1243 3030
11977 11257 4095
12601 17349 15076
7197 4723 1532
463 1301 892
4484 952 2366
14239 6833 10048
8644 16126 9765
24325 18354 8411
18430 15538 11277
2723 26999 11778
22326 6518 7288
13918 19779 14872
16649 8571 13156
4604 1330 2067
13680 10870 9993
137 6381 3592
13952 2476 7437
28453 24115 16122
6279 4011 7080
19881 12573 10515
15351 5957 702
15465 5627 6278
1065 136 2792
21399 25827 11028
2215 1812 1957
11854 8700 397
12532 17357 10644
3624 4820 3020
9069 10645 3210
6443 4391 8842
27634 27846 20760
27 329 308
2773 5328 1127
10350 8752 14189
2487 1268 3635
1107 516 967
18956 10959 14320
19587 11919 18552
3661 1578 1207
10488 9700 14111
1996 13253 4140
11526 8654 11384
11500 2629 12721
9297 9247 10712
74 465 70
903 389 246
6078 2468 3137
12599 1463 3188
6572 12381 8015
9873 8413 1737
31296 4712 3092
9635 11009 13000
12012 24834 9819
3792 2627 16445
2125 14779 6282
2787 2885 1876
306 392 1225
6418 9452 9013
11175 693 20318
13904 16317 10798
