0.735
0.000
0.000
0.000
0.000
0.000
0.000
0.389
0.003
0.999
0.874
0.048
0.000
0.378
0.000
0.982
0.000
0.000
0.000
0.000
0.754
0.000
0.000
0.001
0.387
0.000
0.070
0.368
0.000
0.065
0.490
0.000
0.082
0.417
0.000
0.000
0.000
0.099
0.000
0.482
0.000
0.000
0.962
0.023
0.000
0.001
0.350
0.957
0.244
0.000
0.000
0.000
0.011
0.000
0.000
0.000
0.028
0.000
0.030
0.000
0.049
0.736
0.000
0.000
0.275
0.808
0.000
0.069
0.000
0.000
0.731
0.026
0.019
0.000
0.935
0.761
0.969
0.000
0.000
0.000
0.996
0.000
0.000
0.569
0.000
0.000
0.000
0.776
0.000
0.056
0.950
0.164
0.000
0.020
0.000
0.000
0.046
0.000
0.798
0.344
