0.802
0.863
0.000
0.955
0.002
0.178
0.274
0.438
0.000
0.000
0.000
0.106
0.000
0.027
0.113
0.007
0.603
0.003
0.549
0.069
0.174
0.000
0.000
1.000
0.003
0.148
1.000
0.932
0.848
0.092
0.299
0.002
0.000
0.918
0.000
0.658
0.533
0.733
0.322
0.967
0.000
0.000
0.783
0.000
0.000
0.987
0.999
0.836
0.000
0.702
0.032
0.000
0.000
0.938
0.000
0.000
0.005
0.000
0.506
0.005
0.149
0.000
0.000
0.054
0.000
0.706
0.000
0.183
0.000
0.000
0.933
0.166
0.090
0.864
0.000
0.385
0.000
0.607
0.000
0.000
0.000
0.028
0.000
0.037
0.000
0.777
0.437
0.890
0.156
0.000
0.000
0.000
0.000
0.468
0.000
0.001
0.000
0.343
0.998
0.000
0.000
0.729
0.000
0.390
0.000
0.000
0.000
0.156
0.000
0.239
0.366
0.438
0.950
0.593
0.154
0.000
0.806
0.000
0.065
0.000
0.000
0.253
0.000
0.034
0.250
0.002
0.026
0.000
0.604
0.474
0.000
0.229
0.000
0.420
0.000
0.054
0.660
0.464
0.000
0.000
0.319
0.999
0.387
0.201
0.048
0.000
0.377
1.000
0.686
0.963
0.996
0.093
0.291
0.036
0.000
0.000
0.000
0.000
0.000
0.000
0.000
0.000
0.963
0.601
0.000
0.698
0.000
0.993
0.988
0.000
0.000
0.540
0.000
0.933
0.000
0.429
0.715
0.000
0.231
0.000
0.000
0.992
0.054
0.154
0.923
0.939
0.000
0.833
0.980
0.000
0.994
0.677
0.000
1.000
0.101
0.994
0.997
0.007
0.059
0.000
0.991
0.023
0.000
0.990
0.000
0.000
0.096
0.597
0.000
0.000
0.000
0.040
0.000
0.000
0.866
0.236
0.000
0.000
0.939
0.992
0.852
0.973
1.000
0.784
0.000
0.008
0.000
0.000
0.495
0.000
0.000
0.000
0.404
0.190
0.000
0.000
0.000
0.000
0.937
0.000
0.000
0.999
0.922
0.311
0.102
0.936
0.213
0.000
0.727
0.000
0.084
0.003
0.000
0.420
0.000
0.000
0.000
0.530
0.001
0.000
0.000
0.064
0.715
0.000
0.995
0.249
0.000
0.000
0.982
0.364
0.453
0.000
0.017
0.943
0.000
0.000
0.007
0.006
0.999
0.306
0.067
0.000
0.191
0.000
0.000
0.860
0.000
0.000
0.000
0.000
0.000
0.000
0.507
0.711
0.000
0.000
0.034
0.000
0.954
0.000
0.000
0.009
0.983
0.000
0.000
0.328
0.021
0.000
0.003
0.000
0.745
1.000
0.000
0.000
0.092
0.000
0.723
0.000
0.100
0.000
0.000
0.000
0.130
0.080
0.000
0.000
0.000
0.000
0.000
0.104
0.000
0.999
0.000
0.000
0.000
0.921
0.000
0.000
0.000
0.995
0.000
0.021
0.396
0.523
0.160
0.000
0.000
0.054
0.277
0.681
0.000
0.062
0.999
0.000
0.301
0.000
0.000
0.000
0.000
0.000
0.000
0.975
0.042
0.000
0.247
0.000
0.856
0.244
0.251
0.230
0.000
0.000
0.004
0.000
0.000
0.000
0.000
0.000
0.000
0.000
0.770
0.000
0.000
0.085
0.001
0.699
0.000
0.000
0.000
0.092
0.999
0.008
0.740
0.000
0.177
0.015
0.049
0.000
0.000
0.233
0.000
0.000
0.554
0.010
0.905
0.000
0.000
0.545
0.999
0.890
0.982
0.747
0.000
0.116
0.000
0.470
0.451
0.000
0.471
0.000
0.165
0.004
0.027
0.000
0.000
0.000
0.999
0.000
0.856
0.000
0.000
0.000
0.000
0.000
0.914
0.000
0.393
0.807
0.039
0.997
0.000
0.020
0.870
0.473
0.956
0.000
0.011
0.000
0.000
0.000
0.940
0.000
0.009
0.000
0.000
0.000
0.000
0.971
0.050
0.289
0.875
0.151
0.994
0.000
0.879
0.000
0.915
0.000
0.000
0.000
0.918
0.000
0.000
0.299
0.145
0.000
0.000
0.000
0.254
0.000
0.329
0.000
0.864
0.997
0.288
0.000
0.000
0.002
0.000
0.000
0.017
0.000
0.253
0.002
0.931
0.000
0.000
0.495
0.786
0.826
