0.000
0.000
0.788
0.410
0.276
0.000
0.019
0.141
0.415
0.000
0.000
0.011
0.000
0.505
0.474
0.649
0.199
0.000
0.001
0.999
0.315
0.000
0.000
0.928
1.000
0.738
0.823
0.000
0.000
0.000
0.000
0.000
0.000
0.178
0.000
0.657
0.000
0.495
0.000
0.000
0.648
0.000
0.023
0.000
0.971
0.000
0.688
0.969
0.000
0.000
0.393
0.733
0.986
0.340
0.000
0.000
0.836
0.714
0.324
0.933
0.431
0.000
0.000
0.000
0.000
0.104
0.000
0.485
0.028
1.000
0.000
0.002
0.000
0.000
0.381
0.000
0.000
0.000
0.000
0.896
0.107
0.000
0.000
0.291
0.000
0.000
0.900
0.537
0.000
0.855
0.694
0.000
0.213
0.778
0.177
0.000
0.000
0.000
0.993
0.998
