0.809
0.000
0.961
0.669
0.592
0.153
0.000
0.961
0.000
0.000
0.000
0.407
0.995
0.000
0.040
0.120
0.383
0.000
0.497
0.000
0.000
0.000
0.000
0.196
0.988
0.859
0.558
0.246
0.999
0.081
0.899
0.928
0.000
0.000
0.000
0.437
0.021
0.000
0.992
0.518
0.003
0.000
0.922
0.000
0.000
0.979
0.105
0.000
0.064
0.015
0.990
0.804
0.116
0.033
0.297
0.558
0.069
0.048
0.838
0.001
0.010
0.000
0.001
0.000
0.000
0.000
0.284
0.000
0.734
0.602
0.000
0.000
0.000
0.195
0.381
0.950
0.996
0.000
0.000
0.000
0.065
0.273
0.000
0.000
0.533
0.000
0.357
0.000
0.382
0.000
0.000
0.974
0.000
0.000
0.000
0.826
0.102
0.000
0.000
0.046
0.502
0.006
0.879
0.001
0.004
0.999
0.196
0.000
0.000
0.000
0.000
0.000
0.000
0.856
0.202
0.285
0.173
0.498
0.000
0.002
0.867
0.000
0.908
0.001
0.015
0.034
0.000
0.000
0.604
0.773
0.051
0.896
0.017
0.025
0.439
0.794
0.082
0.000
0.170
0.949
0.000
0.842
0.012
0.000
0.000
0.000
0.317
0.893
0.006
0.124
0.000
0.326
0.623
0.000
0.000
0.261
0.000
0.000
0.000
0.975
0.000
0.000
0.000
0.000
0.000
0.380
0.056
0.965
0.000
0.641
0.000
0.000
0.645
0.018
0.000
0.027
0.032
0.000
0.146
0.000
0.660
0.584
0.314
0.296
0.000
0.000
0.244
0.000
0.000
0.000
0.955
0.000
0.566
0.000
0.000
0.384
0.000
0.926
0.000
0.349
0.000
0.423
0.431
0.920
0.061
0.457
0.000
0.004
0.000
0.000
0.000
0.046
0.000
0.000
0.000
0.619
0.352
0.044
1.000
0.000
0.999
0.000
0.000
0.000
0.000
0.998
0.000
0.000
0.000
0.000
0.004
0.004
0.000
0.020
0.745
0.000
0.005
0.000
0.000
0.189
0.782
0.000
0.984
0.009
0.000
0.000
0.000
0.993
0.292
0.760
0.000
0.090
0.000
0.000
0.284
0.000
0.023
0.000
0.000
0.000
0.000
0.000
0.000
0.150
0.226
0.151
0.000
0.000
0.099
0.000
0.000
0.000
0.409
0.962
0.000
0.515
0.000
0.786
0.000
0.000
0.971
0.000
0.000
0.173
0.483
0.016
0.000
0.000
0.000
0.369
0.578
0.001
0.972
0.000
0.675
0.000
0.000
0.000
0.000
0.078
0.000
0.000
0.464
0.211
0.000
0.537
0.892
0.958
0.000
0.668
0.000
0.275
0.000
0.000
0.171
0.727
0.924
0.000
0.000
0.015
0.000
0.984
0.997
0.042
0.000
0.391
0.000
0.000
0.340
0.925
0.000
0.063
0.695
0.000
0.000
0.308
0.000
0.963
0.000
0.000
0.791
0.584
0.000
0.608
0.000
0.000
0.000
0.378
0.000
0.000
0.000
0.000
0.338
0.000
0.830
0.000
0.727
0.164
0.053
0.000
0.325
0.963
0.014
0.000
0.000
0.918
0.848
0.000
0.000
0.835
0.993
0.046
0.000
0.371
0.000
0.480
0.991
0.040
0.160
0.564
0.000
0.000
0.000
0.000
0.000
0.806
0.999
0.172
0.000
0.000
0.000
0.000
0.188
0.044
0.000
0.000
0.048
0.020
0.000
0.821
0.029
0.281
0.000
0.999
0.000
0.538
0.043
0.360
0.048
0.000
0.009
0.035
0.000
0.842
0.000
0.424
0.998
0.010
0.999
0.999
0.000
0.707
0.000
0.000
0.389
0.000
0.000
0.528
0.000
0.000
0.508
0.000
0.306
0.382
0.000
0.000
0.000
0.000
0.000
0.000
0.631
0.000
0.000
0.000
0.000
0.990
0.000
0.000
0.000
0.747
0.263
0.933
0.497
0.000
0.929
0.131
0.000
0.000
0.993
1.000
0.065
0.253
0.000
0.747
0.000
0.033
0.642
0.299
0.000
0.728
0.000
0.000
0.000
0.000
0.002
0.981
0.000
0.000
0.000
0.000
0.000
0.043
0.000
0.607
0.000
0.197
0.000
0.193
0.985
0.000
0.098
0.885
0.275
0.000
0.992
0.647
0.993
0.778
0.195
0.002
