1619 1693
811 829
1231 1279
2357 2357
2 3433
1153 1303
1063 1063
2 2131
2417 2437
2 157
2011 2011
2 1471
293 313
457 479
197 199
1439 1447
1321 1399
1613 1889
881 911
107 107
2087 2089
2 2081
17 23
2 311
1307 1321
2 19
557 571
1831 1879
673 733
2 593
2 193
1129 1181
2 2333
71 83
1931 1931
2 3307
2 4583
547 557
563 587
1979 1987
1777 1777
461 467
1721 1777
2 53
2 3433
997 1013
1699 1721
1759 1787
191 197
2 1871
1223 1279
2203 2213
2113 2137
2 1699
29 29
2 2237
2029 2083
2 4139
2 2381
139 149
2 2963
2 1693
1759 1783
2 1657
1187 1187
2 4451
1999 2063
2 1759
