2963 2963
2797 3019
2 3137
2237 2267
4639 4639
2141 2207
3359 3433
2719 2729
2557 2593
2927 3169
4789 4987
4091 4093
2 7547
2 5791
4409 4421
647 761
2 7649
2447 2447
1733 1759
3739 3779
2 4219
4157 4157
1303 1319
2 4297
3407 3433
3361 3413
877 881
823 929
3229 3259
2 7507
1613 1889
4211 4373
2399 2473
1381 1433
2 2467
4373 4463
3359 3371
683 691
2 3491
2729 2749
677 719
3361 3391
2 1831
2 3229
2 3547
2 1601
1931 1973
1663 1669
1249 1259
2801 2857
1499 1553
3359 3389
3359 3407
919 983
2153 2213
241 269
2731 2731
3767 3767
3109 3187
2153 2179
4049 4079
617 631
2 6469
4159 4159
1667 1693
97 103
4339 4519
1949 1951
3727 4021
2 5711
2 8369
3853 3907
2 1567
2311 2311
2 103
1231 1249
659 809
1307 1327
1979 1999
2 8429
1117 1153
2 6733
383 409
2 1709
941 947
3181 3221
3917 3947
3391 3391
1973 1997
11 17
4591 4597
1787 1823
503 571
151 157
1319 1433
2027 2063
2833 3049
4483 4513
2237 2251
4211 4219
883 1039
3931 3967
2551 2593
131 151
2 5669
3257 3257
1427 1427
2447 2531
4139 4201
733 773
1427 1481
2 5449
2531 2579
2 1163
2 6389
257 257
2 7001
2423 2551
3217 3221
4099 4201
173 179
4871 4933
977 977
2 2473
2699 2837
2 6133
523 607
109 109
3253 3343
2 929
2 5231
1789 1811
2909 2953
1571 1601
1321 1409
1151 1151
2 1997
4013 4013
3613 3623
2 4937
1889 1987
2 6043
1543 1567
2 8287
4373 4373
3803 3833
769 859
2 4217
2819 2833
2557 2593
4513 4547
1117 1201
2 4001
4157 4217
4049 4073
2129 2207
1069 1087
1361 1361
3607 3613
3229 3257
3359 3433
2063 2081
2 7211
2741 2767
2903 3167
4831 4889
2389 2659
2 73
2 2713
2 199
2 4007
1627 1637
3557 3593
1069 1091
3697 4021
2969 2969
223 241
3329 3461
3643 3779
4441 4447
739 811
1601 1871
2 967
2 769
2131 2179
2 9949
263 269
2 3989
1459 1471
2659 2659
199 211
4583 4679
1733 1733
2 4987
1171 1213
4481 4513
4397 4441
2141 2161
2549 2557
3343 3413
2 9967
2 9521
257 311
3 5
751 769
293 307
2801 2819
2 9157
907 929
379 383
1171 1187
2 2269
503 523
4157 4217
787 829
2767 2789
467 487
2 2503
149 149
2 4517
2 5431
463 479
4057 4111
4177 4217
4259 4391
4987 5003
2 1277
4219 4513
2081 2087
3083 3181
3359 3449
1279 1279
2 3617
1091 1217
251 271
2 293
4657 4759
2069 2069
929 947
2 2729
1327 1429
1301 1319
2 467
2731 3001
2 1693
2 4831
1873 1873
2 5309
887 941
4211 4229
811 827
709 823
2 7027
4583 4639
2 811
2879 2897
2683 2687
983 1031
2 7127
4513 4561
1543 1549
4447 4451
4759 4793
4127 4129
1733 1823
1549 1567
127 127
1997 1997
2 9029
83 97
2753 2789
809 863
3011 3019
2 659
2 2179
1733 1789
3191 3307
4933 4933
2 8839
2 1487
4177 4231
3631 3691
2 1459
3463 3529
3877 3967
2207 2351
1823 1889
653 661
1619 1619
4583 4679
2 6947
3511 3541
761 787
3389 3389
2 8353
2797 2803
101 127
691 773
2 1669
2 1447
2801 2803
2927 2963
2003 2029
769 787
937 937
4903 4919
4657 4759
1877 1993
2203 2221
2 9803
491 503
617 641
1723 1753
3407 3407
2 1601
4217 4219
