15377 15391
5023 5081
9041 9043
14489 14561
2 1627
2663 2693
3821 3851
1201 1231
5281 5297
14797 14797
15683 15731
9391 9547
5503 5527
12781 13003
373 401
7253 7321
15083 15107
6043 6043
2 10631
2423 2441
4229 4231
2 20897
12421 12437
8297 8329
2 15313
2 32561
4241 4241
14411 14437
14197 14321
5281 5347
7703 7793
7177 7177
11273 11329
10789 10853
9343 9433
3359 3407
10867 10937
5591 5657
4451 4507
15817 15823
10739 10837
2 7643
13903 14221
8243 8291
2 25969
6449 6521
2 5903
5449 5449
12409 12517
1889 1889
2 12113
9587 9587
7283 7559
15439 15667
2 24077
5443 5479
13687 13711
7001 7487
829 857
7933 7933
10723 10771
15277 15559
9041 9091
3359 3449
9643 9643
2 5323
2 17053
4943 4957
2 8747
13043 13121
7933 7937
7559 7589
8363 8387
10597 10639
3089 3163
8971 9011
6311 6473
9629 9631
7109 7129
13697 13709
3923 3929
9157 9157
14503 14551
15017 15131
2437 2459
2 7547
12547 12547
11497 11597
7559 7583
2543 2579
16111 16229
587 617
7043 7069
9887 9941
5701 5743
2 12511
2 24203
3719 3767
10891 10939
8191 8191
13873 13879
4481 4547
2927 3089
3061 3079
13789 13907
15661 15731
11161 11171
2 5197
6029 6037
2 9967
4793 4931
2 11633
4027 4091
9973 10079
11981 12011
3593 3617
2 6563
9839 9859
4013 4051
1613 1657
2 16481
9221 9239
12289 12379
15017 15101
2 20549
15923 15937
6301 6301
3011 3137
16069 16127
8429 8431
1321 1361
10613 10663
15391 15391
10477 10639
14779 14813
2 11657
13003 13121
10433 10601
2 12227
373 409
7187 7247
11593 11689
9199 9343
2 11489
2 5717
13879 13883
10271 10427
14851 14929
3209 3257
7039 7321
8089 8209
3319 3331
2 6323
5297 5297
13187 13267
7103 7121
6113 6121
2 6971
2 26003
2713 2801
2 3557
6689 6709
7489 7603
3109 3109
10211 10247
2 4241
10799 10883
7351 7351
1559 1601
2 28019
421 431
9859 10007
8317 8317
14461 14479
10889 10937
4649 4691
6101 6199
4751 4813
7243 7243
3187 3187
83 97
3931 4159
2 25847
10141 10163
47 61
2 6323
12743 12923
5503 5563
14923 14939
13723 13759
8693 8849
3889 3943
2 12619
13781 13883
2 8713
2 6947
11273 11411
8221 8231
6043 6133
2 7057
2 25541
15439 15439
15767 15767
16007 16069
5039 5081
8219 8263
13691 13697
2 3229
6131 6131
4649 4657
2 21013
5821 6007
9413 9419
2 2383
14557 14563
13411 13681
5227 5407
7309 7351
653 719
8353 8461
15733 15761
2 8689
11443 11689
2 28097
4051 4057
14479 14593
1663 1663
2 8467
4673 4703
16061 16091
223 241
8329 8329
5779 5807
3061 3121
10687 10687
1993 1997
15497 15647
2 17707
8951 9377
8447 8599
10631 10691
6323 6491
11483 11597
6389 6563
15737 15767
8429 8543
2843 2903
11093 11113
14821 14887
10079 10079
16249 16333
15073 15193
2 12983
2441 2447
9619 9623
2 9679
4337 4357
1381 1483
2 30851
2 12893
15373 15451
4831 5431
7621 7643
6869 6967
14293 14303
2 16229
15859 15877
11117 11279
2 25939
4093 4099
2 16273
587 641
11959 12007
1429 1433
14593 14639
8819 8819
463 467
661 701
3041 3181
8171 8179
10061 10067
4513 4519
12491 12713
2 28087
2 12541
7253 7499
12601 12829
5417 5483
2 6691
2 1091
8369 8369
13007 13043
7537 7549
6673 6691
11299 11299
1013 1061
9697 9697
10501 10831
6823 6823
7877 7877
11971 12101
2 24923
15233 15401
2677 2707
11213 11257
8861 8863
1471 1471
2 9613
12781 12923
6607 6661
11839 11897
1693 1699
14159 14207
15649 15661
229 233
12659 12713
6329 6343
2 9623
8431 8447
13007 13171
2 27689
12323 12413
2 20521
6043 6217
2 32309
6841 6907
4993 5003
9941 10037
12373 12377
13259 13327
10613 10691
9551 9677
6029 6029
1553 1579
11593 11779
139 157
13313 13457
4013 4021
1237 1279
2 14347
10987 11069
8089 8209
2 11447
2437 2437
11113 11239
2053 2083
3701 3761
3739 3767
4567 4643
4703 4793
2 30319
1069 1103
14779 14797
2 29833
2 9059
1319 1373
5099 5171
2953 2969
4813 4943
2 11863
8863 8941
2 31727
10867 10867
9029 9091
12721 12763
7669 7681
2 31991
11987 12119
15091 15107
2 14281
1201 1213
5507 5563
8783 8819
2 28591
8573 8629
14479 14537
3257 3347
6703 6781
12329 12379
10111 10177
15391 15451
3229 3319
9413 9719
14639 14779
13297 13477
9293 9323
6029 6047
8779 8779
15017 15107
10091 10093
2 2797
15031 15077
14207 14221
2 32183
6491 6547
991 1009
16249 16349
15749 15787
11863 11953
13249 13267
5939 5981
6619 6637
5167 5233
4111 4111
491 523
3019 3037
547 557
11057 11159
2 27803
2207 2237
7309 7321
1613 1619
2 20183
6379 6389
4679 4789
14533 14543
11807 11807
13723 13781
11831 12101
12889 13159
10739 10789
3467 3469
11467 11497
3923 4271
15299 15307
2 2269
14447 14543
12379 12379
12107 12143
1999 2089
4933 4937
2 28579
2 773
12149 12203
2 14087
2 7649
1823 1847
9461 9743
7331 7433
16057 16183
12757 12911
11251 11311
2 16553
7933 7963
401 431
5309 5381
13477 13567
8933 9011
1151 1187
2 24029
9293 9377
9257 9277
7121 7121
2309 2333
5233 5297
1877 1877
1063 1091
12109 12241
3557 3557
2621 2687
6917 6961
4253 4261
14947 15289
11117 11351
6869 6907
1217 1277
10903 11059
2 19141
2 24169
2 5881
31 37
401 409
2 5923
10691 10711
12413 12433
2 4349
7309 7349
67 67
1759 1759
7307 7433
1741 1747
10859 10889
13267 13417
2377 2437
9677 9719
6131 6173
10651 10691
9241 9349
11059 11071
5209 5413
5839 6043
2 32713
839 857
2 21517
13417 13499
8273 8293
13873 13901
5743 5743
883 1039
283 283
8999 8999
1453 1543
2 4507
12379 12379
7307 7349
10667 11177
13619 13627
10169 10177
919 919
2 10631
9199 9257
9341 9403
8887 9029
16189 16369
10739 10847
5531 5647
14563 14563
13183 13183
8431 8443
14389 14543
14479 14759
1129 1249
2437 2459
1451 1471
2 347
12569 12647
3049 3049
2 18587
14737 14741
14197 14281
2 4549
13931 13933
10861 10861
2113 2213
4271 4297
16103 16361
12497 12601
1667 1733
13691 13691
8429 8447
2 4583
9497 9521
709 823
4157 4241
15161 15241
12613 12757
8747 8831
13469 13469
2 9413
3929 3943
9011 9103
9173 9227
8863 8951
13367 13757
2 587
1483 1543
10657 10687
4349 4357
2347 2351
6577 6599
14923 14947
6389 6689
2 20921
10709 10847
15331 15349
2 8429
15541 15581
12791 12799
2549 2683
15541 15583
2 17921
5531 5563
13879 13879
13477 13537
1721 1747
11173 11299
8467 8521
4363 4397
14519 14549
2 21929
6967 7039
16087 16183
2971 3083
9343 9613
2237 2239
4261 4481
8419 8599
2 7589
9161 9173
1637 1811
13697 13879
7669 7681
15581 15629
2 10243
12959 12973
2083 2111
2857 2971
2309 2311
12739 12821
2909 2909
13709 13859
6101 6199
7309 7309
14557 14593
10711 10753
2087 2087
11447 11777
4957 4973
71 79
2 31741
2 28387
2 21061
13513 13597
6803 6869
10247 10247
2 2441
9007 9013
4363 4513
