9539 9547
2 19913
5813 5843
1061 1063
10711 10753
10567 10663
9649 9661
8803 8807
11443 11483
14411 14591
8681 8713
3467 3499
4079 4079
2 28439
13313 13397
13327 13367
149 173
13781 13831
9463 9463
10321 10429
8699 8699
7211 7481
13399 13421
3181 3187
5209 5227
9743 9743
5827 5857
15377 15629
5051 5077
13297 13331
5653 5659
4021 4091
2 18217
10753 10781
4273 4339
2999 3119
2 9421
15413 15427
2 30911
11743 11789
4759 4909
8737 8839
4157 4217
2371 2377
10169 10181
6653 6653
15937 15937
2 10529
4651 4673
211 227
1567 1579
2 8443
9817 10067
2 18797
2857 2953
15349 15377
613 617
10711 10837
14431 14431
2 3637
2 25261
11423 11443
2 10709
2297 2309
13187 13187
2003 2017
13477 13591
5347 5431
11959 11987
733 751
4691 4721
4349 4441
14969 15017
9371 9421
13997 14033
13751 13901
4889 4943
2 8443
683 701
4523 4639
15767 15971
9679 9817
13963 14071
6379 6473
1861 1861
9739 9769
12973 12979
613 619
163 181
13331 13337
3019 3023
5527 5591
8923 8933
9439 9479
3821 3847
13037 13151
8039 8059
2 16477
15287 15461
8419 8599
2 23567
2 2699
4909 4909
2161 2243
4463 4517
2 22369
2 12539
8677 8677
2 6961
2 10531
8117 8123
15373 15451
12007 12007
4561 4567
3851 3881
2 17033
7297 7307
283 283
13729 13807
6469 6547
10861 10867
10937 11257
2213 2237
9371 9391
2 20443
2 13381
8291 8293
15439 15559
11239 11437
2 11161
10799 11279
14159 14243
1873 1951
2633 2699
2 21673
2539 2593
12809 12959
12799 12823
7417 7481
12347 12401
1279 1279
7129 7193
14293 14327
2 1231
2 1249
5519 5521
15287 15313
2 17203
7351 7489
10457 10499
10601 10607
2851 3049
9049 9173
2 9337
2 17107
2 20507
7741 7793
1571 1811
5309 5323
4919 4937
863 863
7333 7457
11471 11527
3851 3853
15299 15329
2 18461
13003 13147
2 23633
2 19861
2 7027
2 1163
10067 10133
13679 13757
1483 1483
12049 12241
9551 9601
1429 1453
11731 11863
2803 2803
15569 15607
5591 5657
2 22343
11743 11743
7559 7583
14449 14551
2 16831
13151 13451
14723 14747
2 30773
3329 3359
5099 5113
14009 14243
8219 8273
1327 1429
2969 2999
5711 5741
7129 7193
6473 6521
6791 6857
13591 13627
6257 6473
3697 3847
6421 6469
11437 11447
10909 10937
11119 11261
2 25111
10513 10601
3167 3167
7723 7879
1319 1367
15467 15473
15761 15991
1277 1427
2659 2659
15667 15671
12917 12923
15443 15461
9547 9547
10837 10837
5507 5557
3181 3187
11807 11981
10559 10601
6607 6653
16231 16363
2 30871
15901 15907
2 9127
14627 14627
11677 11779
10567 10651
10771 10853
7699 7789
2221 2243
11779 11833
6263 6269
7211 7243
2 17497
1277 1279
13259 13337
353 353
7759 7933
1637 1663
14437 14449
12263 12263
5077 5099
13829 13841
5927 5981
8543 8641
523 577
2 8111
9739 9967
6007 6029
6883 6947
13931 14051
14323 14323
2 7589
2 5657
14593 14731
13931 13931
4657 4783
15733 15737
9013 9109
9281 9311
8377 8377
9601 9623
6079 6089
2039 2063
1549 1559
1777 1861
2 9311
11321 11321
2 23531
15497 15749
2 25537
8009 8093
1543 1567
10513 10513
2 19597
2 20759
2297 2341
2 22871
13879 13913
4091 4211
6277 6343
3527 3581
13963 13999
373 383
5417 5483
5639 5849
2 8537
14369 14387
10151 10163
2 10567
4603 4651
13397 13421
9851 10061
4243 4259
7027 7213
12409 12487
16111 16249
2999 3137
11953 12289
6701 6803
2 17351
13873 13877
15859 16057
3709 3761
11587 11717
2 10993
1483 1543
9973 10711
5711 5711
2137 2239
10657 10667
11959 11987
15919 16057
7069 7103
1483 1487
15803 15877
2 15767
14057 14087
2 21149
13789 13807
1789 1801
10711 10733
11789 11821
11311 11467
15173 15227
2 7687
6151 6217
401 433
9013 9041
15887 15889
223 307
11941 12043
2 11483
7753 7759
4903 4919
5147 5189
8563 8629
11719 11827
13381 13463
4397 4451
7151 7211
5821 5851
8231 8273
1481 1481
6619 6659
6353 6521
14081 14173
8161 8171
15289 15289
10093 10111
2 7309
6481 6553
2 3539
10079 10099
5779 5783
8353 8377
9157 9161
7589 7603
14629 14669
2 27407
8111 8117
2 3923
8737 8893
2 29917
12497 12511
4243 4253
3491 3557
12517 12547
1783 1987
2 26591
9629 9689
7883 8231
13397 13463
2 26591
12451 12491
2 17431
7459 7459
4817 4817
8243 8291
6529 6551
2 9209
13913 13967
3557 3851
16087 16231
8263 8539
7517 7523
2 23029
2 8011
11971 12161
7001 7103
2 28837
9749 9781
919 1033
14713 15319
13967 14159
3733 3761
13513 13627
8233 8243
10903 10987
1823 1889
2 27109
11827 11827
2 21787
12007 12043
997 1039
293 431
2 14593
14221 14249
14143 14221
14717 14731
6037 6047
12347 12379
4703 4943
13469 13633
8863 8893
2 21347
4073 4091
2 15241
2 29009
14281 14323
2 4523
9619 9629
11833 11867
11549 11699
2 17489
14159 14293
8821 8837
9133 9187
1723 1741
10337 10457
1163 1193
5821 5843
449 463
61 71
14879 14879
12671 12671
15439 15493
2 17789
2 1511
12157 12253
2917 2917
14639 14723
2969 3011
7699 7753
10937 10973
4051 4051
2 10663
16087 16183
16033 16033
15443 15467
15227 15227
12613 12697
13781 13883
15329 15331
10211 10211
919 941
2029 2131
10883 11087
13451 13553
8297 8447
13477 13591
5197 5323
13339 13451
15973 16033
4447 4507
6569 6569
7253 7433
1103 1181
769 797
10847 10891
11681 11783
15473 15473
10159 10193
12163 12269
4357 4561
15017 15083
10853 11027
15511 15601
7043 7121
2 24677
11833 11839
13033 13171
12601 12641
4513 4591
12437 12457
11887 11971
8191 8269
8887 8941
7559 7649
3853 3907
7349 7547
8543 8573
2 15787
8861 8861
15877 15889
317 317
2 28057
421 463
8693 8693
3911 4073
4243 4261
5927 5987
2539 2617
8689 8753
12263 12401
6737 6791
4261 4261
9551 9629
4621 4649
2 29173
15739 15913
16349 16417
12041 12113
4019 4027
13163 13177
8039 8093
15083 15121
12959 12983
13513 13537
13381 13681
6703 6733
479 509
2707 2749
2 6199
3023 3041
14543 14591
6967 6991
503 509
8467 8647
571 587
10709 10789
7433 7451
2 29803
14947 14947
2 6379
10753 10771
15919 15919
4909 4931
5623 5639
6101 6113
6163 6217
2 2341
6491 6701
13723 13831
7489 7489
10139 10159
2029 2083
7853 7853
9521 9623
9539 9551
1021 1033
7907 7937
14797 15031
11887 11887
13687 14281
2 6211
2 31657
15527 15527
7369 7477
4139 4241
15193 15217
11779 11807
6473 6473
2 14401
509 509
4973 4987
2 13241
10333 10459
16007 16007
1163 1163
2 20161
11093 11149
9343 9349
337 353
2 13679
5233 5419
43 53
11939 11987
1667 1697
15299 15383
8689 8753
13523 13757
14843 14897
383 401
11471 11483
9689 9733
4831 4993
14437 14437
15137 15233
3089 3191
1907 1987
7583 7603
2521 2591
2 18143
12647 12757
2731 2731
6917 6961
1013 1033
4973 5171
2 13109
2633 2659
