3115.187 8246.084 7329.852 3298.433 3481.680 3481.680
3438.159 3800.070
2354.365 689.082 172.270 2871.177 2296.941 2526.635 2469.212 2756.330 2009.823
548.966 7685.535 3659.778 3476.790 914.944
6921.129 4202.114 12111.976
105.465 86.037 113.791 27.753 119.341
8881.263 3730.130 4973.507 6749.760 4440.631 177.625
1110.157 710.501 532.875 1598.627 133.218 843.720 2220.315 88.812
2865.132 5730.265 9550.441
843.720 666.094 1332.189 310.844 2131.503 1953.877
7136.004 2446.630 6932.118 1631.086
1065.751 843.720 1154.564 843.720 310.844 1465.408 222.031 1332.189
2292.106 1085.734 2050.831 1266.690 542.867
13752.636 15200.281
1019.429 6116.575 8767.090 2242.744
4300.240 1738.395 4025.756 3568.284 2653.339
9047.786 3800.070 3438.159
1149.013 949.185 724.378 424.635 824.292
843.720 1998.284 1998.284 1598.627 799.313
2521.181 3171.808 1545.240
11460.530 17492.387
10106.543 3215.718 2986.024 459.388 1378.165
8246.084 6047.128 6963.360 3298.433 4397.911
27505.272 1447.645
3342.654 2005.592 1146.053 4011.185 286.513 2101.097 3629.167 1623.575
823.450 3476.790 548.966 823.450 3751.273 365.977 3568.284 2927.823
22921.060 6031.857
10314.477 5971.539
101.660 193.155 157.573
2954.846 1511.782 3298.433 1855.368 962.043 1305.630 755.891 1511.782 2130.238
693.848 1179.542 2497.855 971.388 2636.625 3330.473
1378.165 2756.330 7809.601 6201.742
611.274 12531.127 12531.127 916.911
8323.963 7057.273 5790.583 904.778 6876.318
1669.862 445.296 2003.835 3785.021 1669.862 5566.208 1781.186 1224.565
5807.107 12531.127 7335.293 916.911
2855.881 5303.779 1767.926 5167.785 6663.722 407.983
1397.832 4828.875 3176.891 1906.134
2986.024 6890.825 8268.990
4342.937 6876.318 2533.380 2533.380
5549.309 2654.017 241.274 1327.008 3257.203 2774.654 4584.212 3136.566 5428.672
699.399 299.742 949.185 874.249 774.335 474.592
6890.825 11255.014
3438.159 6494.300 1719.079 1719.079 4775.220
904.778 301.592 542.867 1146.053 1176.212
12415.574 5730.265
1343.806 2076.791 1343.806 488.656 6108.210 1954.627 3909.254 1343.806 5741.717 4642.240
2706.009 1110.157 1387.697 416.309 3052.934 2636.625
1921.383 2195.867 1646.900 182.988 2012.878 1738.395 2744.834 3842.767
1465.970 549.738 2015.709 1191.101 1740.840 274.869
