8088.748 4595.879 183.835 6434.231 8456.418 
445.793 267.476 122.593 323.200 11.144 456.938 356.634 479.227 
2041.406 1769.219 725.833 
2760.531 240.046 2280.439 
2677.564 1295.595 1122.849 2504.818 3973.159 2763.937 2850.310 2418.445 
665.819 2481.690 907.935 665.819 60.529 1452.696 2602.748 968.464 423.703 2239.574 
4.833 207.828 101.497 
291.165 655.122 691.518 272.967 54.593 345.759 163.780 491.341 454.946 
405.574 301.283 
1413.716 5937.610 13006.193 5089.380 
5.487 6.516 12.346 1.028 15.433 15.090 7.202 15.433 
5540.368 4335.940 1565.756 5299.482 
138.508 106.297 9.663 
2861.751 5485.023 4292.627 2027.073 4531.106 5365.783 2027.073 
2739.168 2306.668 2162.501 1874.167 4325.002 865.000 5334.170 
1945.543 3048.018 194.554 2140.097 843.068 
44.721 18.633 141.618 67.082 108.076 
5684.993 1624.283 8527.490 
94.348 113.702 55.641 67.737 31.449 89.510 
4778.362 9339.526 1954.784 2606.379 434.396 
805.341 429.515 894.824 823.238 268.447 375.826 322.136 35.792 268.447 554.791 
99.467 85.257 97.099 37.892 18.946 21.314 37.892 47.365 89.994 80.521 
166.625 458.221 666.503 444.335 652.618 680.389 374.908 666.503 527.648 388.793 
62.831 37.699 55.292 17.592 25.132 82.938 85.451 37.699 5.026 42.725 
3053.628 1470.265 2940.530 904.778 3958.406 226.194 1357.168 1922.654 1922.654 4410.796 
5122.161 1138.258 1024.432 1024.432 5463.639 5008.336 5577.465 3983.903 569.129 2504.168 
1278.555 1329.697 1943.403 1380.839 306.853 2096.830 1380.839 1125.128 2096.830 2454.825 
41.743 187.845 563.536 41.743 396.562 688.767 459.178 125.230 1001.843 125.230 
2030.023 624.622 676.674 676.674 1977.971 1145.141 2394.386 936.933 1613.608 1197.193 
55.727 90.923 58.660 114.387 43.995 108.521 46.928 146.651 20.531 20.531 
508.938 508.938 
4528.605 4528.605 4528.605 4528.605 4528.605 4528.605 
14476.458 14476.458 
3267.779 1089.259 3267.779 4189.461 586.524 2848.833 1508.206 83.789 670.313 2094.730 
1236.710 4843.782 515.295 4946.841 2061.183 1133.651 3504.012 206.118 515.295 2679.539 
424.743 314.310 178.392 186.887 93.443 42.474 220.866 118.928 305.815 237.856 
0.312 0.312 0.312 0.319 0.312 0.312 0.319 0.312 0.312 0.312 
0.630 0.630 0.618 0.630 0.630 
1.033 1.054 1.054 
3148.017 3083.771 3212.262 3083.771 3083.771 3212.262 3212.262 3083.771 3083.771 3212.262 
3192.675 3128.821 3128.821 3192.675 3128.821 3192.675 3064.968 3064.968 3128.821 3192.675 
3212.262 3083.771 3148.017 3148.017 3148.017 3212.262 3148.017 3148.017 3083.771 3083.771 
9971.415 4985.707 
13300.246 8866.831 
795.215 1590.431 795.215 795.215 2385.646 
742.382 494.921 494.921 742.382 742.382 
1838.280 1838.280 1838.280 3676.561 3676.561 
4029.316 4029.316 2014.658 4029.316 
87.964 87.964 87.964 175.929 175.929 
28352.873 
