6
4
0
5
6
0
4
5
6
7
8
9
10
11
12
13
14
15
16
17
18
19
20
21
22
23
24
25
26
27
28
29
30
31
32
33
34
35
36
37
38
39
40
41
42
43
44
45
46
47
48
49
50
51
52
53
54
3
5
26
47
4
3
3
5
4
3
3
4
3
3
3
5
3
5
3
3
3
3
3
5
4
6
3
6
3
4
3
5
5
5
4
3
3
4
3
3
3
7
5
6
3
4
3
3
5
3
3
5
4
4
3
3
5
4
3
3
3
3
3
3
3
3
4
3
3
3
3
3
3
4
5
5
3
3
3
5
4
5
4
3
5
5
3
4
3
3
3
5
5
3
5
4
7
3
3
3
5
3
6
5
3
3
3
3
3
3
3
3
3
3
3
3
3
3
3
3
3
3
3
3
3
3
3
3
3
3
3
3
3
3
3
3
3
3
3
3
3
3
3
3
3
3
3
3
3
3
3
3
3
3
3
3
3
3
3
3
3
3
3
3
3
3
3
3
3
3
3
3
3
3
3
3
3
3
3
3
3
3
3
3
3
3
3
3
3
3
3
3
3
3
3
3
3
3
3
3
3
3
3
3
5
5
5
5
5
5
5
5
5
5
5
5
5
5
5
5
5
5
5
5
5
5
5
5
5
5
5
5
5
5
5
5
5
3
5
5
5
5
5
5
5
5
5
5
5
5
5
5
5
5
5
5
5
5
5
5
5
5
5
5
5
5
5
5
5
5
5
5
5
5
5
5
5
5
5
5
5
5
5
5
5
5
5
5
5
5
5
5
5
5
5
5
5
5
5
5
5
5
5
5
5
5
5
5
5
5
5
5
5
5
5
5
5
5
5
5
5
5
5
5
5
5
5
5
5
5
5
5
5
5
5
5
5
5
5
5
5
5
5
5
5
5
5
5
5
5
5
5
5
5
5
5
5
5
5
5
5
5
5
5
5
5
5
5
5
5
5
5
5
5
5
5
5
5
5
5
5
5
5
5
5
5
5
5
5
5
5
5
5
5
5
5
5
5
5
5
5
5
5
5
5
4
4
3
3
3
5
3
4
3
3
5
4
4
4
5
5
4
7
3
4
5
3
3
5
5
3
5
5
7
4
3
5
4
4
5
5
4
5
5
3
5
3
5
4
4
3
3
4
5
4
3
5
7
5
3
4
4
3
5
5
4
3
4
5
4
5
5
3
3
5
3
3
5
5
5
5
3
3
3
4
5
5
5
4
4
5
3
3
4
5
3
5
4
5
5
5
5
5
5
3
3
3
3
3
3
3
3
3
3
3
3
3
3
3
3
3
3
3
3
3
3
3
3
3
3
3
3
3
3
3
3
3
3
3
3
3
3
3
3
3
3
3
3
3
3
3
3
3
3
3
3
3
3
3
3
3
3
3
3
3
3
3
3
3
3
3
3
3
3
3
3
3
3
3
3
3
3
3
3
3
3
3
3
3
3
3
3
3
3
3
3
3
3
3
3
3
3
3
3
5
5
5
5
5
5
5
5
5
5
5
5
5
5
5
5
5
5
5
5
5
5
5
5
5
5
5
5
5
5
5
5
5
5
5
5
5
5
5
5
5
5
5
5
5
5
5
5
5
5
5
5
5
5
5
5
5
5
5
5
5
5
5
5
5
5
5
5
5
5
5
5
5
5
5
5
5
5
5
5
5
5
5
5
5
5
5
5
5
5
5
5
5
5
5
5
5
5
5
5
3
3
3
3
3
3
3
3
3
3
3
3
3
3
3
3
3
3
3
3
3
3
3
3
3
3
3
3
3
3
3
3
3
3
3
3
3
3
3
3
3
3
3
3
3
3
3
3
3
3
3
3
3
3
3
3
3
3
3
3
3
3
3
3
3
3
3
3
3
3
3
3
3
3
3
3
3
3
3
3
3
3
3
3
3
3
3
3
3
3
3
3
3
3
3
3
3
3
3
3
3
5
3
3
3
4
5
3
5
3
5
3
5
5
4
5
4
4
3
3
3
3
4
7
3
5
3
4
5
3
5
5
5
4
3
5
4
3
3
3
5
3
5
5
3
5
5
5
4
3
3
5
5
4
4
4
3
4
5
4
3
7
3
4
5
5
5
5
4
5
3
3
5
5
5
4
4
4
4
3
3
5
4
5
7
3
3
5
5
3
3
3
5
5
3
7
5
3
4
3
4
5
4
5
3
3
5
3
3
3
3
3
5
5
4
4
3
3
3
3
5
5
3
3
3
3
5
5
5
5
4
5
5
5
5
4
5
4
4
3
4
5
5
5
3
3
3
5
3
5
5
3
3
3
5
3
3
3
3
4
5
4
3
5
5
3
3
3
3
5
5
5
4
5
3
3
5
4
3
5
3
5
3
3
3
3
5
4
5
3
5
4
5
5
5
3
5
5
3
3
