30844 + 24335 = 55179
30844 - 24335 = 6509
30844 / 24335 = 1
30844 % 24335 = 6509
14226 + 30404 = 44630
14226 - 30404 = -16178
14226 / 30404 = 0
14226 % 30404 = 14226
22191 + 14169 = 36360
22191 - 14169 = 8022
22191 / 14169 = 1
22191 % 14169 = 8022
18760 + 6178 = 24938
18760 - 6178 = 12582
18760 / 6178 = 3
18760 % 6178 = 226
31821 + 405 = 32226
31821 - 405 = 31416
31821 / 405 = 78
31821 % 405 = 231
12438 + 10869 = 23307
12438 - 10869 = 1569
12438 / 10869 = 1
12438 % 10869 = 1569
7652 + 32612 = 40264
7652 - 32612 = -24960
7652 / 32612 = 0
7652 % 32612 = 7652
19111 + 28678 = 47789
19111 - 28678 = -9567
19111 / 28678 = 0
19111 % 28678 = 19111
10020 + 5645 = 15665
10020 - 5645 = 4375
10020 / 5645 = 1
10020 % 5645 = 4375
11960 + 3569 = 15529
11960 - 3569 = 8391
11960 / 3569 = 3
11960 % 3569 = 1253
