30808 + 4407 = 35215
30808 - 4407 = 26401
30808 / 4407 = 6
30808 % 4407 = 4366
14328 + 27851 = 42179
14328 - 27851 = -13523
14328 / 27851 = 0
14328 % 27851 = 14328
7035 + 3743 = 10778
7035 - 3743 = 3292
7035 / 3743 = 1
7035 % 3743 = 3292
17291 + 5610 = 22901
17291 - 5610 = 11681
17291 / 5610 = 3
17291 % 5610 = 461
14033 + 2498 = 16531
14033 - 2498 = 11535
14033 / 2498 = 5
14033 % 2498 = 1543
14065 + 10384 = 24449
14065 - 10384 = 3681
14065 / 10384 = 1
14065 % 10384 = 3681
26269 + 14443 = 40712
26269 - 14443 = 11826
26269 / 14443 = 1
26269 % 14443 = 11826
4373 + 1799 = 6172
4373 - 1799 = 2574
4373 / 1799 = 2
4373 % 1799 = 775
9934 + 32344 = 42278
9934 - 32344 = -22410
9934 / 32344 = 0
9934 % 32344 = 9934
24590 + 6941 = 31531
24590 - 6941 = 17649
24590 / 6941 = 3
24590 % 6941 = 3767
15816 + 15597 = 31413
15816 - 15597 = 219
15816 / 15597 = 1
15816 % 15597 = 219
8702 + 17275 = 25977
8702 - 17275 = -8573
8702 / 17275 = 0
8702 % 17275 = 8702
17511 + 19242 = 36753
17511 - 19242 = -1731
17511 / 19242 = 0
17511 % 19242 = 17511
11578 + 11058 = 22636
11578 - 11058 = 520
11578 / 11058 = 1
11578 % 11058 = 520
28481 + 10715 = 39196
28481 - 10715 = 17766
28481 / 10715 = 2
28481 % 10715 = 7051
25515 + 16279 = 41794
25515 - 16279 = 9236
25515 / 16279 = 1
25515 % 16279 = 9236
32044 + 18446 = 50490
32044 - 18446 = 13598
32044 / 18446 = 1
32044 % 18446 = 13598
13684 + 14417 = 28101
13684 - 14417 = -733
13684 / 14417 = 0
13684 % 14417 = 13684
28417 + 27594 = 56011
28417 - 27594 = 823
28417 / 27594 = 1
28417 % 27594 = 823
14036 + 26032 = 40068
14036 - 26032 = -11996
14036 / 26032 = 0
14036 % 26032 = 14036
27807 + 4862 = 32669
27807 - 4862 = 22945
27807 / 4862 = 5
27807 % 4862 = 3497
19790 + 14657 = 34447
19790 - 14657 = 5133
19790 / 14657 = 1
19790 % 14657 = 5133
31538 + 24760 = 56298
31538 - 24760 = 6778
31538 / 24760 = 1
31538 % 24760 = 6778
14344 + 15519 = 29863
14344 - 15519 = -1175
14344 / 15519 = 0
14344 % 15519 = 14344
26805 + 27287 = 54092
26805 - 27287 = -482
26805 / 27287 = 0
26805 % 27287 = 26805
30578 + 27275 = 57853
30578 - 27275 = 3303
30578 / 27275 = 1
30578 % 27275 = 3303
4277 + 31363 = 35640
4277 - 31363 = -27086
4277 / 31363 = 0
4277 % 31363 = 4277
22567 + 7743 = 30310
22567 - 7743 = 14824
22567 / 7743 = 2
22567 % 7743 = 7081
24152 + 6299 = 30451
24152 - 6299 = 17853
24152 / 6299 = 3
24152 % 6299 = 5255
9496 + 3328 = 12824
9496 - 3328 = 6168
9496 / 3328 = 2
9496 % 3328 = 2840
12191 + 29039 = 41230
12191 - 29039 = -16848
12191 / 29039 = 0
12191 % 29039 = 12191
17639 + 32243 = 49882
17639 - 32243 = -14604
17639 / 32243 = 0
17639 % 32243 = 17639
32232 + 27760 = 59992
32232 - 27760 = 4472
32232 / 27760 = 1
32232 % 27760 = 4472
18065 + 13361 = 31426
18065 - 13361 = 4704
18065 / 13361 = 1
18065 % 13361 = 4704
28599 + 1701 = 30300
28599 - 1701 = 26898
28599 / 1701 = 16
28599 % 1701 = 1383
8528 + 16157 = 24685
8528 - 16157 = -7629
8528 / 16157 = 0
8528 % 16157 = 8528
14261 + 17823 = 32084
14261 - 17823 = -3562
14261 / 17823 = 0
14261 % 17823 = 14261
11200 + 9462 = 20662
11200 - 9462 = 1738
11200 / 9462 = 1
11200 % 9462 = 1738
25849 + 22190 = 48039
25849 - 22190 = 3659
25849 / 22190 = 1
25849 % 22190 = 3659
3648 + 7080 = 10728
3648 - 7080 = -3432
3648 / 7080 = 0
3648 % 7080 = 3648
2183 + 11861 = 14044
2183 - 11861 = -9678
2183 / 11861 = 0
2183 % 11861 = 2183
13467 + 17384 = 30851
13467 - 17384 = -3917
13467 / 17384 = 0
13467 % 17384 = 13467
21526 + 15356 = 36882
21526 - 15356 = 6170
21526 / 15356 = 1
21526 % 15356 = 6170
744 + 6783 = 7527
744 - 6783 = -6039
744 / 6783 = 0
744 % 6783 = 744
5655 + 1509 = 7164
5655 - 1509 = 4146
5655 / 1509 = 3
5655 % 1509 = 1128
20910 + 5094 = 26004
20910 - 5094 = 15816
20910 / 5094 = 4
20910 % 5094 = 534
14066 + 16737 = 30803
14066 - 16737 = -2671
14066 / 16737 = 0
14066 % 16737 = 14066
30028 + 5652 = 35680
30028 - 5652 = 24376
30028 / 5652 = 5
30028 % 5652 = 1768
7059 + 15172 = 22231
7059 - 15172 = -8113
7059 / 15172 = 0
7059 % 15172 = 7059
21656 + 17556 = 39212
21656 - 17556 = 4100
21656 / 17556 = 1
21656 % 17556 = 4100
