30772 + 17246 = 48018
30772 - 17246 = 13526
30772 / 17246 = 1
30772 % 17246 = 13526
14430 + 25299 = 39729
14430 - 25299 = -10869
14430 / 25299 = 0
14430 % 25299 = 14430
24646 + 26085 = 50731
24646 - 26085 = -1439
24646 / 26085 = 0
24646 % 26085 = 24646
15823 + 5042 = 20865
15823 - 5042 = 10781
15823 / 5042 = 3
15823 % 5042 = 697
29014 + 4591 = 33605
29014 - 4591 = 24423
29014 / 4591 = 6
29014 % 4591 = 1468
15692 + 9900 = 25592
15692 - 9900 = 5792
15692 / 9900 = 1
15692 % 9900 = 5792
12117 + 29041 = 41158
12117 - 29041 = -16924
12117 / 29041 = 0
12117 % 29041 = 12117
22404 + 7688 = 30092
22404 - 7688 = 14716
22404 / 7688 = 2
22404 % 7688 = 7028
9848 + 26274 = 36122
9848 - 26274 = -16426
9848 / 26274 = 0
9848 % 26274 = 9848
4452 + 10314 = 14766
4452 - 10314 = -5862
4452 / 10314 = 0
4452 % 10314 = 4452
21318 + 9147 = 30465
21318 - 9147 = 12171
21318 / 9147 = 2
21318 % 9147 = 3024
7379 + 5650 = 13029
7379 - 5650 = 1729
7379 / 5650 = 1
7379 % 5650 = 1729
20719 + 28667 = 49386
20719 - 28667 = -7948
20719 / 28667 = 0
20719 % 28667 = 20719
6560 + 26434 = 32994
6560 - 26434 = -19874
6560 / 26434 = 0
6560 % 26434 = 6560
16863 + 15855 = 32718
16863 - 15855 = 1008
16863 / 15855 = 1
16863 % 15855 = 1008
25272 + 13151 = 38423
25272 - 13151 = 12121
25272 / 13151 = 1
25272 % 13151 = 12121
9875 + 30448 = 40323
9875 - 30448 = -20573
9875 / 30448 = 0
9875 % 30448 = 9875
15261 + 28986 = 44247
15261 - 28986 = -13725
15261 / 28986 = 0
15261 % 28986 = 15261
5803 + 8173 = 13976
5803 - 8173 = -2370
5803 / 8173 = 0
5803 % 8173 = 5803
29203 + 25039 = 54242
29203 - 25039 = 4164
29203 / 25039 = 1
29203 % 25039 = 4164
4161 + 15211 = 19372
4161 - 15211 = -11050
4161 / 15211 = 0
4161 % 15211 = 4161
18461 + 8813 = 27274
18461 - 8813 = 9648
18461 / 8813 = 2
18461 % 8813 = 835
20858 + 3273 = 24131
20858 - 3273 = 17585
20858 / 3273 = 6
20858 % 3273 = 1220
14887 + 10775 = 25662
14887 - 10775 = 4112
14887 / 10775 = 1
14887 % 10775 = 4112
28762 + 8393 = 37155
28762 - 8393 = 20369
28762 / 8393 = 3
28762 % 8393 = 3583
30085 + 13867 = 43952
30085 - 13867 = 16218
30085 / 13867 = 2
30085 % 13867 = 2351
9437 + 16204 = 25641
9437 - 16204 = -6767
9437 / 16204 = 0
9437 % 16204 = 9437
4892 + 27201 = 32093
4892 - 27201 = -22309
4892 / 27201 = 0
4892 % 27201 = 4892
31043 + 10845 = 41888
31043 - 10845 = 20198
31043 / 10845 = 2
31043 % 10845 = 9353
27231 + 10070 = 37301
27231 - 10070 = 17161
27231 / 10070 = 2
27231 % 10070 = 7091
21675 + 20081 = 41756
21675 - 20081 = 1594
21675 / 20081 = 1
21675 % 20081 = 1594
4222 + 24106 = 28328
4222 - 24106 = -19884
4222 / 24106 = 0
4222 % 24106 = 4222
5091 + 18413 = 23504
5091 - 18413 = -13322
5091 / 18413 = 0
5091 % 18413 = 5091
22489 + 24806 = 47295
22489 - 24806 = -2317
22489 / 24806 = 0
22489 % 24806 = 22489
9343 + 25065 = 34408
9343 - 25065 = -15722
9343 / 25065 = 0
9343 % 25065 = 9343
25531 + 30722 = 56253
25531 - 30722 = -5191
25531 / 30722 = 0
25531 % 30722 = 25531
22056 + 29236 = 51292
22056 - 29236 = -7180
22056 / 29236 = 0
22056 % 29236 = 22056
9285 + 15974 = 25259
9285 - 15974 = -6689
9285 / 15974 = 0
9285 % 15974 = 9285
22071 + 13976 = 36047
22071 - 13976 = 8095
22071 / 13976 = 1
22071 % 13976 = 8095
20136 + 2255 = 22391
20136 - 2255 = 17881
20136 / 2255 = 8
20136 % 2255 = 2096
2435 + 5983 = 8418
2435 - 5983 = -3548
2435 / 5983 = 0
2435 % 5983 = 2435
9624 + 23669 = 33293
9624 - 23669 = -14045
9624 / 23669 = 0
9624 % 23669 = 9624
14454 + 29461 = 43915
14454 - 29461 = -15007
14454 / 29461 = 0
14454 % 29461 = 14454
9725 + 14571 = 24296
9725 - 14571 = -4846
9725 / 14571 = 0
9725 % 14571 = 9725
16743 + 22416 = 39159
16743 - 22416 = -5673
16743 / 22416 = 0
16743 % 22416 = 16743
27627 + 14662 = 42289
27627 - 14662 = 12965
27627 / 14662 = 1
27627 % 14662 = 12965
17699 + 19502 = 37201
17699 - 19502 = -1803
17699 / 19502 = 0
17699 % 19502 = 17699
25556 + 20609 = 46165
25556 - 20609 = 4947
25556 / 20609 = 1
25556 % 20609 = 4947
461 + 4446 = 4907
461 - 4446 = -3985
461 / 4446 = 0
461 % 4446 = 461
7164 + 9504 = 16668
7164 - 9504 = -2340
7164 / 9504 = 0
7164 % 9504 = 7164
20457 + 31074 = 51531
20457 - 31074 = -10617
20457 / 31074 = 0
20457 % 31074 = 20457
18990 + 20500 = 39490
18990 - 20500 = -1510
18990 / 20500 = 0
18990 % 20500 = 18990
30131 + 15955 = 46086
30131 - 15955 = 14176
30131 / 15955 = 1
30131 % 15955 = 14176
22958 + 735 = 23693
22958 - 735 = 22223
22958 / 735 = 31
22958 % 735 = 173
17589 + 31077 = 48666
17589 - 31077 = -13488
17589 / 31077 = 0
17589 % 31077 = 17589
5486 + 22776 = 28262
5486 - 22776 = -17290
5486 / 22776 = 0
5486 % 22776 = 5486
13720 + 8044 = 21764
13720 - 8044 = 5676
13720 / 8044 = 1
13720 % 8044 = 5676
17028 + 22641 = 39669
17028 - 22641 = -5613
17028 / 22641 = 0
17028 % 22641 = 17028
30267 + 9887 = 40154
30267 - 9887 = 20380
30267 / 9887 = 3
30267 % 9887 = 606
16092 + 26071 = 42163
16092 - 26071 = -9979
16092 / 26071 = 0
16092 % 26071 = 16092
7682 + 14748 = 22430
7682 - 14748 = -7066
7682 / 14748 = 0
7682 % 14748 = 7682
30762 + 12122 = 42884
30762 - 12122 = 18640
30762 / 12122 = 2
30762 % 12122 = 6518
31857 + 7085 = 38942
31857 - 7085 = 24772
31857 / 7085 = 4
31857 % 7085 = 3517
20259 + 21293 = 41552
20259 - 21293 = -1034
20259 / 21293 = 0
20259 % 21293 = 20259
13817 + 8778 = 22595
13817 - 8778 = 5039
13817 / 8778 = 1
13817 % 8778 = 5039
15085 + 17712 = 32797
15085 - 17712 = -2627
15085 / 17712 = 0
15085 % 17712 = 15085
8977 + 26591 = 35568
8977 - 26591 = -17614
8977 / 26591 = 0
8977 % 26591 = 8977
16596 + 14285 = 30881
16596 - 14285 = 2311
16596 / 14285 = 1
16596 % 14285 = 2311
9609 + 7119 = 16728
9609 - 7119 = 2490
9609 / 7119 = 1
9609 % 7119 = 2490
5182 + 3103 = 8285
5182 - 3103 = 2079
5182 / 3103 = 1
5182 % 3103 = 2079
26651 + 5048 = 31699
26651 - 5048 = 21603
26651 / 5048 = 5
26651 % 5048 = 1411
29409 + 3418 = 32827
29409 - 3418 = 25991
29409 / 3418 = 8
29409 % 3418 = 2065
15428 + 505 = 15933
15428 - 505 = 14923
15428 / 505 = 30
15428 % 505 = 278
4403 + 31591 = 35994
4403 - 31591 = -27188
4403 / 31591 = 0
4403 % 31591 = 4403
2642 + 30065 = 32707
2642 - 30065 = -27423
2642 / 30065 = 0
2642 % 30065 = 2642
11042 + 10446 = 21488
11042 - 10446 = 596
11042 / 10446 = 1
11042 % 10446 = 596
1981 + 1674 = 3655
1981 - 1674 = 307
1981 / 1674 = 1
1981 % 1674 = 307
3334 + 12249 = 15583
3334 - 12249 = -8915
3334 / 12249 = 0
3334 % 12249 = 3334
10170 + 21878 = 32048
10170 - 21878 = -11708
10170 / 21878 = 0
10170 % 21878 = 10170
10452 + 759 = 11211
10452 - 759 = 9693
10452 / 759 = 13
10452 % 759 = 585
31246 + 15801 = 47047
31246 - 15801 = 15445
31246 / 15801 = 1
31246 % 15801 = 15445
2964 + 23646 = 26610
2964 - 23646 = -20682
2964 / 23646 = 0
2964 % 23646 = 2964
27680 + 25320 = 53000
27680 - 25320 = 2360
27680 / 25320 = 1
27680 % 25320 = 2360
18197 + 20724 = 38921
18197 - 20724 = -2527
18197 / 20724 = 0
18197 % 20724 = 18197
8275 + 31408 = 39683
8275 - 31408 = -23133
8275 / 31408 = 0
8275 % 31408 = 8275
9183 + 2672 = 11855
9183 - 2672 = 6511
9183 / 2672 = 3
9183 % 2672 = 1167
20370 + 30745 = 51115
20370 - 30745 = -10375
20370 / 30745 = 0
20370 % 30745 = 20370
12137 + 27836 = 39973
12137 - 27836 = -15699
12137 / 27836 = 0
12137 % 27836 = 12137
26925 + 31756 = 58681
26925 - 31756 = -4831
26925 / 31756 = 0
26925 % 31756 = 26925
31372 + 10910 = 42282
31372 - 10910 = 20462
31372 / 10910 = 2
31372 % 10910 = 9552
25827 + 12052 = 37879
25827 - 12052 = 13775
25827 / 12052 = 2
25827 % 12052 = 1723
7224 + 3480 = 10704
7224 - 3480 = 3744
7224 / 3480 = 2
7224 % 3480 = 264
31552 + 26721 = 58273
31552 - 26721 = 4831
31552 / 26721 = 1
31552 % 26721 = 4831
19558 + 29965 = 49523
19558 - 29965 = -10407
19558 / 29965 = 0
19558 % 29965 = 19558
14377 + 17938 = 32315
14377 - 17938 = -3561
14377 / 17938 = 0
14377 % 17938 = 14377
11085 + 20644 = 31729
11085 - 20644 = -9559
11085 / 20644 = 0
11085 % 20644 = 11085
7093 + 6836 = 13929
7093 - 6836 = 257
7093 / 6836 = 1
7093 % 6836 = 257
2265 + 6642 = 8907
2265 - 6642 = -4377
2265 / 6642 = 0
2265 % 6642 = 2265
15678 + 21509 = 37187
15678 - 21509 = -5831
15678 / 21509 = 0
15678 % 21509 = 15678
16473 + 4435 = 20908
16473 - 4435 = 12038
16473 / 4435 = 3
16473 % 4435 = 3168
