30733 + 19337 = 50070
30733 - 19337 = 11396
30733 / 19337 = 1
30733 % 19337 = 11396
29436 + 31451 = 60887
29436 - 31451 = -2015
29436 / 31451 = 0
29436 % 31451 = 29436
31944 + 11732 = 43676
31944 - 11732 = 20212
31944 / 11732 = 2
31944 % 11732 = 8480
11241 + 7402 = 18643
11241 - 7402 = 3839
11241 / 7402 = 1
11241 % 7402 = 3839
27483 + 12831 = 40314
27483 - 12831 = 14652
27483 / 12831 = 2
27483 % 12831 = 1821
17467 + 9371 = 26838
17467 - 9371 = 8096
17467 / 9371 = 1
17467 % 9371 = 8096
8595 + 27093 = 35688
8595 - 27093 = -18498
8595 / 27093 = 0
8595 % 27093 = 8595
18242 + 29007 = 47249
18242 - 29007 = -10765
18242 / 29007 = 0
18242 % 29007 = 18242
15712 + 1780 = 17492
15712 - 1780 = 13932
15712 / 1780 = 8
15712 % 1780 = 1472
15252 + 22930 = 38182
15252 - 22930 = -7678
15252 / 22930 = 0
15252 % 22930 = 15252
15404 + 19984 = 35388
15404 - 19984 = -4580
15404 / 19984 = 0
15404 % 19984 = 15404
23809 + 19779 = 43588
23809 - 19779 = 4030
23809 / 19779 = 1
23809 % 19779 = 4030
9323 + 27034 = 36357
9323 - 27034 = -17711
9323 / 27034 = 0
9323 % 27034 = 9323
13001 + 25334 = 38335
13001 - 25334 = -12333
13001 / 25334 = 0
13001 % 25334 = 13001
28019 + 610 = 28629
28019 - 610 = 27409
28019 / 610 = 45
28019 % 610 = 569
22029 + 21654 = 43683
22029 - 21654 = 375
22029 / 21654 = 1
22029 % 21654 = 375
6542 + 16731 = 23273
6542 - 16731 = -10189
6542 / 16731 = 0
6542 % 16731 = 6542
31876 + 12111 = 43987
31876 - 12111 = 19765
31876 / 12111 = 2
31876 % 12111 = 7654
13902 + 7838 = 21740
13902 - 7838 = 6064
13902 / 7838 = 1
13902 % 7838 = 6064
7023 + 15018 = 22041
7023 - 15018 = -7995
7023 / 15018 = 0
7023 % 15018 = 7023
14113 + 8626 = 22739
14113 - 8626 = 5487
14113 / 8626 = 1
14113 % 8626 = 5487
14031 + 23290 = 37321
14031 - 23290 = -9259
14031 / 23290 = 0
14031 % 23290 = 14031
24101 + 30475 = 54576
24101 - 30475 = -6374
24101 / 30475 = 0
24101 % 30475 = 24101
12501 + 29432 = 41933
12501 - 29432 = -16931
12501 / 29432 = 0
12501 % 29432 = 12501
10046 + 32464 = 42510
10046 - 32464 = -22418
10046 / 32464 = 0
10046 % 32464 = 10046
11674 + 2218 = 13892
11674 - 2218 = 9456
11674 / 2218 = 5
11674 % 2218 = 584
26981 + 14562 = 41543
26981 - 14562 = 12419
26981 / 14562 = 1
26981 % 14562 = 12419
24336 + 12681 = 37017
24336 - 12681 = 11655
24336 / 12681 = 1
24336 % 12681 = 11655
8771 + 12825 = 21596
8771 - 12825 = -4054
8771 / 12825 = 0
8771 % 12825 = 8771
19769 + 2530 = 22299
19769 - 2530 = 17239
19769 / 2530 = 7
19769 % 2530 = 2059
8190 + 22225 = 30415
8190 - 22225 = -14035
8190 / 22225 = 0
8190 % 22225 = 8190
28310 + 15229 = 43539
28310 - 15229 = 13081
28310 / 15229 = 1
28310 % 15229 = 13081
32083 + 20133 = 52216
32083 - 20133 = 11950
32083 / 20133 = 1
32083 % 20133 = 11950
9443 + 22397 = 31840
9443 - 22397 = -12954
9443 / 22397 = 0
9443 % 22397 = 9443
9189 + 17786 = 26975
9189 - 17786 = -8597
9189 / 17786 = 0
9189 % 17786 = 9189
29185 + 1927 = 31112
29185 - 1927 = 27258
29185 / 1927 = 15
29185 % 1927 = 280
18644 + 17856 = 36500
18644 - 17856 = 788
18644 / 17856 = 1
18644 % 17856 = 788
31028 + 23078 = 54106
31028 - 23078 = 7950
31028 / 23078 = 1
31028 % 23078 = 7950
6034 + 2036 = 8070
6034 - 2036 = 3998
6034 / 2036 = 2
6034 % 2036 = 1962
8334 + 11886 = 20220
8334 - 11886 = -3552
8334 / 11886 = 0
8334 % 11886 = 8334
32498 + 23401 = 55899
32498 - 23401 = 9097
32498 / 23401 = 1
32498 % 23401 = 9097
26283 + 736 = 27019
26283 - 736 = 25547
26283 / 736 = 35
26283 % 736 = 523
21634 + 3145 = 24779
21634 - 3145 = 18489
21634 / 3145 = 6
21634 % 3145 = 2764
16543 + 11150 = 27693
16543 - 11150 = 5393
16543 / 11150 = 1
16543 % 11150 = 5393
16923 + 27350 = 44273
16923 - 27350 = -10427
16923 / 27350 = 0
16923 % 27350 = 16923
5165 + 13184 = 18349
5165 - 13184 = -8019
5165 / 13184 = 0
5165 % 13184 = 5165
12726 + 22518 = 35244
12726 - 22518 = -9792
12726 / 22518 = 0
12726 % 22518 = 12726
8762 + 27989 = 36751
8762 - 27989 = -19227
8762 / 27989 = 0
8762 % 27989 = 8762
11137 + 31471 = 42608
11137 - 31471 = -20334
11137 / 31471 = 0
11137 % 31471 = 11137
30080 + 30509 = 60589
30080 - 30509 = -429
30080 / 30509 = 0
30080 % 30509 = 30080
23091 + 1135 = 24226
23091 - 1135 = 21956
23091 / 1135 = 20
23091 % 1135 = 391
10631 + 13767 = 24398
10631 - 13767 = -3136
10631 / 13767 = 0
10631 % 13767 = 10631
10652 + 8911 = 19563
10652 - 8911 = 1741
10652 / 8911 = 1
10652 % 8911 = 1741
7633 + 2791 = 10424
7633 - 2791 = 4842
7633 / 2791 = 2
7633 % 2791 = 2051
13184 + 2968 = 16152
13184 - 2968 = 10216
13184 / 2968 = 4
13184 % 2968 = 1312
26965 + 19195 = 46160
26965 - 19195 = 7770
26965 / 19195 = 1
26965 % 19195 = 7770
28325 + 15943 = 44268
28325 - 15943 = 12382
28325 / 15943 = 1
28325 % 15943 = 12382
8752 + 13821 = 22573
8752 - 13821 = -5069
8752 / 13821 = 0
8752 % 13821 = 8752
21547 + 25677 = 47224
21547 - 25677 = -4130
21547 / 25677 = 0
21547 % 25677 = 21547
19862 + 30619 = 50481
19862 - 30619 = -10757
19862 / 30619 = 0
19862 % 30619 = 19862
28444 + 29274 = 57718
28444 - 29274 = -830
28444 / 29274 = 0
28444 % 29274 = 28444
3086 + 29334 = 32420
3086 - 29334 = -26248
3086 / 29334 = 0
3086 % 29334 = 3086
2628 + 28379 = 31007
2628 - 28379 = -25751
2628 / 28379 = 0
2628 % 28379 = 2628
21983 + 23400 = 45383
21983 - 23400 = -1417
21983 / 23400 = 0
21983 % 23400 = 21983
28739 + 450 = 29189
28739 - 450 = 28289
28739 / 450 = 63
28739 % 450 = 389
23493 + 26153 = 49646
23493 - 26153 = -2660
23493 / 26153 = 0
23493 % 26153 = 23493
29152 + 12677 = 41829
29152 - 12677 = 16475
29152 / 12677 = 2
29152 % 12677 = 3798
24553 + 2995 = 27548
24553 - 2995 = 21558
24553 / 2995 = 8
24553 % 2995 = 593
9888 + 29033 = 38921
9888 - 29033 = -19145
9888 / 29033 = 0
9888 % 29033 = 9888
6928 + 10757 = 17685
6928 - 10757 = -3829
6928 / 10757 = 0
6928 % 10757 = 6928
7064 + 25856 = 32920
7064 - 25856 = -18792
7064 / 25856 = 0
7064 % 25856 = 7064
531 + 997 = 1528
531 - 997 = -466
531 / 997 = 0
531 % 997 = 531
25727 + 31984 = 57711
25727 - 31984 = -6257
25727 / 31984 = 0
25727 % 31984 = 25727
32655 + 25546 = 58201
32655 - 25546 = 7109
32655 / 25546 = 1
32655 % 25546 = 7109
17159 + 20727 = 37886
17159 - 20727 = -3568
17159 / 20727 = 0
17159 % 20727 = 17159
30173 + 26104 = 56277
30173 - 26104 = 4069
30173 / 26104 = 1
30173 % 26104 = 4069
22637 + 23340 = 45977
22637 - 23340 = -703
22637 / 23340 = 0
22637 % 23340 = 22637
7493 + 11757 = 19250
7493 - 11757 = -4264
7493 / 11757 = 0
7493 % 11757 = 7493
5455 + 30856 = 36311
5455 - 30856 = -25401
5455 / 30856 = 0
5455 % 30856 = 5455
4718 + 2812 = 7530
4718 - 2812 = 1906
4718 / 2812 = 1
4718 % 2812 = 1906
23487 + 21156 = 44643
23487 - 21156 = 2331
23487 / 21156 = 1
23487 % 21156 = 2331
10521 + 20536 = 31057
10521 - 20536 = -10015
10521 / 20536 = 0
10521 % 20536 = 10521
1941 + 5828 = 7769
1941 - 5828 = -3887
1941 / 5828 = 0
1941 % 5828 = 1941
22287 + 25491 = 47778
22287 - 25491 = -3204
22287 / 25491 = 0
22287 % 25491 = 22287
20745 + 7701 = 28446
20745 - 7701 = 13044
20745 / 7701 = 2
20745 % 7701 = 5343
19288 + 18503 = 37791
19288 - 18503 = 785
19288 / 18503 = 1
19288 % 18503 = 785
15745 + 27443 = 43188
15745 - 27443 = -11698
15745 / 27443 = 0
15745 % 27443 = 15745
1454 + 10357 = 11811
1454 - 10357 = -8903
1454 / 10357 = 0
1454 % 10357 = 1454
4775 + 8430 = 13205
4775 - 8430 = -3655
4775 / 8430 = 0
4775 % 8430 = 4775
562 + 8716 = 9278
562 - 8716 = -8154
562 / 8716 = 0
562 % 8716 = 562
32703 + 22094 = 54797
32703 - 22094 = 10609
32703 / 22094 = 1
32703 % 22094 = 10609
19805 + 23277 = 43082
19805 - 23277 = -3472
19805 / 23277 = 0
19805 % 23277 = 19805
28984 + 27605 = 56589
28984 - 27605 = 1379
28984 / 27605 = 1
28984 % 27605 = 1379
5176 + 8269 = 13445
5176 - 8269 = -3093
5176 / 8269 = 0
5176 % 8269 = 5176
17024 + 17923 = 34947
17024 - 17923 = -899
17024 / 17923 = 0
17024 % 17923 = 17024
1232 + 5466 = 6698
1232 - 5466 = -4234
1232 / 5466 = 0
1232 % 5466 = 1232
16925 + 4384 = 21309
16925 - 4384 = 12541
16925 / 4384 = 3
16925 % 4384 = 3773
4836 + 13601 = 18437
4836 - 13601 = -8765
4836 / 13601 = 0
4836 % 13601 = 4836
15354 + 29237 = 44591
15354 - 29237 = -13883
15354 / 29237 = 0
15354 % 29237 = 15354
29922 + 11183 = 41105
29922 - 11183 = 18739
29922 / 11183 = 2
29922 % 11183 = 7556
32254 + 18780 = 51034
32254 - 18780 = 13474
32254 / 18780 = 1
32254 % 18780 = 13474
27922 + 19062 = 46984
27922 - 19062 = 8860
27922 / 19062 = 1
27922 % 19062 = 8860
2787 + 26937 = 29724
2787 - 26937 = -24150
2787 / 26937 = 0
2787 % 26937 = 2787
13072 + 7155 = 20227
13072 - 7155 = 5917
13072 / 7155 = 1
13072 % 7155 = 5917
28486 + 26569 = 55055
28486 - 26569 = 1917
28486 / 26569 = 1
28486 % 26569 = 1917
4479 + 23182 = 27661
4479 - 23182 = -18703
4479 / 23182 = 0
4479 % 23182 = 4479
27898 + 27738 = 55636
27898 - 27738 = 160
27898 / 27738 = 1
27898 % 27738 = 160
3068 + 20162 = 23230
3068 - 20162 = -17094
3068 / 20162 = 0
3068 % 20162 = 3068
28834 + 7899 = 36733
28834 - 7899 = 20935
28834 / 7899 = 3
28834 % 7899 = 5137
8529 + 22653 = 31182
8529 - 22653 = -14124
8529 / 22653 = 0
8529 % 22653 = 8529
1407 + 7254 = 8661
1407 - 7254 = -5847
1407 / 7254 = 0
1407 % 7254 = 1407
32235 + 10186 = 42421
32235 - 10186 = 22049
32235 / 10186 = 3
32235 % 10186 = 1677
15238 + 5307 = 20545
15238 - 5307 = 9931
15238 / 5307 = 2
15238 % 5307 = 4624
12943 + 26797 = 39740
12943 - 26797 = -13854
12943 / 26797 = 0
12943 % 26797 = 12943
13238 + 30175 = 43413
13238 - 30175 = -16937
13238 / 30175 = 0
13238 % 30175 = 13238
17224 + 26190 = 43414
17224 - 26190 = -8966
17224 / 26190 = 0
17224 % 26190 = 17224
18088 + 18372 = 36460
18088 - 18372 = -284
18088 / 18372 = 0
18088 % 18372 = 18088
8868 + 26970 = 35838
8868 - 26970 = -18102
8868 / 26970 = 0
8868 % 26970 = 8868
31080 + 7707 = 38787
31080 - 7707 = 23373
31080 / 7707 = 4
31080 % 7707 = 252
27935 + 21927 = 49862
27935 - 21927 = 6008
27935 / 21927 = 1
27935 % 21927 = 6008
13443 + 17159 = 30602
13443 - 17159 = -3716
13443 / 17159 = 0
13443 % 17159 = 13443
30944 + 19223 = 50167
30944 - 19223 = 11721
30944 / 19223 = 1
30944 % 19223 = 11721
29025 + 32548 = 61573
29025 - 32548 = -3523
29025 / 32548 = 0
29025 % 32548 = 29025
3491 + 19902 = 23393
3491 - 19902 = -16411
3491 / 19902 = 0
3491 % 19902 = 3491
20949 + 8904 = 29853
20949 - 8904 = 12045
20949 / 8904 = 2
20949 % 8904 = 3141
22775 + 14663 = 37438
22775 - 14663 = 8112
22775 / 14663 = 1
22775 % 14663 = 8112
22003 + 13449 = 35452
22003 - 13449 = 8554
22003 / 13449 = 1
22003 % 13449 = 8554
29353 + 915 = 30268
29353 - 915 = 28438
29353 / 915 = 32
29353 % 915 = 73
9250 + 26879 = 36129
9250 - 26879 = -17629
9250 / 26879 = 0
9250 % 26879 = 9250
1408 + 4772 = 6180
1408 - 4772 = -3364
1408 / 4772 = 0
1408 % 4772 = 1408
6002 + 18379 = 24381
6002 - 18379 = -12377
6002 / 18379 = 0
6002 % 18379 = 6002
28714 + 10682 = 39396
28714 - 10682 = 18032
28714 / 10682 = 2
28714 % 10682 = 7350
2095 + 8663 = 10758
2095 - 8663 = -6568
2095 / 8663 = 0
2095 % 8663 = 2095
29303 + 12731 = 42034
29303 - 12731 = 16572
29303 / 12731 = 2
29303 % 12731 = 3841
694 + 15584 = 16278
694 - 15584 = -14890
694 / 15584 = 0
694 % 15584 = 694
15045 + 24792 = 39837
15045 - 24792 = -9747
15045 / 24792 = 0
15045 % 24792 = 15045
24711 + 22578 = 47289
24711 - 22578 = 2133
24711 / 22578 = 1
24711 % 22578 = 2133
26556 + 1390 = 27946
26556 - 1390 = 25166
26556 / 1390 = 19
26556 % 1390 = 146
30620 + 28339 = 58959
30620 - 28339 = 2281
30620 / 28339 = 1
30620 % 28339 = 2281
21051 + 30762 = 51813
21051 - 30762 = -9711
21051 / 30762 = 0
21051 % 30762 = 21051
21497 + 23075 = 44572
21497 - 23075 = -1578
21497 / 23075 = 0
21497 % 23075 = 21497
13201 + 31089 = 44290
13201 - 31089 = -17888
13201 / 31089 = 0
13201 % 31089 = 13201
12165 + 15266 = 27431
12165 - 15266 = -3101
12165 / 15266 = 0
12165 % 15266 = 12165
31729 + 32255 = 63984
31729 - 32255 = -526
31729 / 32255 = 0
31729 % 32255 = 31729
7192 + 19827 = 27019
7192 - 19827 = -12635
7192 / 19827 = 0
7192 % 19827 = 7192
27936 + 11982 = 39918
27936 - 11982 = 15954
27936 / 11982 = 2
27936 % 11982 = 3972
5077 + 511 = 5588
5077 - 511 = 4566
5077 / 511 = 9
5077 % 511 = 478
19825 + 8249 = 28074
19825 - 8249 = 11576
19825 / 8249 = 2
19825 % 8249 = 3327
25530 + 5149 = 30679
25530 - 5149 = 20381
25530 / 5149 = 4
25530 % 5149 = 4934
18163 + 1121 = 19284
18163 - 1121 = 17042
18163 / 1121 = 16
18163 % 1121 = 227
9333 + 27792 = 37125
9333 - 27792 = -18459
9333 / 27792 = 0
9333 % 27792 = 9333
18153 + 23760 = 41913
18153 - 23760 = -5607
18153 / 23760 = 0
18153 % 23760 = 18153
13689 + 209 = 13898
13689 - 209 = 13480
13689 / 209 = 65
13689 % 209 = 104
29050 + 28508 = 57558
29050 - 28508 = 542
29050 / 28508 = 1
29050 % 28508 = 542
28242 + 3856 = 32098
28242 - 3856 = 24386
28242 / 3856 = 7
28242 % 3856 = 1250
32170 + 590 = 32760
32170 - 590 = 31580
32170 / 590 = 54
32170 % 590 = 310
31285 + 23413 = 54698
31285 - 23413 = 7872
31285 / 23413 = 1
31285 % 23413 = 7872
3465 + 9156 = 12621
3465 - 9156 = -5691
3465 / 9156 = 0
3465 % 9156 = 3465
4572 + 21163 = 25735
4572 - 21163 = -16591
4572 / 21163 = 0
4572 % 21163 = 4572
22186 + 84 = 22270
22186 - 84 = 22102
22186 / 84 = 264
22186 % 84 = 10
1937 + 13727 = 15664
1937 - 13727 = -11790
1937 / 13727 = 0
1937 % 13727 = 1937
11991 + 3314 = 15305
11991 - 3314 = 8677
11991 / 3314 = 3
11991 % 3314 = 2049
22920 + 12933 = 35853
22920 - 12933 = 9987
22920 / 12933 = 1
22920 % 12933 = 9987
20739 + 2068 = 22807
20739 - 2068 = 18671
20739 / 2068 = 10
20739 % 2068 = 59
15985 + 3869 = 19854
15985 - 3869 = 12116
15985 / 3869 = 4
15985 % 3869 = 509
28288 + 5652 = 33940
28288 - 5652 = 22636
28288 / 5652 = 5
28288 % 5652 = 28
24654 + 18484 = 43138
24654 - 18484 = 6170
24654 / 18484 = 1
24654 % 18484 = 6170
24691 + 31957 = 56648
24691 - 31957 = -7266
24691 / 31957 = 0
24691 % 31957 = 24691
14722 + 19053 = 33775
14722 - 19053 = -4331
14722 / 19053 = 0
14722 % 19053 = 14722
3460 + 17065 = 20525
3460 - 17065 = -13605
3460 / 17065 = 0
3460 % 17065 = 3460
18475 + 10305 = 28780
18475 - 10305 = 8170
18475 / 10305 = 1
18475 % 10305 = 8170
22490 + 13426 = 35916
22490 - 13426 = 9064
22490 / 13426 = 1
22490 % 13426 = 9064
2994 + 28997 = 31991
2994 - 28997 = -26003
2994 / 28997 = 0
2994 % 28997 = 2994
10054 + 5896 = 15950
10054 - 5896 = 4158
10054 / 5896 = 1
10054 % 5896 = 4158
161 + 3755 = 3916
161 - 3755 = -3594
161 / 3755 = 0
161 % 3755 = 161
25534 + 2011 = 27545
25534 - 2011 = 23523
25534 / 2011 = 12
25534 % 2011 = 1402
3764 + 18700 = 22464
3764 - 18700 = -14936
3764 / 18700 = 0
3764 % 18700 = 3764
29710 + 20698 = 50408
29710 - 20698 = 9012
29710 / 20698 = 1
29710 % 20698 = 9012
7474 + 23397 = 30871
7474 - 23397 = -15923
7474 / 23397 = 0
7474 % 23397 = 7474
5322 + 13203 = 18525
5322 - 13203 = -7881
5322 / 13203 = 0
5322 % 13203 = 5322
16765 + 14175 = 30940
16765 - 14175 = 2590
16765 / 14175 = 1
16765 % 14175 = 2590
7047 + 28571 = 35618
7047 - 28571 = -21524
7047 / 28571 = 0
7047 % 28571 = 7047
15336 + 24275 = 39611
15336 - 24275 = -8939
15336 / 24275 = 0
15336 % 24275 = 15336
31306 + 2096 = 33402
31306 - 2096 = 29210
31306 / 2096 = 14
31306 % 2096 = 1962
14026 + 30349 = 44375
14026 - 30349 = -16323
14026 / 30349 = 0
14026 % 30349 = 14026
5953 + 3357 = 9310
5953 - 3357 = 2596
5953 / 3357 = 1
5953 % 3357 = 2596
31697 + 30288 = 61985
31697 - 30288 = 1409
31697 / 30288 = 1
31697 % 30288 = 1409
19633 + 27358 = 46991
19633 - 27358 = -7725
19633 / 27358 = 0
19633 % 27358 = 19633
5016 + 6683 = 11699
5016 - 6683 = -1667
5016 / 6683 = 0
5016 % 6683 = 5016
9520 + 1541 = 11061
9520 - 1541 = 7979
9520 / 1541 = 6
9520 % 1541 = 274
891 + 30891 = 31782
891 - 30891 = -30000
891 / 30891 = 0
891 % 30891 = 891
10260 + 9692 = 19952
10260 - 9692 = 568
10260 / 9692 = 1
10260 % 9692 = 568
7594 + 25409 = 33003
7594 - 25409 = -17815
7594 / 25409 = 0
7594 % 25409 = 7594
18987 + 29260 = 48247
18987 - 29260 = -10273
18987 / 29260 = 0
18987 % 29260 = 18987
6012 + 29349 = 35361
6012 - 29349 = -23337
6012 / 29349 = 0
6012 % 29349 = 6012
22189 + 2301 = 24490
22189 - 2301 = 19888
22189 / 2301 = 9
22189 % 2301 = 1480
23046 + 25963 = 49009
23046 - 25963 = -2917
23046 / 25963 = 0
23046 % 25963 = 23046
25710 + 28095 = 53805
25710 - 28095 = -2385
25710 / 28095 = 0
25710 % 28095 = 25710
16621 + 13173 = 29794
16621 - 13173 = 3448
16621 / 13173 = 1
16621 % 13173 = 3448
11096 + 23081 = 34177
11096 - 23081 = -11985
11096 / 23081 = 0
11096 % 23081 = 11096
