30697 + 32177 = 62874
30697 - 32177 = -1480
30697 / 32177 = 0
30697 % 32177 = 30697
29538 + 28899 = 58437
29538 - 28899 = 639
29538 / 28899 = 1
29538 % 28899 = 639
16787 + 1306 = 18093
16787 - 1306 = 15481
16787 / 1306 = 12
16787 % 1306 = 1115
9772 + 6834 = 16606
9772 - 6834 = 2938
9772 / 6834 = 1
9772 % 6834 = 2938
9695 + 14924 = 24619
9695 - 14924 = -5229
9695 / 14924 = 0
9695 % 14924 = 9695
19094 + 8886 = 27980
19094 - 8886 = 10208
19094 / 8886 = 2
19094 % 8886 = 1322
27211 + 8924 = 36135
27211 - 8924 = 18287
27211 / 8924 = 3
27211 % 8924 = 439
3504 + 2128 = 5632
3504 - 2128 = 1376
3504 / 2128 = 1
3504 % 2128 = 1376
15626 + 28478 = 44104
15626 - 28478 = -12852
15626 / 28478 = 0
15626 % 28478 = 15626
27882 + 26303 = 54185
27882 - 26303 = 1579
27882 / 26303 = 1
27882 % 26303 = 1579
20905 + 13533 = 34438
20905 - 13533 = 7372
20905 / 13533 = 1
20905 % 13533 = 7372
22486 + 8155 = 30641
22486 - 8155 = 14331
22486 / 8155 = 2
22486 % 8155 = 6176
12530 + 3691 = 16221
12530 - 3691 = 8839
12530 / 3691 = 3
12530 % 3691 = 1457
7983 + 7941 = 15924
7983 - 7941 = 42
7983 / 7941 = 1
7983 % 7941 = 42
16401 + 5750 = 22151
16401 - 5750 = 10651
16401 / 5750 = 2
16401 % 5750 = 4901
21787 + 18526 = 40313
21787 - 18526 = 3261
21787 / 18526 = 1
21787 % 18526 = 3261
17141 + 28733 = 45874
17141 - 28733 = -11592
17141 / 28733 = 0
17141 % 28733 = 17141
685 + 26679 = 27364
685 - 26679 = -25994
685 / 26679 = 0
685 % 26679 = 685
24057 + 21185 = 45242
24057 - 21185 = 2872
24057 / 21185 = 1
24057 % 21185 = 2872
22190 + 14025 = 36215
22190 - 14025 = 8165
22190 / 14025 = 1
22190 % 14025 = 8165
23236 + 18975 = 42211
23236 - 18975 = 4261
23236 / 18975 = 1
23236 % 18975 = 4261
12701 + 17446 = 30147
12701 - 17446 = -4745
12701 / 17446 = 0
12701 % 17446 = 12701
13421 + 8988 = 22409
13421 - 8988 = 4433
13421 / 8988 = 1
13421 % 8988 = 4433
13044 + 24688 = 37732
13044 - 24688 = -11644
13044 / 24688 = 0
13044 % 24688 = 13044
12003 + 13570 = 25573
12003 - 13570 = -1567
12003 / 13570 = 0
12003 % 13570 = 12003
11181 + 21577 = 32758
11181 - 21577 = -10396
11181 / 21577 = 0
11181 % 21577 = 11181
32141 + 32171 = 64312
32141 - 32171 = -30
32141 / 32171 = 0
32141 % 32171 = 32141
6661 + 32138 = 38799
6661 - 32138 = -25477
6661 / 32138 = 0
6661 % 32138 = 6661
15661 + 17371 = 33032
15661 - 17371 = -1710
15661 / 17371 = 0
15661 % 17371 = 15661
4736 + 9272 = 14008
4736 - 9272 = -4536
4736 / 9272 = 0
4736 % 9272 = 4736
17674 + 13267 = 30941
17674 - 13267 = 4407
17674 / 13267 = 1
17674 % 13267 = 4407
14893 + 7092 = 21985
14893 - 7092 = 7801
14893 / 7092 = 2
14893 % 7092 = 709
4942 + 10786 = 15728
4942 - 10786 = -5844
4942 / 10786 = 0
4942 % 10786 = 4942
13867 + 1073 = 14940
13867 - 1073 = 12794
13867 / 1073 = 12
13867 % 1073 = 991
22701 + 8383 = 31084
22701 - 8383 = 14318
22701 / 8383 = 2
22701 % 8383 = 5935
13420 + 16491 = 29911
13420 - 16491 = -3071
13420 / 16491 = 0
13420 % 16491 = 13420
26439 + 29269 = 55708
26439 - 29269 = -2830
26439 / 29269 = 0
26439 % 29269 = 26439
29113 + 29591 = 58704
29113 - 29591 = -478
29113 / 29591 = 0
29113 % 29591 = 29113
2256 + 26590 = 28846
2256 - 26590 = -24334
2256 / 26590 = 0
2256 % 26590 = 2256
24822 + 7061 = 31883
24822 - 7061 = 17761
24822 / 7061 = 3
24822 % 7061 = 3639
32750 + 17523 = 50273
32750 - 17523 = 15227
32750 / 17523 = 1
32750 % 17523 = 15227
22440 + 7021 = 29461
22440 - 7021 = 15419
22440 / 7021 = 3
22440 % 7021 = 1377
14562 + 17250 = 31812
14562 - 17250 = -2688
14562 / 17250 = 0
14562 % 17250 = 14562
25524 + 18937 = 44461
25524 - 18937 = 6587
25524 / 18937 = 1
25524 % 18937 = 6587
28011 + 15490 = 43501
28011 - 15490 = 12521
28011 / 15490 = 1
28011 % 15490 = 12521
11881 + 22751 = 34632
11881 - 22751 = -10870
11881 / 22751 = 0
11881 % 22751 = 11881
16359 + 25283 = 41642
16359 - 25283 = -8924
16359 / 25283 = 0
16359 % 25283 = 16359
4289 + 10179 = 14468
4289 - 10179 = -5890
4289 / 10179 = 0
4289 % 10179 = 4289
4540 + 20745 = 25285
4540 - 20745 = -16205
4540 / 20745 = 0
4540 % 20745 = 4540
15588 + 22458 = 38046
15588 - 22458 = -6870
15588 / 22458 = 0
15588 % 22458 = 15588
6390 + 22843 = 29233
6390 - 22843 = -16453
6390 / 22843 = 0
6390 % 22843 = 6390
8430 + 13057 = 21487
8430 - 13057 = -4627
8430 / 13057 = 0
8430 % 13057 = 8430
31026 + 18838 = 49864
31026 - 18838 = 12188
31026 / 18838 = 1
31026 % 18838 = 12188
26354 + 15599 = 41953
26354 - 15599 = 10755
26354 / 15599 = 1
26354 % 15599 = 10755
25530 + 7240 = 32770
25530 - 7240 = 18290
25530 / 7240 = 3
25530 % 7240 = 3810
13887 + 32296 = 46183
13887 - 32296 = -18409
13887 / 32296 = 0
13887 % 32296 = 13887
753 + 17722 = 18475
753 - 17722 = -16969
753 / 17722 = 0
753 % 17722 = 753
6626 + 24852 = 31478
6626 - 24852 = -18226
6626 / 24852 = 0
6626 % 24852 = 6626
13554 + 4653 = 18207
13554 - 4653 = 8901
13554 / 4653 = 2
13554 % 4653 = 4248
12396 + 12943 = 25339
12396 - 12943 = -547
12396 / 12943 = 0
12396 % 12943 = 12396
22900 + 20744 = 43644
22900 - 20744 = 2156
22900 / 20744 = 1
22900 % 20744 = 2156
2293 + 6882 = 9175
2293 - 6882 = -4589
2293 / 6882 = 0
2293 % 6882 = 2293
14065 + 12400 = 26465
14065 - 12400 = 1665
14065 / 12400 = 1
14065 % 12400 = 1665
20832 + 8946 = 29778
20832 - 8946 = 11886
20832 / 8946 = 2
20832 % 8946 = 2940
15111 + 3738 = 18849
15111 - 3738 = 11373
15111 / 3738 = 4
15111 % 3738 = 159
14817 + 6584 = 21401
14817 - 6584 = 8233
14817 / 6584 = 2
14817 % 6584 = 1649
6686 + 10845 = 17531
6686 - 10845 = -4159
6686 / 10845 = 0
6686 % 10845 = 6686
12733 + 28145 = 40878
12733 - 28145 = -15412
12733 / 28145 = 0
12733 % 28145 = 12733
4683 + 27276 = 31959
4683 - 27276 = -22593
4683 / 27276 = 0
4683 % 27276 = 4683
24913 + 20503 = 45416
24913 - 20503 = 4410
24913 / 20503 = 1
24913 % 20503 = 4410
21876 + 12162 = 34038
21876 - 12162 = 9714
21876 / 12162 = 1
21876 % 12162 = 9714
1366 + 12431 = 13797
1366 - 12431 = -11065
1366 / 12431 = 0
1366 % 12431 = 1366
24245 + 25342 = 49587
24245 - 25342 = -1097
24245 / 25342 = 0
24245 % 25342 = 24245
3939 + 28196 = 32135
3939 - 28196 = -24257
3939 / 28196 = 0
3939 % 28196 = 3939
14083 + 14898 = 28981
14083 - 14898 = -815
14083 / 14898 = 0
14083 % 14898 = 14083
12211 + 18612 = 30823
12211 - 18612 = -6401
12211 / 18612 = 0
12211 % 18612 = 12211
27919 + 24086 = 52005
27919 - 24086 = 3833
27919 / 24086 = 1
27919 % 24086 = 3833
11305 + 27689 = 38994
11305 - 27689 = -16384
11305 / 27689 = 0
11305 % 27689 = 11305
17517 + 28162 = 45679
17517 - 28162 = -10645
17517 / 28162 = 0
17517 % 28162 = 17517
10385 + 10155 = 20540
10385 - 10155 = 230
10385 / 10155 = 1
10385 % 10155 = 230
24566 + 4220 = 28786
24566 - 4220 = 20346
24566 / 4220 = 5
24566 % 4220 = 3466
17449 + 9493 = 26942
17449 - 9493 = 7956
17449 / 9493 = 1
17449 % 9493 = 7956
27499 + 1615 = 29114
27499 - 1615 = 25884
27499 / 1615 = 17
27499 % 1615 = 44
12384 + 13477 = 25861
12384 - 13477 = -1093
12384 / 13477 = 0
12384 % 13477 = 12384
2139 + 29661 = 31800
2139 - 29661 = -27522
2139 / 29661 = 0
2139 % 29661 = 2139
9437 + 247 = 9684
9437 - 247 = 9190
9437 / 247 = 38
9437 % 247 = 51
582 + 21685 = 22267
582 - 21685 = -21103
582 / 21685 = 0
582 % 21685 = 582
21699 + 16180 = 37879
21699 - 16180 = 5519
21699 / 16180 = 1
21699 % 16180 = 5519
3586 + 19816 = 23402
3586 - 19816 = -16230
3586 / 19816 = 0
3586 % 19816 = 3586
18740 + 12167 = 30907
18740 - 12167 = 6573
18740 / 12167 = 1
18740 % 12167 = 6573
6238 + 20377 = 26615
6238 - 20377 = -14139
6238 / 20377 = 0
6238 % 20377 = 6238
17684 + 464 = 18148
17684 - 464 = 17220
17684 / 464 = 38
17684 % 464 = 52
26630 + 17492 = 44122
26630 - 17492 = 9138
26630 / 17492 = 1
26630 % 17492 = 9138
5647 + 29341 = 34988
5647 - 29341 = -23694
5647 / 29341 = 0
5647 % 29341 = 5647
5798 + 12449 = 18247
5798 - 12449 = -6651
5798 / 12449 = 0
5798 % 12449 = 5798
30429 + 13398 = 43827
30429 - 13398 = 17031
30429 / 13398 = 2
30429 % 13398 = 3633
9554 + 2136 = 11690
9554 - 2136 = 7418
9554 / 2136 = 4
9554 % 2136 = 1010
26308 + 30903 = 57211
26308 - 30903 = -4595
26308 / 30903 = 0
26308 % 30903 = 26308
12326 + 9014 = 21340
12326 - 9014 = 3312
12326 / 9014 = 1
12326 % 9014 = 3312
6751 + 11907 = 18658
6751 - 11907 = -5156
6751 / 11907 = 0
6751 % 11907 = 6751
1321 + 2097 = 3418
1321 - 2097 = -776
1321 / 2097 = 0
1321 % 2097 = 1321
27039 + 18295 = 45334
27039 - 18295 = 8744
27039 / 18295 = 1
27039 % 18295 = 8744
8823 + 777 = 9600
8823 - 777 = 8046
8823 / 777 = 11
8823 % 777 = 276
24335 + 6781 = 31116
24335 - 6781 = 17554
24335 / 6781 = 3
24335 % 6781 = 3992
24480 + 14368 = 38848
24480 - 14368 = 10112
24480 / 14368 = 1
24480 % 14368 = 10112
19548 + 13859 = 33407
19548 - 13859 = 5689
19548 / 13859 = 1
19548 % 13859 = 5689
17995 + 10891 = 28886
17995 - 10891 = 7104
17995 / 10891 = 1
17995 % 10891 = 7104
2068 + 14155 = 16223
2068 - 14155 = -12087
2068 / 14155 = 0
2068 % 14155 = 2068
24095 + 26729 = 50824
24095 - 26729 = -2634
24095 / 26729 = 0
24095 % 26729 = 24095
14510 + 30756 = 45266
14510 - 30756 = -16246
14510 / 30756 = 0
14510 % 30756 = 14510
28643 + 20851 = 49494
28643 - 20851 = 7792
28643 / 20851 = 1
28643 % 20851 = 7792
20683 + 11097 = 31780
20683 - 11097 = 9586
20683 / 11097 = 1
20683 % 11097 = 9586
995 + 11221 = 12216
995 - 11221 = -10226
995 / 11221 = 0
995 % 11221 = 995
8379 + 14216 = 22595
8379 - 14216 = -5837
8379 / 14216 = 0
8379 % 14216 = 8379
8086 + 31549 = 39635
8086 - 31549 = -23463
8086 / 31549 = 0
8086 % 31549 = 8086
8515 + 26357 = 34872
8515 - 26357 = -17842
8515 / 26357 = 0
8515 % 26357 = 8515
1663 + 20017 = 21680
1663 - 20017 = -18354
1663 / 20017 = 0
1663 % 20017 = 1663
23453 + 16256 = 39709
23453 - 16256 = 7197
23453 / 16256 = 1
23453 % 16256 = 7197
593 + 30117 = 30710
593 - 30117 = -29524
593 / 30117 = 0
593 % 30117 = 593
4801 + 5844 = 10645
4801 - 5844 = -1043
4801 / 5844 = 0
4801 % 5844 = 4801
30294 + 23245 = 53539
30294 - 23245 = 7049
30294 / 23245 = 1
30294 % 23245 = 7049
4579 + 14050 = 18629
4579 - 14050 = -9471
4579 / 14050 = 0
4579 % 14050 = 4579
16913 + 26416 = 43329
16913 - 26416 = -9503
16913 / 26416 = 0
16913 % 26416 = 16913
17469 + 9870 = 27339
17469 - 9870 = 7599
17469 / 9870 = 1
17469 % 9870 = 7599
14115 + 13054 = 27169
14115 - 13054 = 1061
14115 / 13054 = 1
14115 % 13054 = 1061
31246 + 27303 = 58549
31246 - 27303 = 3943
31246 / 27303 = 1
31246 % 27303 = 3943
9835 + 28067 = 37902
9835 - 28067 = -18232
9835 / 28067 = 0
9835 % 28067 = 9835
32483 + 21277 = 53760
32483 - 21277 = 11206
32483 / 21277 = 1
32483 % 21277 = 11206
18545 + 13468 = 32013
18545 - 13468 = 5077
18545 / 13468 = 1
18545 % 13468 = 5077
25877 + 10350 = 36227
25877 - 10350 = 15527
25877 / 10350 = 2
25877 % 10350 = 5177
1285 + 19593 = 20878
1285 - 19593 = -18308
1285 / 19593 = 0
1285 % 19593 = 1285
10899 + 19810 = 30709
10899 - 19810 = -8911
10899 / 19810 = 0
10899 % 19810 = 10899
24099 + 28804 = 52903
24099 - 28804 = -4705
24099 / 28804 = 0
24099 % 28804 = 24099
6881 + 10488 = 17369
6881 - 10488 = -3607
6881 / 10488 = 0
6881 % 10488 = 6881
538 + 11186 = 11724
538 - 11186 = -10648
538 / 11186 = 0
538 % 11186 = 538
4705 + 27808 = 32513
4705 - 27808 = -23103
4705 / 27808 = 0
4705 % 27808 = 4705
18669 + 28951 = 47620
18669 - 28951 = -10282
18669 / 28951 = 0
18669 % 28951 = 18669
1746 + 2730 = 4476
1746 - 2730 = -984
1746 / 2730 = 0
1746 % 2730 = 1746
8442 + 26031 = 34473
8442 - 26031 = -17589
8442 / 26031 = 0
8442 % 26031 = 8442
30998 + 28927 = 59925
30998 - 28927 = 2071
30998 / 28927 = 1
30998 % 28927 = 2071
11993 + 4282 = 16275
11993 - 4282 = 7711
11993 / 4282 = 2
11993 % 4282 = 3429
13368 + 23567 = 36935
13368 - 23567 = -10199
13368 / 23567 = 0
13368 % 23567 = 13368
9351 + 26199 = 35550
9351 - 26199 = -16848
9351 / 26199 = 0
9351 % 26199 = 9351
32173 + 22026 = 54199
32173 - 22026 = 10147
32173 / 22026 = 1
32173 % 22026 = 10147
5060 + 24660 = 29720
5060 - 24660 = -19600
5060 / 24660 = 0
5060 % 24660 = 5060
6874 + 13907 = 20781
6874 - 13907 = -7033
6874 / 13907 = 0
6874 % 13907 = 6874
16313 + 6469 = 22782
16313 - 6469 = 9844
16313 / 6469 = 2
16313 % 6469 = 3375
20439 + 13618 = 34057
20439 - 13618 = 6821
20439 / 13618 = 1
20439 % 13618 = 6821
12766 + 7635 = 20401
12766 - 7635 = 5131
12766 / 7635 = 1
12766 % 7635 = 5131
15219 + 26569 = 41788
15219 - 26569 = -11350
15219 / 26569 = 0
15219 % 26569 = 15219
5659 + 26711 = 32370
5659 - 26711 = -21052
5659 / 26711 = 0
5659 % 26711 = 5659
13432 + 14409 = 27841
13432 - 14409 = -977
13432 / 14409 = 0
13432 % 14409 = 13432
8750 + 15016 = 23766
8750 - 15016 = -6266
8750 / 15016 = 0
8750 % 15016 = 8750
3120 + 11877 = 14997
3120 - 11877 = -8757
3120 / 11877 = 0
3120 % 11877 = 3120
3148 + 18992 = 22140
3148 - 18992 = -15844
3148 / 18992 = 0
3148 % 18992 = 3148
23079 + 7175 = 30254
23079 - 7175 = 15904
23079 / 7175 = 3
23079 % 7175 = 1554
21771 + 29254 = 51025
21771 - 29254 = -7483
21771 / 29254 = 0
21771 % 29254 = 21771
13619 + 578 = 14197
13619 - 578 = 13041
13619 / 578 = 23
13619 % 578 = 325
26751 + 24760 = 51511
26751 - 24760 = 1991
26751 / 24760 = 1
26751 % 24760 = 1991
32178 + 17033 = 49211
32178 - 17033 = 15145
32178 / 17033 = 1
32178 % 17033 = 15145
23203 + 28838 = 52041
23203 - 28838 = -5635
23203 / 28838 = 0
23203 % 28838 = 23203
7443 + 28702 = 36145
7443 - 28702 = -21259
7443 / 28702 = 0
7443 % 28702 = 7443
17147 + 10135 = 27282
17147 - 10135 = 7012
17147 / 10135 = 1
17147 % 10135 = 7012
24216 + 21964 = 46180
24216 - 21964 = 2252
24216 / 21964 = 1
24216 % 21964 = 2252
31608 + 2246 = 33854
31608 - 2246 = 29362
31608 / 2246 = 14
31608 % 2246 = 164
17753 + 985 = 18738
17753 - 985 = 16768
17753 / 985 = 18
17753 % 985 = 23
18076 + 12989 = 31065
18076 - 12989 = 5087
18076 / 12989 = 1
18076 % 12989 = 5087
909 + 31287 = 32196
909 - 31287 = -30378
909 / 31287 = 0
909 % 31287 = 909
8414 + 31525 = 39939
8414 - 31525 = -23111
8414 / 31525 = 0
8414 % 31525 = 8414
30469 + 17146 = 47615
30469 - 17146 = 13323
30469 / 17146 = 1
30469 % 17146 = 13323
16720 + 31965 = 48685
16720 - 31965 = -15245
16720 / 31965 = 0
16720 % 31965 = 16720
20217 + 4367 = 24584
20217 - 4367 = 15850
20217 / 4367 = 4
20217 % 4367 = 2749
3455 + 19529 = 22984
3455 - 19529 = -16074
3455 / 19529 = 0
3455 % 19529 = 3455
16135 + 14122 = 30257
16135 - 14122 = 2013
16135 / 14122 = 1
16135 % 14122 = 2013
1179 + 17901 = 19080
1179 - 17901 = -16722
1179 / 17901 = 0
1179 % 17901 = 1179
25465 + 2816 = 28281
25465 - 2816 = 22649
25465 / 2816 = 9
25465 % 2816 = 121
26072 + 11066 = 37138
26072 - 11066 = 15006
26072 / 11066 = 2
26072 % 11066 = 3940
15047 + 2231 = 17278
15047 - 2231 = 12816
15047 / 2231 = 6
15047 % 2231 = 1661
5651 + 423 = 6074
5651 - 423 = 5228
5651 / 423 = 13
5651 % 423 = 152
22620 + 19098 = 41718
22620 - 19098 = 3522
22620 / 19098 = 1
22620 % 19098 = 3522
2233 + 26628 = 28861
2233 - 26628 = -24395
2233 / 26628 = 0
2233 % 26628 = 2233
13469 + 10514 = 23983
13469 - 10514 = 2955
13469 / 10514 = 1
13469 % 10514 = 2955
12261 + 22027 = 34288
12261 - 22027 = -9766
12261 / 22027 = 0
12261 % 22027 = 12261
15912 + 5841 = 21753
15912 - 5841 = 10071
15912 / 5841 = 2
15912 % 5841 = 4230
14280 + 31289 = 45569
14280 - 31289 = -17009
14280 / 31289 = 0
14280 % 31289 = 14280
4185 + 3409 = 7594
4185 - 3409 = 776
4185 / 3409 = 1
4185 % 3409 = 776
4430 + 10716 = 15146
4430 - 10716 = -6286
4430 / 10716 = 0
4430 % 10716 = 4430
29459 + 7549 = 37008
29459 - 7549 = 21910
29459 / 7549 = 3
29459 % 7549 = 6812
4094 + 5996 = 10090
4094 - 5996 = -1902
4094 / 5996 = 0
4094 % 5996 = 4094
1981 + 30894 = 32875
1981 - 30894 = -28913
1981 / 30894 = 0
1981 % 30894 = 1981
7971 + 17182 = 25153
7971 - 17182 = -9211
7971 / 17182 = 0
7971 % 17182 = 7971
18314 + 1496 = 19810
18314 - 1496 = 16818
18314 / 1496 = 12
18314 % 1496 = 362
21033 + 22967 = 44000
21033 - 22967 = -1934
21033 / 22967 = 0
21033 % 22967 = 21033
14078 + 22278 = 36356
14078 - 22278 = -8200
14078 / 22278 = 0
14078 % 22278 = 14078
21577 + 30110 = 51687
21577 - 30110 = -8533
21577 / 30110 = 0
21577 % 30110 = 21577
29358 + 4867 = 34225
29358 - 4867 = 24491
29358 / 4867 = 6
29358 % 4867 = 156
31593 + 30262 = 61855
31593 - 30262 = 1331
31593 / 30262 = 1
31593 % 30262 = 1331
31047 + 10074 = 41121
31047 - 10074 = 20973
31047 / 10074 = 3
31047 % 10074 = 825
573 + 24938 = 25511
573 - 24938 = -24365
573 / 24938 = 0
573 % 24938 = 573
22225 + 22145 = 44370
22225 - 22145 = 80
22225 / 22145 = 1
22225 % 22145 = 80
