1 15345
1 141515
2 28158
1 21855
1 603911
1 132665
1 240994
1 588456
6 85902
1 501143
1 557067
1 206001
4 4940
1 8178
2 56120
2 82992
2 142628
1 253595
9 23220
1 145848
1 130860
1 33184
2 17640
2 17848
1 313121
1 385314
1 105458
1 52836
2 160262
2 15620
1 196
1 65912
1 551040
1 231903
3 42483
4 49128
3 95250
1 33530
1 42918
1 127641
2 97272
2 267850
1 357306
1 120726
1 305486
1 108066
2 104004
15 225
5 3800
1 795686
2 89610
1 56508
1 81360
1 135219
8 48216
2 28880
1 51585
2 400
1 258434
2 222870
1 293383
11 3762
2 42978
1 26151
1 115666
2 281996
2 40748
1 167890
1 236340
1 39072
1 2910
1 4039
1 97614
44 528
4 111384
1 147186
1 416647
1 227076
2 49014
1 69048
1 690612
48 576
1 152021
1 53406
1 379673
2 115922
18 33516
1 8555
1 651183
1 274872
2 132572
29 12818
1 279680
1 212256
4 129156
1 319571
3 4389
1 866757
1 394378
1 551687
