2 31307850
2 7353964
2 35331888
1 15784455
2 2183460
1 41987556
1 43938120
1 50635596
1 33824350
2 238518
1 6662706
9 2808990
1 1764042
1 7777858
2 10077980
1 30699300
31 1579264
4 1963624
6 7079304
1 23510426
14 177422
1 4061079
1 9429849
1 791180
4 5329352
1 9341235
12 272916
1 34730360
2 24951212
1 9118879
2 34733142
1 31737805
3 4572714
1 16698780
1 17284
10 983880
1 2974037
2 1113924
1 66239719
1 8637244
1 38333594
10 469880
1 16972882
1 1268212
1 4654888
1 21615728
1 2778354
1 7104612
1 7218582
2 5494876
1 2512180
1 53792046
24 777360
1 20590680
1 53824513
7 5928818
1 75302235
1 2638191
1 68417502
3 2965254
1 3749346
3 2310894
1 41683830
361 7581
1 38137132
1 56041410
1 46589546
1 78473221
1 55518125
3 1080060
2 4528060
1 17122
2 8932360
1 1567581
1 40336457
2 4304872
1 836287
24 496080
1 864529
65 504400
1 25798382
1 4703028
2 3167620
4 2247984
1 58251450
1 9087000
1 16997652
1 31204916
1 69181899
1 1583670
6 477300
1 20528298
1 25324572
4 3060920
2 874560
1 18063660
2 2139440
1 28167300
2 27872844
3 5773248
1 33483570
1 2385474
1 2773878
15 338580
1 56993560
1 9251964
1 11422230
1 6264375
1 43925446
1 2118347
1 38272249
2 11806452
1 34230256
1 6656175
1 16912394
1 13409991
1 12258115
4 1062788
2 4419956
31 918561
6 1498788
1 438361
1 5913866
1 19210181
1 24885287
1 450448
1 6586944
2 1048784
1 5588635
3 3118419
1 83332249
2 1077796
1 41418795
1 41533940
1 54548080
1 9240270
1 1235509
1 2174784
1 2744043
1 14514863
6 562224
1 249458
1 16681352
1 3021988
1 22901491
1 4486132
1 2316970
2 4082574
1 17037922
44 271524
2 34294768
1 2280912
1 24254237
1 51665928
2 7383780
3 1011060
1 6148228
1 73527644
3 404838
2 517880
1 37302090
1 67902785
1 35778450
1 10193158
1 53921865
2 30573400
6 1150782
2 498996
1 3447917
1 28226750
1 41780202
1 7703145
18 637290
4 15569400
1 7389966
2 17632304
2 32027340
1 310838
1 54667032
1 94680336
1 19092636
5 7712670
16 3936384
1 72408930
1 20136726
2 18464
2 8213780
1 43838328
1 274115
6 1512126
1 48780116
1 6864550
1 19029065
4 2086040
1 2696757
1 45102190
2 3927294
1 13707094
1 32938332
29 2446730
2 445810
2 1098160
2 1762106
3 1745010
1 4765816
1 25888530
1 4671950
1 90403962
1 60664495
1 3820106
2 1636140
2 3534490
1 1593486
2 25320
1 24788283
2 18248412
2 6428172
5 4789545
1 19148790
1 28364130
1 39847392
1 2158254
1 10955592
1 13570095
1 64500872
7 2539537
5 4445850
1 11533785
3 6543000
1 1953392
1 48040597
1 1765797
1 1936483
1 61289974
1 2679285
1 20268554
1 18417835
1 33585986
3 12009429
2 1802556
16 1238880
1 57930732
1 8008506
1 54620421
8 28168
1 25433100
1 7042623
1 66795345
6 1425492
1 27754308
1 1525653
1 27377696
1 2801550
3 15827058
7 702240
3 3962868
1 24657461
1 2139794
1 27982542
1 60961558
2 1386108
1 206010
1 10723099
20 32860
9 5390811
14 1478960
2 1426936
136 447984
3 11775372
1 23574474
12 352728
1 148433
1 16868943
1 42624470
1 34462776
1 72832542
1 19966653
2 683696
2 84588
189 142506
6 1349370
15 1269120
3 3097704
1 12831390
2 1843846
1 22438998
1 6126672
1 564460
8 355776
1 3369080
2 7835540
1 7839536
1 2481765
2 21473928
1 19080502
1 4892415
1097 69111
1 6590586
1 28059525
1 30810020
1 33251184
1 1422044
1 33609884
2 27219720
139 54210
1 12333746
5 4246410
2 878576
1 7542733
1 73252184
1 53141592
2 28988740
1 28082554
4 1065480
1 6323898
1 4358970
4 2313432
1 5453602
1 560686
1 27471476
1 6556307
1 21146523
2 32021640
1 2756588
7 1952195
1 7252222
4 1111880
1 49895833
3 106590
1 25939170
1 5355865
1 38461059
1 72711800
3 10777797
2 770974
2 5599080
1 12899919
2 593598
1 57817353
1 8700923
1 61007958
1 19241440
21 74571
1 4536060
1 81069415
1 16434121
1 11695
1 1065344
10 1637820
2 9362136
5 101790
1 57082838
1 25576044
2 1726530
2 696334
1 5375909
1 2719914
1 11493187
2 15341116
2 691950
1 14171370
4 906020
1 5124049
1 89461660
1 37823020
39 50778
1 4886386
2 345780
1 2530206
1 14272110
1 33878874
1 67693084
2 863000
1 67749
1 35711634
1 8110530
1 35287788
2 2408416
19 1891222
1 2768912
1 22458309
1 2317335
2 3986340
1 16050615
1 37686594
1 5829355
3 6754041
2 363370
1 37349255
1 25253977
27 35154
2 31781838
4 9336772
1 1501861
1 61877079
2 3217412
7 1022483
1 7257211
2 28614068
2 3637434
1 28341670
2 2553096
2 87870
6 6035040
1 56819766
1 6322725
1 4850792
3 144423
1 13083060
1 23791420
1 10105635
1 20488454
1 29495085
18 631098
1 68070100
1 4509103
1 399750
1 2449062
1 38203759
1 6535350
1 40885209
2 10095788
6 1919856
1 6873504
4 17035780
2 374244
1 63801241
2 17822310
1 59798204
6 12899520
1 5866045
1 28589826
9 2277342
1 72607549
2 4983312
1 18241000
1 68912324
1 29963346
1 69102518
3 3039750
1 7045674
1 27559389
3 17285841
1 3300520
3 5022090
1 5939635
1 11976980
1 19644537
1 19060150
3 916515
1 33266552
22 195624
4 7208816
2 18605756
2 8892096
3 21539070
2 5315196
2 11168966
4 2112700
1 9125408
1 3283957
1 2609340
3 3013452
5 1654270
1 28732375
5 298025
1 3104740
1 15375456
1 6704052
1 375856
2 14570530
1 22973550
1 10950960
1 28006230
1 36620133
3 9473700
1 29188796
1 6008795
1 13916914
286 2860
1 6342075
2 13711480
10 3436740
1 4954230
1 827288
1 169435
3 8351028
2 670456
3 4776426
1 14659162
1 42572205
1 51692646
1 20391986
1 10868972
1 82163180
1 1805502
1 51625827
1 3277708
1 7481957
1 10871432
