4 46991788
2 188659020
1 282500050
1 178786960
1 846012206
2 97538532
3 20113296
2 23419542
2 6165880
1 133989108
3 6671550
1 564447210
10 40493960
1 525616352
1 95107065
11 11495
1 322854441
5 168702550
51 7825185
1 157178596
4 46184280
1 463102841
1 191185545
1 472452775
2 79632824
4 152471232
1 29023170
1 28927920
1 317889001
3 74854800
3 77164575
1 463815205
1 313307387
2 29832660
1 18860270
4 9881900
3 252905685
1 156801315
2 7749872
1 59893771
1 280054869
1 31118102
11 68966997
17 278817
1 250583828
2 16676088
4 17014736
1 664255765
11 10866856
1 23136169
2 137426596
17 36587264
14 8753920
1 31607602
1 48319698
23 30700124
1 569534156
2 15344340
1 350885036
2 159047856
5 65922800
1 307122673
1 55005471
1 128188120
1 574315830
12 11185200
8 2816016
1 209912
1 894327454
1 346620382
25 20239800
1 152520498
1 73040562
38 15793370
21 2109450
1 399671229
1 256782880
2 13766588
4 119219232
1 509176747
1 15775485
1 22232430
3 247527003
1 25003163
1 196680
2 80641320
9 5945868
6 22483200
2 17670310
1 137269520
1 149246400
1 255648050
1 62380808
143 332904
1 649719476
3 102971883
1 430686987
1 157288494
1 56924109
2 65302364
1 125119233
1 109008354
1 6295000
3 87273477
1 24137364
1 703542564
2 172597220
1 412372122
1 228508826
52 439660
2 392766508
4 23182192
5 2377450
1 16836282
1 313103635
1 308450655
1 66724306
2 187848720
1 87457803
1 39963469
1 162337958
1 631451825
17 10499914
1 578899189
25 9423450
2 149449456
1 770534576
1 140270865
1 143250964
1 5309668
1 652070284
3 55259820
1 84996506
1 586887093
1 239163344
3 3920520
1 532417596
3 81864180
4 30429944
1 1014862864
2 244016206
1 149796150
1 15735420
4 19370128
3 43544871
1 257072366
9 29799000
1 306921616
1 215267667
8 69440064
1 145879091
1 268043667
3 210307860
2 54928020
1 203287680
2 42095306
1 697643260
1 85298850
1 93318120
1 419672907
1 514653846
1 25862790
1 30773919
1 12024593
2 310600048
1 263038826
2 31123200
1 250482245
3 289023528
1 35992426
1 189966522
2 528352484
2 226246582
4 58865004
1 236502637
1 279527497
1 1781358
1 193977085
3 128027340
2 87692696
4 18014416
1 170831815
2 144308440
2 72934196
2 451115010
2 117387154
1 416625728
3 201706101
5 64643100
1 14905716
4 30452912
1 410929236
5 4781550
2 42507388
1 29466516
1 101924550
48 12112464
8 34220560
1 186348890
6 16317888
2 43949040
4 53127036
1 368405460
13 61360
2 229882056
1 231481614
1 594461674
1 342111834
3 272805603
1 736872829
1 101689962
1 109855512
1 820485186
3 128707245
1 39514161
14 8239392
2 94242436
3 89362410
1 301173700
1 616260841
5 168991830
1 22714620
1 318914252
1 48488914
8 30634048
2 343377210
4 30958928
1 120575883
6 53474886
2 13596064
1 203779686
3 16180248
2 453980092
1 329350588
1 106628469
1 294458052
5 17546650
1 130850746
1 855254815
12 28875732
1 916483700
16 24603264
1 58102140
3 31453431
1 47492186
6 61256412
1 769916756
2 53986670
2 147727554
1 539937516
1 289309208
3 15927180
2 168363550
1 7903666
2 71007186
5 52461190
1 854709
1 26038046
74 10411504
1 79207380
1 183839482
1 672643386
1 421647414
1 283376912
1 657532044
1 70920456
1 385838520
1 52714038
1 538505862
14 39533130
1 240225232
1 175362706
1 341282970
1 816783
1 80858001
1 82859000
1 171124065
1 29177464
3 12011844
1 56438460
1 316039465
1 423345552
1 260298522
1 108159784
1 40809292
1 408172881
4 41701428
4 50589076
3 133894455
4 147691672
1 14077173
6 21134862
1 89888403
1 139841977
1 437027202
1 586851006
3 72022110
1 194765571
1 94873922
2 161280324
1 491484292
1 33841014
10 10350990
1 178936434
1 648141450
1 31194660
2 19322886
3 110687616
1 86561383
1 55983035
9 55341765
1 186464047
4 54852240
1 21382620
1 17987034
1 12872292
1 1919523
1 98020020
1 213192720
2 125907328
1 121979871
29 7064400
1 711020178
1 474975480
2 70097214
3 23064501
1 262404945
1 347512762
2 87875074
2 237992822
1 724771880
1 250637739
3 137831760
1 108508604
3 12241257
1 146809092
5 22074780
4 125288320
1 565961584
2 83841984
1 474046538
1 12562542
1 186407150
2 7259544
1 254890243
1 678346305
2 189827884
10 2065700
2 201851520
3 125910276
3 174836997
1 142509035
1 327660
9 46966950
2 122656872
2 8048124
1 170267972
1 295658422
1 535810257
1 554331205
1 641771508
1 361368657
1 266897823
1 22539135
1 429470835
1 452052997
1 694285560
12 80870088
3 43853724
3 178440210
1 242859220
6 32432364
1 576167922
1 976858
1 18770661
1 161211333
1 306534470
4 71275424
1 285156332
1 437329200
1 69904237
1 492977277
1 28218450
6 21045570
1 76431796
2 36045284
2 146346236
1 219851632
5 49998310
1 271581375
1 556404891
1 53158677
2 518882912
1 2336776
1 64974321
1 103951333
15 17655300
1 374508772
1 29905960
1 13391790
1 396208994
1 126522872
1 29430387
1 413064168
2 66554124
1 219816630
1 233143030
1 81924220
1 549518058
1 309513510
3 63781104
6 6993804
1 66804962
1 73514181
1 350734332
2 520801632
2 2246420
1 18846723
4 76881336
1 138677089
1 954215200
1 6288415
35 753410
1 418785815
2 182171070
2 228690084
1 163351618
1 98870338
1 314585328
1 66170477
1 19083078
3 4232304
3 67040625
3 50815416
1 639843132
3 107245509
1 53850370
4 88636132
1 23434584
1 571860592
1 145677350
1 171443085
1 211451058
1 205623062
1 984112085
1 212656731
1 783692233
4 19226088
1 515474304
8 84505120
1 207400914
1 335998702
56 5874960
17 37119806
8 19678808
1 12282902
1 337458520
1 949343884
1 148514830
1 97342170
2 70140894
1 258876060
1 211093403
1 268146540
6 18210660
1 667800000
1 365947845
3 36358344
3 47888235
1 81453585
1 92969974
1 336686040
3 25195500
1 19313754
2 60255832
2 241539204
1 803585810
12 4583160
1 321290634
1 387782325
2 19620140
2 111737328
1 262489904
1 143104471
3 272565528
1 434341824
1 563894437
9 96255
1 12883206
2 55823130
4 133340
54 2477250
1 341984000
1 91437915
1 183765416
1 98901920
1 511589745
1 590928215
2 120464056
2 104766714
3 103807152
4 51665328
2 14495520
1 180107304
3 12655881
2 230522712
1 87323790
1 127027256
1 187115107
4980 59760
1 442314981
1 79813952
1 78425214
1 1201122
1 762932862
1 66337320
5 46427710
4 160242952
2 131414316
1 208964074
1 373478112
1 359397452
1 520694203
1 14755628
1 14168330
1 322269993
1 274088367
1 147723256
1 187347814
1 194986260
2 174286008
3 73831650
1 139583230
1 56157312
3 76912173
1 146063080
1 313316598
1 91105678
1 419362498
1 60458642
2 9881750
1 419376009
1 76349920
1 10896932
8 5446872
1 268011150
1 397085962
8 8522784
15 10564710
1 200720598
1 6655794
1 2733940
1 420963443
1 6538239
7 95342534
2 46580254
1 291116709
1 189905838
5 49353380
1 167635826
10 8561540
1 260916279
1 13666351
1 617677962
2 80675044
12 61410600
1 588663679
1 50937510
1 4108020
1 656608512
1 25635808
1 689425275
2 131687094
10 57261820
9 13632048
1 59492215
2 4817400
14 31043852
1 127653477
1 269556456
2 81896710
1 422123985
1 4092494
1 334111547
2 243650984
7 37161642
1 3826360
8 10269760
2 28256880
1 14906166
1 757482115
1 613845481
2 178751820
1 251341006
1 244274478
97 1638815
1 114863702
1 29649604
3 43342167
1 54230621
1 27319240
2 445993086
2 149039800
1 477268746
1 243796184
1 184059832
6 83514600
1 17275882
1 185171160
1 46679937
9 26370252
14 5013008
3 40201830
2 156590304
1 60753210
3 27646170
1 759932979
1 383184945
2 27266064
1 16892156
1 538089040
1 548904414
5 123545745
1 338140091
2 48299082
1 502718080
6 12184752
1 378247227
2 8291212
2 269248434
1 2895500
13 2899806
1 371771079
1 940751321
1 44534667
2 124513306
9 24862662
1 69416941
6 43652424
1 70286200
1 99551753
1 611548665
1 2356844
1 447324460
1 298068498
1 187131648
106 1235430
1 38652670
1 386281308
1 470887716
2 25917710
3 38461080
3 34067715
27 14961510
1 58248275
1 137000866
1 129313686
1 3818458
1 143178642
1 59150650
1 172679242
1 89943834
1 255041940
1 15057053
2 506567360
1 97182128
1 213764592
1 27560573
2 8891890
1 365646589
4 6356944
2 8739686
1 352200455
1 41076645
110 2403940
1 319437785
43 2443518
1 108295933
1 229804714
2 45054616
1 258427316
2 96871032
1 686642676
5 61148935
1 510907881
1 667515875
2 4917576
3 167954205
1 357251343
1 189528858
1 103441730
2 131018804
1 115455098
1 61112360
2 11175550
47 5607006
1 272697204
1 549340567
1 241593541
26 5928468
1 159773060
1 50125159
1 179714311
1 11755974
1 10466028
1 126272300
5 25071500
1 152907014
16 201120
2 35321900
1 634571587
3 82401732
12 10301232
11 50946676
1 156872675
1 386402436
1 432939454
2 256467540
1 605269395
11 29501186
2 94488588
13 4222868
1 4641375
1 390200514
4 232568336
2 115497264
1 20818372
1 66864712
2 164941690
1 71432962
2 248637380
2 187313334
1 806427038
1 815136784
1 626491734
1 125595600
1 245147043
1 313967918
1 87094073
1 184825515
1 484906970
11 15757104
1 215921316
1 333904977
4 25734104
8 9989408
1 201705717
7 3266354
1 96438588
2 315638508
6 41708706
23 16076310
5 50011965
11 7511658
1 189509965
1 783052173
1 659189241
1 477161267
12 22848336
6 5124756
1 197224308
1 44655079
6 8764140
3 24162120
1 498391716
2 7430502
15 2780340
1 316107517
1 252345422
1 91953484
3 99010254
1 145268620
1 66720738
2 99935424
1 617009373
20 26770080
2 317588084
22 35399232
1 164329424
1 62003024
1 91342508
1 164666640
1 715662974
1 24086880
5 64261535
1 453491490
12 16125240
1 761101006
1 303402808
30 17530890
1 254170826
1 49366681
1 100072335
2 79409252
15 5685030
1 187274416
1 176112534
1 255492705
1 102251622
2 119772996
1 399162014
2 37802892
1 44924099
2 57443386
1 289745400
1 45272235
1 76105007
4 35858712
1 82031117
1 33335235
1 685729317
1 543825615
2 284786064
1 63553665
1 28041940
1 364561991
2 311623400
2 117229590
9 18067761
1 41029310
1 582669251
1 147657692
1 313113724
3 110182995
7 30371866
5 82925750
2 243722262
1 405245510
2 78755560
2 62781536
2 67928850
1 188822818
3 86266602
4 10838280
1 20290096
1 36677448
2 158962062
3 19601820
2 45326988
1 281689536
1 193401986
3 105582765
1 78343330
2 38953420
1 169504848
1 267892266
1 373178970
1 37731984
2 335699660
1 70944217
1 270108750
10 1442540
2 138049444
1 439254907
4 34379396
1 567852610
1 129629073
1 656588113
2 320031972
19 11898465
1 23163711
1 306583620
1 574570224
1 108986592
2 4157550
1 483783426
1 623558083
2 191756120
1 4505592
1 49810634
5 52427610
5 98436875
1 157682462
1 87955769
1 37829050
2 384076
2 290440228
1 68705942
3 16625760
1 59632294
1 353497792
1 177737609
3 7968252
2 56371276
1 166253175
1 474715035
1 300555255
1 771770206
1 374753184
1 180195946
1 34181895
1 38528679
8 18680032
1 27335685
2 131184622
1 563187210
2 230908734
1 160197827
1 484276687
1 12180024
10 19647270
11 29072142
9 23300388
1 87856706
3 99329640
6 25699248
1 168712193
2 7700810
1 142898175
1 315865984
1 312595610
1 92966065
1 39329215
1 234346035
2 237073800
1 254799718
3 3493470
1 165089045
11 12454145
1 92832646
1 114216674
1 13354036
3 16771872
1 644565383
1 197151339
1 66483880
7 43312367
1 329070
1 22773137
6 9181044
1 263983953
1 1268025
13 18449340
1 180474390
1 218436963
3 153767388
2 6384360
2 240166144
3 163829520
17 14792788
1 252785104
2 10698100
1 550090908
1 548762446
1 809174142
1 13213270
1 293898000
1 228718875
1 266693372
2 1849260
2 111057636
1 123315324
1 89103757
2 72753132
1 122408714
21 1930362
1 167743879
1 320987515
9 5580630
2 267947328
2 276916348
1 457915416
1 570430742
1 553316750
8 5310240
1 92725302
1 502997810
2 46181080
2 85977096
1 28313135
2 185933072
1 226891944
681 375912
1 4350571
5 3283020
5 147188275
1 301040778
2 358862034
2 150077634
5 8546750
1 245389305
1 174797766
1 373531802
1 20960520
1 135566471
1 421604670
2 18088304
3 128651565
7 21721161
5 56588820
6 7324044
2 64337276
1 547937614
1 502049612
6 10908900
1 550769223
1 205457956
2 275273488
1 622100550
1 40133720
