5 43220625
1 236276666
3 126233016
10 6331800
1 265055924
1 261787019
1 14733972
1 836343760
2 76386126
1 172520336
1 585495326
1 18179916
3 113018220
1 794754417
1 453529276
6 29039166
1 381769515
1 38073810
1 117327040
1 681194670
4 73414116
1 841514568
5 67260760
1 40718694
1 152449057
1 702534350
1 200189673
1 304480562
1 119793007
1 409761690
2 31231976
1 53058718
2 50602272
10 43031320
5 47225650
1 77811959
7 35696136
1 38265565
2 137399550
2 13186
1 322869002
3 35945835
2 228551904
1 90160014
2 209079982
1 18857964
3 71103396
1 713271178
1 983663970
1 576841419
1 546119560
2 92480234
1 38943630
1 123893330
2 421932902
4 132413112
1 178801095
1 411993549
1 134245209
1 578383926
2 3225860
1 17419453
2 31964216
1 499386075
1 116077367
2 299978196
3 125069250
4 53189400
150 6070500
1 337979698
3 12548964
1 347015595
1 242805342
1 215096190
1 569656434
1 38430266
1 297919235
1 15344550
2 47549952
1 433361067
10 22933550
1 29683938
2 152308182
3 104743311
14 15518272
1 78266863
1 647359371
2 95094750
3 136024782
8 8960552
1 202374735
2 324643694
2 5868908
1 174007320
5 73450675
1 177368472
1 737478020
8 11025280
1 473557699
2 178181176
2 137547956
1 641491430
4 39282804
2 84523330
2 99602964
1 100270682
1 85333138
2 142445490
21 10567326
1 23145738
1 740081807
1 21725031
1 485799124
30 7417290
1 27202602
1 225666678
1 236937326
1 126081945
1 150346770
6 15670236
3 180880620
1 624401610
1 318373544
1 201870936
2 48327130
1 69124890
96 346752
1 34417444
6 14209866
1 104437970
1 734245986
1 158553840
1 221588372
1 131998620
1 965524326
35 13794200
2 123914778
1 225983637
2 87664164
1 147062366
1 120463655
1 143807754
7 4005834
1 496115070
1 499986390
2 150020948
1 206184762
1 34009047
1 193867065
2 499584714
8 110320408
1 659751334
1 83548090
1 863865
1 144579376
1 132442455
1 137507524
1 26202561
1 159124612
3 41617050
1 703485944
1 493047411
1 455941623
1 240341750
1 623203610
2 152430120
1 408152082
1 22266480
1 219838125
3 195860175
2 13593322
2 81457428
1 473508686
6 30838464
3 34898415
1 99984105
1 146793975
1 95490310
24 4917408
1 92970050
1 14538196
1 50580096
1 75147759
1 394950869
1 21785562
1 18305752
1 129686485
1 431946402
1 37963915
1 693374055
5 25964640
1 236423451
30 2335800
2 240497060
1 108362090
1 217109740
1 22349229
1 47042470
1 6489480
1 62088793
1 131318500
1 74982915
1 287476000
3 4082454
1 48991980
2 83748700
2 189768688
1 104934753
1 106531367
2 30721736
5 3488750
4 32767936
1 46049619
5 92560550
1 328172396
8 51896448
1 34879153
1 63370566
1 125520780
2 32849520
5 54325845
3 73529880
1 3519846
1 147918120
16 4101120
7 11614911
1 152668112
5 72088660
2 61388810
1 740647009
2 48508054
1 72839903
1 5012696
3 37076802
1 609783900
1 355080369
12 37028160
2 14191830
2 149661820
1 121988549
1 158388804
9 31107618
3 73562865
10 43896340
1 445973262
1 179232885
1 213786171
3 248592453
2 244110110
1 157447326
1 80494000
7 45637011
3 18361728
2 22047410
1 355602148
1 193552031
1 676326077
3 67877745
1 74221438
2 194698878
3 110533518
2 111200400
2 35107190
2 242470220
1 738341010
2 273033942
1 468614162
1 452841076
2 188718470
1 704218008
1 388436988
1 20923854
1 98277125
1 820305994
1 39282323
3 56259855
2 98189154
1 289872346
2 102846260
1 145402218
1 462310971
2 90989936
5 26134800
1 202112376
1 75642945
1 423989877
1 755787603
5 66499775
3 101490807
2 736704
1 657103363
1 53146665
1 11269954
2 284799690
1 186219254
2 206978616
1 11682440
5 145539810
1 45678168
1 2079151
2 8430708
1 492940600
2 145139398
1 116830494
1 299102680
1 11931930
1 234171876
7 2980320
1 55806478
1 216769290
1 342570948
2 299102270
1 309217902
59 3773640
1 25640913
1 579720712
3 109111308
1 13890574
1 857112995
1 9621443
11 2789985
2 87025188
1 520156230
1 731316608
1 23405135
9 8144928
1 182230691
1 347952660
1 80073486
1 100906914
1 817711465
3 48112362
1 206126440
2 39986016
7 4737516
2 162249400
1 187126740
1 607914153
1 433165216
2 13134924
10 24456880
1 259253434
1 284882660
2 38025862
1 346472687
2 12394240
1 214957908
1 11243337
1 6122221
3 131790552
1 530623440
1 212295781
4 71546728
1 1988670
1 364573482
1 219934020
1 21585739
1 398443630
1 110522967
1 238747448
1 83941924
1 175758342
4 1247696
4 177403380
1 24037909
2 187892500
1 375980835
2 65084052
1 740813969
5 1606605
1 487558665
22 3354824
1 119116586
1 151872137
24 7260288
1 242319968
1 636445908
2 4360840
1 820374468
1 64445943
1 80850407
13 9829274
1 628678866
5 13983735
9 16347060
5 15415680
1 577637060
2 207724808
17 12581870
1 250842280
1 1003305621
3 248131380
3 154449153
1 100920550
1 624626115
30 6184350
12 6030252
1 173699552
1 266143486
2 245162654
1 133666827
4 89561120
1 165793348
4 41460560
1 282565977
1 375965160
1 410625804
1 572505902
1 889182557
1 135887562
1 36559363
1 435005920
1 199007180
2 79455040
3 61107783
2 128023680
1 461629168
3 98097480
4 126281828
1 848491980
1 746066702
1 359381295
2 278673948
1 95335416
2 53869608
1 15120500
1 499436301
2 367485152
1 155502270
1 31520805
1 413269365
1 82840595
1 80787540
5 28168335
1 354747819
1 222677520
1 668434140
1 243105360
1 51380069
2 453197680
2 7393308
1 669986921
1 334853712
1 168362130
1 64500234
1 137112258
2 391410642
1 39801272
3 29646774
1 666223194
2 167595386
16 11076128
2 31142738
23 15781818
1 4134222
1 971781795
34 1432284
1 314471202
1 183955640
13 31502614
1 616225665
1 883838748
1 576374876
1 412539492
1 142354146
3 142658610
1 35997861
1 56295636
1 889311295
1 11840300
1 500599011
1 332265232
1 4264908
3 54370611
1 248347645
1 432338907
17 21079762
2 29808428
1 98848194
1 358597470
4 127657324
3 2112210
1 271617045
1 10964675
1 77979453
1 195366
1 22229740
1 326729758
2 12317670
6 45811668
2 7163928
3 112386915
3 49729038
1 510318219
38 4938404
1 690098274
1 37167550
7 10609326
1 35539964
1 31692556
1 944757330
1 38665765
1 392758344
2 189293858
1 214693212
1 48919150
1 259457172
2 52102242
7 8211140
2 221162760
1 53467617
1 5270010
1 269055930
1 458668408
2 266711208
1 88759595
1 522359322
5 24336755
1 159187952
17 52726792
9 17044920
1 678329256
1 412636020
4 117442256
21 3429846
4 65425096
1 188305740
2 16643768
1 118085220
1 371858355
7 82840254
1 399170850
128 6161664
1 173572620
4 192145760
2 123776652
1 60270090
2 45326154
2 5161840
1 781078760
2 67854456
1 131626338
1 57967086
1 633454236
1 248683050
3 121580394
1 62494056
2 305222564
1 100935414
1 259805189
2 127589244
1 9863911
1 283617807
1 224178947
1 259544844
1 10342323
1 91492617
1 125177730
11 7175300
4 2332876
2 88392000
1 21836412
1 149990052
1 347857389
1 9420990
1 533468818
2 384292100
1 114601651
1 428628942
1 371688042
1 472486322
5 3291140
1 268452975
1 31672476
2 7750080
1 577897782
3 123133140
7 982100
1 695312065
1 189354828
2 40244256
1 630571544
1 329716782
7 3103275
2 197700
4 40011992
4 167176640
1 74490546
38 5154168
1 441304530
1 33188952
1 206288546
1 320506155
4 20250992
1 26443230
1 425962392
2 27248052
1 67035084
1 576403650
3 26533602
1 636053197
39 5171868
18 639630
12 57931200
1 344164843
1 45954465
2 84120010
1 308390384
1 904071140
1 463322695
1 128704161
3 187442805
6 31672164
1 132451696
1 692718194
1 291968040
3 20345151
6 47011632
3 18193227
2 54497922
43 885198
1 168045774
1 794555828
4 64861896
1 51534330
1 374029036
3 128062545
1 79923906
1 662702070
13 1522248
14 25379508
1 4673970
9 31837797
11 1800810
1 9076144
2 171333324
1 128011037
2 300672230
1 228742542
2 278375370
3 85510626
28 5428220
1 62375815
1 184913624
1 178169570
1 109792221
7 61600224
2 353533360
1 209198568
3 30900177
1 302094030
2 412516410
2 20441332
1 310535004
2 5031194
5 72018645
1 244992825
1 11417393
2 33174120
2 8610316
1 387826593
1 233908590
2 58520304
2 146031756
1 268786464
1 12440927
1 391141695
1 40425384
3 51722928
4 44195120
2 26407434
1 112588724
1 133287432
2 182421890
1 136615128
1 596635534
1 105923308
2 350184340
1 120302469
1 71456550
6 75340260
1 62066070
1 16571160
2 292830304
1 75048412
3 60794472
1 13407324
1 813664544
1 125742680
2 165128320
3 60496047
3 10397562
1 508543508
1 394682864
2 71637020
1883 391664
1 192433098
3 51211326
1 409830440
1 45088444
2 2880504
42 605556
1 208284482
1 283683400
1 209459796
1 47059826
1 690982032
2 50574636
1 559300085
1 103539216
1 44579928
1 63248226
1 244141836
1 473526645
1 459040428
1 58152874
1 739590852
1 2652408
1 161381880
2 324492252
3 59210055
1 301914788
1 426800855
1 214967865
1 407737395
1 20167602
1 301926378
3 3233610
71 4835313
1 271089587
1 132468021
3 28167558
4 89477504
1 984307948
6 139605336
1 30685632
245 1808835
6 15816720
6 164334612
2 16023130
4 39868452
1 357898100
1 535062905
4 18925776
1 63731060
1 23950610
1 11791903
1 2563465
1 171618990
1 169744657
11 3187811
1 342769883
8 24155104
5 145289985
1 41634546
1 111591656
3 11615010
2 112116168
81 15390
1 67209660
1 26871150
2 3483888
1 539750024
1 167187933
1 129544198
5 58821750
2 69767982
2 192289902
1 496237947
4 110587800
1 115942182
1 177707712
3 239757900
10 30385300
15 18073080
1 153765300
1 364120868
6 1193544
3 53910864
4 5532240
1 118059145
1 247990688
4 643200
1 383723550
1 513560916
2 166784296
1 73346742
1 62935131
2 9475458
1 539628310
1 732516876
1 65517294
1 554098680
1 93379900
6 19014444
3 33905142
4 117928032
1 24156670
1 921381880
1 452938090
1 497052831
1 197553300
2 58409860
20 703640
1 186347252
1 181796268
1 275221425
1 511128204
1 601298850
4 14684256
1 272909162
1 252449279
3 8539461
2 1811860
1 270052471
1 537724925
1 327458103
5 53054540
1 121624503
1 48452242
45 18218070
1 319099498
1 283589684
1 131452236
1 387309899
1 673806757
3 78297606
2 32522224
3 34540758
1 78271476
1 1350656
1 220535881
1 17258122
1 116382924
1 139939800
1 40756404
1 341328075
1 39139037
1 236491420
1 193229187
1 292675845
1 291712402
1 75389105
1 685383190
1 796601980
1 305123891
1 100023661
2 162672050
1 614629626
6 9416280
92 1179072
1 104359611
10 59441980
1 978154454
1 481003171
1 519535696
7 3912062
2 455779170
12 18210144
1 209357281
2 166467202
1 96175839
1 413872237
1 349958022
1 641974523
1 44998200
1 77970510
1 499608070
1 6290863
1 218823180
1 175156605
1 401409540
1 492225690
1 40152210
1 146026058
8 34395416
16 24200384
56 6602120
2 545602
7 6512471
2 205404408
1 225184420
1 767918250
11 19417145
1 706138578
6 99511284
1 80800005
1 161972439
5 18297610
1 87975862
3 107154909
1 407772472
1 153398622
1 118591172
1 510815283
54 6206166
1 18196890
8 27550992
3 69107643
1 110838875
3 97215888
1 52427086
4 1087356
1 476012444
1 60217221
4 64724644
1 42316230
2 42322770
5 66693585
1 79812478
2 10757810
1 620848864
2 91664294
1 39298074
8 20362600
1 377156345
1 194125521
1 14455276
4 195801564
1 346132410
2 310473604
1 77751673
1 35110915
1 65185897
3 24536460
1 7949410
1 386609418
2 130050906
1 109817015
1 142091540
2 266434948
15 22341990
1 43594068
1 14639835
1 217953670
2 147698676
1 134674518
6 136986582
2 107802744
2 148002868
1 666640118
32 7578528
2 8176008
1 359683428
1 22421638
1 125018802
1 759484452
1 19403064
3 20202324
1 160732640
1 218859390
2 74895810
1 63189912
1 728883624
2 141235728
1 129844800
3 69507030
2 495455438
1 90503232
1 118887405
1 139717054
2 187139430
1 378684180
15 31189515
8 9860224
1 13786388
1 723806743
1 20357985
1 31450833
2 66015148
1 356506532
1 471791334
4 22691968
3 5845410
1 52967356
1 247419167
1 254325295
3 65718855
1 9269260
10 34080
1 329714543
1 95205648
2 78889276
1 638345469
3 55801395
1 3814616
1 211662997
1 563437578
1 222560
57 6961182
1 298300695
2 442000652
1 471423330
1 3449600
59 1015980
86 1906792
67 489167
235 1292265
2 49947020
1 139617318
1 39131310
1 50928342
6 101095764
1 28089233
1 142828746
2 51566536
1 443790049
14 50236256
13 15101489
48 3696336
1 148395195
3 212558106
1 63425098
2 283354508
1 30043816
2 23719680
1 385873740
1 477660090
1 229388275
1 573878812
1 12403770
3 278277150
1 119832433
2 27812734
1 614701672
4 65270192
1 222919116
1 108210270
1 250333416
1 132007110
1 89774841
2 58388960
1 223923665
1 71935193
1 159937479
4 58896992
1 496511730
1 548042313
20 22189640
1 88922149
2 67823028
8 95997536
1 333800991
1 286458144
4 44288868
11 37206312
1 168273272
1 727471938
28 9705696
2 174186876
2 96803564
2 35535404
1 459295979
9 104655645
3 12001956
1 23580009
3 161377293
1 169090578
1 32613441
1 37457950
1 9063132
3 6003810
1 246827723
1 683811076
1 161908113
21 3166632
2 28228262
23 15595173
4 62266600
1 340434529
1 125483739
1 86299987
1 123408354
2 533100
1 261864345
8 29221416
1 93958830
3 4403718
9 47325411
23 2596815
2 166086700
3 81370800
2 152443624
1 8465095
2 167824384
2 67722300
1 403299546
1 97544654
2 32870760
1 728514300
1 442717312
1 16880922
2 24172968
2 239034938
2 108995264
1 49040068
1 345930534
1 1085110
1 844171178
3 14065719
1 72825687
1 127507380
1 328134268
1 609539896
1 342859985
3 27552204
2 64086380
1 140916018
2 39349112
1 368293912
4 33744740
1 18141585
1 511007479
1 769940742
3 180777258
2 83982054
26 761852
1 37548830
1 937299260
11 35060025
1 519115758
1 504604830
10 17127110
1 141289470
22 763048
2 5682818
2 5916152
1 9632373
1 644464267
1 773222514
1 271628510
2 81560930
1 92925000
1 25263420
80 10050240
1 4072146
9 5080986
1 614399480
1 136131900
1 73377780
1 161735102
2 93711024
3 18030
1 182624283
1 402986076
2 5215140
1 244428111
1 600726902
4 148081044
1 272226225
7 92893374
1 660084090
3 283961835
1 153564268
2 309021664
3 41639535
1 354580248
1 179199020
1 59712834
1 10725256
1 189859557
1 136838730
8 3372600
2 158261578
1 292123587
1 592093653
2 143971050
1 68864312
1 27720030
1 156491208
3 4410378
1 605144834
1 285248425
1 22087202
1 101973352
1 38238614
17 19536264
4 234050376
7 73417386
2 5860694
1 39207894
1 205396121
5 93802995
8 11768272
1 319819094
1 105154870
1 553272965
1 112931925
1 233441510
2 23649140
1 439814463
1 69672918
5 9520720
1 306887490
1 478984379
2 88115196
1 887255508
1 44319418
2 273849784
2 85640030
6 104890752
1 18671182
1 57445907
4 19905760
1 12558100
7 8706656
1 203639480
1 414390060
1 367916700
1 55101025
1 12352482
3 53163882
3 54261525
3 39104286
14 17373720
13 17412876
23 34871289
3 294887010
1 951822285
1 89240711
1 17174309
3 38037942
1 2615546
1 431950128
1 630429612
1 271548940
1 596580390
1 417667097
1 198635350
1 220022086
1 369006352
1 84210720
6 7448100
6 115654014
1 97417237
2 334834638
1 488352307
3 37652610
1 96304082
1 162850044
4 90927360
1 412647984
1 454282118
1 196638812
1 111365681
1 605004874
2 19836180
2 89350700
1 7629230
1 127951530
4 1795100
1 18998886
10 15646930
6 47033364
5 6257580
1 279447120
21 3536442
1 17981019
2 94365690
1 950553345
1 133886694
25 8766200
1 320309865
8 25198040
7 13154330
1 275762620
12 14255124
1 72126894
1 84296958
2 268334352
2 72420646
1 758729453
1 138735817
33 8256402
1 806446235
1 8599500
1 8218582
1 230036060
1 51573200
1 91828570
2 302090314
1 272274044
1 634044051
1 528435656
1 400358918
1 23210610
1 21895830
1 359078676
9 26465670
1 54130230
2 40563244
4 23060640
1 535851176
31 242544
1 306507620
4 24473372
4 49087980
1 733877133
1 2763057
2 76599400
2 60246450
1 628886706
28 12005000
1 407817794
6 58942512
1 424725840
1 356761144
73 855195
1 832218425
2 314006264
3 187170939
1 390515265
4 30956804
5 562035
1 464948972
3 117280251
1 88839246
275 165550
4 3085368
1 15300187
1 622235734
2 106814240
29 16527245
3 18202149
2 209013840
1 515675343
1 113192519
1 579563202
1 79807234
1 21134487
11 4602576
1 216601116
1 86179566
1 159271395
3 11681130
2 2612216
1 260065456
1 793968146
1 361596880
2 354961356
1 26136138
1 52345572
1 159993737
2 38168956
2 455414420
3 10409805
1 145840910
1 121521361
1 469607727
1 498113253
1 28214648
25 17351325
1 166173735
1 463649361
1 270087588
1 145191253
2239 22390
2 8530176
7 128815960
1 192512807
4 17066176
1 91607418
1 175192104
7 72143155
2 342534456
1 15368658
2 238543164
1 553088130
2 92239260
1 67540903
5 85178340
3 127795083
7 44005906
6 12197484
1 661660520
1 19702212
1 440489721
3 128137167
1 324881007
1 633773250
1 2807739
1 368883205
1 81368970
1 8812122
8 53685728
1 4002999
1 522430188
4 89635892
1 12649397
1 3195349
1 361530182
1 78201135
4 30992648
1 849450552
1 135648066
2 10805832
1 10782394
2 20513892
1 137350122
6 116884770
1 294462
1 87417330
1 105685671
1 318968190
1 850119204
1 91609639
1 23409384
1 156342758
1 44250049
1 1676400
1 72245294
2 120465784
1 448493306
1 32825540
1 205474710
2 49822260
2 162232304
2 5510880
1 12003856
2 320685282
2 41765594
2 131651380
1 55313802
1 240667868
38 1256280
6 46405104
1 432842962
2 115187358
1 172967145
2 35839120
1 136655588
3 15431625
4 39188836
203 2345462
1 105142416
1 216069705
1 65602422
3 1426698
2 104841360
1 267090902
6 78584418
6 160757712
1 134770651
2 308288596
2 262436192
1 163733306
8 10772832
4 42068720
1 746296691
1 118291280
1 604126608
2 302680
33 13800600
2 33963300
1 199134270
1 365115825
1 108811230
5 37499000
1 287863885
1 428495642
1 3876828
1 25435755
10 17090500
1 303427308
1 190585179
1 66868794
1 43329538
2 40419106
1 5386788
1 59695020
3 6924945
2 203193396
1 100950668
1 562909111
1 95150930
1 122264218
1 951572970
1 215790003
1 28772340
3 181724094
1 52976535
2 4728570
1 523447133
9 24659649
1 260517881
2 110585316
1 44472148
1 408217838
1 381618840
2 20620656
3 24709176
1 39707523
1 336446143
4 47606412
2 34943254
1 330667595
1 213664120
1 336157878
1 2408320
1 93159016
1 459970536
1 725762826
4 61238320
241 249194
1 97826925
4 5240664
5 122416675
3 80322141
1 365138117
351 2187081
4 6433344
2 12562550
3 11956323
1 209733128
1 140269525
1 692539545
1 381510324
1 229631295
19 8985746
1 342497733
1 128640642
1 96522210
2 236125900
2 1799724
3 58908630
2 734804
1 1281588
1 24125942
1 5613506
2 16004060
3 214548321
1 214288902
1 17056226
1 94965845
1 468769750
26 8868288
1 421907892
1 199504536
1 110167390
3 96075816
1 106007070
3 13113672
1 26764710
1 468004225
1 417013912
1 177902111
1 162961446
4 140768816
1 258789360
1 249255858
1 27372564
1 554754200
5 56146860
1 195523902
2 44138340
1 737038589
72 5756040
1 406949895
1 60085936
3 228231765
1 390369284
1 33348965
1 420835030
2 314693380
2 292277104
8 84722176
2 13018894
1 96907230
1 285064092
1 128679155
1 82458831
1 392786498
1 244941546
1 422857880
1 32919900
3 11513370
2 140547940
1 597326825
4 179874240
1 147319571
1 724009377
4 234665520
1 49598178
1 34086126
1 33855867
1 171852472
1 343482462
1 1908590
13 25023830
1 379381979
1 47324738
1 166803918
1 17985594
3 28956447
1 841824280
9 79924635
1 57104443
1 9619931
1 65402616
34 3916596
1 281607844
7 79548105
1 379808598
1 118592530
2 72010980
4 7323236
1 109469115
1 495009990
9 7441767
1 642586976
1 174212520
1 899467973
2 226787340
1 600112552
1 168947163
2 284065132
2 98443976
7 1751463
1 68775402
1 680896758
2 70896140
1 212539849
1 23535820
3 213669288
2 57855490
1 379258996
35 18804310
1 287255696
1 178750815
1 15480618
2 7844148
2 42978
1 29927820
1 170894301
1 358555340
4 39069496
2 113217624
4 79943916
1 65621739
1 178513155
2 40180330
1 621565844
1 304543071
2 95387474
1 485193600
26 8163116
13 57914532
2 19338792
1 195837538
1 71606969
2 10718246
5 37937160
1 55176646
2 61376120
1 830646333
1 277964848
8 45546704
3 21124422
1 8988606
3 30272592
1 80448717
1 24022080
1 676096245
2 73229016
1 215691642
2 135223644
1 568139320
2 277431090
1 75369270
2 272139840
1 97210125
1 594237679
153 6649380
11 146927
1 32157458
2 2684890
2 91074204
2 158398026
1 86666658
4 130527872
3 35309430
4 19540696
1 109086830
1 22274332
1 84861777
2 15409964
32 8157600
1 193827480
2 459096880
1 288376780
1 323557394
4 41820584
3 3428658
1 708473114
5 73937080
1 50898135
1 81530322
2 304029264
10 5045690
4 87686916
1 686858651
3 218090904
1 2327908
2 29462700
1 47385519
13 10471929
1 585310082
1 944068792
1 128369590
3 50014914
1 415034172
1 6475099
1 448512860
3 4987620
1 72206904
1 218646585
1 829401300
1 49573459
1 67153284
1 7806806
1 443760750
1 34172680
1 826770
1 26079717
2 226480636
1 78074282
1 432829674
1 100050324
1 789974322
1 399379295
1 48065966
1 567994262
1 174323966
2 440893132
6 35225148
1 81593673
1 351634338
1 99979191
8 14252040
73 5796273
1 306259746
1 290600814
1 66006143
1 304827090
4 193180
1 297121407
2 10189970
1 86209780
1 401278291
2 247338
2 17101796
1 10925838
10 16556800
2 118913340
1 465942066
1 376192270
2 69913310
1 764745407
1 660354345
1 937259952
2 19785716
1 224228690
1 108575181
1 205009120
16 18176
3 123329682
1 108041787
1 51742764
1 70850020
1 57829869
8 12805576
1 146077316
5 102674120
1 96461486
5 14831400
1 354727470
1 746917226
1 123769372
1 22607124
1 183466958
5 91104350
2 292736600
1 665720386
1 2309195
1 72504278
1 107548902
1 19259422
1 9859946
1 103796592
3 5466396
2 53648960
3 94396500
2 58876
2 44575700
2 25869444
2 111800760
1 16676624
1 240023256
36 5346432
1 379152922
1 157792388
4 42600720
1 114799500
4 107082672
1 304654490
2 105604822
1 221683
3 40600578
1 119444910
1 146734416
1 587415024
1 594336911
10 12068810
1 65143323
1 16748196
71 7152540
1 33265260
1 634178814
4 103286696
1 675889207
2 360951926
1 229603894
1 50827518
1 16046166
2 68590108
1 898538370
6 842346
1 110622190
1 58534992
3 19119600
2 41165536
1 247301805
1 779023590
1 454854881
2 61607524
1 53674306
1 355239899
1 69262358
1 158106180
4 92594340
2 38483096
3 242067042
1 208779769
1 17371552
1 29862270
3 64917489
1 765223095
4 31501848
2 185106676
1 682230584
1 258197456
2 256170684
1 444861180
1 236547701
1 200286540
1 352981554
2 1350662
1 24132634
3 71595075
2 458432310
1 127857275
11 68511135
1 304749146
1 690114980
8 11172304
2 452524836
17 32740708
1 415002357
1 347443090
1 26368808
1 44534067
1 326621980
1 12175636
4 192682352
1 147540490
8 813256
2 15760788
1 306644425
4 57678892
36 22164408
1 716964950
1 186529732
2 201238520
2 38718000
1 736044584
1 220866360
1 454074919
1 602849248
2 283518760
9 1308474
1 65241
2 66632104
1 460746351
1 166210341
1 358815020
1 264370349
1 15976244
1 126897960
2 81432
1 44060016
2 176499930
1 541360966
3 104614494
4 1107336
1 139365174
1 53662130
2 16717188
3 48605856
1 36905442
3 126096948
1 10315524
2 868296
1 137598670
2 298579904
1 11221746
28 14287560
23 12907692
1 535916520
2 261641666
1 589777804
1 460817990
1 15721230
1 164912223
1 287164594
1 907078828
1 287545875
1 490514176
1 209730309
8 23448080
1 92548120
6 15207696
3 71613774
1 509296749
1 116994906
1 83435880
1 420610993
1 573762465
1 585871793
1 106301835
38 10984280
1 20602273
2 38466204
1 34788180
1 289012797
3 50593257
2 325509070
3 169198119
1 955710
5 19589210
1 75770529
1 348680920
1 253900416
10 48934700
1 596763492
3 281610
1 817909722
10 75456760
20 5762880
34 2635680
1 598220364
1 40598184
1 171222922
1 321197214
3 97466670
2 84096740
1 174195675
3 55530054
1 766104048
1 446811704
2 650716
1 5828710
1 28312800
3 98113236
1 193980987
1 41593066
17 1938493
1 99339670
1 296775158
2 240732162
1 151839996
1 36029808
1 128048459
1 586242546
1 132925260
1 126016748
1 332649240
64 7887360
1 215772150
1 26310780
1 154833182
1 401692928
1 46330568
2 357304302
3 225277200
1 17641885
1 463267113
2 227980278
1 406682103
1 448222023
10 23040680
