5.75472 5.55727
7.54710 6.56059
0.27920 7.99513
6.29320 7.77146
2.48074 8.65136
7.95618 0.83623
4.40524 5.44002
1.99878 0.06980
1.33566 6.87139
5.66312 4.11450
0.10470 2.99817
2.12132 2.12132
2.50858 6.53506
4.87185 1.12476
4.21271 5.59045
1.36197 2.67302
1.02606 2.81908
2.99954 0.05236
1.55429 1.25864
6.29156 3.06860
4.58861 6.55322
2.74064 1.22021
1.46186 4.78152
9.97564 0.69756
2.45746 1.72073
0.97815 0.20791
0.46947 0.88295
4.92404 0.86824
4.38371 8.98794
4.08591 8.01906
6.98295 0.48830
6.53506 2.50858
1.63392 2.51601
1.62784 4.72759
7.18772 5.41634
8.22191 3.66063
0.81915 0.57358
0.87674 1.79759
0.55127 1.92252
7.71451 4.63534
0.48748 3.97018
0.06981 3.99939
3.93635 4.52826
3.26783 5.03202
0.87156 9.96195
3.21394 3.83022
0.84524 1.81262
1.54508 4.75528
2.57150 1.54511
2.15021 5.60148
