7.82518 1.66329
8.66025 5.00000
5.54095 7.09210
4.99315 0.26168
2.87736 2.77863
3.39367 6.12234
3.53179 1.87789
0.34202 0.93969
4.97261 0.52264
1.14485 5.88976
0.76324 3.92651
2.89778 0.77646
0.57243 2.94488
8.99863 0.15707
3.49848 1.93924
1.40841 2.64884
4.91491 3.44146
2.50858 6.53506
5.59193 8.29038
0.97030 0.24192
0.61803 1.90211
5.82177 1.45153
5.87069 3.81247
4.97261 0.52264
5.65685 5.65685
1.39173 9.90268
2.77863 2.87736
0.97670 2.83656
1.67758 2.48711
0.55669 3.96107
5.65685 5.65685
7.88011 6.15661
2.63135 8.60674
3.26783 5.03202
3.42020 9.39693
6.89365 1.21554
1.73648 9.84808
1.25864 1.55429
0.31359 2.98357
5.90885 1.04189
0.41854 5.98538
5.03274 7.46134
7.79496 1.79961
0.51764 1.93185
0.27835 1.98054
0.46947 0.88295
5.52303 2.34439
0.99985 0.01745
1.96325 0.38162
0.17450 4.99695
4.99924 0.08726
3.71572 3.34565
2.81683 5.29769
0.80902 0.58779
3.50697 7.19035
3.12585 7.36404
1.76336 2.42705
0.78217 4.93844
0.45399 0.89101
5.60148 2.15021
0.69466 0.71934
1.20363 1.59727
0.29237 0.95630
2.84716 6.39482
8.09017 5.87785
1.85437 0.74921
5.59045 4.21271
0.42262 0.90631
3.06418 2.57115
8.01906 4.08591
1.46271 1.36400
1.69047 3.62523
9.94522 1.04528
0.55669 3.96107
4.81452 6.38908
3.00908 3.99318
3.39219 2.11968
8.34465 3.37146
0.93969 0.34202
3.90731 9.20505
1.98904 0.20906
2.36403 1.84698
4.99924 0.08726
8.96575 0.78440
6.68830 6.02218
0.84524 1.81262
0.17450 4.99695
3.99026 0.27903
0.31287 1.97538
1.31212 1.50942
0.17450 4.99695
1.46186 4.78152
6.03768 5.24847
4.24264 4.24264
3.12585 7.36404
0.97815 0.20791
2.76151 1.17219
6.89365 1.21554
2.40726 3.19454
6.79239 5.90453
