2.99685 7.41747
2.99817 0.10470
9.61262 2.75637
7.07107 7.07107
8.73266 2.17730
6.23705 3.17793
9.94522 1.04528
6.69131 7.43145
0.92718 0.37461
4.19335 2.72320
0.27903 3.99026
2.99954 0.05236
2.33897 7.65044
1.99513 0.13951
1.99239 0.17431
0.93894 1.76590
2.48074 8.65136
2.04600 2.19406
2.75637 9.61262
1.29410 4.82963
0.10470 2.99817
8.97808 0.62781
7.87846 1.38919
8.93292 1.09682
1.30227 3.78207
0.68200 0.73135
6.25193 6.47406
1.76590 0.93894
3.34565 3.71572
7.82518 1.66329
0.48830 6.98295
2.36403 1.84698
5.73783 1.75423
3.65677 3.40999
0.06980 1.99878
0.34878 4.98782
8.45723 3.07818
1.57602 1.23132
4.66790 1.79184
5.97717 0.52293
8.99863 0.15707
3.70874 1.49843
4.22618 9.06308
1.45538 6.84703
1.24747 5.86889
1.10255 3.84505
5.29007 7.28115
6.99041 0.36635
3.96107 0.55669
3.99939 0.06981
3.53179 1.87789
2.73512 6.44353
6.99041 0.36635
0.27835 1.98054
0.74314 0.66913
0.89980 3.89748
2.76151 1.17219
6.82059 1.57466
9.96195 0.87156
3.65418 1.62695
0.82691 2.88379
1.96818 2.26413
1.12476 4.87185
2.08398 2.15802
1.29410 4.82963
0.05234 0.99863
6.57785 2.39414
1.87789 3.53179
2.12132 2.12132
5.85083 5.45599
1.98509 0.24374
0.15701 2.99589
3.75877 1.36808
4.22618 9.06308
5.45599 5.85083
8.48048 5.29919
7.82518 1.66329
7.99878 0.13962
6.96165 0.73170
3.42867 2.06015
1.41421 1.41421
6.69413 2.04660
0.15707 8.99863
0.43837 0.89879
5.41634 7.18772
0.24430 6.99574
1.61803 1.17557
5.29919 8.48048
0.20791 0.97815
1.24747 5.86889
6.70936 4.35711
2.60455 7.56415
5.59045 4.21271
5.15038 8.57167
0.46930 2.96307
2.93893 4.04508
8.82948 4.69472
2.57115 3.06418
5.73783 1.75423
2.41922 9.70296
3.34565 3.71572
5.92613 0.93861
2.17730 8.73266
3.07818 8.45723
0.81915 0.57358
0.26168 4.99315
1.25864 1.55429
8.98767 0.47102
1.98509 0.24374
0.97437 0.22495
2.72320 4.19335
4.58861 6.55322
0.50000 0.86603
6.06218 3.50000
1.99513 0.13951
4.72806 3.69397
9.27184 3.74607
2.99685 7.41747
0.82904 0.55919
1.31511 2.69638
2.11309 4.53154
3.91259 0.83165
4.77399 5.11948
1.61803 1.17557
5.14300 3.09023
3.74607 9.27184
2.94488 0.57243
1.69610 1.05984
5.03274 7.46134
1.97538 0.31287
9.94522 1.04528
5.19615 3.00000
1.96962 0.34730
0.48481 0.87462
5.45599 5.85083
0.12217 6.99893
7.31354 6.81998
1.36808 3.75877
5.76757 1.65382
2.97764 0.36561
6.99431 5.66388
6.55322 4.58861
4.81452 6.38908
5.78509 6.89440
4.94975 4.94975
0.13962 7.99878
5.00000 8.66025
1.62784 4.72759
3.99756 0.13960
2.00000 3.46410
8.09017 5.87785
1.12476 4.87185
3.95075 0.62574
3.51658 8.28454
0.20791 0.97815
0.57358 0.81915
6.97336 0.61009
8.19152 5.73576
1.81173 6.76148
9.94522 1.04528
7.79423 4.50000
2.32937 8.69333
0.97437 0.22495
5.86889 1.24747
0.97437 0.22495
3.47329 3.59670
4.09199 4.38812
5.88976 1.14485
3.86370 1.03528
4.16795 4.31604
5.90453 6.79239
0.93358 0.35837
9.39693 3.42020
2.12132 2.12132
1.98054 0.27835
6.36396 6.36396
1.57602 1.23132
2.17856 3.35468
3.99452 0.20934
3.97809 0.41811
5.24772 2.90886
0.92718 0.37461
0.27903 3.99026
7.99513 0.27920
6.93188 0.97421
0.94076 8.95070
4.24264 4.24264
4.06737 9.13545
1.57602 1.23132
0.36635 6.99041
3.95075 0.62574
6.15661 7.88011
0.62717 5.96713
3.62523 1.69047
5.29007 7.28115
9.74370 2.24951
3.97018 0.48748
6.85734 4.12030
3.99939 0.06981
7.30836 3.25389
2.81908 1.02606
1.80545 2.39591
3.09017 9.51057
0.41582 1.95630
0.87712 2.86891
1.62784 4.72759
0.79864 0.60182
4.85148 1.20961
1.73205 1.00000
2.33897 7.65044
0.66913 0.74314
5.79555 1.55291
4.99695 0.17450
3.94534 8.08915
1.98509 0.24374
8.48048 5.29919
8.80333 1.87121
3.82522 1.16949
2.84716 6.39482
0.71934 0.69466
1.45538 6.84703
0.99255 0.12187
0.80902 0.58779
0.99985 0.01745
6.56059 7.54710
0.99985 0.01745
2.95833 6.34415
4.19335 2.72320
5.59193 8.29038
6.89440 5.78509
9.33580 3.58368
1.45443 2.62386
2.91089 0.72577
0.83867 0.54464
2.89778 0.77646
4.40524 5.44002
6.97336 0.61009
1.93538 7.76237
3.85673 4.59627
1.93924 3.49848
3.99939 0.06981
0.26168 4.99315
3.86370 1.03528
0.34202 0.93969
1.45153 5.82177
0.13951 1.99513
1.45153 5.82177
1.17557 1.61803
0.31410 8.99452
6.94782 0.85309
3.87848 6.99696
1.03528 3.86370
2.72320 4.19335
7.82518 1.66329
1.79184 4.66790
5.99909 0.10471
3.26783 5.03202
0.83867 0.54464
2.26995 4.45503
3.75577 7.06358
0.34202 0.93969
5.66312 4.11450
5.14300 3.09023
1.43347 3.73432
1.21869 9.92546
0.75471 0.65606
0.83623 7.95618
0.70711 0.70711
4.36329 7.87158
0.06981 3.99939
3.88118 0.96769
0.34202 0.93969
7.69009 2.20510
4.16795 4.31604
7.82518 1.66329
0.94552 0.32557
3.46410 2.00000
5.56310 2.24764
0.48481 0.87462
1.43347 3.73432
5.94516 5.35304
0.69459 3.93923
4.00000 6.92820
0.17452 9.99848
0.20927 2.99269
3.28630 6.18063
5.03202 3.26783
2.07912 9.78148
2.91089 0.72577
0.36561 2.97764
4.35711 6.70936
6.23705 3.17793
4.93844 0.78217
1.43868 1.38932
5.41634 7.18772
7.85302 1.52647
1.87939 0.68404
4.91491 3.44146
4.24264 4.24264
4.81452 6.38908
0.85717 0.51504
1.85410 5.70634
0.99939 0.03490
1.72073 2.45746
4.56773 2.03368
2.02456 8.76933
0.32557 0.94552
1.96962 0.34730
4.81452 6.38908
0.19081 0.98163
1.55291 5.79555
0.73170 6.96165
7.19035 3.50697
9.39693 3.42020
2.27898 6.61863
1.07510 2.80074
3.66063 8.22191
2.20510 7.69009
1.23132 1.57602
5.43785 2.53571
5.66388 6.99431
0.99756 0.06976
0.46930 2.96307
1.98904 0.20906
4.78152 1.46186
7.43145 6.69131
1.95630 0.41582
2.92311 0.67485
5.36231 4.49951
4.01504 5.73406
4.35711 6.70936
1.50000 2.59808
0.34878 4.98782
1.79184 4.66790
1.72073 2.45746
0.92718 0.37461
3.39219 2.11968
1.20363 1.59727
5.08829 3.17952
2.92372 9.56305
0.69587 4.95134
1.00000 1.73205
3.28030 3.77355
4.92404 0.86824
0.98481 0.17365
1.33826 1.48629
4.14519 2.79596
2.83656 0.97670
2.95833 6.34415
6.03768 5.24847
0.84524 1.81262
0.70711 0.70711
4.35711 6.70936
2.67302 1.36197
1.17557 1.61803
2.92372 9.56305
0.17431 1.99239
4.72806 3.69397
0.80902 0.58779
0.92050 0.39073
4.23935 6.78438
6.29156 3.06860
0.83504 5.94161
7.98904 0.41869
3.99756 0.13960
5.86889 1.24747
5.90885 1.04189
7.31354 6.81998
0.62374 2.93444
2.92311 0.67485
0.31410 8.99452
0.47102 8.98767
4.53154 2.11309
1.12382 2.78155
3.25389 7.30836
1.99970 0.03490
3.17952 5.08829
9.27184 3.74607
1.81596 3.56403
3.95075 0.62574
5.15038 8.57167
3.99756 0.13960
0.96962 1.74924
6.61863 2.27898
2.85317 0.92705
1.99970 0.03490
0.97421 6.93188
3.35516 4.97423
4.99695 0.17450
6.23705 3.17793
5.03202 3.26783
0.93969 0.34202
5.44002 4.40524
0.80902 0.58779
4.59627 3.85673
8.01906 4.08591
6.30409 4.92529
2.63023 5.39276
2.40726 3.19454
5.03202 3.26783
2.81683 5.29769
1.09504 6.91382
9.92546 1.21869
2.53571 5.43785
3.46410 2.00000
2.62225 6.49029
0.78440 8.96575
1.99970 0.03490
2.62424 3.01884
0.58474 1.91261
3.74607 9.27184
1.41421 1.41421
2.95442 0.52094
2.81683 5.29769
1.95366 4.60252
1.87789 3.53179
1.37819 4.80631
0.34202 0.93969
2.62386 1.45443
7.31354 6.81998
3.92651 0.76324
0.95106 0.30902
7.25046 3.38095
5.94161 0.83504
4.63534 7.71451
5.92613 0.93861
6.79239 5.90453
2.93011 8.50967
2.48074 8.65136
0.71674 1.86716
3.88573 3.14660
4.22618 9.06308
1.05984 1.69610
3.40999 3.65677
6.21717 5.03456
0.69587 4.95134
4.50000 7.79423
5.70634 1.85410
8.76933 2.02456
2.64960 4.24024
1.21554 6.89365
0.82691 2.88379
0.62781 8.97808
3.28030 3.77355
0.52336 9.98630
9.81627 1.90809
1.38932 1.43868
0.55919 0.82904
6.65740 2.16312
0.83623 7.95618
1.85410 5.70634
1.48629 1.33826
8.96575 0.78440
2.81683 5.29769
5.20201 4.68391
3.26783 5.03202
1.11338 7.92214
0.51764 1.93185
7.41747 2.99685
4.89074 1.03956
0.32557 0.94552
4.11450 5.66312
0.76324 3.92651
1.23607 3.80423
7.46864 2.86694
7.71451 4.63534
2.06015 3.42867
1.50000 2.59808
0.86603 0.50000
8.82948 4.69472
0.67485 2.92311
0.98481 0.17365
0.17450 4.99695
3.37146 8.34465
2.82843 2.82843
0.87156 9.96195
1.29410 4.82963
1.37819 4.80631
3.51658 8.28454
3.93923 0.69459
0.79864 0.60182
6.44353 2.73512
0.50000 0.86603
4.72759 1.62784
1.33826 1.48629
6.53506 2.50858
8.99452 0.31410
0.52094 2.95442
1.75348 3.59518
3.89748 0.89980
0.77646 2.89778
3.88573 3.14660
3.88118 0.96769
8.69333 2.32937
4.87185 1.12476
9.51057 3.09017
3.65418 1.62695
1.93538 7.76237
0.41582 1.95630
1.99878 0.06980
