8.08915 3.94534
0.31287 1.97538
7.25046 3.38095
5.97717 0.52293
5.87785 8.09017
0.62574 3.95075
1.69047 3.62523
0.78801 0.61566
0.31410 8.99452
0.43578 4.98097
9.20505 3.90731
1.09504 6.91382
0.95404 4.90814
0.10471 5.99909
9.78148 2.07912
5.45599 5.85083
0.99756 0.06976
0.17452 9.99848
1.69047 3.62523
5.93634 3.70943
0.62717 5.96713
7.77146 6.29320
0.03490 1.99970
6.85734 4.12030
5.80326 3.91435
6.94658 7.19340
1.72073 2.45746
1.00000 1.73205
2.93011 8.50967
5.19615 3.00000
0.65606 0.75471
3.89748 0.89980
1.94874 0.44990
0.78146 1.84101
3.28630 6.18063
5.99178 0.31402
1.94874 0.44990
0.84805 0.52992
5.20201 4.68391
1.87303 4.63592
7.18772 5.41634
5.03274 7.46134
5.93634 3.70943
8.60674 2.63135
3.40999 3.65677
0.69756 9.97564
6.65740 2.16312
9.96195 0.87156
0.26147 2.98858
4.35711 6.70936
3.89748 0.89980
0.58474 1.91261
3.90731 9.20505
5.80326 3.91435
3.37146 8.34465
7.79496 1.79961
0.17365 0.98481
5.99178 0.31402
0.97421 6.93188
4.08591 8.01906
5.24772 2.90886
0.57243 2.94488
5.94161 0.83504
0.96126 0.27564
0.97495 7.94037
3.73432 1.43347
4.63534 7.71451
0.87462 0.48481
0.91355 0.40674
2.33897 7.65044
1.65382 5.76757
1.92946 6.72883
9.78148 2.07912
4.08591 8.01906
0.97030 0.24192
0.42262 0.90631
2.47214 7.60845
5.03274 7.46134
1.79184 4.66790
6.99893 0.12217
8.60674 2.63135
9.61262 2.75637
0.55805 7.98051
0.40674 0.91355
1.38932 1.43868
4.30963 5.51608
1.37819 4.80631
4.45503 2.26995
2.41922 9.70296
4.58861 6.55322
9.94522 1.04528
7.79423 4.50000
8.73266 2.17730
1.65808 1.11839
5.35304 5.94516
3.56403 1.81596
0.46930 2.96307
9.13545 4.06737
0.97421 6.93188
3.73432 1.43347
5.29769 2.81683
4.01504 5.73406
4.23935 6.78438
4.49397 2.19186
5.52303 2.34439
6.69131 7.43145
4.72806 3.69397
0.22495 0.97437
4.95134 0.69587
0.87462 0.48481
1.71728 8.83464
3.25389 7.30836
4.00000 6.92820
0.68404 1.87939
0.03490 0.99939
2.20510 7.69009
2.99954 0.05236
0.99863 0.05234
1.69047 3.62523
3.12585 7.36404
8.38671 5.44639
1.50942 1.31212
6.13799 6.58218
2.86694 7.46864
0.19081 0.98163
0.96769 3.88118
0.25882 0.96593
6.39482 2.84716
1.23132 1.57602
0.15643 0.98769
4.37310 2.42405
3.40999 3.65677
4.68391 5.20201
2.35114 3.23607
0.62374 2.93444
5.54095 7.09210
7.19340 6.94658
0.10470 2.99817
7.98904 0.41869
7.37237 5.16219
5.29919 8.48048
6.84703 1.45538
3.86370 1.03528
2.98858 0.26147
2.39414 6.57785
3.38095 7.25046
8.08915 3.94534
3.94534 8.08915
4.68391 5.20201
5.44639 8.38671
3.83022 3.21394
2.24764 5.56310
8.50967 2.93011
3.65677 3.40999
0.83867 0.54464
0.25882 0.96593
4.38812 4.09199
8.19152 5.73576
7.99878 0.13962
0.81915 0.57358
9.98630 0.52336
6.21717 5.03456
2.27898 6.61863
1.24747 5.86889
6.68830 6.02218
0.13917 0.99027
0.84805 0.52992
0.95106 0.30902
1.12382 2.78155
4.09576 2.86788
0.41811 3.97809
0.58474 1.91261
6.98295 0.48830
9.56305 2.92372
2.00000 3.46410
5.44639 8.38671
0.05236 2.99954
2.89778 0.77646
6.23705 3.17793
1.43347 3.73432
8.08915 3.94534
0.74921 1.85437
1.36197 2.67302
6.96165 0.73170
8.69333 2.32937
2.07912 9.78148
2.76151 1.17219
1.97538 0.31287
1.69610 1.05984
8.45723 3.07818
1.84698 2.36403
4.21271 5.59045
2.51728 3.10858
0.69587 4.95134
0.10471 5.99909
2.07912 9.78148
6.63230 4.47354
0.68404 1.87939
4.84810 8.74620
2.95442 0.52094
2.62225 6.49029
1.14715 1.63830
4.99924 0.08726
4.40524 5.44002
3.21394 3.83022
8.09017 5.87785
4.82963 1.29410
0.52293 5.97717
3.17793 6.23705
0.12217 6.99893
1.82709 0.81347
2.86788 4.09576
0.71674 1.86716
4.24264 4.24264
4.24264 4.24264
5.03538 4.86261
0.03490 0.99939
1.17219 2.76151
0.91355 0.40674
1.90211 0.61803
3.99452 0.20934
4.59627 3.85673
3.61089 4.79181
5.08829 3.17952
7.99878 0.13962
9.13545 4.06737
2.99269 0.20927
5.99909 0.10471
5.87785 8.09017
8.57167 5.15038
0.99255 0.12187
5.73576 8.19152
1.17557 1.61803
0.65114 1.89104
6.99893 0.12217
3.34565 3.71572
6.63230 4.47354
0.85309 6.94782
2.62424 3.01884
2.04600 2.19406
3.82522 1.16949
0.93969 0.34202
3.09017 9.51057
0.48830 6.98295
1.91261 0.58474
1.03008 1.71433
6.56059 7.54710
8.50967 2.93011
0.06980 1.99878
7.87846 1.38919
2.80074 1.07510
3.50697 7.19035
0.78217 4.93844
1.25148 7.90151
0.43578 4.98097
7.36404 3.12585
1.95630 0.41582
1.33566 6.87139
3.61089 4.79181
2.24951 9.74370
2.46265 3.15204
4.52826 3.93635
0.98481 0.17365
1.38932 1.43868
1.63392 2.51601
4.75528 1.54508
3.81247 5.87069
9.81627 1.90809
0.06976 0.99756
0.58474 1.91261
3.00908 3.99318
0.69725 7.96956
2.64960 4.24024
9.13545 4.06737
0.08726 4.99924
1.53209 1.28558
2.32937 8.69333
0.90798 1.78201
0.55127 1.92252
1.38919 7.87846
8.19152 5.73576
3.70874 1.49843
3.87848 6.99696
2.95442 0.52094
0.97437 0.22495
1.09504 6.91382
5.75472 5.55727
2.39414 6.57785
4.59241 5.28297
2.62424 3.01884
3.00908 3.99318
0.24374 1.98509
2.19406 2.04600
9.20505 3.90731
1.63392 2.51601
3.92651 0.76324
2.62386 1.45443
0.62717 5.96713
6.99574 0.24430
1.99513 0.13951
2.82843 2.82843
4.72806 3.69397
4.80631 1.37819
0.55805 7.98051
3.12585 7.36404
0.83623 7.95618
4.60252 1.95366
0.58779 0.80902
8.82948 4.69472
1.50942 1.31212
6.96165 0.73170
1.57602 1.23132
5.55727 5.75472
1.94874 0.44990
0.58474 1.91261
0.83623 7.95618
0.69725 7.96956
1.50942 1.31212
0.78440 8.96575
0.50000 0.86603
5.29007 7.28115
6.79239 5.90453
1.45538 6.84703
2.89778 0.77646
4.40524 5.44002
0.41869 7.98904
2.93011 8.50967
4.04508 2.93893
0.13962 7.99878
2.44042 5.48127
0.77646 2.89778
3.94534 8.08915
0.52992 0.84805
3.83022 3.21394
8.88920 1.40791
2.89778 0.77646
7.19340 6.94658
6.36396 6.36396
2.17730 8.73266
7.94037 0.97495
3.63192 7.12805
3.86370 1.03528
4.96273 0.60935
1.98054 0.27835
1.43347 3.73432
1.21869 9.92546
1.92252 0.55127
1.99513 0.13951
8.97808 0.62781
5.00000 8.66025
0.05236 2.99954
3.88573 3.14660
3.06860 6.29156
2.73512 6.44353
2.86891 0.87712
0.83165 3.91259
5.90453 6.79239
3.80356 8.15677
6.96165 0.73170
6.58218 6.13799
0.52293 5.97717
8.91241 1.25256
1.66329 7.82518
2.41922 9.70296
2.46265 3.15204
1.61803 1.17557
7.51754 2.73616
2.97080 0.41752
7.54804 4.90175
0.83623 7.95618
6.47214 4.70228
6.61863 2.27898
3.88573 3.14660
1.45153 5.82177
3.12585 7.36404
1.23607 3.80423
4.45887 4.01478
1.57602 1.23132
0.43578 4.98097
0.41869 7.98904
1.63392 2.51601
1.88796 2.33144
1.73648 9.84808
1.30227 3.78207
5.98538 0.41854
1.14715 1.63830
3.14660 3.88573
0.29237 0.95630
5.03538 4.86261
4.85410 3.52671
6.55322 4.58861
6.94658 7.19340
4.01478 4.45887
1.34971 5.84622
0.03490 0.99939
1.99513 0.13951
3.07831 3.94005
0.12217 6.99893
3.47329 3.59670
6.76148 1.81173
1.12382 2.78155
6.00017 3.60527
3.58368 9.33580
1.16949 3.82522
2.27898 6.61863
5.41634 7.18772
8.93292 1.09682
0.96769 3.88118
7.99878 0.13962
4.56773 2.03368
4.50000 7.79423
1.99513 0.13951
1.90809 9.81627
0.75471 0.65606
3.56403 1.81596
5.56310 2.24764
7.99878 0.13962
5.99634 0.20940
0.62932 0.77715
8.82948 4.69472
0.60935 4.96273
2.94488 0.57243
1.85410 5.70634
4.90175 7.54804
9.45519 3.25568
1.89104 0.65114
2.62386 1.45443
1.54508 4.75528
7.99513 0.27920
4.92529 6.30409
4.50000 7.79423
8.91007 4.53990
0.31359 2.98357
2.07912 9.78148
0.69756 9.97564
1.67758 2.48711
7.54804 4.90175
0.62932 0.77715
2.50858 6.53506
0.61009 6.97336
0.87674 1.79759
1.04528 9.94522
1.92252 0.55127
1.94059 0.48384
7.37237 5.16219
5.14300 3.09023
0.17431 1.99239
8.38671 5.44639
0.06976 0.99756
0.34899 9.99391
9.33580 3.58368
7.06358 3.75577
0.43578 4.98097
8.91007 4.53990
1.38919 7.87846
4.52826 3.93635
0.97815 0.20791
6.65740 2.16312
8.55951 2.78115
0.36561 2.97764
3.82522 1.16949
5.67311 1.95341
0.71934 0.69466
1.62695 3.65418
3.53179 1.87789
1.76336 2.42705
3.50000 6.06218
1.38919 7.87846
8.22191 3.66063
1.81596 3.56403
4.38812 4.09199
4.92529 6.30409
0.13960 3.99756
6.94782 0.85309
5.90453 6.79239
2.93011 8.50967
1.81262 0.84524
6.76148 1.81173
4.22524 7.94653
2.17856 3.35468
1.74924 0.96962
1.37819 4.80631
8.01906 4.08591
3.92651 0.76324
6.94782 0.85309
4.69472 8.82948
4.77399 5.11948
8.99863 0.15707
1.20363 1.59727
6.82059 1.57466
0.62717 5.96713
2.73512 6.44353
3.91435 5.80326
1.34971 5.84622
8.99452 0.31410
4.19335 2.72320
5.82177 1.45153
3.50697 7.19035
1.36197 2.67302
1.36400 1.46271
1.90809 9.81627
6.06218 3.50000
5.36231 4.49951
0.54464 0.83867
0.08716 0.99619
5.65685 5.65685
4.58861 6.55322
1.45443 2.62386
0.15707 8.99863
8.83464 1.71728
2.86788 4.09576
0.06981 3.99939
6.49029 2.62225
4.14519 2.79596
5.59193 8.29038
7.07107 7.07107
0.64279 0.76604
2.51601 1.63392
2.16312 6.65740
5.19615 3.00000
2.94488 0.57243
4.06737 9.13545
6.61863 2.27898
3.97809 0.41811
6.21717 5.03456
5.73576 8.19152
1.57466 6.82059
2.33897 7.65044
1.69345 6.79207
0.99027 0.13917
0.97495 7.94037
0.34202 0.93969
3.17793 6.23705
7.37237 5.16219
9.81627 1.90809
8.09017 5.87785
2.85317 0.92705
1.94874 0.44990
1.98054 0.27835
6.84703 1.45538
2.32937 8.69333
6.06218 3.50000
8.60674 2.63135
3.38095 7.25046
6.92820 4.00000
0.41854 5.98538
6.18063 3.28630
7.82518 1.66329
0.78146 1.84101
1.85410 5.70634
7.98636 6.01815
0.86603 0.50000
5.76757 1.65382
6.18063 3.28630
1.85410 5.70634
3.31615 2.23677
3.84505 1.10255
0.68404 1.87939
3.97018 0.48748
1.57602 1.23132
1.87789 3.53179
4.95134 0.69587
3.86370 1.03528
5.03456 6.21717
3.37146 8.34465
1.66329 7.82518
0.37461 0.92718
1.17557 1.61803
2.02456 8.76933
7.54804 4.90175
2.47214 7.60845
1.24747 5.86889
0.93358 0.35837
0.31410 8.99452
2.72394 5.34604
4.70228 6.47214
4.30963 5.51608
5.51608 4.30963
0.77646 2.89778
0.92718 0.37461
5.92613 0.93861
2.72394 5.34604
3.92651 0.76324
2.34439 5.52303
1.62695 3.65418
0.98481 0.17365
1.23132 1.57602
3.56403 1.81596
0.98481 0.17365
2.71892 1.26785
6.89440 5.78509
1.62784 4.72759
5.95528 0.73122
2.29431 3.27661
7.43145 6.69131
8.57167 5.15038
3.80356 8.15677
6.61863 2.27898
1.92946 6.72883
1.73648 9.84808
4.68391 5.20201
8.98794 4.38371
0.71934 0.69466
6.42788 7.66044
6.25193 6.47406
6.98295 0.48830
3.44146 4.91491
5.92613 0.93861
0.78146 1.84101
2.76151 1.17219
0.87462 0.48481
4.84810 8.74620
1.09682 8.93292
6.72883 1.92946
3.58368 9.33580
1.56292 3.68202
6.03768 5.24847
0.31287 1.97538
2.15802 2.08398
8.57167 5.15038
2.79596 4.14519
9.27184 3.74607
0.96962 1.74924
3.50000 6.06218
2.26413 1.96818
0.29237 0.95630
0.75471 0.65606
2.63135 8.60674
3.09017 9.51057
1.98904 0.20906
2.48711 1.67758
1.11839 1.65808
7.71451 4.63534
0.93861 5.92613
3.46410 2.00000
3.37146 8.34465
1.40791 8.88920
1.43868 1.38932
1.12476 4.87185
0.32557 0.94552
1.29410 4.82963
9.84808 1.73648
5.51608 4.30963
5.67311 1.95341
1.33826 1.48629
1.58976 2.54414
2.64884 1.40841
6.34415 2.95833
7.07107 7.07107
0.94076 8.95070
8.40222 3.22531
3.91259 0.83165
2.33897 7.65044
0.52264 4.97261
2.84716 6.39482
2.72320 4.19335
1.99513 0.13951
1.72073 2.45746
4.72759 1.62784
8.28454 3.51658
4.45503 2.26995
6.97336 0.61009
4.96273 0.60935
4.35711 6.70936
3.17793 6.23705
2.91089 0.72577
7.96956 0.69725
0.20906 1.98904
0.55669 3.96107
2.17856 3.35468
2.29813 1.92836
6.06218 3.50000
6.34415 2.95833
6.18063 3.28630
0.15643 0.98769
0.69756 9.97564
5.60148 2.15021
0.57243 2.94488
5.41634 7.18772
4.12030 6.85734
3.46410 2.00000
7.54804 4.90175
3.21394 3.83022
1.36400 1.46271
3.94005 3.07831
0.52336 9.98630
0.70711 0.70711
1.85437 0.74921
6.87139 1.33566
6.81998 7.31354
4.85148 1.20961
2.51728 3.10858
1.14715 1.63830
4.35711 6.70936
2.92311 0.67485
7.31354 6.81998
2.97080 0.41752
5.80326 3.91435
7.25046 3.38095
0.51764 1.93185
0.32557 0.94552
3.46410 2.00000
6.87139 1.33566
2.64884 1.40841
5.14230 6.12836
1.14485 5.88976
0.69756 9.97564
1.56283 8.86327
6.58218 6.13799
1.96325 0.38162
0.82904 0.55919
1.93538 7.76237
7.87846 1.38919
5.63816 2.05212
1.75348 3.59518
2.86694 7.46864
2.04600 2.19406
0.87156 9.96195
2.84716 6.39482
9.87688 1.56434
3.96107 0.55669
7.92214 1.11338
5.35304 5.94516
0.82904 0.55919
8.98767 0.47102
3.77355 3.28030
0.41582 1.95630
2.15021 5.60148
1.92836 2.29813
2.26995 4.45503
1.95630 0.41582
8.86327 1.56283
3.99452 0.20934
3.99026 0.27903
2.72394 5.34604
0.82904 0.55919
0.26147 2.98858
6.82059 1.57466
4.82963 1.29410
4.00000 6.92820
4.72806 3.69397
7.43145 6.69131
1.33826 1.48629
2.99954 0.05236
7.31354 6.81998
2.87736 2.77863
7.85302 1.52647
4.92529 6.30409
1.38932 1.43868
2.41922 9.70296
2.57150 1.54511
2.11309 4.53154
4.85410 3.52671
1.99878 0.06980
9.70296 2.41922
0.99756 0.06976
1.02606 2.81908
8.82948 4.69472
4.36329 7.87158
0.93861 5.92613
0.68404 1.87939
0.69725 7.96956
5.63816 2.05212
2.92311 0.67485
0.48481 0.87462
3.10858 2.51728
5.90885 1.04189
0.98481 0.17365
1.71010 4.69846
2.03368 4.56773
8.38671 5.44639
3.47329 3.59670
4.77399 5.11948
0.15707 8.99863
0.13962 7.99878
0.99255 0.12187
2.29431 3.27661
4.04508 2.93893
0.41869 7.98904
3.34565 3.71572
4.63534 7.71451
5.14230 6.12836
0.90631 0.42262
0.83623 7.95618
3.65418 1.62695
1.29410 4.82963
5.90453 6.79239
1.91261 0.58474
6.02218 6.68830
7.19340 6.94658
0.20791 0.97815
4.22524 7.94653
0.61803 1.90211
4.85410 3.52671
6.58218 6.13799
1.12382 2.78155
0.92050 0.39073
0.55805 7.98051
5.99634 0.20940
0.13962 7.99878
8.82948 4.69472
8.65136 2.48074
6.58218 6.13799
5.43785 2.53571
3.53179 1.87789
2.11968 3.39219
0.77715 0.62932
3.85673 4.59627
5.73576 8.19152
9.84808 1.73648
1.75348 3.59518
7.63243 4.76927
6.13799 6.58218
3.70874 1.49843
1.99239 0.17431
3.97809 0.41811
0.10470 2.99817
1.25256 8.91241
1.57466 6.82059
2.19186 4.49397
6.58218 6.13799
2.04660 6.69413
0.24192 0.97030
3.39367 6.12234
0.97815 0.20791
8.93292 1.09682
0.95404 4.90814
2.57150 1.54511
0.12217 6.99893
7.19340 6.94658
3.49848 1.93924
3.07818 8.45723
1.93538 7.76237
1.78201 0.90798
4.59241 5.28297
6.63230 4.47354
2.32937 8.69333
0.77646 2.89778
2.47214 7.60845
0.20791 0.97815
4.24024 2.64960
3.17952 5.08829
2.57115 3.06418
3.01884 2.62424
3.80423 1.23607
5.84622 1.34971
1.05984 1.69610
2.84716 6.39482
1.97538 0.31287
1.38932 1.43868
0.92705 2.85317
1.09504 6.91382
0.73170 6.96165
3.06860 6.29156
0.31287 1.97538
8.57167 5.15038
1.94874 0.44990
7.95618 0.83623
6.65740 2.16312
0.65606 0.75471
3.14660 3.88573
7.12805 3.63192
7.96956 0.69725
0.78440 8.96575
9.98630 0.52336
3.70874 1.49843
0.43578 4.98097
4.12030 6.85734
1.46271 1.36400
2.62386 1.45443
0.94076 8.95070
1.56283 8.86327
0.71674 1.86716
2.99954 0.05236
8.15677 3.80356
4.19335 2.72320
5.63816 2.05212
9.33580 3.58368
7.87846 1.38919
0.51504 0.85717
0.81347 1.82709
3.19454 2.40726
3.39219 2.11968
8.98794 4.38371
7.12805 3.63192
4.99315 0.26168
4.53154 2.11309
5.66312 4.11450
0.17452 9.99848
1.28558 1.53209
7.98904 0.41869
8.86327 1.56283
1.87121 8.80333
6.53506 2.50858
0.31359 2.98357
3.97018 0.48748
0.03490 1.99970
5.80326 3.91435
1.40791 8.88920
1.36400 1.46271
1.54511 2.57150
0.85717 0.51504
1.11839 1.65808
0.24192 0.97030
2.83656 0.97670
3.73432 1.43347
5.03456 6.21717
2.99269 0.20927
1.09504 6.91382
4.92529 6.30409
4.98782 0.34878
6.79239 5.90453
5.94516 5.35304
1.75348 3.59518
3.73432 1.43347
2.41922 9.70296
0.96962 1.74924
1.55291 5.79555
5.59193 8.29038
5.03538 4.86261
6.34415 2.95833
2.19406 2.04600
4.00000 6.92820
6.06218 3.50000
4.81452 6.38908
1.80545 2.39591
2.17856 3.35468
2.75637 9.61262
0.03490 1.99970
0.88295 0.46947
8.73266 2.17730
4.23935 6.78438
2.84716 6.39482
2.99589 0.15701
0.17365 0.98481
0.34202 0.93969
1.76590 0.93894
1.03008 1.71433
1.90211 0.61803
0.58474 1.91261
3.19454 2.40726
4.01478 4.45887
6.36396 6.36396
2.64960 4.24024
1.28558 1.53209
0.37461 0.92718
7.51754 2.73616
3.07818 8.45723
5.00000 8.66025
7.07107 7.07107
2.92372 9.56305
0.06980 1.99878
1.97538 0.31287
0.95106 0.30902
0.62932 0.77715
4.89074 1.03956
0.10453 0.99452
2.45746 1.72073
9.27184 3.74607
1.79184 4.66790
3.85673 4.59627
0.58779 0.80902
1.69610 1.05984
1.67758 2.48711
1.95630 0.41582
4.01504 5.73406
7.06358 3.75577
1.09682 8.93292
5.97717 0.52293
0.86603 0.50000
7.37237 5.16219
6.23705 3.17793
3.75877 1.36808
1.62784 4.72759
1.96962 0.34730
2.00000 3.46410
8.40222 3.22531
1.53209 1.28558
6.61863 2.27898
0.76324 3.92651
3.80356 8.15677
3.74607 9.27184
1.69345 6.79207
4.53990 8.91007
3.97809 0.41811
3.71572 3.34565
1.75423 5.73783
0.13960 3.99756
9.13545 4.06737
4.06737 9.13545
4.11450 5.66312
1.25864 1.55429
1.11338 7.92214
5.99634 0.20940
0.55919 0.82904
1.96325 0.38162
1.99726 0.10467
0.24192 0.97030
0.85309 6.94782
0.06980 1.99878
