323.1486
379.9504
286.1826
450.8093
379.0136
90.0278
258.2596
135.5581
332.3402
307.0798
301.2408
173.4157
261.9594
26.1446
180.2700
393.7321
166.3641
63.5019
224.4371
225.7522
131.6435
394.6451
248.8117
155.7981
119.5533
326.8608
189.8474
9.7696
55.5379
328.3474
78.7386
139.5170
127.8954
184.3529
6.7191
151.4987
389.3995
153.8473
110.3540
288.2013
152.8735
46.3187
190.1578
328.4768
369.3571
169.2926
224.1807
2.1252
167.0928
153.9458
224.0194
129.4297
171.4934
98.7517
175.1738
170.1405
85.1488
216.9101
124.6635
394.9688
237.4228
296.9057
6.9914
102.2898
100.7224
70.3628
30.4795
73.8241
330.7748
34.2664
125.3555
24.9046
11.2838
295.8338
120.8680
299.7749
62.1765
206.2280
429.0809
185.8489
138.3980
357.3514
204.2988
351.6888
111.5712
200.8250
108.9280
120.3866
157.0350
346.7939
168.1815
262.0916
177.8803
90.6091
127.3645
133.6899
11.3870
175.3449
248.6288
194.2970
