262.0534
142.6885
114.4353
275.7861
222.3083
325.5764
183.6137
205.8470
45.0999
219.8295
284.2816
247.9456
139.5314
152.0033
146.8945
332.1830
173.3544
306.2189
25.9516
240.2082
234.0684
260.5559
182.1757
151.4629
114.5469
174.7741
105.6749
319.5074
144.6927
85.4225
318.3341
75.6032
251.6817
292.9334
209.5819
71.6198
95.0837
296.1520
56.4924
77.1622
266.0019
59.8164
144.3367
143.0559
193.1560
27.2397
176.1022
128.7051
153.9466
114.8416
284.0929
40.1708
143.3712
1.7278
228.1308
96.9682
172.0378
360.8393
264.3947
186.1182
147.3635
163.7681
210.0857
317.2081
218.6221
188.1701
185.8261
164.7056
168.9083
140.0714
207.3137
52.0130
381.9075
128.9729
88.6024
69.8127
127.3499
52.4023
86.2938
15.2120
122.4296
141.6272
77.5242
263.5717
240.1874
467.2098
139.0432
337.6996
117.6920
76.0315
49.6488
26.6016
339.7841
82.7393
7.3113
341.1566
5.8400
274.4037
99.0051
287.0418
256.6320
11.4393
312.6947
170.2465
347.7485
140.1196
161.0937
333.0748
186.0108
17.7200
102.0833
277.8829
207.4825
1.8139
294.9610
211.7326
138.0606
63.1981
180.3358
344.0610
358.6447
14.1761
3.9192
183.7308
367.7464
107.6408
114.9232
69.7219
82.6075
45.9680
488.2632
362.7921
11.2749
223.2054
134.6143
79.8903
291.4550
118.2286
82.3486
161.7714
155.5024
233.7392
124.4267
209.3847
203.7073
393.9607
54.1295
96.8762
363.6619
92.8002
254.0177
209.4684
231.8469
173.8764
135.1481
69.2026
177.0466
0.0154
283.0442
376.0424
174.7226
124.7758
70.0286
121.0152
93.1789
89.8888
49.2443
225.5349
220.9072
118.8697
85.1227
182.8770
233.5744
376.1825
152.2958
164.2268
52.3655
27.4449
329.9894
207.5314
57.6494
19.3259
212.8336
144.9586
11.9426
282.8462
211.6034
103.5488
142.1395
297.3785
44.3533
120.6192
242.6211
234.7871
248.6966
323.4471
376.0558
276.5100
258.6426
114.0382
335.3759
170.0471
423.6603
149.2211
206.5152
187.5367
306.2553
226.2742
120.7043
426.5567
24.0832
287.2709
180.9144
349.2494
119.5408
284.6840
345.4750
9.0767
157.0032
122.0303
33.0151
231.5302
105.3945
82.1933
127.6289
59.4398
118.8276
165.3421
282.7667
239.0084
306.7429
413.4667
290.6696
137.9381
257.6238
261.0019
179.3587
1.9360
68.5420
132.9292
309.5884
296.0769
37.1759
100.6628
181.4663
38.5464
55.0985
116.0036
1.1177
111.5740
153.3786
24.5153
111.0856
159.6653
134.0367
203.2142
64.0207
196.0140
431.4186
194.2627
153.6519
389.4320
146.1095
284.1250
65.8332
124.7750
182.9153
109.0413
235.4761
254.2137
126.2537
175.6502
79.8311
292.0081
340.7668
302.1076
33.7006
172.1354
248.8964
102.7278
184.0093
334.5878
262.3376
189.6734
176.7784
205.1828
74.2765
85.0706
189.3621
67.8222
27.5786
392.2270
54.6015
460.1358
387.9096
152.0132
391.4294
158.9277
299.2407
39.8525
97.6524
239.8626
133.4166
62.8640
213.9741
99.8924
329.7307
111.1113
142.7067
139.0863
166.2489
88.6397
311.0145
82.0061
118.2286
90.0324
177.1570
294.8664
217.5891
236.0464
389.5959
24.6188
52.0000
342.3588
251.1434
324.8551
386.1632
3.3462
272.3601
211.9174
181.9111
257.2814
30.4901
30.4138
236.1038
33.1424
181.7471
80.4550
142.1375
114.7709
260.6140
210.0700
380.5220
90.0832
8.2377
121.1652
112.0714
261.5588
40.6079
339.0649
286.4277
134.0933
321.9720
160.4649
274.0164
162.7436
181.0690
81.4703
205.9951
36.6715
299.5413
151.5867
49.1254
270.6012
174.0571
124.7878
282.8887
218.4290
50.1426
159.9625
427.3410
95.2611
142.7060
325.1615
172.2953
201.9524
340.5877
181.2883
91.9348
351.2791
218.8744
221.7444
211.6289
4.2782
125.6742
175.4795
254.9264
204.3526
24.8838
102.8251
35.0947
408.1826
295.6112
51.6414
138.6115
86.1256
99.8248
256.0312
86.4696
0.1167
152.5549
17.7200
159.7655
207.9192
57.0000
274.2353
241.5057
201.8885
133.3642
237.4000
97.0464
302.3243
265.1211
88.8222
12.3412
338.3890
174.1321
304.6851
248.9851
221.0543
406.0899
8.7409
14.5134
194.8256
166.8113
348.8338
261.7040
184.7354
216.2799
144.1804
51.6236
93.2952
117.1537
272.1507
330.8791
65.7984
64.8734
145.3952
279.3296
161.3792
9.2429
70.0643
138.8128
161.6168
294.8528
214.2825
35.2278
63.8144
435.1071
65.9069
139.4740
122.4296
240.3518
284.6076
87.0976
315.2183
28.4070
218.9034
407.3959
227.0352
322.0662
158.2000
290.1465
80.4413
117.5657
154.6254
120.0708
124.2509
257.5731
235.3475
318.0267
299.6493
106.6197
319.7390
370.5142
41.9934
40.5077
174.1422
230.1215
297.0269
329.0858
51.2250
143.9618
135.5655
211.2196
238.1893
444.7637
32.3019
357.6646
78.9288
351.6020
328.9146
131.4876
161.1288
143.4015
171.5424
177.7892
65.0135
155.1013
280.4767
