46.9104
288.1961
306.5844
847.0301
99.7230
542.8051
805.4626
361.4485
634.5471
188.0957
208.1749
88.8144
681.2694
367.0817
374.0681
14.5158
103.1432
288.3149
489.3312
488.1475
676.8229
270.7871
487.5409
457.2231
436.1112
558.0332
479.1059
437.1947
317.9560
207.0304
193.6921
417.2673
148.6607
247.8539
524.6441
192.0833
491.7367
303.2095
294.7483
559.2155
3.0391
157.7625
84.8392
732.9024
31.3090
384.0469
716.4426
983.9721
308.3586
267.1348
517.1005
163.6826
460.4042
278.6485
154.9839
301.3939
372.9370
245.8559
334.6120
38.3423
184.7124
247.3479
236.0381
381.9093
90.5539
543.6111
80.8722
626.4264
308.9741
35.0925
314.8158
360.2846
272.6557
170.0745
533.1149
402.1235
668.6446
451.4532
368.0955
300.4472
231.1572
709.8908
240.8695
528.8076
667.3417
339.8250
461.9617
123.2308
202.0404
548.5700
452.7792
248.8504
199.9725
367.4499
316.7602
61.5224
169.0693
191.7581
142.3411
475.2844
643.7601
723.1355
326.0552
478.8084
638.0025
153.7161
334.8922
589.1859
371.6517
127.6504
293.0614
20.8581
198.4969
539.1030
268.4617
355.4490
773.8747
283.6237
229.6105
237.4216
527.2356
132.8802
2.6234
6.5680
163.4436
207.0990
157.0350
446.0325
745.8268
431.8300
528.6899
497.0601
275.9370
645.5889
228.5542
546.3643
160.2560
491.3044
414.9594
573.4961
698.3237
304.0016
516.4117
518.8805
654.1384
150.1535
279.7419
76.2020
487.7677
104.9042
470.7536
414.1819
323.1873
616.5894
449.7322
317.7184
155.3698
246.0996
235.4761
777.9794
96.5401
366.9605
436.0800
731.4626
97.5426
120.3079
99.0404
71.1597
548.2089
365.5188
225.7512
451.7167
665.8003
260.4323
212.3444
479.2677
356.6090
517.2175
419.9155
640.5728
210.4186
279.4697
666.3910
1139.2493
608.5701
143.7241
181.3974
404.2821
794.7385
455.8465
500.7285
358.3347
543.4888
357.0994
440.7357
351.7172
165.4872
444.3949
64.0312
356.6020
13.5429
693.0527
449.6721
406.0788
487.7544
225.2288
215.3668
792.3661
133.1302
154.9681
87.8237
559.7857
596.8534
175.4109
182.0357
235.8908
356.6553
152.7438
394.7551
531.1798
479.3882
46.0109
499.3572
109.6176
66.6108
438.5898
703.6327
746.7617
393.0000
645.9141
322.8109
507.8937
105.4908
276.8804
237.0917
90.7051
144.0143
361.9351
164.7938
269.8553
117.8721
387.4580
107.9453
311.5847
302.0265
231.5429
411.1119
342.6500
400.1925
595.4511
355.6398
210.9445
252.7687
113.3434
335.9356
333.1548
620.7906
497.2927
471.3102
35.8469
549.1929
247.3493
565.2210
573.6378
6.7082
496.4062
115.0156
128.9961
144.8275
146.1540
268.6950
480.3925
168.8076
103.3550
187.7472
610.2934
380.7887
272.8421
113.1371
194.0644
82.3683
741.0921
279.9589
345.6487
75.6637
270.5572
229.0262
176.5033
282.1938
475.6606
126.3354
368.7221
336.4976
178.9063
396.0114
142.6079
656.9482
184.8080
178.8918
85.0083
49.9906
595.1420
112.9690
341.7163
522.9197
128.9761
80.2247
472.1624
675.0081
285.5679
519.7772
324.3763
655.5563
304.7044
335.2924
384.6622
490.5527
38.1085
261.7939
349.0057
4.1535
382.4265
272.3417
299.9865
537.5821
400.7439
218.0875
1005.1247
458.6996
170.4352
656.8446
337.9127
754.5131
436.9531
215.8449
422.5571
43.4694
326.1829
717.3935
84.9058
45.6070
688.8788
480.6256
137.8731
325.0415
749.3491
292.9846
73.5511
603.4807
131.8846
723.3030
249.0181
213.3398
492.6601
169.3280
360.3471
691.0347
172.6094
59.0235
535.0009
483.7623
730.8960
80.8737
261.4804
139.9612
88.5580
732.7080
537.8875
737.0563
650.8483
483.3534
719.5450
632.1550
103.9199
289.2273
249.6057
554.5827
285.0439
397.4079
559.4506
309.8969
753.1507
333.6360
409.0293
329.2294
366.4832
111.0904
219.1461
257.7014
315.3222
603.2454
260.8234
681.6685
296.8797
397.3718
471.8851
539.3561
277.3322
331.0808
602.5828
504.6999
488.8286
102.1078
949.2038
757.0575
421.2137
242.2437
96.8648
189.5750
151.9327
228.8965
117.6789
202.1934
476.8406
22.0765
83.7087
149.7862
838.2673
136.5151
453.2824
273.0601
700.2194
330.4573
412.2257
419.7281
35.3936
610.9607
249.3731
713.6309
53.6437
514.5397
49.1854
907.8331
232.6929
597.4692
249.8121
347.1167
597.0812
244.3809
99.4430
394.5681
649.5268
298.0419
370.9976
283.5348
411.1180
282.9543
124.7300
91.7606
294.2505
205.3412
656.2469
315.0761
572.6893
472.0011
615.9270
49.0855
273.3587
207.7003
966.6871
126.8227
332.1234
103.9423
457.7084
224.8777
297.1259
56.6112
247.7781
363.4350
92.1954
115.6244
96.3474
394.7417
221.8468
242.9156
519.9042
231.7801
140.8687
433.2066
447.4874
189.2829
135.6486
264.7674
297.3214
36.9735
197.0779
38.8213
26.4197
388.7046
92.0280
721.4415
475.5466
86.0905
481.2744
303.2828
26.3242
307.3321
140.0036
362.7795
223.8910
403.6506
215.8331
252.2114
113.5694
113.9142
105.7518
1.9799
113.8557
890.5741
192.7823
540.5155
274.8036
102.3691
997.6297
782.6159
246.6171
69.8281
600.9670
135.1506
159.6653
241.0125
130.8904
91.1973
66.5786
204.9780
890.0927
208.6971
146.7106
480.1042
222.6499
548.0298
279.7320
473.4908
212.7817
647.4954
724.1119
567.0035
420.7434
457.5784
648.0031
509.1732
781.2823
93.0484
173.1704
147.1462
197.1218
232.5618
308.3261
183.6137
35.7094
495.6652
213.0634
43.5660
749.5539
678.7238
225.5406
189.4518
656.6594
77.2787
214.2844
185.4366
202.1024
274.5906
191.9714
302.2995
160.1890
151.2873
43.3701
524.6046
353.9619
520.3151
237.7604
653.4830
312.7228
454.0176
321.1230
666.9015
500.8922
505.5452
239.6058
213.5884
257.0502
78.0129
146.9737
634.0670
428.0046
371.3812
598.2281
481.3948
378.0358
257.0859
644.8705
391.0818
78.3135
777.2384
390.6328
160.2566
624.4016
551.4408
101.9804
167.4483
531.0942
212.4484
264.6216
726.0110
135.0592
461.6503
396.9736
207.0000
610.5233
742.5261
123.4342
532.7410
11.1618
251.5909
108.1444
223.1111
413.0194
383.6781
550.2579
406.3213
759.2009
539.1892
295.9409
742.6876
304.1989
71.6938
65.8273
416.8610
255.9104
252.9750
479.7704
180.1178
12.2205
7.3068
290.7387
118.8486
322.4531
43.2033
278.3613
582.4543
183.1241
519.6162
466.0869
138.0874
17.0756
370.2648
879.8278
439.9749
684.5531
75.2312
640.3444
475.6081
224.5136
469.3657
404.2499
541.8377
642.6052
255.5563
164.7786
794.8063
394.0876
123.8199
417.5548
215.0469
169.5535
355.2756
495.1818
732.5446
335.4296
489.2954
257.2021
251.5884
100.0201
322.3196
498.1285
127.8124
318.6754
148.0738
577.5647
316.9874
581.4233
147.8716
460.4009
383.2936
285.8652
761.6627
65.8971
201.7647
175.3625
175.6282
110.3676
97.6217
295.0340
982.6627
355.2264
615.3373
850.6586
22.2780
192.0265
187.4166
150.4161
425.4380
318.0572
603.2686
478.6742
365.9781
106.8316
339.2713
484.7885
450.6539
222.5353
277.4416
283.5436
618.1875
162.5208
566.8056
607.5131
146.4548
106.8925
624.2884
660.2884
260.0516
142.6219
353.1147
701.9345
792.1976
8.7361
302.9257
350.8609
88.8052
239.1887
439.0467
141.9021
481.2151
253.8700
234.8659
603.3448
200.2823
547.8339
757.0165
97.0936
632.7725
544.6394
81.1520
122.5398
279.7231
293.5524
497.9809
222.9910
317.0142
153.4654
438.6938
70.1468
295.5757
621.9336
291.5287
212.1160
551.2397
236.1279
783.2305
590.1195
79.0329
777.2593
291.5117
385.9833
605.8259
493.8178
806.8135
406.2032
457.0651
712.8113
507.9340
661.0484
558.1765
201.7117
204.0245
75.5844
171.3482
343.5768
179.7592
499.5874
197.5245
525.5188
372.7740
130.2306
339.9499
450.0000
422.8537
473.5990
229.4275
234.5262
274.7756
545.3288
344.1885
400.1688
603.9909
493.4065
262.2813
130.1812
92.3580
36.4992
389.0116
496.7613
182.4608
288.4979
68.2422
177.7438
459.0454
161.1366
450.8703
627.2623
60.7289
287.9861
17.5723
734.7507
152.6299
13.4089
109.9187
124.9520
620.5038
72.5328
153.6815
212.2639
402.2002
224.1314
820.2689
114.2716
115.0391
287.8042
350.0357
106.2309
493.9737
570.5094
223.5733
243.1872
245.0631
642.2087
621.0348
83.6552
776.4181
146.4059
93.6483
337.2899
719.8557
477.6659
350.6833
571.3717
219.8227
403.6087
547.1639
279.2168
349.3670
158.8584
106.3325
446.5893
319.0000
18.5114
345.2340
768.6254
431.1960
614.9154
245.0510
533.1904
707.9675
43.6834
520.8724
288.9006
291.3829
43.2674
434.3681
161.6075
294.5675
333.0886
59.4702
250.7449
473.3082
126.1467
269.4179
556.9246
10.8349
217.3684
2.0580
440.3237
486.9517
610.3810
916.8959
326.4613
267.4431
557.3240
190.8743
535.9086
492.0498
211.9077
753.7599
376.8607
278.0357
200.8532
620.5973
165.0884
414.1292
453.4135
463.0302
374.6171
403.9666
795.1365
726.9422
29.1146
504.9059
142.5335
182.2709
467.4035
59.3970
376.9334
500.5457
346.1849
57.1410
194.7349
642.7394
1010.8931
257.7751
286.4839
194.2611
69.7624
469.8862
652.5018
274.4886
736.0333
156.7227
92.2768
192.0339
314.1274
244.1361
432.1342
89.2861
695.2318
721.1338
218.7624
200.4445
273.7396
375.7910
330.6394
470.8455
199.4242
241.9919
452.0368
84.4229
230.7661
93.6104
109.5590
564.5348
112.7972
116.0327
185.0561
141.5287
730.1815
381.3388
586.3890
327.5149
80.9226
808.8869
234.3416
438.7995
342.9869
349.8071
183.4394
599.1594
209.9220
136.6667
452.9099
16.0446
438.4119
96.5095
515.4916
170.9343
678.5669
357.0383
87.3579
402.1965
112.2425
289.6897
86.0563
623.4356
493.5838
348.8037
490.5795
148.7788
229.0762
626.1797
277.3366
578.2474
578.4410
312.6109
261.7250
798.7438
400.6557
59.0085
308.2742
247.7357
235.0915
