72.7805
726.8294
245.3263
425.8227
17.8799
117.3882
80.0562
405.6107
313.3145
409.6647
578.4574
198.4836
609.2959
778.7252
53.6004
254.8038
614.7760
350.9591
136.8972
76.9220
479.5153
62.1095
370.1959
127.0195
492.8713
915.1568
550.2045
187.5367
424.4311
369.7783
371.7546
189.1203
92.1954
10.7489
487.1232
315.9220
595.0370
215.3903
535.0492
108.5613
149.6964
454.0705
90.3446
225.2221
178.9665
550.1782
430.2860
657.0308
52.0165
546.7863
639.6594
147.3246
782.3816
29.1548
255.2817
643.0070
599.0392
109.4075
259.3603
553.7180
239.7186
596.8990
151.2220
418.3838
28.5609
847.8768
577.2088
291.4615
333.8442
277.6730
346.9243
158.5990
190.5361
566.4142
498.5169
198.6454
548.9426
370.9367
248.7838
735.6535
399.8192
512.5076
361.9724
639.3653
142.1423
432.9215
318.3080
264.1371
267.8657
211.5490
275.6592
393.2353
507.6811
32.0156
744.4421
726.7991
523.3297
113.2637
38.9994
47.9124
102.2833
143.5444
1.7248
642.5730
313.8232
630.3566
289.3083
515.8865
469.2558
615.3522
394.7083
384.2610
389.9758
296.6795
705.9186
391.8906
564.4941
558.4344
319.8828
625.9119
113.1737
307.4297
252.7726
403.9513
387.8273
199.4242
555.8174
551.0699
457.8775
262.4968
520.9017
419.0313
56.5862
48.2708
143.2867
86.5563
742.1947
190.7891
178.6238
2.9791
412.8002
295.3524
425.0000
168.7192
317.4555
477.7533
178.3732
271.6130
271.0018
310.4400
659.0182
529.3752
290.3087
291.6316
367.6960
233.4294
331.4891
462.1935
268.7843
417.6338
280.7699
693.8018
231.8792
48.2431
310.0734
786.7125
507.7715
401.1546
174.2696
742.2676
512.8583
103.7682
557.9185
219.0023
269.4624
618.0914
344.4400
21.0219
382.1060
821.1529
314.6323
199.1231
36.0555
163.9294
589.4073
211.4261
41.2402
515.1718
434.2591
206.3020
225.6413
742.4507
214.6572
387.7385
245.1164
829.1924
356.5011
67.2159
359.5768
361.3710
276.6847
12.3024
484.5142
496.8420
200.8631
772.0258
119.2518
409.6486
283.8635
243.9611
144.5856
482.0342
102.5914
401.8347
167.2958
607.0132
167.4929
487.0092
598.6755
439.9213
364.4077
318.0142
620.1609
320.7558
658.2000
145.0965
196.5960
113.3796
471.4446
437.7561
540.2083
296.7673
626.6179
259.0027
134.6291
245.9431
731.2550
654.9267
266.9082
115.9834
249.2637
249.0984
583.3052
299.1889
32.6500
377.8922
478.5960
282.4520
340.6407
442.6387
102.6499
473.0204
7.7633
28.1939
407.1154
397.9602
312.8658
240.6987
333.7933
334.5519
20.4618
375.7621
233.4027
136.8471
240.6035
401.7009
677.5751
747.1096
271.2656
159.0468
130.0500
497.6947
360.7991
181.0249
400.8734
385.2752
829.1978
498.3890
500.8446
52.7695
650.3369
311.0323
277.3049
338.1580
753.1321
518.1168
376.5913
994.9884
567.3555
92.0531
419.1145
800.9051
210.5594
495.0475
578.7413
706.6612
233.6193
688.3117
36.3484
177.2131
241.6278
748.8044
348.3265
97.5295
2.7581
570.0865
658.4401
311.6809
157.4341
221.7855
430.0849
259.2670
235.2756
242.7127
672.0789
439.7693
204.1666
700.8745
500.3770
816.3902
359.2548
362.9703
958.7368
286.1783
281.7836
94.7629
471.7499
422.6228
199.5292
293.4706
833.0115
108.7566
116.6619
68.0292
302.3987
393.3573
500.8992
313.4737
385.3894
329.9071
883.7336
171.1179
407.0012
300.3055
404.5454
836.8019
34.4019
269.0019
337.3716
172.7426
225.8584
429.0571
510.2205
43.2321
489.3261
311.1929
654.6633
551.9139
300.7997
114.7545
85.7263
530.8890
100.7224
199.7422
456.2072
315.3660
419.0134
385.2085
742.0815
99.5693
272.1983
575.0243
594.5549
430.7105
170.4259
82.3094
751.2628
426.3889
489.4930
130.6124
446.5624
385.4059
309.9952
102.5351
171.7682
575.6057
199.1607
415.1581
596.6381
523.2717
67.9605
469.9928
608.8800
414.4020
483.2598
460.1947
450.6395
388.4149
650.7068
354.9535
275.1745
434.9540
427.4354
701.6103
109.6038
241.4664
395.7183
105.8748
511.0338
162.0864
563.6426
70.7641
38.4001
475.2912
519.9769
207.8846
4.0859
644.6930
634.1963
534.1769
168.3152
360.9358
564.8442
155.6181
290.8144
764.3005
653.2419
290.3412
241.1327
558.4237
417.5817
178.0449
61.6896
273.9987
278.7705
584.4714
653.5552
71.7008
810.3899
433.5206
425.1706
560.3293
227.7938
307.2519
138.2932
215.3179
98.1502
142.1912
644.8205
791.8856
227.1436
411.6722
311.4482
145.0414
13.0958
9.1857
487.6105
373.6054
298.8786
441.6175
203.6800
308.6457
3.6104
587.5189
337.4430
435.6387
282.6440
232.0022
435.6890
360.7215
574.8099
418.0920
407.2960
55.5966
188.8544
112.5389
409.0293
822.6493
80.2682
234.6167
85.1691
603.3059
720.5067
220.0291
308.7918
456.0838
234.9179
375.5861
493.5278
298.4292
566.3965
567.3738
34.3192
283.8879
316.0000
194.0773
255.4760
306.2750
565.7650
542.1371
416.9149
101.3458
233.1738
598.5881
162.0031
188.9019
370.0137
33.0505
443.9279
420.6531
458.1179
204.5748
32.8299
165.6050
272.5087
515.5386
427.1397
268.7936
162.5272
197.3377
460.9252
253.8720
108.0926
316.9006
219.2578
167.4306
797.5318
275.5358
440.5962
490.2499
846.1407
5.0194
31.2573
32.8938
265.8759
314.9937
394.5491
776.3614
222.8655
418.4662
588.3281
11.1476
645.7445
234.5400
533.7678
13.8125
87.6208
303.1996
89.4539
15.1845
18.3340
232.7230
26.0428
156.2050
569.2800
98.6753
411.6017
581.8677
588.1513
85.5862
208.3555
139.9428
198.8064
339.9247
nan
577.7330
236.0763
410.6209
204.4742
467.4024
495.9486
220.2272
353.0273
687.4707
169.6275
426.4240
57.7662
306.3234
25.8680
227.6639
9.2467
144.3676
444.0023
455.2262
560.2901
627.9403
588.0034
499.2194
25.1414
317.8003
139.6424
235.9873
581.8900
314.0334
195.7473
118.4532
367.8831
264.8018
913.7389
640.4100
649.6307
342.7915
383.7822
439.9970
2.6370
753.4610
248.9870
294.8033
537.4430
756.7206
448.4022
920.0701
309.3297
827.9541
668.2253
568.4804
283.9243
84.1152
459.1685
163.2187
315.4838
439.6021
275.1091
259.3711
705.8977
125.3148
210.2610
177.4063
77.7946
793.6900
326.0339
637.0181
62.2974
6.4356
25.0799
780.0782
450.4686
359.3466
8.6421
707.7994
633.1353
501.1207
412.7302
765.0235
318.6168
317.3107
452.5229
653.3483
208.7415
513.2767
651.8189
137.8709
294.9020
230.6014
316.3219
488.7310
471.2961
264.0170
329.9606
167.4044
108.2491
601.6062
332.4732
348.4724
231.1926
570.9475
355.4856
108.7060
461.6917
72.8623
198.7083
353.3652
208.5412
83.5284
287.8368
198.7083
22.5876
624.9240
481.9448
351.7456
545.7744
308.7799
139.1294
436.0688
328.7881
644.4730
377.7248
126.6570
307.2344
819.0543
842.2713
193.7710
59.3014
663.7492
338.0089
412.7687
554.5350
606.1991
385.5631
570.8117
395.4795
600.5539
221.2548
725.0937
254.0964
805.6829
606.4792
317.8883
340.8827
167.3605
134.4240
134.3503
324.0424
100.0310
329.1997
146.7106
107.6476
32.0624
569.4295
233.2595
209.7737
591.8116
449.9289
68.9122
264.5940
118.8722
204.8042
188.1755
194.0310
94.7938
376.9204
58.5175
325.3460
289.0429
358.9967
662.5074
75.4610
12.4821
196.8295
406.1736
549.4816
7.9222
443.2334
405.6168
112.4640
225.8871
876.6658
286.5722
223.6515
58.8917
27.0000
476.9796
71.3442
338.0015
48.7647
635.2952
234.3814
524.5274
700.1204
769.5115
262.6880
650.6835
500.2733
205.2350
307.8474
469.3527
378.9797
454.0540
553.8682
671.7447
530.0169
515.4028
131.7649
489.6948
191.3827
78.6348
142.5832
796.3181
384.8805
27.8927
612.6573
167.8929
810.9937
840.8525
597.0226
570.8689
100.2247
358.9387
148.0946
109.4820
527.5955
279.5583
284.2040
513.1712
149.0670
656.9550
213.8232
17.2800
402.1228
578.2750
305.2750
392.0580
208.1293
282.9364
633.2851
84.4856
110.0636
323.4912
488.0164
447.5020
481.4245
165.0606
664.8308
421.8827
66.1425
284.9298
467.6859
718.7600
266.5427
497.1479
208.9765
241.6192
162.6221
510.4743
355.9284
191.0986
781.7746
560.2865
251.5187
815.5021
353.8997
355.1787
172.5341
40.1259
815.6776
135.2968
390.1500
95.3415
825.5768
246.9867
251.2409
330.8989
70.7529
471.3491
155.6043
261.5453
63.6373
508.6370
196.6581
153.1263
306.6679
327.6660
912.5076
203.6659
349.6069
532.0642
60.1475
722.7171
100.9901
691.0029
400.0000
679.3292
375.0697
483.2181
690.0268
62.3939
466.6549
667.7043
117.5225
199.9111
565.6324
1.2067
239.6539
876.9863
242.8374
773.0356
551.8415
106.1508
323.4506
385.3255
390.4666
893.1545
500.4418
671.1947
261.0479
247.0746
335.8869
77.3322
189.3539
808.4599
640.1444
545.2982
480.7546
156.4864
360.3998
202.2523
196.3241
305.2472
736.5657
4.7916
474.4818
178.4657
679.6212
139.4453
490.8055
264.5402
444.6268
332.0542
241.8347
108.5772
157.5817
229.2895
242.3324
378.3557
150.0133
468.1047
780.1442
259.3555
650.4284
60.4716
184.0543
522.8049
387.4906
977.6277
88.2553
625.3199
306.9544
55.8008
77.2056
194.9897
108.7191
12.7455
64.5684
571.7561
475.2659
185.8076
694.3493
156.4609
193.2071
278.7920
382.0939
282.4128
308.9165
283.5242
715.9246
38.3072
185.7058
121.3342
436.2396
226.7665
354.7819
437.5351
359.9389
373.0214
302.8876
207.4938
842.3588
97.0824
309.6853
426.5589
200.9975
7.1478
184.7647
637.5665
671.4775
639.7007
342.4455
45.1295
256.7586
288.1401
280.4614
288.3006
658.1261
604.7057
323.1099
306.5642
674.3590
95.5285
612.9217
785.9593
447.5727
354.1214
533.4054
385.0110
421.0158
278.1888
347.1095
447.2695
576.1476
498.7063
529.2948
385.7836
148.6124
105.4219
228.8777
471.8400
383.6029
22.5587
243.6555
30.4138
