   .
  /|
 / |
/__|
    .
   /|
  / |
 /  |
/___|
          .
         /|
        / |
       /  |
      /   |
     /    |
    /     |
   /      |
  /       |
 /        |
/_________|
      .
     /|
    / |
   /  |
  /   |
 /    |
/_____|
           .
          /|
         / |
        /  |
       /   |
      /    |
     /     |
    /      |
   /       |
  /        |
 /         |
/__________|
        .
       /|
      / |
     /  |
    /   |
   /    |
  /     |
 /      |
/_______|
          .
         /|
        / |
       /  |
      /   |
     /    |
    /     |
   /      |
  /       |
 /        |
/_________|
           .
          /|
         / |
        /  |
       /   |
      /    |
     /     |
    /      |
   /       |
  /        |
 /         |
/__________|
         .
        /|
       / |
      /  |
     /   |
    /    |
   /     |
  /      |
 /       |
/________|
        .
       /|
      / |
     /  |
    /   |
   /    |
  /     |
 /      |
/_______|
