              .
             /|
            / |
           /  |
          /   |
         /    |
        /     |
       /      |
      /       |
     /        |
    /         |
   /          |
  /           |
 /            |
/_____________|
     .
    /|
   / |
  /  |
 /   |
/____|
      .
     /|
    / |
   /  |
  /   |
 /    |
/_____|
                  .
                 /|
                / |
               /  |
              /   |
             /    |
            /     |
           /      |
          /       |
         /        |
        /         |
       /          |
      /           |
     /            |
    /             |
   /              |
  /               |
 /                |
/_________________|
                  .
                 /|
                / |
               /  |
              /   |
             /    |
            /     |
           /      |
          /       |
         /        |
        /         |
       /          |
      /           |
     /            |
    /             |
   /              |
  /               |
 /                |
/_________________|
   .
  /|
 / |
/__|
       .
      /|
     / |
    /  |
   /   |
  /    |
 /     |
/______|
          .
         /|
        / |
       /  |
      /   |
     /    |
    /     |
   /      |
  /       |
 /        |
/_________|
                  .
                 /|
                / |
               /  |
              /   |
             /    |
            /     |
           /      |
          /       |
         /        |
        /         |
       /          |
      /           |
     /            |
    /             |
   /              |
  /               |
 /                |
/_________________|
         .
        /|
       / |
      /  |
     /   |
    /    |
   /     |
  /      |
 /       |
/________|
          .
         /|
        / |
       /  |
      /   |
     /    |
    /     |
   /      |
  /       |
 /        |
/_________|
           .
          /|
         / |
        /  |
       /   |
      /    |
     /     |
    /      |
   /       |
  /        |
 /         |
/__________|
              .
             /|
            / |
           /  |
          /   |
         /    |
        /     |
       /      |
      /       |
     /        |
    /         |
   /          |
  /           |
 /            |
/_____________|
            .
           /|
          / |
         /  |
        /   |
       /    |
      /     |
     /      |
    /       |
   /        |
  /         |
 /          |
/___________|
                    .
                   /|
                  / |
                 /  |
                /   |
               /    |
              /     |
             /      |
            /       |
           /        |
          /         |
         /          |
        /           |
       /            |
      /             |
     /              |
    /               |
   /                |
  /                 |
 /                  |
/___________________|
             .
            /|
           / |
          /  |
         /   |
        /    |
       /     |
      /      |
     /       |
    /        |
   /         |
  /          |
 /           |
/____________|
            .
           /|
          / |
         /  |
        /   |
       /    |
      /     |
     /      |
    /       |
   /        |
  /         |
 /          |
/___________|
             .
            /|
           / |
          /  |
         /   |
        /    |
       /     |
      /      |
     /       |
    /        |
   /         |
  /          |
 /           |
/____________|
                    .
                   /|
                  / |
                 /  |
                /   |
               /    |
              /     |
             /      |
            /       |
           /        |
          /         |
         /          |
        /           |
       /            |
      /             |
     /              |
    /               |
   /                |
  /                 |
 /                  |
/___________________|
    .
   /|
  / |
 /  |
/___|
