            .
           /|
          / |
         /  |
        /   |
       /    |
      /     |
     /      |
    /       |
   /        |
  /         |
 /          |
/___________|
        .
       /|
      / |
     /  |
    /   |
   /    |
  /     |
 /      |
/_______|
        .
       /|
      / |
     /  |
    /   |
   /    |
  /     |
 /      |
/_______|
       .
      /|
     / |
    /  |
   /   |
  /    |
 /     |
/______|
                    .
                   /|
                  / |
                 /  |
                /   |
               /    |
              /     |
             /      |
            /       |
           /        |
          /         |
         /          |
        /           |
       /            |
      /             |
     /              |
    /               |
   /                |
  /                 |
 /                  |
/___________________|
                        .
                       /|
                      / |
                     /  |
                    /   |
                   /    |
                  /     |
                 /      |
                /       |
               /        |
              /         |
             /          |
            /           |
           /            |
          /             |
         /              |
        /               |
       /                |
      /                 |
     /                  |
    /                   |
   /                    |
  /                     |
 /                      |
/_______________________|
                                 .
                                /|
                               / |
                              /  |
                             /   |
                            /    |
                           /     |
                          /      |
                         /       |
                        /        |
                       /         |
                      /          |
                     /           |
                    /            |
                   /             |
                  /              |
                 /               |
                /                |
               /                 |
              /                  |
             /                   |
            /                    |
           /                     |
          /                      |
         /                       |
        /                        |
       /                         |
      /                          |
     /                           |
    /                            |
   /                             |
  /                              |
 /                               |
/________________________________|
                 .
                /|
               / |
              /  |
             /   |
            /    |
           /     |
          /      |
         /       |
        /        |
       /         |
      /          |
     /           |
    /            |
   /             |
  /              |
 /               |
/________________|
                       .
                      /|
                     / |
                    /  |
                   /   |
                  /    |
                 /     |
                /      |
               /       |
              /        |
             /         |
            /          |
           /           |
          /            |
         /             |
        /              |
       /               |
      /                |
     /                 |
    /                  |
   /                   |
  /                    |
 /                     |
/______________________|
                  .
                 /|
                / |
               /  |
              /   |
             /    |
            /     |
           /      |
          /       |
         /        |
        /         |
       /          |
      /           |
     /            |
    /             |
   /              |
  /               |
 /                |
/_________________|
                                 .
                                /|
                               / |
                              /  |
                             /   |
                            /    |
                           /     |
                          /      |
                         /       |
                        /        |
                       /         |
                      /          |
                     /           |
                    /            |
                   /             |
                  /              |
                 /               |
                /                |
               /                 |
              /                  |
             /                   |
            /                    |
           /                     |
          /                      |
         /                       |
        /                        |
       /                         |
      /                          |
     /                           |
    /                            |
   /                             |
  /                              |
 /                               |
/________________________________|
                                       .
                                      /|
                                     / |
                                    /  |
                                   /   |
                                  /    |
                                 /     |
                                /      |
                               /       |
                              /        |
                             /         |
                            /          |
                           /           |
                          /            |
                         /             |
                        /              |
                       /               |
                      /                |
                     /                 |
                    /                  |
                   /                   |
                  /                    |
                 /                     |
                /                      |
               /                       |
              /                        |
             /                         |
            /                          |
           /                           |
          /                            |
         /                             |
        /                              |
       /                               |
      /                                |
     /                                 |
    /                                  |
   /                                   |
  /                                    |
 /                                     |
/______________________________________|
             .
            /|
           / |
          /  |
         /   |
        /    |
       /     |
      /      |
     /       |
    /        |
   /         |
  /          |
 /           |
/____________|
     .
    /|
   / |
  /  |
 /   |
/____|
                                  .
                                 /|
                                / |
                               /  |
                              /   |
                             /    |
                            /     |
                           /      |
                          /       |
                         /        |
                        /         |
                       /          |
                      /           |
                     /            |
                    /             |
                   /              |
                  /               |
                 /                |
                /                 |
               /                  |
              /                   |
             /                    |
            /                     |
           /                      |
          /                       |
         /                        |
        /                         |
       /                          |
      /                           |
     /                            |
    /                             |
   /                              |
  /                               |
 /                                |
/_________________________________|
                                  .
                                 /|
                                / |
                               /  |
                              /   |
                             /    |
                            /     |
                           /      |
                          /       |
                         /        |
                        /         |
                       /          |
                      /           |
                     /            |
                    /             |
                   /              |
                  /               |
                 /                |
                /                 |
               /                  |
              /                   |
             /                    |
            /                     |
           /                      |
          /                       |
         /                        |
        /                         |
       /                          |
      /                           |
     /                            |
    /                             |
   /                              |
  /                               |
 /                                |
/_________________________________|
      .
     /|
    / |
   /  |
  /   |
 /    |
/_____|
                                         .
                                        /|
                                       / |
                                      /  |
                                     /   |
                                    /    |
                                   /     |
                                  /      |
                                 /       |
                                /        |
                               /         |
                              /          |
                             /           |
                            /            |
                           /             |
                          /              |
                         /               |
                        /                |
                       /                 |
                      /                  |
                     /                   |
                    /                    |
                   /                     |
                  /                      |
                 /                       |
                /                        |
               /                         |
              /                          |
             /                           |
            /                            |
           /                             |
          /                              |
         /                               |
        /                                |
       /                                 |
      /                                  |
     /                                   |
    /                                    |
   /                                     |
  /                                      |
 /                                       |
/________________________________________|
                                        .
                                       /|
                                      / |
                                     /  |
                                    /   |
                                   /    |
                                  /     |
                                 /      |
                                /       |
                               /        |
                              /         |
                             /          |
                            /           |
                           /            |
                          /             |
                         /              |
                        /               |
                       /                |
                      /                 |
                     /                  |
                    /                   |
                   /                    |
                  /                     |
                 /                      |
                /                       |
               /                        |
              /                         |
             /                          |
            /                           |
           /                            |
          /                             |
         /                              |
        /                               |
       /                                |
      /                                 |
     /                                  |
    /                                   |
   /                                    |
  /                                     |
 /                                      |
/_______________________________________|
                        .
                       /|
                      / |
                     /  |
                    /   |
                   /    |
                  /     |
                 /      |
                /       |
               /        |
              /         |
             /          |
            /           |
           /            |
          /             |
         /              |
        /               |
       /                |
      /                 |
     /                  |
    /                   |
   /                    |
  /                     |
 /                      |
/_______________________|
                      .
                     /|
                    / |
                   /  |
                  /   |
                 /    |
                /     |
               /      |
              /       |
             /        |
            /         |
           /          |
          /           |
         /            |
        /             |
       /              |
      /               |
     /                |
    /                 |
   /                  |
  /                   |
 /                    |
/_____________________|
                      .
                     /|
                    / |
                   /  |
                  /   |
                 /    |
                /     |
               /      |
              /       |
             /        |
            /         |
           /          |
          /           |
         /            |
        /             |
       /              |
      /               |
     /                |
    /                 |
   /                  |
  /                   |
 /                    |
/_____________________|
                      .
                     /|
                    / |
                   /  |
                  /   |
                 /    |
                /     |
               /      |
              /       |
             /        |
            /         |
           /          |
          /           |
         /            |
        /             |
       /              |
      /               |
     /                |
    /                 |
   /                  |
  /                   |
 /                    |
/_____________________|
                        .
                       /|
                      / |
                     /  |
                    /   |
                   /    |
                  /     |
                 /      |
                /       |
               /        |
              /         |
             /          |
            /           |
           /            |
          /             |
         /              |
        /               |
       /                |
      /                 |
     /                  |
    /                   |
   /                    |
  /                     |
 /                      |
/_______________________|
           .
          /|
         / |
        /  |
       /   |
      /    |
     /     |
    /      |
   /       |
  /        |
 /         |
/__________|
                              .
                             /|
                            / |
                           /  |
                          /   |
                         /    |
                        /     |
                       /      |
                      /       |
                     /        |
                    /         |
                   /          |
                  /           |
                 /            |
                /             |
               /              |
              /               |
             /                |
            /                 |
           /                  |
          /                   |
         /                    |
        /                     |
       /                      |
      /                       |
     /                        |
    /                         |
   /                          |
  /                           |
 /                            |
/_____________________________|
                               .
                              /|
                             / |
                            /  |
                           /   |
                          /    |
                         /     |
                        /      |
                       /       |
                      /        |
                     /         |
                    /          |
                   /           |
                  /            |
                 /             |
                /              |
               /               |
              /                |
             /                 |
            /                  |
           /                   |
          /                    |
         /                     |
        /                      |
       /                       |
      /                        |
     /                         |
    /                          |
   /                           |
  /                            |
 /                             |
/______________________________|
                     .
                    /|
                   / |
                  /  |
                 /   |
                /    |
               /     |
              /      |
             /       |
            /        |
           /         |
          /          |
         /           |
        /            |
       /             |
      /              |
     /               |
    /                |
   /                 |
  /                  |
 /                   |
/____________________|
              .
             /|
            / |
           /  |
          /   |
         /    |
        /     |
       /      |
      /       |
     /        |
    /         |
   /          |
  /           |
 /            |
/_____________|
                      .
                     /|
                    / |
                   /  |
                  /   |
                 /    |
                /     |
               /      |
              /       |
             /        |
            /         |
           /          |
          /           |
         /            |
        /             |
       /              |
      /               |
     /                |
    /                 |
   /                  |
  /                   |
 /                    |
/_____________________|
                .
               /|
              / |
             /  |
            /   |
           /    |
          /     |
         /      |
        /       |
       /        |
      /         |
     /          |
    /           |
   /            |
  /             |
 /              |
/_______________|
                               .
                              /|
                             / |
                            /  |
                           /   |
                          /    |
                         /     |
                        /      |
                       /       |
                      /        |
                     /         |
                    /          |
                   /           |
                  /            |
                 /             |
                /              |
               /               |
              /                |
             /                 |
            /                  |
           /                   |
          /                    |
         /                     |
        /                      |
       /                       |
      /                        |
     /                         |
    /                          |
   /                           |
  /                            |
 /                             |
/______________________________|
                                        .
                                       /|
                                      / |
                                     /  |
                                    /   |
                                   /    |
                                  /     |
                                 /      |
                                /       |
                               /        |
                              /         |
                             /          |
                            /           |
                           /            |
                          /             |
                         /              |
                        /               |
                       /                |
                      /                 |
                     /                  |
                    /                   |
                   /                    |
                  /                     |
                 /                      |
                /                       |
               /                        |
              /                         |
             /                          |
            /                           |
           /                            |
          /                             |
         /                              |
        /                               |
       /                                |
      /                                 |
     /                                  |
    /                                   |
   /                                    |
  /                                     |
 /                                      |
/_______________________________________|
                                .
                               /|
                              / |
                             /  |
                            /   |
                           /    |
                          /     |
                         /      |
                        /       |
                       /        |
                      /         |
                     /          |
                    /           |
                   /            |
                  /             |
                 /              |
                /               |
               /                |
              /                 |
             /                  |
            /                   |
           /                    |
          /                     |
         /                      |
        /                       |
       /                        |
      /                         |
     /                          |
    /                           |
   /                            |
  /                             |
 /                              |
/_______________________________|
                                    .
                                   /|
                                  / |
                                 /  |
                                /   |
                               /    |
                              /     |
                             /      |
                            /       |
                           /        |
                          /         |
                         /          |
                        /           |
                       /            |
                      /             |
                     /              |
                    /               |
                   /                |
                  /                 |
                 /                  |
                /                   |
               /                    |
              /                     |
             /                      |
            /                       |
           /                        |
          /                         |
         /                          |
        /                           |
       /                            |
      /                             |
     /                              |
    /                               |
   /                                |
  /                                 |
 /                                  |
/___________________________________|
      .
     /|
    / |
   /  |
  /   |
 /    |
/_____|
                                        .
                                       /|
                                      / |
                                     /  |
                                    /   |
                                   /    |
                                  /     |
                                 /      |
                                /       |
                               /        |
                              /         |
                             /          |
                            /           |
                           /            |
                          /             |
                         /              |
                        /               |
                       /                |
                      /                 |
                     /                  |
                    /                   |
                   /                    |
                  /                     |
                 /                      |
                /                       |
               /                        |
              /                         |
             /                          |
            /                           |
           /                            |
          /                             |
         /                              |
        /                               |
       /                                |
      /                                 |
     /                                  |
    /                                   |
   /                                    |
  /                                     |
 /                                      |
/_______________________________________|
             .
            /|
           / |
          /  |
         /   |
        /    |
       /     |
      /      |
     /       |
    /        |
   /         |
  /          |
 /           |
/____________|
                       .
                      /|
                     / |
                    /  |
                   /   |
                  /    |
                 /     |
                /      |
               /       |
              /        |
             /         |
            /          |
           /           |
          /            |
         /             |
        /              |
       /               |
      /                |
     /                 |
    /                  |
   /                   |
  /                    |
 /                     |
/______________________|
                                        .
                                       /|
                                      / |
                                     /  |
                                    /   |
                                   /    |
                                  /     |
                                 /      |
                                /       |
                               /        |
                              /         |
                             /          |
                            /           |
                           /            |
                          /             |
                         /              |
                        /               |
                       /                |
                      /                 |
                     /                  |
                    /                   |
                   /                    |
                  /                     |
                 /                      |
                /                       |
               /                        |
              /                         |
             /                          |
            /                           |
           /                            |
          /                             |
         /                              |
        /                               |
       /                                |
      /                                 |
     /                                  |
    /                                   |
   /                                    |
  /                                     |
 /                                      |
/_______________________________________|
