             .
            /|
           / |
          /  |
         /   |
        /    |
       /     |
      /      |
     /       |
    /        |
   /         |
  /          |
 /           |
/____________|
                      .
                     /|
                    / |
                   /  |
                  /   |
                 /    |
                /     |
               /      |
              /       |
             /        |
            /         |
           /          |
          /           |
         /            |
        /             |
       /              |
      /               |
     /                |
    /                 |
   /                  |
  /                   |
 /                    |
/_____________________|
                              .
                             /|
                            / |
                           /  |
                          /   |
                         /    |
                        /     |
                       /      |
                      /       |
                     /        |
                    /         |
                   /          |
                  /           |
                 /            |
                /             |
               /              |
              /               |
             /                |
            /                 |
           /                  |
          /                   |
         /                    |
        /                     |
       /                      |
      /                       |
     /                        |
    /                         |
   /                          |
  /                           |
 /                            |
/_____________________________|
                                   .
                                  /|
                                 / |
                                /  |
                               /   |
                              /    |
                             /     |
                            /      |
                           /       |
                          /        |
                         /         |
                        /          |
                       /           |
                      /            |
                     /             |
                    /              |
                   /               |
                  /                |
                 /                 |
                /                  |
               /                   |
              /                    |
             /                     |
            /                      |
           /                       |
          /                        |
         /                         |
        /                          |
       /                           |
      /                            |
     /                             |
    /                              |
   /                               |
  /                                |
 /                                 |
/__________________________________|
  .
 /|
/_|
                                                 .
                                                /|
                                               / |
                                              /  |
                                             /   |
                                            /    |
                                           /     |
                                          /      |
                                         /       |
                                        /        |
                                       /         |
                                      /          |
                                     /           |
                                    /            |
                                   /             |
                                  /              |
                                 /               |
                                /                |
                               /                 |
                              /                  |
                             /                   |
                            /                    |
                           /                     |
                          /                      |
                         /                       |
                        /                        |
                       /                         |
                      /                          |
                     /                           |
                    /                            |
                   /                             |
                  /                              |
                 /                               |
                /                                |
               /                                 |
              /                                  |
             /                                   |
            /                                    |
           /                                     |
          /                                      |
         /                                       |
        /                                        |
       /                                         |
      /                                          |
     /                                           |
    /                                            |
   /                                             |
  /                                              |
 /                                               |
/________________________________________________|
              .
             /|
            / |
           /  |
          /   |
         /    |
        /     |
       /      |
      /       |
     /        |
    /         |
   /          |
  /           |
 /            |
/_____________|
        .
       /|
      / |
     /  |
    /   |
   /    |
  /     |
 /      |
/_______|
    .
   /|
  / |
 /  |
/___|
                                             .
                                            /|
                                           / |
                                          /  |
                                         /   |
                                        /    |
                                       /     |
                                      /      |
                                     /       |
                                    /        |
                                   /         |
                                  /          |
                                 /           |
                                /            |
                               /             |
                              /              |
                             /               |
                            /                |
                           /                 |
                          /                  |
                         /                   |
                        /                    |
                       /                     |
                      /                      |
                     /                       |
                    /                        |
                   /                         |
                  /                          |
                 /                           |
                /                            |
               /                             |
              /                              |
             /                               |
            /                                |
           /                                 |
          /                                  |
         /                                   |
        /                                    |
       /                                     |
      /                                      |
     /                                       |
    /                                        |
   /                                         |
  /                                          |
 /                                           |
/____________________________________________|
                                .
                               /|
                              / |
                             /  |
                            /   |
                           /    |
                          /     |
                         /      |
                        /       |
                       /        |
                      /         |
                     /          |
                    /           |
                   /            |
                  /             |
                 /              |
                /               |
               /                |
              /                 |
             /                  |
            /                   |
           /                    |
          /                     |
         /                      |
        /                       |
       /                        |
      /                         |
     /                          |
    /                           |
   /                            |
  /                             |
 /                              |
/_______________________________|
                  .
                 /|
                / |
               /  |
              /   |
             /    |
            /     |
           /      |
          /       |
         /        |
        /         |
       /          |
      /           |
     /            |
    /             |
   /              |
  /               |
 /                |
/_________________|
                            .
                           /|
                          / |
                         /  |
                        /   |
                       /    |
                      /     |
                     /      |
                    /       |
                   /        |
                  /         |
                 /          |
                /           |
               /            |
              /             |
             /              |
            /               |
           /                |
          /                 |
         /                  |
        /                   |
       /                    |
      /                     |
     /                      |
    /                       |
   /                        |
  /                         |
 /                          |
/___________________________|
      .
     /|
    / |
   /  |
  /   |
 /    |
/_____|
            .
           /|
          / |
         /  |
        /   |
       /    |
      /     |
     /      |
    /       |
   /        |
  /         |
 /          |
/___________|
                                               .
                                              /|
                                             / |
                                            /  |
                                           /   |
                                          /    |
                                         /     |
                                        /      |
                                       /       |
                                      /        |
                                     /         |
                                    /          |
                                   /           |
                                  /            |
                                 /             |
                                /              |
                               /               |
                              /                |
                             /                 |
                            /                  |
                           /                   |
                          /                    |
                         /                     |
                        /                      |
                       /                       |
                      /                        |
                     /                         |
                    /                          |
                   /                           |
                  /                            |
                 /                             |
                /                              |
               /                               |
              /                                |
             /                                 |
            /                                  |
           /                                   |
          /                                    |
         /                                     |
        /                                      |
       /                                       |
      /                                        |
     /                                         |
    /                                          |
   /                                           |
  /                                            |
 /                                             |
/______________________________________________|
            .
           /|
          / |
         /  |
        /   |
       /    |
      /     |
     /      |
    /       |
   /        |
  /         |
 /          |
/___________|
                          .
                         /|
                        / |
                       /  |
                      /   |
                     /    |
                    /     |
                   /      |
                  /       |
                 /        |
                /         |
               /          |
              /           |
             /            |
            /             |
           /              |
          /               |
         /                |
        /                 |
       /                  |
      /                   |
     /                    |
    /                     |
   /                      |
  /                       |
 /                        |
/_________________________|
                                                .
                                               /|
                                              / |
                                             /  |
                                            /   |
                                           /    |
                                          /     |
                                         /      |
                                        /       |
                                       /        |
                                      /         |
                                     /          |
                                    /           |
                                   /            |
                                  /             |
                                 /              |
                                /               |
                               /                |
                              /                 |
                             /                  |
                            /                   |
                           /                    |
                          /                     |
                         /                      |
                        /                       |
                       /                        |
                      /                         |
                     /                          |
                    /                           |
                   /                            |
                  /                             |
                 /                              |
                /                               |
               /                                |
              /                                 |
             /                                  |
            /                                   |
           /                                    |
          /                                     |
         /                                      |
        /                                       |
       /                                        |
      /                                         |
     /                                          |
    /                                           |
   /                                            |
  /                                             |
 /                                              |
/_______________________________________________|
    .
   /|
  / |
 /  |
/___|
                    .
                   /|
                  / |
                 /  |
                /   |
               /    |
              /     |
             /      |
            /       |
           /        |
          /         |
         /          |
        /           |
       /            |
      /             |
     /              |
    /               |
   /                |
  /                 |
 /                  |
/___________________|
                                            .
                                           /|
                                          / |
                                         /  |
                                        /   |
                                       /    |
                                      /     |
                                     /      |
                                    /       |
                                   /        |
                                  /         |
                                 /          |
                                /           |
                               /            |
                              /             |
                             /              |
                            /               |
                           /                |
                          /                 |
                         /                  |
                        /                   |
                       /                    |
                      /                     |
                     /                      |
                    /                       |
                   /                        |
                  /                         |
                 /                          |
                /                           |
               /                            |
              /                             |
             /                              |
            /                               |
           /                                |
          /                                 |
         /                                  |
        /                                   |
       /                                    |
      /                                     |
     /                                      |
    /                                       |
   /                                        |
  /                                         |
 /                                          |
/___________________________________________|
                                             .
                                            /|
                                           / |
                                          /  |
                                         /   |
                                        /    |
                                       /     |
                                      /      |
                                     /       |
                                    /        |
                                   /         |
                                  /          |
                                 /           |
                                /            |
                               /             |
                              /              |
                             /               |
                            /                |
                           /                 |
                          /                  |
                         /                   |
                        /                    |
                       /                     |
                      /                      |
                     /                       |
                    /                        |
                   /                         |
                  /                          |
                 /                           |
                /                            |
               /                             |
              /                              |
             /                               |
            /                                |
           /                                 |
          /                                  |
         /                                   |
        /                                    |
       /                                     |
      /                                      |
     /                                       |
    /                                        |
   /                                         |
  /                                          |
 /                                           |
/____________________________________________|
                 .
                /|
               / |
              /  |
             /   |
            /    |
           /     |
          /      |
         /       |
        /        |
       /         |
      /          |
     /           |
    /            |
   /             |
  /              |
 /               |
/________________|
             .
            /|
           / |
          /  |
         /   |
        /    |
       /     |
      /      |
     /       |
    /        |
   /         |
  /          |
 /           |
/____________|
                                                .
                                               /|
                                              / |
                                             /  |
                                            /   |
                                           /    |
                                          /     |
                                         /      |
                                        /       |
                                       /        |
                                      /         |
                                     /          |
                                    /           |
                                   /            |
                                  /             |
                                 /              |
                                /               |
                               /                |
                              /                 |
                             /                  |
                            /                   |
                           /                    |
                          /                     |
                         /                      |
                        /                       |
                       /                        |
                      /                         |
                     /                          |
                    /                           |
                   /                            |
                  /                             |
                 /                              |
                /                               |
               /                                |
              /                                 |
             /                                  |
            /                                   |
           /                                    |
          /                                     |
         /                                      |
        /                                       |
       /                                        |
      /                                         |
     /                                          |
    /                                           |
   /                                            |
  /                                             |
 /                                              |
/_______________________________________________|
                                           .
                                          /|
                                         / |
                                        /  |
                                       /   |
                                      /    |
                                     /     |
                                    /      |
                                   /       |
                                  /        |
                                 /         |
                                /          |
                               /           |
                              /            |
                             /             |
                            /              |
                           /               |
                          /                |
                         /                 |
                        /                  |
                       /                   |
                      /                    |
                     /                     |
                    /                      |
                   /                       |
                  /                        |
                 /                         |
                /                          |
               /                           |
              /                            |
             /                             |
            /                              |
           /                               |
          /                                |
         /                                 |
        /                                  |
       /                                   |
      /                                    |
     /                                     |
    /                                      |
   /                                       |
  /                                        |
 /                                         |
/__________________________________________|
                                          .
                                         /|
                                        / |
                                       /  |
                                      /   |
                                     /    |
                                    /     |
                                   /      |
                                  /       |
                                 /        |
                                /         |
                               /          |
                              /           |
                             /            |
                            /             |
                           /              |
                          /               |
                         /                |
                        /                 |
                       /                  |
                      /                   |
                     /                    |
                    /                     |
                   /                      |
                  /                       |
                 /                        |
                /                         |
               /                          |
              /                           |
             /                            |
            /                             |
           /                              |
          /                               |
         /                                |
        /                                 |
       /                                  |
      /                                   |
     /                                    |
    /                                     |
   /                                      |
  /                                       |
 /                                        |
/_________________________________________|
          .
         /|
        / |
       /  |
      /   |
     /    |
    /     |
   /      |
  /       |
 /        |
/_________|
                                                .
                                               /|
                                              / |
                                             /  |
                                            /   |
                                           /    |
                                          /     |
                                         /      |
                                        /       |
                                       /        |
                                      /         |
                                     /          |
                                    /           |
                                   /            |
                                  /             |
                                 /              |
                                /               |
                               /                |
                              /                 |
                             /                  |
                            /                   |
                           /                    |
                          /                     |
                         /                      |
                        /                       |
                       /                        |
                      /                         |
                     /                          |
                    /                           |
                   /                            |
                  /                             |
                 /                              |
                /                               |
               /                                |
              /                                 |
             /                                  |
            /                                   |
           /                                    |
          /                                     |
         /                                      |
        /                                       |
       /                                        |
      /                                         |
     /                                          |
    /                                           |
   /                                            |
  /                                             |
 /                                              |
/_______________________________________________|
                                        .
                                       /|
                                      / |
                                     /  |
                                    /   |
                                   /    |
                                  /     |
                                 /      |
                                /       |
                               /        |
                              /         |
                             /          |
                            /           |
                           /            |
                          /             |
                         /              |
                        /               |
                       /                |
                      /                 |
                     /                  |
                    /                   |
                   /                    |
                  /                     |
                 /                      |
                /                       |
               /                        |
              /                         |
             /                          |
            /                           |
           /                            |
          /                             |
         /                              |
        /                               |
       /                                |
      /                                 |
     /                                  |
    /                                   |
   /                                    |
  /                                     |
 /                                      |
/_______________________________________|
                                                  .
                                                 /|
                                                / |
                                               /  |
                                              /   |
                                             /    |
                                            /     |
                                           /      |
                                          /       |
                                         /        |
                                        /         |
                                       /          |
                                      /           |
                                     /            |
                                    /             |
                                   /              |
                                  /               |
                                 /                |
                                /                 |
                               /                  |
                              /                   |
                             /                    |
                            /                     |
                           /                      |
                          /                       |
                         /                        |
                        /                         |
                       /                          |
                      /                           |
                     /                            |
                    /                             |
                   /                              |
                  /                               |
                 /                                |
                /                                 |
               /                                  |
              /                                   |
             /                                    |
            /                                     |
           /                                      |
          /                                       |
         /                                        |
        /                                         |
       /                                          |
      /                                           |
     /                                            |
    /                                             |
   /                                              |
  /                                               |
 /                                                |
/_________________________________________________|
           .
          /|
         / |
        /  |
       /   |
      /    |
     /     |
    /      |
   /       |
  /        |
 /         |
/__________|
            .
           /|
          / |
         /  |
        /   |
       /    |
      /     |
     /      |
    /       |
   /        |
  /         |
 /          |
/___________|
                                               .
                                              /|
                                             / |
                                            /  |
                                           /   |
                                          /    |
                                         /     |
                                        /      |
                                       /       |
                                      /        |
                                     /         |
                                    /          |
                                   /           |
                                  /            |
                                 /             |
                                /              |
                               /               |
                              /                |
                             /                 |
                            /                  |
                           /                   |
                          /                    |
                         /                     |
                        /                      |
                       /                       |
                      /                        |
                     /                         |
                    /                          |
                   /                           |
                  /                            |
                 /                             |
                /                              |
               /                               |
              /                                |
             /                                 |
            /                                  |
           /                                   |
          /                                    |
         /                                     |
        /                                      |
       /                                       |
      /                                        |
     /                                         |
    /                                          |
   /                                           |
  /                                            |
 /                                             |
/______________________________________________|
                        .
                       /|
                      / |
                     /  |
                    /   |
                   /    |
                  /     |
                 /      |
                /       |
               /        |
              /         |
             /          |
            /           |
           /            |
          /             |
         /              |
        /               |
       /                |
      /                 |
     /                  |
    /                   |
   /                    |
  /                     |
 /                      |
/_______________________|
                     .
                    /|
                   / |
                  /  |
                 /   |
                /    |
               /     |
              /      |
             /       |
            /        |
           /         |
          /          |
         /           |
        /            |
       /             |
      /              |
     /               |
    /                |
   /                 |
  /                  |
 /                   |
/____________________|
             .
            /|
           / |
          /  |
         /   |
        /    |
       /     |
      /      |
     /       |
    /        |
   /         |
  /          |
 /           |
/____________|
                                            .
                                           /|
                                          / |
                                         /  |
                                        /   |
                                       /    |
                                      /     |
                                     /      |
                                    /       |
                                   /        |
                                  /         |
                                 /          |
                                /           |
                               /            |
                              /             |
                             /              |
                            /               |
                           /                |
                          /                 |
                         /                  |
                        /                   |
                       /                    |
                      /                     |
                     /                      |
                    /                       |
                   /                        |
                  /                         |
                 /                          |
                /                           |
               /                            |
              /                             |
             /                              |
            /                               |
           /                                |
          /                                 |
         /                                  |
        /                                   |
       /                                    |
      /                                     |
     /                                      |
    /                                       |
   /                                        |
  /                                         |
 /                                          |
/___________________________________________|
                                     .
                                    /|
                                   / |
                                  /  |
                                 /   |
                                /    |
                               /     |
                              /      |
                             /       |
                            /        |
                           /         |
                          /          |
                         /           |
                        /            |
                       /             |
                      /              |
                     /               |
                    /                |
                   /                 |
                  /                  |
                 /                   |
                /                    |
               /                     |
              /                      |
             /                       |
            /                        |
           /                         |
          /                          |
         /                           |
        /                            |
       /                             |
      /                              |
     /                               |
    /                                |
   /                                 |
  /                                  |
 /                                   |
/____________________________________|
                  .
                 /|
                / |
               /  |
              /   |
             /    |
            /     |
           /      |
          /       |
         /        |
        /         |
       /          |
      /           |
     /            |
    /             |
   /              |
  /               |
 /                |
/_________________|
                                           .
                                          /|
                                         / |
                                        /  |
                                       /   |
                                      /    |
                                     /     |
                                    /      |
                                   /       |
                                  /        |
                                 /         |
                                /          |
                               /           |
                              /            |
                             /             |
                            /              |
                           /               |
                          /                |
                         /                 |
                        /                  |
                       /                   |
                      /                    |
                     /                     |
                    /                      |
                   /                       |
                  /                        |
                 /                         |
                /                          |
               /                           |
              /                            |
             /                             |
            /                              |
           /                               |
          /                                |
         /                                 |
        /                                  |
       /                                   |
      /                                    |
     /                                     |
    /                                      |
   /                                       |
  /                                        |
 /                                         |
/__________________________________________|
     .
    /|
   / |
  /  |
 /   |
/____|
    .
   /|
  / |
 /  |
/___|
                            .
                           /|
                          / |
                         /  |
                        /   |
                       /    |
                      /     |
                     /      |
                    /       |
                   /        |
                  /         |
                 /          |
                /           |
               /            |
              /             |
             /              |
            /               |
           /                |
          /                 |
         /                  |
        /                   |
       /                    |
      /                     |
     /                      |
    /                       |
   /                        |
  /                         |
 /                          |
/___________________________|
                                           .
                                          /|
                                         / |
                                        /  |
                                       /   |
                                      /    |
                                     /     |
                                    /      |
                                   /       |
                                  /        |
                                 /         |
                                /          |
                               /           |
                              /            |
                             /             |
                            /              |
                           /               |
                          /                |
                         /                 |
                        /                  |
                       /                   |
                      /                    |
                     /                     |
                    /                      |
                   /                       |
                  /                        |
                 /                         |
                /                          |
               /                           |
              /                            |
             /                             |
            /                              |
           /                               |
          /                                |
         /                                 |
        /                                  |
       /                                   |
      /                                    |
     /                                     |
    /                                      |
   /                                       |
  /                                        |
 /                                         |
/__________________________________________|
                                        .
                                       /|
                                      / |
                                     /  |
                                    /   |
                                   /    |
                                  /     |
                                 /      |
                                /       |
                               /        |
                              /         |
                             /          |
                            /           |
                           /            |
                          /             |
                         /              |
                        /               |
                       /                |
                      /                 |
                     /                  |
                    /                   |
                   /                    |
                  /                     |
                 /                      |
                /                       |
               /                        |
              /                         |
             /                          |
            /                           |
           /                            |
          /                             |
         /                              |
        /                               |
       /                                |
      /                                 |
     /                                  |
    /                                   |
   /                                    |
  /                                     |
 /                                      |
/_______________________________________|
                                          .
                                         /|
                                        / |
                                       /  |
                                      /   |
                                     /    |
                                    /     |
                                   /      |
                                  /       |
                                 /        |
                                /         |
                               /          |
                              /           |
                             /            |
                            /             |
                           /              |
                          /               |
                         /                |
                        /                 |
                       /                  |
                      /                   |
                     /                    |
                    /                     |
                   /                      |
                  /                       |
                 /                        |
                /                         |
               /                          |
              /                           |
             /                            |
            /                             |
           /                              |
          /                               |
         /                                |
        /                                 |
       /                                  |
      /                                   |
     /                                    |
    /                                     |
   /                                      |
  /                                       |
 /                                        |
/_________________________________________|
      .
     /|
    / |
   /  |
  /   |
 /    |
/_____|
                               .
                              /|
                             / |
                            /  |
                           /   |
                          /    |
                         /     |
                        /      |
                       /       |
                      /        |
                     /         |
                    /          |
                   /           |
                  /            |
                 /             |
                /              |
               /               |
              /                |
             /                 |
            /                  |
           /                   |
          /                    |
         /                     |
        /                      |
       /                       |
      /                        |
     /                         |
    /                          |
   /                           |
  /                            |
 /                             |
/______________________________|
