.
|\
| \
|  \
|   \
|    \
|     \
|      \
|_______\
.
|\
| \
|  \
|   \
|    \
|     \
|      \
|       \
|        \
|         \
|          \
|           \
|            \
|             \
|              \
|               \
|                \
|_________________\
.
|\
| \
|__\
.
|\
| \
|  \
|___\
.
|\
| \
|  \
|   \
|    \
|     \
|      \
|       \
|        \
|         \
|          \
|           \
|            \
|             \
|              \
|               \
|________________\
.
|\
| \
|__\
.
|\
| \
|  \
|   \
|    \
|     \
|      \
|       \
|        \
|         \
|          \
|           \
|            \
|             \
|              \
|_______________\
.
|\
| \
|  \
|   \
|    \
|_____\
.
|\
| \
|  \
|   \
|    \
|     \
|      \
|       \
|        \
|         \
|          \
|           \
|            \
|             \
|              \
|               \
|                \
|                 \
|                  \
|___________________\
.
|\
| \
|  \
|   \
|    \
|     \
|      \
|       \
|        \
|         \
|          \
|           \
|            \
|_____________\
.
|\
| \
|  \
|   \
|    \
|     \
|______\
.
|\
| \
|  \
|   \
|    \
|     \
|      \
|       \
|________\
.
|\
| \
|  \
|   \
|    \
|     \
|      \
|       \
|        \
|         \
|          \
|           \
|            \
|             \
|              \
|_______________\
.
|\
| \
|  \
|   \
|    \
|     \
|      \
|       \
|        \
|         \
|          \
|___________\
.
|\
| \
|  \
|   \
|    \
|     \
|      \
|       \
|        \
|         \
|          \
|           \
|            \
|             \
|              \
|               \
|                \
|                 \
|                  \
|___________________\
.
|\
| \
|  \
|   \
|____\
.
|\
| \
|  \
|   \
|    \
|     \
|      \
|       \
|        \
|         \
|__________\
.
|\
| \
|  \
|___\
.
|\
| \
|  \
|   \
|____\
.
|\
| \
|  \
|   \
|    \
|     \
|      \
|       \
|        \
|         \
|          \
|           \
|            \
|             \
|              \
|               \
|                \
|                 \
|                  \
|___________________\
