.
|\
|_\
.
|\
| \
|  \
|   \
|    \
|     \
|      \
|       \
|        \
|         \
|          \
|           \
|            \
|             \
|              \
|               \
|                \
|_________________\
.
|\
| \
|  \
|   \
|    \
|     \
|      \
|       \
|        \
|         \
|          \
|           \
|            \
|             \
|______________\
.
|\
|_\
.
|\
| \
|  \
|   \
|    \
|     \
|      \
|       \
|        \
|         \
|          \
|           \
|            \
|             \
|              \
|               \
|                \
|                 \
|                  \
|                   \
|                    \
|                     \
|                      \
|                       \
|                        \
|                         \
|                          \
|                           \
|                            \
|_____________________________\
.
|\
| \
|  \
|   \
|    \
|     \
|      \
|       \
|        \
|         \
|          \
|           \
|            \
|             \
|              \
|               \
|                \
|                 \
|                  \
|                   \
|                    \
|                     \
|                      \
|                       \
|                        \
|                         \
|__________________________\
.
|\
| \
|  \
|   \
|    \
|     \
|      \
|       \
|        \
|         \
|          \
|           \
|            \
|             \
|              \
|               \
|                \
|                 \
|                  \
|                   \
|                    \
|                     \
|                      \
|                       \
|                        \
|                         \
|                          \
|                           \
|                            \
|                             \
|                              \
|                               \
|                                \
|                                 \
|                                  \
|                                   \
|                                    \
|                                     \
|                                      \
|                                       \
|                                        \
|                                         \
|                                          \
|                                           \
|____________________________________________\
.
|\
| \
|  \
|   \
|    \
|     \
|      \
|       \
|        \
|         \
|          \
|           \
|            \
|             \
|              \
|               \
|                \
|                 \
|                  \
|                   \
|                    \
|                     \
|                      \
|                       \
|                        \
|                         \
|                          \
|                           \
|                            \
|                             \
|                              \
|                               \
|                                \
|                                 \
|                                  \
|___________________________________\
.
|\
| \
|  \
|   \
|    \
|     \
|      \
|       \
|        \
|         \
|          \
|           \
|            \
|             \
|              \
|               \
|                \
|                 \
|                  \
|___________________\
.
|\
| \
|  \
|   \
|    \
|     \
|      \
|       \
|        \
|         \
|          \
|           \
|            \
|             \
|              \
|               \
|                \
|                 \
|                  \
|                   \
|                    \
|                     \
|                      \
|                       \
|                        \
|_________________________\
.
|\
| \
|__\
.
|\
| \
|  \
|   \
|____\
.
|\
| \
|  \
|   \
|    \
|     \
|      \
|       \
|        \
|         \
|          \
|           \
|            \
|             \
|              \
|               \
|                \
|                 \
|                  \
|                   \
|                    \
|                     \
|                      \
|                       \
|                        \
|                         \
|                          \
|                           \
|                            \
|                             \
|                              \
|                               \
|                                \
|                                 \
|__________________________________\
.
|\
| \
|  \
|   \
|    \
|     \
|      \
|       \
|        \
|         \
|          \
|           \
|____________\
.
|\
| \
|  \
|   \
|    \
|     \
|      \
|       \
|        \
|         \
|          \
|           \
|____________\
.
|\
| \
|  \
|   \
|    \
|     \
|      \
|       \
|        \
|         \
|          \
|           \
|            \
|             \
|              \
|               \
|                \
|                 \
|                  \
|                   \
|                    \
|                     \
|                      \
|                       \
|                        \
|                         \
|                          \
|                           \
|                            \
|                             \
|                              \
|                               \
|                                \
|                                 \
|                                  \
|                                   \
|                                    \
|                                     \
|                                      \
|                                       \
|                                        \
|                                         \
|                                          \
|                                           \
|                                            \
|_____________________________________________\
.
|\
| \
|  \
|   \
|____\
.
|\
| \
|  \
|   \
|    \
|     \
|      \
|       \
|        \
|         \
|          \
|           \
|            \
|_____________\
.
|\
| \
|  \
|   \
|    \
|     \
|      \
|       \
|        \
|         \
|          \
|           \
|            \
|             \
|______________\
.
|\
| \
|  \
|   \
|    \
|     \
|      \
|       \
|        \
|         \
|          \
|           \
|            \
|             \
|              \
|               \
|                \
|                 \
|                  \
|                   \
|                    \
|                     \
|                      \
|                       \
|                        \
|                         \
|                          \
|                           \
|                            \
|                             \
|                              \
|                               \
|                                \
|                                 \
|                                  \
|                                   \
|                                    \
|                                     \
|                                      \
|                                       \
|                                        \
|                                         \
|__________________________________________\
.
|\
| \
|  \
|   \
|    \
|     \
|      \
|       \
|        \
|         \
|          \
|           \
|            \
|             \
|              \
|               \
|                \
|                 \
|                  \
|                   \
|                    \
|                     \
|                      \
|                       \
|                        \
|                         \
|                          \
|                           \
|                            \
|                             \
|                              \
|                               \
|                                \
|                                 \
|                                  \
|                                   \
|                                    \
|                                     \
|                                      \
|                                       \
|                                        \
|                                         \
|__________________________________________\
.
|\
| \
|  \
|   \
|    \
|     \
|      \
|       \
|        \
|         \
|          \
|           \
|            \
|             \
|              \
|               \
|                \
|                 \
|                  \
|                   \
|                    \
|                     \
|                      \
|                       \
|                        \
|                         \
|                          \
|                           \
|                            \
|                             \
|                              \
|                               \
|                                \
|                                 \
|                                  \
|                                   \
|                                    \
|_____________________________________\
.
|\
| \
|  \
|   \
|    \
|     \
|      \
|       \
|        \
|         \
|          \
|           \
|            \
|             \
|              \
|               \
|                \
|                 \
|                  \
|                   \
|                    \
|                     \
|                      \
|                       \
|                        \
|                         \
|                          \
|                           \
|                            \
|_____________________________\
.
|\
| \
|  \
|   \
|    \
|     \
|      \
|       \
|        \
|         \
|          \
|           \
|            \
|_____________\
.
|\
| \
|  \
|   \
|    \
|     \
|      \
|       \
|        \
|         \
|          \
|           \
|            \
|             \
|              \
|               \
|                \
|                 \
|                  \
|                   \
|                    \
|                     \
|                      \
|                       \
|                        \
|                         \
|                          \
|                           \
|                            \
|                             \
|                              \
|                               \
|                                \
|                                 \
|                                  \
|                                   \
|____________________________________\
.
|\
| \
|  \
|   \
|    \
|     \
|      \
|       \
|        \
|         \
|          \
|           \
|            \
|             \
|              \
|               \
|                \
|                 \
|                  \
|                   \
|                    \
|                     \
|                      \
|                       \
|                        \
|                         \
|                          \
|                           \
|                            \
|                             \
|                              \
|                               \
|                                \
|                                 \
|                                  \
|                                   \
|                                    \
|                                     \
|                                      \
|                                       \
|                                        \
|                                         \
|                                          \
|                                           \
|____________________________________________\
.
|\
| \
|  \
|   \
|    \
|     \
|      \
|       \
|        \
|         \
|          \
|           \
|            \
|             \
|              \
|               \
|                \
|                 \
|                  \
|                   \
|                    \
|                     \
|                      \
|                       \
|                        \
|                         \
|                          \
|                           \
|                            \
|                             \
|                              \
|                               \
|                                \
|                                 \
|                                  \
|                                   \
|                                    \
|                                     \
|                                      \
|                                       \
|                                        \
|_________________________________________\
.
|\
| \
|  \
|   \
|    \
|     \
|      \
|       \
|        \
|         \
|          \
|           \
|            \
|             \
|              \
|               \
|                \
|                 \
|                  \
|                   \
|                    \
|                     \
|                      \
|                       \
|                        \
|                         \
|                          \
|                           \
|                            \
|                             \
|                              \
|                               \
|                                \
|                                 \
|                                  \
|                                   \
|____________________________________\
.
|\
| \
|  \
|   \
|    \
|     \
|      \
|       \
|        \
|         \
|          \
|           \
|            \
|             \
|              \
|               \
|                \
|                 \
|                  \
|                   \
|                    \
|                     \
|                      \
|                       \
|                        \
|                         \
|                          \
|                           \
|                            \
|                             \
|                              \
|                               \
|                                \
|                                 \
|                                  \
|                                   \
|                                    \
|                                     \
|                                      \
|                                       \
|                                        \
|                                         \
|                                          \
|                                           \
|                                            \
|                                             \
|                                              \
|                                               \
|                                                \
|_________________________________________________\
.
|\
| \
|  \
|   \
|    \
|     \
|      \
|       \
|        \
|         \
|          \
|           \
|            \
|             \
|              \
|               \
|                \
|                 \
|                  \
|                   \
|                    \
|                     \
|                      \
|                       \
|                        \
|                         \
|                          \
|                           \
|                            \
|                             \
|                              \
|                               \
|                                \
|                                 \
|                                  \
|                                   \
|                                    \
|                                     \
|                                      \
|                                       \
|                                        \
|                                         \
|                                          \
|                                           \
|                                            \
|                                             \
|                                              \
|                                               \
|________________________________________________\
