.
|\
| \
|  \
|   \
|    \
|     \
|      \
|       \
|        \
|         \
|          \
|           \
|            \
|             \
|              \
|               \
|                \
|                 \
|                  \
|                   \
|                    \
|                     \
|                      \
|                       \
|                        \
|                         \
|                          \
|                           \
|                            \
|                             \
|                              \
|                               \
|                                \
|                                 \
|                                  \
|                                   \
|                                    \
|                                     \
|                                      \
|                                       \
|                                        \
|                                         \
|                                          \
|                                           \
|____________________________________________\
.
|\
| \
|  \
|   \
|    \
|     \
|      \
|       \
|        \
|         \
|          \
|           \
|            \
|             \
|              \
|               \
|                \
|                 \
|                  \
|                   \
|                    \
|                     \
|                      \
|                       \
|                        \
|                         \
|                          \
|                           \
|                            \
|                             \
|                              \
|                               \
|                                \
|                                 \
|                                  \
|                                   \
|                                    \
|                                     \
|                                      \
|                                       \
|                                        \
|                                         \
|                                          \
|                                           \
|                                            \
|                                             \
|                                              \
|                                               \
|                                                \
|                                                 \
|                                                  \
|                                                   \
|                                                    \
|                                                     \
|                                                      \
|                                                       \
|                                                        \
|                                                         \
|                                                          \
|                                                           \
|____________________________________________________________\
.
|\
| \
|  \
|   \
|    \
|     \
|      \
|       \
|        \
|         \
|          \
|           \
|            \
|             \
|              \
|               \
|                \
|                 \
|                  \
|                   \
|                    \
|                     \
|                      \
|                       \
|                        \
|                         \
|                          \
|                           \
|                            \
|                             \
|                              \
|                               \
|                                \
|                                 \
|                                  \
|                                   \
|                                    \
|                                     \
|                                      \
|                                       \
|                                        \
|                                         \
|                                          \
|                                           \
|                                            \
|                                             \
|                                              \
|                                               \
|                                                \
|                                                 \
|                                                  \
|                                                   \
|                                                    \
|                                                     \
|                                                      \
|                                                       \
|                                                        \
|                                                         \
|                                                          \
|                                                           \
|                                                            \
|                                                             \
|                                                              \
|                                                               \
|                                                                \
|                                                                 \
|                                                                  \
|                                                                   \
|                                                                    \
|                                                                     \
|                                                                      \
|                                                                       \
|                                                                        \
|                                                                         \
|                                                                          \
|                                                                           \
|____________________________________________________________________________\
.
|\
| \
|  \
|   \
|    \
|     \
|      \
|       \
|        \
|         \
|          \
|           \
|            \
|             \
|              \
|               \
|                \
|                 \
|                  \
|                   \
|                    \
|                     \
|                      \
|                       \
|                        \
|                         \
|                          \
|                           \
|                            \
|                             \
|                              \
|                               \
|                                \
|                                 \
|                                  \
|                                   \
|                                    \
|                                     \
|                                      \
|                                       \
|                                        \
|                                         \
|                                          \
|                                           \
|                                            \
|                                             \
|                                              \
|                                               \
|                                                \
|                                                 \
|                                                  \
|                                                   \
|                                                    \
|                                                     \
|                                                      \
|                                                       \
|                                                        \
|                                                         \
|                                                          \
|                                                           \
|                                                            \
|                                                             \
|                                                              \
|                                                               \
|                                                                \
|                                                                 \
|                                                                  \
|                                                                   \
|                                                                    \
|                                                                     \
|                                                                      \
|                                                                       \
|                                                                        \
|                                                                         \
|                                                                          \
|                                                                           \
|                                                                            \
|                                                                             \
|                                                                              \
|                                                                               \
|                                                                                \
|                                                                                 \
|                                                                                  \
|                                                                                   \
|                                                                                    \
|                                                                                     \
|                                                                                      \
|                                                                                       \
|                                                                                        \
|                                                                                         \
|                                                                                          \
|___________________________________________________________________________________________\
.
|\
| \
|  \
|   \
|    \
|     \
|      \
|       \
|        \
|         \
|          \
|           \
|            \
|             \
|              \
|               \
|                \
|                 \
|                  \
|                   \
|                    \
|                     \
|                      \
|                       \
|                        \
|                         \
|                          \
|                           \
|                            \
|                             \
|                              \
|                               \
|                                \
|                                 \
|                                  \
|                                   \
|                                    \
|                                     \
|                                      \
|                                       \
|                                        \
|                                         \
|                                          \
|                                           \
|                                            \
|                                             \
|                                              \
|                                               \
|                                                \
|                                                 \
|                                                  \
|___________________________________________________\
.
|\
| \
|  \
|   \
|    \
|     \
|      \
|       \
|        \
|         \
|          \
|           \
|            \
|             \
|              \
|               \
|                \
|                 \
|                  \
|                   \
|                    \
|                     \
|                      \
|                       \
|                        \
|                         \
|                          \
|                           \
|                            \
|                             \
|                              \
|                               \
|                                \
|                                 \
|                                  \
|                                   \
|                                    \
|                                     \
|                                      \
|                                       \
|                                        \
|                                         \
|                                          \
|                                           \
|                                            \
|                                             \
|______________________________________________\
.
|\
| \
|  \
|   \
|    \
|     \
|      \
|       \
|        \
|         \
|          \
|           \
|            \
|             \
|              \
|               \
|                \
|                 \
|                  \
|                   \
|                    \
|                     \
|                      \
|                       \
|                        \
|                         \
|                          \
|                           \
|                            \
|                             \
|                              \
|                               \
|                                \
|                                 \
|                                  \
|                                   \
|                                    \
|                                     \
|                                      \
|                                       \
|                                        \
|                                         \
|                                          \
|                                           \
|                                            \
|                                             \
|                                              \
|                                               \
|                                                \
|                                                 \
|                                                  \
|                                                   \
|                                                    \
|                                                     \
|                                                      \
|                                                       \
|                                                        \
|                                                         \
|                                                          \
|                                                           \
|                                                            \
|                                                             \
|                                                              \
|                                                               \
|                                                                \
|                                                                 \
|                                                                  \
|                                                                   \
|                                                                    \
|                                                                     \
|                                                                      \
|                                                                       \
|                                                                        \
|                                                                         \
|                                                                          \
|                                                                           \
|                                                                            \
|                                                                             \
|                                                                              \
|                                                                               \
|                                                                                \
|                                                                                 \
|__________________________________________________________________________________\
.
|\
| \
|  \
|   \
|    \
|     \
|      \
|       \
|        \
|         \
|          \
|           \
|            \
|             \
|              \
|               \
|________________\
.
|\
| \
|  \
|   \
|____\
.
|\
| \
|  \
|   \
|    \
|     \
|      \
|       \
|        \
|         \
|          \
|           \
|            \
|             \
|              \
|               \
|                \
|                 \
|                  \
|                   \
|                    \
|                     \
|                      \
|                       \
|                        \
|                         \
|                          \
|                           \
|                            \
|                             \
|                              \
|                               \
|                                \
|                                 \
|                                  \
|                                   \
|                                    \
|                                     \
|                                      \
|                                       \
|                                        \
|                                         \
|                                          \
|                                           \
|                                            \
|                                             \
|                                              \
|                                               \
|                                                \
|                                                 \
|                                                  \
|                                                   \
|                                                    \
|                                                     \
|                                                      \
|                                                       \
|                                                        \
|                                                         \
|                                                          \
|                                                           \
|                                                            \
|                                                             \
|                                                              \
|                                                               \
|                                                                \
|                                                                 \
|                                                                  \
|                                                                   \
|                                                                    \
|                                                                     \
|                                                                      \
|                                                                       \
|                                                                        \
|                                                                         \
|                                                                          \
|                                                                           \
|                                                                            \
|                                                                             \
|                                                                              \
|                                                                               \
|                                                                                \
|                                                                                 \
|                                                                                  \
|                                                                                   \
|                                                                                    \
|                                                                                     \
|                                                                                      \
|                                                                                       \
|                                                                                        \
|                                                                                         \
|                                                                                          \
|                                                                                           \
|                                                                                            \
|                                                                                             \
|                                                                                              \
|                                                                                               \
|________________________________________________________________________________________________\
.
|\
| \
|  \
|   \
|    \
|     \
|      \
|       \
|        \
|         \
|          \
|           \
|            \
|             \
|              \
|               \
|                \
|                 \
|                  \
|                   \
|                    \
|                     \
|                      \
|                       \
|                        \
|                         \
|                          \
|                           \
|                            \
|                             \
|                              \
|                               \
|                                \
|                                 \
|                                  \
|                                   \
|                                    \
|                                     \
|                                      \
|                                       \
|                                        \
|                                         \
|                                          \
|                                           \
|                                            \
|                                             \
|                                              \
|                                               \
|                                                \
|                                                 \
|                                                  \
|                                                   \
|                                                    \
|                                                     \
|                                                      \
|                                                       \
|                                                        \
|                                                         \
|                                                          \
|                                                           \
|                                                            \
|                                                             \
|                                                              \
|                                                               \
|                                                                \
|                                                                 \
|                                                                  \
|                                                                   \
|                                                                    \
|                                                                     \
|                                                                      \
|                                                                       \
|                                                                        \
|                                                                         \
|                                                                          \
|___________________________________________________________________________\
.
|\
| \
|  \
|   \
|    \
|     \
|      \
|       \
|        \
|         \
|          \
|           \
|            \
|             \
|              \
|               \
|                \
|                 \
|                  \
|                   \
|                    \
|                     \
|                      \
|                       \
|                        \
|                         \
|                          \
|                           \
|                            \
|                             \
|                              \
|                               \
|                                \
|                                 \
|                                  \
|                                   \
|                                    \
|                                     \
|                                      \
|                                       \
|                                        \
|                                         \
|                                          \
|                                           \
|                                            \
|                                             \
|                                              \
|                                               \
|                                                \
|                                                 \
|                                                  \
|                                                   \
|                                                    \
|                                                     \
|                                                      \
|                                                       \
|                                                        \
|                                                         \
|                                                          \
|                                                           \
|                                                            \
|                                                             \
|                                                              \
|                                                               \
|                                                                \
|                                                                 \
|                                                                  \
|                                                                   \
|                                                                    \
|                                                                     \
|                                                                      \
|                                                                       \
|                                                                        \
|                                                                         \
|                                                                          \
|                                                                           \
|                                                                            \
|                                                                             \
|                                                                              \
|                                                                               \
|                                                                                \
|                                                                                 \
|                                                                                  \
|                                                                                   \
|                                                                                    \
|                                                                                     \
|                                                                                      \
|_______________________________________________________________________________________\
.
|\
| \
|  \
|   \
|    \
|     \
|      \
|       \
|        \
|_________\
.
|\
| \
|  \
|   \
|    \
|     \
|      \
|       \
|        \
|         \
|          \
|           \
|            \
|             \
|              \
|               \
|                \
|                 \
|                  \
|                   \
|                    \
|                     \
|                      \
|                       \
|                        \
|                         \
|                          \
|                           \
|                            \
|                             \
|                              \
|                               \
|                                \
|                                 \
|                                  \
|                                   \
|                                    \
|                                     \
|                                      \
|                                       \
|                                        \
|                                         \
|                                          \
|                                           \
|                                            \
|                                             \
|                                              \
|                                               \
|                                                \
|                                                 \
|                                                  \
|                                                   \
|                                                    \
|                                                     \
|                                                      \
|                                                       \
|                                                        \
|                                                         \
|__________________________________________________________\
.
|\
| \
|  \
|   \
|    \
|     \
|      \
|       \
|        \
|         \
|          \
|           \
|            \
|             \
|              \
|               \
|                \
|                 \
|                  \
|                   \
|                    \
|                     \
|                      \
|                       \
|                        \
|                         \
|                          \
|                           \
|                            \
|                             \
|______________________________\
.
|\
| \
|  \
|   \
|    \
|     \
|______\
.
|\
| \
|  \
|   \
|    \
|     \
|      \
|       \
|        \
|         \
|          \
|           \
|            \
|             \
|              \
|               \
|                \
|                 \
|                  \
|                   \
|                    \
|                     \
|                      \
|                       \
|                        \
|                         \
|                          \
|                           \
|                            \
|                             \
|                              \
|                               \
|                                \
|                                 \
|                                  \
|                                   \
|                                    \
|                                     \
|                                      \
|                                       \
|                                        \
|                                         \
|                                          \
|                                           \
|                                            \
|                                             \
|______________________________________________\
.
|\
| \
|  \
|   \
|    \
|     \
|      \
|       \
|        \
|         \
|          \
|           \
|            \
|             \
|              \
|               \
|                \
|                 \
|                  \
|                   \
|                    \
|                     \
|                      \
|                       \
|                        \
|                         \
|                          \
|                           \
|                            \
|                             \
|                              \
|                               \
|                                \
|                                 \
|                                  \
|                                   \
|                                    \
|                                     \
|                                      \
|                                       \
|                                        \
|                                         \
|                                          \
|                                           \
|                                            \
|                                             \
|                                              \
|                                               \
|                                                \
|                                                 \
|                                                  \
|                                                   \
|                                                    \
|                                                     \
|                                                      \
|                                                       \
|                                                        \
|                                                         \
|                                                          \
|                                                           \
|                                                            \
|                                                             \
|                                                              \
|                                                               \
|                                                                \
|                                                                 \
|                                                                  \
|                                                                   \
|                                                                    \
|                                                                     \
|                                                                      \
|                                                                       \
|                                                                        \
|                                                                         \
|                                                                          \
|___________________________________________________________________________\
.
|\
| \
|  \
|   \
|    \
|     \
|      \
|       \
|        \
|         \
|          \
|           \
|            \
|             \
|              \
|               \
|                \
|                 \
|                  \
|                   \
|                    \
|                     \
|                      \
|                       \
|                        \
|                         \
|                          \
|                           \
|                            \
|                             \
|                              \
|                               \
|                                \
|                                 \
|                                  \
|                                   \
|                                    \
|                                     \
|                                      \
|                                       \
|                                        \
|                                         \
|                                          \
|                                           \
|                                            \
|                                             \
|                                              \
|                                               \
|                                                \
|                                                 \
|                                                  \
|                                                   \
|                                                    \
|                                                     \
|                                                      \
|                                                       \
|                                                        \
|                                                         \
|                                                          \
|                                                           \
|                                                            \
|                                                             \
|______________________________________________________________\
.
|\
| \
|  \
|   \
|    \
|     \
|      \
|       \
|        \
|         \
|          \
|           \
|            \
|             \
|              \
|               \
|                \
|                 \
|                  \
|                   \
|                    \
|                     \
|                      \
|                       \
|                        \
|                         \
|                          \
|                           \
|                            \
|                             \
|                              \
|                               \
|                                \
|                                 \
|                                  \
|                                   \
|                                    \
|                                     \
|                                      \
|                                       \
|                                        \
|                                         \
|                                          \
|                                           \
|                                            \
|                                             \
|                                              \
|                                               \
|                                                \
|                                                 \
|                                                  \
|                                                   \
|                                                    \
|                                                     \
|______________________________________________________\
.
|\
| \
|  \
|   \
|    \
|     \
|      \
|       \
|        \
|         \
|          \
|           \
|            \
|             \
|              \
|               \
|                \
|                 \
|                  \
|                   \
|                    \
|                     \
|                      \
|                       \
|                        \
|                         \
|                          \
|                           \
|                            \
|                             \
|                              \
|                               \
|                                \
|                                 \
|                                  \
|                                   \
|                                    \
|                                     \
|                                      \
|                                       \
|                                        \
|                                         \
|                                          \
|                                           \
|                                            \
|                                             \
|                                              \
|                                               \
|                                                \
|                                                 \
|                                                  \
|                                                   \
|                                                    \
|                                                     \
|                                                      \
|                                                       \
|                                                        \
|                                                         \
|                                                          \
|                                                           \
|                                                            \
|                                                             \
|                                                              \
|                                                               \
|                                                                \
|                                                                 \
|                                                                  \
|                                                                   \
|                                                                    \
|                                                                     \
|                                                                      \
|                                                                       \
|                                                                        \
|                                                                         \
|                                                                          \
|                                                                           \
|                                                                            \
|                                                                             \
|                                                                              \
|                                                                               \
|                                                                                \
|                                                                                 \
|                                                                                  \
|                                                                                   \
|                                                                                    \
|                                                                                     \
|                                                                                      \
|                                                                                       \
|                                                                                        \
|                                                                                         \
|                                                                                          \
|                                                                                           \
|                                                                                            \
|                                                                                             \
|                                                                                              \
|                                                                                               \
|                                                                                                \
|                                                                                                 \
|__________________________________________________________________________________________________\
.
|\
| \
|  \
|   \
|    \
|     \
|      \
|       \
|________\
.
|\
| \
|  \
|   \
|    \
|     \
|      \
|       \
|        \
|         \
|          \
|           \
|            \
|             \
|              \
|               \
|                \
|                 \
|                  \
|                   \
|                    \
|                     \
|                      \
|                       \
|                        \
|                         \
|                          \
|                           \
|                            \
|                             \
|                              \
|                               \
|                                \
|                                 \
|                                  \
|                                   \
|                                    \
|                                     \
|                                      \
|                                       \
|                                        \
|                                         \
|                                          \
|                                           \
|                                            \
|                                             \
|                                              \
|                                               \
|                                                \
|                                                 \
|                                                  \
|                                                   \
|                                                    \
|                                                     \
|                                                      \
|                                                       \
|                                                        \
|                                                         \
|                                                          \
|                                                           \
|                                                            \
|                                                             \
|                                                              \
|                                                               \
|                                                                \
|                                                                 \
|                                                                  \
|                                                                   \
|                                                                    \
|                                                                     \
|                                                                      \
|                                                                       \
|                                                                        \
|                                                                         \
|                                                                          \
|                                                                           \
|                                                                            \
|                                                                             \
|                                                                              \
|                                                                               \
|                                                                                \
|                                                                                 \
|                                                                                  \
|                                                                                   \
|                                                                                    \
|                                                                                     \
|                                                                                      \
|                                                                                       \
|                                                                                        \
|_________________________________________________________________________________________\
.
|\
| \
|  \
|   \
|    \
|     \
|      \
|       \
|        \
|         \
|          \
|           \
|            \
|             \
|              \
|               \
|                \
|                 \
|                  \
|                   \
|                    \
|                     \
|                      \
|                       \
|                        \
|                         \
|                          \
|                           \
|                            \
|                             \
|                              \
|                               \
|                                \
|_________________________________\
.
|\
| \
|  \
|   \
|    \
|     \
|      \
|       \
|        \
|         \
|          \
|           \
|            \
|             \
|              \
|               \
|                \
|                 \
|                  \
|                   \
|                    \
|                     \
|                      \
|                       \
|                        \
|                         \
|                          \
|                           \
|                            \
|                             \
|                              \
|                               \
|                                \
|                                 \
|                                  \
|                                   \
|                                    \
|                                     \
|                                      \
|                                       \
|                                        \
|                                         \
|                                          \
|                                           \
|                                            \
|                                             \
|                                              \
|                                               \
|                                                \
|                                                 \
|                                                  \
|                                                   \
|                                                    \
|                                                     \
|______________________________________________________\
.
|\
| \
|  \
|   \
|    \
|     \
|      \
|       \
|        \
|         \
|          \
|           \
|            \
|             \
|              \
|               \
|                \
|                 \
|                  \
|                   \
|                    \
|                     \
|                      \
|                       \
|                        \
|                         \
|                          \
|                           \
|                            \
|                             \
|                              \
|                               \
|                                \
|                                 \
|                                  \
|                                   \
|                                    \
|                                     \
|                                      \
|                                       \
|                                        \
|                                         \
|                                          \
|                                           \
|                                            \
|                                             \
|                                              \
|                                               \
|                                                \
|                                                 \
|                                                  \
|                                                   \
|                                                    \
|                                                     \
|                                                      \
|                                                       \
|                                                        \
|                                                         \
|                                                          \
|                                                           \
|                                                            \
|                                                             \
|                                                              \
|                                                               \
|                                                                \
|                                                                 \
|                                                                  \
|                                                                   \
|                                                                    \
|                                                                     \
|                                                                      \
|                                                                       \
|                                                                        \
|                                                                         \
|                                                                          \
|                                                                           \
|                                                                            \
|_____________________________________________________________________________\
.
|\
| \
|  \
|   \
|    \
|     \
|      \
|       \
|        \
|         \
|          \
|           \
|            \
|             \
|              \
|               \
|                \
|                 \
|                  \
|                   \
|                    \
|                     \
|                      \
|                       \
|                        \
|                         \
|                          \
|                           \
|                            \
|                             \
|                              \
|                               \
|                                \
|                                 \
|                                  \
|                                   \
|                                    \
|                                     \
|                                      \
|                                       \
|                                        \
|                                         \
|__________________________________________\
.
|\
| \
|  \
|   \
|    \
|     \
|      \
|       \
|        \
|         \
|          \
|           \
|            \
|             \
|              \
|               \
|                \
|                 \
|                  \
|                   \
|                    \
|                     \
|                      \
|                       \
|                        \
|                         \
|                          \
|                           \
|                            \
|                             \
|                              \
|                               \
|                                \
|                                 \
|                                  \
|                                   \
|                                    \
|                                     \
|                                      \
|                                       \
|                                        \
|                                         \
|                                          \
|                                           \
|                                            \
|                                             \
|                                              \
|                                               \
|                                                \
|                                                 \
|__________________________________________________\
.
|\
| \
|  \
|   \
|    \
|     \
|      \
|       \
|        \
|         \
|          \
|           \
|            \
|_____________\
.
|\
| \
|  \
|   \
|    \
|     \
|      \
|       \
|        \
|         \
|          \
|           \
|            \
|             \
|              \
|               \
|                \
|                 \
|                  \
|                   \
|                    \
|                     \
|                      \
|                       \
|                        \
|                         \
|                          \
|                           \
|                            \
|                             \
|                              \
|                               \
|                                \
|                                 \
|                                  \
|                                   \
|                                    \
|                                     \
|                                      \
|                                       \
|                                        \
|                                         \
|                                          \
|                                           \
|                                            \
|                                             \
|                                              \
|                                               \
|                                                \
|                                                 \
|                                                  \
|                                                   \
|                                                    \
|                                                     \
|                                                      \
|                                                       \
|                                                        \
|                                                         \
|                                                          \
|                                                           \
|                                                            \
|                                                             \
|                                                              \
|                                                               \
|                                                                \
|                                                                 \
|                                                                  \
|                                                                   \
|                                                                    \
|                                                                     \
|                                                                      \
|                                                                       \
|                                                                        \
|                                                                         \
|                                                                          \
|                                                                           \
|                                                                            \
|                                                                             \
|                                                                              \
|                                                                               \
|                                                                                \
|                                                                                 \
|                                                                                  \
|                                                                                   \
|                                                                                    \
|                                                                                     \
|                                                                                      \
|                                                                                       \
|                                                                                        \
|                                                                                         \
|                                                                                          \
|                                                                                           \
|____________________________________________________________________________________________\
.
|\
| \
|  \
|   \
|    \
|     \
|      \
|       \
|        \
|         \
|          \
|           \
|            \
|             \
|              \
|               \
|                \
|                 \
|                  \
|                   \
|                    \
|                     \
|                      \
|                       \
|                        \
|                         \
|                          \
|___________________________\
.
|\
| \
|  \
|   \
|    \
|     \
|      \
|       \
|        \
|         \
|          \
|           \
|            \
|             \
|              \
|               \
|                \
|                 \
|                  \
|                   \
|                    \
|                     \
|                      \
|                       \
|                        \
|                         \
|                          \
|                           \
|                            \
|                             \
|                              \
|                               \
|                                \
|                                 \
|                                  \
|                                   \
|                                    \
|                                     \
|                                      \
|                                       \
|                                        \
|                                         \
|                                          \
|                                           \
|                                            \
|                                             \
|                                              \
|_______________________________________________\
.
|\
| \
|  \
|   \
|    \
|     \
|      \
|       \
|        \
|         \
|          \
|           \
|            \
|             \
|              \
|               \
|                \
|                 \
|                  \
|                   \
|                    \
|                     \
|                      \
|                       \
|                        \
|                         \
|                          \
|                           \
|                            \
|                             \
|                              \
|                               \
|                                \
|                                 \
|                                  \
|                                   \
|                                    \
|                                     \
|                                      \
|                                       \
|                                        \
|                                         \
|                                          \
|                                           \
|                                            \
|                                             \
|                                              \
|                                               \
|                                                \
|                                                 \
|                                                  \
|                                                   \
|                                                    \
|                                                     \
|                                                      \
|                                                       \
|                                                        \
|                                                         \
|                                                          \
|                                                           \
|                                                            \
|                                                             \
|                                                              \
|                                                               \
|                                                                \
|                                                                 \
|                                                                  \
|                                                                   \
|                                                                    \
|_____________________________________________________________________\
.
|\
| \
|  \
|   \
|    \
|     \
|      \
|       \
|        \
|         \
|          \
|           \
|            \
|             \
|              \
|_______________\
.
|\
| \
|  \
|   \
|    \
|     \
|      \
|       \
|        \
|         \
|          \
|           \
|            \
|             \
|              \
|               \
|                \
|                 \
|                  \
|                   \
|                    \
|                     \
|                      \
|                       \
|                        \
|_________________________\
.
|\
| \
|  \
|   \
|    \
|     \
|      \
|       \
|        \
|         \
|          \
|           \
|            \
|             \
|              \
|               \
|                \
|                 \
|                  \
|                   \
|                    \
|                     \
|                      \
|                       \
|                        \
|                         \
|                          \
|                           \
|                            \
|                             \
|                              \
|                               \
|                                \
|                                 \
|                                  \
|                                   \
|                                    \
|                                     \
|                                      \
|                                       \
|                                        \
|                                         \
|                                          \
|                                           \
|                                            \
|                                             \
|                                              \
|                                               \
|                                                \
|                                                 \
|                                                  \
|                                                   \
|                                                    \
|                                                     \
|                                                      \
|_______________________________________________________\
.
|\
| \
|  \
|   \
|    \
|     \
|      \
|       \
|        \
|         \
|          \
|           \
|            \
|             \
|              \
|               \
|                \
|                 \
|                  \
|                   \
|                    \
|                     \
|                      \
|                       \
|                        \
|                         \
|                          \
|                           \
|                            \
|                             \
|                              \
|                               \
|                                \
|                                 \
|                                  \
|                                   \
|                                    \
|                                     \
|                                      \
|                                       \
|                                        \
|                                         \
|                                          \
|                                           \
|                                            \
|                                             \
|                                              \
|                                               \
|                                                \
|                                                 \
|                                                  \
|                                                   \
|                                                    \
|                                                     \
|                                                      \
|                                                       \
|                                                        \
|                                                         \
|                                                          \
|                                                           \
|                                                            \
|                                                             \
|                                                              \
|                                                               \
|                                                                \
|                                                                 \
|                                                                  \
|                                                                   \
|                                                                    \
|                                                                     \
|                                                                      \
|                                                                       \
|                                                                        \
|                                                                         \
|                                                                          \
|                                                                           \
|                                                                            \
|                                                                             \
|                                                                              \
|                                                                               \
|                                                                                \
|                                                                                 \
|                                                                                  \
|                                                                                   \
|____________________________________________________________________________________\
.
|\
| \
|  \
|   \
|    \
|     \
|      \
|       \
|        \
|         \
|          \
|           \
|            \
|             \
|              \
|               \
|                \
|                 \
|                  \
|                   \
|                    \
|                     \
|                      \
|                       \
|                        \
|                         \
|                          \
|                           \
|                            \
|                             \
|                              \
|                               \
|                                \
|                                 \
|                                  \
|___________________________________\
.
|\
| \
|  \
|   \
|    \
|     \
|      \
|       \
|        \
|         \
|          \
|           \
|            \
|             \
|              \
|               \
|                \
|                 \
|                  \
|                   \
|                    \
|                     \
|                      \
|                       \
|                        \
|                         \
|                          \
|                           \
|                            \
|                             \
|                              \
|                               \
|                                \
|                                 \
|                                  \
|                                   \
|                                    \
|                                     \
|                                      \
|                                       \
|                                        \
|                                         \
|                                          \
|                                           \
|                                            \
|                                             \
|                                              \
|                                               \
|                                                \
|                                                 \
|                                                  \
|                                                   \
|                                                    \
|                                                     \
|                                                      \
|                                                       \
|                                                        \
|                                                         \
|                                                          \
|                                                           \
|                                                            \
|                                                             \
|                                                              \
|                                                               \
|                                                                \
|                                                                 \
|                                                                  \
|                                                                   \
|                                                                    \
|                                                                     \
|                                                                      \
|                                                                       \
|                                                                        \
|                                                                         \
|                                                                          \
|                                                                           \
|                                                                            \
|                                                                             \
|                                                                              \
|                                                                               \
|                                                                                \
|                                                                                 \
|                                                                                  \
|                                                                                   \
|                                                                                    \
|                                                                                     \
|                                                                                      \
|                                                                                       \
|                                                                                        \
|                                                                                         \
|__________________________________________________________________________________________\
.
|\
| \
|  \
|   \
|    \
|     \
|      \
|       \
|        \
|         \
|          \
|           \
|            \
|             \
|              \
|               \
|                \
|                 \
|                  \
|                   \
|                    \
|                     \
|                      \
|                       \
|                        \
|                         \
|                          \
|                           \
|                            \
|                             \
|                              \
|                               \
|                                \
|                                 \
|                                  \
|                                   \
|                                    \
|                                     \
|                                      \
|                                       \
|                                        \
|                                         \
|                                          \
|                                           \
|                                            \
|                                             \
|                                              \
|                                               \
|                                                \
|                                                 \
|__________________________________________________\
