.
|\
| \
|  \
|   \
|    \
|     \
|      \
|       \
|        \
|         \
|          \
|           \
|____________\
.
|\
| \
|  \
|   \
|    \
|     \
|      \
|       \
|        \
|         \
|          \
|           \
|            \
|             \
|              \
|               \
|                \
|                 \
|                  \
|                   \
|                    \
|                     \
|                      \
|                       \
|                        \
|                         \
|                          \
|                           \
|                            \
|                             \
|                              \
|                               \
|                                \
|                                 \
|                                  \
|                                   \
|                                    \
|                                     \
|                                      \
|                                       \
|                                        \
|                                         \
|                                          \
|                                           \
|                                            \
|                                             \
|                                              \
|                                               \
|                                                \
|                                                 \
|                                                  \
|                                                   \
|                                                    \
|                                                     \
|                                                      \
|                                                       \
|                                                        \
|                                                         \
|                                                          \
|                                                           \
|                                                            \
|                                                             \
|                                                              \
|                                                               \
|                                                                \
|                                                                 \
|                                                                  \
|                                                                   \
|                                                                    \
|                                                                     \
|                                                                      \
|                                                                       \
|                                                                        \
|                                                                         \
|                                                                          \
|                                                                           \
|                                                                            \
|                                                                             \
|                                                                              \
|                                                                               \
|                                                                                \
|                                                                                 \
|                                                                                  \
|                                                                                   \
|                                                                                    \
|                                                                                     \
|                                                                                      \
|                                                                                       \
|                                                                                        \
|                                                                                         \
|                                                                                          \
|                                                                                           \
|____________________________________________________________________________________________\
.
|\
| \
|  \
|   \
|    \
|     \
|      \
|       \
|        \
|         \
|__________\
.
|\
| \
|  \
|   \
|    \
|     \
|      \
|       \
|        \
|         \
|          \
|           \
|            \
|             \
|              \
|               \
|                \
|                 \
|                  \
|                   \
|                    \
|                     \
|                      \
|                       \
|                        \
|                         \
|                          \
|                           \
|                            \
|                             \
|                              \
|                               \
|                                \
|                                 \
|                                  \
|                                   \
|                                    \
|                                     \
|                                      \
|                                       \
|                                        \
|                                         \
|__________________________________________\
.
|\
| \
|  \
|   \
|    \
|     \
|      \
|       \
|        \
|         \
|          \
|___________\
.
|\
| \
|  \
|   \
|    \
|     \
|      \
|       \
|        \
|         \
|          \
|           \
|            \
|             \
|______________\
.
|\
| \
|  \
|   \
|    \
|     \
|      \
|       \
|        \
|         \
|          \
|           \
|            \
|             \
|              \
|               \
|                \
|                 \
|                  \
|                   \
|                    \
|                     \
|                      \
|                       \
|                        \
|                         \
|                          \
|                           \
|                            \
|                             \
|                              \
|                               \
|                                \
|                                 \
|                                  \
|                                   \
|                                    \
|                                     \
|                                      \
|                                       \
|                                        \
|                                         \
|                                          \
|                                           \
|                                            \
|                                             \
|                                              \
|                                               \
|                                                \
|                                                 \
|                                                  \
|                                                   \
|                                                    \
|                                                     \
|                                                      \
|                                                       \
|                                                        \
|                                                         \
|                                                          \
|                                                           \
|____________________________________________________________\
.
|\
| \
|  \
|   \
|    \
|     \
|      \
|       \
|        \
|         \
|          \
|           \
|            \
|             \
|              \
|               \
|                \
|                 \
|                  \
|                   \
|                    \
|                     \
|                      \
|                       \
|                        \
|                         \
|                          \
|                           \
|                            \
|                             \
|                              \
|                               \
|                                \
|                                 \
|                                  \
|                                   \
|                                    \
|                                     \
|                                      \
|                                       \
|                                        \
|                                         \
|                                          \
|                                           \
|                                            \
|                                             \
|                                              \
|                                               \
|                                                \
|                                                 \
|                                                  \
|                                                   \
|                                                    \
|                                                     \
|                                                      \
|                                                       \
|                                                        \
|                                                         \
|                                                          \
|                                                           \
|                                                            \
|                                                             \
|                                                              \
|                                                               \
|                                                                \
|                                                                 \
|                                                                  \
|                                                                   \
|                                                                    \
|                                                                     \
|                                                                      \
|                                                                       \
|                                                                        \
|                                                                         \
|                                                                          \
|                                                                           \
|                                                                            \
|                                                                             \
|                                                                              \
|                                                                               \
|                                                                                \
|                                                                                 \
|                                                                                  \
|                                                                                   \
|                                                                                    \
|_____________________________________________________________________________________\
.
|\
| \
|__\
.
|\
| \
|  \
|   \
|    \
|     \
|      \
|       \
|        \
|         \
|          \
|           \
|            \
|             \
|              \
|               \
|                \
|                 \
|                  \
|                   \
|                    \
|                     \
|                      \
|                       \
|                        \
|                         \
|                          \
|                           \
|                            \
|                             \
|                              \
|                               \
|                                \
|                                 \
|                                  \
|                                   \
|                                    \
|                                     \
|                                      \
|                                       \
|                                        \
|                                         \
|                                          \
|                                           \
|                                            \
|                                             \
|                                              \
|                                               \
|                                                \
|                                                 \
|                                                  \
|                                                   \
|                                                    \
|                                                     \
|                                                      \
|                                                       \
|                                                        \
|                                                         \
|                                                          \
|___________________________________________________________\
.
|\
| \
|  \
|   \
|    \
|     \
|      \
|       \
|        \
|         \
|          \
|           \
|            \
|             \
|              \
|               \
|                \
|                 \
|                  \
|                   \
|                    \
|                     \
|                      \
|                       \
|                        \
|                         \
|                          \
|                           \
|                            \
|                             \
|                              \
|                               \
|                                \
|                                 \
|                                  \
|                                   \
|                                    \
|                                     \
|                                      \
|                                       \
|                                        \
|                                         \
|                                          \
|                                           \
|                                            \
|                                             \
|                                              \
|                                               \
|                                                \
|                                                 \
|                                                  \
|                                                   \
|                                                    \
|                                                     \
|                                                      \
|                                                       \
|                                                        \
|                                                         \
|                                                          \
|                                                           \
|                                                            \
|                                                             \
|                                                              \
|                                                               \
|                                                                \
|                                                                 \
|                                                                  \
|                                                                   \
|                                                                    \
|                                                                     \
|                                                                      \
|                                                                       \
|                                                                        \
|                                                                         \
|                                                                          \
|                                                                           \
|                                                                            \
|                                                                             \
|                                                                              \
|                                                                               \
|                                                                                \
|                                                                                 \
|                                                                                  \
|                                                                                   \
|____________________________________________________________________________________\
.
|\
| \
|  \
|   \
|    \
|     \
|      \
|       \
|        \
|         \
|          \
|           \
|            \
|             \
|              \
|               \
|                \
|                 \
|                  \
|                   \
|                    \
|                     \
|                      \
|                       \
|                        \
|                         \
|                          \
|                           \
|                            \
|                             \
|                              \
|                               \
|                                \
|                                 \
|                                  \
|                                   \
|                                    \
|                                     \
|                                      \
|_______________________________________\
.
|\
| \
|  \
|   \
|    \
|     \
|      \
|       \
|        \
|         \
|          \
|           \
|            \
|             \
|              \
|               \
|                \
|                 \
|                  \
|                   \
|                    \
|                     \
|                      \
|                       \
|                        \
|                         \
|                          \
|                           \
|                            \
|                             \
|                              \
|                               \
|                                \
|                                 \
|                                  \
|                                   \
|                                    \
|                                     \
|                                      \
|                                       \
|                                        \
|                                         \
|                                          \
|                                           \
|                                            \
|                                             \
|                                              \
|                                               \
|                                                \
|                                                 \
|                                                  \
|                                                   \
|                                                    \
|                                                     \
|                                                      \
|                                                       \
|                                                        \
|                                                         \
|                                                          \
|___________________________________________________________\
.
|\
| \
|  \
|___\
.
|\
| \
|  \
|   \
|    \
|     \
|      \
|       \
|        \
|         \
|          \
|           \
|            \
|             \
|              \
|               \
|                \
|                 \
|                  \
|                   \
|                    \
|                     \
|                      \
|                       \
|                        \
|                         \
|                          \
|                           \
|                            \
|                             \
|                              \
|                               \
|                                \
|                                 \
|                                  \
|                                   \
|____________________________________\
.
|\
| \
|  \
|   \
|    \
|     \
|      \
|       \
|        \
|         \
|          \
|           \
|            \
|             \
|              \
|               \
|                \
|                 \
|                  \
|                   \
|                    \
|                     \
|                      \
|                       \
|                        \
|                         \
|                          \
|                           \
|                            \
|                             \
|                              \
|                               \
|                                \
|                                 \
|                                  \
|                                   \
|                                    \
|                                     \
|                                      \
|                                       \
|                                        \
|                                         \
|                                          \
|                                           \
|                                            \
|                                             \
|                                              \
|                                               \
|                                                \
|                                                 \
|                                                  \
|                                                   \
|                                                    \
|                                                     \
|                                                      \
|                                                       \
|                                                        \
|                                                         \
|                                                          \
|                                                           \
|                                                            \
|                                                             \
|                                                              \
|                                                               \
|                                                                \
|                                                                 \
|                                                                  \
|                                                                   \
|                                                                    \
|_____________________________________________________________________\
.
|\
| \
|  \
|   \
|    \
|     \
|      \
|       \
|        \
|         \
|          \
|           \
|            \
|             \
|              \
|               \
|                \
|                 \
|                  \
|                   \
|                    \
|                     \
|                      \
|                       \
|                        \
|                         \
|                          \
|                           \
|                            \
|                             \
|                              \
|                               \
|                                \
|                                 \
|                                  \
|                                   \
|                                    \
|                                     \
|                                      \
|                                       \
|                                        \
|                                         \
|                                          \
|                                           \
|                                            \
|                                             \
|                                              \
|                                               \
|                                                \
|                                                 \
|                                                  \
|                                                   \
|                                                    \
|                                                     \
|                                                      \
|                                                       \
|                                                        \
|                                                         \
|                                                          \
|                                                           \
|                                                            \
|                                                             \
|                                                              \
|                                                               \
|                                                                \
|                                                                 \
|                                                                  \
|                                                                   \
|                                                                    \
|                                                                     \
|                                                                      \
|                                                                       \
|                                                                        \
|                                                                         \
|                                                                          \
|                                                                           \
|                                                                            \
|                                                                             \
|                                                                              \
|                                                                               \
|                                                                                \
|                                                                                 \
|                                                                                  \
|                                                                                   \
|                                                                                    \
|                                                                                     \
|______________________________________________________________________________________\
.
|\
| \
|  \
|   \
|    \
|     \
|      \
|       \
|        \
|         \
|          \
|           \
|            \
|             \
|              \
|               \
|                \
|                 \
|                  \
|                   \
|                    \
|                     \
|                      \
|                       \
|                        \
|                         \
|                          \
|                           \
|                            \
|                             \
|                              \
|                               \
|                                \
|                                 \
|                                  \
|                                   \
|                                    \
|                                     \
|                                      \
|                                       \
|                                        \
|                                         \
|                                          \
|                                           \
|                                            \
|                                             \
|                                              \
|_______________________________________________\
.
|\
| \
|  \
|   \
|    \
|     \
|      \
|       \
|        \
|         \
|          \
|           \
|            \
|             \
|              \
|               \
|                \
|                 \
|                  \
|___________________\
.
|\
| \
|  \
|   \
|    \
|     \
|      \
|       \
|        \
|         \
|          \
|           \
|            \
|             \
|              \
|               \
|                \
|                 \
|                  \
|                   \
|                    \
|                     \
|                      \
|                       \
|                        \
|                         \
|                          \
|                           \
|                            \
|                             \
|                              \
|                               \
|                                \
|                                 \
|                                  \
|                                   \
|                                    \
|                                     \
|                                      \
|                                       \
|                                        \
|                                         \
|                                          \
|                                           \
|                                            \
|                                             \
|                                              \
|                                               \
|                                                \
|                                                 \
|                                                  \
|                                                   \
|                                                    \
|                                                     \
|                                                      \
|                                                       \
|                                                        \
|                                                         \
|                                                          \
|                                                           \
|                                                            \
|                                                             \
|                                                              \
|_______________________________________________________________\
.
|\
| \
|  \
|   \
|    \
|     \
|      \
|       \
|        \
|         \
|          \
|           \
|            \
|             \
|              \
|               \
|                \
|                 \
|                  \
|                   \
|                    \
|                     \
|                      \
|                       \
|                        \
|_________________________\
.
|\
| \
|  \
|   \
|    \
|     \
|      \
|       \
|        \
|         \
|          \
|           \
|            \
|             \
|              \
|               \
|                \
|                 \
|                  \
|                   \
|                    \
|                     \
|                      \
|                       \
|                        \
|                         \
|                          \
|                           \
|                            \
|                             \
|                              \
|                               \
|                                \
|                                 \
|                                  \
|                                   \
|                                    \
|                                     \
|                                      \
|                                       \
|                                        \
|                                         \
|                                          \
|                                           \
|                                            \
|                                             \
|                                              \
|                                               \
|                                                \
|                                                 \
|                                                  \
|                                                   \
|                                                    \
|                                                     \
|                                                      \
|                                                       \
|                                                        \
|                                                         \
|                                                          \
|                                                           \
|                                                            \
|                                                             \
|                                                              \
|                                                               \
|                                                                \
|                                                                 \
|                                                                  \
|                                                                   \
|                                                                    \
|                                                                     \
|                                                                      \
|                                                                       \
|                                                                        \
|                                                                         \
|                                                                          \
|                                                                           \
|                                                                            \
|                                                                             \
|                                                                              \
|                                                                               \
|                                                                                \
|                                                                                 \
|                                                                                  \
|                                                                                   \
|____________________________________________________________________________________\
.
|\
| \
|  \
|   \
|    \
|     \
|      \
|       \
|        \
|         \
|          \
|           \
|            \
|             \
|              \
|               \
|                \
|                 \
|                  \
|                   \
|                    \
|                     \
|                      \
|                       \
|                        \
|                         \
|                          \
|                           \
|                            \
|                             \
|                              \
|                               \
|                                \
|                                 \
|                                  \
|                                   \
|                                    \
|                                     \
|                                      \
|                                       \
|                                        \
|                                         \
|                                          \
|                                           \
|                                            \
|                                             \
|                                              \
|                                               \
|                                                \
|                                                 \
|                                                  \
|                                                   \
|                                                    \
|                                                     \
|                                                      \
|                                                       \
|                                                        \
|                                                         \
|                                                          \
|                                                           \
|                                                            \
|_____________________________________________________________\
.
|\
| \
|  \
|   \
|    \
|     \
|      \
|       \
|        \
|         \
|          \
|           \
|            \
|             \
|              \
|               \
|                \
|                 \
|                  \
|                   \
|                    \
|                     \
|                      \
|                       \
|                        \
|                         \
|                          \
|                           \
|                            \
|_____________________________\
.
|\
| \
|  \
|   \
|    \
|     \
|      \
|       \
|        \
|         \
|          \
|           \
|            \
|             \
|              \
|               \
|                \
|                 \
|                  \
|                   \
|                    \
|                     \
|                      \
|                       \
|                        \
|                         \
|                          \
|                           \
|____________________________\
.
|\
| \
|  \
|   \
|    \
|     \
|      \
|       \
|        \
|         \
|          \
|           \
|            \
|             \
|              \
|               \
|                \
|                 \
|                  \
|                   \
|                    \
|                     \
|                      \
|                       \
|                        \
|                         \
|                          \
|                           \
|                            \
|                             \
|                              \
|                               \
|                                \
|                                 \
|                                  \
|                                   \
|                                    \
|                                     \
|                                      \
|                                       \
|                                        \
|                                         \
|                                          \
|___________________________________________\
.
|\
| \
|  \
|   \
|    \
|     \
|      \
|       \
|        \
|         \
|          \
|           \
|            \
|             \
|              \
|               \
|                \
|                 \
|                  \
|                   \
|                    \
|                     \
|                      \
|                       \
|                        \
|                         \
|                          \
|                           \
|                            \
|                             \
|                              \
|                               \
|                                \
|                                 \
|                                  \
|                                   \
|                                    \
|                                     \
|                                      \
|                                       \
|                                        \
|                                         \
|                                          \
|                                           \
|                                            \
|                                             \
|                                              \
|                                               \
|                                                \
|                                                 \
|                                                  \
|                                                   \
|                                                    \
|                                                     \
|                                                      \
|                                                       \
|                                                        \
|                                                         \
|                                                          \
|                                                           \
|                                                            \
|                                                             \
|                                                              \
|                                                               \
|                                                                \
|_________________________________________________________________\
.
|\
| \
|  \
|   \
|    \
|     \
|      \
|       \
|        \
|         \
|          \
|           \
|            \
|             \
|              \
|_______________\
.
|\
| \
|  \
|   \
|    \
|     \
|      \
|       \
|        \
|         \
|          \
|           \
|            \
|             \
|              \
|               \
|                \
|                 \
|                  \
|                   \
|                    \
|                     \
|                      \
|                       \
|                        \
|                         \
|                          \
|                           \
|                            \
|                             \
|                              \
|                               \
|                                \
|                                 \
|                                  \
|                                   \
|                                    \
|                                     \
|                                      \
|                                       \
|                                        \
|                                         \
|                                          \
|                                           \
|                                            \
|                                             \
|                                              \
|                                               \
|                                                \
|                                                 \
|                                                  \
|                                                   \
|                                                    \
|                                                     \
|______________________________________________________\
.
|\
| \
|  \
|___\
.
|\
| \
|  \
|   \
|    \
|     \
|      \
|       \
|        \
|         \
|          \
|           \
|            \
|             \
|              \
|               \
|                \
|                 \
|                  \
|                   \
|                    \
|                     \
|                      \
|                       \
|                        \
|                         \
|                          \
|                           \
|                            \
|                             \
|                              \
|                               \
|                                \
|                                 \
|                                  \
|                                   \
|                                    \
|                                     \
|                                      \
|                                       \
|                                        \
|                                         \
|__________________________________________\
.
|\
| \
|  \
|   \
|    \
|     \
|      \
|       \
|        \
|         \
|          \
|           \
|            \
|             \
|              \
|               \
|                \
|                 \
|                  \
|                   \
|                    \
|                     \
|                      \
|_______________________\
.
|\
| \
|  \
|   \
|    \
|     \
|      \
|       \
|        \
|         \
|          \
|           \
|            \
|             \
|              \
|               \
|                \
|                 \
|                  \
|                   \
|                    \
|                     \
|                      \
|                       \
|                        \
|                         \
|                          \
|                           \
|                            \
|                             \
|                              \
|                               \
|                                \
|                                 \
|                                  \
|                                   \
|                                    \
|                                     \
|                                      \
|                                       \
|                                        \
|                                         \
|                                          \
|                                           \
|                                            \
|                                             \
|                                              \
|                                               \
|                                                \
|                                                 \
|                                                  \
|                                                   \
|                                                    \
|                                                     \
|                                                      \
|                                                       \
|                                                        \
|                                                         \
|                                                          \
|                                                           \
|                                                            \
|                                                             \
|______________________________________________________________\
.
|\
| \
|  \
|   \
|    \
|     \
|      \
|       \
|        \
|         \
|          \
|           \
|            \
|             \
|              \
|               \
|                \
|                 \
|                  \
|                   \
|                    \
|                     \
|                      \
|                       \
|                        \
|                         \
|                          \
|                           \
|                            \
|                             \
|                              \
|                               \
|                                \
|                                 \
|                                  \
|                                   \
|                                    \
|                                     \
|                                      \
|                                       \
|                                        \
|                                         \
|                                          \
|                                           \
|                                            \
|                                             \
|                                              \
|                                               \
|                                                \
|                                                 \
|                                                  \
|                                                   \
|                                                    \
|                                                     \
|                                                      \
|                                                       \
|                                                        \
|                                                         \
|                                                          \
|                                                           \
|                                                            \
|                                                             \
|                                                              \
|                                                               \
|                                                                \
|                                                                 \
|                                                                  \
|                                                                   \
|____________________________________________________________________\
.
|\
| \
|  \
|   \
|    \
|     \
|      \
|       \
|        \
|         \
|          \
|           \
|            \
|             \
|              \
|               \
|                \
|                 \
|                  \
|                   \
|                    \
|                     \
|                      \
|                       \
|                        \
|                         \
|__________________________\
.
|\
| \
|  \
|   \
|    \
|     \
|      \
|       \
|        \
|         \
|          \
|           \
|            \
|             \
|              \
|               \
|                \
|                 \
|                  \
|                   \
|                    \
|                     \
|                      \
|                       \
|                        \
|                         \
|                          \
|                           \
|                            \
|                             \
|                              \
|                               \
|                                \
|_________________________________\
.
|\
| \
|  \
|   \
|    \
|     \
|      \
|       \
|        \
|         \
|          \
|           \
|            \
|             \
|              \
|               \
|                \
|                 \
|                  \
|                   \
|                    \
|                     \
|                      \
|                       \
|                        \
|                         \
|                          \
|                           \
|                            \
|                             \
|                              \
|                               \
|                                \
|                                 \
|                                  \
|                                   \
|                                    \
|                                     \
|                                      \
|                                       \
|                                        \
|                                         \
|                                          \
|                                           \
|____________________________________________\
.
|\
| \
|  \
|   \
|    \
|     \
|      \
|       \
|        \
|         \
|          \
|           \
|            \
|             \
|              \
|_______________\
.
|\
| \
|  \
|   \
|____\
.
|\
| \
|  \
|   \
|    \
|     \
|      \
|       \
|        \
|         \
|          \
|           \
|            \
|             \
|              \
|               \
|                \
|                 \
|                  \
|                   \
|                    \
|                     \
|                      \
|                       \
|                        \
|                         \
|                          \
|                           \
|                            \
|                             \
|                              \
|                               \
|                                \
|                                 \
|                                  \
|                                   \
|                                    \
|                                     \
|                                      \
|                                       \
|                                        \
|                                         \
|                                          \
|                                           \
|                                            \
|                                             \
|                                              \
|                                               \
|________________________________________________\
.
|\
| \
|  \
|   \
|    \
|     \
|      \
|       \
|        \
|         \
|          \
|           \
|            \
|             \
|              \
|               \
|                \
|                 \
|                  \
|                   \
|                    \
|                     \
|                      \
|                       \
|                        \
|                         \
|                          \
|                           \
|                            \
|                             \
|                              \
|                               \
|                                \
|                                 \
|                                  \
|                                   \
|                                    \
|                                     \
|                                      \
|                                       \
|                                        \
|                                         \
|                                          \
|                                           \
|                                            \
|                                             \
|                                              \
|                                               \
|                                                \
|                                                 \
|                                                  \
|                                                   \
|                                                    \
|                                                     \
|                                                      \
|                                                       \
|                                                        \
|                                                         \
|                                                          \
|                                                           \
|                                                            \
|                                                             \
|                                                              \
|                                                               \
|                                                                \
|                                                                 \
|                                                                  \
|                                                                   \
|                                                                    \
|                                                                     \
|                                                                      \
|                                                                       \
|                                                                        \
|_________________________________________________________________________\
.
|\
| \
|  \
|   \
|    \
|     \
|      \
|       \
|        \
|         \
|          \
|           \
|            \
|             \
|              \
|               \
|                \
|                 \
|                  \
|                   \
|                    \
|                     \
|                      \
|                       \
|                        \
|                         \
|                          \
|                           \
|                            \
|                             \
|                              \
|                               \
|                                \
|                                 \
|                                  \
|                                   \
|____________________________________\
.
|\
| \
|  \
|   \
|    \
|     \
|      \
|       \
|        \
|         \
|          \
|           \
|            \
|             \
|              \
|               \
|                \
|                 \
|                  \
|                   \
|                    \
|                     \
|                      \
|                       \
|                        \
|                         \
|                          \
|                           \
|                            \
|                             \
|                              \
|                               \
|                                \
|                                 \
|                                  \
|                                   \
|                                    \
|                                     \
|                                      \
|                                       \
|                                        \
|                                         \
|                                          \
|                                           \
|                                            \
|                                             \
|                                              \
|                                               \
|                                                \
|                                                 \
|                                                  \
|                                                   \
|                                                    \
|                                                     \
|                                                      \
|                                                       \
|                                                        \
|                                                         \
|                                                          \
|                                                           \
|                                                            \
|                                                             \
|                                                              \
|                                                               \
|                                                                \
|                                                                 \
|                                                                  \
|                                                                   \
|                                                                    \
|                                                                     \
|                                                                      \
|                                                                       \
|                                                                        \
|                                                                         \
|                                                                          \
|                                                                           \
|                                                                            \
|                                                                             \
|                                                                              \
|                                                                               \
|                                                                                \
|                                                                                 \
|                                                                                  \
|                                                                                   \
|                                                                                    \
|                                                                                     \
|                                                                                      \
|                                                                                       \
|                                                                                        \
|                                                                                         \
|                                                                                          \
|                                                                                           \
|                                                                                            \
|                                                                                             \
|                                                                                              \
|_______________________________________________________________________________________________\
.
|\
| \
|  \
|   \
|    \
|     \
|      \
|       \
|________\
.
|\
| \
|  \
|   \
|    \
|     \
|      \
|       \
|        \
|         \
|          \
|           \
|            \
|             \
|              \
|               \
|                \
|_________________\
.
|\
| \
|  \
|   \
|    \
|     \
|      \
|       \
|        \
|         \
|          \
|           \
|            \
|             \
|              \
|               \
|                \
|                 \
|                  \
|                   \
|                    \
|                     \
|                      \
|                       \
|                        \
|                         \
|                          \
|                           \
|                            \
|                             \
|                              \
|                               \
|                                \
|_________________________________\
.
|\
| \
|  \
|   \
|    \
|     \
|      \
|       \
|        \
|         \
|          \
|           \
|            \
|             \
|              \
|               \
|                \
|                 \
|                  \
|                   \
|                    \
|                     \
|                      \
|                       \
|                        \
|                         \
|                          \
|                           \
|                            \
|                             \
|                              \
|                               \
|                                \
|                                 \
|__________________________________\
.
|\
| \
|  \
|   \
|    \
|     \
|      \
|       \
|        \
|         \
|          \
|           \
|            \
|             \
|              \
|               \
|                \
|                 \
|                  \
|                   \
|                    \
|                     \
|                      \
|                       \
|                        \
|                         \
|                          \
|                           \
|                            \
|                             \
|                              \
|                               \
|                                \
|                                 \
|__________________________________\
.
|\
| \
|  \
|   \
|    \
|     \
|      \
|       \
|        \
|         \
|          \
|           \
|            \
|             \
|              \
|               \
|                \
|                 \
|                  \
|                   \
|                    \
|                     \
|                      \
|                       \
|                        \
|                         \
|                          \
|                           \
|                            \
|                             \
|                              \
|                               \
|                                \
|                                 \
|                                  \
|                                   \
|                                    \
|                                     \
|                                      \
|                                       \
|                                        \
|                                         \
|                                          \
|                                           \
|                                            \
|                                             \
|                                              \
|                                               \
|                                                \
|                                                 \
|                                                  \
|                                                   \
|____________________________________________________\
.
|\
| \
|  \
|   \
|    \
|     \
|      \
|       \
|        \
|         \
|          \
|           \
|            \
|             \
|              \
|               \
|                \
|                 \
|                  \
|                   \
|                    \
|                     \
|                      \
|                       \
|                        \
|                         \
|                          \
|                           \
|                            \
|                             \
|                              \
|                               \
|                                \
|                                 \
|                                  \
|                                   \
|                                    \
|                                     \
|                                      \
|                                       \
|                                        \
|                                         \
|                                          \
|                                           \
|                                            \
|                                             \
|                                              \
|                                               \
|                                                \
|                                                 \
|                                                  \
|                                                   \
|                                                    \
|                                                     \
|                                                      \
|                                                       \
|                                                        \
|                                                         \
|                                                          \
|                                                           \
|                                                            \
|                                                             \
|                                                              \
|                                                               \
|                                                                \
|                                                                 \
|                                                                  \
|                                                                   \
|                                                                    \
|_____________________________________________________________________\
