8350253312672
426210612476
7849024158328
9194240936144
961136292966
728235590486
365538029457
7776004025900
4909588866776
2233989464753
1757510522322
18006898151193
11847409231389
5593590418014
4876002320181
55077237396085
32261834999409
77702594228228
1568286668222
17289436286265
481404626876
1698675846032
829095068625
19267132970000
5864040329451
23764755080
2021160270989
302209169748
1529078545820
9606452489319
392000217644
286833880185
303021975794
47664752337
3550633392503
46975045191
7302870731792
18299747217799
2403604819222
1700440179584
8147842324773
1483418677160
4762321379870
1018364683688
43357406030026
22412968019732
125684437736
1222926505899
33572761898528
27966932924901
1465304346176
16505601731444
33016746594704
3068744913129
594022710278
1798934007549
12084693640982
2921710776032
9582138482636
18727673971745
23078361354153
7906180902483
9971942335292
18126141650366
20932019595106
7542916020596
4648873861490
1436894588108
16521688870106
122428060508
30735683852912
11537252942852
297455050748
22562264229812
4666204995189
3350916835455
17541312191485
2772213128097
4104899852564
653655413536
31238471138636
513782266941
374102303793
95091787337
569278472852
305617608362
73316966721
491991160214
836468217825
49820679530
151364262139
14796607098260
1216437252278
1740969531848
772623601804
34614542270000
13659506358596
3377762807108
388776645317
762531707247
10413549931906
888971325
4746509331297
8751110190194
17187173050952
5363309028332
185338169912
6635857955558
10991996456643
2878234576672
1990542825248
5450650868631
35135106170541
1692130681575
2970570849
3632957581628
65167303393
11354703152018
23769859663
32217503847956
47153658446360
762757976000
26532577901253
607365517539
7668430800608
14496740475
8223775040328
3715393835570
3649321405323
1720983853023
10910129131529
2895799868
9164355512511
11900151209504
13967349801
272923302687
160110524746
1903805958273
16066716715734
5049807840861
6442448386176
5883824590328
2229568178718
2499546995048
1760776690052
772810798430
21886493399637
16026976279852
619256487170
173582737550
16152802192352
16854242307212
337722984788
12651191391345
1384301953423
409944522107
1250090112016
15292634848143
186385446692
35312365814636
470956317756
11584956996562
12597128552198
103824970220
2584767295976
1105185826642
1486442152155
328463433
188970332342
8387637055161
147639487952
810915201236
167697249212
7733888319555
8843194914960
30527621705720
1774652274092
13839236529
20099988489224
9514661278628
4878090275293
19673028186158
156088466014
239306599742
111286566140
5390716477802
813201688971
5148123134414
6900134939774
525071765
46070688867
867182303468
3765237270649
374525005281
1891411755333
519699820442
51644603216
12269195685441
47108115565945
4436664188996
29382147324663
552790545306
206912818581
4867134679623
705926048960
284421291836
2075059842356
7500537934220
2720986505574
17186866244226
457238259011
10097807331093
2793560499975
1353456945476
1659467727861
291798738897
737545075052
393456916467
2991115400997
7626045553545
5724183440
8974257968283
216674086682
14432484685010
2024434269207
35083775824202
422912289038
1410744660962
27166553605496
14634522940294
3159937434584
40304659693563
4957131183037
1849909887190
1199188198437
2357533189136
4342024484421
14743941864549
1356399989864
93956392703193
16904564301757
7474770452596
20329457955589
3256556906778
8492043356363
9935347417658
2145851348312
11915415480813
2752804309583
3591809213889
13093217066343
9726855483843
583411368201
5577243843368
3028943371875
4709984208699
27220662605274
2875769478344
25647538428272
23303115866330
5974135939086
25364660968244
274662394908
61008789215624
2596243724978
14563277851160
4652815055624
3360074577909
38534207727
30583192588730
7393529387288
42416719891202
5060958405
1298478040017
1775943258464
898730320502
5307096352124
23901352507371
10237804389255
2060595133223
621588664427
7464069345491
8927166777254
380973144548
8880670210124
10133064911121
385181767161
8311905989006
11919960227517
585077854011
116161888697
1229383572644
10714553385500
647686351352
13975446805904
11412591418928
10187737444689
2812642956920
5702059721468
248630804969
132050922156
16559264689292
747392542976
16998879836076
5753661038
4382206991987
496223676033
41781564208953
8188031751356
6099000575024
86217528500438
124820731113
2949350153469
6079323708128
704746078031
246078528296
4694510880884
6384727011696
5669608870869
20913111122967
32757192881709
13491070748336
352910570
1815331718144
2734368451921
13327184255167
1866231827523
10884652990629
1082205128108
5602847641509
525199390233
4986446205976
7976195473848
2037765514569
70620548835
23039434016680
4313353484103
36378400776171
24551486720804
15982520108520
4058556281349
24735257921756
6510523038572
1944518924
1681852611999
3099481751504
451948904656
7643135586692
4631617797608
40711419415730
4211967099050
6205255849432
2907790942772
12267616169108
10183525429305
2962051167251
12631527349112
382233344024
25855046553
66282976748
9717230271754
243637523300
3175567195306
13646664025029
16163004823965
5892047619500
1460945411842
3485197823528
1170841139834
152175415356
346061014724
1177174148913
983703883209
1198703515749
4059102755121
92646318260
72032469153
3294987192608
1677039540644
156926906010
9041881770956
10200459666706
2923349367044
10522522990208
419337893144
6480816200458
393753915563
10679847907453
12522752538533
15744620521142
859594615809
1750022762469
765778263170
498927197144
247527439257
4552610323704
283083197420
3436054182098
2899449026408
5075393264120
9546728898105
123545792037
13326301050674
45154377614
2304903297533
1740320866449
558537263516
5292395304392
3667483346115
3450206524431
242581431597
2525247803504
1406572591394
37359785936
1255754404640
2888209126005
169709593260
3107294521059
694474885905
27398296532
4080685604600
19382048653515
19959852093032
4784139623847
21160044088442
969408600062
22895955247376
7741563633278
201515966187
2328921059156
25690794284385
18590845627155
3530118435248
455748639513
695528624936
6101529249800
2096578901864
351244216106
18441709111309
1056456954602
11016588049832
19291306217181
1301605291784
11290448287340
11486520352868
1620082806806
245238231231
4880155791646
1968747846693
27620844285800
108281263880
2163772676288
2666637971822
478353204597
16170382656188
1681998316976
13790704393568
213577331700
3275120829692
1798648949252
20636545493478
6520414434555
3125758955802
3801545543691
1323381207000
348201911468
305546948007
1820447342673
4703649816530
2332252731334
1858803802328
2967751711832
275788786916
3067998738207
23446540269620
585044688921
17397023211170
8738876307728
2666671102568
1248209228
17408599114288
385534285184
3389134023062
9021425637705
5627147292592
7718580235574
2308378946096
16342488057944
155139813891
5373399126067
2638955071586
1146461829218
7526134892300
23511455302255
33370009092016
442843853458
27114909572259
458126386023
1296222308018
428326654664
9861193756568
5588409440
10534076807000
5696388920589
562375677116
7517219253009
1259706031169
33284605261718
307823411320
6611399151111
2390743452513
11362421642708
10180418678997
24354192989001
1414392980721
20928529159286
138336216957
1571000263610
50908285386609
1031801432528
25929253789976
140846929670
98900494112
1951470536696
91398966356
7279569660116
688081831868
5282661073689
119345726880
1079506453184
312055070858
1171094325207
5190854058884
15558662192096
3008114712975
6705157923595
3655722856508
2843868677048
558656432009
31761673421744
6843382408719
11094016557440
26493040547457
3992607357200
2085496051772
100130346115
23783121672933
8403365248472
1989467338412
1997772282212
36339637928
1912721191976
214161392576
38872474372820
2949911025586
15242860939219
3393006539217
256231619313
15833764884512
532247032892
11040058550337
7278408335949
28140745320759
1581466902500
9556432617102
2549773663674
1371649758303
18938390318156
22929841611251
707456567792
9520655194225
18723144018129
2651161982486
1549303569
10424818156268
29766922019
2502538794657
142332580712
1514914288686
5489564664800
872910216956
1265377068788
20410389794288
81017021763
18981665178298
9490483970522
6536041245188
175038203304
32383613893574
411882112712
16959248116630
1367605488500
7716602980352
5197360348820
1176716120798
4081594360526
10611604263800
854673166244
8917633718529
360785455281
4335228054933
427650128571
17581064217
12048231280509
136902247586
831090954548
408295505036
15468060808065
5295345250088
14448028402759
836632466673
39908148432938
1829210180213
2325943096940
737539591304
1002892850876
225766102106
36499420029189
1975745558756
986944960840
4871682164144
29554188155817
2249713430
35060493556172
34277749257
8218138656662
1304572253181
11511584575791
7464774380
8702397705777
11922797361819
3153991005
57470715435
2547195373239
3835531556594
466088266784
180620417665
2347409699825
2524317821697
5551401058008
4720118048624
2608668159117
4285376397551
9118736930720
9864196650884
15117204691563
1420750797680
30792191971605
4385954569177
1985852584526
3734418460632
1197869189300
1633821265640
28835524085829
40015255783592
262027455578
17216528181621
1037489649171
2293936484091
3312289116957
6690155848935
143702645384
15331369694289
4766182192463
5323655571968
18074838086552
2593329534200
10835457945567
14453069409614
1262953058577
17096194935524
2640751542093
3195916497992
1418679336548
7918565652098
245280624527
3310325259955
4310246752049
39521694757257
5567995242538
3055689514586
1426600905765
8709043387190
884114818971
8175603269729
1105436734676
1693805247622
2250614353434
3116459302238
256089081197
1796473928309
14628485509627
4183281305319
413740264832
68017062080
358967489037
2535541042173
20148249210932
15599351900096
10777958286248
212115500192
4011926408588
15565666886450
2058605114312
2457946750664
1762674180072
1775279502452
5731714863861
14815717124600
22808281455843
748146525392
38608772469752
1961916074552
18070931571
468540389612
9019532200088
2119934917280
964543355817
11018087078581
54685076893976
113063159402
449571745947
29766368890244
918466849873
835952598645
27206928113165
10495704270189
1427410698872
5120171817813
4040730901962
2674805674736
12173645836532
16714741334077
29023072020285
72547472390
14381231303864
13625043872349
3858822393356
3544451839686
30059049697472
1827377306552
178411917111
75696185702
1631126266089
699343001012
4236900436696
11284999476212
1991123694992
938276277140
6657922740255
424000682552
1296494073541
6028853025260
3074651396785
592058348552
34597494795404
12782127865148
234865301013
1985045515293
32099605299249
35968178929695
36974750153420
644843176347
13699657508240
9200499405153
322430419059
559990603856
10304719215837
10995118280817
10082415655736
286274607632
7556842496
3730765747640
56257030345197
9055616939820
1105886752220
4181387748765
1144768857860
14914991711396
5902607829454
10868151028796
17974155622556
43248046512871
3021760233380
16583048146487
1083701652171
626519994320
13144355949
502768314734
2121355867629
21156830127200
75252974708
5170888657221
517172821600
56611117778
462569689377
6482067536
2835555433371
455816975362
8772836974148
1266003216162
86217624512
237720909440
1781057955692
14262933375550
27343581753129
8388077357805
1175600320
4190885093025
7647915722686
394843236860
1597601508849
915392916369
3320524945280
6836249145368
2695263606128
18954150093395
3633962113460
5424179128275
103052248256
1451190381326
2480653235949
30420884199800
13545790003881
56537078403003
295390842140
1888255840222
11382513920372
251210953430
19699653514454
13880394414039
28160357547027
12918865933168
562499652078
6169017560111
9436232317557
5163502978136
383883795232
2722041100203
3374050967084
1798368427258
62460240820466
79612035576
38576195299401
10551067435209
67513127334104
17606172002452
10851676939532
11260358543540
1066337638161
9499219415998
3704731783436
4587335785642
4466417715
20708731190
39055873306268
5678783699084
35858403717862
923768118020
44780014666748
9973041975476
2479288997422
3079590386600
13747677330813
2428001780852
4589026170068
4464050367476
10887844160
3911940810818
2129768033420
6180604598475
11416833687485
3897107081867
2040909940250
11569631813582
21582132682052
55700226116084
94440351
5778028805688
22538292862350
208466931377
271912092110
312999302396
136959072531
84308308286
35456442364299
78057233964290
630853103348
32557114169323
4538598203684
45238076961
30475079102
4839636280088
4549048024008
142344765910
119370968246
4547379559737
2074804442128
18677215872224
10771300318506
3305435063115
1464156564367
13546368734602
205825605304
4580830695
20613775911559
1204947206084
7955156298032
12486389379608
17998556888
3129506399490
217451533268
2236743408602
87309328039760
4504531089597
1758435261369
434378343777
848905065812
2090689441616
2411374173873
26822941133916
6303914499512
6942908742
28284052599838
13502437326010
11676409989789
648586277858
4152990563012
3760324040072
6302862994863
28100286251930
8568787036389
3819479173333
16612101122810
498411991377
7947865977212
612574760909
16512938411099
2752854684428
6745650941877
32820744950146
22004392494314
905792373668
2823962378060
5688463244744
13575330022232
740969808589
7220851665
27473183854629
71232100196408
2595947606097
4653310042555
3252196226772
4321650149048
9271561524141
3537570111873
240346918005
2165164474464
5599886963864
20724177816208
2289446132798
3830940949112
1152494523400
4277032894784
93370787766
1217748137312
377535431967
101416656296
4574971511733
6220321334480
12053272777616
534527159096
466161582152
22502716575507
36130468903941
3587586078188
16409983416873
26964843778065
672697538307
491184919802
11825724159200
485796305612
64933199907
980797101411
6621741681
18667329052471
24399499165004
13194068731364
5622587886152
4968608564996
8357910364484
15411395277189
7966412925392
1657960812158
15670896054602
12276898130108
5677202933529
908729595633
895249038927
15832740642320
