2519
1065
2152
2973
1474
174
82
718
2557
650
1216
2963
2495
2055
626
2503
776
2532
1595
1360
352
745
2865
1011
73
1174
2917
1870
2227
63
1734
1766
2647
232
2800
137
545
1766
2229
1994
1627
2621
2007
291
1109
1716
2922
335
1065
2870
38
2086
2899
1316
2028
2003
2167
55
1967
2404
1685
1132
956
48
555
188
2479
883
1756
899
1588
719
1450
532
153
1334
1312
1908
168
1445
98
1427
1338
235
2640
874
29
3057
2317
2665
2323
1651
910
2041
1807
1267
403
2996
1191
854
