1535
1857
2763
557
351
2009
1165
1052
129
2261
2514
2133
2021
3020
2369
2978
2454
67
1794
3029
1018
1448
755
2597
1515
2894
986
503
1781
366
2406
314
772
1842
1050
1485
2722
2798
2702
2738
2419
2441
1854
988
713
1101
1727
2118
1661
46
2519
2968
1984
189
2156
2236
645
2936
483
1144
1853
917
2887
93
2897
56
656
2675
463
1388
1939
1008
2910
1093
275
2705
46
2448
683
2926
2831
2437
184
15
1125
690
1289
820
493
701
388
3025
1856
1011
1108
680
559
3033
816
2950
1139
1175
2741
2667
1950
1046
894
1378
2459
1960
1036
1848
352
1100
2044
1198
1943
2219
820
2910
2365
1419
289
2825
1943
1500
2937
557
1459
407
615
1866
2184
1825
727
1830
2388
2971
389
2710
2480
529
1652
1114
788
3005
1318
2844
2376
1618
2379
116
704
1113
149
2703
1853
2746
1355
904
2265
3028
1105
2629
1410
2464
397
380
1254
1647
1123
2514
2329
2156
2899
111
736
2678
1539
1144
1146
1214
1435
2844
718
2387
894
2934
526
1813
2959
821
2603
568
1824
2410
675
2058
2628
1287
806
1669
2128
2713
1776
841
1382
2557
2576
1691
478
664
2016
212
1043
510
2519
1310
1614
1274
2215
1479
1656
704
1799
601
1378
422
1529
3008
1453
664
2389
959
98
597
1609
726
2998
668
2228
1590
1983
1228
758
442
170
2903
680
1083
684
1652
2083
2205
293
2926
1445
2089
1114
328
2570
2336
2581
708
1890
1739
109
1154
2431
1408
1008
1167
2369
2240
1274
2409
1641
1419
1509
2270
2612
202
424
1293
285
2910
2991
2661
616
1554
2266
702
887
2676
2044
2594
191
1175
1249
1842
564
397
850
2974
1333
1799
3005
1856
2848
613
2877
1569
361
1251
1622
2368
3042
2880
1229
1905
1961
2256
2868
1784
1325
2283
1326
2238
2200
1149
238
2719
2966
2852
1503
686
2056
1091
1359
2315
519
62
2032
2125
1278
956
2404
1754
1643
694
2531
993
2668
1206
1547
1663
1099
2391
197
1023
2288
2383
2696
2247
1773
1335
488
2848
960
1355
690
1416
2976
587
41
1614
141
1363
2765
596
209
2436
1530
2276
2484
129
2267
122
1392
561
559
2047
882
2079
2734
1581
2110
1956
2944
147
2108
50
930
696
2445
274
2958
1239
290
1422
1090
761
1795
1388
157
1442
1456
2992
954
181
851
295
2287
2041
262
2429
1243
2177
303
2033
79
219
1791
24
2519
1945
701
2577
1354
41
1231
1081
310
1710
1581
2424
2911
1688
562
820
2883
437
2135
820
2993
211
1181
910
2037
1014
2466
568
890
1363
1231
2535
487
1172
192
623
1710
2687
1311
1728
2380
3042
1884
2566
2401
867
1753
973
673
2269
270
2849
1723
1176
1950
145
1741
944
1071
2723
130
2013
1094
1058
2640
2182
