2604
364
332
1880
1774
2091
1660
1106
932
1397
779
2989
1296
1282
1060
384
2709
1682
2450
1914
2470
1759
315
1155
1666
2763
808
2186
2911
1900
3004
216
2754
1150
2612
1685
2234
779
303
2646
2346
2221
1416
1922
250
2540
2096
69
2221
2388
1464
2829
2511
2305
2020
2571
489
1593
1724
2158
734
1660
917
1444
474
2496
2951
973
1685
2889
2596
141
462
447
808
2560
2045
2950
2746
827
117
2142
499
2609
1756
2189
1159
1000
891
1768
550
2943
2619
219
2530
1279
60
652
633
2102
2305
3026
2986
928
2294
1435
2883
663
103
2413
1664
2030
2802
249
2908
1186
55
2009
2820
2724
1163
2550
1657
2403
2938
412
2179
1163
990
95
2041
1212
1335
841
2874
1222
199
267
1860
1348
2995
1313
992
2305
1545
849
487
509
2470
1214
40
509
1085
1351
2608
1564
1587
1302
2539
693
2159
752
1170
1827
1558
2058
1741
2428
2169
1795
2282
93
1785
280
1058
964
95
272
181
2400
348
1510
1954
2648
1515
2462
2254
559
1361
1904
1133
1851
302
2276
377
2805
2086
345
1880
48
877
1053
2215
1082
1489
2957
2573
957
1962
770
1798
3009
2401
249
298
406
1224
1219
2968
113
569
1716
760
706
1551
2420
2515
1612
746
828
1023
2397
347
937
1654
1532
2063
1825
1244
636
2014
2165
818
2909
1545
2383
3047
2016
1772
1451
2075
303
2880
796
2235
614
2682
2390
1301
2904
2025
1329
2910
1259
1186
1464
80
301
2392
3007
1225
383
2969
1023
1217
1728
468
2924
1956
825
1564
254
1624
1510
1791
2819
1139
1891
1897
1590
372
781
665
3041
1981
1931
2553
953
486
973
1922
1668
2540
1015
2106
556
1680
1061
438
39
2074
1106
2295
718
2067
327
2244
2042
1650
2040
2047
2945
195
354
540
1844
1928
3056
1056
1757
1553
1243
585
1013
2811
2279
2088
2369
739
1727
606
2845
2797
936
2721
1674
1922
738
2377
1059
1860
2533
3034
2727
2607
1585
1202
2432
755
804
2335
683
2002
1865
900
1602
226
2960
495
1441
2506
2743
1408
1295
947
163
159
2912
2543
1551
3048
2874
1744
2223
641
2304
2592
1807
1367
1099
384
1377
1371
2954
2279
1957
97
1756
3063
3048
939
1412
1737
2041
1524
1986
2820
2246
1378
2833
1199
805
483
822
2568
741
1614
190
1027
2908
1508
207
594
2337
2225
715
319
1272
2950
459
2928
2814
8
2096
1321
2469
2629
661
2966
2018
636
36
2136
2908
1720
2235
346
2897
2560
553
1687
164
2607
2218
2537
2755
669
111
2365
96
803
2022
1817
275
2558
2471
2730
771
165
1980
2701
2072
2647
940
1501
1637
1724
2688
967
2428
935
1805
22
3028
2003
676
2061
370
1700
167
2651
2399
1414
29
1687
2482
1058
2814
2534
605
2455
787
1886
2373
74
2932
2930
2908
1038
426
114
2566
1809
952
2997
620
1575
1347
1649
2631
1159
2594
266
1143
1742
990
228
2767
2883
2879
3039
1866
2798
1305
340
943
1641
1388
228
1967
1638
3061
404
1408
1165
2112
1804
337
2545
791
1912
1507
1115
2068
579
1395
1406
2515
788
2192
2484
1377
1442
2349
1358
743
333
165
2703
2097
1690
2250
1980
187
218
441
1580
2495
2874
2952
1111
2209
1388
1183
905
361
2500
2975
1924
2397
1857
1877
2851
1503
1165
2821
890
714
1177
1639
518
2763
1662
352
2603
95
86
1373
980
1053
2665
529
1734
679
795
381
968
478
2338
1988
75
2095
1233
1395
364
1286
2573
2884
1348
1653
1612
838
1640
1971
2267
365
2018
1588
3003
1357
60
529
490
144
828
2121
1639
2772
2498
995
917
1864
1772
674
2433
1601
206
2265
2326
1516
930
1225
2698
1556
1267
98
13
802
3028
914
1117
71
379
1728
2981
803
1882
1943
678
121
2066
2784
2505
2046
1404
71
2587
2403
483
931
1961
2445
2938
2435
586
485
1636
2337
1622
1501
755
1747
1813
947
554
697
1528
1673
1897
2751
329
757
1293
2306
1470
2494
2329
624
908
1740
2324
2294
1618
2800
1408
14
1589
1562
103
2780
657
1485
1628
1555
2004
1932
601
953
276
1655
2809
808
1680
2388
108
2187
1142
166
1875
2619
2245
1560
2894
549
5
2630
158
1626
762
1523
912
1178
1153
173
278
2465
1171
721
472
1409
2665
1295
1329
3054
2621
2382
1431
2475
2847
573
446
2555
1976
1607
2539
2703
2348
1228
346
2125
2374
2100
2712
2247
1145
2313
344
1575
942
2177
2194
1175
1907
2740
1354
793
2982
498
899
3038
2167
1939
2343
663
2728
1975
170
2551
595
2463
263
727
1307
901
1827
197
75
1059
2848
978
1851
1371
1247
844
1943
932
3001
2126
215
2704
2998
2839
1454
927
2971
2451
453
1003
1228
828
1235
1794
227
192
953
1159
3053
480
2018
1082
2092
2970
2003
2388
3008
2506
634
187
2556
1289
1828
2738
566
2936
2600
362
2044
1621
192
1207
1293
3015
226
408
1767
311
611
1639
2295
1878
2361
957
2111
2165
480
3058
1482
2195
2198
1190
2480
2422
2142
1475
689
776
2617
2841
830
332
2142
1379
2839
1841
1957
303
735
764
2185
1393
969
1421
2516
309
588
2383
536
1061
2630
2529
2835
1826
2258
1230
5
2751
1897
3030
483
1091
856
760
2225
1684
1178
2383
2624
2574
1228
843
910
1125
2685
510
2167
157
1831
2583
276
104
1668
2537
602
925
3033
1571
2225
1904
836
138
2762
1093
1411
1895
959
820
1174
3018
1148
707
2255
473
2171
601
2295
1215
2868
339
100
2528
2079
790
1667
1341
839
1100
2046
1808
2533
483
