109.5947079 75.7376466 228.0528825
84.3030249 94.7629698 351.0982840
98.2089609 135.4604058 283.4310289
74.0270221 66.0927406 325.8403055
55.7942649 47.0724062 21.5409759
90.9780193 100.1290960 186.4108400
94.4298682 109.1647733 137.7263110
126.9645620 38.0362245 327.5288077
75.9802606 118.2817200 279.4623222
68.1615728 64.8202377 340.0962505
82.0731381 63.9832961 310.6012946
54.4426304 128.6462761 48.8140748
106.0613030 39.3634993 191.1428899
126.6056871 52.5414354 58.8406955
67.7347769 31.0984605 210.9637565
111.0900536 81.7190439 31.2319095
129.5414991 40.8421352 172.5394339
40.2243707 95.7070509 167.0053832
74.5788174 79.9613633 83.7459673
72.0902213 106.1068870 85.0302593
112.5566524 83.3676852 137.1747441
146.6321929 50.1291106 47.5208279
116.5718662 75.0870045 54.7579634
83.2946577 166.5199934 145.4914770
44.0454311 136.5956559 97.5946434
105.3090689 41.3946507 77.5604380
102.8639879 57.0157676 147.7834539
116.1120149 49.7647116 293.9624890
109.4349122 54.2095479 67.4794344
69.7065277 55.9795691 66.5409759
78.5493475 144.5650643 19.2306724
52.4309069 90.0000000 325.0975044
116.2626337 110.1237315 204.9217705
118.8444361 90.9642603 316.3639275
101.4199191 47.1298039 137.7263110
85.5862138 73.7147868 31.5618118
120.0333287 133.0897859 124.7778314
135.0481396 48.2079501 235.5207843
154.5606677 122.4800533 48.7313970
118.3300469 50.6674480 56.1363094
145.2618326 121.0849945 143.4985589
69.5197814 30.3376644 70.0168935
109.2931837 42.1725936 342.5528116
113.8112472 151.4796740 77.2424678
130.9809146 79.4418817 46.8881880
96.4053940 153.1340526 121.8659777
46.2709412 38.9197993 153.4349488
123.2355468 47.6616849 72.7585406
67.5721836 112.6296928 221.0995063
98.5646996 151.9660127 327.3390873
