137.7933235 134.7450067 352.3666694
115.3689733 130.5482468 339.2909624
97.7803661 51.4023808 47.1210964
40.9633983 102.6919026 58.2985703
53.1601354 16.3895403 180.0000000
81.7679644 14.9506160 328.5704344
79.1012010 88.5511753 166.8424573
100.9158065 150.6935340 338.6293777
118.0084743 102.7280145 230.6405494
70.3775532 71.7840312 214.6409475
71.1969100 57.7421063 101.4965630
83.1925477 132.3096609 135.6585432
137.0291940 123.6849817 41.8004603
84.4570897 74.9010207 303.4951847
89.0561621 102.3186564 217.5284408
118.8149822 81.7739112 311.5526131
81.2957563 67.5842991 64.7988764
99.6092365 46.1552371 16.1644992
131.2326179 51.3292135 18.7886220
126.6412255 41.3965690 348.2875277
96.4416922 119.1659688 274.0856168
90.3603896 97.6315135 163.7909751
102.1420579 48.2609191 51.9272181
98.1580358 124.0779937 175.0607845
137.2188034 121.6486842 32.0573757
134.7219359 82.7507586 224.6968506
110.3222552 64.7844624 37.6735933
99.6895180 92.2995864 83.6598083
89.2860571 122.5202691 286.9908233
126.4120247 123.6243024 218.8298249
128.9883716 134.8691401 239.7886776
70.0285656 71.6900389 201.1612598
115.0173900 128.7550564 239.1457955
80.2869852 106.6468771 116.2319399
109.6083938 97.8656582 319.8566039
93.0483745 49.0368895 294.3764686
137.8876354 121.4775404 213.5549362
82.0609530 107.7372041 253.6518285
128.0078123 46.5707738 11.7934297
113.1149857 98.6437066 144.4623222
94.5357075 33.3150547 74.3577535
102.6693723 41.4113341 76.3730051
130.6024502 130.0288485 310.5391517
56.1960853 125.9606518 33.3407073
124.3261839 95.5388285 134.6725991
53.1413210 70.2011236 0.0000000
24.0624188 92.3818173 343.0724869
119.6912695 69.9678143 43.9190758
87.7895210 146.2566743 151.8583988
72.5534286 86.8395790 173.6598083
99.6242942 70.6556707 90.0000000
123.4179890 125.6888631 61.3895403
85.0058821 44.1435281 142.5494218
54.4518136 74.0098010 6.5819447
96.9535971 128.2324044 299.9315118
21.0475652 51.8553717 25.0168935
74.5855214 101.6019593 239.5742162
76.1183289 83.2096364 295.8870263
34.7706773 23.0277221 107.1027290
131.1868896 54.0592098 52.2669544
107.0560601 121.5397804 313.6677801
114.4814395 118.7133083 84.8572354
73.3552997 129.8453178 343.4956386
102.2056750 29.4490621 58.8406955
107.4523150 92.6670657 201.3057836
99.9399820 76.1049528 194.3227200
93.8616002 35.9330962 356.8778695
120.2705284 37.0413920 206.2113780
78.3007024 96.6002507 171.8698976
82.0060973 87.2041824 162.2286792
47.1274867 63.5382780 185.4403320
100.4290795 125.9783312 214.4722139
82.2070557 90.6969863 189.8060928
109.0458619 92.6280628 316.4878675
89.3588272 34.0937097 183.4336304
128.7866453 138.8669162 97.4605661
147.3329563 130.1505342 232.2142620
100.8464179 120.3791260 313.6028190
126.1507035 45.1296126 36.3571974
91.1537163 58.9615926 13.3245313
98.1580358 165.4268131 301.7594801
72.9040465 126.1439783 249.1022345
95.5562661 99.0313912 195.3616163
116.4044673 47.9269630 66.1048386
67.2160695 133.1853080 1.1691393
53.0377224 2.1610795 90.0000000
108.0833012 74.4361800 286.1721590
89.2076230 156.8099819 265.1009075
106.7988764 137.7065609 211.9208762
93.2362590 141.5321367 136.3971810
95.6504051 52.6721600 331.7502645
109.8817546 40.1411916 161.0534953
90.0888450 126.8275308 93.1798301
77.5241898 114.3792371 347.7352263
34.6698716 162.1449198 48.8140748
76.6485486 93.7402204 78.6900675
139.2443895 49.1919292 236.6114864
109.1466903 150.5037915 315.0000000
126.5780392 53.6639714 333.1836532
107.8146558 77.1379610 111.1940565
