98.6356933 119.7870337 322.5946434
44.2379927 140.2256612 32.0053832
69.5485442 77.5447696 103.6269949
80.8331615 92.1269343 328.6713071
85.9418408 130.6626045 131.2686030
119.7747887 145.7460797 110.8544580
73.6070649 98.5946013 192.6995845
118.7939392 143.9128529 300.9637565
99.2471662 103.9940131 105.0463918
135.0111107 42.2106452 75.9637565
127.8436545 140.0460943 177.2072976
116.3185282 87.5363581 52.3412258
107.4150827 132.0899860 340.2011236
46.3357314 83.8052602 297.1213034
112.8450265 63.1313134 256.7920715
109.4257739 127.0957324 71.9802307
86.0755482 93.9971129 194.8454521
130.5718193 45.2033212 288.2394008
63.0158710 125.9552832 1.1233027
103.0097083 79.3710117 200.2248594
102.5573011 102.3870295 238.0552472
144.5371924 60.5789994 316.2873289
97.7445651 169.1586596 45.0000000
136.9561974 131.0824514 128.3130907
73.9864853 133.5759159 216.6561084
85.8719978 46.6014483 276.4416001
102.6547612 101.2346636 105.5545713
80.0562302 100.7992410 82.6942405
30.4795013 105.2167621 342.1811111
118.6844556 139.3157261 116.8962370
109.7861558 61.7286380 10.7288593
53.7401154 114.1657432 101.7682889
97.1442227 40.3809286 287.5712588
89.9444273 134.4617138 198.1527059
76.4591394 129.8563639 171.1796204
121.7620631 92.3534380 308.6598083
100.6081508 117.8500365 171.5966289
44.6989933 137.5843950 275.7105931
93.8189746 102.3085681 83.1075769
104.8522770 105.4883458 128.5712523
102.8494045 100.6457481 115.8045324
63.8592202 74.5611020 226.9749340
50.0199960 178.3798626 225.0000000
45.7055795 141.9664401 353.8844964
146.9353599 57.9373886 226.9525090
99.1564420 110.0531989 255.0685828
59.0846850 108.7580396 65.7255589
32.4499615 115.5585672 82.1466867
57.1489282 78.9024766 320.0636169
90.8074887 98.2307433 317.2545750
127.6440363 40.5423405 195.3762512
70.2210795 32.8383801 193.6713071
96.0728890 101.4063809 228.0127875
109.1558519 84.2162953 36.7643807
91.9238816 64.8959097 331.2796732
116.1378491 54.1608948 282.2647737
91.2688337 36.8856590 68.5870305
94.1753683 91.2168806 59.3493320
89.1122887 119.5879547 340.3959118
95.3362470 128.2330941 34.1144729
34.6554469 121.2919376 101.6893692
68.3373983 85.8041259 194.4440357
89.5656184 104.2190659 32.7748773
94.6784030 111.0455732 185.1944289
99.7296345 109.3230846 227.1529628
134.4172608 49.1047745 190.2039737
120.6896847 49.7378694 228.5214534
87.0459649 130.9064916 340.4633451
62.5619693 59.2366810 350.3624619
139.9607088 66.8607320 45.6295986
92.1357694 133.1392282 22.7509763
22.1359436 154.6230665 288.4349488
93.3059484 130.8259394 164.3890115
70.7884171 100.5821935 187.4314080
109.4851588 114.2685871 204.2539197
117.5967687 66.9728538 116.3282931
100.3095210 124.6276683 199.0934920
124.7757989 45.1490455 280.4207124
82.5651258 24.7184139 10.0079798
103.1697630 63.5211730 287.6501242
112.1338486 105.5177811 59.4000213
153.0032679 52.5672262 235.3943244
108.4158660 44.7465187 121.6075022
71.7843994 73.8226139 113.9624890
85.7321410 16.9680932 92.2906100
76.1183289 96.7903636 252.2842073
112.0446340 127.3657606 325.0606898
70.7530918 136.1219381 253.4126614
108.0092589 148.4056749 226.4320962
24.3721152 82.9294449 119.7448813
77.4402996 28.5864956 266.9059419
98.7825896 114.5226477 42.7454250
119.0378091 113.7804594 226.4878675
98.5596266 110.8004915 205.7307056
132.6876030 110.7453692 220.7515455
122.6458316 128.2920744 227.5261169
134.5399569 67.2629647 319.2484545
90.9065454 45.2495976 16.1892063
121.4084017 46.2209174 332.8503183
79.8811617 143.2439041 37.3493490
106.3014581 73.6074773 154.4400348
78.0448589 83.3780159 210.2032378
102.3034701 107.6390834 259.9579764
114.5076417 53.5695312 242.8786966
95.2575456 37.0759498 144.9262455
136.1506519 59.0602547 227.4292733
156.0865145 51.5778847 230.9743233
98.9696923 135.8395223 199.4861296
140.1427843 45.6301877 3.4336304
108.8577053 59.6522676 334.7988764
55.8121850 9.7865289 341.5650512
97.7905926 49.8917512 150.3501365
108.6784247 116.7996097 89.4093428
136.0882067 124.9707148 302.5500035
78.0000000 55.6600051 25.7693276
50.2493781 76.1837471 225.8303155
78.9050062 74.5651302 28.2497355
24.8596058 139.8440540 3.5763344
57.0438428 78.8817726 198.7586503
93.6696322 138.3576632 46.3019527
98.8888265 84.7782113 32.5604380
137.2770920 45.6278867 272.9207215
117.3072888 60.9283282 20.5560452
63.5688603 78.1996141 315.0000000
90.1443287 50.7785547 209.1342922
128.3666623 40.9179851 153.1301869
137.1021517 128.8489583 134.6205633
104.6231332 127.0248454 31.7872531
115.3473017 67.5760573 200.3044737
117.7879451 61.0582300 247.1663458
101.4347081 108.3894233 293.9020504
99.0000000 34.0772551 332.0490310
35.6791255 147.2276349 338.7494945
102.9805807 140.9726523 153.4349488
58.9491306 104.7413932 142.1250163
126.1625935 62.1181068 32.5500035
132.5179233 48.9653772 250.1148349
137.4372584 62.7166708 39.6854543
128.7672319 46.2772333 331.7826441
161.2482558 57.3476209 135.0000000
100.7422454 49.8185063 335.4328287
59.9499791 106.4733740 310.0607845
99.9899995 39.6391951 76.3994575
115.9913790 59.9975413 133.3864611
108.9724736 41.9861135 296.9165546
133.5589757 111.9851612 141.5569465
120.3702621 60.1017021 320.0538261
96.7212490 140.8435106 272.8155567
147.0884088 49.7690587 331.8374726
110.8241851 94.1395771 118.6518285
145.7017502 48.7854728 135.3696451
117.4989362 32.5884679 211.4295656
51.2640225 81.0220200 260.9097231
116.2497312 58.9269692 56.4695303
108.4204778 94.7616104 149.4000213
90.7964757 28.2256920 27.7585406
35.1710108 75.1735200 151.9275131
64.4515322 133.0537017 356.3477772
84.4926032 67.0102322 225.0000000
133.8842784 98.5911570 312.2445753
127.8944878 138.6440040 320.2812406
110.1317393 88.9594475 124.2673354
132.7290473 65.9932744 54.7369883
77.4273853 14.3847025 188.9726266
59.2368129 61.7916600 196.6992442
101.2570985 137.7901249 88.3153157
109.3297764 125.8301860 293.9624890
89.7719333 22.3971271 344.7448813
107.4941859 128.5567529 57.6333619
102.9028668 148.7791173 83.5411836
91.8749150 119.3271986 272.8624052
42.3438307 103.6601234 334.0577045
97.6422040 116.1283423 348.8182458
92.5472852 52.7642436 277.8001879
84.4866853 163.4820982 92.3859440
107.6289924 116.4858311 131.6335393
59.6741150 124.7335806 50.7927965
96.8039255 107.4320561 340.3879063
125.8491160 135.6548453 310.3893507
107.1120908 57.2149529 268.0908476
109.9317970 105.8366970 49.9863338
94.7945146 37.7036082 284.9950791
88.2099768 62.3027188 13.3245313
90.5317624 71.9839307 92.6630008
97.0206164 89.4094369 75.6772800
109.9727239 85.3057508 211.9499714
98.1121807 53.0331789 203.2945633
95.5458005 149.1181063 163.4126614
112.8671786 30.7487856 117.8972710
133.4353776 121.6412189 306.7690249
101.5529419 38.9295328 302.1957339
125.1359261 126.8232347 14.4524283
84.1070746 23.7232116 18.9704078
80.9444254 108.7359976 164.8759927
92.9784921 106.2383955 257.0534905
59.7076210 84.2326306 233.9017160
127.5343091 105.4617453 320.6122032
102.8834292 90.0000000 344.2075965
90.0111104 100.8865878 135.4583565
98.5646996 113.3083398 135.8951737
55.3082272 16.6113195 161.5650512
94.1753683 159.1357574 63.4349488
123.7497475 73.5708873 50.8124824
116.8332145 31.1383693 151.3138524
102.3327904 66.9906367 273.6522228
89.5767827 31.9582366 27.6459754
104.2065257 110.7973752 252.6810616
60.7289058 111.2394062 32.0053832
99.4484791 31.2718551 98.9149270
96.4313227 130.7919843 306.0850730
119.1679487 43.8074224 96.2634906
149.7931908 52.5907381 146.3099325
128.5068092 46.1660833 249.8056658
87.1894489 146.8516174 189.6598931
94.8999473 153.5959283 166.2930390
85.3522115 107.0318916 287.1027290
58.7026405 137.0968422 328.2985703
122.2374738 88.5936833 36.6823508
56.3382641 131.0522688 63.4349488
132.3744688 42.8809068 202.8645081
86.1162006 107.5728175 177.2072976
92.8439551 57.4158289 355.6012946
128.4289687 61.6425562 239.1231869
123.5475617 121.1994720 240.5241110
100.8464179 49.8684707 236.1038334
57.1489282 88.9973792 327.1442780
122.1679172 36.6617341 118.6731465
69.6993544 137.0302858 239.6567511
113.5737646 146.7682527 46.3019527
104.9237819 110.6486864 213.3663660
124.5672509 142.6317833 307.4761796
77.3369252 84.0625043 195.8430821
115.1129880 120.8331602 11.0825695
110.7158525 37.3610380 4.2678933
83.6480723 90.0000000 62.2095575
153.6131505 63.3088954 133.2285303
109.6220781 113.6644147 213.2152515
144.9862062 130.4163763 303.5461086
79.5047168 70.9117187 279.9638042
103.9134255 73.2197453 320.7105931
88.9325587 101.6773727 68.4429207
53.7587202 161.5650512 241.9275131
98.2547709 85.9145952 298.6571175
142.4289296 132.9250767 145.5480654
82.3225364 45.2071357 83.1182764
98.3158176 167.5395336 135.0000000
42.9068759 73.7591642 95.5721978
102.4109369 163.1227715 317.7263110
108.8209539 151.9068341 264.4006607
101.7595204 65.0033744 99.3601908
84.9234950 164.9225221 354.8055711
86.5794433 116.0339258 197.9691397
87.9431635 37.2531581 275.3893118
59.4726828 89.0365580 317.7263110
89.3196507 91.9247688 12.9465095
84.3919427 24.1595375 22.1094483
113.7892789 62.8072709 209.6044507
64.7842573 50.7378300 66.5014343
116.0818677 38.3782222 240.9453959
43.2319326 103.3742387 18.0041616
91.1975877 131.1408344 286.0599873
114.0219277 46.1439279 288.4349488
105.0856793 30.0074883 68.8059435
63.3561362 68.7137772 26.1310005
80.0249961 115.1422610 83.6598083
92.6552751 79.4277193 171.1581854
51.1566222 63.2819985 293.1985905
85.2877482 126.7250542 275.8773926
127.1337878 129.5777035 155.2656975
100.5335765 64.6771871 335.9734934
125.0479908 126.2829128 53.4711446
98.1274681 142.6443444 262.2781742
102.8445429 51.5158253 96.4187867
109.8362417 70.8670866 242.4471884
94.8103370 82.1190129 116.5650512
86.0290649 107.5911972 15.5615103
93.6803074 54.8002669 70.1447856
101.6169277 103.0817017 71.7481042
117.1921499 71.5956663 48.2808808
136.5064101 58.1668282 225.6986944
49.2848861 150.7479388 228.3664607
128.3978193 50.8870026 162.4744316
128.5534908 54.8558256 124.1435867
61.9919350 17.8734537 86.9872125
103.2521186 102.3023634 287.8961329
125.3275708 142.1789644 57.7575322
146.3625635 125.9856029 123.2875277
133.1502910 48.6308942 346.1028237
151.9835517 55.9945993 317.5733595
67.7790528 82.3694788 224.3969088
105.7260611 117.0008349 170.8376530
35.0998575 103.1747122 290.5560452
124.1410488 124.8849261 315.7957236
127.3616897 61.3830919 206.5650512
73.6885337 118.3575356 107.0377678
128.9030644 131.8488644 144.3235918
79.3599395 112.9934128 340.8209920
116.3958762 77.0926234 49.2891533
124.4748971 84.9300878 221.4032829
74.9733286 96.8945663 276.1701751
156.5950191 50.3132468 130.9622894
98.6965045 69.8493080 71.7605992
104.5466403 142.5518616 199.2900462
113.1812705 112.8771723 204.3530092
30.4302481 72.7969830 63.4349488
108.2312339 99.0369336 227.6541955
109.4988584 115.4185910 294.4919010
101.8086440 110.1074747 322.6506510
89.3644225 73.7545133 40.7461636
105.8725649 96.5081078 155.8715971
128.8293445 134.3146775 241.4887537
33.7638860 53.6761305 233.9726266
127.3499117 52.7975395 279.6480453
61.7899668 77.8547834 250.6651915
104.1633333 35.3110517 147.8937440
101.7742600 129.6925942 275.1281910
75.2063827 44.1084083 43.4518423
103.7930634 142.1886448 59.8083770
110.8738021 44.5595327 316.0416267
25.5538647 34.7352645 15.9453959
92.9731144 39.2477557 287.8188889
65.8862656 134.2805924 147.9946168
119.5575175 88.5621533 43.9830220
45.8366665 58.4260717 272.9356734
149.4021419 48.4983893 298.8556612
114.3940558 58.9516608 351.7872198
99.2018145 111.2781923 148.7173463
132.3971299 56.0185475 48.3231204
85.3814968 46.2893938 206.9802307
132.2459829 100.0157175 47.4895529
67.4833313 113.5843552 140.9061411
107.7125805 79.8401300 334.8851651
121.8564730 65.7751380 312.4471019
146.2224333 62.2868707 226.5650691
88.3515704 48.1035330 171.2538377
129.0774961 128.8681240 42.5804908
47.8643918 127.2920757 240.0684882
137.4845446 127.1356562 134.6303549
41.3521463 91.3856927 147.8477049
115.0000000 123.2180009 69.3045493
102.0735029 35.5961842 96.7661748
81.5536633 85.0760696 193.5231607
108.0046295 96.3790956 303.9861671
54.7905101 98.3958102 299.8759927
92.9784921 159.3415741 322.4314080
128.6234815 58.0840365 241.5570714
92.8977933 139.8430514 104.5001668
109.0183471 137.2077226 357.6784694
93.2201695 64.5900697 37.2781742
93.6696322 48.5550035 17.4027041
84.2080756 119.1363200 316.1017061
59.1100668 71.2503156 71.2413497
93.0430008 91.2316927 181.2319774
105.6929515 41.6301912 169.3302172
81.0246876 36.6569330 172.8749837
74.7663026 146.0218316 201.0375110
91.8531437 55.5198233 56.3099325
123.2923355 57.6348537 311.4964684
136.6930869 116.9730180 142.0012676
89.6270049 99.6343751 95.1944289
59.2705661 85.1608396 298.3007558
134.3205122 58.0900047 311.8004603
107.2427154 55.3331884 93.9004937
124.3422696 52.3225113 205.2630985
137.3207923 53.8529480 230.8560136
59.2621296 116.0227985 304.2868770
50.3090449 35.4163164 264.0938589
153.6749817 51.3401917 323.1301024
88.6002257 113.9738407 334.3845157
121.8728846 143.5250190 153.7886220
82.7586853 50.1771410 245.8544580
89.6939240 128.6341668 182.4540317
147.4618595 127.6131734 32.0573757
98.5291835 117.8311022 328.1340223
95.0683964 77.2384764 16.2849225
76.4198927 160.4180460 51.3401917
87.1492972 106.6703038 304.2611029
79.8498591 67.9321004 180.0000000
133.1014651 136.1581326 114.3410899
84.8704896 139.9847033 166.2184028
32.8329103 34.6797066 195.5241110
106.7848304 94.8347173 201.5014343
109.8498976 62.3370191 77.5350672
140.1356486 129.4273221 43.1282550
130.5105360 128.9249406 140.1944289
123.4949392 129.7696264 110.3441013
117.7837001 35.4073621 214.8544556
130.3265130 93.0789096 313.7546357
86.5158945 125.3049750 195.6109885
90.2274903 145.0997276 225.7848246
70.1498396 120.8763619 4.7636417
104.1201229 70.9407404 154.7369015
80.3865660 43.8204128 72.2161116
95.0894316 45.2027738 129.5881308
102.5426740 138.6689963 286.2940475
92.0597632 104.4679086 223.1816970
102.3083574 41.1815753 354.0355129
104.3264108 72.1377479 99.2726018
71.7007671 124.8773033 144.6887866
114.5163744 52.9484073 197.8402043
95.1525092 30.4835958 283.1725534
88.8481851 120.4297755 125.9723870
136.8831619 124.2304972 43.5679038
70.3491293 55.3478527 108.1218602
100.1998004 116.0479150 1.2730300
99.9699955 96.8941812 310.9143832
20.4694895 98.4276021 69.7751406
106.8269629 62.0924264 306.3843518
103.1358328 69.5705207 298.4212092
65.8331224 74.1322049 291.2973540
92.9193198 69.8557547 244.9037495
95.3729521 154.3855018 22.8336542
133.6001497 48.2280894 38.4801982
21.4242853 98.0494670 225.0000000
113.0530849 52.3864333 203.7026460
99.1564420 75.9929218 200.6954507
89.3644225 121.7313007 179.2461517
70.5124103 122.6096200 135.0000000
58.7452126 119.5812467 356.6335393
67.7200118 69.2432986 74.4274564
84.4807670 137.2139148 311.4677054
85.8836422 152.2414594 36.8698976
109.0091739 127.9248347 98.6955029
112.8317331 32.6521442 75.7354877
106.9065012 133.0659454 140.1944289
73.7766901 36.8975258 28.3007558
98.7015704 134.3530003 262.6735933
106.1084351 122.4923042 346.4295656
130.7287268 42.0984029 16.5740078
119.1007976 108.0990836 302.0053832
103.0970417 123.5646232 347.9052429
88.6848352 163.4256193 288.4349488
117.4436035 54.0190642 81.5288554
83.3666600 68.1701635 115.2405293
114.3503389 126.4886645 315.8814040
97.0103087 51.0384183 308.5411836
107.9397980 64.1874748 336.3368593
120.5031120 134.1929938 343.8724242
100.7869039 144.4489473 36.6743497
87.8293801 24.3759564 245.5560452
125.1638926 114.5479909 218.5812133
115.7108465 142.6633188 130.9555144
86.9252552 65.5342691 69.2744411
86.1974478 112.5098318 262.7857380
76.2758153 42.7622245 349.9920202
80.0562302 71.0482544 303.6900675
102.3327904 128.7123222 247.9321004
38.4837628 117.8870291 155.6954507
157.8638654 53.9057560 138.8140748
87.7154490 67.9004795 108.6578885
106.7801480 48.3239956 59.8986954
97.5961065 35.9569389 60.7511737
137.8005806 129.6878008 20.9987190
52.4785671 108.9014749 279.2726018
79.0316392 128.3164890 217.7939430
72.5672102 151.8774023 74.7448813
69.0869018 90.8293581 202.1094483
100.4838295 31.1452255 300.0183674
85.0588032 98.7912807 302.3666381
61.0819122 98.4729882 155.5560452
50.1796772 153.7376507 144.1623470
120.1582290 132.3851626 56.4889812
84.2674314 151.4207869 203.3852211
89.8276127 91.2757884 277.6789638
50.8133841 138.4031394 348.0238676
66.0681466 61.0302109 210.1137332
126.6728069 118.7870503 315.3649363
50.5371151 35.7783365 336.0375110
68.4470598 119.7841749 306.0982840
93.8562731 97.3456623 272.4628167
90.8515272 88.1076973 163.3611943
48.6415460 40.4769998 100.9540626
51.4781507 62.2109735 19.2306724
127.4754878 138.1798301 81.2025893
62.1771662 107.7929662 254.3204759
134.5696846 91.2774168 311.9872125
95.4201237 127.4333572 67.4964715
107.8239306 56.8256641 201.4477363
87.0459649 82.0760716 322.0667297
126.3882906 38.4362408 47.5791475
57.3410847 91.9988252 119.2488263
134.6439750 133.1007595 9.3665100
106.6255129 150.7166576 32.4711923
75.4917214 103.0140661 313.8982939
86.3712915 123.7617140 12.8750016
147.1495838 61.1510465 228.1449575
133.0451051 111.1481002 40.7515455
54.0555270 69.4214969 142.2243157
136.4148086 126.9492764 52.0789216
77.2075126 163.4267704 39.4724598
151.5090756 49.1995762 42.1728754
149.4054885 121.0225893 136.5823539
100.1698557 60.7140153 275.2538028
89.6493168 156.1596325 39.4006607
67.4981481 12.0941582 45.0000000
136.1396342 97.1733520 224.1001403
124.2618204 69.2622520 236.5834186
121.6716894 91.8839586 306.3044971
128.2263623 39.4596698 299.3960529
75.7693870 80.8873941 8.4550277
