118.1101181 142.7372666 290.4622715
21.7255610 145.9467140 80.5376778
124.2296261 56.8129929 226.1691393
73.5798886 68.4724789 101.8024342
92.0271699 143.5244244 59.2158535
65.5209890 90.0000000 164.0546041
104.2832681 121.8306006 306.7405620
55.8121850 107.7336785 286.3895403
114.0394669 96.0402295 142.5238204
93.0806102 56.0371287 143.4269690
122.5316286 124.8396071 160.8443876
79.4355084 150.2997292 332.7838884
136.2681181 136.5945153 19.9831065
111.4899099 84.8539842 51.5819447
133.3341667 120.6636174 317.8271246
80.6659780 106.5664043 185.1944289
114.5163744 63.5541920 135.3951370
129.2323489 136.6665347 97.1250163
89.7273648 97.0418099 214.9393102
139.0467547 129.7972238 136.8965183
136.6528448 65.3473987 49.8990925
78.4155597 98.8026100 162.7341905
76.2430325 128.0573390 29.9816394
85.6329376 152.5618748 81.2538377
88.3515704 158.1421312 289.5366549
97.6780426 43.3747170 349.6951535
119.1469681 115.8766901 36.6561084
137.4736338 134.8772165 148.4310289
56.0357029 69.0891252 186.5819447
70.7884171 167.0934684 341.5650512
109.2520023 123.3113941 208.8107937
93.4291175 101.1080260 63.4349488
93.8189746 18.4436263 327.3807569
75.2927619 111.8317132 146.0825695
149.2280135 120.6163991 220.2625567
57.2101390 155.3578739 213.0238676
124.8439025 142.4658416 28.2497355
119.0420094 138.3859473 55.3048465
69.1809222 102.5224879 332.6761087
76.5963446 81.7432051 8.3438916
126.4001582 139.4194976 103.3602184
105.6503668 37.3376289 157.0362269
42.0238028 88.6364588 231.7661748
53.3479147 57.0708615 246.2973540
86.0232527 35.5376778 73.7397953
132.4424403 127.1595040 25.8367542
74.4110207 14.6251100 295.2011236
68.5711310 97.5418639 296.1881107
15.6524758 125.0988555 51.3401917
87.1435597 87.3691266 88.0250660
82.8070045 132.5529514 349.6111422
104.8808848 73.3790487 132.5804908
112.1115516 126.6995650 122.2756443
117.0341830 136.5757277 325.1246717
46.2709412 94.9592580 294.3410899
141.6015537 133.2372377 73.6731465
71.3372273 106.2816039 151.1892063
109.7406032 114.2084713 201.6951095
103.7159583 50.4795659 0.7161599
115.2302044 120.2212364 146.4695303
113.3754824 132.7779735 274.1346714
32.0156212 51.3401917 36.8698976
88.5324799 81.5562275 263.4430535
119.6870920 52.4160102 222.4362298
124.7838131 130.4754864 69.6558987
85.1175658 100.8346486 216.7328267
94.6889645 140.4388405 139.7078522
67.7200118 117.2431224 168.5034370
79.2148976 86.3811168 214.6951535
95.0368350 139.2531602 110.7722547
116.4173527 139.1041646 141.9272181
38.2883794 100.5342404 286.9908233
141.6650980 46.7869231 31.5347919
93.0483745 58.2234571 272.8985768
75.3724087 151.1222330 164.0546041
82.7888881 30.9514946 170.5376778
99.5238665 102.7708592 27.6210750
59.9166087 68.4583801 99.2933086
117.6690274 75.7322243 324.6375381
84.1961994 56.0672140 346.7594801
111.4001795 66.7357452 123.8453403
106.2214668 116.2616962 26.8340435
83.1504660 101.7972251 169.3803447
114.9304137 75.3847691 322.3057595
96.8452374 100.1099563 65.8544580
131.6852308 103.1685234 131.5222135
96.1977131 63.4488822 181.9978799
117.0085467 47.5330854 280.0079798
127.0157471 137.7370140 152.8350149
119.8373898 102.0412601 323.3256503
108.8577053 71.2450878 337.1663458
76.2495902 130.9758778 72.8240964
118.1566756 119.3980210 50.1231655
83.1504660 108.9481609 78.2614288
79.4480963 113.7520030 148.4957333
67.4314467 48.1375644 234.7275786
122.8210080 98.4273207 325.3943244
111.1305539 110.5447343 312.2736890
120.9876027 51.6912974 156.4051794
114.7693339 60.7950404 153.9465047
56.1159514 100.2650751 125.4170553
127.9140336 136.6397183 352.1466867
128.5690476 141.0588717 130.9858243
79.5487272 146.0658958 262.2348340
115.5248891 74.4344626 310.9921955
104.1393297 16.2085580 266.0548138
109.9499886 54.4028288 53.6428026
51.1077294 145.2647355 74.0546041
111.8078709 32.7829326 22.3286564
78.4601810 160.5880867 355.6012946
104.3168251 140.9394703 236.7934297
110.2769242 88.9608176 218.7409637
78.2879301 94.3954682 272.2025982
115.5032467 104.0292630 122.9809975
121.7127767 69.8136441 330.0684882
98.8129546 94.6438087 23.9624890
87.7382471 82.7977082 222.6721849
120.1207726 113.5530393 39.4724598
66.1286625 61.0592346 108.1218602
24.0624188 73.0875514 304.3803447
104.1681333 61.9401655 210.7499673
74.3370702 5.4583239 351.8698976
97.0000000 82.8936566 246.0979496
50.6853036 41.4335049 243.4349488
113.1459235 42.0633854 323.5836215
47.9687398 39.5260173 301.6075022
84.5754101 87.2891808 16.5043614
31.4483704 75.2628416 332.5924246
118.4989451 64.5080946 138.4109450
87.4414090 84.0923087 44.5341909
97.6985159 79.3831588 188.3832485
44.7437146 86.1555184 285.5928109
136.5320475 121.3338901 59.0362435
106.2732328 93.2365400 293.9076605
113.4239834 68.2663697 225.3845297
66.3777071 129.2527544 142.9071627
91.8749150 118.6143676 72.6883539
64.1404708 127.4479484 289.5024485
94.9210198 106.5257964 202.6198649
71.8470598 80.3853153 311.5663696
63.7259759 114.0790646 298.7676493
97.4987179 158.9624890 180.0000000
49.9299509 73.7163489 23.3555649
72.2080328 66.3206731 69.6467709
99.8548947 77.8597638 173.5301800
122.3356040 64.3269967 321.2590363
90.8019824 37.5394284 353.7741709
89.4986033 79.7016583 344.8590162
71.0492787 163.1530236 60.9453959
135.5175265 121.1003362 218.3513548
85.9883713 67.4324233 36.2926297
105.4940757 102.5928657 60.9453959
72.2080328 121.7529186 173.4537092
62.8808397 130.6945976 9.6598931
69.4190176 95.7873661 272.4895529
145.2618326 120.6255327 53.1301024
79.2653771 46.0626276 356.9872125
101.3114011 146.0091457 222.1375948
83.6420947 56.6355724 203.6293777
74.2159013 83.8118575 212.8285418
119.2811804 142.0040160 299.3577535
49.6890330 88.8468351 40.1009075
85.9069264 66.6855472 120.4655449
64.2650761 75.5834995 46.3019527
89.9777750 113.5843552 67.1663458
87.3040663 99.8932651 66.7139351
94.2761900 91.2155790 197.2814984
117.7667186 142.1571854 274.7636417
98.8180146 142.1229208 351.4692344
82.5651258 153.6710164 214.9920202
117.4989362 49.0556960 146.4889812
85.1469318 112.8030926 45.5161642
93.6642942 39.7624610 303.4248112
131.1907009 130.3843431 161.9276779
107.3359213 138.1869050 213.0238676
45.1884941 51.7111167 310.4260787
123.8103388 47.2768094 284.6473753
83.4146270 117.8749835 339.3530092
129.9307508 43.0163791 246.0375110
128.1015222 84.1754824 321.6912644
101.0445446 126.4269574 121.9306821
55.4526825 42.3222997 339.6235648
101.8528350 44.2156336 268.3864611
119.2057046 99.6586062 222.2408923
100.7025322 103.7877420 286.0258674
109.5125564 147.1492355 306.0982840
48.5901225 61.7482070 37.4053566
55.2630075 121.6523123 272.4366482
80.8455317 48.0916947 21.4477363
122.9349421 92.7975065 319.9554489
17.1464282 125.6767652 21.0375110
127.3224254 91.3501412 224.3634064
94.9789450 154.8858267 29.7448813
61.4003257 101.2703525 144.4623222
57.9913787 18.4831665 202.3801351
99.3277403 143.6503026 339.1022345
107.7543503 114.6842015 304.1769888
68.7459090 132.0000092 130.2363583
87.8749111 125.4766010 213.0238676
98.2547709 131.4178470 82.1998121
56.5950528 133.5593960 178.6028190
104.9285471 54.4545909 264.6232946
76.8765244 52.3113717 205.3013786
107.1587607 103.4913584 37.1998121
115.8965056 124.7135263 309.0355129
122.9756073 106.5354953 55.3663226
62.0161269 99.2793641 4.6858998
119.1889257 86.6330649 213.6900675
85.5394646 118.6404072 131.7602997
44.3846820 70.2477041 11.0409402
103.5808863 117.6071072 352.4878559
95.5091619 148.0041177 60.3955493
73.0342385 156.5457170 26.5650512
101.0643359 19.9492342 330.4612177
105.4798559 147.5396431 72.5252257
87.6470193 133.2013331 129.9203921
91.0714006 63.2437263 16.4293015
43.2666153 130.3270843 284.0362435
94.5621489 91.2119025 246.9605640
89.8331787 142.2185930 155.2975698
35.3836120 132.7093900 22.6198649
83.3186654 174.9872917 195.9453959
83.8212384 50.7801322 80.2475751
100.4041832 64.0090769 201.4477363
101.8675611 74.0459297 122.0673916
39.8246155 121.8240207 161.0295922
62.8012739 22.5495639 221.6335393
53.3947563 140.1626123 142.1250163
95.9687449 68.6107512 301.7335192
99.3629710 63.0710657 331.6992442
78.6511284 58.5812179 61.5257964
74.8197835 167.3373831 322.4314080
135.5507285 127.2244938 230.2623954
41.0974452 99.8068256 302.9052429
109.9363452 93.6506759 227.5857943
74.1687266 79.1196418 45.5562522
52.8772163 87.8323575 299.4758890
91.4330356 134.4242620 117.3498758
78.8289287 171.6836126 52.1250163
125.9761882 138.9477312 277.6404068
83.4805367 95.4991348 230.3709947
95.3991614 139.0012257 257.0740009
61.7980582 152.8726942 242.5255684
130.0307656 43.7050838 286.8214099
114.3503389 32.9099760 266.3086140
99.0605875 112.5570786 254.1406337
89.2916569 50.3305479 171.6341139
140.9148679 46.4996604 210.5792269
86.3191752 20.2191060 346.4295656
80.8331615 117.2409142 291.2092261
51.7783739 41.1307731 93.3664607
33.8526218 108.9618130 194.4702941
97.6780426 85.3021148 303.6900675
68.2568678 84.1137523 223.8065106
95.1945377 89.3981080 289.0059842
124.5792920 114.6708525 212.0053832
57.0175412 82.9480498 316.4320962
105.0000000 112.3926878 34.5085230
97.0000000 49.4972506 347.4711923
44.0454311 92.6025622 90.0000000
85.6854713 61.4128989 336.5014343
129.7459055 56.2940510 23.4773999
78.3390069 134.5938651 75.4655449
126.5108691 54.7583957 284.5742162
41.1582313 71.5876115 13.3245313
118.9537725 127.8563431 71.3721368
104.9476060 48.8927245 189.4623222
130.6139349 52.2300849 238.4652081
68.9129886 88.3369223 80.8111639
75.0066664 104.6735162 7.1250163
66.6033032 133.6820939 138.3664607
92.4499865 105.6890514 359.3562543
131.0152663 115.3046417 220.5488260
115.3473017 112.4239427 159.6955263
99.9299755 83.6802410 355.3800765
145.0275836 131.4482292 129.4006607
128.9573573 132.4263259 86.3861192
80.8084154 92.1275859 7.8290765
46.4542786 135.2655079 203.4286928
72.9109045 86.8550899 344.0546041
97.6217189 75.7681098 305.5376778
103.3295698 51.7293170 120.3581155
97.1853898 136.0770140 302.2756443
73.8715101 134.7427588 262.3331957
81.4002457 72.1139825 101.1648802
62.8728876 35.7905338 135.0000000
94.3239100 119.1882888 245.6136289
56.0089279 77.6283785 251.8962370
60.8111832 85.2837183 307.6262336
118.1228174 46.0370777 358.6521127
103.6822068 136.3329409 61.6450382
124.0524083 131.9954861 93.7313970
154.1881967 51.0161484 130.6012946
142.8285686 134.4382407 205.5599652
139.0035971 50.1879548 337.9993016
135.8749425 45.6393625 290.4870142
75.7165768 18.0262905 129.8055711
43.6119250 58.1714858 266.9059419
105.9103394 50.7570108 358.6028190
82.7586853 101.8538820 290.2248594
86.5447861 112.4145697 71.7915155
141.8097317 123.3692614 236.7124723
109.3892134 44.5163673 202.2175943
80.1560977 100.0588263 292.3406480
73.1641989 125.0332179 123.4248112
115.6460116 121.8347874 265.9143832
94.3927963 133.5203266 115.0674634
109.1421092 119.6544392 294.9439053
121.8236430 112.1847915 229.6741637
81.5414005 90.0000000 326.5048153
65.7723346 66.7151284 167.5740571
117.3925040 123.0369387 5.2471389
16.5529454 131.6466083 194.0362435
116.5718662 75.0870045 215.2420366
137.8042089 46.9899051 310.1695800
47.4763099 34.7685527 274.2363948
34.4673759 76.5790523 287.3540246
117.8685709 146.2463823 97.0165017
141.1594843 106.8849954 314.1001403
82.3043134 27.5072622 358.4925642
108.9678852 113.8152427 13.3392489
64.8228355 13.6197881 31.6075022
57.2974694 135.6894309 192.9946168
98.3920729 78.8659565 13.1725534
109.7314905 72.4983004 116.0753556
117.1537451 39.8055711 0.0000000
103.3150521 64.1790080 0.0000000
44.6542271 58.9979450 123.2748880
138.3654581 132.7936753 207.5745640
78.3964285 69.8546159 143.2857970
99.2068546 66.2217496 63.1527059
67.6313537 136.4286023 292.7144124
55.7225269 67.8602276 305.5376778
118.1058847 66.0201729 302.5119142
102.8785692 83.3016366 319.7636417
106.1414151 77.4851853 337.8905517
98.9747443 111.3293936 167.4711923
153.0947419 58.9343200 139.0195825
106.3202709 121.7834629 294.8636966
100.7819428 74.4603519 212.3806777
102.2203502 168.0362052 199.2900462
94.4298682 48.1516134 104.8264800
97.9285454 97.6285248 297.6210750
93.4344690 19.6376921 322.7651660
137.2370212 52.7860469 32.6722293
56.4003546 106.4803300 109.4400348
51.2542681 114.1873710 228.4682293
128.9728654 47.5799705 306.0273734
81.7373843 78.7115266 49.5537680
96.1561230 31.4846839 347.3474435
117.6222768 75.7264331 33.5506620
117.6222768 46.4770508 184.7078522
25.4950976 101.3099325 53.1301024
97.9897954 92.9248286 168.8048886
135.6650287 137.4857795 63.4349488
127.5225470 77.7764064 141.8427734
74.3034320 121.6598162 325.3048465
134.7924330 68.2263554 224.0289781
87.6470193 165.8828600 100.7842979
50.8133841 70.4543665 241.2940475
122.1965630 126.1012942 276.9810574
125.2118205 72.8125226 54.1839193
135.6502857 63.7483927 128.6598083
126.4476176 72.0354733 137.0213649
99.0101005 108.2461125 147.1549417
118.5326959 135.1264181 63.7413404
55.5067563 50.9090021 111.8014095
133.8880129 137.6823659 146.3099325
103.8701112 156.1495261 180.0000000
119.6703806 113.6470727 43.8911879
95.5876561 154.1183674 44.0289781
83.1865374 105.3352171 274.2891533
151.8881167 130.1815548 132.9047474
109.1100362 127.2212105 258.0434158
124.0040322 132.0156119 332.8786966
81.4186711 108.6228385 317.6264056
87.0287309 77.3896983 12.2361115
107.4709263 84.6609950 142.5946434
119.6202324 141.7966044 193.2848665
126.5780392 107.9453864 37.9167140
31.4483704 52.8312309 241.3895403
96.2964174 97.7586101 213.0238676
111.8078709 30.8384861 47.1210964
130.7860849 43.4164837 290.8544580
86.6775634 48.8821770 40.0302593
113.7497253 126.0869572 75.5102374
89.0224691 118.1506174 225.5161642
145.2652746 60.7408222 47.8783695
117.7624728 37.0398321 40.4260787
119.3482300 55.2664194 69.7174409
99.9899995 115.4702895 85.5526151
130.9580085 116.2884241 136.3803541
107.9768494 125.6941577 172.7939430
88.3685464 134.5560849 57.3194453
75.5380699 30.6279887 155.4328287
107.0747403 152.5272983 238.2405199
123.2639444 128.6583941 122.6994611
74.3572458 123.4625713 88.1523897
59.8498120 135.9278996 65.8977655
106.6864565 123.5746102 162.9920530
106.4753493 153.1542224 106.9275131
134.7182245 42.0731387 265.5526151
63.5137780 139.0902056 242.8188889
53.9351462 31.4741127 286.5043614
106.2355873 78.5990337 311.4964684
105.4039847 76.2796805 238.1725534
73.4574707 40.3285559 14.6208740
64.3583716 69.0609966 135.6740369
143.5896932 49.6331790 143.5490768
68.3812840 107.0063501 336.5713072
28.4429253 39.3326810 33.6900675
138.8560406 117.4457797 141.9211176
108.4112540 53.1609822 295.9743940
127.4401820 51.6912644 323.1301024
107.2380529 57.2582892 93.8140748
119.2434485 141.2529823 107.9494030
128.7711148 61.7246918 37.4761796
110.9098733 149.9475884 23.3340413
105.6077649 113.4343498 301.0651649
127.9101247 130.4581998 260.5376778
108.1665383 131.7314613 138.0127875
110.4988688 154.8214838 246.1612598
133.0789240 103.4704875 135.9391909
106.8971468 95.9063428 58.8514190
150.3362897 116.0410994 135.8998597
96.8710483 113.0960726 350.9605172
106.9439105 75.3763491 318.9182489
90.6587006 57.2830895 145.6849124
154.1103501 54.2678276 320.8394923
71.2600870 4.8967278 170.5376778
114.8346638 117.4860809 121.3495809
57.1839138 104.1714386 39.1439864
133.2591460 52.5666453 149.3148269
73.2529863 62.3451045 204.5901172
31.8433667 57.7331542 105.0684882
136.9707998 46.0859511 17.7004278
63.5373906 79.1134358 6.4416001
123.3653112 72.5470675 310.8653286
89.0224691 108.3322818 200.7941150
124.6876096 95.0612405 52.8533133
53.4602656 94.2909906 113.1985905
125.5229063 138.4923550 260.3112134
80.1249025 176.8003987 153.4349488
103.2133712 151.8443189 199.1790080
114.3940558 141.0789560 121.9208762
107.8007421 37.0824970 180.0000000
102.3181313 128.7189019 77.7047336
98.6154146 78.8914938 161.9395281
113.4680572 131.3745777 319.7636417
127.3145710 139.6313101 345.9637565
65.0000000 107.9202131 75.9637565
96.0468636 132.5904266 278.1301024
107.9397980 50.2644395 68.0704122
36.7423461 162.2845277 349.6951535
154.1752250 50.0494282 317.4002145
82.8492607 23.4613796 284.0362435
144.0902495 131.2471954 23.9624890
149.1241094 118.4318740 130.9804175
103.0000000 114.0646376 35.0419294
43.2897216 139.6678839 272.0454085
108.4711943 112.2086483 164.9950796
46.4973118 78.8394096 116.0033458
132.2762261 40.8877228 194.0362435
111.9017426 84.3586845 63.8951460
90.6917857 123.4574698 7.5946434
41.6293166 47.7317211 324.2461127
120.7021127 130.2571345 20.9928534
92.2008677 78.7420780 169.8084981
132.3404700 131.1015231 6.9112271
122.7762192 130.6617383 3.0774554
105.6077649 105.9382390 327.8750016
125.8650071 121.0928387 152.9594761
113.1282458 80.3312939 129.5424465
82.0243866 91.3971810 347.3196165
86.9712596 61.1238348 156.8014095
47.1699057 99.7645433 108.8247100
96.7780967 97.7197583 309.4995885
15.7797338 59.5371623 53.9726266
137.2479508 130.9763533 247.8905517
101.8282868 51.7795679 126.8698976
59.4306318 134.9675562 205.3461759
116.6404733 32.8399556 50.7743259
67.6535291 128.3753227 272.1610795
85.9883713 156.7409545 346.3730051
47.1380950 88.7844210 252.7185016
131.0496089 108.2315890 218.8035866
125.5308727 80.3697365 225.9821172
36.7014986 51.1945891 216.4692344
71.5052446 58.8390066 11.3099325
49.3153120 60.8784319 291.8014095
138.3437747 124.8228662 309.9993554
32.9545141 109.4991832 3.6913860
92.8062498 148.3463346 19.1790080
43.7949769 64.2885143 351.2538377
142.8635713 63.8335643 311.5222135
115.2518980 37.8542018 303.4653793
100.6528688 79.1191288 334.2126718
67.9411510 160.3887715 164.7448813
136.1102494 43.3351783 248.6542134
102.3376763 147.1776485 123.9765440
111.3058848 55.5276953 200.4098828
115.7972366 33.1049942 288.4349488
141.7321417 125.3490528 142.7335981
124.3422696 63.2325892 234.1623470
64.5832796 52.8523226 330.9453959
52.4785671 76.7815255 183.3664607
100.6479011 52.6938886 110.4722795
116.5418380 130.0567253 93.8568010
54.3507130 34.1106592 131.0090869
143.3038729 128.9053749 237.4499965
142.1900137 46.9853184 46.1691393
57.4543297 122.6536223 262.8749837
80.3616824 30.8382176 264.4278022
91.4330356 78.6462850 51.3401917
107.6707946 60.5120048 50.1944289
134.1678054 47.8710248 84.2321111
115.7929186 136.5048771 287.5255684
116.3013328 72.4857865 116.7960813
39.3192065 122.2822271 195.7086378
130.4185570 99.7115251 230.3656309
97.1648084 167.8827934 78.6900675
116.4946351 98.3911063 30.7932339
77.2528317 71.9004946 330.6422465
73.2734604 38.9305828 235.6196553
116.4688800 57.8369105 130.4752315
91.4330356 95.0195544 250.7693276
94.3927963 73.3790487 95.7105931
98.4022357 71.6371643 347.0053832
25.6904652 128.5208330 95.7105931
82.5772366 106.1723184 138.0664855
97.9030132 58.6057680 291.0375110
113.1768528 148.9887007 22.1663458
128.2848393 41.5536682 92.6942843
122.3356040 56.7924310 75.2849283
93.7443332 82.6455178 108.8247100
56.3027530 5.9444527 300.9637565
94.0053190 131.2645826 333.0723221
115.2779250 40.2375794 284.7827260
105.3138168 143.8146764 117.8014588
90.6090503 51.0179985 321.3401917
125.0199984 139.4534816 161.3421115
124.1491039 122.1148973 32.1786562
87.3498712 116.5180893 266.3322119
106.2920505 85.6835898 206.3232983
90.6862724 121.9579892 297.8972710
106.3014581 112.1039630 12.9074087
108.6416127 46.3427167 143.2758928
110.8061370 47.4014129 130.5251035
127.2556482 49.2900251 340.6258602
78.8035532 71.5036298 245.4925948
94.5409964 132.6061516 277.4314080
47.0425339 78.9703925 184.9697407
95.2942810 28.1785901 233.1301024
121.7579566 122.2656848 155.9245017
70.6753139 84.3158497 209.8459319
111.8838684 128.7298183 71.9802307
75.9539334 124.4809801 206.5650512
161.3102601 126.5216459 41.5601303
82.8613299 150.3335641 225.0000000
111.3328343 118.4277399 304.1769888
107.8007421 120.0611631 342.5360731
140.9574404 119.7755622 45.9934689
111.1035553 25.8338863 128.2901632
87.6641318 140.8674351 83.7741709
102.6839812 131.4698604 242.1027290
94.7048045 94.8457216 257.1419098
31.3687743 93.6555250 296.5650512
121.8933960 113.1903260 229.3432400
57.0438428 118.2500311 185.7105931
137.9420168 121.4637117 121.7989128
70.1783442 118.9784051 347.7748773
122.7884359 110.9982806 141.7304839
96.5246083 17.6124729 308.0470425
130.0653682 47.4228100 130.3417459
101.4839889 153.7267476 196.8214099
101.6120072 118.1892314 163.7909751
100.4539696 170.2398394 93.3664607
88.5945822 89.3532675 151.6992442
113.5737646 41.5469688 5.3321589
125.9047259 125.9972207 133.4088597
134.7070896 51.4223130 30.2172740
124.0564388 77.4293747 41.9872125
100.3045363 81.9767492 94.6199235
97.2573905 175.8306498 98.1301024
96.0312449 130.2124172 5.4773687
104.5992352 106.0960658 264.2894069
111.3238519 54.9074224 2.5168757
75.7363849 96.0634386 349.2868770
82.6256619 17.0362823 128.2901632
70.0142843 90.8183720 45.5787256
64.7842573 39.4848777 174.4278022
104.7664068 36.6992252 206.5650512
123.1300126 94.1916855 37.0565282
48.0832611 163.0724869 180.0000000
72.7392604 66.5040475 246.1247191
76.1445993 123.4756213 146.5601308
61.6603600 90.0000000 98.3929252
131.5332658 40.5125275 34.9920202
92.6822529 108.8860199 277.2060570
136.5064101 135.2828860 345.5297059
88.9775253 75.6849552 142.0667297
53.1130869 87.8419884 227.2906100
88.6904730 72.2761530 16.5043614
65.0538239 77.5723627 118.1785901
109.2794583 78.3859156 119.6784899
84.9352695 67.1368644 10.3048465
104.9237819 28.7380621 103.7607851
96.0676845 165.4816649 41.6335393
28.4429253 83.9455015 8.1301024
68.3739717 107.8866218 182.6425453
19.6723156 164.9775365 258.6900675
143.4015342 129.9078849 216.8698976
110.3856875 100.4386685 58.9457289
44.4184646 76.9893832 139.6858998
135.8933405 57.5077177 54.2298862
105.9669760 112.1774334 182.9207215
50.2891638 62.7834389 333.4349488
110.7113364 125.3156072 206.2814110
96.0260381 67.9819717 88.7126711
111.7139204 69.0190556 57.5288077
120.1374213 95.2534634 321.7889746
32.4037035 140.4902877 247.1663458
104.9333122 88.3617141 41.1345388
60.0166644 89.0452913 156.4252938
49.9099189 93.4460287 100.4077113
64.6297145 113.7215243 30.4655449
112.2719912 57.6956542 151.0040405
96.6333276 113.8026409 43.6251652
27.7668868 75.3982543 225.0000000
105.0571273 162.1501517 64.2306724
140.0071427 110.0499757 315.0000000
67.6091710 127.3315693 316.5074358
100.1249220 140.2676971 0.0000000
89.9888882 122.2354134 260.1664360
59.9166087 130.6098444 146.6592927
129.6842319 70.6356235 224.0065311
90.4654630 81.0974016 220.4622275
83.4625665 157.3046316 334.2306724
116.0387866 88.5185428 136.3971810
116.6104627 39.4841617 100.0975044
110.7339153 128.5439909 216.0760116
146.0342426 47.3184336 117.7585406
113.7277451 149.5087943 188.9726266
122.1065109 132.1864102 159.9627898
72.6704892 161.7120216 195.2551187
89.6771989 86.8037858 249.7435378
111.9017426 141.8507364 255.7627195
128.2380599 90.8936209 131.5222135
112.8583183 32.6732001 336.8014095
151.0132445 65.3432003 313.2285303
73.3007503 98.6307906 309.4006607
95.0526170 11.9287297 165.2564372
113.0309692 119.6987316 326.6336340
89.4650770 79.6977569 268.6980473
86.9770085 113.0110036 48.5447665
84.9058302 112.8715126 85.6012946
97.0824392 59.0007936 94.1346714
128.0624847 51.3401917 196.2602047
104.2784733 56.8650203 103.2405199
60.2162769 168.4646538 48.3664607
56.3116329 146.5784796 271.8476103
61.6116872 141.1757754 21.2505055
72.0138875 163.3651290 309.0938589
139.3305422 132.9869559 344.0546041
85.1469318 134.8024268 335.5560452
119.9583261 94.7818564 325.9111284
99.9699955 50.9359257 194.9314172
130.3840481 59.5891630 38.5006537
117.0085467 57.4237039 126.7536792
79.3158244 114.5859748 286.9275131
128.5846025 54.3188810 120.4933584
58.8642506 60.4845029 141.3401917
74.3034320 118.9797077 202.6198649
116.1636776 121.6763971 97.5563441
84.3208159 63.2139776 70.6021876
91.5914843 46.5408785 291.1612598
32.3882695 100.6758398 136.2730300
112.9645962 141.1695761 256.9447528
132.5971342 45.4627662 29.8200726
70.0927956 119.0171406 303.6900675
113.6485812 147.6407905 207.4075754
124.1732660 120.4878465 217.4053566
112.1472247 55.8222908 7.4314080
90.6917857 96.3305094 229.9502722
151.1919310 129.9088880 314.3013056
114.4945414 106.2297273 301.2319095
92.5742945 67.7855230 101.4410439
57.5152154 104.0881165 14.5344551
53.1413210 70.2011236 126.8698976
87.9261053 143.8520243 250.8663568
125.1638926 124.5591163 284.0362435
129.8383610 130.3126583 203.1985905
107.0747403 116.6337045 62.6317896
132.5179233 138.3370984 2.6025622
99.2018145 78.3689226 188.8806592
65.6505902 46.7292288 195.7807533
108.8760763 146.7005501 342.4744316
120.1540678 43.6084318 70.2531634
114.6036649 46.4227276 350.9914963
147.1801617 117.0793731 221.5972302
114.5469336 48.4339117 11.4410439
61.7980582 45.9078227 75.6506680
164.5873628 56.0151511 314.7031333
50.9116882 108.3167307 24.4439548
107.7404288 109.5200320 122.1249984
139.4130553 72.4665203 225.0000000
82.0304821 74.4432327 38.3201139
73.0889869 30.4622956 86.9059419
109.3755000 142.6954103 168.6900675
135.4732446 129.9555579 74.3577535
159.4302355 52.9763767 45.6365936
120.7725134 131.4833501 69.9627898
23.6008474 158.7756319 200.5560452
83.0301150 148.7720468 59.2645123
110.7655181 85.8582266 152.5071630
112.3432241 98.1879457 41.7191192
103.8171469 152.3962750 133.3153157
129.0038759 115.2357499 43.9583733
111.6870628 49.1855150 100.9111284
44.8330235 145.6173472 170.9097231
69.4694177 125.1551809 63.8860874
84.9176071 123.6059249 146.5346207
67.9558680 66.5894619 74.1808061
94.8314294 153.6794308 205.3461759
87.7781294 96.5415435 310.8150839
82.5166650 50.9369109 55.8138775
133.7161172 49.9726217 347.5925815
111.1125555 92.0630670 51.5819447
126.9251748 57.0690867 57.6525565
96.2340896 93.5745939 181.7899106
80.0249961 91.4320962 53.1301024
109.6767979 143.3558192 34.4183645
68.9927532 50.3758919 70.2011236
132.0681642 137.2623839 324.5366358
56.4800850 105.4014394 224.2559408
138.1050325 119.9748452 141.7889746
103.7545180 91.6569042 320.4773687
89.3252484 149.5439600 223.2100894
100.1299156 143.0310969 125.5376778
134.4841998 63.0260800 49.3987054
101.8086440 133.4376185 329.9667196
98.4377976 60.1470119 76.4520610
104.6947945 113.0549959 221.6335393
97.9693830 66.5415734 304.5741915
127.1377206 57.6660526 335.8208929
113.8683450 105.7978554 296.5650512
100.2796091 62.6956264 225.9093804
57.9827561 151.5907590 43.5311993
123.3247745 40.3401365 102.2952664
112.8228700 127.0645707 192.1836566
84.9117189 32.0117402 181.2730300
94.4986772 129.4147575 293.4046896
145.3444185 117.0066432 227.1905739
102.7326628 117.2257832 41.8939729
70.1070610 139.1116532 78.6900675
53.6003731 94.2797534 287.4179708
124.5913320 111.1727322 228.4893249
82.0426718 101.9588567 30.7189043
116.7304588 126.2354873 157.5205656
120.3370267 37.0833251 29.7448813
114.1665450 63.4668322 18.2575631
118.1524439 75.2910365 32.8557220
103.5905401 61.7697389 212.4711923
128.5768253 51.5233163 20.9557767
82.1583836 52.5130569 159.3410899
75.6901579 119.2640397 268.2642954
101.7693471 82.0929756 233.4711446
104.4030651 110.1706534 270.0000000
140.3780610 129.3460190 148.9457289
119.6870920 52.4160102 47.5637702
131.0648694 63.2461293 229.5049069
94.3398113 74.0022594 131.4236656
99.6443676 101.5787034 150.5463273
21.0000000 17.7527902 38.6598083
120.7021127 55.1342657 133.3634230
22.8910463 38.1558065 278.1301024
93.6482781 21.7192947 46.1691393
89.6437393 119.3952696 346.6754687
102.0637056 76.3996970 127.2164405
64.6915760 108.0085711 315.6585432
132.1627784 138.5104241 346.1224702
99.7847684 105.1033412 9.5600965
34.3220046 147.6654000 150.6422465
96.2756459 46.7225692 317.8912696
85.6679637 94.6869108 71.5650512
108.9770618 32.4121420 321.9529575
102.7910502 129.2237720 125.2867490
96.3846461 73.1119456 279.3601908
89.3084542 70.3718454 341.9958384
143.2794472 119.7050438 315.0000000
119.4026800 132.7169251 43.1523897
121.5113163 90.9430952 235.3943244
98.1121807 36.3703542 28.7676493
75.7495875 24.3705258 187.3523794
153.6294243 124.4924592 223.3999753
118.7139419 120.9199663 70.4975515
84.5281018 22.6655372 252.1213034
150.7083276 126.1956694 315.0000000
70.4414651 94.0703300 65.6235314
138.6542462 49.5264759 227.6897703
79.5172937 119.3707776 45.0000000
131.4153720 123.7445107 330.3851884
47.0000000 90.0000000 0.0000000
109.0458619 122.7556056 244.8321299
89.1908067 3.7484511 30.9637565
51.6139516 81.0833863 168.6900675
58.2494635 174.6954286 21.8014095
119.3314711 47.9019379 108.4349488
64.8228355 122.6790906 116.0954242
88.2496459 121.4160391 100.7131230
55.9821400 39.8162352 202.9887168
104.9285471 94.3726087 144.3349985
75.9868410 41.3983701 95.7105931
95.8853482 89.4024445 16.3558171
122.6702898 59.6407728 247.7965215
69.5269732 82.5624105 293.9624890
97.7189848 100.6145915 271.7899106
112.0044642 142.6185465 90.0000000
113.3401959 55.0057179 22.1451800
127.2281415 134.3893698 240.3332848
141.6686274 48.4310988 26.3232983
94.6889645 81.4975038 149.8756820
100.7720199 131.6721300 340.6021876
102.8785692 35.2643897 45.0000000
80.3803459 111.1483957 316.0809242
106.8363234 105.7501673 139.3382668
154.8353965 125.5393849 317.5733595
35.3977400 59.4355645 221.0090869
92.9623580 90.6163450 49.7998361
119.1847306 147.0382161 109.8321299
128.2536549 46.0574028 85.0302593
102.4548681 70.6186898 28.4212092
39.5094925 107.6814419 196.9908233
110.1680534 137.3275307 97.6960517
105.0047618 126.8679490 179.3179396
30.2158899 78.5465915 191.6893692
63.3482439 104.6297691 241.7625545
125.2437623 55.4660475 236.4639530
99.8448797 61.9182943 50.5275402
94.6625586 123.3203481 267.1014232
63.4744043 78.1818009 273.6913860
111.2699420 87.9398524 311.7191192
118.9369581 69.8352689 239.3002774
139.4991039 131.2619374 304.9024956
55.5247692 116.7596932 228.2704879
138.6362146 90.8265916 43.8308607
85.6796359 111.9306651 111.3998101
88.6058689 119.0318128 156.4129695
101.7939094 126.8162016 194.2067661
109.0229334 144.7202732 10.0606898
84.6522297 35.4027871 177.6626941
114.2759817 117.6319084 20.2248594
133.6038922 133.5196015 11.3099325
112.2586300 83.3499985 145.5973351
100.4838295 79.1006006 287.7004278
118.6128155 70.2916970 231.1799242
103.9326705 124.5882693 315.4735081
98.1325634 112.7823321 110.0372102
88.4364178 91.2958613 46.3748348
121.8441628 64.2158607 42.4142057
99.3629710 101.0238805 105.4612177
54.2125447 146.1055371 304.2157021
104.6422477 97.1364534 298.7866183
83.9523674 49.9675110 84.6441750
45.1995575 62.3152534 167.0053832
123.2639444 74.9533438 35.4257721
113.0486621 125.7196285 281.3099325
87.3040663 61.2442175 28.9091837
89.2916569 31.6637550 281.0702026
104.7377678 147.1605668 243.8860874
18.5472370 102.4545764 173.6598083
160.8788364 58.5246244 136.1811889
95.5667306 127.3661045 99.0902769
113.7980668 139.0887252 348.3885136
96.3794584 85.2386719 194.4702941
119.8999583 42.7818373 114.6768632
43.3012702 125.2643897 278.1301024
54.9272246 66.3886859 290.9557767
103.4021276 57.2090844 336.9745080
127.8788489 78.2689788 43.3819055
131.6092702 43.1612107 192.1836566
42.2374242 154.1155214 220.6012946
118.9705846 135.5991517 253.9600567
112.2719912 48.0855250 101.0409402
90.7634288 127.2987422 216.5524728
97.0875893 101.2855937 162.8972710
61.7251974 130.3935050 29.2913622
134.1417161 50.6794625 32.0053832
94.7945146 95.4479932 9.7617748
66.3174185 66.9176428 179.0608091
96.2600644 97.1612538 342.3238913
79.2085854 89.2766276 245.3764352
131.3697073 48.5280634 200.8285558
113.3269606 104.8267278 303.8351198
110.9324119 123.3590810 133.6881122
116.9529820 138.0637340 73.6518285
130.7440247 42.1058222 258.8182458
107.9397980 76.6080877 250.5296980
116.8802806 46.8067632 144.0714976
87.1665073 21.6808654 334.2306724
114.6908889 47.8271246 53.1301024
82.3043134 163.7096375 162.3498758
108.3189734 121.1306698 343.7150775
136.5320475 64.8614454 306.7771861
132.8570661 63.6351061 305.4257721
131.8825235 64.3925612 227.7263110
86.7006344 107.4505439 104.7083039
134.5027881 47.4241302 268.2642954
110.9639581 53.5024992 52.7447105
81.7129121 85.7891068 345.7932339
67.5943785 35.5432311 165.2564372
52.8204506 48.4998400 69.2744411
109.2062269 41.3339492 135.0000000
123.2112008 133.6200047 222.2736890
113.8771268 78.8609523 44.2747757
104.0384544 72.0866351 278.1301024
106.6302021 117.3569185 68.3109350
114.1271221 71.6127590 151.3050956
117.1921499 50.2100740 91.9091524
103.5229443 119.5145398 267.4551956
99.7647232 137.0309142 90.0000000
149.5894381 123.7005220 315.0000000
94.2655823 138.8675643 217.7939430
116.7261753 67.3241201 238.6713071
73.7631344 18.3804728 205.4633451
136.3891491 134.1497712 201.5839692
118.5242591 127.4068330 282.2647737
119.6870920 146.6691874 81.2538377
43.0116263 30.6572990 316.8476103
81.2219182 72.0733807 100.4374754
134.7775946 134.8186331 142.6506510
95.9583243 100.8116729 342.7185016
100.6876358 95.1282480 253.1913084
54.7265932 145.3126135 132.3974378
67.3201307 100.2680053 331.1134182
103.9903842 113.8211802 309.8826852
77.5757694 46.9055517 290.6744248
65.3146232 111.5585716 110.2248594
15.3622915 67.0102322 135.0000000
107.5825265 154.3736091 261.3474582
87.7268488 133.1523897 90.0000000
62.5139984 158.0932334 329.0362435
115.0869237 84.5153008 45.7073194
102.5426740 129.3371460 246.9911299
95.6556323 158.5005217 356.7295121
113.3710721 104.2986738 214.9920202
117.5627492 63.7481928 35.3481665
102.6596318 97.2750146 314.2042764
73.5798886 101.7627758 166.3495809
100.0449899 111.0902541 94.9165660
109.1192009 64.4866347 260.0594270
113.1238260 47.1039749 8.3256503
110.7158525 122.8149702 20.7722547
111.4001795 100.8658172 36.4509232
150.7514511 122.5005878 129.5747736
56.0892146 119.9473978 233.3658861
57.3149195 106.2100430 24.7024302
96.1717214 92.9801704 58.6269949
120.0499896 38.4632623 7.6960517
89.1515564 78.3517147 290.0952312
109.5353824 61.0620649 200.1363034
100.2147694 138.4513382 135.0000000
93.6215787 92.4487186 118.7571209
91.4002188 72.8182290 246.3706223
98.7927123 148.2405199 90.0000000
92.3525852 140.2456043 208.3007558
44.0113622 129.5089949 193.6269949
49.5075752 88.8426079 98.1301024
66.0530090 78.6494269 346.6075022
65.2993109 106.0009773 292.4794344
90.1276872 77.8300569 63.7257878
78.9176786 139.4894106 339.4439548
120.6813987 86.1990612 48.3664607
136.9087287 47.7798924 157.9887168
120.2871564 121.0264184 30.2964482
79.2338312 99.4432904 86.3322119
104.5896744 86.1624272 288.4349488
120.9421349 133.3362456 171.5014411
137.7098399 44.6313922 187.1250163
119.2895637 123.5920215 339.3764686
123.0812740 95.5950290 227.9780207
61.2290781 68.9423938 265.9858243
136.9707998 55.7944414 42.1375948
60.9507998 36.4932333 204.4439548
109.3663568 83.7006545 332.0205256
102.0832993 22.9542384 64.7222778
121.5771360 41.5397358 223.9949140
90.6697303 88.1039018 22.0362269
127.5107839 104.9989676 227.6324349
115.4512884 125.4738501 156.1612598
114.8912529 150.5037915 315.0000000
92.9838696 98.6595980 171.8698976
107.4476617 111.8559461 136.2188752
85.4809920 96.0436770 0.6740369
101.7889974 104.7990873 5.2471389
108.0092589 147.4072286 294.3624530
121.5976973 69.2907955 32.4325572
95.3886786 63.2057957 123.5034370
138.4666025 54.7070886 149.1231869
113.3181362 147.9054455 138.3664607
