0.084017772990440285444997980341995422108522956779318702033122391275077420223508819173286656792
0.42794759
0.70839694656488549618320610687022900763358778
0.024581403633772711079444246526540790879942999643747773423583897399358745992162451015318845742785
0.2
0.324727353
0.010148321623731459797033567525370
0.8277074542897327707454289732770745428973
0.89772000852333
0.36538461538461538461538461538461538461538461538461538461538461538461
0.7129151291512915
0.71437308868501529051987767584097859327217125382262996941896024464831804281345565
0.08537422751201647974364843
0.78048780487804878048780487804878048780
0.6245788544841970158832023102839724049414407187550136370928926680571153
0.16763005780346820809248554913294797
0.580777096114519427402862985685071574642126789366053169734151329243353783231083844580777096114519
0.3451684486584627799072019366552350211821666330441799475489207181763163203550534597538833972160580
0.09919297170293186229441209520890795791194197568
0.174311926
0.9248835796719983802389147600728892488357967199838023891476007288924883579671998380
0.1151182230714
0.93132328308207705192629815745393634840871021775544388609715242881072026
0.0115
0.013937282229
0.4660668666000222148172831278462734
0.7452025586353944562899786780383795
0.805012224938875305623471882640586797066014669926650366748
0.452322738386308068459657701711491442542787286063569682151589242053789731051344743276283618581907090
0.2269601100412
0.112780217240582389646406286110469147215160619366766813034434943378784377166628148
0.1876525985350540634809905824904080920823160097663062434
0.7286821705426356589147286821705426
0.61986989946777054997043169722057953873447664104
0.011126564673157162726008344923504867872044506258692628
0.39163722025912838633686690223792697290930506478209658421672555948174322732
0.8571096
0.36319522209779768570362075401269130272489734975737215378872
0.8467432950191570881226053639846743295019157088122605363984674
0.46508313539192399049881235154394299287410926
0.09179229480737018425460636515912897822445
0.501094091903719912472647702407002188183807439824945295404814004376367614879649890590809
0.629215075092094077642391
0.01559566787003610108303249097472924187725631768953068592057761732851985559566787003610108
0.3465662788044718229523157654574492356
0.973231357552581261950286806883365200764818355640535372848
0.18040
0.1916083916083916083916083916083916083916083916083916083916083916083916083
0.9336057201225740551583248212461695607763
0.65013179966450994488377665947759405703330936975796788880901030433740714114545890246824826264078
0.888283378746594005
0.8755599104143337066069428891377
0.806204063986165153480328577604842196281884997838305231301340
0.110767645543534260690365790829469345698093
0.6991047745
0.9141874114551710180
0.231439960139511709018435475834578973592426507224713502740408570004982561036372695565520677628
0.623822546338498936493467031297477970221817
0.6843841642228739002932551319648093841642228739002932551319648093841642228739002932
0.64964185611958891311118031765805
0.20000000000000000000000000000000000000000
0.27731
0.859159448187359640680141161373115174847609881
0.07889100428367444074250356972870061875297477391718
0.30
0.828127208480565371024734982332155477031802120141342756183745583038869257950530035335689045936
0.39959016
0.530530
0.60761620309874929998133283554228112749673324
0.55148543409287568503028554946639746178252091145082203634265935967695413902509374
0.98380414312617702448210922787193973634651600753295668549905838041431261770244821092278719397
0.6120501093656790614436269636110558759196659375621395903758202425929608272022270829190693
0.86759656652360515021459227467811158798283261802575107296137
0.4895104895104895104895104895104895104895104
0.3861934223380006512536633018560729404102898078
0.849277357192016517549896765313145216
0.05684699915469146238377007607776838546069315300084530853761622992392223161
0.70774397069298870458939656049659102472779
0.3244340025630072618539085860743272105937633489961554891072191371208885091841093549765057667663391712
0.590750097162844928099494753206373882627283326
0.6119751166407465007
0.855978260869565217391304347826086956
0.11830065359477124183006535947
0.21976866456361724500525762355415352260778128286014721345951629863301787592008412197686
0.9050766790058170280274986779481755684
0.769351581781467354722907
0.00506756756
0.782051282051282051282051282051282051282051
0.14036222509702457
0.399523603291468168038111736682546556951061065396275443915114768297964486790818536162841056734517
0.51547987616099071207430340557275541795665634674922600619195046439628482972136222910
0.37871524448705656759348034515819750719079578139980824544582933844678811121
0.2061145640853351251469847135897866621871325382160
0.0270749395648670427074939564867042707493956486704270749395
0.58573388203017832647462277091906721536351165980795610425240054869684499314128943758573
0.3480539903027126
0.14783180026281208935611
0.77502634351949420442571127502634351949420442571127502634351949420442571
0.924897959183673469387755102040816326530612
0.08101629913710450623202301054650047938638542665388302972195589645254074784276126558
