0.10344827586206896551724137931034482758620689655172
0.022680412371134020618556701030927835051546391752
0.07871198568872987
0.325581395348837209302325581395348837209302
0.534154
0.1728813559322033898
0.8494152046783625730994152046783625730
0.8122605363984674329501915708812260
0.8750000000
0.246958637469586374695863746958637469586
0.48726114649681528662420382165605095541401273
0.657110091743119266
0.873271889
0.505509641873278
0.049382716049382716049382716049382716049382716049
0.53815261044176706827309
0.127071823204419889
0.3267543
0.7
0.7037037037037037037037037037037037
0.3179396092362344
0.964383561643835616438356164383561643835616
0.5620689655172413793103448275862068965517
0.714617169373549883990719257540
0.962091503267973856
0.415803108
0.441640378548895899053627760252365930599
0.051282051282
0.072972972972972972972972
0.297872340425531914893617021276595744680851063829
0.057827926657263751763046544428
0.01851851
0.6998769987699876998769987699876998769987699
0.58823529411764705882352941176470588
0.153284671532846715328467153284671532846
0.31192660550458715596330275229
0.670731707317073170731707317073170731707
0.31775700934579439252336448598130841121495327102
0.87096774193548387096774193548387096774193548387096
0.0440917107583774250440917107583774
0.5099150141
0.184684684684684684684684684684684684
0.99339933
0.67721518987341772151898734177215189873417721518987
0.66730769230769230769230769230769230769230769
0.69811320754716981132075471698113207
0.611764705882352941176470
0.18803418
0.6591760299625468164794007490636704119850187265
0.7360000000000000000000000
