0.345126651982378854625550660792951541850
0.46080000000000000000000000000
0.10451786918408
0.8225997629395495851442117740023706045041485
0.42914
0.57
0.46677384780278670953912111468381
0.0091795754446356855995410212277682157200
0.3059701492537
0.86127049180327868852459
0.7396541674761997279968913930444919370507091
0.884636563876651
0.2
0.062823657672390297083
0.814836678473042109405745
0.7340993
0.99418153607447633824
0.2047177759
0.32680
0.1738387978142076502732
0.04972907
0.97111
0.53359683794466403162055335968379446640316
0.3911767901771161577746387047701
0.6708683473389355742296918
0.912626349
0.02603089648461257754531
0.716908498667456322179449215279
0.388822355289421157684630738522
0.19325
0.9612566496035330723677607146441834788718257
0.535786568537258509659
0.6603530924821699988308195
0.27744510978043912175648
0.57272819165066208430203
0.825346488137185
0.7
0.2990476190476190476190476
0.60170940170940170940170940170940170940170940170
0.69636921503451802608028637177192533878803375095883
0.5748613678373
0.78786707882534775888
0.906533967
0.4015894487656408522
0.0583908045977011494252873563218390804
0.70149011985746679624230644638807904
0.7555963302752293577981651376146788990825688
0.315221579961464354527938342967244701348747591522
0.435643
0.11976159433
0.6000000000000000000000
0.15381254096569805549486563251
0.1222152821153445763064751197168436393920466
0.4008773762
0.60748843079511989
0.6547417442845
0.5062637220715484954152137
0.00996677740863787375415282392026578073089700
0.37373846988605534454693434617471513
0.34050427943557714550080962294702752
0.07822410147991
0.25510204081632653061224489795918
0.5634541984732824
0.44172242607381826030
0.555488
0.38
0.18493395215994287754373438057836486968939
0.3685694150810429880197322057787174066243833
0.708095781071835803876852907
0.4941
0.6850360910
0.6548627583869874618773297187394
0.04742684157416750756811301715438950554994954591321
0.67714748784440842787682333873581847649
0.098787878787878787878787878787878787878787878787
0.29464076761057804820968874327170
0.4016089108910891089108910891089108910891089108910
0.3604798708040143
0.8203848895224518888096935138987883107626514611
0.080000000000000000000000000000000000
0.9544556514505563065405011957
0.155976
0.0
0.4642240807115359086685251559
0.56310679611
0.34208030350932658868163
0.7523603992446722417
0.621071428571428
0.152935118434603501544799176107106076210092
0.3749008947785706195492128213840752067051761
0.88054934525710635
0.95964125560538116591928251121076
0.26859273066169617893755824790307548928
0.721428571428571428571428571428571428571428571
0.766008049762166117819
0.286255206361
0.0617458279845956354300385109114249
0.78034154608264893755703298
0.238897243107
0.4756097560975609756097560975609756097560975609756
0.5461530684460620766353250429683550702658982913
0.7255090809025866813
0.24236425339366515837104072398190045248
0.182008368200836820083682008368200836820083682008
0.74052
0.7563914193358801057890096973258889215398178078
0.30052097614477
0.41148473874806001034661148473
0.3228346456692913385826771653543307086614173228
0.0861301369863013698630
0.39553948161543098251959011452
0.32519157
0.82918628110289172831203765971755211835911230665770
0.5721001292748854154424726759901280
0.94899021444930251925879658546741619820945242
0.3899923605805958747135217723453017570664
0.76861042183622828784119
0.8095606236
0.05357142857142857142857142857142
0.6129807
0.02844058809351651000241021
0.54671094921791300621384186843796871652
0.300568643379
0.440233236151
0.66924215025480848265658392240670721683379
0.6018400204446716074623051367237413749041656
0.5441595
0.663565235
0.2446511627906976
0.67889579349
0.333582647718773373223635003739715
0.03
0.0878870673952641165755919854280510
0.994401279
0.1796301731728793660111535074845
0.2019739161085653859710962284102
0.0448322
0.59
0.7032208588957055214723926380
0.1
0.93466745144202472042377869334902884049440847557386
0.7751
0.61820047895997263085870680807
0.4
0.215238095238
0.19320795
0.00493096646
0.4063324538258575197889182058047493
0.00
0.0447450572320
0.55892514395
0.42302716688
0.977836472209462563160312356453835553514010
0.59047094464334893968603690443404
0.72
0.75266117694316127736493271741313
0.32835820895522388059701492
0.05050505050505050505050505050505050505050505
0.7678571428571428571428571428571428571428571
0.5534943917169974115616
0.54214085436
0.5114646700982686008423022929
0.5
0.981157
0.28068232166592822330527248560035445281346920
0.73889528193325661680092059838895
0.5543012289225492997999428408116604
0.3992449
0.209956259112684857321391376796500729014
0.629154
0.11152296535052
0.09
0.897249
0.8414403
0.912017970797454137027330587794833395731935604
0.35
0.29
0.87928715534633490248823133826496301277740416
0.6659142212189616252821
0.096774193548387096774193548387096774193548387
0.49242424242424242
0.51070840197693574958813838550
0.989045097681212342523279167427423772138031769216
0.168790210
0.35
0.051620648259303721488
0.2343682153712548849326964828484585323491
0.284996410624551
0.986
0.48575887631681623097932110807647
0.0016897600540723217303142953700574518418384589388
0.1665433012583
0.944706332016817428971843546948655
0.64285714285
0.20173646578140960163
0.2007255139
0.583835286387033183660059139196145000547585
0.364599270330704954689890549605743203483
0.324041811846689895470383275261324041
0.04681322157203858927724181559386367
0.19003378378378378378
0.83764508460355195077611522863935
0.16352201257861635220125786163522012
0.740068104426787741203178206583427922814
0.209521789842
0.3424831848
0.454
0.554077501445
0.887834339948231
0.839904705181655747
0.3110569338878531478560160
0.9114910
0.80013070471
0.6051103368176538908246225319
0.6829819277108433734939
0.3151041666666666666666
0.82126047526116404545976351
0.8965517
0.89488787331278563077904134339
0.5147744945567651632970451010886469673405909797
0.318750000000
0.3445657332700522069292833412434741338
0.87204206836108676
0.43752007709604882749759
0.3601441812564366632337796086508753861997940267
0.744966442953020134228187919463
0.9751459549
0.06007317361029151422164522601203823911247492033
0.0975
0.214904330312185297079556898288016112789
0.68995193919749636749748519056667039
0.902150065818341377797279508556384379113646
0.218434343
0.58080702487978
0.679770114942528735632183908045977011
0.498362507058159232072275550536
0.36680761099365750528541226215644820295983086680761
0.461271102284011916583912611717974180
0.830231246474
0.15905245346869
0.67722473604826546003016591251
0.173224884590019784568036931193
0.116
0.68813559322033898305084745762711864
0.28355704697
0.827255278310940499040307
0.1575517143666761122130915273
0.84698117819604008799804448790026
0.645730198019801980198019801980198019801980198
0.08
0.7649378820745415105501873397751922697692762
0.233856893542757417102966841186
0.01204128440366972477064
0.27817993795243019648397
0.41588785
0.1791786555061470049699189118
0.2847566307199067327
0.517104216388225934765314240254574383452665075
0.009036498063607557798380471775
0.0331778814123917388407728181212524
0.9669661733615221987
0.19322759315206445115810674723061
0.605072463768115942028985507246376811594202898550
0.0629059829059829059829059829059829059
0.003932653312031461226496251
0.59
0.20673
0.0362027353177795655671761866452
0.31019036954087346024636
0.582028337061894108873974645786726
0.876811594202898550724637681159420
0.667630057
0.431346460883
0.6035502958579881656804
0.131185270425776754890678941311852704257
0.792409097493843256555120961
0.153400426959438853
0.45620753551575046
0.78769348366137970571
0.3964027096472786732071945807054426535856
0.4901828029790115098171
0.37032100410974119737865156059091413973
0.91768707482993197278911564
0.217
0.4949127906976744
0.15660
0.133866133866133866133
0.1614
0.4028740490
0.1894934333958724202626641651031894934333958
0.7227353463587921847246891651865008880994671
0.984393757503001200
0.86538461538461538461538461538461538
0.3923192771084337349397590361445783132530
0.10572966128521684077239632
0.5298425117865382686327615
0.08508956796628029504741833508956796628029
0.47987436016751
0.0545165141265419816951850
0.9076286
0.0608028
0.9235
0.06993642143505903723887375113533151680290644868301
0.113649235416273362280536152539
0.50179597701149425287356321839080459770114942528
0.5494574
0.46381
0.6
0.56498194945
0.9860383944153577661431064572425828970
0.70933424845573095
0.4107395195478097032501177
0.655105579924512904212996021626032847087626236
0.7092651757188498402555910543130990415335
0.0171870072532324187953327026174708293913591
0.27940340909090909090909090909090909090909090909090
0.4314516129032258064516129032258064516129032258064
0.7584523373611619675332601
0.181012658227848101265
0.23906131718395155185
0.6109379
0.4084727404019737
0.690877192982456140350877192982
0.238028366802415391096756073585
0.39772063120981
0.36432742095
0.10016648
0.618215845290081
0.74587125042130097741826761038
0.12973245835436648
0.27004103967168262653898768809849521203830
0.96108490566037735849056603773
0.07509813961426864652671
0.20672713529
0.5417675544794188
0.827823691460055096418732782369146005509
0.083069392456089835876763604
0.7736625514403292181069
0.4440180586907449209932279
0.929296404610356098400137622570101496645449853776
0.2786885245901639344262295081967213114754098360655
0.60324631860776439089692101740294
0.27327327327327327327327327
0.2575757575757575757575757575757575757
0.61475063398140
0.2881287182260681449432
0.021491782
0.42406598738476467734109655507035419
0.0948509485094850948509485094850948509485
0.66285714285714285714285714285714285714285714285
0.46509129967776584317937701396348012889366272824
0.20327463700957676861291319122644423
0.272486772486772486772486772486772486772486
0.9612314709236031
0.640425531914893617021276595744680851063
0.2224568138195777351247600767754
0.929879236462797039345539540
0.655837004405286
0.89227166276346604215
0.321166207
0.8055555555555555555555555555555
0.847376387487386478304
0.59194578391763325948129805
0.830221162759899351079327241424976824261687193
0.59405940594059405940594059405940594059405
0.450669
0.568773234200743494423791821561338289
0.2757066276803118908382066276803118908382066276803
0.700969162995594713656387
0.5693453796164209858931684894595
0.792721855713981698233666737603745477761225792
0.994200312290876645103725184028552
0.840715156440471353108492482730597318
0.337969554265688314532909867484
0.46696821806927746696821806927746696821806
0.4623
0.553702372
0.0346811571040434713121304
0.14461436170212765957446808510638297872340425531
0.952690166
0.71931696905016008537886872998932764140
0.9638644448605130125444673282156899457030518
0.407665505226480836236933797909407665505
0.345929554466993235362724515978539
0.49373764
0.1830873554048663741523733546071001
0.96332668405708147920822464324
0.53714661406969099
0.80704845814977973568281938
0.987593383137673425827107790821
0.664533595865124292394782
0.8607476635514018691588785046728971962616822429
0.2519869706840390879478827361563
0.3877572671334606407808190112
0.7878500879447977269652279799
0.1
0.2360844529750479846
0.7010547980447645999485464368407
0.4547118023787740
0.88104040137311856350673
0.8820512820512820512820
0.1921248449772633319
0.962392026578
0.552294557097118463180362860192102
0.078571428571428571428571428571428571
0.112169564181948082876875446534889259347463
0.15242652084
0.08372456964006259780907668231611893583
0.56470462099281655409027554411922375
0.2999168744804655029093931837
0.027321734868
0.8705092775365179628898
0.699474079639368895
0.10397484841
0.63133
0.01252693965517241379
0.07701749002761583307763117520711874808223381
0.81846431435445068163592622293504
0.7762237762237762237762237762237762237
0.963479415670650
0.80093131548311990686845
0.9511560404
0.0
0.0612711476
0.393073301950235373234700
0.520168361978253244475622588565415643633812697
0.34339369550637156270959087860
0.9506813757300454
0.32774904429952777153136946255902855857881718012143
0.434048760158366326317982913106897270
0.198230088495575221238
0.47224489795918367346938775510204081632
0.456505003849114703618167821401
0.08349859096127752844170754618515
0.28041074
0.55304606240713224368499257057949479940564
0.4915829678879615221389163955297779035224
0.731877618
0.243533123028391167192429022082018
0.960698689956331877729257641921397
0.036651234567
0.64027497925803010
0.580599144079885877318116975748
0.9544303797468354430
0.679386925242414763
0.553
0.72497337593184238551650692225772097976570820
0.35359408033826638477801268498942917547568710359
0.770369305934760741485845667480959908
0.909701360664428344
0.1024028744666516954861890
0.79159663865546218487394957983193277310924369747899
0.9307984
0.1068644707065627357304500880060346995222529544
0.38234871352594509127
0.9453125
0.0
0.916381418092909535452322
0.288353328378808790
0.65120967741935483870967741935483870967741935483870
0.47685554668794892258579409417398244213886671987230
0.49802139821
0.67511520737327
0.243690349946977730646
0.8705
0.96336386344712739383846794338051623646960865945045
0.468622315348349921424
0.6718426501035196687370600414078674948240165631469
0.692957
0.14810627473148671565856416054
0.113821138211382113821138211
0.78735415882574331953330824237862250658637561159202
0.478033620567876818
0.562466
0.90680645698119487435513396571808953236811449492
0.72832945865161076054466954500
0.469153203946655101376992301854060500
0.55714612918002748511223087494273934951901053595
0.595910418695228821811100292112950340798
0.7592936802973977
0.404657933042212518195050946142649199417758
0.53559432224509697692
0.2263565891472868217054
0.7927844588344125809435707678075
0.86687256176853055916775032509
0.951635
0.2
0.137741046831955922
0.24867724867724
0.216
0.8005189750243269
0.9256756756756756756756756756756756
0.3627384196185286103542234332425068119891008174386
0.1343921808185705558949
0.886100386100386100386100386100386100386100386
0.3902439024390243902439024390243
0.239412273120138288677614520311
0.49705119131870724227412125501297475
0.8014636129
0.359594706368899
