0.2636312952
0.5064360868591896127154689948511305126483098276248041190955898813521379001567047235280949182
0.9709331973482916879143294237633860275369709331973482916879143294237633860275369709331973482916879
0.571830505584448802114417256373092335237445647540
0.328125000000000000000000000000000000000000000000000000000000000000000000000000000000000000000000000
0.451824599781246892711544198070995326638162473898776971263796360743760564780749726558615889430
0.596237631825400057005578403029439309418135917586220937334582
0.5258885745910712
0.8997775188049581523
0.2117770843915535882737101806835498149626297075683912633335
0.820418107513360578434454574033322854448286702294875825212197422194278528764
0.178844788132249664641363528761934822062652884084273652647360530261185196875246
0.897628918466797585278929376681940504763982835115
0.02386239353063997613760646936002386239353063997613760646936002386239353063997613760
0.3108866442199775533108866442
0.518880369362684475224668150713166790337208343639211806414378761645642674581581333992909555
0.81047167682238772286165651094561047167682238772286165651094561047167682238772286165651094561
0.9811982696958343267822473517490377737661364
0.112871287128712871287128712871287128712871287128712871287128712871287128712
0.73681
0.316745
0.633588522902727740607308286155429747812660833762223365928975810602161605764282038085434894493
0.9269311064718162839248434237995824634655
0.09254861214190292415021522933056256493988422146355944782544159121270595220424521300282
0.133342143517906700145368045460552398572750099114576450376635390511431214483943
0.1555368257261410788381742738589211618257261410788381
0.040118921504972149130301062775518572941940334210436387246693777124696715989474763353039674
0.012833168805528134254689042448173741362290227
0.364174144233964772349617813226985709538052509139248919
0.951508060322412896515860634425377015080603224128965158606344253770150
0.2199537
0.16789722386296515062020082693443591258121677495569994
0.6265319642265650877774097383239483272606823451473998012586949320967207684663795958926796952633
0.2736465570612918759028685423402352617458897984453463575703377588223154708674
0.8
0.545234078447912273302404048924504428511176718684099536060733867566427
0.8390664180543946505497331704494309779463769047772133993441779720954156754323924644763068
0.0867419244490055221619508380980305917998338464545
0.424405617943147394510571891924971696092530828310027232948808176004406
0.73387007012206433421140503840
0.4919371300265360277607675035721575831802408654827515819555011226780975709328
0.031112244526212248169
0.153649712704830815067035539476484358374122153649712704830815067035539476484358374122153649712704830
0.53459602750777978408697990702677782473395059356871182142994352453033155326750931653156
0.4749007555384812395953387117428608016391343321808170060186963759764374439749007555384812
0.2215189873417
0.34441301272984441301272984441301272984441301272984441301272984441301272984441
0.28172702783597725231966477102663873091888656090990721340915893445076324453756360371146
0.18940526486837829054273643158921026974325641858953526161845
0.25152161636443496266549538809060676
0.67641476274165202108963093145869947275922671353251318101933216168717047
0.31326011980395716100925757850789616990379379197676529315665275004
0.219472464131320092726019672
0.385164155201281211327072868894227269418359175948169178132052122006260464439106063914974
0.529306802206120904076997945279550124364658808262139072131502108792040661836271223099383583865037309
0.083955621933006187326648175805419244719436
0.743612973364739989
0.2
0.367569930069930069930069930069930069930069930
0.16148544099029399352932901955267970178646785764523843015895343930229
0.141754037971096627939
0.45290765
0.01626466415198809565006748
0.6548763850530729045353209330183342761122017768608791135660333410973946028682660632881908628090373673
0.291028870373958535167603177678744429374152296066653749273396628560356520054253051734160046502615772
0.421216848673946957878315132605304212168486739469578783151326053042121684867394695
0.0769565758367550080875948737090954336195097673261167102152544481771805400
0.7439299285116249114445
0.249591471480818613337483464321842658
0.934595003785011355034065102195306585919757759273277819833459500378
0.47124166872377190817082201925
0.473186119873817034700315457413249211356466876971608832
0.48782145097219318419402
0.1933539944903581267217630853994490358
0.35434496379196840026333113890717577353522053982883475971033574720210664911125740618828176431
0.690036567197869170692068078190600875806961311001760642860367477766240801769671798112952011
0.025832018493376875940263457234065974388140755146222434227424503724360620849080835137416064286
0.985788749016522423288749016522423288749016522423288749016522423288749016522423288749016522423
0.509279059111043225904994654040018329005
0.6462572740087468825676799074709943253695738605558
0.314809630459126539753639417693169092945128779395296752519596864501679731243
0.191613588110403397027600849256900212314225053078556263269639065817
0.4951352179575576495824714624990423657396
0.15037508091847225924374547808537374814363504817029054491451201
0.3729128923272780688439504480242863438280
0.068180311567782565462379847530659595624792840570102751077229035465694398409015578389128
0.873602199816681943171
0.072073880746837984340493876731580004015257
0.200
0.4157285803627267041901188242651657285803627267041901188242651657285803627267041
0.50337444728880614382127065394461252036
0.038840717424872312
0.015463
0.7
0.06100
0.21974306964164976335361730899
0.75035084983627007640729767659441758927179167316388585685326680180882582254794947762357710899
0.382163949039854399583998811425175500501430004085725959217026334360
0.7832746209220401286567621381528564864450911318731811916066778986062184101700107213968448460713738704
0.06335806637934864708757275514284444839383302972408583996090105300573155018438707
0.172
0.47339316471761399691777717342036080137793491070619164173692
0.011185682326621923937360178
0.04073898626243486499289436286120322122216958787304594978683
0.37907608695652173913043478260869565217391304347826086956521739130434782608695652173913043
0.2004782474544893551373033014501697007096575131132366553532860228324591175563097809318111693
0.6365840
0.356450309722596283328844600053864799353622407756531106921626
0.8869628225851401817067053118555264478011
0.251140297851294169368577238006264768917953508820135187118755838874539759300983678628345331648073
0.78542834267413931144915932746196957566052842273819055244195356285028022417934347477982
0.388224842513325795509610725246325310935228557583589080
0.7792858634370432240551263311756107746920025
0.4650139514917364241253
0.6869
0.695594167910
0.25312500000000000000000000000000000000000000000000000000000000000000000000000000
0.4718496963562753036437246963562753036437246963562753036437246963562753036
0.46228620190702333691982339628241754164656995510703817756835973732052090676
0.6025948103792415169660678642714570858283433133
0.544735541275333
0.280370516357903
0.04206
0.0431376437921459738199127330424
0.078029485796476087738223660553757641136281912
0.72954781863794896897754390258826408860062412041852781007159028330171939056
0.034274193548387096
0.9277003484320557491289198606271777003484320557491289198606271777003484320557491289198606
0.35217723453017570664629488158899923605805
0.01043959946026560613592784603366238193310134223421631986364604786591861373
0.9837002540220152413209144792548687552921253
0.9770
0.8
0.22278350515463917525773195876288659793814432989690721649484536082474226804
0.87295885042455911169170476812540822991508817766165904637491835401698236446766819
0.308268755854551647790172
0.90108968985750209555741827326068734283319
0.406508313539192399049881235154394299287410926365795
0.2865
0.24055288364385886917512023602635088711958937881421007961847795
0.032061068702290076335877
0.56904075430530663134107379412452
0.724449594438006952491309385863267670915411355735805330
0.77690394029371639515287697616563678677473718000160500
0.0068712474983322214809873248832555036691127418278852568378919279519679786524349566377585056704469646
0.99465072372561359345500314663310258023914411579609817495280050346129
0.40841774685181194002278395270790356845962006219403306752055174112503
0.5137917884835388331
0.97282525255626861546964718887217121
0.6400500178635226866738120757413361914969632011432654519471
0.32639428305111076588472891098337734969706384961938791362435917352804101289420537517477
0.1170212765957446808510638297872340425531914893617021276595744680851063829787234042
0.09523
0.7919579255708674522335397110711670328207176619399507356367751814126889022035816523533
0.85851990049751243781094527363184079601990049751243781094527363184079601990049751243781094527363184
0.6266944734098018769551616266944
0.056530717604543107898812596799173980382034073309241094475993
0.723393820500245
0.025088483102076612271744918094402856516428101606790490807153819
0.5212081322217346789527570571888255082638584174345473160743015942664911510896592072546438496416556
0.550566310547031890111655554663025142581733472568077757
0.6706024419696766402790822487588890379712867301757681470548772
0.841554236373448461953588774959525094441446303291958985429033998920669185105234
0.33607395751376868607395751376868607395751376868607395751376868607395751376868
0.5332753190784021216641803414553
0.195747800586510263929618768328445747800586510263929618768328445747800586510263929618768
0.9117756591687769998510353046328020259198569938924474899448830627141367495903470877402055712796067
0.5632798573975044563279857397504456
0.77550130775937227550130775937227550130775937227
0.15202190395956192080876158382476
0.452345495160089352196574832464631422189128816083395383469843633655994043186895011169024571
0.325862841774988794262662483191393993724787090990587180636485880770954728821156
0.1067339413933630894624490588006986221618474674946633029303318455268775470599650688919076266252668
0.396069538
0.628353572437164642756283535724371646427
0.0310596833130328867235079171741778
0.0416560265577119509703779366700715015321756894790602
0.46275752773375594294770
0.9549642722828130876269274163219255359157578036855960887551711169612636329447
0.69493451348603552419113689372645176723880150708689671670354643861013097302792895161
0.82115923292393880
0.37225541717658915844791591678064934130012238139802749982002735584191202937153552659995
0.05636919872420751155373299485777517411963809151858360997201067499837271366269608
0.9499682085518995390240025433158480368780797965347321570497
0.3958626230166700140590480016067483430407712392046595701948182365936935127535649728861217111869
0.54039625103808280934867718590580139992881717
0.266656861303
0.379461601047083377551381371820722346032756729986911457780607732852
0.0642052395819193701642459617211890864666757160309488258449843898466132754174019275145920999049816
0.4348722509702457956015523932729624838292367399741267787839586028460543337645536869340
0.138926446727961060032449972958355
0.3470563586842656
0.7445133421584337769107503657771894377482
0.389523701776219029301957234981332729946826564090960515895463287702228758
0.985980117257201121590619423910272750446087178179964313025
0.361781363953759019318798975870897664675304
0.262727458597
0.9010251988119191338507233879467279869694356615885790936092746957938104819392545
0.9774727618161374
0.38708837693
0.392312960109570279061804485533299092621126519431
0.062
0.21105907236742710379211361232814624565644357153648587399909351865840761444326937603
0.670980639730639730639730639730639730639730639730639730639730639730639730639730639730639730
0.0938833570412517780938833570
0.1273408239700374531835205992509363295880149812734082397003745318352
0.2904253325838486040846917744050964961588907626007120104927862094
0.29444727457972491085073866530820173204279164544065206316861946001
0.4303306116985
0.3976913345983554712207463630613535736875395319418089816571790006325110689437065148640
0.04158285784655802306966052296703747793604531833668568613
0.581477477477477477477477477477477477477477477477477477477
0.5739570164348925410
0.09526776750787551493751514522103
0.3886768074235038468315029071474716626534327832
0.7626214174361434224
0.6338347998864604030655691172296338347998864604030655691172296338347998864
0.6917748917748917748917748917748917748917748917748917748917748917748917748917748917748917748917748917
0.17959542656112576956904133685136323658751099384344766930518909410729991204925241864555848
0.20561685055165496489468405215646940822467402206619859578736208625877632898696
0.438287153652392947103274559193954659949622166246851385390428211586901763224181360201
0.039572192513368983957219251336898395
0.337080146325241104090455603591619554373129364815430661789158629863651479880279348187
0.5392086844736466219111555492072561062705327810312
0.7541853203
0.39218870182035723442440817024185967011366549867532689513716776343902230578583027091701563968891
0.496346333588240292293312940776616534964737870677202820970345823774322372334
0.37939889115844762182667055733878027429238400933761307265830172162
0.283048420298934932426385035353083325874876935469435245681553745636803007249619618
0.448362134171175888753127363705125967300866934310816314656
0.058584472475853697155222462658996147147305642054151052937140444397529
0.32916145181476846057571964956195244055068836045056320400
0.162369880338554334079190582741511820215974316567759
0.913943541488451668092386655260906757912745936698032506415739948674080410607
0.51294876589379207180254300673148840688107703814510097232610321615557217651458
0.3875968992248062015503875968992248062015503875968992248062015503875968992248062015503875968992248
0.8304869934412724565127847660086816007097
0.07491556647221369358305188824071231194350
0.23349196906603212373587150505651397977394408090422
0.4613290263036455929856945085371481310567604983848638670973696354407014305491462851
0.710965043322378249178368688377651628323872124290409321780699133
0.9889014562420472218294924360243178
0.2961656
0.478196600147819660014781966001478196600147819660014
0.99297722919770163864652053628431581187486699297722919770163864652053628431581187486699297722
0.444492054
0.8883701188455008488964346349745331069609507640067911714770797962648556876061120543293718166383
0.19944598337950138504155124653739612188365650969529085872576177285318559556786703601
0.45
0.2237659112
0.0276285731925665246650614311292214607643390
0.43146630236794171220400728
0.10070422535211267605633802816901408450704225352112676056338028169014084
0.3445623342175066312997347480106100795755968169761273209549071618037135278514588859416445623
0.6321728361084353928718866107059
0.806137517305029995385325334563913244
0.0879595230513392067367229239641934684923751901779
0.2
0.045254428176512747005221664789597624654448653629568956690897921572642571925872
0.05560
0.0791353794561493037836261573230298170153823722388277320113727491
0.5463562914966802655787536997040
0.00952380952380952380952380952380952380952380952380952380952380952380952380952380952380
0.455456942329830294478071967024397489695124215529726317353039474172824835679007
0.1735
0.5401197604790
0.184751864232450501414245307276934944715865260992543070197994343018770892260221136
0.83975659229208924949290
0.590784569
0.13320946187379403987708139784177803187307939684127778174801686557564496
0.76735047289196749700279738910350339682962568269615025975755961102970560809910
0.137247924080664294187425860023724
0.1919770773638968
0.45318543384660293366416113259870101
0.3501009329477876589011948278684052594249549893
0.18
0.865384615384615384615384615384615384
0.17457248431726389963048895763512932886482770473489731030334278594139383002492051215949127
0.210830324909747292418772563176895
0.40960289402
0.5302990108765
0.8299973042188974255290470413802399245181291279
0.372434017595307917888563049853372434017595307917888563049853372434017595307
0.020563171545016672841793256761763616154131159688773619859207113745
0.446540594599509046276934266751522865715065005909628148013455
0.59010238907849829351535836177474402730375426621160409556313993174061433
0.6550235176189374662657105405197008250443364947181741074870845863212275426015884031151206
0.1881859026294468586580246004271930470648891507696840244531192
0.305824186075437669081750054417114960042289872197518579557822071581827793
0.33940276766205389657683903860160233066278222869
0.150994927818962153726102223956301209520093640265314085056574326960593055013655872024
0.154618
0.424396442185514612452350698856416772554
0.48169570947430077610191828964709327866451896324498462439595841265192561136
0.51264189886480908152734778121775025799793601651186790505675954592363261093911248710010319
0.152280477408354646206308610400682011935208866155157715260017050298380221653878942881500
0.11677643482666280668
0.1673204999543837241127634339932487911686889882310008210929659702
0.456522806500711
0.71018193424832428981
0.4659426585577758470894874022589052997393570807993049522154648132
0.3002773194790606241443465440376312001965808965493031909291957735107241899813950222908695194299
0.493836291913214990138
0.5727474150664697193500738552437223042836041358936484490398818316100443
0.829987084654220969825055770811
0.1718963165075034106412005457025920873124147339699863574351978171896316507503410641200545702592087312
0.005733994395343824100021556369907307609398577279586117697779693899
0.420
0.08795749
0.6969837280063500463024209551527979891520042333642016139701018653261013361555761
0.0509372312983662940670679277730008
0.232443486834897564182156812620969214476134828178066683708870467078114158
0.19986984462702350931424387863011469942243553241682258195721142113397868
0.62016307352128247650635710337202874516307352128247650635710
0.062285611121141000180538003249684058494313052897634952157
0.5437175756
0.81433823529411764705882352941176470588235294117647058823529411764705882352
0.461119366022783556215948489
0.4820220375024163928088150
0.19697072377338031986988343724586608837083220384928164814312821902954730279208457
0.67218826212269977512431507933994235581034428150635036265163272416305070
0.07523858844418140119849078937634090404675593696826218835540430568913
0.981208735398679532757745048247841543930929405789740985271711528694768918232605383443372270
0.45015319
0.2710203634771184585066783446463761769213925990803590978760674403328224217
0.6801252471984179301252471984179301252471984179301252471984179
0.31306855100714749837556855100714749837556855100714749837556855100714749837556855100714749837556
0.29008917520865729427818856907111802227793
0.95568443750464718566436166257714328202840359878057848167149973975760279574689567997620
0.53526595744680851063829787234042553191489361702127659574468085106382978723404255319148936
0.8140198
0.790139847760665604531775535493007611966719773411223225349619
0.1721512102257274952406853413108512374218112591786782703290726135436497144411204786510742
0.106990643217557438886983784842992210846029491010630480576103463479155440160681
0.52408788550695424309614996976416045152187059060673251360612779681515823422697036887724
0.215031508711231928827381687878413443716792289633016186
0.52281240995101335126308711939294976467198155796753433868024205167611180482182307175103256171
0.11560226354082457558609539207760711398544866612772837510
0.25916014820913956360642239604775627830382873610539316591189790037052
0.91290952038615590017459176337681010578206839889082879737085344561980
0.306768510751026
0.347292905757557177018823962229443865350420013489484
0.398277385159010600706713780918727915194346289752650176678445229
0.1725190839694656488549618320610687022900
0.86036167117023487840365828310122635626688838079
0.047453631908690527882885677067179455368773649277340115
0.0163713024573423809210092891494828381316292245865999077673100994795441069899
0.883902510215995329830706363105662580268534734384121424401634
0.3719705999205403257846
0.68936722336815490052565040920886286512742032
0.4859813084112149532710280373831775700934579439252336448598130841121495327102803
0.8134266200233216724970847909378644011327669498584041312676994835915375645510578044311177744461
0.4589235127478753541076487252124645
0.5686274509803921568627450980392156862745098039215686274509803921568627450980392156862
0.67838765
0.372185880553903661541075524594342027015
0.395064586323440
0.525289747399702823179791976225854383358098068350668647845468053491827637444279346210995542347
0.1956508154720989
0.479983548121743899095146695914450233068275294762818755141211955031
0.2871694841785869094061
0.14049206714187169464244653943435
0.1022146507666098807495741056218057921635434412265758091993185689948892674616695059625212947189097103
0.5533734
0.7901187768511498610058124842052059641142279504675
0.3300970873786407766990
0.2191282809316447604969837401621988733969877352083416563461307978107
0.5878053128899982171
0.317723420233880484926510031112541572792618817723420233880484926
0.9263067694944301628106255355612682090831191088260497000856898029134532990574121
0.62902491751052451928547047445670724769598361588349072704517009898737057
0.626793248945147679324894514767932489451476793248945147679324894514767932489
0.53331286459932453
0.355519276654527188245636066808991586085646113273891749340700740926786387040060
0.0310211838
0.3054091221636488654595461838184735273894109557643823057529223011689204675681870272748109099243639
0.3655319907324
0.87559148264984
0.409064665127020785219399538106
0.28610658199605251866472153093623959495408907577447867501930833261820990302
0.1989701194521315724944827827792762812204434791746943636809472098644
0.62552223808768311386112433232852081019620286635993442276164789253794489396
0.2239043529760142137992300858750370151021616819
0.450814536340852130325814536340852130325814536340852130325814536340852
0.09694516317502712628328186
0.64387678437265214124718256949661908339594290007513148009015777610818933132982719759579263711495116
0.04312180579216354344122657
0.997653925383382925154497596704051270313572899977111
0.194626386846678251570645635610212538430691084079668493516909504076995054
0.220496894409937888198757763975155279503105590062111801242236024844720496894409937
0.420749979752166518182554466672066088928484652142220782376285
0.5114926419060967063770147161878065872459705676243868255080588647512263489838822704975473020322354590
0.9519623718097000539748631351684786799290616084509214
0.986025482942868886148787505137690094533497739416358405260994656802301685162351006987
0.991612596929893970564962810571292926095901250197
0.775081815477174308287329344484479851905722124888433440216852335459984793891111037
0.46778959810874704491725768321513002
0.389799245024021962937542896362388469457789979409746053534660260
0.62066051945189375849527937989
0.84246575342465753424657534246575342465753424657534246575342465753424657534
0.714470
0.386241696474195196729688298415942769545222278998467041389882473173224322943280531425651507409299948
0.0246360204906983014289565920733351
0.52239945698286102155099270320719497709146444934668250466655353809604615645681316816562
0.0971628781404888053324218082379
0.5168879056047197640117994100294985250737463126843657817109144542
0.91261621124818834175828060376824914277634416204178302520414295309
0.222841743332404051668060589164575782919802992286962178236223399312
0.89279480414045
0.2012446631449453650770678051957449887835588682249077357261741081120196830450
0.973462690826080753317163646739905835354544157511770580681980311028677414752461121415323155942
0.4596305220883534136546184738955823
0.318248587570621468926
0.8453386846922968595972398253767075059850725249964793691029432474
0.7082833133253
0.946713551528266161752772518258047065187990262374898566
0.587218209673889253666010067848544539286495
0.176419129082426127527216174183514774494556765163297045101088646967340590979782270606531881
0.1409837
0.9416629182381232483305075948929102799211099961939033251444586692501989550534583578422891
0.28937899373410261182455487313108
0.80580357142857142857142
0.95759321491438630180828932629220675308049287886061769883181309009441510641702672427588414146263
0.39930585683297180
0.3758118701007838745800671892497200447928331466965285554311310190369540873
0.1276712932363956818682
0.5369284876905
0.28219294517637059073523161920951976200594985125371865703357416
0.61829079659706109822119
0.405043926745050045893614231391232134271602779841776301411774990165654093273307399798942261462476
0.02432170542635658914728682170542635658914728682170542635
0.81617013418687676966637941647174689154253354671919241659485411793672
0.3306467862180132984082208341728793068708442474309893209752166028611726778158371952448
0.647017045454545454545454545454545454545454545454545454
0.372986309322238885394997823037105123119345943592472546079047
0.1523676880222841225626740947075208913649025069637883008356545961002785515320334261838440111
0.7508620106821715908322628625515516192279088634980731525927929146102359542965316746670272
0.53832261792963952900382864985913458065448240
0.1922812446
0.216666666666666666666666666666666666666666
0.0741348652715086855423334701135275612091369169744221036793872
0.4591661151555261416
0.35873866195896998843367626468618737444451208376453399890424301454921775126316430267242
0.13965381589299763965381589299763965381589299763965
0.7847557884062869697481832009464255534899442284941693425722494507351698495859388203481494
0.964763319889620038208448312460
0.11
0.6406437026200292592100013299640909695438223167974464689453384758611517
0.333721038429329115
0.044718266759149700110163613366518421804235178913868374882696152433799828634379207638010526745
0.46229145386448757235274089206673
0.787110948370560234
0.2953970662620131512392513909964592817400
0.2755564467615801082815319831562061359534790455183477040
0.2131530304504329
0.162
0.601370289629398941139831828090937402678293366552
0.215104067214053847622684743173572656100821080771434027114760358984151
0.0065351567227399249667191092823429747065
0.61758691206543967280163599182004089979550102249488
0.2173526798933965057743559372223867337873
0.3269915556007732220978
0.2562141491395793499043977055449330783938814531548757170172084130019120458891013384321223709369024856
0.18131101813110181311018
0.256631138365698155448483963595658733635080547038497104200126539154134423
0.90853257293266067119982452292169335380565913577538933976749287124369
0.88
0.4
0.490365448504
0.7915479582146248812915479582146248812915479582146248812
0.7938637819908785948513
0.258729145774455283070471328288813930166833804357735436229373689488558665329565138116510165010484091
0.9701828629110533058974259424622432736731762239391233451100671662072446
0.349756719731683121545656384335585053616136803
0.735537459
0.59511343804537521
0.106989247311827956989247311827956989247311827956989247311
0.775077239958805355303810504634397528321318228630278063
0.44798097589975762564595051904696574747336168655965610280331
0.619691119691119691119691119691119691119
0.8313969963162368943043355058090110512893170869934825729668461320487390195522810994616038537
0.229208202791227570492737
0.704382470119521912350
0.69479347790426823266953183950657786818017781568846166464354844001
0.86910244601371405178589704226793572817521236311534131613959676594002660935421144202231092006959
0.3443453834880312652662432828529555446995603321934538348803126526624328285295554469
0.2214351709270095
0.080623104821927581901421011950769962542362803971698674118556394553778464831440632
0.433208553407517563201887082713706989385159735398184708476488385211014819752833
0.605983217803721269609631521342575702298431229478292593943816125501
0.52323406704071356
0.00444851498102839199267303414889441318853
0.74887892376681614349775784753363228
0.678284182305630026809651474530831099
0.0829544607587389133189237534471193262
0.36457
0.521581937578395927101010846307090681030030251604810743008927912639268058
0.71067874647259
0.30003708740264556805
0.988688946015424164524421593830334190231362467866323
0.2312654
0.7276160503540519276160503540
0.693989071038251366120218579234972677595628415300546448087431693989071038
0.66482927576175164599601898637268412188026335936303781962945950084213749808605114
0.09210875918873439022230094
0.207588460115891998520527678461348785599802737023794846504746640364936505979533966218715324867463937
0.5723760395831140120012632908727234445731129592588693546689125171070639
0.25000000000000000000000000000000000000000000000000000000000
0.2415632372551030874961534516360652374602523335726741204226074469176
0.702932130408037728111543981956120565921673159729341808488825097395940127127332376
0.375408625962248233681324475376990403880628493092903089739533902773383950226721501634503848992
0.6728761843584390557250682511642
0.1218448637316561844863731656184486373165618448637316561844863731656184486373165618448637316561844863
0.49965628989492291073357556712167337719728960031
0.46775764660042859925969218780440288330411065653613871030586401714397038768
0.5655396300
0.885819649318118563874199833008627887559142777
0.52496046068372602295308001135488057098828014112494423942576746826716
0.2568157986717930
0.17878486055776892430278884462151394422310756972111553784860557768924302788844621513
0.11799953906430053007605439041253745102558193132058077898133210417146808020281170776676653606821848
0.4935394727014713570841735753230263649264321457913212338486817536783927104339383075659123160803644783
0.269366876849826277184403551666452194054819199588212585252863209368163685497
0.109211775878442545109211775878442545109211775878442545109211775878442545109211775878
0.477086
0.06671179764908609760600652347836789
0.5604758
0.35225599722871741
0.03916988590423142574791123888240050309945198095409217500673793908903063516305812595454137094
0.27640709329221279876638396299151888974556669236
0.22248803827751196172248803827751196172248803827751196172248803827751196172248803827751
0.502899413848227439425759332978089834811
0.08
0.92631578947368421052631578947368
0.64056881863237342489715266755207152343623465388228434453046548
0.3253064215294431121769251265654143351
0.35324645369622880867
0.41868529251
0.34866502131478573031186897015929997756338344177698003141126318151222795602423154588288086156
0.549295080350980972098984521344769791974760918860297
0.95868485754230342766234392325121727811791929807
0.718264744794930715131258268922776965392382146090105145881206044147343499756284381310493698
0.656773000462320850670365233472029588534442903374942209893666204345815996
0.43875672613990370999716794109317473803455111866326819597847635230812800906258850184083828
0.571316614420062695924764890282131661442006269592476489028
0.09808324645119897345416633250461143636217
0.727087299428882240957302148490617351101
0.18609111201936680604898292828622630238626717389253937812431
0.6971528181289947704822777454968041836141778036025566531086577571179546775130737943056362579895
0.038118306986
0.5376452291647607721160003659317537279297411032842374897081694
0.0980382954758776046555284400225267505162380326637
0.830583501006036217303822937625754527162977867203219315895372233400402414486921529175
0.3638768184394483279803514075193651993198564141318722841488758737955790666918
0.97489130434782608695652173913043478260869565217391304347826086956521739130434782608695652173
0.9377709411271150887987694028807159837784925185288770801286533351978744231576003356173
0.79967789890
0.84435282896963357228563517213795649632341630003
0.56833467850417002959375840731772935162765671240247511433952111918213613128867
0.8346420323325635103926096997690531177829099307159353348729792147806004
0.2445414847161
0.941908713692946058091286307053941908713692946058091286307053941908713692
0.14934782608695652173
0.602018644424195696362234527230672180556529053059
0.6040208974717790838697639705196380259352551543987312249276984793357589327362
0.401952736855748045103037110640
0.531886260039070978945083568482743650965921423920121554
0.91600861450107681263460157932519741564967695620961952620244077
0.69026502
0.68855818328406342381080354743
0.00170613803469147337205995856521915749278
0.5463906693285699274981611852474519281286119575496479983187979405274
0.9748975209837985555338668748780011711887565
0.2375549567437242944263225074457523755495674372429442632250
0.2305475504322766570605187319
0.321481481481481481481481
0.5532672437866517732476961742530019547612398
0.6640272020122036424612231589734035120406167031533839489496483301504
0.456
0.847250069
0.774964166268514094601051122790253225035833731485905398948877209746774964166268514094601051122790253
0.5572491380874614407548539285066231174015605153329704227907820722191979677009617
0.1547326732673267326732673267326732673267326732673267326732673267326732673267326732673267326732
0.93002643445809360908101
0.336422613531
0.0368966558212
0.5665530077892826977820
0.674389774718933014149531911255503783183003462
0.990083686804998280408116473690244182047460735985326149260575490083686804998280408116473690
0.053214405923931336250420733759676876472568158869067653988556041
0.90135501
0.24561403508771929824561403508771929824561403508771
0.525264394829612220916568742655699177438307873090481786133960047003525264394829612
0.06141899046946699611719025767737380868337
0.4570639950930
0.860957178841309823
0.063641838988154988958040554105
0.7026532479414455626715462031107044830741079597438243366
0.407492489839194203922954585615833186075278317723979501678741827177946
0.4870484216343165020377149962008703460661739310630655522
0.0632944915254237288
0.86575372007763640284666810437783049385378477
0.14137231019082419813235891189606171335769386926512383272431
0.283504829240578246322833154472571176062117290575089956442143804052
0.6967570642897781149250900815475061634743030532903470510146
0.129426129426129426129426129426129426129426129426129426129426129426129426129426129426129426129426
0.1201550387596899224806201550387596899224806201550387596899224806201550387596899224806201
0.78176295721856016543880056869587695489207703244151479901770712
0.452107279693486590038314176245210727969348659003831417624521072796934865
0.131802296555167249126310534198701947079380928607089365951073389915127
0.191165385195235941504598221016131463
0.549495140134000188732660186845333584976880249127111446635840332169481928847787109
0.625
0.11241970021413276231263383297644539614561027837259100642398286937901
0.154278211393974761105842876942154788824859581296958202
0.581231934615767965713146616166650054819096979966111830957839130868135153991826970995714143327
0.077860528097494922139471902505077860528097494922139471902505077
0.961538461538461538461538461538461538461538461538
0.4137510432047249149386916607819220
0.8965253329251492423082810347466707485075769171896525332925149242308281034746670748507
0.98
0.99044585987261146496815286624203821656050955414012738853503184713375796178343949
0.821665089877010406811731
0.359282796187017703132092600998638220608261461643213799364502950522015433499773036768
0.740108839535225768495366965730254449183703485806736
0.71506024096385542168674698795180722891566265060240963855421686746987951807228915662650602
0.1660121577
0.633158646974749880895664602191519771319676036207717960933777989518818484992853739
0.248411689961880
0.968
0.05341220850480109739368998628257887517146776406035665294924554183813443072702331961591220850480
0.037822749476622470341939
0.2456713492322770336491342698464554067298268539692910
0.1
0.804264478374924329050918140848859891033
0.1711875405580791693705386112913692407527579493835171966255678131
0.974570104
0.099352190366236931563081264832275030466294657174010647168238086075299852478994
0.628151
0.57899628252788104089219330855018587360594795539033457249070631970260223048327137546468401486988847
0.4696838287471418434124418512970117480091461010801860758495624063707
0.502717391304347826086956521739130434782608
0.975970602332640996964371305320338712254353730627895830004793097938967886243808915162
0.5001994017946161515453639082751744765702891326021
0.670
0.809468822170900692840646651270207852193995381062355658198614318706697459
0.1770
0.523601599485223146573516569379969664935423082226409891069540837431631199154295169370777
0.090736040609137055837563451776649746192893401015228426395939086294416243654822335025
0.68940167449458852358586889932611803144782519910149070859710026546
0.5531
0.43083235638921453692848769050410316529894490035169988276670574443141852286049237983
0.691354793684026869056965890
0.36507179315937604350522348900443638792157611028955779
0.01956801408355338885503419324260274900128647843455887331572889159726454059178
0.628422023992617656105813595816671793294370962780682866810212242386957859
0.5658096828046744574290484140233722871452
0.007749025501338468041140280843469684872962945568966326961912365566148
0.48784855461754924533128677411102583781018163213097979022767971348170887695062675876183167050396
0.95548759768943255181787291879
0.79572522757348518266030396599430565023860127521353811605245217949232064
0.5057924003707136237256719184430027803
0.43467949
0.2955942622950819672131147540983606557377049180327
0.0206473
0.81232492997198879551820728291316526610644257703081232492997
0.382861635220
0.646056877016582876866511593006678172131762587228933743528175883544683
0.418748
0.042027455121
0.122474747474747474747474747474747474747474747474747474747474747474747474747474747474747474747474
0.232811612170050105893899478278836716
0.4880784514805
0.0713167507392590015654896503739780831448947643068359714732
0.505700814402057436776682383197599657
0.7668569665175127295
0.105537982627905809107797359040016066676708339
0.1242709735307312696276
0.4710307414104882459312839059674502712
0.8129076816821425830711380554063387307190545621978359297060854884506177576
0.944440666439986399183951037062223733424005440326419585175110506
0.310136930308604128346617617003883098303699162068260780707132638
0.34582674050632911392405
0.76273135669362084456424079065588499550763701707097933513027852650494159928122
0.23823746010964732836920055641927829146551018738237460109647328369
0.4141606
0.0550685975609756097560975609756097560975609756
0.06398876045724503480426591736381633565361772782425442237690784852161696149179385656810
0.90179590989307588497871898681615280805564206373922973113256514066230665420
0.38472570813911796342775188239512370025098601
0.6348659416388500053838699257025950253041886508021966189296866587
0.61252319109461966604823747680890538033395176252319109461966604823747680890
0.5199706583532000733541169998166147075004584632312488538419
0.37648131267092069279854147675478577939835916134913
0.32408622305529522024367385192127460168697282099343955014058106841611996251171508903
0.084695939739114458938085614550799191622267132096270439
0.7317796610169491525423728813559322033898305084745762711864406779661016949152542372881355
0.70143801461208396149831845065522439986083729560477791951756
0.18874107084343666033160757585687135461039386591519758830853922275378465168097516219935775607
0.36511144473957731839704353851484005081418177618662
0.59082722
0.438827527612574341546304163126593033135
0.74348552761528526931550558383347261
0.33577525997206270370
0.2938432835820895522388059701492537313432
0.3137918075
0.104752530933633295838020247469066366704161979752530933633295838020247469066366704161979752530933
0.12342635333613
0.983883899935856318152661962796664528
0.3076084167308185783936361303566846292019502
0.604224326292789512017479970866715222141296431
0.67925750053960716598316425642132527519965465141377077487589
0.153935724266418258034466697717745691662785281788542151839
0.030944990239687670005440174
0.2950020738282870178349232
0.23621515412010315608498096524622375046051823652216627778460027
0.31173
0.86813962873284907183212267958030669895076674737691686844229217110
0.0798720115914030427432987201159140304274329872011591403042743298720115914
0.8387130040
0.1731086373943516
0.155120008384865318100828005450162456765538203542605596897599832302693637983439890996750864689235929
0.177310924369747899159663865546218487394957983193277310924369747899159663865546218487394957983
0.32205198241645683069437924117621953821859929153685288720071699884768042337074815415475225
0.081107590161460691112
0.0
0.348412698412698412698412698412698412698412698412698412698412698412698412698412698412698412
0.3121557454890788224121557454890788224121557454890788224121557454890788224121557454890788224121557454
0.362321922177333616840314692749308951732936423559430150967467573889007016
0.009900990099009900990099009900990099009900990099009900990
0.6
0.3456196375668500634835135
0.53186274509803921568627450980392156862745098039215686274509
0.1890949437311776826755428752575
0.5678673812788233827745232456687
0.9520388759771814916543418550602155081343756602577646313120642298753433
0.643071546973701895076385466600958738407777429326643071546973701895076385466
0.388932
0.44000000000
0.766966709529932847
0.1739867979496256960578235055500239702031935686100969871298447
0.3336948417271063512505930997085
0.79238375
0.56500423677520881249243432998426340636726788524391720130734777
0.46774141544413993229082701918426567789779139126229243914235047557633403192003869095598903
0.0600630169358014966522252855454903505317053958251280
0.38567096874514072461514538951951484994557611568962836261
0.941459657230887733487386866936260350471788946658963989
0.08459242971572168
0.484925856820190513601099872336246685652558185210
0.459850271766998256589067787919187775612757665880422520767100
0.9661108122646584185045723507261968800430338891877353415814954276
0.23810214040682224476977339
0.144215246636771300448430493273
0.097388770592849938361537599462064
0.96162623615924266756825289493702
0.41815553628216247470367158138190228389708008094825093957791
0.6074091515579624833
0.50758709125881598632186364607822184227399016883949561872194
0.273251596053395240858
0.234821181036872747435542001663432215137233157748821735514277793179
0.299595141700404858299595141700404858299595141700404858299595
0.608807622
0.215656543776805441233808430446649049083741281462548195641814322228479833643
0.82771381578947368421052631578947368421052631578947368421052631578947368421052631578947368421052
0.23988397389412617839013778100072516316171138506163886874546
0.06983529411764705882352941176470588235294117647
0.7387321807
0.1640721331689272503
0.898245821974635533957567855872940
0.029440093806273294526571464466686209640269693035721763892960341722852715775
0.4243228890069038767923526287838555496548061603823685608072225172596919
0.74010255636829801674081894276449739838624538119297187240781238217329009878591358117789005354045697
0.38598435243947483294718108861354554917564
0.1872987629215387222504660227080155905
0.7232
0.5318777292576419213973799126637554585152838427947598253
0.2236390156683762292
0.90771216521458535011293965795417876734430
0.7839339339339339339339339339
0.326934435912581216774955699940933254577672770230360307147076196101594802126402835203780271707028
0.571428571428
0.3210
0.449314866656
0.2400247448190535106712032168264769563872
0.773182478403791759039828759269169023774940753765002675636419234003516550722421833193
0.07075293227393113885735906167234203556564510026485
0.09827757741574431040915309041164034324089043651287153339
0.216080402010050251256281
0.70823417420276059019514516896715849595430747263207996192289
0.723968966925275
0.48458251912694995528764945517172854635180339813864140694863047726294174146325307190408372801642764
0.864480923604221159917019933255163705240371606385857310363488770632272030305763506809777
0.91747169087070564903077218348154308745441750367858742242978696180666624016377710958991747
0.9775067973963912004613990277663343495097635329982697536458762461893383867512564884238279640767
0.318851087562744004461795872838817624093697713329615170105967651979921918
0.6
0.5214246575342465753424657534
0.6204345815996301433194637078132223763291724456773
0.3592644978783592644978783592644978783592
0.3119880863737900223380491437081161578555472822040208488458674609084139
0.0130474452554744525547445255
0.389647397757875618463080102711843176551637752865284649
0.11726830604835947667648469073224193437906705938762928967737516268237
0.222839
0.098401531679950131350460839752437775502025913887528385057215370230
0.901337
0.923576702214930270713699753896636587366694011484823
0.26584192439862542955326460481099656357388316151202749140
0.61458497401165537879981099385730036226177350763899826744369191998739959048669081745156717593
0.534457552782783123108829429163975113045252099411
0.62785832262800513855753349238392365571664525601027711506698476784731143329051202055423
0.703955736453828542355634698549987280590180615619435258204019333502925464258458407529890
0.57490358
0.42505513895015438906043228936921041023378914865460961623290692545
0.8083315800547022932884494003787081843046496949295181990321
0.25169099323602705589177643289426842292630829476682093271626913492346030615877536489854040583837
0.783675974225222460877569806689168456581773550168763424363
0.98627787307032590051457975986277873070325900514579759862778730703259005145797598627787
0.145385
0.96982674712867432353513723963402764259295308545843877
0.48862559241706
0.874121456211008449814419963673695016978599068
0.16964504283965728274173806609547123623011015911872705018359853121175030599755201
0.948920187793427230046948356807511737089201877934272300469483568075117370892018779
0.791057912339376
0.848286852589641434262948207171314741035856573705
0.379951177258051815103551460744940546499724387
0.3791249883144806955221090025240721697672244554548
0.5171405283597832861868916910389797190
0.1895804304071837745781080662641275739278526087629664034
0.4
0.3494878361075544174135723431498079385403329065300896286811779769526248
0.6061660621507695323987844328987354180962650720
0.555294694792907702011353283341509
0.0638004141603392170397396706439207178779213095355487624494625776550
0.022255192878338278931750741839762611275964391691394658753709198813056
0.02220490845344760420724581223
0.0399099692577953447518664909969257795344751866490
0.70620
0.6993806574559313959028108623153882801333968556455454978561219628394473558837541686517389232
0.35890964159515
0.153731162377277685750070704213971152680699769706274493959
0.60759317633969961060634155386612275171518635267939922121268310773224550343037270535
0.1697911801988124624724798185335913002868770431649876576155847621589165387951164187070518
0.18111414239197395054123030889729824870192730792924403766
0.7514728933571158315766715312685800767526079671369115182963083076590454570023241986919625966163
0.6097071801
0.218708388814913448735019973368841544607190412782956058588548601864181091877496671105193075898801597
0.2666100615580556145192103587348758225429845043515177244746338357036722564211420080662279770749
0.07760846032142559746856524273461570488800066616704138562744608
0.49951412391515598297758268270616224910364239520155480347150085447173541534028080
0.6266027311581361409360992390284582508078807463775669759199416241009069112
0.153054578611436759150709912726325387521167122573922104988927966653640745
0.8829073839505252961776320691453
0.881456746321611186476051340916205781070645935510800375665
0.8444143
0.2795484270668410545880085358298341020169339849934604529
0.61894252587734294861832084796866743340275
0.95483061
0.32244792172870703340136715586224770790812194252761849224090452586
0.81367144432194046306504961411245865490628445424476295479603
0.78957718780727630285152409046214355948869223205506391347099311701081612586037364798426
0.526853339453752582051870553132889602937
0.204081632653061224489795918
0.40262897271990636535518141712433600432159899162690195372
0.8553
0.56222943722
0.1074815595363540569020021074815595363540569020021074815595363540569020021074815595363540
0.764336917562724014336917562724014336917562724014336
0.661619407181299702787372479
0.18470215015861825872400422982023264011279520620373634120549876630243214663376806
0.8806338676985443154597383453104846139672010318776487930716786438179473005343652109821264050119771512
0.8298500606975
0.591676575505350772889417360
0.899337967560410460112545514730221780867262495862297252565375703409467063886130420390599139357828533
0.98115541327124563445867287543655413271245634458672875436554132712456344586728754365541
0.86028
0.26741594806704776668927429512644123631431062881503730258695862803991861253754
0.347852880124545926310
0.54609929078014184397163120
0.1616176690046261751977316818385315624533651693777048201
0.251757706868577609518658734451054624121146565711195240670632774472687939426717
0.656069523128540784335295088278972553
0.055090124397055090124397055090124397055090124397055090124397
0.50018946570670708601
0.41664234996595661900593327497325162921894757319
0.3173758865248226950354609929078
0.1894043791149900474659317103047006583984075945490736487521053437452151278517838003
0.94228274967574578469520103761348897535667963683527885862516212710765239948119325
0.682035692169115577323650284298823396948713618195124697404717671564487980633901930980127
0.631163708086785009861932938856015779092702169625246548323471400394477317554
0.643744664706440292136962913
0.347579590056694286960313999127780200610553859572612298299171391190580026166593981683384212
0.48048536402301726294721040780585439079309482111583687765824368276207155366524893670252
0.8672850241545893719806763285024154589371980
0.884627066429470213042912309628151169349589968325595522193777932051893955829392111771
0.5844146296
0.38261476697503927386978530284517367777
0.2873
0.055458635570654668992746304287944174088697089339821871269855844275089523459737397
0.804255128147582925625028053323757798824004668073073297724314376767359396741325912294088
0.31049837300907689672889193355026
0.48380344861955546695903518
0.14112882015675135447898
0.424393132030787448194197750148016577856719952634695085849615156897
0.3437158469945355191256830601
0.78180001902768528208543430691656360003
0.86541421217428222682163137504643634240832139255957119354667515788356418829273470254205
0.555815715171131464775153226361820811238895392879278286619378830659045520280
0.98403735937168329441
0.6896372567542036652182127337993576421689023238239
0.937817051219113074783177875961381116020291278023236786123384061528391425298641793487154311
0.397821350762527
0.84959349593495934959349593495934959349593
0.17883475495156859910
0.9551093355761143818334735071488645920941968040370058873002523128679562657695542
0.35766394259517640023918676499900338847917081921
0.4930499809877899362034728970383201656174743335164138746884110017322
0.5767741935483870967741935483870967741935483870967741935483870967741935483
0.1539
0.578743473134579754084554488799056762674
0.78984110099062562329632338275380626288145734
0.88772903942254303164908384230982787340366463076068850638534147695724597445863
0.1647147241184943946890461577002567
0.413559710909716645634966158081908
0.172737127371273712737127371273712737127371273712737127371273712
0.3616099071
0.612178634161920476925533613669026454463192633203811146005
0.4686980
0.1312500000000000000000000000000000000000000000000000000000000000000000000000000000000
0.282390
0.43667566644943053098718306799491046767836638425969028333798839338360798187629953759736833938491
0.207864458212163358199519534707295486155013276014666835250979896320647363762801871285876849
0.73486802937090692597737646358404445326453661440
0.5882507903055848261327713382507903055848261327713382507903055848261327713
0.76973
0.2968732977448523804335984312016559538076043141954461270290881359625231506700076261030613356574790
0.55515825718447887696993775658853132035491987816183286981856707720831677923
0.2396126673583320982164912800750951039968381008843436589101328985
0.6461286804798255179934569247546346782988004362050163576881134133042529989094874
0.7405862726406101048617731172545281220209723546
0.693404536445716802466417088746972032591940101299273287822065624311825589077295749834838141378550
0.126128449832344596337374258447253030693835439773020376579829
0.569880
0.621638808139534883720930232558139534883720930232558139534883720930232558139534883720930232558139534
0.09415916
0.42941041873236213866219205247502097475402333918084051559758981008313629776
0.485833047324867482744155893681119627807649773099950425199252564542577126949624375
0.6643
0.08334470679222965288203448432737364087166188981393021245621218324916973750056867294481597
0.268459867192998561767495945408
0.82930144060886110356075020385974
0.055031446540880503144654088050314465408805031446540880503144654088050314465408805031446540880503144
0.01854466119096509240246406570841889117043121149897
0.5617951310570117445749397215524616940
0.655321381183077730120035794735705248865
0.2541086299653622
0.0009472188601799715834341946008524969741619744250907
0.788846
0.98893158226759190227676779262487813270631415954579342776853816
0.01090010493889848007853491757218780677702176635862022274127483836024508310483734470735587827087
0.42733188720173535791757049891540130151843817787418655097613882863340563
0.8345855647030613060506754056430341
0.171293629766155972814191913374035249395230964174634
0.9762166117819246249542627149652396633735821441639224295645810464690815953165020
0.4251883058853568236946
0.5528109028960817717206132879045996592844974446337308
0.959726072069134192075656285667699331485406815587803684982879504320887004728517854231208217837
0.8572778484463
0.3881698685540950455005055611729019211324570273003033367037
0.4487043705429640612864506107463108098566687848619642731059803713902421803290263362282002400621
0.247665732
0.96866406382617552198268545238499
0.75140
0.794455994455994455994455994455994455994455994455994455994455
0.06075081143976973482760732439218568191561026394757792883826321268908077653254945189540082062588
0.47840665236051502145922746781115879828326180257510729613733905579399141630901287553
0.73893508583690987124463519313304721030042918454935622317596566523605150214592274
0.30799315570765094109019799560009777560498655585431434857003177707162063065265216328526032754
0.2942464040025015634771732332707942464040025015634771732332707942464040
0.353840440675
0.6327299820309418416093263794539159398693956260682824210018845597580751194
0.15737911198993348912457307208340823296782311702318892683
0.381033521283846582811822293822417745833075159551397236507838156019
0.540500493
0.83661796705004662729250854833695990052844264843021448554553932235001554243083618277898
0.8833196384552177485620377978635990139
0.20913869108172261783655476432689047134621905
0.15779152720018933630861818304763836765053
0.973534779963496248
0.121397788047146788514460771587309829170777298
0.0117809418021474973913628866673398633410750950890302601905146588575852435288969672489817
0.0822863719190562961542150187014481634218854895943224321473098686103385441641
0.5868459302325581395348837209302325581
0.64177635625538196580145159306187722967154631565998277770943535
0.9925830837255740978462416203109399515047782056767936100413635715304
0.6857654
0.849650204909550026907314649
0.34949443882709807886754297269969666329625884732052578361981799797775530
