0.96249016663090896088106987055710505613959808338696989201172852
0.58740751487015813143769041
0.114355689525
0.27691862388355937810122394971882236189216010585511081706913661925239827985444922262652993714852
0.23882791397408281191233288884330016753855096249187950900947105686053270420897869866994905460
0.45560352270764980141599032982213780003453634950
0.848542970590214
0.1559845559845559845559845559845559845559845559845559845559845559845559845559845559845559845559845559
0.637082818294190358467243510506798516687268232385661310259579728059332509270704573
0.1597222222222222222222222222222222222222222222222222222222222222222222222222222222222222222222222222
0.28631536766179122420356641955519935884592266078942095772390302544580244439991
0.8855218855218855218855218855
0.9536591880341880341880341880341880341880341880341880341880341880341880341880341880341880341880341880
0.759064563957406658579323358943253807790807386440221054050411106618142606820326189513
0.993545183714001986097318768619
0.52305961754780652418447694038245219347581552305961754
0.55204888870285881712
0.102299
0.500000000000000000000000000000000000000000000000000000000000000000000000000000000000000000000
0.9053799366058425426197207230360661355264285102372997515634369913475541848710699905765
0.70930824008138351983723296032553407
0.482209637781814296399187947430281012928731702104925739929479645261245859
0.75714139449165557489505477628749872018019862803317292925156138015767379952902631309511620763796457
0.746232937422
0.5417491096161456272259596359319351009101701622477245745943806885
0.2208123120827600264995158742292208123120827
0.37013769909258201662542039469509486642553461514055460371851
0.908955409265929698174139858402682896534591976152030803626878648615078872189790088187
0.44476118760757314974182444061962134251290877796901893287
0.28270270270270270
0.116057902709981484
0.3885151369533877943296492071119654012493993272465160980297933685728015377
0.0947171
0.23198529
0.41282816487176160200683361446304225595778729293715669737468102
0.18463766668331418868301453328672027168755930679718323927483394096788
0.4923806298679309177108025736539112766677954622417880121909922113105316627158
0.6701551786358715265247203175748827138217
0.2530864197530864197530864197530864197530864197530864197
0.22384751773049645390070921985815602836879
0.29993626513702995538559592096876991714467813894
0.78817396076279325010289477294553436685416380847852929071203182878309781863081355467142269172726
0.132629209592243095835858367240931521080
0.0543478260869
0.0643776824034334763948497854077253
0.25083752093802345058626465661641541038525963149
0.2036074594925099357994497095689391623356771629471109752369306022623051054723326199938856618771
0.508526518708912065641836785131728535415945825713014680440907518165192032030052889130542237160792842
0.7318457623801135251516930906243883343119984341358387159913877471129379526326091211587394793501
0.4013084632516703786191536748329621380846325167037861915367483296213808463251670378619153674832962138
0.2721504645365964196691593020
0.453644608666442727
0.2411609932576878802828482157539878309488570958723894096365729320835388916296661733267554678
0.202358537310474680408284610048558121098008
0.57796756549275501391421168793781786776700892428749640149697725
0.71275667961626892888289859
0.233901698637215010010
0.653609
0.68398608461452137
0.2703068314579105
0.1478427690926160251438834238132168659945303889954692028246050859218743622188660761663741
0.382404287280256587227477
0.06254125412541254125412541254125412541254125412541254125412541254125412541254125412541254125412541
0.194990196470729462606538353807370653435236685206
0.323
0.353786762838421293239193
0.007435333542779348622892449471148811393863231752015
0.240530137345
0.3375000000000000000000000000000000000
0.95725129844186975629244906112664802237315221733919296843787455053935277666799840191769
0.2848890942698706099815157116451016635859519408502772643253234750462107208
0.1910872937526441968692709067832463686362995346213510083204061486391200112819066
0.2325535871586571400606831751003229910932759126945
0.30668484810046299232574364178347180820701465085304750428109342297203018963658273609437432612418
0.611512297226
0.5014496255134090359990335829910606426673109446726
0.641081081081081081081081081081081081081
0.39682365426135324038496724850880081970212
0.121325214430694689975774242126628691154324625155503
0.15916787614900822447992259313014029995162
0.17192343459392436453812771233725976441413515189088654680719156850588964662
0.624721305627396771604
0.8195170173704279056630419432283575766134726733512215788730405309984465470978675
0.30547656178332263
0.321682991985752448797862867319679430097951914514692787177203
0.6989241469245816126928928493805694414257770049989132797217996087806998478591610
0.0512739257193560654075294
0.7773584905660377358490566037735849056603773584905660377358490566037735849056603773584905660377
0.59257308401369502238609428496181195680800632077956281274690
0.595136898290006919047148364139567
0.78
0.092290909090909090909090909090909090
0.7157728857265
0.0622607110300820
0.5168206692383600968
0.5238604
0.63942979595639616137147116370073604770
0.06359080698
0.3194237456532538499751614505712866368604073522106308991554893194237456532538499751614
0.4550580997949419002050580997949419002050580997949419002050580997949419002050580997949
0.406362270559801423998954863152394016591547455744986609184140
0.23232953658917147760961148385083476361366827898
0.640
0.21375035449499
0.42104299253697175037772995741953207270729362208690078293
0.073273780782230806373732496378561081603
0.917943758369290284183901205177800922481773545603332837375390566879928582056241630709715816
0.258420085731781996325780771586037966932026944274341702
0.98110202012888277459995655636811237419448265875027152269929766128448338281080298
0.8471508186806065
0.0550075319500461635647990
0.656886487829110779930452061599602583209140586189766517635370094386487829110779930452061
0.9335195530726256983240223463687150837988826815642
0.0848500928628283364287609445476253648182541788272751392942425046431414168214380472273812
0.6664552639281881159137476827007512928090545419065274660942530978632061664
0.57407824585116768040850041300593226702710820755425396110235037921453780881579935420890590973943
0.7402793506983767459418648546621366
0.10985996824021943121120254078
0.670224340707735350499974094606497072690534169214030
0.960430661636146130486794883592527836569430385570994754762123861231250575135
0.459639849489338828166995162157319476796273069342411754165
0.46281836772634318646588585238
0.621136173767
0.0762217966863708267421530263
0.437596699329551315110881897885507993811242908715832903558
0.4556999409332545776727702303603071470761961015948021264028352037802717070289427
0.319586928459813846049324002989333514505061485155241524560092397581357429173177525647
0.2701949860724233983286908077994428969359331476323119777158774373259052924791086350974930362116991643
0.604926736037375238904225950307921002335952431514121894245062645
0.5680759081466509460445791926337656504407388692381112795463477626186064
0.9249295413784268511401486036382270048680502177811939533692031770433000256213169
0.7248351648351648351648351648351648351648351648351648351648351648351648351648351648351
0.008851566046300499319110304130730821606899682
0.2379583537825141975741428
0.1878
0.01061026352288488210818307905686546463245492371705963938973647711511789181692094313453536754507628
0.19795027519453406718542417916113
0.109786926688335139039364391477067
0.0148839690584155774873299546545745532141904
0.80961290322580645161290322580645161290322580
0.257542457
0.8487879542946641512120457053358487
0.5649
0.81685104480947591909710582187953961336462174544641859425634149066934853056207397474578165158118
0.62739111952699308266027746647602117710708351045329829578390076129381303
0.13617972742759795570698466780238500851788756388415672913117546848381601362862010221
0.4198232323232323232323232323232323232323232323232323232323232323232323232323
0.3597560975609756097560975609756
0.8907987866531850353892821031344792719919110212335692618
0.89319261213720316622691292875989445910290237467018469
0.34339829810595662915179796870710952511666209168267911062311281910513313203403788086741696404
0.792393809680605861047085940072439907803753704
0.3771818286903248179401225291873771818286903248179401225291873771818286903248179401225291873771818286
0.9687310873512204962679039741779301997175711115594109340326
0.919946926138876603272888102609464838567005749668288367978
0.43875217770034843205574912891986062717770034843205574912891986062717770034843
0.23807968647942521227955584585238406270411495754408883082952318745917700849118223383409536250
0.15603367633302151543498596819457436856875584658559401309635173058933582787652011225
0.0841736227045075125208681135225375626043405676126878130217028380634390651085141903171953255
0.8281562216167120799273387829246139
0.7588315837517115472387037882245549977179370150616157005933363760839
0.1357592953053346969746956550427237636501600079179175876744
0.7112104653088259645636694817022685875144891538334161284980957112104653088259645636694
0.4037620503174229955325652480601928050787679285210439689630848812602868563367
0.334456355283307810107197549770290964777
0.79050376953417544560387438214588846173049078835688252034549902641170
0.605485232067510548523206751054852320675105485232067510548523206751054852320675105485232
0.91460100742311770943796394485683987274655355249204665959703075291622
0.78405869
0.532
0.0751538461538
0.2728145175362065957075554004536730064561158611062641772814517536206595707
0.98391430646332607116920842411038489469862018881626724763979665940450254175744371822803195
0.29120879120879120879120879120879
0.44164675611100900569748208049990810512773387244991729461496048520492556515346443668443300863
0.07334022308542104700473967428103061188125868643
0.3572335678736914364166809679080144156512785309764887592243006692980950746524798352496996739
0.973915787259
0.6813264623736281027496951339443
0.1892984313
0.14817278905099082830394905669343724754074989
0.5458916083916083916083916083916083916083916083916083916
0.53356832527256332486269366341503401918190015575047135011066480859086810394294614312648577752
0.261653888729449387069000860973309827
0.0875420875420875420875420875420
0.5656239015817223
0.94430162810625535561268209083119108826049700085
0.94645
0.8792194412459850918126174171262347736500818
0.4072398190045248868778280542986425339366515837104072398190045248868778
0.62121463949739055280390918458930292856430542166672206894259
0.20264317180616740088105726872246696035242290748898678414096916
0.7673765292251925690983235160851835070231082917988219302220208427729950158586316266425011327594019
0.6142031630170316301703163017031630
0.41302270011947431302270011947431302270011947431302270011947431302270011947431302270011947431302270
0.0177339901477832512315270935
0.406530
0.59352715304443225452550740537575425123
0.1661642526284831997647231821189618410410999191235938533931
0.60170025188916876574307304785894206549118387909319899244332493702770780856423173803
0.2833169728415
0.6732158335
0.91150568181818181818181818181818181818181818181818181818181818181818181818181818181818
0.9113373823984756460640705013695
0.393842821782178217821782178217821
0.85226328119096198896697649814856797400438298193909166477745031
0.81447280053727333781061114842175957018132975151108126259234385493619879113498992612491605
0.936397058823529411764705882352941176470588235294117647058823529411764705882352
0.2624066325133940792303781
0.834960070984
0.270024135156878519
0.8046281898838379218
0.06591103
0.5426642820054231812150233658339583453527952460624242773899498067270524433162176195
0.0257401566792145
0.2
0.2959386675724198165849871415401
0.3752869682646860229574611748818365968939905469277515192437
0.0400248601615910503418272218769422001243
0.771216
0.446409790610957070465627689071612964910603308
0.9251054098477810333738297720288715786464660901879511184163510326
0.4393809114359415305245055889939
0.203230148048452220726783310901
0.28538130963653580013110933061402869837
0.94000000000000000000000000000000000000000000000000000000000000000000000000000000
0.67396907216494845360
0.19716037431429493384962891255243626976444014198
0.969641568438777964878518162
0.945621
0.404469783352337514253135689851767388825541619156
0.2401904836868826006533118186469361249950804832933212641190129481679719784328387579204218
0.978510028653295128939828080229226361031518
0.38261575954508529650690495532087733549959382615759545085296506904955320877
0.515666810530858869227449287872248597324126025032369443245576176089771255934397928355
0.82826475849731
0.3928877219019350419544494548775615046520
0.051135975984171385686020331582179163539605649177867230674762911919219485570034795660
0.1271744637730113156561391656814727242019929066036142
0.5663346325970838746932293922332900245416486213367980366681102930561570665
0.8802862719583604424202992843201040988939492517891997397527651268705270006506180871828236824
0.14806085279622884079708592243411184915363188343
0.0264524103831891223733003708281829419035846724351050679851668
0.5171597259495469327187194140119344552142203138319704480156600258895589303191993180
0.6
0.3013207332346578617784356142548104292383012638050779915746328133895024479107366503472617556643515882
0.127052560545849891279898028042288370698058034040638824323311089450401139686586188798080527
0.433426325133147349733705300532589398934821202130357595739284808521430382957
0.073315784342
0.683765255020177954976418534545631351193659746195361501434336558564691
0.5103833460269103833460269103833460269103833460269103833460269103833460269103833460269103833460
0.86901511
0.4992962107989415010416080175665784584201340014638815382
0.388794704125292645515459756196011948010010494873657867118753531928634859126503592475982885282957939
0.929284525
0.2
0.13494258971541172458221228542195611807
0.330815316488668924199010158895545715029955
0.40130768501847815786980005685587036861555955652421112479863545
0.54987092231870452945318000469373386528983
0.95607180570221752903907074973600844772967265047518479408658922914466737064413938753959873284054910
0.604905535299966854491216440172356645674511103745442492542260523699038780245276764998342
0.1526412444636491303878146267689316193151128875445608728529761261747866479
0.7606339375170780581109390654886601694143364605
0.29045362220717670954637779282329045362220717670954637779282329045362220717670954637779282329
0.130078282125065750796744948791732417463411615458399084130078282125065750796
0.883619702
0.031145914534760116221387569980865991070795833038
0.2045454545454545454
0.0442610652663165791447861965491372843210802700675168792198049512378094523
0.69290016786807544188802211908758763700997333859978275896119
0.41368657554765025276165512076390189103
0.4872206073970131301994587551368146
0.7552209120613723540275607330586731069754226452621110953260406307714163943742
0.80501535312180143295
0.40907097663346488755246
0.1590546151389332481635260300223570744171191312679655062280421590546151389332481635260300223
0.221334854535082715345122646891043924700513405590416428978893325727324586423
0.316020640088457521960808403
0.40165718111817877469032474054235018413123535319718
0.52902118770516263
0.5880727607644485378770435183053189039834215979737508634584388671425282063090029933225880727607
0.51716287215411558669001751313485113835376532399
0.639979204574993501429685469196776709123992
0.326782789
0.47127364276031243948098896133238654702730617778064682
0.3331774111243408742983500595339343425752679027045415
0.78616468842729970326409495548961424332344213649851632047477744807121661721068249258160237388
0.49654084233523485859934458065299186794513897
0.62976744186046511627906976
0.117284731890477998565582415727966924018056786060836181074125638104881238
0.3392815324809142428926045618472202707133155355721043510842583485551028054892042527282094
0.7914359542266519010705057216685123661867847914359542266519010705057216685123661867847914359542
0.192380056444026340545625587958607714016933
0.1499703224955
0.7321455763666818943200852748591442058778742195827622963301355261154256129
0.40508316077750317280074811301850243804689065526684924186761071404715783848774296974150
0.9067274189225408737603859555079067274189225408737603859555079067274189225408737603859555
0.73363223191254145682348605822380
0.327
0.57413966789068339128456764046404315471354759042017352874272901569
0.04807651614541453298912353463963773329383384823
0.44608475467010654053795805264918064115426878792222062968802255028426735464144092
0.512758027522935779816513761467889908
0.84619
0.41690779955280810206497435222938313823490727344469288
0.54753861003861003861003861003861003
0.3853655255901540117021992064025825543076198
0.186267497701031981199550424031879023194032900786757944211709410442423623173597629508531725758659446
0.406191785682604453118069724119577752151157633283065732280670
0.8326015880429705744978981784212984586641756188696870621205044371788883699205978514712751050910789350
0.34033767663791521380069737566525968067535327583042760139475133051936135
0.20856463124504361617763
0.16200668896321070234113712374581939799331103678929765886287625418060200
0.43309705378439211207041354520106157825780226425235999596869016024456613027
0.7338501291989664082687338501291989664082687338501291989664082687338501291989
0.9531967213114754098360655737704918032786885245901639344262
0.1856663872590108968985750209555741827326068734283319
0.9819795345467717105858915149868695100968
0.3570638548886594897507742220911370004
0.537664132688320663441603317208016586
0.34390253131030307616633243785235915093268757803927503878315486775
0.71022302639342327813397317389765173268300357943594383038980450772922157101
0.95
0.441782486150
0.05438369459
0.6520862416627888940592523654412905227237474794478051807042035055064371025283077400341243989452458507
0.84643916913946587537091988130563798219584
0.12891067871916653
0.4939997735763613721
0.85029350768041055924637069844282751590565573482371963865162220113
0.05306024673613
0.09990419240807426740229
0.85417376490630323679727427597955706984667802385008517887563884156729
0.06121743936986112070752435569681475851585711324535341670697160229392662198576
0.4995579133510167992926613616268788682581786030061892130857648099027409372236
0.663617276544691061787642471505698860227954409
0.1898476653599960303676871929
0.06199505358615
0.43151
0.1728061281964627689534752
0.59335022930243784697079411054791214096065652908520395848419020033791938209027274921
0.6548410938654841093865484109386548410938
0.04961266562248655970875841341065910341616221479067010963891123058
0.550979946046088341404751844508726882698995677186596028212045373289563
0.065970693667064964467643544431167851
0.0384400422281562441781034589827982363534745078556790660125442464137117307334037135937402968
0.21964310609229
0.125
0.46962962962962962962962962962962962962962962962962962962962962
0.9268747088961341406613879832324173265020959478341
0.87172882752936328044508551411498042447970327632392334638368019
0.716981132075471698113207547
0.054142705005324813631522896698615548455804046858359957401490947816826411075612353567625133
0.0
0.88
0.814651674973919091225223
0.3461951582252334132033380153680905560604808725
0.8881759853345554537121906507791017415215398716773602199816681943171402383134738771769019248395
0.612334801762114537444933920704845814977
0.045021360499507065395990798554058494906342425
0.9627890746439107952923262379849633
0.4066500076495486766280789433423428017746952929777143148554235300
0.4598066567183546356971
0.1795161290322580645161290322580645161290322580645
0.079087550476845089784345734169602199501675401
0.900862068965517241379310344827586206
0.138184286860457939887675121891007838054681231870641239276677
0.0475086906141367323290845886442641946
0.702768166089965397923875432525951557093425
0.01985370950888192267502612330198537095088819226750261233019853709508881922675
0.9889135254988
0.57519673564558437773
0.57079646017699115044247787610619469026548672566371681415929203539823008849557522123
0.486150533424684349613389448957
0.1706784961093738637190022543814995273071049378227038
0.2483369330453563714902807775377969762419006479481641468682505399
0.535201492213594759901097471044983299353663297618531210688413655489524140025159415260486
0.1522493140756846301185484288450587565356939483356628876119
0.327729962345346960731576116191500
0.63157894736842105263157894736842105263157894736842105263157
0.77039393722742546650461142489454
0.75947934
0.7840536
0.38316672041277007416962270235
0.930380746748117331086418452
0.6927074740141890777099488533245339052961557498762580432
0.150738053
0.779199173932996787517209729233593391463974300137677833868
0.729293
0.108114734003432213777886736945329737680804118656533464084334395685216964942
0.3370829216386714296572166907349699779585011780
0.732184808144087705559906029757243539545810493343774471417
0.1887135420970007436172849706684293150458563992398578864744
0.715443279313632030505
0.53
0.182942785773759961
0.1952220977976857036207540126913027248973497573721537887271369
0.3779677113010446343779677113010446343779677113010446343779677113
0.81140084899939357186173438447543966040024257125530624620982413583990297
0.1734349377833510176521655252242693160991607986881450757210379087489148258898427703289283302
0.80956277764788403086275426700958615
0.684859667864426531999611537340973098960862387103
0.835444771622269396699308361295624186810929261110730671779771279873998493
0.5565586570368924458325200078079250439195783720476
0.9973751367116296026248632883703973751367116296
0.0241641721066108846972265300970173477116168355754318
0.036628648220254298611350401433444
0.03124044439914381816328610743043522576699622872
0.0865462388784038824480992181180911296845510919
0.82483737803352514385789342006504878658994245684263197398048536402301726
0.35068507
0.14477211796246648793565683646112600536193029490616621983914209115281501340482573726541554959785
0.1406992209766292988789663689910697320919627588827664829944898346950408512255367661029
0.60797981011897608460521571926451147
0.09396411092985318107667210440456769
0.04252067601582164
0.1035318073304311192248279735992135935964049992978514253616
0.85928649508098976
0.04256908140403
0.12491090520313613684960798289379900213827512473271560940841054882394868139700641482
0.7
0.57959354265712345227522073036936419204848231544851366177315709733033801786740504675
0.8680195300579798596277
0.56889681208053691275167785234899328859060402684563758389261744966442953020134
0.94666159011456855075975217195666470527153784915
0.743080838998614556819280213938202790218126751941231433450397912169346264
0.99323051565811160819401930774664469036967271014834000470920649870496821285613374146456322109724511
0.2180794934927893070699964825888146324305311290889905029
0.37614451868349418460777035387280376144518683494184
0.41470197074114375528956595333091524604038205779228630153548543102405996856486519163341796638
0.54786100056850483
0.3757670834679093803349790061366677432750426798320490933419462003414386563927467
0.6858750
0.832234290147401086113266097750193948797517455391776570985259891388673390224980605120248254460822
0.261542219688950411204299324159270417718426838205357869880302906929403143066525527237195668105
0.55887021138445999567130798643676502416853040906139528172570
0.318531559728742827334376630151278038601982263954094940010432968179
0.2171025745811197384552513281569268492
0.8484497571908853193873739260366
0.1330275229357798165137614678899082568807339449541284403669724770642201834862385321100917431
0.59585131560629263538911318390644577
0.39
0.1929128343993650497
0.88399209486166007905138
0.70824088252757898684333885433919809994062314447326478952467
0.6251949402183330445330098769710622075896725004332004851845434066886154912493501
0.5966179861644888547271329746348962336664104534973097617217524980784012298232129131437355880092
0.8960396039603960396039603960396039603960396039603960396039603960396039603960396039603960396039603960
0.52634498058790904048807542983915
0.172694130514035727305869485964272694130
0.637904411
0.58826638477801268498942917547568710359408033826638477801268
0.359705611775528978840846366145354185832566697332106715731370745170193192272309107
0.21819359015862738750404661702816445451602460343153123988345742958886370993849142117
0.527425983393441248008051664849450641617042690598003
0.827722772277227722772277227
0.0521739130434782608695652173913043478260869565217391
0.234099339545824662987424228716185650954491993124038722518773183751017823215416628969510540124
0.03773932253313696612665684830633284241531664212076583210603829
0.90804597701149425287356321839080459770114942528735632183908045977011494252873563218390804597701
0.699232220704014574
0.6319749455753733338425696062330519802925562387808883626780735591796203643585532597
0.2222222222222222222222222222222222222222222222222222222
0.4355758266818700114025085518814139110604332953249714937286202964652223489167616875
0.608203916272788656
0.3776223776223776223776223776223776223776223776223776223776223776223776223776223776223776223
0.8214317317051588355012830722944872135209273515618086
0.63597021574492458473875135238337682173996054222618214217526888563609749888627251320
0.294025157232704402515723270440251572327044025157232704402515723270440251572327044025
0.72017249640632486823191183517010062290368950
0.921635942980819464139114859317859541756847525934771251585939249197701320994104037614747369
0.4539968308553319173325241900138
0.10551407753890438067824053251776
0.508833922261484098939929328621908127208480565371024734982332155477031802120141342756183745583038869
0.926105942661856844503512435921777102715018036833111828365293335864818682361875830643630
0.451086
0.8750325436084353033064306170268159333506899244988284300963290809684977870346263993751627180421765165
0.083694779116465863453815261044176706827309236947791164658634538152610441
0.23809523809523809523
0.87207915234018665356817065469089888428882183706406567
0.202796730392488009187326893197324866581098425994730797811
0.24904862579281183932346723044397463002114164904862
0.71318799142244460328806290
0.35920599554385254202957261494834919991897913712781041118087907636216325703868746202147052
0.306749866829008446845749942926717905791035689825736245339015295639601248002
0.181013008580127318018267367838361472460559092167174093551065596457237752560199280376418488790
0.7556144335099671965682563714357809740095886954327529649255614433509967
0.23675319324268644416975690152451586320560362587556654305727235269880510918829831067161104243
0.28634901179715029875900107246820897809100658801899800827332618354527347939328941320
0.9565041157395859316537789972561736093788974806684958842604140683462210027438263906211025193315041157
0.2040236168816969166848895692105838617975071
0.3305588585017835909631391200951
0.091724977182841496805597809552783693337389717067234560389412838454517797383632491633708
0.70002901073397156948070786190890629532927183057731360603423266608645198723527
0.55591143294805737362484333658264
0.2832
0.16419247504479140005119
0.541260101264125
0.3554430989818663774926200373516476
0.8322958623214939582570487001098498718418161845477846942511900402
0.0852546916890080428954423592493297587131367292225201072386058981233243967828418230563002
0.2318589187626481642093090488580514599595258745302110436542353281295172015033246603064469499
0.7983926
0.07884379364340429133691650090989885310423
0.7367874751319
0.7627588272737484554611150634665069083011944434
0.99144039183984022064767701745208997099243901279185886157211469874934614104332112796614199438870
0.458325722983257229832572
0.6
0.98964571556
0.06
0.9445900411830774990640209659303631598652190190939722950205915387495320104829651815799
0.91670
0.409476548743396830478629742276292620457819753481
0.126581852450188476036618201400107700592353257942918686052773290253
0.113808545742280884878278729923566450048823192700090912151924
0.47344731450068858956702831614658560343958886164388162977394
0.97384729796727813584531482
0.10455496860360809329213595136051031
0.10713529536311666313783612110946432352318441668431081939445
0.68734793187347
0.79732001582278481
0.82299150881776616590463749183540
0.75415403274711946634323832625833838690115221346270466949666464
0.2858483483483483483483483483483483483483483483483483483
0.62783505154639175
0.6235208516830697353808447899513652203883123348523723815723968904377130165051
0.5467183226982680036463081130355515041020966271649954
0.703931871715890559884036963217974270701213988041311831853596666062692516760
0.9858223062381852551984
0.3504919184820801124385
0.085752087984784586124204085007855784338046803936161415695030182750351442983544199123459852807409245
0.112697
0.5835095137420718816067653276955602536997885835095
0.9081418971714330364119393655258634161587748085638380997030786
0.162263161345309119
0.4653369792504423
0.053112531640139002102192286241365995967222961087991762838388605259770903
0.3345541109686870536531770737960080571323933345541109686870536531770
0.07457560592679815523501128446668629182
0.4989661029466066021711838121261354
0.25718849840255591054313099041533546325878594249201277955271565495207667731
0.217557251908396
0.8815714012617090422481361116421334352896195756069585165360351749187535844006882049321353469699866182
0.944662382104999582672564894416158918287288206326683916200651030798764710
0.99306684358
0.3191815856777493606138107416879795396419437340153452685421994884
0.191227756
0.775074019245003700962250185048112509252405625462620281273131014063656550703182827535
0.20883114297092791716447630426125049780963759458383114297092791716447630426125049780
0.0465179122915379864113650401482396541074737492279184
0.1955150665732305536089698668535388927820602662
0.162603852825709851182324477312151921847895553729571806810919382817492924312973
0.212805203
0.18663280475718533201189296333002973240832507433102081268582755203171456888007928642220
0.380433253
0.38385035895409339392741882368438385035895409339392741882368438
0.788572369504363576486085954223
0.7406588547424275923059915984965730709705947380057483970815830201193897855405
0.546536833774902797371228021883494477514365344252141898634001995664590716718852148780236038949867529
0.47538649308380797396257119609438567941415785191212367778681855166802278275020341741253
0.56405995659251220835594139989148128052088985349972870320130222463374932175
0.531758075005419466724474311727725991762410578799046173856492521135920225
0.5610793281732798972068406400097898247009514485881237189096582739
0.7806788511749
0.125988816148390616
0.27448926139339968569931901519119958093242535358826610790
0.9437102748182358589784626640449951986830673556175408111939274772509031048516164433673236087612602313
0.254830454254638515674984005118362124120
0.4232540769326528071704220092120004979459728
0.0476821192052980132450331125827
0.061912144702842377260981
0.26862070329496459791938610023337684427040069617
0.307457322551662174303683737646001796945
0.364863004268208729175271926201294231034007985680848
0.959559010313468475334044607021287405375196870395773002083015800436925
0.48595582219798200
0.0480616803574002017581784118749099293846375558437815247153768554546764663496181005908
0.384396853146853146853146853146853146853146853146853146853146
0.8340807174887892376
0.937669793428673945358552462965810651494182172330719155261674099133733148803116510328
0.265897522904648795385137427892772310824567356633864947404139803189684424838819138106549032
0.4986391912908242612
0.7551070038910505836575875486381322957
0.7617357
0.953130721347491761259611863786158916147931160746979128524350054924935920908092
0.596682572142694842081345148829811406498523062940240854351283799136559872756191774596682572142694842
0.647583060031370312277199486667617282190
0.6757038262414606500628006004350090
0.902978069801177574878402594077993002
0.68226768055406804469672628610188854
0.638271227855833842394624312767257177764202810018326206475259621258399511301160659
0.5048643113159242191500256016
0.60983579435000206808123423088058898953550
0.8446374414116349600220567962503446374414
0.088111652934252564
0.898869801084990958408679927667269439421338155515370705244122965
0.9990417172427010796652398901169104963904682808407334057369194403628697374305245000
0.373690226709
0.746235711470240441466298778084351596373669688608592
0.6135288552507095553453169347209082308420056764427625354777672658467360454115
0.453416149068322981366459627329192546
0.3111603099527020
0.16108666539123780371149799119954084560933613927683183470441936101013965946049
0.4214395295320889798005625159805676297622091536691383277934032216824
0.808601177003168854685377999094612947
0.7876592555583312515613290032475643267549337996502623032725
0.5208902772354549004295197188598203826630222569308863725107379929714955095665755564232721593127684
0.32125324286569546996607463580
0.1090229578216764548852108916
0.2442150902493048682784297092228
0.33752807504293830096446029858633901440084555423437706434139
0.04575062632491809597224898824436307573713624975910580073231836577
0.1179839633447880870561282932416953035509736540664375715922107674684994272623138602520045819014891
0.32040816326530612244897959183673469387755102040816326530612244897959183673469387755
0.826413836524573163956890485537572682493240991074404651679567423428761897707492315
0.634416239859433997532
0.97724
0.2522164475695505961479669825741363497
0.4012187299550994227068633739576651699
0.13
0.2539196382994239043243637424341865383213009
0.50605297117925397898359245375775824986173
0.848751612658419974197465280412840555
0.04971
0.00958333333333333333333333333333333333333333333333333333333333333
0.42004067295248659641338
0.85870370370370370370370370370370370370
0.616361221779548472775564409030544488711819389110225763
0.097820823244552058111380145278450363196125907990314769975786924939467312348668280871670702
0.840454299621416982152514872904272579772850
0.129428
0.8500122940742
0.89359657202354731488526690961515357815065475952104441151736013775980
0.777378989232709283150
0.69
0.43214261778701159439715836740164
0.869678953626634958382877526753864447086801426872770511296076099881093935790725326991676
0.9719801011947786895701347846422041753475913091543007780943067307283472936
0.7754239901325932778
0.32593559617058311575282854656222802436901653611836379460400348128807658833768494342906875543
0.324
0.73012119420632574637895359148684599467927874667454921667
0.5729250043500
0.5310851544837980
0.9898837916573294490508051349361334315075071
0.131335149863760217983651226158038147138964577656675749318801089918256130790190735
0.57274984179525872559996105
0.086509321333455781063458536137386353200477546147488290935806777481862429975
0.4970907564033351328654549817047567632415571
0.3853099320280004058029826519224916303134828040986101247844171654661661763213959622603226133712082783
0.466
0.962085807
0.2227451257917271151056225894342026113725628958635575528
0.1671191664220722042852949809216319342530085
0.629035199708188947656392485865402152106511034105416742659128214481123472551522888929418201714389932
0.09368177307310618590803837247767118756202447
0.06012541497602360752489856141645149391368498708963482109922537808
0.2963735717834078
0.6956402522621332602138744173293117630929531121469701124211680833561831642445845
0.42534199545766650821317276712618179897533407278297153118892938255955210479057729889610732583320
0.0522238880559720139930034982508745627186
0.119205298013245033112582781456953642384105960264900662251655629139072
0.8244803695150115473441108545034642032332563510392609699769053117782909930715935334872979214780
0.03079808499086915749469424016583584
0.666150271107668474051123160340821068938807126258714175058
0.81193725053374176181193725053374176181193725053374176181193725053374176181193725053
0.89083698601544562721769985389271550824462533917762471300354
0.80002402113860196973336536151813595964448714869084794619264953158779726159019937545039634878
0.10136850578983218775156356430738745433153755650504675212087435754535884
0.2922389185113373
0.151850638716017032427120864723223059285948247625286603340976089092695709
0.12164639226795
0.47226102016872
0.850526315789473684210526315789473684210526315789473
0.2422041862451943613840239214011106364801366937206322084579239641178983340452
0.4
0.636816695218813268961220993
0.749307479224376731301939058171745152354570637119113573407202216066481994459833795013850415512465373
0.217720970537261698440207972270363951473136915077989601386481802426343154246100519930675
0.80886867538374
0.07565011820330969267139479905437352245862884160756
0.34911657859973579920739762
0.6683354192740926
0.87305944291949781757638482653107141250056248
0.910177682497002289161004323970785945278151229969841212165255622978816176737763889393554013298
0.3687119478388531456453214732933200915410855390992702621011269916663
0.979216526010832598564050888021161355334424990552966368560272074568585464
0.417907
0.13667425968109339407744874715
0.36932730191157157449292280752954910258281044797898730483
0.21339240389496515759841247865614472287599796944944
0.16576036866359447004608294930875576036866359447004608294930875576036866359
0.0454268026855000435957799285029209172552096957014560990496119
0.147292733413225841594944983113628935613901296437520427061771434796818825580128
0.0184456801844568018445680184456801844568018445680184456801844568018445680184456
0.10532986458541791
0.0812985571587125416204217536071032186459489456159822419533851276359600443
0.2895986998374796849606200775096887110888861107638454806850856357044630578
0.261781597490937232
0.20435439
0.189534883720930232558139
0.0848318999218139171227521
0.7681999275624773632741760231800072437522636725823976819
0.40538573508005822416302765647743813
0.9542
0.1
0.5234499339676949646134570451390064677796214147844637838203921303
0.7448204419889502762430939226519337016574585635359116022099447513
0.97284463570262650244843448582875797596082504822673987238462679922837216
0.13580914144533662754786905497220506485484867201976528721432983323038912909203211
0.58764333059170738787556243649910493976486525714838647249504088248101020852484
0.29114134962510413773951680088864204387670091641210774784782004998611496806442654818
0.252876763177431328878990348923533778767631774313288789903489235337787676317743132887899034892353
0.765107836856715780482
0.483364272
0.2481343
0.7443073
0.8289932979614632784138508796425579447081820720469142697570511030438425020943870427254956716001117006
0.09783433802187988390265684304532261665550346059388256307
0.7256066081569437274135260712441920495611770
0.742705126489091152456163
0.1268781302170283806343906510851419031719532554
0.8078070240847065841473417343971366788457236596823503094474684960107374
0.142213192813154720335216811631007555075868198844517808393117897276363405498063615008570884
0.4255063602118250805262870557405688704
0.88836925579503863359089060593737291581943879625864172427816185441236
0.347880455170689008378141
0.7
0.072734758294164
0.3382985530946709801272707881545735717586832094990934622631447971844
0.6825777017393783860849729113202167094382663244938694040490447676076418
0.9143498585311846475581252306556772050682740804527002091278139992619018329437815229425513
0.40606
0.962813832306963524396020843202
0.8
0.0867096378146101903007
0.99403536178371085706170560249946744301640275509479514308030959312646453170489242348931335652914
0.4363383487166519155392590719433556707548362624857756985712479
0.11851712280371190352819256677186867021527156248527957039898252390597767205
0.99137038315498791853641698308595098377632033137728684846392820158784949948222298929927511218
0.335191026989134244654749386610585348755695758850332982
0.6271682646563712215472443826392446754007172656078
0.4564102
0.8870019114836053521540949860314659608881046904866931333627407734156741655638876
0.60567556120288013553
0.594924392913609275550330400940527830704990473101714841691328495560870799043256172213889001499979
0.255115137787844469611174027935069837674594186485466213665534163835409588523971309928274820687
0.416984510002335175527360473262240211722581147
0.37
0.1858042710093716392687048701797511138423721
0.38078925733077
0.04836219075467358806715510727075598
0.9126051974475168778322389716082493295107740682511791362249144548228983630814760011097752
0.330708661417322834645669291338582677165354330708661417322834645669291338582677165354330708
0.674553355866
0.02604914632200414871549385670974948141056326791128131
0.68407757180055186351094011114997473864210
0.051705170517051705170517051
0.979737783075089392133492252681764004767580452920143027413
0.4873628473169932856596975817457284786287461105955565260112451553032370762596211583601
0.441561040693795863909272848565
0.458590451
0.55248618784530386
0.3981376847624644035619039009175970709216652352755051304072684536455272793020838
0.592718789329895324922491328237713724
0.78303145853193517635843660629170638703527168732125834127740705433746425166
0.66944231401336693327489865235016982579160731894379314122931960118330228990906
0.343215780035863717872086072922893006575014943215780035863717872086072
0.3331752430
0.9700805523590333716915995397008055235903337169159953970080552359033371691599539700805523590
0.959746981023576768
0.0286194560579285375
0.48648901647528706939590614078881677483774338
0.71012574454003970880211780277961614824619457313037723362
0.9047736341691708951179
0.9155330591584941474217019930401771591268585890540968048086048718759886111
0.1215691269184232312297013309558683054
0.2799682192869202502731155030290992154136458436786175389810308868805243817658158704935942000198629456
0.01740784609310505724848354330426043573453932019669071461900147159
0.36250921229462001994190835392552130749555642259504920449126457710148697273160792
0.5901089689857502095557418273260687342833193
0.637788778877887788778877887788778877887788778877887788
0.074991740997687479352494218698381235546745953088866864882722167162206805417905
0.7284438718848562924792323752831948825018879658833459197725
0.526353092783505154639175257731958762
0.43031327061832130788199835601424787651840350716960453009407251803817
0.983694609629771724534816804143487435258008824093612123537310569729522347976213312871666986380203
0.89801916181743372714982660318579909480985129018985481
0.04222797927461139896373056994818652849740932642487046632124352331606217
0.63588840587685027238210532108072415121333846915754140758267759863533813899741374566664832443735
0.55815302709712647600846358610333765613268718858780970582212818237662958
0.045268817204301075268817204301075268817204301075268817204301075268
0.262738634802911687954951242961131712676830105754704024172503776953715149
0.2921810699588477
0.62226036440454185371006073409030895167678901505149194613150250858199102191708476
0.147362978283350
0.92454858125537403267411865864144453998280309544282029234
0.1371059627800987466767945309532852259779718951766046334979111279908849221420432966198252943410
0.057494866529
0.4591693887074195053663089127391507
0.76732939279957012
0.3599901976801176278385884659369384087567390949191308
0.4061300486966485247780005729017473503294185047264394156
0.21315655277919428862825
0.750023060603265381422378009408726132275620330227838760261968453094732
0.8412281852775226348248261383020600971001180947382233302716178979136596247211652014171368586799632594
0.5412450168659920269855872431769395890831033425329653480527445568843912910150260656240417049984667
0.53311762466692044156
0.5153831079757005682931608857534783460709386635312561238487164413090339016
0.37580481192815994578109115554049474754320569298542866824805150796340223652998983
0.3891555835366333516959156370504446368143542929094200047218068780986857637522625324624222869284646257
0.55733641771315
0.455272255834053586862575626620570440795159896283
0.81320275
0.9845097892131122946515640237041482259395394193983947190758382716975470707373790413
0.63452743902439024390243902439024390243902439024390243902439024390243902439024390243
0.4022020489263188596011520653323125159502716103394217
0.3281380130874479476502082
0.87079803224924842853238589778628040448209893413500956545504236130090188576113692265646351
0.1499279725187456137110774572452258707937797805932109481
0.1348761341625038230196758079314914874095218676725456213681313079824650830869609542257
0.189798805407104684061615844074190506130147752279157497642250864508016
0.72196739430781983973473335
0.5436105476673427991886409736308316430020283975659229208924949290060851926977687626774847870182555780
0.0996502320575771843680634963341629111454900114347211945920495056
0.198664366901065852903454071027376055901
0.32590789966304754773493073
0.965885737772297575010275380189066995478832716810521989313604603370
0.4185245901639344262295081967213114754098360655737704918032786885245901639344262295081967213114754
0.768961833543750606972904729532873652520151500437020491405263669029814509
0.72384428223844282238442822384428223844
0.1117962466487935656836461126005361
0.17294281729428172942817294281729428172942817294281729428
0.538004434589800443458980044345898004434589800443458980044345898004434589800
0.80969807868252516010978956999085086916742909423604757548032936870997255260750228728270814272644098
0.5933734939759036144578313
0.675061973227565691621219633118492811105602379
0.060498850168052361577923226605342296125950822572085618255793384043870
0.70500583306819386997560716937108919291547353908155689892883656803478629759253
0.3298969072164948453608247422680412371134020
0.4617968094038623005877413937867338371116708648194794290
0.76517857142857142857142857142857142857142857142857142857
0.47288569339507677309285888374360224226175968803314647818669
0.782980121570560210284212255626745523246262526696237884015114
0.652083726192721101263435791061663209504054308881765038657363756
0.0132542287301186569048220146427669780
0.4101334445371142618849040867389491242702251876563803
0.5533849781071067699562142135399124284270798248568541596497137083192994274166
0.740604841096052553707758773746818
0.206121875877
0.1262012346464710749061286832559027556800101
0.521998764499965680554602237627839934106
0.3555780818832009911584163
0.555850358185195011939506
0.042580292966972977891001728687107633518333181
0.654399079930994824611845888441633122484
0.751565762004175365344467640918580375782881
0.680558807461172246936704909076
0.6894409937888198757763975155279503105590
0.9956958393113342898134863701578192252510760401721664275466284074605451936872309899569
0.03157046586580720773513038382654556108995019044828596542631116319953120421916202754
0.407765451664025356
0.7706376668314384577360355907068709836875926841324765200197726149283242708848245180
0.020994959456497918036379574841113302651764190225
0.6183411417664410897102203713343744577477008502516050668054832552490022557695
0.8725782414307004470938897168
0.27395773843517989720159908623643632210165619645916619074814391776127926
0.089495155532891381947985721570627231004589495155532891381947
0.3207463349622390
0.669246435845213849287169042769857433
0.7782345125394452748712838398937053
0.91282789507357645553422
0.4100812344923693960
0.5849188747519551768413680401540796077973619703513481965682269172405742967199719855258
0.924147034930950446
0.05958210904342148220698661443029709435194253999347045380346065948416585047
0.678781356072522559814554184949085189171289013991224439
0.402314381734400443474344316252641790527665176870041229
0.1199513785292005
0.259315977539561000510464522715671260847371107708014293006636038
0.02793480050491191482355523846111629438559903408155425058997859612534987102793
0.1758778145173
0.2994492525570416994492525570416994492525570416994492525570416994492525570416994492525570416
0.754748839172646686365555086534402701561840439003799071338117
0.04150012756186750574028403775831278169912407517646058338294072625
0.8251344614980978617342253705890069526433162796799160435524071887
0.85285714285714285714285714285714285714285714285714285714285714285714285714285714285714285
0.874016425162316721847185793524530248957303177537945564776196413
0.4454241655594475983411845230905503885332367033
0.099223741880973755
0.74560221307986948503333806213647325861824372251383174918428145836288835295786636402326571
0.909867909867909867909867909867909867
0.276133586749932120553896280
0.76579723147910792104588567034093822096898231222763394001
0.97183
0.13550434662619014764730233199944804746791775907271974610183524216917345108320684421139
0.576648050524557649146615167806252935956991492249073542460462445
0.293427065026362
0.2070393374741200828157349896480331262939958592132
0.32724902216427640156453715775749674054758800521512385919165580182529335071
0.239933993399339933993399339933993399339933993399339933993399339933993399339933
0.454916104751450525325388113533009251999372745805237572526266
0.1891580878922651074549808727023916897334618
0.692553872413057392788564113505440580328568380627266908470236825261361211
0.3380614657210
0.3448866800908272996015594
0.3066968831083522186093868032975334187276250533714323250238118698065490852957598449765165697769895227
0.9575000000000000000000000000
0.230717108977978
0.133090168801425057256764780727
0.221
0.94523339489269566324906068904031076864293447112016812074125963191
0.59731257331769222565852618108
0.18541461815798098983939691904293674205178629957391019
0.6534571090773744362219205675001094714717344659981608792748609712308972281823356833209
0.82176745503469763489
0.511143352275017128118325071535082416475234755974690686333776649337041067182525289162938782090033
0.122290776775826609713652903021673785793387
0.7622036262203626220362622036262203626220362622
0.54011280410
0.30190221429632932085005201367216525486699360974884826868
0.74865129965669445806768023
0.4892816233022418589428
0.21262579105716360618321402635128125324203755576304595912439
0.3254186110348613779851770518803184188855339006313477902827340104309
0.55600182187072999047658482050432
0.33
0.0404335139641517298874531054606085869112130054
0.63789242073003
0.17151753079734669013131176390957086774062542304047651279274400974685257885474
0.10306674076693780629
0.48255263049478844806987187409879289745808099534462159601202982738021670168499979400980513
0.55219591428749921909164740426063597176235397013806459673
0.97816593886462882096069868995633187772925764192139737991266375545851528384279475982532751
0.3462756993596225143242332322210987529491
0.5456385427414874196364790856417175966346535439320580998491943805063893959838082387491070719898
0.4620056687812120394115265217978134701039276555540558779862329599136185720070184910244
0.400670751904604173567406425968863862206028486253726399470023186485591255382
0.33108218506617
0.1683778234086242299794661190965092
0.20978463174687583089603828768
0.552352825359322701319157314431974798188619807048631620
0.6537356321839080459770114942528735632183908045977011494252873563218390804
0.663888165320830077277068681080142398193974125206216896761309368759
0.459414955443626501356063541263076327005036807438977140643161565284773
0.1898399348887683125339120998372219207813347802495930548
0.4933134744581062238560020281404487260742806439345924
0.00345043914680050188205771643663739021329987452948557089084065244
0.8730766195849443699203030063915410715
0.65663232453316162266580811332
0.7058293810410037821936723299513717
0.15266275958720856160
0.4586131048853901366056957629
0.556472205853466902376743272441563543508151640149283048
0.2791897819636175977293252483550509
0.337777638
0.140326778484673221515326778484673221515326778484673221515326778484673221515326778484673221515326
0.50125441605652552352670114177461471506835287
0.33581553920689036425623542077875471020994078593217297685268257670913332137089538848017225910640588
0.37762574677201772981306610136
0.25193332187661110156384258463653548719711290599759408833132840694
0.0946122481295277304936463
0.718757281553398058252427184466019417475728155339805825242718446601941747572815533980582524271
0.9273894659915435611003810617528840632666910
0.7738007681621312413173163357
0.90456591639871382636655948553054662379421221864951768488
0.2764054990499608807421482061026042248798479937409187437129764166759
0.81230927371430406989817223988949921300311586521473772124249140727891812020172818091291638
0.445839516036982079671270402922040862915192329642734847620134687
0.4722170461744866395855849140983117802705623672343755823053702530
0.79495026778
0.53827311696264543784445805266380894060012247397428046540110226576852418860992039191
0.134648207851318035274037549781907832
0.60746339159187529522909777987718
0.3577319084565461377055579954130678768359927780217
0.535610645
0.2952320989067597733386755194322019346345372331291855074122
0.858691161046308362203222833169119282967294917840002
0.71084907520605749891548684781322711677248
0.375664500886001181334908446544595392793857058476077968103957471943295924394565859421
0.45541445393673516508889401985684599399676749018702378203648118217501731701685522973909027938120526
0.48750816713854578264521950157120189166485174698982607
0.09039746746394653534998241294407316215265564544495251494899753781217024270137179
0.6481521305029031366163
0.49813958003041382211149577
0.889
0.362148701529704731412308786908573461401636
0.028933738167529
0.8121396765877665807358800093742676
0.574753129127
0.103240658756862050646360899592704090667611120949176553922436692048875509119886665486
0.92204164550533265617064499746063991874047739969527679024885
0.4462659380692167577413479052823315118397085610200364298724954
0.0539458186101295641931684334511189634864
0.8256329113924050632911392405063291139240506329113924050632911392405063291139240506329113
0.019341756356262673529870535017937919201372640773670254250506941194821400717516
0.173947920523262989016413673947920523262989016413673947920523262989016413673947920523262989016413673
0.811382113821
