308
941
1514578094035728
640
186
39184684
316980159845354
1243677817242764
730423354400428
836
1912
1428
26779107
4901168
49
136
7729259219319120
4257
871160081760280
2340
714982
4992839366369538
21082720
660
2312
4048
4240557824995400
1961
1063
1151157106156348
2183657818652604
4138
7419839071383564
1809164018090432
294750924613424
464
528490510115238
4333764711830190
16516054
4412
2274735001366610
3396
6310092
4536158985055726
2626
7600
1333786089337918
6850
669
1225
1152618250012784
754400513302876
1675976961043528
2926693
3647430
632959708375554
39478956
3180244846149282
1740
243958135101176
656
40232535258348
605
1568732413195978
106583655599544
4881997745729088
5634
990776460886698
42770544
7585078484703606
434
2237753236090016
5059498185607582
18084861
804
5930469273210370
6330
2016
1491028307399988
636067650357046
468
138
4632
26804050
329
3000417921721828
2246077481645454
1172
229493664377420
356418832552480
7256
1505
3504
3330
206
22127408
32328332899736
5299
4360
1378
3205821321384240
156
496
1292269828219344
681430253844264
28418936
5221734313022852
22565145
5474
4879993686718982
5745
2160705481192856
1218
2180
4738
145
569294393501358
18389466
7667624071002376
1293318767887482
3035
4307687363324478
605308523628310
4184460
1632
2522
759
18003880
20454876
1946
2662
2255
18853938555092
6134
4379
1182
2362958729904352
1125
484
926
651
185
12991086
61
5898848868343260
4696
235250248498918
2038
4404
830
4069
2315097967076612
180
1605
681080926792090
2322009415223064
3512
4848032682336
2802165799219580
76
450
9
2695
924
11871576
5255
126
1237
1605
585
570
26199888
6916
1098763994777586
818
908
2980912660624306
23944750
1212432892763400
4792
409
2734872481630566
3430
753140251343020
4685
7246897062304610
4410
75201477964256
1093
1232
516499248793936
5718
265641050148586
307447334790456
2944
13874250223364
16
2301448346147360
13221975
8667
2178
5882920343824582
216
76926514
6066
2524029154725516
734
485783052362976
978209823608940
102
4399
433195461061270
675853371448520
17426640
55709830
3359956267438452
3297492038803700
8192
31
4345414016651006
2280
3112
632
1157839402290698
1243620024800396
8091703808536200
864
1643
4460742453593360
2040
2070
2944
3235550269032
8183
2030
9613536
1030755100010618
1014
2390
2324
57260588346064
93321060683336
960264462899508
1327659374588326
2917906
3534836913157472
1307005597638910
388
5758509438395896
6567533018458426
4050
29640787
962
5314
4931137406180270
1469
4703245482471684
2148
206
272
1830
14188064
315077
5104
324
961
2083333595328816
1232
976
2434
50451270
7675
1118689504115406
896002797834480
3810867
6053
2159
1316
1188605487766720
17790800
12
1838
1460
28875656
567
4496999307566080
2824
5506
2265
5392488429242290
1192664974109434
6318499010111610
2358
248
889780534524832
6652
1756
93
5985996528816496
7714520
1218
1554
931127298116092
3726680288463088
5489208
380290167217636
7256
4189
445791041804852
4287
1426120
5384
2565
2094
3792
7352478
1252839979277292
6179356404051430
3072800211032370
32822573522312
620916
1173
3650
1358
4576
958729741434762
70263
4737
7789
227011200564804
5412
4104
133414352469940
468
57064485
900074182624332
1400880
424
3487
4726
4447749724069904
550
1400
1388055966888660
3961
5354703863290398
2121864723140272
1851703256104072
7455052
363268537742498
1263354638163388
1635
571
1656
9363
595
2276
1026779247129908
18299151
3520
3563
4098
2947097702914224
3461753578691790
5848
250
287143210723208
3235030094525100
238
3401980180793702
4563
1386443316862820
1484460358488024
644
2188
6609
1825308199818516
5758521882539300
36
1008
748289444376072
1424559849496064
46265175
3649
3839317022099842
3817567976078544
1236
136
841080199882044
1668
1715972171019288
258
684
1893124
3313046268645096
4004
47319867
378
4192
1008
2373370756895454
120
818
2022
4436240874355056
3392
690062919032248
6952230637498108
2183782609357652
3528
2976429026172012
120
144
1821
16
2236
1500705912289848
3034565188330144
10535284
4430
3805
2556818835806168
7847276480341358
2871
8751983
65440704
2141
3159
77447502
1241
27423134
1807
207
3191458845329248
3036
1126
2264
3090331252134968
417743287980432
2225574814189102
19923229
4378
2322823602186100
10252020
15384320
946
6628853698479962
4348785763504140
17957358
772956410098964
1360
18874284
8948
20385201727284
206
3489616501715540
56141292
4376
3062487263975796
316798816609432
7972
1055262688394736
394
120
120
3600600242371280
29698422259286
1660589918138128
1490
3632806487219000
48229151716764
707477802901068
2844
2090
168182793772530
5495313091923632
43020228
102
6
2171
2288
4844419519986888
31518600
628
2628
2550
6420
3304
5584
2554
6706
1218
4200
183525936758376
832
2144865320874520
244
257
69488342
67060440
3633367526982742
518821598766082
8999
727247365228374
514141718079924
89879068
2870
2137
24
512
4084012620656252
5397407102702120
2518
290476581901822
1148528143066736
9470760
596911726965732
58
1765576281653726
9690760
8160
831017019928230
2028
4772
1302522489388740
6466
2508
1624
592
2208
25616560
4084493203697544
65068210030422
901781823052684
3035003745817308
3990
4149
62472696
1674690227306882
3295402454211520
2314
1625
293803969334076
2349552142295584
4220458122849362
3205821470835632
4004
60485641435368
2704
18701781
802
3144977778602178
3208
69101256
29
1568240915538432
781
213629138700326
4434808480500228
165258450741256
2152917443555496
1140003005982692
3172707246849008
334272840807186
5343709672334404
144
549
6722522
1455
447
2863346397693928
4070926568794836
310545928179890
2311
3506385129199652
8429800
1000
496
3987
102771760652504
8347808
1258
3266222809518708
903
1764
161867470972190
6478
5686
44
0
42530040
159
2752238702343604
4644539820202426
3575179486592108
621
2630
3440499273228080
78610395
1569
2912173729160618
38154831
6170
328076470210940
1165496493027952
834
5893690
23395190
3293927272261740
386
2020
1432842459168024
13283324476492
2743713862181828
1393735533234708
442
1448454859628844
540357387445016
32590810
5176451774045108
4900
6885
56016228
539
4288
548
564234783070336
3125530361895258
509
1614
1367324936158474
7322832477681858
3702035109241436
248
1296
736
1751
3276448921970228
924
521
120627210557026
232437137872764
3128
7997
4193
104467098284136
89993988
2222951515762168
226
5557
331774991782430
246963540369028
906
1620
2628543703201806
5595
4242
2628
3012
3736803412678652
25736355
3062
72680454
3808
4328
3248141386430122
3147033730106220
