323774
323546
410410
339558
303228
406882
333254
405468
423182
351870
383248
470890
374106
415116
465670
447828
419964
421912
363836
290852
375806
367060
388368
289568
424504
474022
361368
374562
448880
436780
316646
446430
282744
328462
304904
416126
318762
418780
326124
348172
445470
379376
308240
362372
355098
363034
356942
331200
331904
281614
326048
349578
314908
461214
448378
344526
297206
332574
415582
451702
447572
336326
431600
325538
349704
375680
460050
296634
463412
439174
401474
428194
395922
463530
311658
355564
473852
413234
444800
375640
353254
410810
307274
357518
459448
423274
459946
285548
467202
408042
325410
276660
448316
438166
332042
286558
335224
293372
441720
415536
368016
342502
451070
396026
464232
287958
430130
277784
456572
414224
305228
450850
448884
443982
471970
365448
311988
436836
343164
306922
398416
313186
471236
424248
299750
470890
418204
390354
429754
417676
442132
453532
445286
458732
335920
455810
416182
403698
327258
343056
392894
417964
391856
289202
456326
294596
364182
415054
350024
294622
403894
467358
385890
470112
300860
431100
371028
316698
289214
305150
304366
376810
474306
438686
391368
414912
343874
398202
381038
343634
460018
434820
305596
281832
357578
426996
328586
455368
396912
386672
363944
281600
336236
342046
424838
340748
369282
315434
444788
399612
284762
423742
398966
336960
406708
419158
372506
469520
455744
326246
351352
330436
431736
349784
396686
373662
443214
312436
385684
462308
412170
328678
419090
393076
370474
417670
322866
407214
279908
385886
436188
445270
344182
288214
343620
444416
441028
378436
300694
401504
327084
465542
304522
434578
399742
292386
400078
469016
362708
434152
345984
418212
301186
410672
328688
320002
414988
448538
307786
296520
411728
415008
376314
338974
386370
387304
351154
330010
391820
379360
335394
372118
393908
313596
385660
388400
462996
349094
468954
375410
426704
299340
405704
464962
345234
475664
398556
396882
303922
456516
380966
463644
462214
404198
318660
292792
459434
362558
336460
339686
359368
424020
336266
456946
349400
308138
319838
419488
363680
423574
377558
460140
423014
473198
376834
428574
347932
346704
361998
399690
342042
433518
330250
352436
279802
442116
472134
455350
294826
319458
321954
308884
408310
363950
383352
284874
307130
336572
399494
352310
337668
346074
450316
362320
319984
440994
381336
298412
361016
348808
352632
351468
419350
411832
419050
473692
280936
469256
350420
318602
440286
456018
311650
342878
356914
408226
362192
340596
300834
371370
424046
470084
340660
360654
276818
430838
461556
457770
419718
392320
282354
298778
288358
318260
438322
475506
321326
447352
395126
283982
297570
344196
331542
275742
360836
301510
288210
454350
373418
292836
334042
435388
381766
369306
354812
281466
363288
288136
350154
352014
425934
324206
427274
475052
357954
463192
379608
296150
286570
404082
320904
388194
449774
330542
330846
410498
406960
426838
419584
279786
426474
308422
364054
418192
470424
373822
471950
277740
462828
462756
433980
410892
391154
403780
280960
468144
312002
452096
286692
283938
325570
299504
421178
372514
441632
400250
404416
447876
413962
330682
408840
300136
427574
397334
407434
353176
444554
424882
354008
287012
346588
470626
410214
358326
372498
385770
383310
468640
399070
407342
374224
371372
438326
300068
301918
390810
392334
352104
356088
282432
392994
364016
347660
386228
310078
416828
320706
413220
308826
319344
410914
460666
442228
303942
362826
309250
369502
373708
280582
413748
441950
467178
386598
331750
308450
300390
361058
316112
370276
399078
463610
324654
355266
341432
424484
312656
343424
456270
414280
431352
473780
295944
432334
289890
457680
318364
458276
304282
422182
452878
331388
310768
346046
307366
397550
282024
290992
291670
292010
311368
400252
383062
431342
328006
439280
312552
355938
277700
472756
319312
341284
375500
463510
463860
408586
467018
330184
354074
436612
379690
349088
388604
374024
461936
379506
406604
431594
449210
423350
326758
381048
418244
469032
332836
406590
282590
416038
409604
384138
441750
389734
438964
331554
409934
414062
347880
437528
302302
381276
455604
438872
315846
363970
439910
355616
460370
310448
440564
291650
465164
393956
376720
459638
367298
475034
276738
466820
332218
391402
342148
450174
314566
464024
297528
408636
279862
334786
277738
331108
456894
434992
407756
444492
434280
470940
473298
366990
350084
474684
409462
334372
360310
317404
393780
286226
472668
379162
328294
408888
334746
410762
297156
407612
324518
412168
429350
458704
458918
279342
345474
451856
399384
399520
463542
472888
436732
459352
294316
315402
470762
306236
431438
328070
329026
376208
458418
312848
460752
288912
360112
278968
443156
417714
442342
287960
456164
412060
470894
471296
293648
334370
384414
294822
283882
359500
277896
303962
290782
371510
453152
382614
360730
314772
344760
279616
442486
310504
352806
366128
431650
448904
356150
296118
303608
416562
443004
415354
422518
282822
431166
300490
404838
302590
344518
296526
388586
414660
314008
460786
422222
311636
385136
472562
374110
373128
333962
364428
346444
461446
459882
384370
377042
393662
284570
469974
468698
295738
306632
302866
367698
400950
351020
364616
326172
411626
415972
283374
427452
287724
458662
312274
365044
298502
296862
473602
442956
449410
475110
422848
374894
314930
382304
335360
437148
393208
339748
465818
450484
291838
323692
407030
299644
289372
446232
311612
349056
386446
442626
276256
429124
453488
374810
469030
316784
379288
418138
392610
343844
278714
433368
322384
281804
377046
335320
343094
306188
360062
452490
415270
396390
468454
282756
429060
379296
337678
473678
367778
277852
401600
320888
370174
412600
304658
398334
306934
384736
338918
319652
401148
298508
445100
468042
467988
306894
285344
338592
445618
354514
361700
342224
359974
419434
342512
307666
358628
413152
335704
304436
310070
468998
299272
474074
382106
307520
365758
359008
282070
335608
380296
312070
309184
413994
461828
390290
340500
401522
314380
351136
305358
393492
308582
330778
402404
440586
319936
350368
294208
473374
289922
311516
411066
372384
352870
457514
411342
475038
334884
443568
426342
312126
287378
374534
465772
283380
303220
387298
415694
286094
328786
390622
363110
458306
442438
322736
374786
337676
319192
454494
372562
309514
409600
466020
422028
463536
355448
418578
353020
397032
450832
390168
424866
276128
390540
413308
392412
393130
313850
424642
458996
326718
360184
440556
332616
405536
350320
414268
398670
307762
394816
308672
338572
360022
369140
293546
334030
286904
470448
290006
351760
463208
360112
276430
351614
308478
387348
353482
351372
383404
349848
388120
468846
452032
318774
343072
374928
419962
335966
362054
412412
303804
409334
388434
301342
368776
329122
400284
470182
359120
284670
301068
320606
284272
295514
419558
424164
318498
411864
398934
297292
281658
423540
432046
425836
309838
314216
394138
432880
384568
409774
436550
364072
288122
312602
326496
364336
361682
395000
420074
472300
295218
335726
352318
341716
314542
287966
421502
411388
279548
319054
408014
465386
351726
388900
286030
443778
471792
401682
319908
416502
413108
338426
349794
281518
286888
407686
395372
406242
290834
406910
381664
346118
435476
380176
470524
405374
345266
373648
340418
419978
306564
396490
363216
379142
316842
370322
444256
357646
380112
276970
319670
315920
317100
456224
414748
460158
424922
470974
298600
438588
395686
429648
294158
439946
439106
326416
452070
454690
319290
447084
473966
404980
388822
330822
393102
300014
432434
463326
292022
471542
414720
357608
320048
317064
471498
301116
462908
467904
351596
340078
321956
400778
418202
426750
285262
381514
445008
349696
427356
287030
428306
283186
284196
417656
312838
427134
418418
370704
432836
421896
355116
346382
412504
372182
427498
327442
424322
348994
461928
324956
450726
430092
401828
292796
318974
405128
319096
312268
283338
278520
306752
380152
451512
406972
348028
367784
301236
329392
316984
311186
325018
453434
303722
302734
469898
320906
430404
292272
462394
348506
441378
366500
321784
452932
415264
314124
447644
376524
460724
327336
440454
328878
313778
436280
458594
398906
323234
356840
413682
341304
418268
433438
443550
470140
329238
369254
459758
465758
393610
370066
468420
323258
334538
435654
443916
406098
424956
337956
441918
469138
303012
406850
322342
341106
288544
383280
439186
452624
448858
300054
393600
276492
379138
405052
384564
446962
403432
381794
459220
291852
412540
373994
448520
435976
413346
285404
442142
393294
298302
324044
472776
457642
344090
300314
326686
351586
427894
440544
446900
399834
433358
315220
474192
367884
303390
391838
343404
360142
313132
414366
443602
448872
429550
466708
368728
337626
373234
475064
277262
466882
375408
333900
452948
430082
282512
443270
391956
373112
370010
332816
417870
408114
285530
371270
326202
438396
375848
402488
332318
309526
280132
322096
352128
416986
300872
416620
428216
475038
278112
380652
338078
328858
395700
472364
423450
415786
360640
385734
343586
441750
366030
379482
311578
451708
429396
469566
473058
457358
299766
322100
323952
460594
427988
301048
443422
382092
290572
471048
352330
365464
405348
282818
417686
472844
411118
277224
435376
380160
408228
383320
317318
315442
331112
437488
443076
373852
326416
432898
381696
295966
451366
368380
340200
281090
307644
468846
426148
442300
346822
368230
371424
278810
305702
333416
328406
320740
306274
439260
336702
406372
466688
321454
319278
286692
405402
290974
314878
367480
280734
433032
398874
294990
280336
309138
419946
383760
431308
471768
449678
362624
353200
333520
365604
470604
380438
424742
288508
336280
357492
303596
352702
472368
346324
334624
321052
352278
466284
350666
378486
294634
352582
324258
327194
329856
390168
461094
437338
286480
461500
447700
414164
308184
328396
350064
426820
377684
458598
286998
358326
349684
443954
336966
374752
466982
417576
468362
324646
372700
304396
416374
383080
436490
421740
377428
402366
419296
435624
293254
348536
319202
280858
338584
347832
387902
467738
350422
454558
376034
454670
313358
318298
297510
387772
467876
327938
464700
438560
443818
433882
335076
367776
299028
408812
424072
294262
422314
376158
382022
284368
453836
301746
285158
382526
446278
461558
474048
381978
317804
338406
336678
325430
348606
401338
385330
298246
465858
475690
427818
395100
398406
331284
398588
474536
350644
302962
437718
280372
333240
335082
464386
439798
454710
454452
301984
346880
353520
393898
325070
474616
399228
338250
319960
428920
307502
300754
451544
383662
351372
297358
303732
294234
437856
317274
339444
334362
398990
464874
340584
441578
350048
439424
338282
341364
338272
394430
414372
291632
473696
341592
434324
471536
391814
343986
369444
350868
418556
332266
456112
350774
432038
433558
310946
297602
283750
397050
429082
403294
407090
431534
429592
315568
396560
301836
356134
314380
283414
340794
453788
332396
407950
422740
288406
418932
328076
364884
394410
401964
451616
395650
358886
394884
413408
303612
372584
286426
329252
318598
304694
351590
297096
470396
394174
432764
467266
359276
346924
400396
378524
431052
426010
291816
448858
357688
359498
393748
345440
366060
440790
369164
302370
275894
453832
389358
439050
284286
332530
405396
409886
333014
429610
362426
284960
364158
301368
368566
464112
364656
347600
342986
359912
317022
363600
433060
336518
349906
455168
378522
303128
376482
351394
341492
343148
475066
308994
309664
411630
347780
452046
289060
398720
356240
396500
333738
428756
409162
323154
441948
474694
278498
285224
294186
331802
333784
377984
405340
439424
280276
359886
380824
408242
371994
382398
411602
424994
464418
472138
434452
315978
443826
463598
382312
392078
308648
389768
412042
328142
330436
400882
464920
424678
328622
376256
329812
354566
371828
325708
377784
372800
433800
386776
300082
410564
378792
362702
330996
345708
377368
304116
416032
290800
365784
327194
351478
327512
366170
320268
331410
425790
386014
455924
292500
411806
427708
461604
406702
338862
313816
357196
441224
418222
371284
400470
335580
400806
330994
445110
316106
447396
292018
458914
470100
283364
390266
276150
392882
359860
352242
437276
329716
313238
435808
356738
341194
303962
431122
363566
325234
388944
351770
445768
379940
433844
338970
401902
382406
432562
362426
314142
398328
306234
391234
279678
361582
436518
340816
398316
408872
373986
354716
426062
311956
452528
309398
343778
474224
468612
347418
287688
294726
312298
465646
361828
377514
407878
292634
468932
463800
353318
454358
282254
353460
380206
454264
338848
296682
398074
468276
390056
317638
321004
294314
358914
464350
313176
356960
467978
344728
441604
373668
345630
327102
445092
279414
290260
362926
410118
374770
426870
408464
469758
437030
351468
334526
306724
446600
463692
345596
369164
458292
439356
336156
366892
341386
434426
325568
366212
425090
428662
474010
415534
474442
367542
352300
352208
404554
320176
320912
318564
370630
340298
365644
374120
416530
453176
356106
434306
374644
410868
441336
469742
287682
442766
359798
418868
382332
433128
329978
275848
317060
450344
357938
279768
353696
410824
384204
304786
316352
383464
372084
388434
279428
389916
317424
379384
445152
401744
398504
439156
426416
417862
404130
368794
405074
296968
327620
301884
363550
339566
356206
343604
380720
450956
466764
298914
453998
379432
360958
294234
355568
364412
467672
420360
290124
302422
333876
451750
366136
454288
366852
445988
278220
416356
395914
287680
467884
446484
449768
410820
376290
435946
284380
347656
373500
282460
368142
329534
311520
421768
300358
348736
385192
411014
446284
307096
398414
415880
366290
285718
475318
373270
436420
467954
460696
465304
300452
429756
365910
454368
398262
414498
309532
278198
332316
416726
346024
452092
422780
395296
313492
349100
436050
345420
298446
300062
344658
454026
288282
380920
464184
282962
344140
411476
384756
465366
444462
308130
309114
425870
449568
318988
298292
426458
460704
304494
395566
380754
336298
294168
304728
284822
348488
399438
427000
359702
468620
418540
309152
335274
367086
465140
353036
369020
393274
406200
405648
387000
285558
469638
287350
384866
461158
356078
467278
334826
347980
460616
353784
360356
447400
340004
473272
378340
360162
334022
314528
347356
299626
467056
295614
395454
445104
352592
316252
467022
401984
343206
337942
282340
420404
377904
470812
388786
445464
375224
307572
444024
276946
280570
380960
323998
314530
432668
443294
311488
435832
375078
434178
284006
437812
360824
355322
381162
330220
413520
301344
471648
355234
428140
469290
421038
397604
386818
373712
328860
393156
426708
276306
346002
302602
287790
338890
387264
388390
450282
407286
299146
380456
281114
403012
296886
359540
427490
434512
277404
381684
302980
312032
408084
369570
385414
347624
429386
441918
440014
308080
296086
335414
290716
342194
418824
314024
346066
411380
445422
342086
449350
471818
298160
306518
312072
288722
293024
373964
286622
319074
388194
460026
352210
428000
469708
466318
429302
416106
428592
364856
437206
285208
316606
397250
393900
453450
325802
429060
313114
388232
388974
424574
467208
401344
447574
316480
351306
312692
379830
309896
439758
378874
313672
433280
418654
420476
356800
316994
449936
461418
333610
383676
341278
341342
304834
381496
434718
352626
464846
319468
319590
315416
363976
398890
278974
389984
472700
432074
438372
289652
321486
458018
439828
448426
342174
309752
365644
308968
346528
300534
337002
319982
465890
290646
324602
379730
331496
305902
437726
375600
309064
285780
338976
420238
336578
372304
467958
284776
394606
366486
401444
410036
372794
390254
387118
314246
415196
323088
449842
461448
282838
468594
419848
278250
278820
337914
415716
395452
440626
329202
374080
435430
389720
299906
388318
329824
456808
365536
336030
316278
361602
321326
364508
466274
357236
342106
422186
386540
447892
295738
296128
279010
364738
315980
442218
429762
443796
424400
398810
441318
279296
459360
460348
412924
283002
298540
334442
344046
292420
349192
390382
354336
382516
434244
377152
394890
343572
375746
461328
317554
346180
354950
435702
396336
385434
298334
342340
375938
367398
301630
338538
359024
332376
321830
364656
416388
376568
306098
325346
398134
391388
366268
366000
297732
294972
416180
304744
326066
396576
447588
321426
418010
346494
460382
471246
302614
278584
361888
324400
403720
450980
465582
372746
338076
462582
310542
430770
361982
290982
306256
452318
312660
300434
287166
358128
353728
319994
426126
441726
406922
392596
331072
320004
459244
423332
277912
301424
396892
285428
289494
372392
418292
323574
348598
350728
389516
434356
281520
410688
464524
429474
353350
452448
470556
334866
377096
