1
2
3
4
5
6
7
8
9
10
9999966
2174362
7690780
4226874
9515311
4751680
9628380
2806192
8766246
5170735
470470
1862030
4515994
6081039
526822
9456967
9034479
1994547
1879190
137486
4753258
3414167
1959562
3217266
7086675
7154216
7431063
3708734
3281129
682387
5292465
9702224
3305410
2760342
765151
4253316
189182
2894794
2616424
2647803
6761050
4453030
847159
3633969
6681423
3392104
6614684
7038872
2626885
9714042
8236801
6850524
459343
9390360
2288627
9606462
7893589
2870766
7884785
7656994
532888
1713387
8893419
380328
5948004
1386688
8146358
496612
7905653
3296363
4065215
3076184
1261954
3650024
4078289
4302832
2380823
5723909
1925768
8045971
4326701
5297492
7622984
2711799
3086767
8418231
1294089
8735346
6875952
683299
6049903
5217172
2498137
4514766
6370158
814644
4182728
251612
1319464
2748591
9783234
8895141
1887646
6724327
7832934
289216
1729552
7303083
7672317
7552113
8511054
1517790
9947902
5195261
3722843
8998068
8759978
6216307
5675640
9935018
4886971
9759489
9833221
3578356
4679497
3508547
5553261
1167392
1191746
9334560
2876185
7428437
9165299
4403458
5760687
1646165
1765354
7425760
6771547
1855948
9273243
9087021
9284396
1327642
4047632
2120766
1023663
6338942
3382228
9481295
9121147
387478
391373
6513501
8416426
7155495
3582972
6511687
6050713
6467213
5694109
4000996
4431493
4158139
5175321
2862083
8773168
6982714
9919443
4764704
1678772
8304684
6851206
8270399
2044760
4841191
7778352
2991701
6867761
1500857
3206844
5533781
1249482
494665
7189162
7831409
4354512
5798419
3368452
4237670
2813995
2864808
6638006
4166498
9891934
5961535
1317964
1910316
8291921
1567685
4056707
4941500
4253826
5247290
6407503
988333
5025020
7720944
9884854
3046922
5858910
1822148
6030966
1131781
9995529
6476138
5337656
3744261
1996189
3176052
9656092
5585233
4454412
8039519
1736418
8144667
1730635
6606229
6029436
9657414
8887184
1528775
1153787
7304384
5182548
3462029
3241970
4800338
8618457
143871
9749917
2945833
4146051
9466136
9030492
8859133
3806249
6366275
8650202
1436908
8106016
5830495
1279224
91212
6853984
422385
2055842
3745454
9668281
8185493
952323
9097796
2397128
2162801
5115032
6241634
9306334
9846861
3854489
3075854
7692356
8595653
2867932
8859263
8823006
2543931
8742632
47068
5298081
9107873
1787960
307151
4963083
7417565
6437357
5183797
6449353
7567791
987883
1863820
8096249
8934490
1595449
6825214
4874635
5281366
1261283
466016
3337666
301363
6684964
8677345
7465044
1923959
4468480
9258842
3178170
6718569
7626667
9962556
5059705
9953701
6259419
7129079
645697
3140481
5703182
6694617
1429741
9865213
8714874
6259874
9821415
1726716
9706148
7030439
7930879
5369805
6377875
2609055
174819
7708601
992926
610568
9890734
3373146
7411665
1331634
179069
7753660
946731
653431
2129878
8692133
4983441
2443116
3006875
9015643
7631961
9556196
807404
5358766
6455325
4165486
8703852
6021638
7417808
8059765
656078
2714538
7930232
6726046
3254165
8067976
1113600
6454310
8474743
2264648
8858005
6485998
3986682
2038603
9874912
3476776
2436951
6123890
5067927
3081497
7394054
5011844
1938134
6964364
8006628
7394575
5067283
1549921
7397480
3698070
5618363
6777627
3393165
5335997
5232850
1632213
7000781
9207215
6865615
1822209
1506005
6919826
7304717
5464462
8190375
6305439
6145117
6402187
7986338
7522658
9113139
2633074
651499
8734477
5504129
2578308
2240647
160001
9083807
191728
7292609
2184636
8161384
3373135
8192747
3376223
9518562
5771437
432627
1681475
5916567
125512
2726373
9894669
7023104
7166335
3377125
1644633
6903966
3400793
6887517
2643274
9900585
5409642
2827168
3396621
9407331
2278142
1876082
8111165
2438665
7978496
9500249
6766984
955874
7639744
6847628
4781022
1617139
7359395
2823768
3281107
4103000
953634
3243984
3973777
8606127
9823929
2613524
8601090
6213289
2505407
478770
4157049
7176639
4877689
129689
8655251
3746563
4058285
879688
8325170
7303951
685855
3201818
5421078
4316833
3378728
8124946
5887763
6213950
3412009
9939563
5988084
7904532
1206738
948794
410738
1949795
3372210
3484186
1471032
1978629
989301
3873203
249166
2658233
3009937
8106020
8119863
970339
2380234
4540074
1904044
7068922
7049641
2524256
7463411
2776371
9177653
5094306
5824080
1136277
6564654
4977941
6344894
7388754
2329604
975941
8189429
246621
4237398
3206362
1097352
6816685
1601578
1217047
2865163
4682326
4233123
6069306
7471500
9455614
5759235
5755330
8041720
7398028
5513635
3100691
5054393
3122841
4730912
1588064
3361261
3219629
5809451
82619
5821123
6146709
362998
1285782
2753793
3961942
3770015
5268279
4611075
6865198
1084696
1721974
7930256
1077473
5197480
6649272
4156071
8235494
1195925
726457
9855474
8979209
4008826
2385430
5936886
2286038
6247834
1404781
7513141
1718101
9990546
2366251
9625238
4346338
4612684
9357132
3438305
8404129
4129536
9078295
8442437
9695239
7232234
409724
1021495
4195476
9142416
1821701
7557273
1846554
6874534
7602209
7847533
8351414
1604388
7007308
3798979
6228461
4755674
3932269
655113
811086
315617
701795
2932304
1227453
3972425
6317334
5268841
8564991
5231725
8752223
794341
2486083
8032607
9696191
7529027
9197884
6214737
6380667
5972728
1357851
9320566
7111599
33093
2807896
8026767
8910109
198968
937321
8457489
7677319
5323180
2104919
7945459
1990967
5687676
8198307
2060828
4832658
6947950
266681
9213016
2329715
32626
4400604
7032870
655098
3433880
1855390
5670496
7889799
8906201
3003245
1210554
3565953
7247535
1058609
2664888
1178478
6500053
9455297
8115700
215014
1082243
3780025
796121
5619217
2244918
1373732
7430388
1919205
3406664
1029762
6022968
5161523
2473327
9157850
3304821
153793
5280385
7281908
4160175
4141708
6163023
544410
1124893
7914042
2669217
2870273
1508879
2323865
7236547
6110214
3908793
3397530
5008980
9732919
7804526
7453269
9514251
4780216
74133
2932399
4279109
2149675
3952001
1209481
5955976
1806151
4984059
2635954
3543124
3148942
3511988
4580076
9941484
7753497
4018259
6199551
1488610
4400146
8345986
5550346
8587790
6718006
2797329
146142
2374782
2781978
7374008
2090475
2592408
420849
5520661
8091414
7074490
8043379
8705443
6000975
3009996
5889563
2574833
5260159
90479
8671014
9304157
9229961
5982153
2044800
6083991
2457079
4727619
2703656
4086288
3898661
865360
8500949
9879470
8953533
8296140
7998877
897832
6905516
6321256
4039872
5226947
2567747
3755520
4418852
2576408
77948
4709065
9520612
729739
5234249
1493517
3234952
6615207
1590735
7843957
8225987
2917790
2043201
819873
3223173
7763749
2821069
3526289
946541
5353932
9903985
9650457
9973000
397100
7126918
6778772
5230777
7010378
4141395
2079591
8551293
4615885
3969495
4118679
4428068
9729779
2956594
8947989
3316594
9144961
1488153
238221
8496496
6977299
4504193
8759234
1548781
699838
8634467
4134127
6446964
5341592
985627
5508409
2848677
1236792
2645467
6313263
793055
1974753
4552046
2731969
8447555
8319930
6240860
2947914
9139932
8151916
9934938
6557915
1426860
350053
4470861
8005776
5016457
5890097
9329756
9074823
8160161
2342464
2018770
7460473
4330236
3281866
3338707
2668156
6615468
6439744
5656203
960849
7399721
6181299
5705270
1221735
4117308
5412181
3131370
2761716
9847186
73388
7413997
8879407
5927028
5499191
6133329
9053992
8657294
2573869
6079867
6308799
9956842
9202090
4746356
985290
2155525
7900304
4410565
2484150
8818537
8660543
2810367
8824450
9964583
6493438
2155476
5700518
2765099
9594380
3654239
9462823
3017165
947150
4747916
3982822
291612
8324729
7950474
551268
2904713
8590516
2691967
9255230
4769550
5593967
6489525
5505003
465555
4005670
9981076
4987068
5678
1110184
3037335
3483236
9385563
6199282
3607395
6962264
1056467
8908635
8736419
7301502
720398
8145048
6226775
1069398
8338513
5946781
555103
4048717
6459640
4541440
2997768
2963421
2594507
7346689
22530
4786552
7254175
7538106
8996710
4494564
1947157
1304168
9876533
5781761
3536842
7193411
8400014
9333072
1239543
3034929
6016411
3638537
5190738
9975743
2353656
1089869
3874155
3491736
8592422
1212294
860774
8467779
7322300
756971
4776166
7316949
8690845
2583940
5891006
865031
7471325
9996797
9788675
1179638
7028421
8067827
22655
4452774
2237945
8774755
9504215
4298497
6100393
8203353
3582631
2148346
4673806
9205022
1273131
2016091
2952019
8808981
4484941
6389937
2488772
8017332
2625447
9034079
2602253
3864224
2761198
9811763
5130141
9418337
6911547
5003205
931754
7071691
7147102
2169935
2807108
1878501
516936
8448960
9312816
719884
1896209
7481968
7701566
2960808
5505482
3542871
9478719
3976473
1438268
3368448
9807547
8695705
1339215
2019989
1856042
5977826
5911341
3521667
924236
6334691
1144190
6229580
1527231
3874208
9358348
4631406
2154263
2137638
9356534
1796455
6617880
5413029
4263052
3060961
6654127
7207220
8065942
9403395
7838934
6361377
6825132
9155039
2470992
5844074
3224479
140779
3592148
6292959
5861511
5920159
1615241
368986
6262789
7052798
5014765
327047
3228807
3589819
2499857
1947004
9429559
570468
6002754
6464709
1269030
3283194
2479236
9764508
4867026
789725
9055224
671687
4522411
6946822
8481436
5005436
1518177
6862662
3562228
4937899
4907005
139080
9034360
7657737
9875872
2006355
7313433
7398279
5740905
9683927
4528570
3015500
1602985
2966292
2801408
8670422
288630
7591645
6349492
7583166
2481606
8425226
5901585
8749751
1567148
403279
4139552
8282707
5925166
4036845
6523734
8651665
2028573
346186
7578583
1434516
1739575
4613161
2486469
6318048
3850926
176156
1583673
177017
267060
8920429
1249512
2630831
2731898
3936227
3667407
4442402
3882302
2010738
2519586
8079702
945791
8197243
1375149
446148
3885841
1201958
1942268
8481866
6498528
7182989
4318098
6822681
777507
9531003
6274506
7888970
5603387
5718885
740681
169338
9739622
3827895
9283848
5351338
4451529
1759802
4345662
6789183
8196150
5929355
3943429
3374734
4444081
8878805
4199537
5016294
5631329
3858809
6562597
8722987
8111046
7653110
2381454
3007871
7973379
9261049
8355760
2518415
1194312
8952689
6343736
1476243
7519817
1719893
5882369
9868622
9097617
644228
9967703
2905437
6398628
6961603
8363857
8098654
1897600
1775102
6670919
9857675
6727313
1743957
3601009
2416441
6953344
9801508
9393178
6690050
8493655
4623238
2530827
8456749
5999616
4158427
5069671
1698067
5787847
7868324
4555747
7501091
1943564
1379040
3563249
7406522
1864574
666240
4855196
7522254
4667285
5573266
5420929
3576950
1251100
5021846
8856812
9066612
8630978
7813564
7806994
5592684
3528335
8327810
3392875
6032942
2121891
9112646
7206048
3549877
6437588
1419796
6999487
7044649
368873
2480889
133220
7830046
2305200
6039958
4932855
5466849
9728298
8516412
1163509
3618407
4012138
946601
8170542
6106468
4770370
7285601
4037575
1235712
6370331
1687767
7550948
820249
4878427
4445144
7920956
5744450
5047910
4651390
3953709
1780071
6362451
2650610
3983854
2093904
4814259
2587259
5750517
9680409
865400
260133
9190253
886182
8189815
4212710
6117322
4914828
7510832
722236
8756107
9383289
1383670
743141
1043729
2370788
5783137
4175156
1742993
2501760
1978609
2720972
1652671
5517402
7827853
197234
9324536
7787402
8288379
6385543
6424110
2366080
3036839
9523803
5110474
7543790
7359159
9442233
5102421
7839727
1924166
9584097
2353077
4359080
4307978
8055305
9071098
4908062
7887977
1168001
4254954
2910508
7437794
9973854
383883
1550095
9327173
8661262
125659
5044251
1407487
3658533
5799220
4572178
6034161
5918874
2224858
3922189
417443
7360903
528485
7453330
103607
9013381
3950357
3683403
7837395
9142068
1785408
8621001
2650920
1384795
2357539
8981644
8641206
9260317
3865882
8195201
6594224
6692348
5625681
3764928
505776
5861302
3476124
2825817
9055757
9891963
4209263
8539714
5627058
8946690
6812921
3114919
9240517
5515139
6512548
3699267
9419204
9949547
7948650
9228875
470896
3936012
972139
5910238
7940331
5506702
9563451
3133571
1675228
196554
9322815
486399
2142753
7310965
9889618
7027243
9492133
1752291
9812306
2359723
3414941
9828685
9371687
4486109
2054219
2235730
7301883
7425485
5848223
6654745
5433733
133656
4104663
3776763
1400706
3509071
1670190
3095415
595269
457970
5224522
8792705
5136095
5626717
3385157
6494682
7762059
5253890
2736703
7084673
5777540
8707768
519983
126175
9830178
4271752
8919983
253913
8499986
9623653
1672361
3872474
5017755
1959975
8299455
8886850
1431964
1675259
39885
374380
2293908
2928039
2231666
4372958
1207010
3558089
6202887
1304287
4670082
917957
6801123
2527912
476190
242115
218440
2712885
4833775
7041499
9325470
855392
5754029
4908163
3211586
2615107
6003121
2476608
8433227
9932599
8338040
3651028
2508693
6979186
6191926
6230368
7009522
775216
9723140
6358193
903762
5850125
1919805
7875361
7709373
9385633
1060183
4375723
4394310
7483508
9512715
5410572
8127164
6853316
4727953
9912851
9811277
2898021
3875022
2658707
3133215
2212017
426726
3777234
3544452
2873775
6432944
3039572
5243891
5113025
8815383
2563212
9474940
7430148
4674107
3264598
9495535
788815
3878266
304509
7060889
1236788
3802755
76116
8156586
527968
2948226
1414548
5849910
4794069
9339376
7664977
6953689
5197181
2981656
8006247
8191733
8506029
8766595
9737004
722587
5690480
1057754
3710793
4949752
6494548
7620996
4898575
8767774
7465457
6255311
2770069
5378467
5379066
4673749
7846479
4409614
6341239
5713344
6054509
8482140
1871274
4220580
370616
7974179
4126835
9087325
8124680
1811024
9589380
7028020
5346216
322312
4275342
2640266
4319200
8413473
8184721
2052512
8148612
1259888
9980522
9896471
1370617
9132099
2412134
5687942
1209167
8331785
4945772
2129048
5138077
9761058
5592051
5509862
6099689
9092639
7587174
4244090
8395049
181497
55891
9046855
8943219
8740440
6603117
7218288
3815491
2357345
4417231
5383435
3349738
6366975
6351245
7403288
6645266
4927586
2561543
2400797
5826164
6399298
9714059
5076418
3548562
7143024
7259208
6338876
5076905
6755441
2306349
5606319
5776446
8872770
9569803
2622530
4447046
4066366
2075878
5467603
4481639
9089812
7607457
9498827
7796208
5988857
8583594
414617
1771871
9043680
6869104
5026073
2149759
8599772
9529516
8854794
1288388
822571
727233
7620268
6144165
8480445
6257301
7526977
2694973
5496744
6827235
8281891
6270673
450523
6724676
9250546
1415106
3045030
4938270
4057707
3421905
1553795
2133273
8343118
8391112
2551589
2876859
2107012
9933080
3790460
8934051
8306611
6552735
4417195
7823844
9064376
451225
7686055
6588793
4372470
5778707
6064769
9867106
4750324
4803148
1743815
2981221
6651413
3278402
5763060
1752024
6174566
1325629
2768184
9451301
6351116
3207628
9927182
1742455
1320926
4344703
5021636
7250112
5617026
8979488
96744
2020565
5830245
4156455
4797012
8381098
9578509
7207867
9323062
7135518
6107061
2882921
2234800
2516887
6393983
357476
2054763
5487583
89807
9595745
6932161
3676207
1209366
8586581
7544967
462394
1355305
7494367
9090265
7379419
981051
9464375
1899053
2166303
9650871
3487252
3336039
3066366
9394511
9643941
5324332
8077865
4235758
4553307
5775415
6021805
808183
696465
1485542
1191633
8054412
3012480
242762
1443459
4075043
6443614
632052
5526672
8401002
1562739
1222371
8674246
1076253
21606
3621104
9698899
560055
6294156
4677762
386250
5450753
996046
6748609
2033307
377509
2292825
9553539
1084035
629817
1024963
6011082
2673078
1399871
8500417
4434019
6168563
1152774
1293788
5071149
6714007
8684203
2309607
8822138
9550804
1337583
340481
7347344
690836
5544411
3513672
239442
2465112
7046753
2962458
9558493
1624322
7011790
6462226
6188727
1845219
8284040
8474219
2931970
5166377
7658716
2458722
7921089
2571354
1143929
8848568
7729058
2253028
648175
1735158
5513295
8946268
3521396
1936658
9004404
4019938
7797043
2157561
7366631
8707973
4647992
4442120
1501672
6899570
8839935
3357249
8154613
9468962
8165426
9405955
1483884
1187009
2968432
6292494
4993796
6771973
5677121
8935410
1568695
4189443
8206510
8668748
1600003
295863
4686066
1254029
7200253
1858017
5478081
5629008
270209
3075623
8267335
6139529
9751610
4037254
9129143
7994386
7811939
9222173
172798
9030141
9714026
7830407
591484
1501698
1768913
5242575
8977957
6416250
9352006
86549
1064445
830891
2369076
1265584
3073760
1409810
6219034
3527815
5499910
9494693
7151754
6858580
7457811
4075461
9834442
126335
5240768
4866340
5918113
7855129
782544
5123944
2230427
1940606
2775017
5224646
1781640
5618027
1395910
4577471
7382548
1144277
4953525
5458954
3355663
2239593
2874116
6026767
7890600
2470411
5909324
1470739
7907465
5176483
7232408
4041956
5593435
3799879
3487741
4469467
8488836
9943133
3778658
5467717
3690122
6563710
5673979
1706383
5794945
4856020
7494849
5975678
4212143
1177020
8438954
8324650
6971070
2363753
4399209
8860001
8908702
2786510
6579672
9246043
8937590
6812405
6752909
4207486
1957575
6716582
6537721
163125
5370265
6295562
2674614
3316582
8677738
6954115
2452846
8533779
8156194
6960874
1886702
303093
9201970
8880829
4834872
9167628
9332974
3662214
7816296
9866637
8727380
6133981
653236
8779939
9402129
3978343
3538422
8176799
213795
5518446
7532094
4180149
9747550
8186168
5877035
109528
9738639
2337908
1074333
901397
5815325
6099888
3032042
1755243
395979
7836319
2161369
1832525
1266631
8288332
9576712
8316302
2861480
4030865
107188
2837225
6205500
5204119
7648047
4577406
7223084
1526798
118332
4463402
7537315
2204002
3542655
9628492
6919975
4975296
6652968
1406034
9152519
7807240
7684697
8541872
2294261
4780551
1571500
4768205
446766
710456
9106471
2069043
7349955
2735142
486395
4767380
4890936
2824340
7720721
2239477
6840154
3267337
3723567
7312078
3405852
3894179
8601280
6490233
849744
3370888
7742487
8394783
1938344
9385444
7880995
3376988
9726528
410282
9578453
6917479
4861922
6639148
5994919
8425353
3569075
8571597
3676595
3927550
2495562
8029390
9930491
715034
578863
583962
7744469
8248948
1987593
7747695
2806744
4477286
6739461
4966014
4440971
9852247
4805050
4749885
5383338
657790
759096
5162544
3060097
2886640
1167542
2548909
1629039
885938
8461558
2748993
936712
7515385
2688308
2246080
1481562
5470200
3920544
208241
9994313
9240432
8775981
7582526
2524198
8002342
3934933
7172567
9899300
4963660
8961545
7149825
6233808
9420322
7319501
4435419
2153677
5403447
7771999
824234
811488
9406000
6718482
6099886
4639634
1018718
4372154
3316823
7012355
3498927
1998529
2629818
6171571
9005848
9798225
5076482
7772685
1141972
9761213
3625674
6399116
5759182
5274970
6277415
25992
6370282
1794581
9219930
4668251
491416
1986480
3921935
1630426
7934759
2206477
1539793
4933500
977016
7360417
5519496
1752298
5948107
3028749
1118137
5135284
7619518
7061177
1736240
1357688
5989879
4647368
9928452
8451043
3104439
5304172
3179429
5382033
7828835
3409034
3237859
3240276
8775127
7169631
1160670
9773892
5563557
2643687
5144021
7450728
1083936
1908530
9424457
5107557
6528741
3490059
6833428
8827245
1729337
1059243
5331766
6868162
3809968
4723700
4885442
6328014
7674067
5118086
2204139
9951856
6786339
5413938
654249
9039576
6723927
6517817
4722813
3677705
7606331
1135527
9976562
6199163
2987175
2999720
5330577
5836001
2036626
919874
8605449
5746311
4133590
4020704
2348688
9214549
8025228
731467
6457008
3971698
173444
3516908
881776
4297347
1452863
2186643
7714008
669460
1837292
1882883
5571050
6503429
2543492
5926475
6151134
4919256
5527524
8289994
4283726
2683842
979168
8590252
8801480
3775141
4039663
7895973
4840621
1711127
2588195
9503170
3202440
7464816
9386756
652644
3996706
7782311
3818436
4624175
9920559
4715292
2605024
4071928
6060948
6433567
1545231
3448013
6139682
1191599
5970528
157951
4225894
1860837
250335
6378374
9206248
9099221
437059
3364868
470377
4572805
4140912
5280504
392950
9080897
8470694
5920252
3184072
7259212
415376
3269346
6389151
887270
2729845
6509371
1407343
8121188
293877
1215362
8356560
1125807
9122815
9069493
2156470
1585609
3507575
7636854
3092577
986224
4318086
5472550
9827654
1797969
3520441
9641362
480906
9099909
7004400
990532
1636973
7639211
827169
6790209
5292232
9033861
5454712
73287
4902969
9061469
7748345
384023
5912103
9623662
304355
5261973
9394147
2136060
4416844
932216
3004001
2035832
8191785
9012671
5170817
5191140
5599483
5695871
1019431
30922
5654387
4804477
4928180
5627412
6079000
457386
2007141
8734245
7047959
8270344
9710337
4834001
4951714
9164926
6125315
5533809
6413824
7610853
409615
5989623
7739579
8770309
1680812
2817439
2489443
3077398
3646018
1650999
290812
862297
6141553
9759256
2142073
9080539
9895481
6833094
8973449
9276139
9011761
9760004
9091397
768773
9592926
2725569
9383066
9481832
7301048
5881971
472038
6658572
7677494
5712450
6113529
8509773
7367058
8792870
7883554
9393672
8967583
5968195
1203551
9408188
2481605
5118807
2934641
5256773
2256020
8414666
3768355
6873789
2712459
236144
8142710
990351
6802787
9607726
1226782
2095352
2365085
1645118
4887025
602611
3944960
4989152
4319802
9835375
3853679
3043800
4067041
727430
444980
3294103
8658655
3237722
8931820
9341497
6894930
349727
1375828
4694946
9640469
9368890
5573950
4214807
3343647
4494603
6736290
1259560
5131219
9053896
2013827
8533260
1921574
8870127
3745913
6950737
9638575
177690
4986897
1112308
1360913
7370337
4579715
8223022
3638584
9423306
1730244
1545740
1866261
9042238
10135
1917267
2964509
6412938
6170913
9636429
4400688
9421922
6133168
7259298
781436
9774212
1401276
3946923
8768878
8638066
8446517
8761630
745109
9812182
2309454
5419834
7048993
2425743
9658286
6510481
4774680
819520
4858645
6951176
5710629
7973144
6504271
1491294
5003365
6266062
1563405
2543834
8254880
2672124
3724194
2866606
6158397
9460559
1523359
1204830
4017990
2942302
7975114
6861640
6306063
2830693
7060086
5326452
7403532
9766247
9468360
522184
7408433
5886538
2008767
8783738
7796860
1199502
6106039
2888647
6169638
6132267
3614028
9101941
1287656
7945778
6807689
4022728
4514138
6513229
6394237
5045344
3956380
9346703
8665162
6081492
4697953
5275867
273130
9415651
9470532
5757782
5109093
2220874
8206778
1792160
6374923
3161765
7262222
377087
2222167
2511894
8214675
9045061
7563577
6517739
281205
7200880
7889147
4243192
3902590
2079523
7567151
1881856
7484261
7619571
5331660
4184391
778684
4180705
4719976
6066640
1062338
6237116
8441107
4916645
6883943
1690588
6851413
5672392
9338444
1015373
4204478
2344140
537958
3430850
7064743
9118588
8718643
6488599
7118861
2177475
5655264
979569
4447239
8750073
1062298
486254
4297056
5444642
3912009
8673049
7597909
5990521
2960877
7124990
918000
5071452
8510059
2567202
4768879
3641644
1033010
8548829
7727491
1990255
9391297
1739075
1605101
3396209
9518629
9975435
7309010
6093862
2765492
7618008
4334424
4558359
9689250
3389142
5944988
2234093
3045193
4501418
4864514
668458
4426306
423557
1802756
350710
5246459
38179
9486378
7382162
4678566
5384602
9113787
7982334
8621676
9364584
7610197
8209029
5495229
6024370
7395933
6449580
9733801
7910789
5938165
7579032
364038
2356636
7831060
2933032
7941352
5789365
8901183
2819097
8269108
3783972
4151272
2761835
8863944
1134184
9358943
9651008
5935781
9669112
4025860
8472338
55018
2197566
4015621
1284973
1527793
8285635
5451480
7354619
8844952
2491447
144588
6741153
879395
5132125
5397976
2497762
7563999
2920422
186268
4325689
180795
3007178
7655049
1391914
6797690
2246053
6393372
1645139
8510081
824429
1479498
5447285
4619312
548261
5652261
4758937
4767404
1415004
6700725
8336618
7133916
8590713
2248392
4103561
9466496
1767909
5382221
8505924
8904926
7530176
5338344
4470776
2374803
1482101
5027720
6141310
2827909
3090452
6265130
6597462
2893692
2431525
60493
7970640
2976588
7023446
1835066
2276210
4999212
1432828
5095937
5175913
1728937
912
1161976
7711532
4757291
8618530
1090852
27326
2572989
1807940
6344910
8868936
1007182
8899125
4582567
2822803
2837409
829420
3322739
338595
2387445
7307253
3319674
9380899
9712921
3502465
6807051
7259999
8535389
5692558
6921630
1793799
2313960
5032097
5565710
1953119
89053
1377879
7873792
2187652
3548528
6048942
2036076
523967
6027893
2344202
3387564
3242989
1877910
8185110
5348565
5384252
93816
9360531
6323467
9480388
473448
2077329
5285510
2277243
4099908
3869516
1132725
5829521
9292637
6884695
2859382
9253291
8259972
8798764
4014863
1929228
7436476
3517310
1787806
6394465
1078939
372900
82495
6004704
5578658
6500754
4039353
2445636
3312758
9347378
5969694
3127689
1013738
2242810
6726024
2313812
4615267
8468070
3168224
4185061
5433301
7165590
8918541
98872
4897087
6012894
6078447
3406748
4702697
8307999
7486793
884692
5846836
2994861
8602094
794826
1232787
3028179
7026304
1931338
5886340
2005001
1693913
2592190
1190895
7949873
5162619
5883262
1859905
3848339
488143
385110
8713483
3635665
6254269
1683838
2666120
2767265
3125962
7449609
5477431
2592525
2698712
2603551
1901267
3986148
2470135
6653165
8253729
3959621
8224401
9462493
5225765
9953344
3951577
8621499
9276466
6270396
2129812
6825306
1550471
6707223
3023403
8692936
5539708
7700072
9889825
7034847
70060
7899195
6411691
9166058
6075315
8250023
9152347
8457070
1468158
2241011
191797
3932954
4102243
3096144
1397662
5246425
3007898
9250629
1512536
4973445
3820767
4869301
445348
4481981
8109294
649199
8841028
7771342
9933575
4138866
728895
2429776
9184027
6588526
3706452
4536650
8690060
5383457
8519453
9546899
2815143
4732806
8160472
3665854
9715100
7473436
9403537
6632611
1416515
5410887
8509920
7787810
5475772
7199430
5949883
6696038
6911878
6710375
6694772
3588962
8044782
2789823
23265
7429847
1611201
5633412
8598742
9712917
3055755
7777956
3601786
6149956
7828375
5342550
5126083
6478928
7988842
6130399
5100887
5526539
9736426
5890170
1011891
6816719
7515190
6153813
4969723
2005600
4865536
5045684
1255570
3861062
310182
4567984
7776392
2869888
6326847
9362463
714636
7676693
5074592
8756759
686086
7149570
6304260
2152840
334662
2443417
2204222
9881593
8527357
4318099
9668046
4271881
685212
8211409
5642437
6250054
9091568
1162281
8010636
8096752
113390
9642685
3636368
1872943
8068455
8981062
455768
2411113
9873338
4061324
4289603
7229150
3638731
2665174
6385440
669758
4720038
8037332
6049672
45660
1969821
6153276
5848991
401048
551152
1474926
3213018
4141181
3920050
1918020
9754595
9458755
546770
1223445
7598900
5581080
1192074
2859319
9845035
5429759
7957316
8069051
5031270
1271264
4702569
6474684
2207777
352155
9611589
5714125
8650434
8852553
4901057
6379791
3186705
6681790
2137091
8598114
8557928
8669148
9058385
9642421
2756282
3991250
4731548
2452611
7831424
4983254
1377916
5101646
497285
406029
8817017
5679338
7127677
5669495
8158831
8098751
4912054
6739517
3202936
1550537
1142241
4765383
9318659
7645966
7216723
925235
2893483
2095867
8806885
9235528
5374181
4669065
8595133
5365822
2163237
7498067
5641065
9246152
6760660
1737621
2351363
1990059
148404
3333979
7599870
9423119
5890419
8942689
5467927
338523
8523530
4584706
1505617
3811116
6319099
7165756
5999519
1940491
2127422
8070899
8920518
1002284
5808510
2955965
1025324
7374122
7936823
8748105
5140832
9498967
4869292
5197963
9021669
3335814
8306993
6560336
4240861
4693134
712205
8361894
8215415
1238917
6785748
4168133
8559241
5564253
5394104
7440798
7363112
6708847
4488969
1021211
4771454
3442398
6117299
3540436
2047278
5058239
8240301
7081641
6346586
2443751
2808724
709181
9819486
7945407
127460
6620433
5277963
8357458
6569922
8425233
1447566
7840997
9718442
6556882
9050369
433861
2642127
4181305
5364130
7719303
9784806
962474
1434370
8367818
6574231
6660947
6531580
7215899
6803672
5732279
8372813
4460246
8194716
6823327
2765605
8545788
2843140
9320159
3435134
7332546
9087924
1445291
1030794
6410533
2243298
4549361
6486059
6505269
8989521
5233038
4611006
9370867
5181098
7326822
7779648
3561943
1089601
6353216
4627535
3695336
8496269
6520757
6207403
7299852
2002146
3563205
2401384
6870369
5847670
4687746
6013224
6697538
7887348
8461293
1066400
9647076
1686732
8814304
545152
70830
7523031
6703139
6125746
9634392
1151912
2791068
1570358
3569252
4905148
3647903
2920279
1483208
1297827
7295721
7323625
9306731
7330029
4964267
3492956
5701906
3007503
6099769
6919296
3904950
4351253
5587046
302344
3694282
4818235
7167208
747369
8427760
8250227
2542974
3714997
5813852
4980397
3750407
8346445
3638614
4606756
1660788
594635
5712984
581352
4128407
4649083
5711708
7563611
6715607
7148341
6656816
9463577
5309132
4648441
5859328
8513066
6344211
7775466
4163575
3940615
5798603
3154141
3652605
6938552
8878877
9428724
7821856
456474
3238001
8034305
3078419
9229450
1349951
6994643
1917385
9188012
9682943
1757399
4453311
387779
3034191
311345
7648994
1500405
6985979
2345480
7180550
1588171
9278844
6916617
5370895
8224897
8254542
1391958
6257197
3964093
6767241
1848365
3299915
29115
5522713
3154246
9510650
1163913
1681800
9222578
619447
4781136
4020461
6802409
1006203
3844648
6317969
5086574
8807626
707949
6578830
8655644
3655213
5047044
1628712
1402519
1430201
1646211
8819892
707399
9886566
2140821
9697477
6044296
2703869
8318677
8250821
9589769
9889653
3188008
8013134
1068186
3298498
541220
6415261
3904046
6285802
5530030
5836071
8990386
394644
3858129
2721353
8269614
2036184
7717103
5692049
4241599
363801
8746070
6366401
6279322
5702285
7206733
7068374
6428226
3652315
2985816
3553340
3987527
5001575
5365251
7202203
9461042
3145750
8107376
9604822
564122
6207483
8932067
1975830
5098287
1823316
9590526
508400
8290225
7350374
7040544
3894338
6417339
7553095
4413912
2407355
2046418
454793
9545217
4797887
6242188
338320
1927562
9344444
8817134
8212144
2904751
8615666
4835006
2096596
3925272
7699039
2664599
3994896
523234
1781595
536472
7578423
747213
1768638
1580956
4299971
942638
3909311
1020227
9755254
1429595
9682400
3922647
9273901
8824902
9586177
4844315
4524208
5379134
7003791
3800052
146112
6469819
1799129
8950248
7816093
2743273
8843384
3044899
6920842
8831023
5083133
7320855
9204836
6033152
6141055
1165022
8491982
8692513
2543371
4551679
3427530
7188653
5014397
946343
9501168
7292971
7664934
4278433
9410412
6924747
6929781
7776332
5164002
6029887
2494540
1594731
9346714
2064183
1672169
7399980
8248271
4327405
2112004
9220077
6844796
4874875
1795196
6573543
4212207
2374427
4641576
1200305
8781020
5541417
7663694
751791
9305776
3339848
9650860
1058647
7342056
4250503
215099
9391338
1254292
4579280
7968339
4874099
5290992
6326995
1417584
4019116
956615
6329642
1380462
3286091
4196517
8957450
4373486
1113529
2223751
5031334
822433
1773697
5364186
396581
1823646
8137950
2440404
8946219
2663454
2205031
389578
1322693
8323983
8024133
9206440
7850238
5457525
1282877
8074685
6880664
9939665
8329106
6864457
8072699
1891779
4957792
570499
4639622
544677
6182968
6495479
1739102
2685166
8118951
8539233
4438631
4744361
2796214
166207
7205230
736252
1592463
7348901
3086163
6506314
1215697
2748432
3958240
2639029
4331377
3261227
1753304
7797592
3598293
2374088
1505656
5416835
479465
1399858
9530941
7328341
3989476
5922345
7418445
1813149
4649692
2586396
7028048
1579451
7684255
4284997
6374178
106827
485121
6197423
8679305
4951722
7371512
7965221
4074249
8635282
3019344
2495705
1344228
176459
6575846
4710430
2710572
3036728
7597833
5848411
9750793
8546896
2348717
8333
7642897
3864236
5492559
9406757
2313395
5664785
9140757
2504160
3935966
2865666
5867750
322316
2398015
1425780
7349562
3550803
2963853
4526743
8865284
1500142
1198865
7633367
6840891
9814578
9300142
1947875
3835655
5323687
9029308
4466902
5304580
7155676
8504633
3810084
6093108
1663662
8977118
8102002
5064456
7228777
7124658
5418424
3028099
139223
5692611
6482789
3773575
537470
5586046
1884230
1815242
1632908
3288241
5404762
5923400
600945
3797529
3951365
5494798
9087668
6039208
6182313
8410977
4204326
9672537
8844166
5473859
1326415
7742378
7872164
7350380
4301001
6107956
339695
903300
3777709
6848363
2742348
1944276
2727807
1042550
873633
1092816
6499414
7018522
2631054
7749377
4417964
6282361
4139430
4039635
3288876
3373349
3121681
2286264
6191933
1410059
4955097
7984427
2717998
5415403
1057901
4841399
2650338
1052029
2974749
4128409
2895428
9182604
4291555
3312401
4087619
2586752
8896807
7444933
2257782
3516197
5240629
8923225
3454294
502636
8815177
1020685
4706603
7400320
2715469
8312953
4913162
9817942
1168672
8285602
5997809
1786996
3242888
5700443
1309336
9261458
6465616
5463420
75327
6990842
2471157
5582388
6972333
15938
8608615
5492457
328590
9708700
1136794
7621830
1832143
1899894
3674867
5149543
7720281
2216726
5899938
224547
5117933
8487771
7389783
8145629
2566592
7971475
1019841
7585483
2503755
8914199
1590417
2275169
1547821
2460427
4434497
345144
9765281
574000
1764450
7345640
3799607
5811549
9043957
5038394
7966199
1485878
1092649
495907
5991004
9444785
4584920
2674070
7057867
5863976
9913100
9052175
3488184
5219238
4094037
4859647
6879202
159009
4961624
1012219
6267203
5300492
606739
7406848
5153285
7270260
4764052
8775417
1398181
4996407
2238615
2790827
1355067
4148797
249580
9286754
7695189
9741102
2507184
5820628
4089994
9212881
3180740
9218284
7251711
7683066
6560783
3669480
31183
2873263
7004976
5734647
443692
8502999
7302432
9228687
8141111
8225059
4993162
9231310
9994992
6400252
8390458
5461641
4507380
5261985
1397819
8409451
45301
2536288
3145837
1799508
6759435
4038637
9012473
3756842
5648701
5396456
8713008
6378490
8589778
6881511
879009
2055063
946041
6558398
3341500
4251864
1990691
849618
1443142
9447838
7191877
2962694
4222890
9167819
4267790
1918456
2903714
2967915
2591551
7485715
8376147
9791998
4324917
236946
9697462
9379831
6408849
1532738
604546
6516010
4960754
3736156
1175205
167176
8996438
64032
6790816
3176907
3899172
7118215
1161162
2832157
55501
87978
6414501
33264
8473834
2271567
7393314
1026325
4843509
6732963
1799852
462552
5279594
1179336
8558464
2200721
6467106
2261720
3627194
564976
9366404
3409823
3428036
834677
2932077
7623603
671515
1481180
3765284
8772708
7462038
9407480
1287828
9004328
2287220
3854668
1685616
9501628
5774913
5471384
7443633
8884321
232120
6413757
2929168
9535272
1795803
2512547
9538450
5723649
1261741
5166900
412023
5197122
1020038
467743
1193566
9172199
6340961
4825213
9981956
8390391
6290743
8635884
4124367
6046188
4088278
768246
4057084
4019418
7847683
1963954
7987738
1148837
4897713
4655926
7318149
3573840
7934659
2799972
9225864
3862292
5391760
6263924
7919513
946270
7994854
9028910
4314694
1624972
8291396
5860773
3415342
5482326
9575467
2280490
9701794
9150017
5771409
5880778
6632951
7713845
5689195
1558289
2652243
869308
914668
2447279
9762484
7621450
937672
7628934
6566820
3244515
4373170
8690723
1835621
9918333
3971058
4641124
2171733
1721351
8764234
3508223
6134930
6731387
6016225
3087923
5240317
8273770
2516045
9787205
3920230
1243519
1992425
7500924
5087994
8676383
5214107
8763008
7966510
8404448
6770241
3047567
8739006
1568470
23615
8505392
8688959
258224
8574189
7848484
3991265
6425572
269796
4889948
7420354
5409703
3727181
1781153
7280240
4710309
1491051
5636300
2014464
9139130
999025
5729342
2150460
3782938
2874354
6008907
3050897
8599963
266191
2957801
3599743
3120313
5075738
2758632
7448754
2910226
4351615
4048351
4311360
5908776
878934
8692523
7931897
3175347
552480
5388557
9826801
4260101
5327637
3528556
113306
8674731
5836374
4392507
1147855
8870808
692007
6212985
6592001
9922680
6665677
1409367
5121143
6255267
9551432
2655978
1476974
2013614
7170507
6318374
7803097
497690
7667870
9471311
637264
3331876
8553348
289832
1668952
3257551
3722949
2089996
7498676
8649297
7487061
4750103
3528197
3795555
3567654
7167726
9828119
6685181
5718790
9048185
9083513
9343193
4346551
4884380
1530241
7978494
7572617
8689439
2124680
578801
2107704
1602994
9405898
3995132
1063358
512518
6970222
5106372
3758957
6797322
115461
1163829
8298782
2029560
2611513
7909179
7310829
986003
6890600
7465389
4305191
4946555
4606685
9905056
4106070
2746853
4306432
6450060
395761
3677549
8662932
1252729
9613322
8967980
5207056
9190210
7274225
8495052
3494289
4947500
1436290
1590997
3276797
3496273
2038121
3773947
7528632
5592294
5864813
1684871
7188491
6691169
1286783
8120946
4376379
6231577
5063204
6856322
7837147
7910949
7282995
5626333
4728691
9072403
9142826
3530922
2870138
602978
7093803
1916818
7920840
528887
6015428
2410313
3784624
9771998
124115
2809182
8848294
5578651
7416420
2930948
9197723
3118701
6094368
5033617
982639
1825787
7403456
8684827
5330542
3338093
3121689
1272501
4135593
6554050
5713549
1545906
5023269
2000309
1543235
7122111
9926237
115778
1497415
1142646
9815892
3129409
7652875
2327800
832197
7882600
4492385
3229174
3768420
2723067
5377038
5480202
1657722
9537891
1781280
7603806
185551
3449203
9365051
3266792
2491483
1579278
7680698
1446326
3349579
7236517
7627438
586107
6880177
2080842
8053559
7293969
4204997
1070653
297061
3801435
3728891
1461709
8023319
8736367
1447400
9749820
731500
2934707
9656098
3796946
1327267
5921631
2912494
1615599
9517765
8044623
3155021
4989412
4534422
3536203
9411177
4161386
4772124
7325829
3955335
7158929
2586883
8727352
7581441
6291585
1128940
226660
82463
381883
6867950
5448968
5286568
4100334
1323348
9290076
3757107
6011445
775086
7867953
9215202
2393617
3683930
1468356
7886274
4474431
3323139
5438090
5319053
1359796
2831532
3869891
3315874
8498955
7743237
2206077
3198610
7782603
8774605
6900691
8736472
1779488
8196809
998484
5647148
2660286
1530992
7765088
3130218
2607876
9476511
2257131
4419116
9136013
3671066
9422478
4003969
9052048
9006690
1168774
4959412
9232306
3861248
860804
6868291
1387819
2356906
9458669
2001784
3022542
2351667
7833487
1382023
9372660
849934
5635679
8603765
2571232
250090
7444878
3759754
1068208
2745706
4001309
7483852
3076510
8451754
4670734
6504907
8886604
1704992
6209226
788967
85931
2618688
4031125
24383
295140
9743436
8899109
6798643
8778294
792125
7678053
3912927
6601522
2526362
1178057
4599052
2572553
894680
7968060
8046938
2740906
3150565
5829468
8734409
7890927
1077556
3716881
4247143
3927911
2198424
4957813
2522657
649784
9402249
2458707
5381558
4660510
7843288
4423861
1659602
1604802
815499
5698986
839599
5655497
9579988
1662364
5730799
3966316
5706085
8429245
3520416
3781739
5296889
3823423
7045926
895039
8401487
9861994
8906005
406234
2003635
9341205
6553836
5986584
1683596
5195661
2513550
7099742
9663662
2445872
551378
6819866
6901567
5193905
7026478
966062
8196261
4476783
8126118
4685248
562240
3977191
7175065
7769958
5396106
3159768
616299
2039093
9867306
8781811
2634143
3696265
4086609
4645060
8345351
3242080
2594714
194692
7640977
7825843
3554474
1200437
4859260
7135367
2371280
5004460
8717389
5593454
3132761
8046260
2721976
9258231
9013898
3886608
3937936
4391163
185152
35737
2120845
3878377
365953
1141573
4004600
536670
1469713
6304329
5089715
6797997
3492939
7120074
641458
7221451
2215993
8058879
5910422
3764355
5779286
1992426
887848
5186578
5614571
8111133
5439364
5705666
3122048
8003525
9592537
5866032
4762873
7133474
8860661
5880490
495454
7996101
942488
6106672
5036430
4184161
3887696
6860570
4707317
5124922
54318
4225113
8780142
8245434
2122658
2144215
5191069
7657253
7564069
9324915
1852220
7189092
8176732
570432
1207833
1596545
5764410
4997008
3854763
8703270
7031593
4089750
9082205
6860142
3438422
6067000
553303
4512026
1944340
1041997
1354991
3481359
4794220
3754434
4559841
3876328
5514187
4200610
6008308
1517612
8949441
3345020
4124891
7890062
3573621
5894665
3790372
5689216
1885479
9902073
407016
8587678
4131418
1836240
8177502
7398782
3437997
7409366
8447987
5576311
2692014
3971807
6838149
530960
7747445
8180712
6504226
2338572
8292172
475796
604856
8504375
3259633
4746378
1816674
5338400
385670
6673615
6343037
793231
6210700
1319514
3471285
7092109
7462457
4971000
3629873
9058876
41623
7011566
627463
2283262
1360088
9873533
3849877
3943798
7200824
6472497
2624970
763820
9196632
4109374
221364
1779351
4050850
1297030
8906589
3483677
5468979
2867506
6591990
5392102
7980646
4749959
1113527
1274108
6818814
6085045
4426535
1231981
9945835
504937
1637271
7664430
5551295
2578125
7495533
8509457
4300710
2673539
4434023
3084867
7028386
3403989
8767285
8677891
3566029
4131020
3425386
5076743
2674882
3335636
3186789
8696915
5001254
8673007
4623349
7398755
1163102
6177196
3198614
8510282
8257215
8102681
913217
2469396
9664796
6716010
1820645
7260195
610744
9711674
5232785
3939934
200933
1357816
9755678
3844425
3128166
7324872
9646611
6863587
11241
5303641
2328217
3932186
2383862
5445772
2080084
3230725
3133955
4213712
5104421
8126072
8810869
7219985
9232681
4456742
3895040
3552459
5224174
4215893
7313220
7798233
5290368
6058048
8683845
47178
5622697
4322653
2465886
7146357
5862711
6165052
8138469
5768166
795646
6526628
5002619
8446221
5392329
705457
2690904
5048620
6674363
5720076
1338591
4378405
9327866
5283979
5155119
1829753
1674424
5794557
542597
436829
4591788
6215420
8959592
9243114
4540775
2324906
4601325
2728097
8343942
2775445
5303712
9348516
3480891
1374415
6816228
348818
85459
420623
3624401
3429244
1256789
6664943
6103342
1696012
9659400
5485313
8147100
2433726
7327934
785958
7283922
2500767
5940325
9151559
4616324
920696
4985415
147782
924768
6568997
4988885
3616791
5459114
2846633
390307
3769131
1531418
9606044
5483101
9000782
3104662
2587157
5416237
2595990
1353941
522715
2341593
3674812
784624
8137968
5007822
4041910
1249827
8206654
2706866
6240980
2673210
2033459
6651020
7354384
647059
6394909
1072936
9532278
4387624
2810819
9410790
1013173
3376632
8794580
7353986
6594479
3566533
6816071
6649359
6856688
7806764
3124255
1302767
8361968
7169216
8657636
2935463
5606702
1742797
7530960
564630
134878
8663853
4153843
9112573
2207125
55411
8262298
508801
7695980
5935804
9349573
9912540
8903127
5376615
1089609
4982080
4465633
2388872
577649
6176446
7791735
2628514
5164405
9621830
9196497
4759489
3939696
8903946
1432191
1133115
178925
7037452
1616647
5471237
2750353
8558684
8412858
3920592
2852529
7297117
1723306
1330834
747279
2696132
5564046
7181642
4232580
6726553
3290520
5542525
7741782
8051454
1056288
9154321
504947
6175600
7990932
6526093
2346724
6950720
5155608
1671119
4375571
3957798
6157839
7773283
1019230
5263086
5173499
2026919
3536626
904018
1077346
2608962
2164453
4277084
3478860
6651143
5930404
5296915
7829764
1530575
7023447
8463122
2166871
6148580
2065312
5534826
6302444
1769039
4501908
2656781
9976177
2728556
3632108
6576224
1596079
3847789
6587304
5667189
9381830
9533900
7239796
1496661
8741828
4289783
9582752
1569773
5709568
1122821
7009594
6485167
2044257
9297175
4841415
9034430
2970389
2735742
7581849
2138299
5374222
9404449
4543959
5716144
1528964
2014587
719881
2802626
2931601
8151493
2769358
5331895
1122713
4977071
2174544
4138477
8386189
1678295
350882
5941429
248234
2239901
8256603
2580469
978524
6494086
2053367
7731398
8420172
7841086
6393971
7781087
7603371
9913648
3779059
726716
2449753
2397683
6778826
5729517
3578641
5409179
3787895
8868567
4551467
8438926
7875105
9601004
4961791
4007847
2632834
6043305
5627450
2627611
4338917
5277351
6617657
563900
1253875
2302838
399635
1064516
8348131
368385
4367200
8532758
5278857
8112750
8568774
5099267
4255098
7010035
8980839
2836987
365831
6615973
7869004
6165493
174625
7418264
9641874
4516366
2123143
4061377
1209870
86797
5117053
1601623
3678052
7617404
3075968
8976846
2608790
1345612
6350383
9903374
719570
2990560
1113070
8034462
2256537
2330349
5567592
2221459
920842
9333632
3281035
9964035
6821786
4850925
6505540
1935945
3657401
6318882
1041964
5421077
4356289
797149
9220879
8182269
1556685
5119026
3885536
7124836
8106882
2677651
3828478
2999590
3165343
8632976
9957582
9261005
6657015
4079756
8477931
5951757
318545
3868501
6570593
4766124
3179664
6305673
6023329
6611628
6397800
8083842
2775821
1749275
4316881
5012453
772759
9784790
286538
4075860
5145100
8346548
1728419
9253571
3272602
3643781
4296868
1110004
6826155
345830
428418
4527973
8334137
1199505
4575884
1415864
1544832
4762238
1318079
3772755
261613
1111155
6790776
4196339
7973791
3030067
5298127
9478954
1062332
4698374
8503071
7398564
1098490
4082851
5820417
8389475
9139380
4586194
5414579
3475266
1147384
8881848
9926583
6411643
6801414
6457268
687007
7817577
6237395
7224287
8778292
6848585
7292358
4755762
882111
1516599
1724507
4590531
2699088
9757874
9766710
4674350
2726198
8904939
9271314
6405777
2891322
7811443
7769349
7785158
2894750
7142587
9808320
7920084
9920899
7010982
4356299
8361779
6887253
1652151
5870735
2054645
5074039
2788889
5744901
3207184
9128876
1736883
9710051
6679166
643400
4976627
5215959
599150
1128027
8767333
7527259
5296505
8101567
2347465
1583679
6876997
7262999
1697872
646062
4756211
1032301
4627848
1220085
4649048
5242360
1076069
4597855
9721554
8997416
9270724
2440749
9086915
6355469
465124
571560
2445075
1408913
9626231
3057498
2592998
5748533
8807299
9400699
6137205
8489623
3529527
4746336
9544833
9312473
1138517
7230469
1365342
4753129
9505529
1004775
6004249
459573
7321673
311357
796659
279833
3316705
9258240
6711192
8534767
5406258
1261349
5419633
1348816
5843427
2216976
6894751
4710435
4380112
3498802
309366
8720575
4321573
5288412
8149055
9806936
2808365
6531689
4877458
5560246
2864679
1141495
9241276
6957039
8750545
368818
2480331
6237030
4414731
4068826
1495379
8168775
3976845
1743603
6888094
727866
3553112
5343054
9068894
4892691
9124396
4091276
5077867
5815149
5772468
3663622
9885249
3404938
30795
1315693
8413593
7558788
9482538
6029813
5424393
4215724
6996060
3008340
1531112
6305370
1020908
4312842
7499183
7863177
7633236
8227878
8887840
5480570
1506043
4604777
1181673
7648377
3637119
5917985
9691241
4834645
9040138
2480435
7905102
3011932
8538740
3288475
9360373
8853385
5837232
528963
2531520
2533339
8625743
8059069
6072521
7425185
3266720
8815461
2286843
6025769
6749420
9441236
9368953
6022093
3692267
5693236
9905016
3251788
3739436
6534278
546936
1876557
9851696
1063852
9133124
752175
7124365
4623151
2008700
3095002
9228960
81450
5825515
897041
3033219
2683130
7690863
3977426
9618367
5030004
9403801
343871
459160
5582897
9019365
9657808
9376002
8749661
4296315
6928916
908754
3412618
5129630
2484122
4729052
5970707
7772602
9258950
3891290
912711
1759370
5904327
9949298
9597558
2830423
2374141
8537649
9602804
4394874
3867300
5575919
3588321
6202065
1750050
3000564
2415304
3217143
211672
1764398
7711318
1784959
3341729
9695116
8700078
3205738
9517975
3258245
5345748
8300463
3241264
262039
4265275
3711208
5771425
435725
4715396
2844174
89222
1517926
58703
5305714
9817145
8679620
7283716
810951
9201409
3281673
4044992
675254
7036046
2068099
4660519
302412
4901169
2272856
1213293
4057532
2106865
4733693
999856
2513434
9007428
2351434
7439511
5259085
7922442
1931700
1963148
2376070
6728182
338224
6870892
9372556
2492218
1820056
8783139
4344161
7327299
3882983
7834528
7158862
7686956
4095318
6596499
3297995
8976170
3396545
7981757
3568959
8573978
8153827
6049000
6050924
2692373
6285149
296110
5751878
1251410
8850993
1648333
144673
9497965
598405
2140486
2120505
9158658
4204705
3497932
8207779
1808624
5358208
4432592
273030
5095649
4868476
5324275
7195739
5600815
2076881
48182
896566
4511420
5960340
7084043
6804998
1537685
4895100
859550
9377304
4519573
2649864
2116705
129998
8888958
1018753
8028154
1990631
9329652
7792890
6241233
1651501
4810361
3514781
9347280
6852946
4364241
9864683
4718142
3075393
8860021
2845406
9597078
5507961
775573
1278600
8068278
4748217
7125035
7054600
5552640
6542370
1360763
8249494
6179651
1170581
9102779
6580876
6944309
3099152
2208470
7687862
646283
8841179
7101421
8379060
4087328
3058222
2266430
9415673
8823290
4236150
5345782
5801074
1478817
4378335
9168720
6383164
4504886
1894103
9881649
8796181
3290701
6540217
7204603
3204951
2641319
9338298
1978990
6391954
6742972
6998466
6383921
3717732
4094678
8433539
287129
8098879
7833278
9159730
4050995
5647620
7717670
691801
5752963
8692754
2984860
916918
984267
8949270
6450200
6222825
5532868
5855845
9493456
6851615
6736898
4626305
4704769
938068
880710
3608374
2664932
3816135
5824640
7603172
4353106
7787047
1175583
4931935
3367683
880812
5258280
5033066
676826
9190240
9704144
3298530
5496800
7573175
9585897
1179387
8650995
8907517
6307602
1379232
4931303
2343961
3724035
8756474
4872425
3882708
5318006
4380057
5780091
5516894
4747573
8771869
8153487
7519051
9214013
7005238
5598013
5525716
4549520
8012432
5056028
7261212
3989526
2959106
6490818
9141169
3911725
3171269
3248220
3772179
1188439
9854046
3289696
9468132
6812014
8384552
2491251
8456394
5319224
5687775
6694492
5042253
1763013
5794164
7851044
6049907
3270316
5165037
9340995
7218422
5452510
6673117
5422605
8038797
9075841
9772949
8103702
2366439
6886402
1849568
9640415
9893932
7341114
8564816
2253965
6116941
2886077
8431341
4858928
9707318
5163581
2651695
5923673
4820182
9567644
1246030
1833893
1084326
84001
2439076
656242
7234389
6159622
4160565
6493116
3496249
9789002
2839241
8843695
6695830
8572384
326447
5231260
5693267
5117052
1178009
7399875
8480148
2575583
268597
6424118
4731168
7831352
6340392
1830856
5608767
8960186
1421065
171302
4876766
2964796
114694
765326
5879732
7949566
9955575
8126783
9377053
741804
6584757
7743970
9846663
645439
1367695
8155806
8515716
7854283
2232146
3351260
6252413
6678728
3873487
4593691
8783365
1331683
3371253
2976758
4775372
5757837
9666057
9177004
9015848
2356934
1592741
8749167
4496089
4177849
7145229
1738284
8342086
5804487
138637
4242692
2002434
3158277
1418733
760065
3250635
153317
6143911
7612579
2452303
9569006
3618739
8601326
8994671
3362407
8658481
419776
9877053
7198857
1852989
5982304
2731145
9036523
5112116
4183665
6431108
5440042
2847450
6250381
5140019
372
4340060
2825831
9925951
7530415
6154278
7641035
6179747
3336934
4799037
1668597
1463369
1070538
6799805
9950407
4202976
7782143
2468874
6747884
4192862
8664227
3023613
2220368
5882493
1560164
1929945
1004518
3167358
2656583
5661886
2753411
9732198
346029
2310238
3592797
7117326
6924212
9038885
6956445
5608088
2097561
9593779
4955165
6653614
282442
8444884
8500026
7486554
1865314
8043419
2937056
2590061
4918096
1268660
2622220
504470
6673756
5888685
6343065
4384134
4075648
3888928
6580631
4957162
6665807
2493740
7519420
1503792
7748996
8960202
3713160
5208362
5681320
4512181
3188342
6347849
2970202
1312991
2510811
4878949
402113
3526671
4196068
6695085
4183681
197829
7691303
9484225
1129106
5791838
8271207
8210402
4968653
5611492
2796134
7313084
8703628
493041
5127388
9043554
3714965
5971194
3808926
3951453
7743305
1268323
22490
9378392
8324346
2174776
9431993
4138114
581451
6978309
3572432
594666
1574447
6128009
6453179
1212828
4140590
9231882
8255651
508765
6341920
4708461
9098620
2149094
3470612
8208961
4752907
7312496
8367959
941596
249082
3979318
5903153
7804504
5321344
1308840
9220636
3216072
3164657
7246260
8816948
8274212
7257334
3259867
655049
1411447
8054872
4017047
1249648
4324955
7619358
9121576
1373681
8600095
4915700
4490852
1144985
9323345
9450782
7782811
7657666
3383691
7469341
9965880
7259156
6534341
9209178
7916013
9527474
2371317
4386318
5545731
3192380
1507986
7520813
6402253
4161344
7449315
3635605
1466562
1214851
316020
8777774
4762651
3252781
6957791
2619743
9307711
3854794
2153027
5817837
5306536
1117517
736437
2670129
3903978
3733542
8392648
5381941
4312313
2267701
8648864
7613352
3572848
7915530
4216555
4829641
9249154
2784785
8878011
4465410
2494362
1989662
8476266
416813
7067248
873550
2276627
4934223
2381440
431209
6198833
8935369
1389148
7979871
725751
3132991
1380303
8408984
3983112
5165793
3711755
9925646
3869873
6161235
429701
8424282
2269787
7726234
8620225
795693
2473570
289723
2392487
9529585
2067319
4994652
1927921
3350595
1150620
4788699
3132835
1593625
6196807
1943561
9700723
6935673
5313971
286945
5792740
6532769
794410
5803059
2032617
445122
4562568
1326248
2435639
5984733
1453315
1694074
890446
4698241
7032501
6588993
3588331
850494
4081200
54571
1668572
4906114
7607001
1037209
3082670
1105433
2315306
8956920
5311805
829328
111070
2207902
4121144
7708404
9834181
4463953
8085166
7622923
7079470
865818
2941512
2264453
5980340
4352484
1109901
3265185
4429885
7361643
2301864
1334594
9541321
6635124
8642561
7208632
9141650
6205092
9812501
5403384
2807926
1199482
2481674
2858560
8162325
5542344
107727
3298831
8738587
7934093
7385048
1163425
3818757
3354920
7394764
3917703
4306981
8432846
188863
1953028
1813180
5276716
4673003
6600519
1314224
4395524
556984
5470105
5463912
2398991
8234061
5737943
6066253
1059945
7964645
7506130
8805979
4114969
3419467
9340959
1345757
5608416
1856178
1644583
345538
453359
6143776
9046958
3473565
8340049
5965823
7150912
4966093
1620658
3448764
1930736
2212765
7905354
2506126
4656478
3810343
531696
4421869
1985649
1853531
6744141
8487573
7295477
3459586
4308529
6400179
5160099
2634767
7158284
5979431
3678210
9736039
881383
9508214
2584607
8495726
8886703
2027608
5267904
8811273
2975101
8414538
5048277
1769837
8962702
5478656
2575598
3068647
6855361
7986216
1147235
7999080
6967154
2251536
5686810
8216721
448957
2420025
9885835
8673752
4380468
8629787
5953822
6837527
6866950
3853689
3053682
1554352
1654064
1513318
9831042
8859411
3508945
4545185
1026673
2883348
1752709
4458666
9744309
5642902
9324853
6069453
5958482
8451353
2464452
9949301
5418817
562446
8276739
5541674
3314695
4179529
8408915
6938352
3103116
4139904
2902373
8992630
2986896
855934
9900942
7977552
4474619
8345851
2921463
7478905
3628699
9811461
6965239
4040367
163825
51411
4135647
556781
532618
2677031
2558878
9523318
9688768
7084893
1314862
8583096
6507609
4650075
5542545
3336821
6135616
4438425
7469699
1067863
4210455
3349683
7971496
7035190
7598596
8625399
2608099
7572331
3242244
2825532
8254945
8395970
6110357
876729
9527168
2200316
5893933
327910
7706084
8287000
9936486
709077
5361039
4593432
5084637
8370868
6359227
1990848
724105
9226362
872544
4059786
884170
171289
6282415
6717897
2053536
3353420
3093371
5268296
2393578
2574426
6271203
1528230
7058894
2309880
3874416
7829308
6038475
3727784
5620118
3001802
3636701
32420
848770
341130
2289605
5107748
3531357
9201285
1570683
3097711
8395748
8036780
537009
5949103
4977002
3649464
5009403
8416658
9510421
1858040
7368621
1890101
5430473
4748051
3067946
4714054
7968262
247575
8094454
9006293
5758237
6551382
4806000
9583912
7030364
1912293
8999811
572871
1316333
8032283
8934438
8508929
2828609
6408258
7428184
6378598
6416709
7060358
7829712
3785332
8841483
2897336
8940100
3508016
6916003
819990
3188185
682187
8076058
2299579
8150560
8016717
1888277
5441223
5429844
650537
1644032
3789688
4307600
9141236
3052282
7210756
9158467
8548952
5967938
2964753
1756224
8145945
7208919
2928314
5873617
3683474
4341806
3985361
3252516
2288562
6003594
3367335
3590033
9963036
5527297
3556093
4638271
4734197
9969414
8312860
1117378
8353838
1479864
1156747
9913563
2880800
6144156
9417283
8240132
8540184
4868033
306014
6415057
3546669
421433
8820691
6030771
9959567
6831567
3101192
6962235
7376411
3404562
8108242
4813831
9161582
8317323
2807069
1923271
4652078
2338193
8231644
5187813
4045420
3712344
6175572
6137054
3652645
7284200
4316127
528673
272234
2122640
8303839
6286341
7782404
7250925
2259291
9667367
9491219
5795270
1905951
8550402
4997205
1442891
8631451
3895918
8810717
9924751
5766364
7606693
930913
9036735
5498634
2588025
992771
4042040
166956
6133896
2588651
6730354
5446745
1685954
2863457
7846014
8177872
7299461
57507
3702223
7176166
6783937
1841128
9686997
204531
5764159
8808392
7675525
7955833
6654350
9084386
8625026
9728981
911083
9763499
9368743
7317676
4973583
8100906
5303227
2194001
1080790
5711436
6973364
2430243
1868337
6833255
591298
7535524
5361939
3023308
5630009
2970402
3120317
6582400
8849529
3421935
236485
5111331
7980436
5241183
8432677
1544921
9136466
134482
4214577
449902
7776701
2071099
2931647
4634116
2203229
8056870
9409473
2890253
6877815
6673910
7659766
4903323
748447
637819
8862863
4242711
3666970
2016269
1034155
6329708
7886664
9887607
6405944
4078444
8708044
84569
4747975
5560128
3811855
7738614
8955676
524813
1001936
6484814
9057454
4200215
6974665
3110788
4105630
1437126
2657575
444153
1860957
355956
8508999
8596665
9657313
7952911
6388598
6809305
2687785
8172540
6027783
1499013
533396
1583162
6206001
5383557
8014357
6783089
9869435
7955918
4508047
2288674
3275866
2438308
6544902
7458488
9125834
7642583
7984457
5161354
8172737
7583178
8084989
2225718
667532
1938918
4682605
646992
7098835
3438401
8541664
2453510
2849021
7789183
4815272
9670041
8085830
3894701
586171
1730372
8457568
9579589
2119149
6008132
3491689
8156648
1609196
6392892
6539298
7520153
9043751
220405
678102
6362289
3371143
8617282
4540448
1895912
8214932
9843803
1842359
3126388
7672438
17382
9496550
5209443
8400101
5544233
4029970
7050494
5225039
3427204
5213437
2723795
2342679
6989447
3660284
1751895
860672
4992376
8733075
7343803
9517597
5952393
4036824
5260892
6314389
1772399
2329427
2339256
7749563
1773018
6870428
5243814
8121614
8434511
5002896
8777632
267700
4038774
7396628
270260
9392766
2910091
9317525
4348388
5351028
6052351
1566747
3500956
8292705
2933182
9700194
8128434
1082003
6253677
9537495
7273852
8277200
5734404
1047655
8359240
9631943
4167890
7309072
3348366
6441802
5515578
1503419
5455150
3072740
9948820
1102679
8114157
9431917
394031
5112690
9748209
2836841
6884543
1173064
5307504
723651
3815648
1552088
872821
2993891
7563310
7925463
8351176
6588892
8293601
1554588
5554833
5795996
7973212
2829846
5279196
4953425
9218795
2291110
7634812
8654952
6490907
9337043
898423
5990463
5075127
4735315
6592112
5376342
4280283
9672320
1089674
2787383
6337589
5223983
9692396
6251254
9908958
6455770
9202419
565601
3079126
768058
8417281
7736990
1710096
9490219
3695175
5486403
2462907
8640793
5644931
4513574
8530973
3421339
8833521
4366872
9238148
8082172
90075
6545314
1775976
2419927
4613395
7861611
7440401
4500529
839198
5653939
9592469
2323941
1560501
2099575
768184
7952125
6974352
1526195
9723126
1092960
8086273
5865030
4136569
6889819
7913267
2210044
4453806
6082727
2460063
8550168
3711978
4050996
3030157
2366004
7718901
1803717
571726
1191945
973516
4587042
8834284
5500027
9838692
8536567
7483192
6683592
5539923
4116917
9946416
7674550
8051760
6715047
7425089
3074048
7791356
9451691
7696258
8924365
2801251
7488514
5771177
245870
146367
6469563
7074448
7375848
5700253
6638284
5691488
6241061
847921
8968260
5840214
7953969
698471
3578011
793917
1259392
3163013
657700
3712216
7005461
9282122
7755666
6677049
6389904
6334999
3569875
2435430
8619522
68181
1947697
5436364
4047786
6956738
6331224
8793941
1256109
5872239
596350
3151368
5880945
2224407
5910878
8276812
410050
1882146
1065939
1560171
7730100
1876896
909700
433661
1311156
2441309
6120993
6401693
4873119
1826467
3873681
7228109
6359548
5783552
1537714
7809974
112137
9770205
8718927
9609548
2082267
5727618
837199
1798390
9326475
7060051
671799
9258691
7716863
2265523
3333790
5096829
8264084
9677808
6040349
4114182
5116269
9355765
6960728
1376164
9793101
9081960
7707051
8343600
4555809
1200280
2914570
7139231
526487
506854
1002983
2923119
4840027
9116137
8450247
3970140
6232217
7820219
2317446
465462
5978973
9940779
4871300
9170598
6066496
7176533
1406269
6208628
7126957
6117550
90563
4629882
1348677
1670216
9488356
5886338
2628563
7786395
5950014
8844344
599302
3413149
825438
9990952
9406481
2468666
9161073
7919217
1759553
1412379
7644293
1350333
3907109
9626504
3082141
5687517
4213662
2149532
1486780
5303511
3465626
8351820
8050521
7935520
6620555
9966979
6504502
8465908
9325096
3101143
1678010
3909748
9665379
2776437
8281716
3666022
8996611
5460046
3876074
6159774
8293467
2122678
447164
7692283
1208241
5845682
7465744
3700237
9530267
9324159
8415688
4265677
2340427
4722579
6015606
9578506
4232846
7288908
2794692
650866
1365205
3123410
7407950
2212620
9121294
2340857
8380611
8476982
2680799
6869598
7295863
2876638
7189946
5319449
802237
1870599
3389532
4643970
6097464
8849780
6843302
5196467
4893845
6125298
5771731
1398547
497289
9009063
6600223
442757
2686617
2812832
6731305
8032437
1829814
9103596
7994605
8602281
8410634
7969258
2882782
4085034
3096529
6132126
4502421
3515405
3299841
7916984
3238467
6179323
8289991
3714704
6624628
3405972
3717037
6005195
2527308
4160052
4391064
3488407
4253156
8040236
1001970
8319044
9311109
786718
6219452
8645078
4151884
9451067
6529125
6033042
6025010
4695335
7097095
4486462
4350545
1400065
6247932
910073
2008103
5877745
4474493
2119600
2710282
1660473
7321824
2864071
1559622
4997053
4659074
2156743
7147067
8255603
736964
8146229
2398154
2682678
420643
2971295
3820068
1120210
8794890
3039767
3468159
4102063
9479738
9378054
943664
818351
9297074
5368458
2527618
657903
9095633
7751348
391
3722992
7480404
9606783
3926611
1472395
7052160
7689420
7997025
2108408
8460178
8101886
8322873
8672309
239131
8096628
5573557
3627198
3839864
566674
9130781
3698910
4969802
662119
1249147
2204868
2696980
3247509
6552422
6478613
6705873
6277563
6878654
1206084
9712397
3447815
6509095
8944976
3248670
1440731
5093482
9522932
1748080
2033841
2280412
1456810
8578321
5308292
1600868
8704611
2507087
2880618
4184615
8089747
1640023
3470008
7587672
7405452
7142693
3500898
9775129
4973234
4533761
3191012
1107087
9538483
865802
7124438
2460530
7278589
4857837
6649509
7455233
7051939
5319900
3549275
1720784
1171995
914796
6099218
7204042
6642912
7182251
8321936
871681
5981568
9870973
3465711
7169602
1819897
1611223
3918957
8490809
8371549
6458931
1022064
4685774
3311028
2683217
8153206
9417313
1786294
4799302
2717560
5068571
3388388
9565424
7871111
6556612
6806312
9603691
4021736
7306595
4125208
7913381
9651849
7030486
5037001
1350813
2579532
1476140
5364836
8444980
6606907
5708279
6449853
95942
2421151
4791802
193956
6604799
4743660
9465007
5819158
9411449
5049105
3719340
2408217
8659905
7459129
9707252
3468930
2981875
8560837
9878558
170229
1899730
2338907
488427
4783504
4368382
107930
6177152
4583865
4488282
6338129
1534731
139646
5350260
9504312
8995715
5136599
1813163
7698999
4950927
1599693
1905762
2607416
6180134
823466
9649503
6758772
3655957
8196546
490322
9236208
2225653
9796932
6645693
9003139
6458591
1504252
9889913
9178887
934080
241504
4115672
4515122
8729376
9220650
8219047
8761605
4604383
1997896
1033315
8355551
4479025
9860338
8210377
6822572
2544514
6472688
3985378
8646203
9562834
615319
9977551
9621677
726615
1860102
5420547
1671821
4571640
3837739
7092070
6668398
4893649
2294571
6416322
4279394
5102068
9550590
6225456
5008581
1100931
3571405
2600506
1139306
704975
2486839
6690059
886586
737457
3637727
215521
9154835
2675433
7428500
3376851
7409472
5636659
2412943
824249
686712
9415135
638667
9249811
7597068
9294257
6440716
2923439
8191971
1662137
664476
1614050
1096894
1874524
4008529
283087
4677587
5927952
3966645
2771708
7752473
3460257
6677584
6281822
4094337
425867
1759215
7080740
9424618
6888196
9528131
2979176
8906562
969556
9612912
6760536
2847015
8541140
8240487
6917934
2160959
2710301
5296152
8565387
1635246
6530913
2283447
4471329
5142310
1868218
8227732
9766376
971676
7893453
2943407
3171202
3689479
6694751
3737151
754722
7716852
7539391
1260435
860719
5012091
806528
3246545
653836
6457083
8263338
3391392
891611
4456048
6582744
9465763
5720709
2404062
9845642
7859934
8474199
5370341
9692273
9446008
4793134
4366200
1899564
4141399
688219
1889451
1212719
1038514
8266510
5569951
5638230
7649359
770077
4687906
3347221
410763
2975862
3721941
6741417
935320
7970110
8453762
854564
9391199
7889315
6362256
6461515
2498098
8763776
1509781
1903736
8112263
3350299
4539131
2918442
7042226
4450931
1049840
292131
3055458
9701709
2072240
6185403
5667308
8076737
3292475
301268
2875319
2757494
8869491
5964101
5068846
6528117
7887863
3293481
6514545
353470
2765966
7196052
9361037
5360304
5312566
6867316
1133158
3955842
7121766
5813438
9925794
5139179
3670613
2631017
5149561
2847792
6604517
4094437
854857
874303
1568586
7649374
7432580
8987866
3476766
3539315
9625293
3862418
8477651
9658528
9221754
4872346
2944788
3413341
8065244
1066875
1436626
100396
4675376
8918842
8310014
1024611
6117773
3802449
7317477
1349185
4018459
8280836
4470924
9766981
4352450
2003995
2645585
5937401
7831830
8975483
9562259
9201443
6519387
7893671
4512411
4798020
291749
3381659
6673640
8365587
7161727
910066
7943397
8459318
6076560
7761815
7882759
9090942
5647062
7165497
1304870
6259926
7982954
6502435
9800033
632663
1652039
606066
7245652
401496
7618576
1329197
8384030
2107600
9118391
3024203
6715599
3108801
6136835
8424973
169433
8788401
7528155
7913894
9223163
3413476
884910
4192365
7378627
5479696
1413217
3830074
4176786
4759525
3550862
6097504
2236080
7689599
1646900
4358990
116452
7117213
9940755
6843067
1332482
5311844
9641286
6540812
2614266
2164046
1510991
3666249
9715985
949421
8159059
4112438
4828310
7148633
9096353
3209360
4525817
1850123
3605646
2859878
5531061
2952349
1933992
9040398
8318644
5754815
2564975
8795598
2151403
3881743
8456135
8837634
9176057
8512090
4066159
1624583
8318999
931230
6205596
3585055
6979309
9794030
5448781
7830317
7890998
5372498
6520474
4405586
3222763
75236
8632774
6039630
961556
3008177
4162008
6891138
4136120
8519047
585953
9954178
8769151
7054553
2755664
1666647
5852626
556715
8418449
905672
2612915
3544161
2180379
3449190
4722089
9701109
9774376
6267299
2226789
8047741
5213112
2757770
4608348
7665276
6172140
2386572
8958249
5591637
3763912
1688978
282114
4860491
2760035
8877567
3915173
8229299
9659082
8483973
5450190
5060284
7665555
1657829
2581963
50779
7649126
3371887
2019210
5884851
8153039
6801707
9022624
6630929
4135839
5613064
8454033
3498338
861287
8721582
6023426
6138302
3144476
2834187
405706
2479359
355815
4545369
3035100
1896914
9222755
7176040
1478577
8295436
5992281
6505201
9037925
394792
1600554
2581008
7160012
7602841
9166754
6114265
6981873
9238976
8947569
2261028
3587024
50693
7076881
172628
967717
8719266
7266674
1052745
2195545
5307669
6313535
8784928
3794215
7841760
6619707
3168851
9199674
2906384
7100870
801545
3351945
275084
5273985
354592
7535165
4330398
8928772
5579842
9733593
5034051
9310420
9702061
824670
3156291
8289239
6672378
134800
3621555
6258036
3381912
9506806
690823
8160223
1935600
8611980
4529053
8601077
335131
5281333
6153268
1055427
489014
9309619
7787952
1619223
2135656
4955550
8773811
9317339
6865143
9215198
8856135
3007601
5837823
9972594
3495079
2086814
4290123
1871423
7615140
5257542
206040
6725736
409795
5095592
5459026
4811921
4774328
3378873
3808776
444390
6625395
3471018
1662093
3664113
9430741
6678537
9862467
7628721
398932
9898379
1408785
3737603
7590403
5124579
6472551
6883170
3159326
9776064
7786705
9148096
5484844
3121033
3378635
4473328
1409721
7958008
531686
9037493
4920548
5220900
5801339
4531460
387141
8796260
611113
1841601
4306604
1403781
4896267
280002
3216869
1919227
2558238
4540107
9298603
1329749
9867196
7159401
3687195
6553260
7742116
6653978
1601662
8498016
6394707
7415759
2820070
8394040
8419889
8813653
9819870
3391176
7085279
3141773
1038683
8021779
9828387
7821411
2944677
2713486
5898369
1699561
1024009
9072819
4511419
6666997
6349154
7359186
4755662
1952405
6382401
6586069
8493388
438862
2119797
3067587
3479374
2942779
3489741
6771669
6748406
122186
1858321
9445435
2603452
6860748
3485416
3654380
8628644
6098226
3921297
2711839
5561672
3403340
4687256
3799914
3014871
8120210
6540727
9149436
9805648
2292091
2346981
4168442
5323868
4414920
9040739
8321386
7688746
4721322
6958357
7952737
6381977
7135197
3413077
2802225
9178840
4881783
8383093
7760704
7485507
4654926
8585965
9715472
2468305
4624261
754710
8815312
7716256
735293
5146231
6220431
1412540
6621635
4224248
4618277
2161230
8361130
7090901
7488031
4827567
1243182
3338874
455918
1075953
8420698
7137364
4101878
6587515
1537792
8129383
2980648
4640133
5544679
6969310
8208445
8950111
2892298
636893
7991549
2581281
5919769
9191746
4774367
7019209
3369445
6631393
5389802
7946272
3766952
314485
5203511
9304346
2435760
6365403
7583616
9844343
8249709
7635252
1074662
5180522
5091157
3907362
7813041
6854125
1210551
948491
5620086
2855356
7464521
3740752
6226564
490076
4308204
6418750
9449532
1838792
4137039
4198020
7597022
3523807
9584624
5972432
292362
8808245
6566825
5183905
1785535
2915902
560719
2646424
1968489
5395056
3380616
762361
4018945
4155752
3397647
5953163
1683880
1624511
4037723
1198461
4276042
8520801
6510864
6409600
7381618
9440758
2539462
3371800
1252491
426050
6727201
251360
2653379
5454738
9837866
5942319
7350846
7722534
7456032
2571904
4862901
7245636
3249404
8445189
9946945
3524280
1515285
4914902
3772259
529754
255334
6420848
5159804
9977006
4867548
374658
2493461
9531602
8576518
2124967
7994274
6155324
3744389
1786895
8945922
2163035
2084964
566131
8982146
7706675
6663925
5891926
1593884
8526661
3383909
6888950
831164
4850005
3430077
7907111
9747510
3250825
5885119
7151357
9411184
8669321
7960899
6427013
8457453
1780313
6721453
3961759
4832819
9069861
2525598
5918833
3923389
4724979
5417255
2914448
5011724
1025451
1564476
5944996
4333657
9012326
982054
6855773
9755874
1814265
8983596
9519187
5801831
8038471
101610
7535284
7373615
2090150
8984684
5693423
1705413
8304116
6992158
1673241
5073339
2346286
2240017
4039900
116668
9901523
8026845
4471714
7833054
1308473
2434834
6784573
8996533
6348061
1010082
9776843
4039498
1106514
8627977
3298482
7497527
9200649
3726375
7955240
6010937
4406323
53764
3481869
527453
7511584
1312705
143657
6585920
8591235
2623618
3705119
4167853
2969204
4909675
7827900
2025091
2932371
6499230
4993141
244604
7983836
4347578
5261017
3595503
1875221
4245752
8252432
2811244
4560321
3390711
8779503
973207
2466538
1983124
3614898
4423668
5889103
6840173
6850131
4815815
2173411
1991574
2729617
1020014
2574146
2914740
6957555
252409
7386991
8219911
445091
1104479
2474777
9829718
9148437
1929433
3118327
5372057
2850121
8093892
4784866
5841455
4250908
2315714
6958331
3330006
7864755
4872406
3770869
7608723
7065792
2653522
9209462
7785579
5663618
213560
9165105
9898776
9412185
4526012
4113028
2747761
6460557
3453357
6865091
1215969
752924
997385
827440
4888082
853677
8433417
3100001
576192
5225410
7351493
2914336
9466472
6486885
8871364
8834180
7970962
285955
1102696
6233081
5718062
8445001
8554565
812735
1924485
4364038
1599329
141578
1764989
575772
403503
3570133
703155
8067570
889858
5587945
2698633
4845324
5835134
1973427
7327355
9665653
4444455
7949829
3366005
6371612
3764484
3578228
1905617
3939484
6611588
9034270
6549375
2912700
4955244
7705935
9466065
2628617
3724767
9303198
2552910
4638865
4654107
8047422
2463153
4610107
8475207
9736671
8815516
8740929
4321255
2699336
4588244
4435149
4132199
2169703
6551447
294195
4972503
2979126
9286060
3159859
1849529
5345304
3847427
9759272
6548070
9132643
6691052
9956853
5931072
2493711
6673801
8038603
1323461
3645685
2528710
9394946
999270
2655306
6941430
3228063
7880709
6789141
2987946
4782041
3575052
8519280
8978935
3848424
2427524
3677501
7884304
422999
8114172
7435289
9314906
8435561
2070270
4039532
2331191
4887781
8661256
2672900
7237589
2840350
9133922
7373675
1285588
5897824
5997396
5555923
7459639
7674229
7789087
7942930
2093665
156214
785692
9641050
6893880
5929635
9845833
891395
2270432
8728465
6085722
3714906
6844206
5821518
6391148
1559773
5949712
4838120
4545722
919990
8037332
1989467
6142658
69025
4894648
9179879
6162720
4467765
5891461
9861532
7811577
5827121
7160152
2814052
7413903
2789725
4524799
6835764
7868274
6730865
6127352
2196613
3375448
5282443
6460063
6751021
2505985
5119782
8444898
1719700
536029
4705744
3851307
9356625
6210724
2584941
1771233
9553321
5559501
7552545
5792258
7289576
1292378
2753000
6790138
5142153
1050363
1122343
8585709
2499567
7457087
6303365
1330249
5176254
2806644
8832864
6989906
8204761
6992887
4063041
7949966
5793783
1461229
4704911
2613885
5497696
5181389
9024220
314544
1824833
8407130
8300877
2147927
3788459
8578043
9841315
2927403
4801332
8667218
5693928
6812585
3888035
4578549
7802543
5408552
8637521
5039028
7155343
3654636
5553319
7968921
1369250
2354811
4151343
6690160
1308968
8687595
7641042
247813
827490
6988667
1211324
3980368
2991855
9144477
2601914
1360045
8538720
9506120
6073209
9708580
6279131
6792022
7369384
7789269
5289702
8485250
7853268
4376478
8379340
1936145
7239401
6640039
1276089
2322184
9881159
3118195
7162820
5683872
422149
3931776
2941414
5522874
2186284
9243694
3968308
5987203
2394983
9867560
6587533
5687614
9092588
187004
252219
8693145
2894420
7042854
426015
5820731
2136669
3950901
7841865
3783521
4157431
6186727
8159863
3442076
8184026
8743536
7016354
7672377
911039
3833619
5808610
1365321
6580265
5085566
7306069
9543848
4699143
4397756
1863715
2786028
2700580
3913412
3071014
938904
629114
7851180
9479102
30144
5932791
1638526
6317756
161419
5021345
1792544
7704280
6298777
3501817
117113
8501746
4461
4256218
9509498
4600911
7386886
7062857
5254079
1135369
70076
4281967
4794406
5635470
1010359
2732591
4733207
1590372
4682477
5270756
9247784
9280460
1356248
6999103
254206
5707608
3420702
3782588
590096
4295374
8192486
3396407
2767480
7709288
3623220
1235890
7570815
6594458
7354847
2460576
3859832
3519739
6275268
3470579
1747628
3820873
7117437
6443426
6091888
4077599
1223114
3978868
9556835
5940789
5874502
6027180
6121425
8396879
8069019
7651831
5802698
7806309
861739
5695623
3303482
8922458
3843854
3976418
820928
8074802
8456251
8161961
3438054
954374
9268835
5976589
7469892
7044779
2236439
3861592
5508368
5841476
9407862
8480542
4967148
6842006
51754
8903966
485345
1076036
9804820
9381923
4586692
1593214
1130980
3681188
7757719
5477625
5364555
9448804
8442276
9237093
9928117
2372317
3709564
927252
9657241
4266006
6408949
1839909
3275036
6562637
7113704
4443661
1387206
1959456
9170789
646020
9307616
8485457
5576747
6655101
5600088
5826859
461202
1687929
3723988
9776439
9005490
8417338
7115855
7852618
4644062
1382949
1710099
2120179
7609489
7523048
5967363
7011793
1151305
3685702
8911318
3723742
6624704
6154283
8449316
8042133
1680032
769185
1987403
5418996
2443759
8298662
1412054
2076153
694784
1937022
9231639
3835855
1679661
4973490
3407334
5470882
8494587
4061587
7605451
2106235
6792747
3773090
3706782
681935
7630329
1159726
7730040
2780836
6704261
9267459
356349
2269297
4335701
235886
220687
3751657
2501746
3525477
7706588
5201563
338227
3430407
3440505
5814031
4511111
4473346
980715
3776926
8016805
5909660
2957331
6410568
6670849
8207641
9655717
1494104
1018662
2277215
3700022
1214832
6018304
6071842
6954459
7403624
589710
8139604
8045845
1311299
2325700
4547852
1569977
9452808
2200583
4917159
582777
8321327
3215466
3785345
7483548
7620273
8772542
3384148
3703783
2877845
2559161
1897128
3491941
9383780
1088167
9131762
7861906
1405937
8150228
8361560
4911892
7570676
8039072
4211577
461945
7155115
238732
9685359
294316
9597111
2257130
5302388
6156050
7087456
1177978
232457
3894216
2674132
1277231
3608778
2897487
8320269
7212529
7450648
3407000
241014
2521058
1193728
6671507
5205981
5614245
6078458
299754
713740
8573820
9499750
8136869
7376864
3621600
812524
7819630
4953115
2287035
1493891
37217
2016218
8290771
6591322
8633773
9645682
160728
8365333
6061004
1940845
3000021
5820103
1320329
3872360
3609791
5957777
4123581
6785642
6830998
7658204
857107
4144405
6592258
4315062
8506673
2767508
9570929
4212932
2188118
3589029
358371
1707748
6247748
1878604
9469601
1675231
6288913
8246153
7356176
5917386
6530917
6826974
4710914
5767173
3656181
6350912
4577058
9861826
4947089
1219920
2039119
7994579
9541851
3945873
7918997
3724407
6381721
6515317
3124966
6065368
2915742
2550732
5549368
8497962
7949024
6124521
4010122
7660765
9589687
4335369
5248080
9571835
4728862
8485278
8988575
127534
6261797
7914223
7068396
506541
32032
6866870
9629803
7567539
5887117
4683248
3167516
8972478
121833
3105472
1635290
3852668
4604938
508805
5549741
2473968
4121647
7816555
9656361
8227248
8449252
9277026
8684787
1818178
7225207
6479452
7108177
7188863
9921117
2603114
3330309
9080785
5182414
8386525
8770201
8993231
3741543
8064676
4452598
1286821
9769230
2487970
1608052
7566079
213093
9082680
949155
578632
6572849
3747716
7443371
8407209
7421915
148375
9728220
9976614
4827770
3109328
4316860
6153571
7558754
932130
1528270
1636825
2297150
6265588
9998837
7515771
1717039
9262371
8932873
6775219
3332263
5445072
1756503
9152568
8111074
1681900
2405751
2603198
5980910
8066789
8801071
5118750
2543330
9447935
1071863
4973000
8012197
225710
2517763
7976871
9523189
4431623
750253
8054984
3811561
6720686
4757034
8790155
5053091
2380644
5703226
6157319
2445098
1449090
5941286
1822974
3961175
762762
2050964
2197358
3365611
3218504
3432284
4572513
9170744
8304937
9744920
1753400
1246596
7988251
9516486
5191455
494818
8058004
7182845
9858106
9501394
8238273
7598037
7959765
2639502
8420307
9648108
555832
8694556
5595749
9936521
2635805
6254208
5249282
2807002
6247016
530347
9293143
7001040
229707
6689062
6604927
9550257
7661955
9755917
9308253
1546037
7042205
9440473
2155454
9972910
5715525
1711110
8623841
5077407
8868394
8102830
4906476
3481223
4638282
1839368
2799028
5501861
7392877
6600611
1744433
1198153
5995689
756438
9464243
216487
1700593
4166135
6173987
7491143
2664277
8816165
9968611
3738231
6421811
4605937
3229091
8378489
5199226
5909824
7255720
9207136
3338703
659875
9262438
3367521
6245479
3512480
8214935
6359620
8778884
9081832
4065015
5166614
4937334
6556132
5729964
2773063
8211412
6315777
3610576
1593366
3609683
4866851
3706883
851460
9737515
7628839
7708856
6592619
8186044
4936340
784412
8508362
8820396
9518942
3264633
6037255
6632133
4457307
2871435
2166391
152429
3057981
6157332
4543086
4419216
59855
4704348
3610122
6039837
5484310
8226971
3115902
122264
6200459
884788
7996044
7403016
7350611
1161819
8637998
7822159
5405072
2283792
4590910
1189779
1852710
2637850
1400025
9517603
5648029
7351197
8730706
6549388
5729213
1466993
8965729
5343612
7533096
7821797
3881665
8934027
4814119
6723946
682779
540310
1575574
8517907
105338
4127628
7762409
874855
8329944
1892024
7795303
8206131
5172493
2657212
5024350
8005167
211047
6622856
7522967
6633719
2295092
7256252
2372838
8217573
8206213
2147392
3736002
6159982
4967101
3428071
7589927
1540260
5363446
9755224
8959854
9224141
5375105
5014650
5258461
2357186
5032956
2552821
1014739
7376425
8129547
2847348
8998402
372261
1184573
1327736
4372352
443201
5871334
3408956
6756001
2462561
4841710
4117081
8707397
9489049
1484246
2243694
8879885
350250
572082
7461611
7954640
8238595
5935247
4758936
9882529
5194578
3749805
3595790
297986
7698068
6793487
7159546
1094922
6354125
7013365
2052337
2838538
5814028
3349446
8948681
2842093
5308097
9036460
9548240
6634855
8938381
1046109
8495846
416594
5455191
6057426
7621709
4097135
9965145
2671347
6149160
9606059
2592508
1674754
4971783
1937954
8052632
6476140
5319448
8272732
2879134
3735208
1403515
4197480
3416722
9660191
7491629
3883317
5532140
4011225
9007276
3330396
1597550
4699554
2058393
74337
9719066
117633
3016835
1298430
5028469
2774653
8969456
8994289
604837
7272840
3224806
650484
9135578
5966196
3863436
1076093
5112049
2613479
7083031
6810446
8804202
5438798
6796074
7739505
1472584
1040519
6404845
5988308
3636697
9205887
1570115
7364259
7430744
3193012
3660300
3904427
8860288
5689396
838631
3436969
921439
6673449
8739104
9747707
2771199
3781533
7626705
3854384
8011970
6044495
9775218
9869501
7807647
9208837
9517717
697270
235850
1688091
6319753
459262
4970569
1182637
5780515
6612465
9749269
35708
6761776
2656007
5846485
7749558
1980794
8565362
8077836
9016666
8089317
6859043
5912283
7125902
6697432
3712828
2620243
5444644
1714828
9223856
5594732
6996481
2954392
3975701
922158
6377136
3583916
7890416
8265808
7981331
1164241
6516425
1538617
2778424
2324932
6578756
9532876
955584
4946594
5415142
3878320
203778
6348530
6161139
2333667
3810468
3543938
8163192
1320364
4457882
3412934
7818852
3252870
6368482
9183718
4516306
5087694
5687739
3512305
332520
9167721
6533701
4663827
6305988
9151272
9895132
3448086
9784149
292675
8886026
6026196
1272297
5361369
5794191
8321019
8973584
930279
9827104
