689009062
52811048390880
4019969624
8918980
192479857026
5840766288
1069969602
109417089320
97236
26726080914015
3970556110045980
10021418412
14388
104080431924
515059299348
233951470900
14834253980
29579529276
723217906444800
1487380020
1915329600
1344179865248
1676520620
496944587864340
5286270
28656635
28490028
16718184132
2200289532
334361040250449
780070139
135405
5678676948273
57283544760
287624596716
1022637150
741122928
1124174436
869399983816
88285102802
13627152990
530670558852
1083682628
19503998712
157702149
1399980802638
31354788
530411025599
1350385292850
265915870
129849762
8501124780
2434583240
222356244804
106477192659530
1158637293840
26626659345
402626273595
676484900444784
81293723722500
60390
69871222996736670
68087964120
36908100
2601891329100
575940
295946160
35203604172
4289678501472
1966848245880
2523545513412
1541174394
2915431049436
13708525951036
11693764772
946059860
345581010567522
1582838061080606
30310
1509230
379764
1014420
2658720270
221466361678980
1247867940
1193430
188682
7969609179405
41629947117
3421604110
11350986384
56998072875
1953574128
268461592
19317837
346464796860
13364624
40428116646
9281785688074
897017901949173
80046474690
178251516
9992840088
7143724097466
570570
3039928413060
9999005527902
477075036
701174826550
749869359330
745584
33820330386906
1364541245088
126473880
480751722
206647835332962
11441274831456
21472
17080419255372
5082325656
169315758962944
58538438666280
456428564
1047877864320
21324553793550
146624676
24081094
270434340
15369860
378442534819
5845849782
3010348
61194386912940
75072488106
287745872760
11602828615
2353465938
5472762976
56958645525
2456764350
7760775
541192806
833606685470
1780379370
237585150
69679984500
7332345587058
1845228
15943785
26988617087278
13907901210
300446256
237371868
853881226467360
163790066102796
327131415
1257835300974
757033208360
4151223360
520043538
268836889812647
403704
2310084
22515
34222932154316562
314891460
422574860
565576620
9002245
52287781596
95861263540
3562735859340
25687459798
370462119647620
740509683905670
300501161649
785772
81589679844
13910105232
59130681428
5219851308
48081
35520
1834404792
39852080865954
319538519622
20800401
543862704
563631978
577597761366220
151202440015484
119560951092
9370453651020
14826162274047
2685389070
106110279080
404544
2784626130
89665408
168840412200
287166755778
28625008431216
1103725780300
83780317132
325584
76562472
785310
53900112
137449884
73350986904
10214076
1944065120
5234380462428
6886851765958
167636298960
60970538800
335119547289888
47620447676800
27121304136
1082623336
39935938812
8397288
115779350
11608362600
82632344630
554899167781140696
433029080
37717910496
3943345342632
7765496640
267491278887630
125265638677140
67034573424
4906007628940
114093678648
640143228
1709550112446
329098244340
4275529920
2572735035
371995
48445060
2721038980
10116176312
2808011766
1810104043308
26589876340
52402080135720
184412659500
653347117782
19023808624054
45746568
926840925
315520740150
836763715710
19205370
883069410
547892525232
2288880
1756440
152848759488
41532071994
6850670377551
338383578
1033067
146792148048
9454380
160975274845
597876988707183
43589792152680
3562898658
96294501905
7346281404
3362531546880
10087860874713
1523279147372402
92186657420
11388618472
699862800
10569649350
103845860
4352074796930
10208190
374430825315
11487388185
5493553170
93981240
136162738860
650265660
4972901623600636
1847370
279090
1083546906
348453336510
3537486033
10209500338
297442058550
41639927022060
228310697
440148762352
780
147879368
768780
31923786001302
2107530405666
2406168
6781540056
12417602076
37103292965
637703516070
49212120
22561025
277290
810528466320
150124028502
461222203302
101791180164
86287707075
1987265936907174
1040405105
11495363725664
141022
12361617480240
4641923269360
15272141749420
223905549
53292360
1766281575915748
40705683
129899725290
3096133425
2728394791200
1247610
14435149240137
1287703553472
4221054959010
728438936630090
13887260856
538590465
18715579497
1343807010
121308200
598073162232156
3672936628390
3187383262
41374071256
281241720
467096401899
1345646224
11509844500
35235541826442
1883112
208187009037420
3046440
53398070565264
29362230
5373983160
343063968520
4857990651150
105666453168
60481806
7154682640138
5930007290405640
81438146190
8970
846404045
818143861831726
156674928356
192070942804
200226180
100130
35515948821210
49154292
41086401125938
2254551254022
184824922590
6880949696068
359404440
670542
8757681780901172
506542991500
3080653569453
19639929678
17433201184644
596561228556060
9371262320
223716802752352
1046491229700
1885209324
19734
21562740029320
21875210
1648249038472122
289334458
1805400
20822350
68686800
384626550960
14758800
60157752135418
3974760
368880
503208
398117463570170
372775300960
11259006
3735
362551665414
21849305148
232402021098
2949251449060
818640
675949078
167848687490
16243480
9749328642354
10416
18535770718010
39729054728
4711591656
1484604
202572
4344319434
6085548
25538660
14491343334318
11935650
5055933473910
27429541825
192973906125
34088551140149
3815186988
88735794
289862100
56310846193
81700360
35417648772
298466802196464
6761062
14806248600
227267592607
9535292010
84405
37747864
1007149080
378951496
24874151624938
12342710651436
2843337360
166632667488
3221122566160
11312404740
36957875895
99277387350
403308922488
287122634288
18556667120
700937183
52909220
36019896
3500054827620
38850272
161122755643234
4041180
2010828330
404624688336
100633961736
13613981352840
28228144620
1546909622475
20569074294
62930850
111360999340
35855316
38776012247364
365618995270
88041902650
1602390
4476101070
2450477120
1370587680
3829879854
139785030811892037
631915753370251
234477249766676
26481107772
69654
2357914253464
897690455416552
3804560
95231460717
212474669634
1472510
14508
68690798063533620
62403600
90568592
3629756
57233232980
504848050938
7290795672
2752926345
2809471666000
3079943740448377
53808804
7082960
322001239974024
642645360
2698036665320
4521780
568528296
79297519560
639827562
15798030240
104773260050
67265133
159020262780
68640
617685118338821
95648432920
22403280
70224
18857937
113398293433600
8894933290
177590514743970
48870155523840
60518422052
1993625318232
2515292364
36128092
757851556
111405360
5880080
1350534238
1940565069996
939454259940
850513665287
182729663834268
21240152020
101003257608
2244798531
52492878672
84112986188
1406050074
180799710
24641970
37999919871661272
2514890
534232509088674
339648
308935733978
27864036249
39875221117440
275129412
37633076
4096255472718255
1861130220
123385860
845999331
2527914953226
7926930
14172383097
1848094520
136858876
2147849592258
377369467860
29953613653070
899079147774
271100774
41631810
3628131282658980
2048200
6291979217374116
84792225960
90219043680
1123381956
144506819272
2406560625
68064216
45207582
358980
4253323830
16670004677046
2623174915345102
5116840294554
45398322277
419534520
842216570190
33132216
33203911588
209565350062068
23622650832
1730175
6547648992
814377418019
228214498
360
48195351
31968452230
13064950437280
1077642
18749229660
364516223243832
13497432
5861132394
10443418074
299004374646
36785465460
423028650
425713596
311017800
5289959485106
622716902
18889844760
15480675
806669170195
858056200008
180810
17907726346634460
24442193853
2947771134
1029255543736434
81758674425470692
3685874583965
1310366422878765
74917302
21196334100
4128627990
6143788
54555108335
109705957624
175125815660620
1035977460
2173307115475
958074320940
105338134155600
5502856
915674281940166
1189580
4588980930
522463980805098
156141940
26915270765859
3160628856
1355064224080
6678771
98978645712
6069419850
1083575256
72653634
894387510
116875813173174
76476718989
798756000
30182289130200
8441265629603196
3315389878
498465605220
3456270
129671220
350646780
2763194190
101468882130
3494261819390
210078528603240
671616370
7672797
7803037975460
8304649919214
835710
62576955948
21248916
4549974
178570934995926
358610868
668897808878
4721502255794
129742157533230
1650537070
79066
344566200
790658328
17232945580600
1860565
4354612117284
1155710257338
581096280
49156250140
23575314492
928004735288658
2324073672
15996939120
15202824901446
141838633430
152036752059
27703943358
1155
177583185360
205089372
153753419611116
13489655058
6411626558505
228351580
2926152
3356556
22155698880
5984316
1814868
868956
9585355501239
146673290718430
2605740219720
174392059920
226187110214
23774528310
3762217404
478789173876
181317808050
567378
424660953348
16871060210386
10664140386900
69923790777750
11739126152
502012654
507275730
110169196898
221491116
130800
222961647370
1532311796580
48343539
9766484424
4053312
196019262
2239133410
6090
78821820480
1403110170
2512445503586670
98099617
918104
1526849275940592
3962673591210
1224996581166992
65067160
547876680
15935560907808850
4583670
181789710975
26994671800
30519921840
229187533268
234270626834
24042675300
13086540
250895574155016
70804243342761
13860796004762
78517312172
21355101772128
395411940
17285665440
29828520540
8128045663
8198880
325260
3885960
56212
33110
6832522492356
29488200
201544
567441059171693127
659316368760
10637970
33527229929688
1176563365427010
302078280
1546339833
40939505352
3566024
545490
2531856970
545471246012
17580286644
1157111944560
1344200
268746260
25840
29792508
134680
2143351858098
594270
25626872440
10333775699814
477038100
473768412660
496916560
217458886634
1195101600
3304284280
355603955
5932022400
62817358813440
15396220
46936575015
1621860240
7859712
27046727904
31520089904437640
52650
882840
62483010720
6089238370
443190
5130303720
258016990
21362684
396965240
43320
22190676344784
507843668868
136515310
2065703094
728474432
1781454082450
339726384
1416984
249771836196
44129890
25428156
167415660
148444
26816147545810
60261508745322108
15759873169600
1202917692768
233904012143256
2363908972788
41954748630
193492422
45971252144285
3211207781745432
1183283703
1103391376035130
490130212
4743144
2030563704
4543662240
5394917
1701831722292639
1581926809944
181830
24864
1099989
7505237675682
39187840160
6354628
311449697362
161561118420
77759780
80532502680
35332044385079568
19782432
33782706366
56251819620
106797132
4446860
10632222526099860
29030500425836
36677730
30752865130
8610622
89188710
13356975960
220629024
20084615730
28827139351710
2330020
89225846490720
4716108312
25324530
3106498123560
158996177360
927280
82060709850
156144979222356
139028331344
245164429
27720
42500434513360
99634344
3107640
3204350
63179772173908
20186626271369944
1272244016794
58495760
369019360504340
27262048
3152844
278354880
320386305096
1001097678
1971480586200
56268461925
1251190003680
23042188
2994163620
12453400
698994450
31680821571647274
981430083504
244545279
5840661290384
1141140
2250417
121275568320
176258460
8856120
547440036
362319
4822685190
209565345
9540506556
3466938964792560
1571691384450
1832627116320
26823365729838
2446872450
5815495532
3280061631210
11834513460
19337844504
140676304
40764269940
2340771793360
267988428
1398281661
36220406222
6398416140
167977040
10059172546108
9349669560
1898512
34830705
11575895814
13422251876969
48856288
149050488
3132140076660
63618237975
206222025897
13211300700
179238920126226
4321052065120
12579832165026
1890162
102308257576
8785174
45840996
2837718404955
2273807520
17211434100
25034709877892
179484300
68306
284202996
1055136660
22455210962
189523683306100
347392951206
560899368
127670424
329233903334
853808661486
25275175618
27400092039840
603978935
376123140
212328683848440
74995269871389
29599049550
5505890780
51370680
5857836600
5178222
30124510
26631866775880
330144
6664587237
1287772990277180
1533299988
27115
37788048
6446779073991390
829744692
63137781
21294793907684440
766772370
303079508340
40774
57095782548
3003
9631938918120
51104996670
3186
6533823138000
762768115983720
53931166310
5792509341110
241560
187320
14456387996226
16637155890
73218951029
286023214358666
7329168
4857131734
22852997477205
3714031003320
58050
81803888290782
56361732
13814145954
708612160
273963842393175
69526086154140
3561303
62280632041350
6612
1362637813200
928248240864
11696857824
13701660
1196581890
154388155120974
537427632588
32378725379813218
98300594340
2188920
6968967087
23016370602804
8838168535452
611759577000
685209008
4656764149877431
2362429857590264
60079292493
7797197056385016
163020
244875741707430
1778508396
57349387458
261812838
397237787496
1393033670
2008250863920
34906514016
76224075308
341851756446
21976035510
12540
128540580432
4416690372000
50023050
1015918449
50766928787784
2195259931524
44226
9622548
229663346666600220
18384806790
2103486
1032042
13107732531604278
784630080
4600115199
3528274572564
19811970068478
365263445046
467310960
1568930
3162408
85170362940
94425646
3371640
2987811450
827710
10417305744
22199281560
12865673393100
1185811578490
185279094
95615734980
495552
154675625940
3233014
32096
17111387386460
3691095714932760
29393
5451598
20283516
178662900
61095216
38453140416
10445646969975
1925947254
5183712
473633040630
133550486418
862908272226
130615873960
179805045600
23863922302703
859077484
327114040
624167010500
286392424164
371735626926
7990594480
15695680
1235158370320
10680
1634739950
1933255881420
120
61677
3645950
328890
919710
3461609033766
1917516161118
1978619103184
3888610
1031368260
59120259588
6261196428916
693144687378
4080
584715315114
1923377702821950
11789741403
16789971291416
127074244527
17597820
2365470
3269190
1069354468
1145205587302
1214390606
55715400
17391153065
470073455460462
4313595931725
38625090965208
1470220
6107224263868
77221026150156
2327182
8197061049632
84028970256
658017195524012
148833135
753159190
57574042
5224440
61445690460
327096
510926364
11276519032230
2548853916
90373928736
218945064
9248189076040
23119490267778
3070886
64448
43599960
35475
8599844633723595
1997412183210
189128794740
14249518821182
129398
7876107809008344
101786300
1559919483
21273492310410
3067457727040
1404859950
11286
709656948
1096349505535490
20159898
9660
186861909
2811953288
14807058119334
188293584
81119790015
314497346540520
658749
10512216
53729630528
875530804
10151682
5766929142
10080
40067181
523438803030
6401766228
87375014009514
102110062660
6539710198
13260785140
4239268
53739792239325
71456
119283659880
6328174
224975699903780
30920205710
190262589
21301252106225
601212626300
176415
2028855450104
573248
58947746
2424953858
663207886440
6795864687276
2921940
122001400
1126650
613745031857100
480748610
46843170
3674173004
15522224
881770969035
9737401813620
37424310
3555552
2021878668348
14990729832
221046418311
125265853268
126945
106283345040
90224199201790
13059880470
76533698800
27543186
1432705923
645286488
235869627277614
232112316
7074262
18990675
11318400160056
34874923639737006
54739608
2743780732
7543088970
5581016532
26472000
6489562
767556
1265184765
36550892878500
365412450
274626725582858
37176940238
167829660
7765050472012
169837512660565068
7533420
773010420
236877220
161893404
32888890188
2244479070
5888593684925
94032
100245950
34523920536528
113261839607
1694977638504
33965998392480
704
17749074
4541492280
478844
8049762
1614225545086
352857360
6348599563040
36080
5138587923084
37883820
419843542360734
41103004560
1041111400
805450850
18480579712080
391690530
26103870
46528159296
1241376
1167607995372
288439263602
7861614816132
1167174480
77938005060
119545360
91080
772867914
20120862708547
3117542905580785
1506247987410
2092176
54777077684924
85851922164
96831098096
1528035558
11329082
53550
3708810
1942263087960
24849041476161
7600286877240
5399328
85130163163416
201947590
352012372
6305910
19822
1771337820782664
64890
4190700
8485151598
27955800
17273945
25370702115
12636339318
40743
292108350780
153381451410
742789180638
19825396500
330360891069270
509320332
11309376
17492271969810
667557356376
479663208640
223216061528141913
170912316854
542302767366750
13685562660
1147562810
25719117748695
100705371
432405318996
44601352614
16926
3383608522
308062920
2436
183859065
1281693098
287803824
507523695
3300
3354074775
3825565488
32677722
263029046073761012
284871888
25881978684240
140444700
28550850
1621563706160
792
123684730
55609861593
15036210
59640
8235357936
29274600
2991540747
286767
43120
4412438940
323298170
134864334
5839393080024
720397656
15234065851356
19027564660818
453579724
128677264235
549141977868
117764436940
2448421300
43274730
1575943698500
178723895487788
4054923
571432043255700
3830278574362317
58726729589
2236849646262
28051187346
83599131246593
45379869150
104923193771196
4490199155
1975651974660
55686696
23156807751
137193680
339578380
227700
15579280
36204168
12786315219765
8426802726
23877585355547
162016978030
68696586816
210241880
257752760
553642959518
68832
999016946
2343102420
28189728
39428030760
2260551972
516150
4245078011395
140593950
64920066204
2132130
115223796359217
1099710492
186354065027138918
80793789987300096
948970325856
204045582042
6120
657715783576
144938421600
23508285645
3021760
6877962
411604283409
6549713326520
1917209910
352152
83793027646296
1398108768
7412934308700
44948066572
5019624528
53256477
7504320
8672474
10177860
8130265869388
591502740
1812009232380
275272045968
4926049830
750321336930
962368090860
2403357880
46777068
11453540
114433532490270
56912473137
137265371598
25275732003684
84891048
216740406
1185478761480
898510536
866018498618
18866806
8306737133136
12749310
14386120384910452
431739
133059682668
588189074
532666260
56973253035
12123572665680
1122
2850347123580
1154363582
4311885348
271934208
8319304280
2775317091390
1286589378905964
158758099074
7403286
326040
6689679309404
7345600240
223881152772
123534090
51336
26090150
304570640
204584788190
163722565518596
19511772
15677714
104310450025841658
244398
16051834354
1107842040
41564912766
9663846945
207168
47416017726
1883096592
58883384770
1109880
815425241760
173896060
49581614214
285067560
220384023990
273649574991
13884
2940070
5468209421280
509284751235
107938236
6526975910
68264092
23402628
42765430
1566704545591011
172347958560
1165648
4747267374
15809509022118
626986935312164820
257413921268
2950257843
498960
144820698
50611619829
2496578010
1001092470
1647872061134850
7056
510978331412900
314707409510
2620884393216
29920443488
33306
998146380
4310827625750
21792718
150720390
45108842128
5414976
27327278292
1669668
16569101733305940
124973885282836
913941089852448
653873472
107888314072
5954188350
66274131
180371940
803148690946920
1016737338240
600955902400
170891820
14434915790
4174740
667931178
591054807314272
19688310
274280056710
1685561465004
844163025837
1028737315445829
78207193883280
59982392514
50817780
8565954870
29671409325
137278387960224
6925018128
2203487823160
42907774308
464816569350308
11841665640
5660829
1978485966
1205911566
428831026140
518244988735200
592684093913392
169395450
149290296
3024
42633271668
9830070710394
835902570907120
501640404265
33965010
72306663
317472462759012
28409684640
13003466544
9073702005144
275862617730
1298826828
568152
1049299908
12488088719040
577868844
3142151863926
75532699974
34490876130
456818101620570
21606468927167166
234188081280
1175988
37653848700
13252225648800
16101652149605
396442522800
100926
104901341541119266
14784
294545343246
1832488854680
559202
538192284
272282734433590
23082585792811150
825369
300176890128882
215137071308252418
11802881970
8630506430
7799821854590
3821280
9334059084
22351368
168530996360
836095586
113110913193792
1260051447999630
8559706902474
1689656580
405980940
163063560
11301347988
1243509619824
6890838221678
727560
1005708
28679040
49559720
108975360
51175424935965
3563879130
5675110
153933008988
882845840
57498
24401981780
856095954
143512530
124672653
36986193063996
100080120
18617297974
27182658690
4899774527868
544744044
894542477946
7524
26787583260
5689448606124
183297660
12714644058
1854412572300
186378935498
8327268
44978116939560
615569556
5232153891941466
3973655400
22198536220
410294708
882624401953470
142814234224716312
215720389310
1242730078884
141587099711460
211815343962
226125531450
153220537211
362868
5016760
10118320
223766500062105
44118742824
587070
46747068
43852334834
75927936
42550480
1962824376981
1793345882790
2135158060
108441549650
386720603069304
49844314410
72456394175258456
44481283858406
47828256
55114164
36479424828
324739275
2347279561344750
21871032470202
337398116
15508446
3699919410
335866110
3300897480424500
213518640
4613340176680
67438224840
40630703040
132531840
3326350
210900
45818630
14982570
189873036
17377790
11710893569235
157903077
2377740
225960
124512780
18372437616
835159869992
56
488691250468
841560
2182320
11363549954112
13887040
49165215018
172368
128344788
26713284
8779434431339
8108734547430
125490201543
412896
394175089840
10646473220
3018703103230
4895347704
227813124
135010033545016
5680
61416197787
128263982616
70720016452
466956
10313096647660
760
375375
42748230
84516084240
306563770
7611120
3688872845812194
570822873812
1862640
978537921476814
39918089208
63829968
20065141018
1132866910
50560940102280
6486676
73718
1238658288406
3632167
14052488472
11762520
9472070270484
879110617
10558981880978
629612340
205683945276
900794505240
154468016780
8509353240
1117247681842905
1048008
102765
39143130
8415106127310960
14012315878721142
430484180
108979460976
104267805600
3075427350
2118378207
2329983810
51608778039
2589857840310
1597985616
31878528157
3173501100
34784950036
612827166168162
68091740680
130800
15051462202
10711980
478533074700
144376022
5996430
79885979940
27918
22379568
4251305520
353210
724934388
91632864480
928041064
8374681453284510
16926
12294360
327806580
22639662
20057871794912058
1167929700
3954441288
52029145050
6011061111972
45514763810
261936400180
4534740
643722218040
5149132212
30895488309805
14880
34249364850
52479196003168915
183040699247
4464723853436
84532968
27740250538
369678100
323312553135
2708750734326
3313592724
4098726119187
31253376666282
11711366640
5017332558602
24417772652
489997650876
970653084
1777495773
65369956
390992998887
147421136245824
133860
68816663231795814
321945893568
390426082914
59116759580782904
132508812810
2879874
204051850156
1711873072
194962957485
6636856252
641661573
31497516336
3150
107109180
18143287959732
2500020
33406695
4580298450
343800798480
72660
7437825120
209426943438
2359854630
9071176200
136505366412870
4784049329150
14015938048
6166944
10415693394834
1241280
1261173015
33371497058
21546
2072733460
6092372102970
326308180
186093231324
229226880
2931543788
67290411550
5130294
5819034702390
16295451828980
58331658
22532510
171532400
112456342180
3600725648195
1254600
17238027120
6347258783580
8471688540
94141610715552338
211626941064
14908823475
1265565
164550838976620422
7911701085200
4213104350
29347671210
778808060
11809454888
8368507335295800
1296120
3279021900
111180682650
9442860840
10922732696
32588377250592
5262714137904
