8589934592
131072
2097152
8796093022208
33554432
2199023255552
35184372088832
65536
4096
4294967296
8388608
35184372088832
4194304
2048
4294967296
33554432
34359738368
281474976710656
131072
68719476736
274877906944
524288
4398046511104
268435456
4194304
137438953472
1073741824
35184372088832
131072
268435456
16
4398046511104
8
16384
268435456
8
512
2199023255552
512
4294967296
8589934592
281474976710656
536870912
8589934592
1099511627776
2048
16384
140737488355328
1099511627776
134217728
