134217728
4096
67108864
4194304
8589934592
1048576
536870912
2199023255552
16
17179869184
16384
35184372088832
256
32768
134217728
140737488355328
67108864
128
137438953472
65536
1048576
8388608
2097152
65536
2
281474976710656
4096
8
4096
2048
2147483648
137438953472
524288
1024
4
2199023255552
8192
32768
35184372088832
4398046511104
524288
65536
17179869184
35184372088832
67108864
4096
1048576
128
64
67108864
68719476736
67108864
274877906944
274877906944
134217728
32768
549755813888
35184372088832
536870912
2
1
256
268435456
1073741824
134217728
8388608
140737488355328
131072
1048576
16384
2048
16777216
2199023255552
134217728
256
4096
68719476736
1024
8589934592
2147483648
1024
512
2048
268435456
16
2097152
268435456
32768
8796093022208
8388608
140737488355328
128
512
128
2048
1048576
2
1048576
562949953421312
33554432
