76342660503107425534051
303405662
25233601427211103670363
11773141303002
66766521225170501467
2224575642
2070423371244233754233220021232
5575436010
142213161471
46246435034651717
31251043342476440501144
76770010634061
130126557311462015534637415131
10434
3214772135
265131442647
4233040567120702655210055542
170102473770460464355050035
50237326111015756247441
732742005533302
70417624502213102135625637524
12715422123433
137746472504
172664373425371011003704651266
1303637563277044
14407533142025371077051
46401772466223203761215105635
20341612
315432172377530434031
4602407404430
75324463156227531242061653051
1020326
5223075574501
17737
761413
12130070424635507377370107513432
3522555667675567467330
520267061112261512431
60253
5002163322
16673361741
141512460051515055343757354
424030062020243352242
24125274261732264400534500160
7643153377555
43340263571437527416223
62
72617462717360572366412274236
331753010433647033712672
1016131404150
