16226042136161173767732745340661241341121347740464422432036227751067051256263706366226350324666474276043104621116035253265134655176234751714547034
7003327161553523357537414531041453644242650072671771215266013445245132136712371750515246160071426250214433214004
337536454614207156132145270246550002335406
7006115015703550754253263205504166564423071353364521423045177310634214116357715765336212532101701256027772264120673007121105201654502554452
1441731200126131612
1362561254027200763154310031760024227345257660070415511014561204155557536026464045740003266315517210427731
1052707515603305751025610037621055
1703512606700460533757334637530170647241235624035357447127022536575641643575015036202232540023474053530225041354244204
176012540762163574023526454417564170267725426254344523271444347054202444510360534360072315632721334165226604247513340065640110267
20471656712423512171723304301072152542100002663606411740270020354632364
2111141176546602140572524162040021464573407010554236101016372
40761667047242631343412165777312
1443425751525037175701453703326003741602355037520065624216552
67012535462040474043241473310325715415046466607374263446334575317555252101447063665067140300334501506220431224627115310
6402207442541137247726743237375271042060737762666451510464231673524224516205621272463257565722414315207437074532511515374432123175535176270003772301115
163637674162566364132457464154702376363737472176630644721621561610612347770473620701732437730556472037236103627527521105374
3363022131557604517462301724
11153043167753655630
2716460315224465725072372
335307221441521137756170067212505540674663536716200657632223342532660450226665535254241406547006532335
3022351050325206240167546361716344176555735206032346126520047325516561670510506522311056
2164464415722112236
1563357226125257035626777261605607734353455226274111135423200372460343407513066642343512235654015362253406556004360437667364226623320265167645075162
333256203446214327723065045526001460452255427150541732161115155555307641326607777372732515525514247703437
3714672570215744450400433765767207667654754153575761372451567264101122474117311073231170644527631461230605036237134322017004100347571661155770360347216
16751246206107654202530424550222111654727567771246505245544707677560043502575264767741406024
11712274147570365573542013312366625132170510164621423021126576655066627673302472743054565763632202707064424433527214636246271
166306274723437545255432440202431777060614335360331743015673610671014321373654273624072271420662102435334626623357064230357263161
1141507434365020453260643323074444103100071210061134235233615022050417514412214426
34044262524507120322263147605421011214414036612215736177256214360143661263
2223
134777404535366724245304063640146020021125312760113557301531430550043124646110137113026257765752107077570020567657537330601
72115503244457542511513705033722211050614525550221327237637005601474312124147331530075716417120301251626756017207637536503405633724572740765203430700573163
1064253113151416316721140420560017101065003735323033340303172032624670521434077640672304644016627334454630312371537667145604154
171210543662414620076025643201507001204100334777124414070206457643103606255120741160674065613245461010321453466471221
613473472627232553575403564347211633100133076737762731717115100063075030332266171410077205406513726445634704571133752451742217
15155023014677270606775301056424307355564561203564357662006635577161174232431536001515203131370655167026143025145
27016427621527342052454462326
10576311015047561230771752364240622254360113213515477446224004206046107261205316710761360244226133353653135722
126175526454255733040302325056322530742152561753457304500520021103225035223456441525412343424015016102014370250510137155473632216675403770564150230467221
2473564520115235333656704433561340672155634061257634410564
110463060524550341524576552122646624555341004362477567152002157535617657361132327153275240125
2467255623775663300137663001175340230212125457765204760340101
3175257766375163016156417016746544415573453762262150221463702300330733272131401534747277325247310115451345323555514451136354460770426362451653256
624655735756012003540256774102001044542667225652103721341342065725752770523214405573525577046
147665655013465
640155250655540265173653271075250725525600772460770747344341674354462037651115273335176200121540226174254361350
1077764045256205130327326621576
40154053104161171435724626466475736
622574321072261503260155511572736012163054114221262356427403702523465342521427625771406772477063512274612611626643274676574512156543417113427243057566770203
