1245117327551112242523536371230771245442173305565712536327742046303414306740244410536371306352253766112454243421655656253315564370554
2674413355330321442055165252074215100051617217004342432255150366664235457740531743437026471113543426554212376241552437122177341734011041
17
164466227645304055
7413066445215743315634500547127322
123774636653244721456474113435545444445160275122360001012112544524547260170
340414621241734406665677671002402136022024604745040403501265442122757553260754115561131541626652031463531636570330150713374176757706041423544401703706134310
15526336356024
167652356551366673305142410400325453525511543404010775613650124540401717476554153207460417024410473751153022325
513416557426334731735522402245622320211172612071646424030313372161626726710521346303263214114715030543402325223453375753460007171634424174460347621
441671067634564041
1472103276132147362335727051063223310416273170412314356362703434127573245171344547033336746777065677166435425441627557273602633655633510766723252656
13276266463140751673732715717604726710207002506716077160472461554214001755212044256552357460577147677673252324077321102371231635137563254547337203323646500050127343
2004177364202405
102234770273113625555011653313203536202667335347152511366722426006037507
71416327257142231237410305703276372530644107702740601205361750620255024174052
761634375023061627251551454743142135476
16750777033734537602122636221763630276246
54435271617400574426354557704642215514636326031200443150757114153564702327463376037242713745617
3657367744300065336370757132013467417152265703661710371216453231676745632431130655656430
10612321312450404770427061354311577511602100032114141545577631605717113223414757601364762550122
664306166415510052654073340262275476310050717100247672135347042221321657421342011577114220061660354534624
277713127632320345130436471636531530761350156250435
72532331545175006333713
13021654700602541353715552341766456426230033155377357173167051657246106701641753355164442412464205524701124551651022357636625350626523416712507012150235537527767
73626536126615
226745247530707277457435737470172565575014446103133422047
16003505713663544267130421325766254244412107334421643710562214371652014336721333546347525513617125500512726
113115322243677341530021062577562024216012041664545062450253765266212443300042311775002317754050773173535246400253660370775753012500046013063707105
160761031233362204324015515627556314075477447044505646376243030
2402252542337311532152261111315533
606115474035646065530522504654510210107727761176504017367773555164442650527360272172167450250124035262715751
1042522007311404505137214505771125345111764530205224334125342512507740254740341421561704161154676005333124222130067772711766
116035234164273400057552506753236242244671005771175233570730316102546454454102066650162734264713624771113310242077270635173166724661056417603652614521652716406
120063710053007142655031651661511345031012032656212343606643505347202110075747224615406637454337610371725
30771223342406265401502757015312362025
471237165122361735665351336743373625262722772
2072512253404745766001465035756367203267247272705275661325112415300751640175527721171206766475726016234660656115013721722706353536664436503
51461561460346301704433340234734423206664536020604462322755524766260615250273301010613471260115427
15357671312515276701004117151327042624300447546100114136354647064167135141241234661610021407442244366625700442564444520560523265713340543255645032157257
3417631410636262215141241043002726744574342450265005024553254532164762034666642444636452522044555426650535431202204613635231036176551756763335623352052
56212534
4602325231213550223722743444733656403475345206211201061414203556360166575106237422411055415327534404535061772041412317636276147605130425446074015
271372410
31536231615263027106565261711042162001771332302422373716222117232416072544524651664
165461116170667546403633755056016214430455
17061301475207340636374563104632752054511147272114
723736565352475172754736643510051316640360074445230636741375744025466
4525307766557736346321300142143343726767601450541740304467454400236762566
741272364506767671317123456041611100353667513273302364567177641005114403
36370014106222040544441254710650
76716735370237131556736460302676371
756752152012332475303536704043360757627464635027022
676367121557614507347314747313443026432450560107744245727520552634505104207223670725403615710724001
2674400050447266770677337752556345606717017142376004757700057053501107505347130215070767244136127621330373344
32351350756516135721042711740560720101562112536027677013375014564337206500257266460156432710026561275042226001362257604107026144341071661240660617550270347
1366233362324537556114323447250107602072733472435020664671156003002361355771515163100446544657064631237225206013074367136676712412612515031536064667600717
6111176514216723740455636434526045654451004504231021663515336660774613356512723321742546031553736677760215547061145322130256631004
2730212276464762521611102043100651044553214151711211361551264244414177311064037522044306345276267620670664264135510502145471
24520454765036204033466012210022663007241165514473303352043701762636204113277435571503207377127513363263611526341410
52545613454177033022513005362554265421200621326463
355272653655543441040070766523503055612024450736722414333501116127265663744012
16416
367706117024771123566447054236177132433016254263276375605236636332442007353050202640746544666146312231151611274326
3157004705302170526376166377531451255043166201506500220615722735611626113651547607224102405634512023067751653011616777
123770073701247617004113376166015306074642730710357013352623244640666456646372747353776320176326404422560154550442032577601535152347707071235007406250
46710301137341261123143646575306550767603703002624330134470653617664555176132765231014666745227607043122755711132516435601170507152301075263621465214002055021060330
4504750217711554717660762466020503553147174212373452275031735742404247160237035451
1454501463021435307067752765525172734543066272713030401236574032660346052401710416762217112463631701
2710570676466753221055000712621646606730562
14523445725723522177172621365111377510017115342051167642125137276347035
1630360514121100067534073100464351122603405665064
5713514424347352142740651003741615003724215707660016113656714560765447175577323535341374472521235675572335341350631124734322464
133073503362451234377262120107121564443521047643165547532704360702624541144222370273370563614306027443637643742015510352022762530226164234144343203236026430730
176054375656227433006553733375
14651345343042403432012301715422645357270344262516676116323754641155755430544752343254535570520
67441707753653235262073247614536257230206416703355417340144741157621315643274402351671705565520347
3174145401053305545477676272263200347513304544442024207770720536200651722577246246356372421760673
6321764570515371045137
34047506734476600543366225460376137731311015566337003036126427266656412624614345262607514574411366210225454004213155502727222756751013465034073361423714612301331652
35205722110046
2662077264225125146
22334007300227362001061031500164772505617242132664237135626471
3164317657016442125302764471111770232043312100031033500532653316270446167226756407631524262214066263111646131574453056503672136077
777074633110331611200056644175216050147047101107632165505342363775716743501225566007155306316721515516554
115055614703206260501
700424615476401055324411231320203117520414717254255317560054165312262400074
22461207151060717553633551120653324241244006704131047302761407550670337410027136302375001724331321375350644632407747277100
155470202162544376521473370050567345405161266636620453520273166670552251140061772557067225602534652064203607365051042257521603226731273473652
1432617730
23504517722332
7
36634302274065762655122103200662647424730307067011101167040252704764472764
1055107214057065240076017157153555647345121572635673364477424202026224242661204650120325376530771711473264132664231231120730135505347742540631
16
5632723774370440605071403035362431747336336025761147666307712451431774404642117300316215052
175713353365335427565321
132237617115544452233113057523762370417
203223405517266276756053301410766321201030234661017514333726004740471210145317716533700132237020351712155625252271662660460637316407430111514274155403043
1425066347467300263736251464454640536655501160326511471743017335565365540561011512771271007035567425
