16723743565461134200203734132162425522211010221031044725751071666551626534617524677561445504422070170745526376
54545645070041046727717633737271053273572524164702264557752153770740563122001111621764610316012417066626424701464302075026045726416604460247673441307440651053707231757136540576611614460
5116762
1
3774542460404623546526661424102720776306347665611553305427346771741250435163406662707343761077326144242664442053052704234531601770654254037447401036512056065230060374403466602555234047243203213134676433016610446734747
573671514533221300205760335640205635413104361415076525674051725477142135372533042671256016727673031234744607311712123663507273554775517222741346403211267715
15470141375676003477331365766034454452246544263173170472303441335511376506560253016572201626006125062424107514431650635
42645414273654665574217147240323611020452455337135703157523747135745271100741460747007160204644500711632150014535011415325573537667341261743551565034601217256042504504343756520
6433042214762707176606371677601301660432641451524476337172074741001674734553660206116544632753667200100565372
1211555614126433462756757625616460245343530462255432776306410217023321303023711523463330721267723314564123331365020703773337354750061536723713527617644216046446600251314271261424504156246
224770103341
315650100610673756012640473116265347364502766033700622721662526161510575246142642661404365366042103333725145413313250067245761632307302247017303002172331467072700224
32771102214037075537702532040662620325351411101462455170723640401770105036155705142231547606141436314420215426072164711341305567607213530000254666335277316557172613215370312342226016014547563033473235735466766625530554000613372341244024265443227712141267044475216226
13752616324045535550265471767723667053004344403737770634611124111705603366457150606706700445636314202613701723247457732376361217376576711657175303064564336322765752564166003412554352675625103257125767261020702021573064441346306635220146612510310351664015147014711042017063034724744636545635
15130160714705521167630167577722604211352231224405
5225603651243600354421756450544042106576475151
433626106304443312233101447474453051711557504065151072300354610060356724210257542463516446674526
131
174516216607312256006361071174764766156643756353214143775014225166506156142
245452115140125025254010234311430541431414216374633163002473161042304135264541012273731307777051062102137216704425541624263625164121677774334454302143470741472657600300643403762307470512674
570474232330307762673120654620042435131327506013465242722355113065624220757211743355107476007141676223113166303547512637375552056503626673546256341466417302111402750173402722030202365121025
1703545311624706631223742470032436005677565644406743440014135524732626275052006504520573417554701216242
1267463007072640512354104765467114212632730672320100623615166576615445144221200355500457710715242653662330
2226367342357676722655140202373047122435303623756623333207606600714316535032642716731207227660171364067636470753465306363137465311504633100244026743772350040311554722371653257313474326273624375047206004314407251230101030167464336301064111537715426044521560272334367302730025627207577365324566716435150065650054541031155303
163434630667444616662460151474553377020105221314026344166372665771300541673412764136770135362633416161426251136065251127350330070543337616264221702011464146746227261366677123121636570105
527032253746741735720303045313030242505553507440100107234467344165002053130216367324445053257757717663232453571737066741414322564321505060152720742526706
2
1036102045373266241722530417245546104577540455314152246122200360574414343625433520764376064735516545524433573020776735075657222771260323026102650724445742311071517573301705
3024652631332225473776565667122461326326675262151175060372645323015742213674755744551404535656555267363544242336110014641424475177255312563022352151665264141747157506514341356520356255074741122616312615747057005745006435013640076342257642440053031663167274745711144532403465143272
20205524467444702140172117501707576267575264205202617451464463616515467665676272004540372040354140413621666333501575231703702017372314043051166775007021036055206333
634511407552430166147740457177611727276773346025017304657636670261564357533550751455235240431
524474630250563547200326126133027505067352607720536502000272564036403676401602
3314272315607631043722121416642401666672653226420525755172220376430175743246246536542402571412634272731203451605706447517130472760350240772562267301650156371007064065346702125254350636062073500602753441501255707413436137173662420
112362572100172327414654772652133340714267150300142361120567763556710745543715030227232510372541601140633413323462401640314021141207715626217515205732717466045722243413726272731145036523534621542171077331536245575321716367525310731051733166013
14501635532633531062620644571202331556771
106235326174336510374346777600211124766005126053556174542662153020635002135256625611673355472257410017302115021735351230315335250212573111767306667424200655177161421676672171705351573505601333427200062233364572733606352515037757000276567557774711732273567254531202756656107274370045301652127547546576177613777654315611465315705550370
15053213244426130616244560663606671171165601103524505562651317755422147757556043012446351544144663107331336
3161614401334057577466561712703372615261306717741603636006725644346312561767253665766561506537574744062552401474304671712267230310261013406132656455071204271153712304027124117520042321646621367245620210440206165444474721411024062140506234614454627610046173435210424642377727423564370
5706666312677206731021556107623414526106304164700777772170734272304712260674324012575744435123617073620116045053557505243563064
3705206225652766167701606342266400431265027205123346254446710104311416621641111543537005275305542716356514710273673711050720024776153235311623126
66276121755634663231471574153361162625404173554355422600171142377363705253025366723573355024117400607135720203200650026047022215375
7365151762154706671620757133154334655631275273030555542373207133307600712473172607454321051141054111202615476077466003212150256104166100251630347122754206153165013774163332766341114744761645563762342216507315451720564255223053475016712214002560301630035242147367627513141300404676614604101144060024371215437407330256066731
270036066564640444070673230436537377627237745731133332522510751147442551544766462032621704111246173222416347764555060703513565775515231370677776453771165373001444575613151320255706415661432571754575556107643241633606611666010353642024341135037064343156217460426730163275005431706256373336342435543353671
17205246121744071423666655614400631747476224333237560425212075620603563465150027344133640627264167326217166510522525201352323321523653622301454055266024777440450434646301756651272377
123045
1565610573522066504131451073421562243014676044136042024100727307345574364274507664246311347174477010151025062273045375136467613235606263622725632103256131723374301307073057366442735637763334541127117343132134360773113022650527112257323302476235736612361303027107753501723327173142605513525
262506226535243153060043443001576107664345672033622753275616034542335176443061520166004711351102132017772475711223403713073051243547763171027640465022141434014242724265514224110117232657420576673667433154653233545212213653616743771114276742122256176221425463274406720230
4024407450554542756213531240520141324434460061300230526604207002534707032375253017666365111642757515310736662411103743207462377634172776030753575241467764766347011121440360407534775652706415062135743126070673760520015727712325155346010305002511124755417613367516670310603071654713330511405
2056321624731402416500144121436663756574323576631032253277600013025324350026073546522111667407133343172602133021425073676517621746511516175156100465277502026761226424661360673117441215441447650514363272150
63004606036460204372342515722153736573375310215231142130121252543460636655516435466664422437305064167503261062760603360507562271700362643114463733457276464565517547265124223066113401222610327221614222424310265453374337352603632702665436346360672307373311242512350060443737014401667037732126547211504465
25506402501471466056417367655022367
55236713212422036750145205537675004300261656401451444334434415033742706624303101423537741207500222016750270227746421547421735431040762776435041606136175610502503523416355610130302156170733520125473447107066660463
11670604064540340467460112266176162324777655506316741763034573447721116153613737336303456005313517215353547765437176612366524116263310551451240437733601431240673421526145661201202320435014534440346312253400172712733260546524410100246717670141734771742620477023060164051264605
3367422037717450515010237527163306365452030416050362320200452242747613027671372743565644011176244173710121313566246444767767645502074420066112020321652731361255565246304217717020334061256041237077264227355620212004320135732342074352
31313
563123133762544013017140007061525667555305176644037237012515102427624137130371017126127502357303351642562013744000626253223170576300617117210126365436400275213370370620037177415045526477623102300335716000266473301054740662042751556470277630564375032247466
3676132335117223547404316504745231654310415213036014453057357753174347624721376350162613733135770312151303054064342670357077353734156705041640451556535162544031373544275735674105013221376014563534361364377205300304426400313375250556235420737516763206554166237773212271251374705412157331475500710730503336626054636300724
772356616203400457360021774451713121056700642372443140531303545702516351300521256454206261313056570343151066367704551027045710276434227705727574217503306723063534743137701117737403
206077112544375371
153566322543201
517216534103300114451676033552733401331527605744375771004205260336443707542101467505024376062773247021750320155171332543137362162071563043636114205467153075506001422435707
1511070
170255553272620746613760456622642417710300761500655663616570
1307503373254732244352676363255236375304532031360652234501357731612327422331357744730510367557073266513112436367044762446461250665416672435536567750654062242330274473412257
125656144603162714156145113300411701675651720563421377267434315517356416166040100450324371165364366564300373133553457415500267107265215140714115514274531113035017346731566617425245126431226015430260632307434774450616224254420240
1746515674650267272257612214015345223750665265513502153014056545263437614723257346711347766201205514716743107227152436545137766211744374731371036113411652246275135704505566343212205527166355300233461671730610031005220672522737037250764002645727442374327335277051536511552467411537752351435341521652375057701462
74677460177535504325201177073622667632165736222202417513137320377745114622605673500467524341310762350133650737600673512170552362176636510041106300517416261275304327705040661521732502404274270405745703373312477730607650517325675047267366017652370156142037542513
633602136075100523515234332545063334307235753332674172434177054621450564436125511735302644377121376675107661424215273055341413116717561345247357777223036275407721773704631302773331730051447671750252570675776714550217437351166073737060
337603422166127231507075342400115233435202625274060207632407445177403617542274025771215356122510765242315737303734536304467452062362731311170403514331443202460
1445253574661630225621477177106574563336715326321545156277336067247550126012207130100521567363610003222265455662731421052732654336433521263124042413274714536070160651255454500671353140
112130064377600263733103030020743242302751264062744617300303010061340231626613433443435635306001661
433617411270011644261370130357032052053556500620
1475564622017326031547605373123563040120510637061317462553312
2253426024424705563362566400216077105652722371031142410615771201455544352451173275511122425235363712307712454421733055657125363277420463034143067402444105363713063522537661124542434216556562533155643705545571026732660643104132352524170432200123436436010705064532320755550473137701263707076055162227307055330424774
2415524371221773417340110413551154457512610132702615511243370663347120131625664523774636653244721456474113
2166626222224701364511700004050452622522635300743404146212417344066656776710024021360220246047450404035012654421227575532607541155611315416266520314635316365703301507133741767577060414
63544401703706134310265315716701235752473532275556661230502100065312725322
73070100217734275202513010036371753303264171410360510211677223260446532270353370546716636732450045134446404223654241635150500606267643434556556212427146065464302316320613070046524471267737271400163634710503711407174421035621574713501024721032761321473623357270
24431511544207135474205146167171
3607070257366512362711316066675715776153576355073053103457336567405467533467221755646525534327626646314075167373271571760472671
210340124334703747023523066610600076650502212726516763027746373773552515203755044117451471645767152626355750155172324002405356160041773642024050111637413544571266640472554550165710133355656346524457335121300301764
376303465653630446247702061360657476526151021
3702740601205361750620255024174052761634375023061627251551454743142135476736437741575625770105131711
11763630276246544352716174005744263545577046422155146363260312004431507571141535647023274633760372427137456177536757710600152674761736264027157036324553607543620762435126463575713465062261533535061061232131245040477042706135431157751160210003211414
5545577631605717113223414757601364762550122664306166415510052654073340262275476310050717100247672135347042221321657421342011577114220061660354534624177626257464640712261075163475263261742720334521073652646633123720146676273021654700602541353715
2651607732272131140154
3327767363663561235365142156035037267323511050251504132516022513235220447374754527214552470356252160243204732772577566745527425543213362523654343537627616757634075272676406223041455611023740072136
3366354426713042132576625424441210733442164371056221437165201433672133354634752551361712550051272645446551121737560654010431277671012107005020732262431224125772533105221540021144776401147766024375475656523200125730174376765405240023005431743442741742062
11557110215200664671366714603663762
361112135147745060612011252611575446550651304445466555030466360167230326542512423262441040437537704772420075737756664722213242535701350750736241240520165313467644105244016623011212276431213762252712223751260412450670252705225
143760126360160610670742070466337002555452111054033775344773234072470350567000137325215726474504511562013762372467361660634205315131130204155520345670551627451762226620504176561472366355651542135037407525431243525635015200637100530071426550316516615113450310120326562123436066
2164256350104403676351230660331762615770417475270771223342406265401502757015312362025471237165122361735665351336743373625262722772016522452701171375400315207373475640655651656561257354265222503260172350037325764236241575517365403447154153423202764364561472727555
243650311461561460346301704433340234734423206664536020604462322755524766260615250273301010613471260115427256773454524653734040204746455342131214022366304
404605716632343207345646052051633070401060362112217331274022127222225027025153274556026152
156450321572573037463021474544432302502106005655711370705120552012051326531264351744071555505111475125244111333055521273062404411427472462074375323735746673446724124344252711404652462427320447645707111667535007172712414422402143030407334740355372214477045022133032657271011272143764103024637474574317412261053114170032345
3650204657114706531413443272530744421071000774555141211175747111047515207035262252324732153142234361557315007467732134034431061132706130147520734063637456310463275205451114727211472373656535247517275473664351005131664036007444523063674137574402546645253077665577
1747146426003043067076557574031213037006111571310004757453547025647512157575626362471341034222007275572265666047513563775020122310077174006043111020262220526344324373473565741174546673572301413371747673650650051552365416573420215703677136323164
25604
2676367121557614507347314747313443026432450560107744245727520552634505104207223670725403615710724001157100012111655576157667772533
1162703347407461177002367740027425640443642563454106434373522057053710554175562123513507565161357210427117405607201015621125360276770133750145643372065002572664601564327100265612750422260013622576041070261443410
