1315667277611137550033431256452046623555141043542010105512263757540473065534247415402115444457017
24774316305213624564304232742640477032057440605434121452346063201452331354623376557644160026137576331114266030522502321416246420656013542747756315742532637373637041456206373457331200311647555271076426216042364237650642741002052255044305613137450537515173633112362307063162206663422326374546064510017375653351477230674230122
320064772361043650136
10201750503231074343472325550362525552105711761647110034322733417375462746206332123502220153153430241756452171325006207410413717166515171727256445056067757756130662106742577365151734302112666565124004014023131265041410162207474713242713456563745213607252216377035736650112232741325167412644635664004766451474532635333
3741720336343415234425701340171304226123225334420475700104270212055500651745475167512705333203546670626020447607217262523151133246100024242215326351231222052334554056370122651317440733502060440664
131755210505112442061156566207337714571655413002512325063666127130452457170143101345316172105276106513414173264706324710143503750153745613720577406166500565577523630463042414150333155225761453162425757225331
10666173477413540574160403220405227365372340654626630342544620224203213766477013677047476750334223110574405314170173741013147671655422005761735703645363110306554760452717423460076641400354121202011063725741166240302217234427040510456054645305276715526606317256430461377123523511720565621052360136502573777212
105760576040577076646350546217014673405565636113537611110512455135725202260555740134760203453153124123537520636514350504657432617207133026064730501742753700521551047612762140677071371243107565252342714171570427717502433627652207036434164060411535732
141520567760545036312300512564443706351062747763541665721001422106703223406274755054526740523617663
7144364454315376137463756636570062151560262
2750224301447550266561720246424233153605261214671167033402231206551012270306041252334233530223047720657430451231051563233626641537311444201471542451603441267403431000177566653011772651724221603235115624757142775642521152166104422305520367760475662756042426547462442527565204666010471110
17273762454014347342022134141650544105643751107213776333110264121103630525457000417772024204400061541132
12104251523276410450734241603755237052724114114500700072000051631073145231035113603456513512
155647234706555074460744433033050773361255351064532300111667140101107563725546131157154463342232206616163376443720200311216065074405162516471060036174141771052133431465216010524112011216271240203033715225376303473106065510547467516
764371645121322706573506624065473750653
6602577354561311564105321575673375716123333030563667537156372715431633231501677316043425673531354000503542134072071111465100571046756221670154363251671473613077000005607043505473065517103453765202033342654160704157661732724220272534214713416536332425202342017436307322277671522572136553106324666215756715474233427
555447050176520516447214304254615721021015565613772600345130515433152223203534044306231314614407451035432324767410447044732377415473001030165251725022130411045727540776361504137371376257723661733345005102545403344616221433604151144710624431520521171644447301136151116037615261141236064713565547564755537
3162301700311774565627521673611677526147430655023571624612764
4036144450114366630330161322
1300330733425611446541364272453316506057421533477724371743177052734610203205514751767662
42346367575467637727015344700761117243622115437607445054575557434422635605202000642600150233222225265334133141565131154045467624670357332547022665706140055113474361
35042400454531501620000265001542501177466640435145513724416274423471241404640444356027127431036235422375705027372707550570162707144334063672211743120576471416324301110307270447105021505725316560337063541111221633771460303015534445402173525657021571742143126277504336441
37464245704224670304533526525277212626227126052066637151751244765400157553561454637010453242600331664212167204255711273646326704356215534763101733641735753677050470432203413503270113531466430603300767626752715504732402641310164542171514155052145674521646054403476470704720411335042140014443236650660434645643417
202332366453524332650226236540661020472607236364334012137026224302316475132125115271551242534624717734334776201670113432105744155024502161743235442601334716257611773066426675645760005302066554374064704726534230014606750137312755636343763535053512263
132755754131224073640221022071144625131046535335025034207001554720207353324340333472463120676213731677267606564464720433505152765374751267066376351773165223673617725061617130052517402230255542720405451561022327555700713606330003074120037160504052746200260230617555346770367
3024300212507136271564203465170710401725776205006545262243176747277526665302236016441026110746717470612306444726637276431343261147727425774675347022300424071304023157132512003777517251270577236104
625335542207615110714123735117347256102025403340625545434054435766252005737220353227262350362115406753446746602565470312134573176636370263736701307254413345010241100515734531547351753525247063630224454270462222673270116562742057123563203637103656043321417703227154663011064120262642454046122552733162355077533235712133434733272
34675123244034404251741450751123414314171054704044665352654277173340407633761107400456512305662733126456277257461462364274102024573302145302151352733702057465364500
605767177234242774654667106706745710072162327171574730500075360577333742057217320062734460734104715676032002705674363503404356572570530743
2221676474756216070442576523043306707111173143043475745517617544147732644700706625400051134630417006361502154027330712072020220636150775232130271212114
2024701402353022527543231156454655276700110374715276210734523464235375373136705746506677063153250777412152111236462526757577262140217474106014072336601731637427655226364204166760030153531373660124306234605152763570753606627677552656414072364043202416105055773300655702033727232104654555404004055136741567744732767627052423207251105
15314735600607574437
13524367530160122732104433735376713750411307360705332321063263220065157723703177743471250441112353004557602603725313365640657203236033703247241366102362130565067720157774
646522663035006374703302737246051605776412722036034677603001713551245400663366376210307776445422373514174467564131105436400635056013626541446101645442660554230373461273032546123467362564741763324720420024603430153056401427615164044642007465626474723713435107420700424043621072736137326221242615233746404
6335
104104207565751335003746
10612160720560027523763556457763220125351066116742013040627451170466000227264325320143517271022314113743342353622046475146063742560261047067617755020776700155303232735043745660255631752323611503653061323752725055167464723235050361631334460403551336435503364056166403502410167013623442634612141632003
16660040374363601552467005014242114552345762605612436744776633261017442250443
7644625017203340200677357251744133407023567631027275340171500453075602745762260644523464041561570621473414166357231062470227177635534207013334361724445121233606235003664233227274015717603457624423034241747027440452304553342510141452254140247324574641712554327642004616545035544642003304726741022070451126466534141073301533131652711
31704425611205040134517466566236415421726503242434663714321474434655511767541742042541364307350
412207071445410427434236775766571270154250270224271770115104506407445772215612253454761475445472065155517057410621144223407252655227153237447172363131607060066563433272467372770312621031275105055201655637624325540271125122642756247637212325143401630545
302144332140046772751314304
27156132145270246550002
1673015601423203360732173052654641321035535104616272675124304611237662147043023473763375267442526420360253405776455024156601624221240353120533112544173120012613161217127052601350037146614401477001
611356252773003420664440627050206666765701323202276000153314664750421375441256172334066137220534200774421327035126067004605337573346375301706472412356240353574471270225365756416435750150362022325400234740535302250413542442047700526037107167601165322620767207413375261312616225153462216342610122
14510360534360072315632721334165226604247513340065640110267011635356250472243636466106021643253042000055474150237005600407314647
2402223023753154043013652503441000431513670160213304742020347640174355611650546270702435377662544342575152503717570145370332600374160235
5037520065624216552670125354620404740432414733103257154150464666073742634463345753175552521014470636650671403003345015062204312246271153106402207442541137247726743237375271042060737762666451510464231673524224516205621272463257565722414315207
21743625524464657621505147665647713400177514044674747757034535475026513715033160477474767716437546151164344334342142471776116744160366507766133516407647420745725724221277157141105466770224763114075202326106357727533460347230146512232752435175335307221441521137756170067212505540674663536716
3003277151115612553302241133326565261206032634032551567022351050325206240167546361716344176555735206032346126520047325516561670510506522311056035115103364422447456335722612525703562677726160560773435345522627411113542320037246034340751306664
14707224473530032744527015334010741077556750455446640552357512172344555271016231061537514324226530006302251266134642607550704464666665437205533037775753552466526461
3176070767463352741067622242002157727735037337263660656767705752246735320404512360475444355144743222537146305143024171174561510074020401636747304667741701635071572251441421753040526105132044422353165735776251521251331161757734010720537255175770301405117122741475703655735420133123666251321705101
32310611410453277326433313735541235361426272771715101343432212215653506317123134
36630627472343754525543244020243177706061433536033174301567361067101432137365427362407227142066210243533462662335706423035726316106064361617241022553032155143622204144003450403045611651570641102420764620510621334044262524507120322263147605421011214414036612215736177256214360143661263444734777404535366724245
34203172006301001045254537004566754065461426402145232304405744541312777276504343767401027372765755430075046641522227661244645
170503372221105061452555022132723763700560147431212414733153007571641712030125162675601720763753650340563372457274076520343070057316343212544546460714735046021027000
3620215200767264606670060636406545156124307017750156461151003545667113146062
1174657733462702066362421307545031440174053506403216002410200671776251030160415137506207414532241702341570153426513142020643127155162442427
273472627232553575403564347211633100133076737762731717115100063075030332266171410077205406513726445634704571133752451742217646641140633753430337654042721214356667227050167216773100331667747047611521465700064650145457432647341306141
1514516035057443256704125131144654057631101504756123077175236424062225436011321351547744622400420604610726120531671076136024422613335365313572253076653226126755420141152427151254361065270765627542240250010441512416511627220652605161612006407041006174124244057466635715107336601774272064114233510647356452011523533365670443356134067215
563406125763441056444231430252264160652277265051323312266560402171237673465001067656707727570455153465536520052446725562377566330013766300117534023021212545776520476034010123725377547723460343350360357153110
16675625771131064110631741140154355535054600656363537552523544046624562551666646224457166230374213171224725527312326756767005001660127376041000422261333512725041750560561032752765374251506202675652677423317553532027153
12006652432666013247572553443652435265270037523037436356216073616623101772444653555647710005066011307612617056421777501125344122606566554433750033012621034236307365145515517367444537064216454320654033322336567402434613023044254473505700760524715
6705243057453763015765176147224571425423455506571575371224335307036227056506137355760406132634476230064710035701412434032662165746451771364103712326067651432603053266070210452132204162020652464264027705265524373032011776312742021410
276244254242435241047225332571237413057701124027303274404541024770661447450731372027026434612120445560536331471071476146370355622176614215662744455207674755466264111254046474712536422373734721432477311642504021515254520217576754145512167232717666046357754750304626162742
1321317257261447073767174156655604465037556505555527507526245032217516251055362710250236014636714151556263653673477505103320343532751277275322452324561301574311113533
3460552526755511164453521163276675472061263360700513010406221066212752706725215476625263272113666026416155422050576141215274673277347171676110607704501334660166573351171224121575521347002757172630060640714075323565154741771306405367545033143452317215624252341556734337740151131727330101433335413127436124665262542271231666160
162204627703100456437433467166450716476302570437141403214673145025723266630505663054041212425302605023041134267726461137417703332547141036402033752311325247001122004143145647763563443405101017632723603747331032337754101521143650541327101010646065432173616667742411026450447541321060013677266337403017747563333676466675246156256
42142105017301514442102637172203014042053453753112605170502167671036040320626305721732203021534440346561061146061150671722712656437560067264120536452306
27267357055410705237416206
3425777310
7377727330511007100440025221432171060760635401773020077720724276670272430647562707010533641650156447404433530550560425435041356721540764361375744335525037202017510057464271013625772412226374427121577224352056733237750332403675617234670756142352762363
20227507430604662206625520110731626154253734076742422142561367445443310776376607211003131306337554515450345463260265274772341604320440432572472531363120745444077430273330053167042601755106056152475505155337553566
3573423054510223600635104255213113407246371445010220003734446163546
12267236504633755047565501313015256166675734677126733224563626066566416226513533363600466713740255733471432501510157107113513642267275632306265366460
327415737443117655677551147705366122633044744257340760151415736645003422062745704006502644145141662514363676523216432360074475526477241522351235657715645131404521225024447067567761602253057164435372665610213274711057554352122423006775213610201635417260155304226616473034015127117
215235145014021725411414453357704247275751370312331116314655466261665034511441766165173416523003423000514655245671423374562577336344132104354323550254460361327572764306553731620054251754342001540077040765301607736644
416117624717031350470674207644251545331371113211314050304240014576014513733552176232
673357452001762426254300707065427703715277106747664043651665463413120247122701017407477515344764330712416011322260164501254676311103255017073465
241103332253056107730353431263734124606714527177675136734762375354136700331114300474065447675361123143016726021526413630210165756543076603611532646574631734
161234344012405125302421516344642432363577260501762447614752577033570406670332546063037306720710131102455672277706515613117104721515261550250261267003024672053332001337703312167533040567253202406143610317036547535577620507611576627055532370764225626415054672706105347207625577007434577012734
41602377435502421464360246614044011305050750066125353042044131050750563155261071326264470427441532654340051565767065621333425673013461223024507341707515323663355540750440721416347175033414013403576226742575501524755161354363343457454175134704740751601050664162374512022201062550650716727707137531741447322650412170672325422
21661454023136622022347233025434523242207257503360700241245425157045301632415205475713610744223604376330366201564621345033754261060722122574305407464775651164464600203213231377060551166466673727360016136503376254132401263263043012734036211313402641654501566550017541344215404775162046651476007200232
733711046203763607245642444505724654716152464741315015732046736651517756723111364242664104
126764312743704416354063165476446125053641335576634467402456653253145544377047755041577671674627761300527216053564
51135406421513061427140241742673525172026615554017313671153577715710576512251143216663421322042760314527233347623231554263514406651642570213503600001606311557114355377642267
101270753714354337334062705135216
3030004142070575324423761445163142134544542446627221630745715172760773531623013767224533665464575746602573630605235224602177236124655153777033263536145563614045031045553625112727526776216751566117203476045621710075772150317300577412711513500505626631276006120157622307575615233401256304407727210432372616511141157324257504611107
3126533177470025103442650765214527456760742053533566501270762644232421420526712340116613553002662240114347550371201
51226556745771151303530474707107666766107375250730133050137513342717503452577407703103121110542153271024610422055401656767646656564472754537276252005234030331422457224456632633274237211352140165174632243121300070166763656147717050327140611031037240354602231601526547140067662735411771433456530206442441244235021245622660070331115
13255446647202540154073607713307645412232020436511747560231353757173062357405471101237660766153574651401425101775133017370541534443252532142322366363011427607175545472074447716713527114303104775140415263133231372411222766174512663060347604422124122372167662650065
1157617044207250656076213002223747255732502036274371145422171243
32253455767430732304177117675664462745413760455751146157377441244734541455356617207750154031057011066445773414253014452264175361717155202265745142621615704215110066132352564134151750255736125461626253552163
2611640003035740446562636305250705570142071162200006366542375551316064255641470046
1500236240254550223145214666001347432457223340327
1713336552656037542100727537532137306173705215764242241224247543252731737302415411777073477477346523753521305474171750472465415663756171265631214465351452213746167340442145745137424553175165214466546134530647237024517045
3027703342714347556422137474547057044212061211202557141542013027177632236
4760363344175623474121434041477555637413714010127637274123366777526654523132467354314717676000463376714521000237327063075702764142450042376673204757740535426027324146411146127476227701342015141653515526503336550131165557540204126564156731626224103316632721514431524036645416002015500404633527006052313515
62524234350555572326175700144370440631565213301034712763210732651162244014020136247264201123115200267563235206655235621066364531577730346231671521134043251416227527473721
1631036272277
