111.629657 12146569.960321
64.895901 37734292.667078
41.733198 34206537.815642
100.606529 54315310.180757
52.316202 14559746.048270
67.751736 35872008.530888
94.283688 52440067.254439
42.860407 34984065.263074
119.679324 36925879.867726
60.446945 58004201.783144
64.975467 34975581.784923
92.186556 11791492.173500
72.763260 50849881.856680
157.294378 12803389.652545
95.863934 49933196.751683
103.572307 27670271.597757
83.689552 18311410.388823
87.558252 74591394.051826
51.537533 22162213.323587
164.448259 12186712.041452
28.115430 13480876.755075
65.725941 53416481.179796
143.555486 48806323.906522
56.851859 29890695.105488
94.689301 55207713.532570
91.440522 24866428.004662
94.068087 23077389.423163
35.537807 26385287.574565
138.636980 55265261.046100
43.270137 27875950.435330
95.240925 28314542.108663
76.114992 20333765.065897
141.486844 6288335.954247
115.095088 54490981.109899
50.924625 31538503.722453
42.299826 27434987.894411
98.854037 79183282.327043
118.357783 49667057.627799
148.752434 9594311.089480
128.883570 8851013.586721
54.758822 23137215.657428
18.366677 13071005.171816
48.170052 33901413.222886
134.464245 18521366.874617
44.396950 40642763.071905
88.416138 39879665.985242
43.227737 18475779.928247
35.986591 32316866.652862
94.258028 80956370.211170
109.467997 14588440.136903
