124.914153 20724572.698465
90.196655 37759821.788087
24.502653 19800608.957487
77.610455 62671515.715105
149.153864 12896767.297320
99.838514 34028813.936244
149.646796 15845666.808980
125.669685 15416492.072382
55.350126 23715976.089865
19.871982 29772225.894288
88.797573 29451802.000162
155.537943 30792161.757931
69.182735 67048076.345936
103.385081 50273335.439496
117.785382 40057404.170823
72.312135 18913152.646642
90.620334 57840925.480081
96.619754 92325240.429553
98.008318 16541924.817527
111.173352 65215036.048132
110.229435 6983899.425491
103.885552 32819945.495704
25.307899 12896497.224018
60.127990 44795672.772173
86.588771 63853935.654264
172.991637 3286664.565100
63.324552 38419670.632593
139.803684 18292158.219231
83.655619 42036725.946950
90.851488 36407991.767831
100.004724 78162484.844018
109.666943 25563578.229182
69.260098 45118384.998591
113.506586 47628116.843289
88.214187 65316438.502449
46.354105 21320172.255127
92.612565 44420984.868906
62.374634 9624014.077317
97.743121 68188748.722040
91.424909 35786546.474914
78.590643 14745280.081129
70.865487 57693179.214783
38.920520 14881877.236946
11.932672 4453948.660368
123.174011 46907731.795518
128.411321 35813756.767170
72.264605 20131962.312156
77.843993 58317479.442982
139.398700 26776658.199676
61.417299 26245734.621627
125.068171 31708104.249341
48.431642 37031951.304277
66.683267 74051770.166470
65.340180 39130540.121397
57.832169 36759739.552617
70.490467 17374892.174452
64.470460 38122759.769361
172.751489 3101781.495563
79.112239 19417053.599740
72.652675 16465440.432049
113.708695 21182876.027938
147.577447 34739193.878204
23.860827 20311360.751350
119.424836 27335096.854202
47.336676 18976689.765181
66.997471 63285240.077414
108.447363 46740629.828709
98.086324 34827620.307663
12.025376 6862962.894659
51.308743 14877752.098003
73.740719 69802793.446994
64.637610 29418207.278213
48.638588 9625604.178571
21.910315 2223343.587040
107.664642 39115463.024968
99.439278 27856117.937291
152.159606 23473490.714694
124.536938 23511669.725634
117.247396 36979639.839820
8.142281 2195844.920096
124.281612 9180001.902682
119.243362 59698427.300354
88.461186 29548556.472644
145.248331 29060619.513626
103.075744 37926382.601818
67.911397 4802744.315411
127.534549 24284247.476017
119.768574 39840646.646814
111.302868 40221341.758598
80.316858 36217737.694806
119.294434 33913551.789651
37.914539 34663999.017082
109.093036 64716843.831014
94.925130 51952038.573777
119.589449 46325853.882064
30.498152 22172890.767412
114.058441 6004626.416232
82.348475 53088778.509212
139.335748 20314600.689470
52.542608 13609263.468626
