48.049642 37348761.398087
106.803856 18562477.691488
61.212080 20321033.952126
60.906210 42898173.851276
95.766387 19130711.673178
114.022243 37584466.192503
73.111463 47296014.954160
107.584838 7349683.439365
89.074355 77818632.890031
164.490852 17006336.602677
45.212718 55847939.616528
168.780406 15180209.353669
76.798372 39334243.422263
142.880493 40209309.563204
169.618489 1013633.750310
105.891774 50530845.347588
116.120654 65036068.187798
76.198182 43838802.885218
104.299408 21690378.518608
87.514126 46254526.751794
111.891450 9566204.577997
44.135371 15021510.352439
42.616184 40767892.051234
22.511604 11910956.565170
80.891395 55950217.431696
31.274268 13458123.360420
93.464823 24871076.049667
141.901946 20395441.788353
123.027478 35923887.033127
53.069664 18436292.950398
33.226071 29101718.587729
73.082203 77972508.105946
46.448552 37613991.985193
55.535498 15495437.400578
64.850228 27705885.333117
122.453227 41182578.163808
61.804520 36378516.310836
51.684666 41841190.439457
81.274753 52848491.252530
161.372378 27636650.974674
90.444538 54666035.401583
33.204243 7185681.740313
54.140481 33835499.726553
76.287261 45900192.651815
79.022598 8070349.406402
58.277755 18045234.936571
117.361085 20435468.549619
55.318111 31173227.681121
165.030843 11330568.813453
138.656473 24592272.803161
72.044955 41934113.158361
105.279808 47255066.577111
38.654157 38763756.731981
21.529153 13980378.096124
89.481471 29320775.853395
87.077217 84232207.306852
110.615019 59349931.570386
122.066302 62401626.722497
65.797952 47197861.511673
106.918867 31755475.791529
90.141135 46075064.490349
159.731769 12885749.917567
31.724114 18021984.339661
128.719815 50557225.931891
36.967889 15476910.765078
61.353210 46121854.675825
21.113966 23410494.672913
131.482828 10662265.039164
92.232934 28656848.925971
61.075890 55454208.772858
77.415966 93018270.021218
81.978293 56430322.887159
84.488324 27554514.488821
55.557410 20845606.497729
68.371643 28843639.549244
96.874669 110593715.878249
29.475107 13618444.598620
73.236701 63703418.209002
51.504852 32644580.121123
42.375187 28892704.784025
141.336023 20289166.040579
121.941514 16121746.542663
72.617816 58097497.908489
36.634009 37717904.935184
116.163282 27002734.455578
105.276369 29207085.040362
72.296136 36703691.000651
129.712429 5479185.305644
9.436718 10077516.741582
101.108024 51118653.942099
58.335782 39840461.903168
95.807923 15163497.748175
83.050974 38685749.704467
140.566386 18744548.244398
138.469116 27313101.102168
103.627170 49156805.557678
80.489519 24577398.753187
103.892579 62016119.487851
28.519611 13196535.097383
15.391250 16962881.195762
68.145829 16152873.006842
154.111453 11452937.736868
87.555407 33256481.359107
74.404560 25681494.006126
18.244310 10912237.027879
105.792540 82190430.988659
94.785433 22990435.610985
166.798194 15465058.381388
114.270621 37485248.124424
90.568911 42328588.534111
75.308636 46354753.394718
37.177932 26705422.425273
80.052270 30710530.134543
78.772557 30773662.429617
93.862668 59082016.385220
92.483820 22415570.337330
56.751498 40780949.425625
54.414302 47469955.185534
68.943156 53368700.870974
94.086369 37365089.159798
75.427260 60946781.202518
81.905401 88094226.713746
50.467453 21966082.350830
147.681709 7068254.608562
73.053419 23298399.798065
112.461490 14538274.154783
145.963964 25957264.831899
83.366368 8167484.744300
134.394751 17122214.060655
142.308076 37396384.219617
33.956406 8603990.230801
106.875471 25813951.191690
111.886269 48610688.207906
35.761034 39910453.609734
27.238907 9512052.703032
93.903442 47762535.868830
110.468272 28856698.656450
89.753396 62190882.397387
107.319408 41550728.091003
58.063475 60650778.702587
50.543102 36076378.872291
55.620796 18977009.346064
95.340889 53256313.773465
37.453166 22172841.346175
43.784213 34938452.173979
50.374586 16972452.900445
62.145793 43357640.260611
73.976289 55032736.414257
168.659888 15983896.427774
142.216395 55531361.725541
117.624441 18903789.780584
121.093273 49053965.668577
97.217245 25406128.065594
55.659258 31846606.425515
61.107419 18777704.651784
44.610738 10514133.495873
91.922775 66175285.064330
31.104591 23361674.978285
87.157827 27267408.539386
127.904847 49657141.947853
108.202889 59540471.779984
57.473007 22256504.781816
94.867696 45750695.727446
24.204806 12769632.240221
139.214997 35278544.707008
22.326117 14493413.232439
55.550732 14144203.724367
35.827721 37311724.146009
14.165979 5703462.826982
120.909015 65725620.470713
79.501745 19861982.225562
42.987932 31533325.638565
103.444117 28972250.711105
64.177159 65230865.501246
106.077435 47429599.462347
37.259214 40332637.788503
99.342464 83724132.634207
110.969150 37986900.055067
20.659596 16307630.703493
55.726850 45677451.653671
41.819557 38781166.206312
137.791865 30012392.329924
105.419830 22452342.837003
172.184482 10121329.580758
6.380747 3494043.217474
130.075876 14346997.879368
145.236664 23070863.562200
6.223461 3806197.524196
35.453206 23016790.595378
29.215349 8433144.118714
52.626457 55566944.772751
73.313206 31605471.757868
55.854752 41415748.160644
23.167744 18768134.162540
137.475049 10865367.313501
71.166109 53665356.697598
101.068275 30106376.417211
145.896523 24375898.016322
123.099881 21193764.612274
137.245362 29028625.531401
133.375297 37595337.607012
26.094926 11328881.102115
112.934419 35557061.543196
134.655440 28422488.139868
13.028191 14083417.960796
84.462362 7942583.283274
114.189324 34628692.517054
42.113681 35994416.086257
163.893939 11243685.695498
138.772382 20282503.515980
34.689775 20361768.904885
172.683686 4113011.457251
80.287549 63292872.783477
103.502646 37993648.707355
113.995892 41009217.441106
142.509978 16823779.812883
52.808760 24804641.103106
22.908850 13792764.284584
32.992015 22410550.018615
147.674854 19810137.117116
72.539390 22073868.709407
65.786248 85992865.365509
127.861567 34763121.180775
126.848610 46281618.462567
75.573044 53125604.939596
102.071915 21548246.630930
78.485868 36704620.506507
97.880480 11617071.001995
8.283685 2327820.814585
24.171430 7875805.813555
39.736881 16550794.328493
78.559829 19314783.348133
111.397891 40469838.298345
64.484114 38913071.229899
159.866581 29864135.878405
28.782226 11812190.731515
84.450136 20972588.446219
55.643896 42848750.175307
40.765049 8391978.336495
103.596687 34434883.375978
59.958604 39978677.411175
133.869441 29098509.591947
22.141575 29078278.913761
9.236346 9457848.443896
61.869356 35232671.903188
63.331575 40412793.411403
71.191294 27046587.847922
56.900836 19109766.813889
77.693301 65893589.817514
98.885077 34712164.089819
121.566284 13446136.032635
71.556727 59233353.319153
160.398461 9438045.300050
64.926350 47492406.343635
116.197860 37305271.753960
127.257202 52218055.781811
81.945308 65569055.268119
117.240316 60803705.424843
97.603345 24230738.280623
132.326516 39790553.735068
47.617441 9466059.649836
67.947611 48611929.938365
151.609925 253431.568996
69.677568 33729100.417808
92.212812 62627387.649694
23.312940 24107927.985584
100.193594 33964315.794110
134.362682 3341196.998388
23.483693 16196029.166486
46.696832 41687191.951241
117.306558 58050308.785720
78.724514 54191173.676739
113.062494 29047838.844007
26.141451 27896764.490168
101.971522 26392496.423932
101.164721 33542402.078537
115.100584 37045551.601811
27.279368 15872787.477767
116.749404 42908186.304902
55.563374 52748133.495126
128.770345 9474847.891957
162.318452 19152428.171255
100.528753 89190456.271860
98.459397 76132721.491871
125.382413 8034880.194814
33.516087 14499936.964997
67.264542 27634594.654312
35.700737 19015803.474046
56.255517 41206035.484233
54.645598 20784502.192138
43.804719 32579035.208012
142.157706 5101441.171552
47.472294 20367504.164243
44.184073 10641895.285448
122.307272 40871919.705634
72.131228 19342377.235767
64.042193 19020952.409573
103.300910 51570307.407818
74.729502 53983501.047004
45.309017 31389848.111008
77.823999 26194830.044473
161.617765 16440721.719517
93.679154 37947075.261005
69.447352 54212423.512817
45.738251 37618452.732540
60.276162 4349673.427971
125.101893 40983406.453228
120.005740 41372262.007455
99.512020 16404585.125255
41.580537 38617872.007912
134.586685 39435466.050988
122.176018 63195763.266139
102.664509 35164111.128103
7.873315 6461947.907902
104.472195 21804264.612484
103.171227 32001729.334184
49.756515 11786798.502266
81.479231 58828014.900285
91.652503 12377094.559607
147.483567 14673138.017915
151.573892 19222939.259511
151.241990 27408284.902509
67.723820 20637933.261872
75.584746 17038148.810514
68.853574 65418200.534182
89.911289 45913523.324316
152.864423 8401188.343130
149.478129 40380641.718592
125.433942 29268544.900456
103.585962 81060158.185240
97.708434 26741452.650703
76.584584 69989455.102156
105.661853 48817597.247169
78.694139 30828870.628900
120.366865 27868457.211389
112.918913 47083360.574619
115.302833 39987242.053042
90.181458 5980646.086921
118.955062 49811558.915917
129.581958 50787194.592617
49.158707 43816294.689761
103.437083 29909323.861733
117.358709 23950087.787952
52.113698 23298840.881785
69.274398 50381190.366862
46.526362 23097282.701323
61.668241 55477170.723100
119.572551 31078401.443966
102.365097 44604818.773700
44.047378 12691990.624572
47.358754 33540707.393173
24.189459 6354575.226213
100.787064 25359986.738014
75.552853 31538733.071368
114.755844 22937478.279281
91.020685 34276179.577123
122.266013 33087463.774618
115.575601 47632007.720558
67.947300 40175008.899141
72.318741 40849243.127053
82.156043 25674632.170127
53.721036 23171134.148823
19.222116 17248504.079033
83.264893 51803957.766862
75.730030 55533247.988455
101.744176 30247095.871516
100.905942 42640648.262923
42.533122 22521327.310435
105.203150 8686289.576211
37.819797 35672928.221402
54.644184 10943772.847112
50.189492 63259688.949026
42.999935 38818037.570771
96.929156 22178146.711976
72.633443 50395347.435130
52.661835 12724632.116556
63.251901 42245568.237502
68.616436 31194844.092223
34.727609 35321482.110469
123.175772 34743373.057539
99.914354 20772680.364400
112.121530 26170790.440046
53.379524 21225838.697579
127.283714 20927516.548054
95.230439 12292974.881404
8.264174 9248527.104297
66.496806 37871357.300764
21.680193 17934725.554611
161.425345 9731139.110030
36.240521 30611037.447548
97.755484 52650918.318766
74.395734 29102274.215231
55.347723 18925528.245205
22.438475 39940714.125046
56.028574 33830857.036245
133.098743 20369310.918259
105.123081 26556599.799174
106.644192 11852586.318527
115.711625 33021346.504616
158.020475 20926362.842465
164.902564 11573087.840253
28.286539 12626374.715508
63.752729 13141070.335073
123.125060 10579811.549685
101.888642 20022401.784204
88.792242 61774287.651596
26.482802 24509547.482555
159.730483 8486133.441150
123.982297 27867302.576875
80.047244 23722638.429734
18.177272 25492283.917290
120.102837 42229538.880487
148.053870 15502772.437110
141.473092 34754214.349412
82.648747 36447276.493240
161.883687 12568966.099402
107.942040 4500461.588343
101.387355 15600396.467968
33.227312 28832251.927494
117.388020 20505924.155989
10.279553 3007880.057636
60.337316 33902655.142369
78.392248 18400770.831830
67.027236 55354633.786546
127.318062 16190134.500271
52.382439 44631735.706596
136.797066 20580541.889433
120.643190 68440232.671956
55.413001 8300992.316898
88.787732 20844377.186705
79.958203 35220941.850785
136.482050 42391835.715702
47.814443 28117616.510476
90.723709 78649669.220883
64.385077 17840864.034141
116.480437 21035495.166565
78.801651 29092370.218288
27.667153 35757061.047461
167.154307 10410363.382186
133.838616 6089521.216156
81.373653 74921560.657720
116.978992 36824934.354977
61.882193 41871847.826240
40.447853 25620632.692461
79.269908 41336991.497192
49.891309 33438221.742805
102.584298 35308829.816916
22.368805 19245278.413509
131.254200 34098010.387867
72.323007 42434653.446946
96.363222 74634499.006361
71.534396 34909818.193867
115.767404 16104033.963834
170.381982 7248378.544535
117.320368 30344302.583275
30.604968 19213723.494366
70.036152 60353050.662133
51.145837 52123103.340748
110.640472 24211617.887840
66.305967 43037081.462546
45.458285 26159118.793969
122.057895 54341955.019676
168.033247 2161103.947723
136.236539 13909818.726951
78.532360 35232162.417014
39.619691 29315863.373639
31.674272 27331053.798259
94.769923 66758592.231499
68.288498 16111439.640870
54.072624 30405086.619236
116.375596 23051349.378391
96.686921 48316353.960919
45.575736 21092619.072218
42.174936 27477274.447242
98.352623 70736513.428281
92.910012 44501170.305832
115.572049 43526405.305549
94.971929 6901723.577872
23.518744 26025091.487086
135.109744 53702346.546268
163.268846 23415813.621967
58.040300 18898609.776031
84.682409 20449856.880345
47.249240 9130443.681804
89.537709 71403073.668858
18.272693 10156488.933412
10.019141 9065120.815651
80.394975 67705461.766248
58.213820 47594150.822224
58.432826 45764512.883399
45.173517 41563414.793436
115.285700 77735983.096162
26.337894 32681403.055342
75.615512 49687888.976435
108.074805 30139547.698940
75.844146 37040177.689895
99.328817 26161117.498173
102.490092 26549451.154285
143.985957 29527947.865985
116.641708 62485052.074760
135.854013 56906671.326666
122.688823 28506547.457303
129.026288 27550110.329216
106.334386 16795278.390833
61.732545 50786902.390287
114.623234 43681199.125103
137.558962 48361599.531131
152.910748 27750815.724268
80.571056 29492886.946037
98.374412 36206929.754565
112.767453 57740394.945689
72.802906 32788446.507564
30.967482 20887918.662933
108.867697 45272007.742191
170.326597 7897387.275552
150.225328 19884826.518023
97.846039 15998624.492261
113.085242 70508021.903158
121.547434 30029920.439128
86.982739 38982115.006126
122.709222 22118532.099634
54.686476 10550013.922819
31.978155 27034525.697668
98.557186 47666210.890915
153.253521 28662908.355515
143.266405 28236526.521894
140.169144 53348796.216977
140.003640 26445674.166064
20.141637 23254405.765858
81.277006 40347766.732750
64.942546 20399394.249912
134.599926 39931504.793985
34.732821 19980076.556545
62.662148 54717288.024075
70.602334 45036894.813003
85.762751 23633143.582841
75.708154 23087837.902477
131.752055 26005240.825652
73.658439 85303407.434091
74.522479 51723516.789874
46.766201 20745586.309070
102.637173 48254890.660436
118.735894 41065674.752087
40.124873 29403548.998545
11.344109 7055538.089721
115.304242 6253576.530041
62.537323 20494067.077591
43.721742 41932504.054995
43.545276 38045364.023253
87.344562 78637394.014071
86.380379 30060668.323707
53.233543 33537611.296619
87.474350 58995045.537317
68.244496 75538139.429774
55.768258 31932437.764644
162.885465 16917822.088274
86.336365 42899898.229174
21.523483 2502934.225312
102.951978 22314334.830099
92.675652 89187125.721577
38.225923 52845689.632714
144.353098 8272011.690355
32.555591 30718636.105420
106.067823 39349676.198376
104.494506 20513303.474592
65.825842 31020940.538148
49.649478 56416189.182990
86.276619 24927748.492225
48.006251 18561633.394710
35.861199 26383970.798050
123.249957 63198405.616442
75.212281 38998573.229234
143.101541 44382984.439247
48.455339 55891991.493155
74.516843 21029152.690476
112.746895 22506691.821887
140.028229 19832406.604068
64.542462 26526920.959523
134.982801 35893544.988971
151.115903 23744581.403106
114.461193 38416689.413000
68.426673 19158509.602084
40.156122 35517408.029396
10.888841 9211453.258257
113.567415 10113538.722859
151.110038 18551684.195698
158.484348 12307880.841700
70.047055 19846599.691637
35.086045 38178571.730154
38.102423 23949645.609556
91.211826 60216405.165477
122.863248 35066923.832816
27.762975 18892495.141423
151.793980 37950301.166427
73.055282 25165434.615636
11.528863 9406279.018287
142.148706 25818175.578301
83.325737 56443712.250326
79.993315 47957584.004465
6.747375 4673460.970356
128.308896 36723929.130086
89.609166 59567078.360304
138.793489 9352702.055400
101.790252 32307858.117816
121.898844 17907251.102875
90.430755 43024949.916121
35.320195 12005304.305535
124.110927 8246267.898188
73.570806 41512886.331898
96.742073 26109708.724790
25.487409 17931929.719167
102.251208 42469566.798334
52.219593 11510931.699285
146.021258 27562608.490612
27.041406 16586701.803677
66.870945 29431216.108165
98.547313 53393382.634894
79.719021 34552003.039875
95.365184 65148926.462254
26.248684 24530237.655637
74.564882 33412409.946581
78.953923 19346918.432279
113.737383 62646199.075110
112.735854 62255709.020841
29.153747 20308868.521780
98.507624 96650603.034038
51.133568 67906868.529840
123.999990 42559783.836093
98.167315 66297577.420507
150.933450 15103123.106607
94.459509 41614057.752500
145.116684 4437407.950751
150.859257 27290467.646189
70.526973 50742583.367584
138.824465 27671393.261684
119.872875 42915126.056733
18.102909 5978766.386044
141.788707 34919620.131603
72.602303 21741680.325475
107.426491 19915614.553002
117.541730 20268267.492128
37.432457 51136617.973469
158.577582 5293683.182549
135.601575 25949851.536553
106.766420 54176823.741510
130.173334 23007256.219722
124.292018 29552872.207090
10.301319 5441766.128464
69.762388 63184221.256359
145.702351 5686291.924604
81.979391 31336231.394537
120.180564 49030034.341930
69.515516 38116962.730988
70.800530 45441173.349492
147.890310 25259781.547726
32.636426 4908346.550623
129.608400 57248482.800686
83.001475 60375067.652025
38.730503 30107164.276083
96.479399 73101975.065621
46.799424 42629746.391822
104.211168 34116093.246663
84.508388 24824332.470471
110.356276 73877824.012553
70.489451 72777571.165361
96.977745 14218895.456204
78.166841 34445192.696272
103.067536 22099868.601055
110.353102 12425957.701003
117.693153 60107686.290704
86.976105 36953091.520894
77.935788 100737896.596994
75.765504 38379343.326874
85.303898 16426785.592175
139.681658 37115574.503917
129.632957 31168060.888451
142.530159 43362885.216551
10.450350 6339796.209852
24.088872 17188114.346446
96.295241 32493593.422874
11.419080 9648204.625242
155.358430 16665735.739214
118.561534 35970559.876995
114.733881 14002304.666143
131.403268 5166284.837409
59.377513 40537700.621780
160.068824 9514014.352761
66.275876 52564987.594124
79.741815 29066972.810565
98.151667 36905905.032180
47.994200 23520320.092327
133.483551 54611684.962810
35.531481 46293519.887462
61.632448 40348874.806475
58.544552 56441430.988719
104.925871 54404641.110834
49.422270 14359002.452053
94.955989 31228918.419907
79.159691 25752318.666016
35.175988 22311369.648171
74.457055 61256160.509611
167.685556 11570976.130858
92.447652 67024615.211492
67.410394 63480050.505851
95.883443 65237651.583169
89.872834 58246471.434595
11.304931 6785151.113367
57.872457 31156247.172463
56.265676 42265252.866568
132.027095 22314034.949903
48.362385 27243883.674939
157.518261 27185673.179147
148.577997 8091713.969615
123.829333 53968031.224913
59.521099 5209448.969195
83.919875 54122906.210770
136.127984 6604282.874897
41.574996 30070830.498212
91.872361 13272588.482532
82.353226 37212473.799606
104.254130 53137732.111334
69.502659 29519882.319249
62.177268 21536127.041753
102.277407 20146603.144452
35.886550 18703255.717945
43.338524 24341280.246285
75.902698 35399569.286995
131.417894 47794479.163095
102.685335 37931614.335696
119.082392 44835247.284294
55.377978 29552069.546773
126.779641 29711729.280558
62.951447 57747767.151904
38.209477 34694577.486844
48.594477 14912134.759296
114.223956 26835915.589298
25.136897 16154576.045673
153.399755 18854038.930512
131.845330 13734085.024833
88.102738 40484495.978942
113.871696 39823012.177637
65.273132 31267571.390213
101.379584 43463121.919580
106.037910 46875563.052232
70.863451 27163695.720916
55.866656 36599359.077929
32.848500 29868209.365838
38.993123 11543314.624366
51.643217 44001297.840436
69.394466 5869717.868831
58.576303 50019990.912186
86.458081 64509103.271585
37.417870 31950123.618079
41.940198 14789045.899341
123.920552 27982741.569057
58.799534 24597986.933557
55.218493 26297555.566917
71.054063 9948683.714710
24.220543 22323687.854006
94.001478 38814156.261348
67.669564 51346714.868582
156.281034 28841190.030091
40.781716 8946845.979488
140.129099 32305991.272113
78.264770 20741791.246148
43.321130 10746144.646667
137.814966 32509907.050493
135.666606 24496395.207613
105.518456 29819930.900497
168.904588 5884595.240970
69.621592 48250928.781434
127.503751 46346167.112147
75.879276 34218767.228724
54.144455 26226673.594307
61.067588 60415712.406290
49.678534 71817425.128320
114.964447 23067407.017284
50.094119 28979415.446540
141.521821 32709660.458496
147.806552 5664558.202235
79.369575 34566045.876940
39.729610 7052215.894882
60.650786 19461603.325535
55.150683 29233797.566125
159.422941 7114349.309358
117.922013 55336237.454263
88.018961 46675462.809041
110.891408 62595648.866476
62.433177 20678317.257881
52.516485 19399180.986307
65.534594 12433527.019585
106.308231 44071998.528434
25.153555 14011890.838329
71.824338 79694177.677475
30.231582 4372340.270288
64.851997 44485903.821474
94.047674 60001776.933351
110.209270 41960568.589880
97.921545 52157598.549513
132.463801 34911528.108673
139.377446 39684343.410140
53.630684 18097318.630028
53.140473 52458950.215037
95.864487 76828186.651886
87.122896 20062762.386581
125.852266 47071768.448028
56.599405 55056551.804849
50.994863 8785218.623343
43.331657 46778653.854474
140.841670 24915892.024852
36.036422 15181797.136696
149.930371 22539799.505276
87.200065 49515848.829066
101.939018 63041327.257160
79.608998 67506961.462584
119.035695 26179619.605619
146.809027 16092548.174132
27.240908 4958900.625113
135.716930 30213550.012218
91.780344 51183795.622946
150.964762 14629505.987010
136.810409 28433832.146255
149.222092 23965876.062831
110.171036 58643388.223906
102.426774 71529725.711728
71.098318 19262800.953933
113.750286 42517209.730956
101.943836 57800614.683423
48.460790 14982532.691569
35.813286 25220048.386588
62.564741 33543915.934765
120.573077 6108322.018038
132.702788 25697931.189898
66.679968 14828953.925660
101.168761 47062725.469080
74.198779 64775566.450637
112.225668 39177100.214686
48.881104 16897709.663344
113.829762 16264040.120532
125.916370 9795279.706224
33.181712 25588005.575049
41.703218 21310495.145166
143.509947 34992315.846186
55.385950 12773477.303305
81.158604 17899511.388431
11.992439 5408504.937337
107.268578 66104795.587241
118.550794 55099673.376362
141.920237 29527414.657405
112.862484 37160842.239315
73.030620 32034296.980927
64.351212 81597767.601493
71.097507 45823756.704974
138.602373 37287424.080690
80.536289 36100499.062579
88.618617 45455761.751579
67.509306 10243150.959516
101.013906 29825253.835661
57.616236 24473645.237416
106.343791 44155581.793208
152.993325 26474536.935331
169.255625 11631407.179742
103.337744 50350995.740805
81.160111 40596925.488247
130.674060 43854437.724727
81.592708 22234167.290375
123.521792 39106859.002135
130.364521 38780854.841890
92.322264 43004220.022824
50.714733 41599865.091043
19.489169 19632946.239011
128.096104 56076320.423596
27.426898 28995572.201001
107.755930 43914615.643377
68.824600 62731321.887511
101.848647 95842897.332093
49.365614 16068694.348353
47.874539 35135459.424520
118.715857 22028814.035637
99.711887 24946182.693056
66.414314 23761268.586166
116.759720 34026705.913941
48.983671 43716263.198225
78.266542 59104022.133079
104.679380 50861792.081094
161.517520 25853545.139550
97.217674 10504127.417589
34.255127 6331111.927081
71.041021 31479878.982083
135.603355 25057497.974062
109.543689 18611845.370171
11.985268 7645561.498830
42.370505 16208192.716941
144.561863 18743379.917844
97.492062 19578062.009851
157.541431 23189460.513088
142.907450 17941724.531703
82.082273 30933176.031015
140.925711 31141625.645206
134.045493 19542719.859801
72.138497 43764835.006554
81.783608 46352582.198338
122.328456 29753773.616520
103.082984 32928810.200518
54.585961 27261506.306056
66.085367 10791149.769974
66.032486 45452076.776752
48.003888 31491942.015558
130.560204 23440157.325721
41.923448 22831588.781355
65.885702 38688758.092974
98.405584 52703987.334193
43.017438 51897297.680010
92.136725 60653322.193960
153.808112 19395786.501519
65.510972 39155741.507956
170.480889 4027238.652621
120.714850 41151406.434125
101.339238 46754676.560972
75.928727 35136483.587507
149.056262 5762977.517914
93.001759 19184679.148784
38.680787 32626436.780158
84.918566 22981406.578785
133.566269 24736204.792763
110.981572 36093551.937292
46.658848 36512326.220131
149.931401 34276890.819468
87.590923 32451053.610391
167.381671 9475133.184064
85.686224 29194410.699589
72.714871 57317977.472093
167.675034 14090686.280243
56.496316 13121246.818393
106.380425 43451318.456167
99.491669 41319341.066517
53.239736 24810829.766595
135.283792 22636697.173004
73.318924 61977470.684353
23.044300 20510403.002391
22.228338 10571547.103564
94.052342 57328536.399016
142.419470 27172361.075900
81.033678 47693522.241899
91.063580 57284863.588419
134.442555 22666066.479643
81.204647 46679568.825470
141.520718 48579741.953598
44.015526 38182569.729290
38.732252 34277319.043315
82.576809 36224821.222452
120.514617 53420601.276201
79.585886 54377051.857326
23.689404 8462280.194552
87.486575 47917083.034356
31.077597 11975206.643320
120.232841 28319874.200839
69.974831 35955715.697432
25.243446 19755308.588635
4.634207 4477136.514571
119.600748 55888878.968970
97.222700 67676767.369823
21.126088 8222643.562813
44.811604 50449419.562675
141.833894 26355801.717889
115.134012 17897771.275190
105.088498 48454549.172617
84.154545 77242359.030871
81.336376 26463812.408019
107.171747 25534040.987356
106.788703 26353458.124331
32.521132 28284693.227706
69.083165 45950563.939562
60.496148 78309026.373343
140.554683 25697453.093566
90.526057 58959017.567868
22.260662 4029803.549584
117.597553 20568848.281509
80.353936 27089366.422932
56.499526 24771492.187560
82.320118 114775064.721789
53.410176 18475600.474285
131.131789 18090576.115312
62.701835 48801152.983341
59.906571 42094012.880487
89.798329 31800058.442274
47.624969 17497168.604882
114.741829 61241021.364513
99.595019 51106693.948625
51.641966 33105922.759968
64.513336 37466885.420367
79.647137 64831229.485928
123.445002 18049379.668475
61.333596 30083732.841143
124.397133 24069696.973199
100.562091 19531108.086448
120.108182 51974765.032386
39.326608 41615704.307888
25.923142 21195841.507615
132.407146 27033584.499620
