40.683633 6465986.153850
86.393983 32235246.444271
95.412221 28452506.978808
21.774582 12057062.902092
138.300901 36178950.409259
109.864338 42250070.693604
166.510664 8167432.721241
139.436211 29412623.323916
64.660470 56706054.692914
98.781710 22940899.876911
102.638102 66556856.928529
133.634784 29701780.953353
104.127954 75545549.225265
39.904446 34215967.986724
59.274776 56540603.168525
69.782187 48047049.528131
60.458889 50113893.539980
37.986259 41737932.183310
45.982836 46584607.348621
160.157812 14154557.150603
95.645354 80593859.016209
80.580231 27964987.845101
55.463033 24281752.332863
55.039529 21118574.474903
110.705685 56113738.931060
166.471578 15588629.160213
58.759207 12922886.531240
163.941777 26531000.375668
93.699816 60224012.463901
62.862392 27182812.285188
98.099004 38804607.378881
117.023887 23961840.622565
79.398037 54272262.064868
78.687419 75122849.685600
23.636074 7822827.638001
28.413302 17978814.674310
167.283989 10000937.742339
55.920952 32703138.763699
76.854143 52376451.028072
78.171862 63210127.485484
39.493625 31588447.810213
41.058205 14733750.720185
85.261481 53185572.114895
94.328514 78704159.781706
86.234027 35482621.026852
60.327291 37519725.510069
28.678941 19167513.350378
88.021247 20605008.019539
153.127239 9171537.584196
118.008099 37664254.852506
92.150510 28313193.966646
103.261887 48590807.389421
44.796740 14680908.433403
129.369360 14351266.167978
130.317384 31166991.846624
35.245950 26872109.461950
60.449203 30301574.465885
81.094894 40483899.313677
5.182113 4548238.970399
85.300741 61403148.978571
70.564386 24723423.426042
84.382499 52875541.237138
103.884698 47500661.334404
42.312437 22740581.608583
116.423154 33911463.819807
107.383792 26580686.486790
80.041319 55079314.697349
90.290401 31513982.509589
110.020810 23229445.960376
50.422167 9013514.756376
25.807745 28495802.470843
145.273816 5064286.155622
141.077271 33384292.626242
65.739977 29325482.913212
18.737820 13421025.482376
67.661963 16833957.583746
25.357403 32414198.221526
73.449648 33996413.133560
67.462830 40151517.199534
78.161657 55806477.963915
79.585634 75707948.528013
128.366152 17958650.012159
14.973591 6085359.179946
85.056279 34965255.327229
70.250139 47572859.977084
47.745532 48486984.660481
111.221133 55457339.413284
167.313588 7424740.972263
42.593855 37304127.808075
50.166989 31625878.221519
33.738167 4987808.898719
75.971146 53036470.225328
55.218996 30283420.982417
19.318428 18022953.189072
92.551668 20251756.337945
126.138952 23565974.470592
97.374969 44035795.020701
141.328651 28554631.319269
27.737470 5797926.496702
103.332110 52983800.644718
157.437417 19310410.129190
123.819185 25425940.000810
33.018279 39769455.828666
70.150327 18976456.281688
117.096764 22836242.798471
21.291562 18330139.394852
121.064727 25086644.149144
137.707725 12941231.505868
108.754912 8733238.311649
31.279632 25760137.105693
22.908852 10476984.519201
14.063748 12285989.539022
92.755399 85909399.174957
52.209643 24180776.846031
96.603331 27107393.097263
87.004268 40598865.668973
48.112982 20264586.798380
68.729324 26921982.284617
47.239751 27598556.192413
57.464641 43328775.236839
63.911160 14207837.619948
159.593205 23874793.597006
110.303561 41114919.956520
120.790604 23050673.428851
79.471200 29988038.290994
127.491214 20962325.337246
60.243197 21357205.438521
117.754753 31033308.015122
79.604331 22119039.027471
81.655818 49911292.320289
97.669926 80870555.401956
58.197729 60241518.272909
36.346252 24937618.988106
126.597025 17354087.922755
64.823095 33484133.602808
88.093266 24507486.197990
116.015260 40136509.926263
128.167015 50402420.973863
73.243210 11028353.005344
52.651586 37897671.916005
32.945475 21099404.599127
93.887994 55903534.212931
84.046772 69945136.395803
102.557783 13138177.420189
41.244555 22021087.416068
139.528448 39170806.314381
36.544184 20751302.746484
66.806483 57734598.922081
127.597583 37623316.198063
119.942210 54035120.239276
60.540689 58592791.826379
69.929388 9101244.054754
71.428185 8682845.396091
69.561608 32459420.360424
24.648620 8110770.668604
39.984709 22344708.249059
119.220735 24446424.946147
152.581165 18568129.217587
48.765403 23342352.716147
55.974591 27678848.316191
69.197628 25352560.375820
66.198556 46822829.457846
109.974968 25698837.953710
95.277604 82715640.725327
27.032292 16416243.324536
143.793684 33822533.890672
125.980135 47250673.165115
80.253529 71786044.101593
100.502999 48686558.341287
73.659963 62260073.408892
146.183925 2804698.942733
85.153012 47753194.762730
70.989397 47517699.277353
112.467146 20174632.255237
115.653402 38398257.236073
24.040818 27163347.738716
73.598920 17248013.042390
46.909599 13252127.669916
77.692389 37510161.731559
124.685623 9165332.314524
116.992497 48894922.323721
104.233827 41194516.439822
51.148627 36577562.667239
64.071809 54295925.123981
38.492642 47741571.770093
76.309678 33693919.451018
66.856744 45967227.415363
78.997675 17180636.400105
130.250529 53737977.866715
9.543530 9635372.317307
144.013573 32341769.945228
91.007614 50296371.148097
124.801621 19216510.583416
82.234944 39850095.646059
111.312468 84103499.869932
159.730289 14301342.683672
95.049978 10123768.026765
69.224495 32505593.157014
133.497032 45623363.440050
121.301932 53303658.958203
110.327386 14553244.293264
104.454859 64252379.657968
103.421508 29807976.072935
126.385538 55931496.605838
107.439309 47092224.428528
12.040925 15080872.999336
78.506066 57100304.675118
123.643616 29232547.827900
138.275247 36781977.524116
138.201220 31850319.473244
116.281942 35661511.921415
10.932591 8264152.963651
55.181460 28301648.517539
99.327483 60405910.425718
76.425732 45158040.317015
123.693932 13502696.119839
38.103057 14625657.214937
130.525440 44971560.163731
65.378300 41240411.785172
80.018576 29466406.414162
85.130920 53607576.207217
72.442787 43076579.557108
107.096513 48794133.220091
85.947562 12493046.691378
137.723279 27917401.140185
155.749762 30283328.568490
90.853151 20342014.555683
144.108996 10619917.529077
90.505485 37701357.177881
138.104711 41183317.762596
37.833864 54527711.290261
72.336941 21115401.318184
73.786701 59832815.617143
49.179241 25310145.280650
76.646622 46524627.501377
93.106709 65956477.262936
85.148494 50051958.533397
160.870072 10255454.765458
131.406619 16367103.862226
116.664817 35141601.271445
112.335524 92981582.174518
90.038477 46753189.897919
127.447706 31156780.067215
9.370499 5036609.701774
114.938478 52625922.735889
82.718823 44542648.181519
140.633223 19330327.775723
76.035742 54188267.035349
106.622381 24571593.452099
76.090357 24841470.589881
106.560410 49466857.835833
121.868925 18040728.380535
102.568024 62286965.472040
138.565538 30863483.733473
73.468931 37365640.834286
96.273691 19840567.275175
35.232958 12509043.772488
77.312072 62628177.616452
89.341055 47861882.003683
92.334654 48893590.687209
123.274914 11022526.427440
92.612480 36166323.506853
75.902553 33368460.518170
139.873383 19295416.139696
142.651305 24162544.155189
111.993085 73081447.156234
67.581441 44086599.706316
46.147134 16644246.675503
125.724292 36151465.292796
46.460576 65678570.722372
120.401498 43283778.274636
82.844278 20137771.359296
104.366661 80870697.936743
32.537520 23694108.318786
110.857344 55408696.736037
20.177142 21011060.872973
102.260008 38316573.630705
107.565243 41066289.856156
164.760424 16152489.851125
40.463518 27193761.952358
99.667915 68978171.038832
64.252086 38827777.161712
58.850078 38494964.772138
90.133091 40085866.299691
127.160319 49785009.771454
95.927760 74539816.510286
30.237018 23918195.195402
138.444244 14087197.317461
115.997089 57345262.518278
20.140629 12017921.541995
89.401800 54418843.862367
116.409970 55815079.781666
93.571672 40165680.875865
116.349257 5317933.791806
71.362057 14260158.435767
161.571383 22653082.359191
59.611074 36867975.105749
38.799037 27904999.464988
59.399792 39474431.641026
88.028236 55798339.038544
22.153176 20762133.703369
82.184327 58463623.960361
109.127464 38751909.956316
79.527161 47471719.496409
158.669167 19721769.136569
63.514467 37022220.160386
46.324160 14845783.191579
165.712239 11452969.977697
18.715066 13699596.643522
105.528591 23962720.032515
161.240167 6481843.928538
147.322113 29282035.346767
138.737669 21925336.110890
126.288215 64668619.970141
48.684285 33657318.189152
79.587137 41259460.382149
143.916429 7728455.196976
69.470375 75055185.890917
78.466956 79071573.409493
168.745994 8053109.576756
166.062155 6267729.070795
61.794823 54940286.963259
104.259747 35476015.092263
3.217083 4492180.464649
134.212385 26130706.973100
67.090815 51820199.832523
59.440791 34310256.484254
137.404798 11174673.406419
50.778630 49617393.461079
78.394841 30872113.565042
16.071189 14177951.982215
36.041702 12067146.907254
131.238871 29897112.829989
48.225537 27842832.975002
114.416727 16088497.910887
69.957999 29707708.171382
157.590559 7923890.410540
82.650615 62949346.024429
120.349960 8444894.238943
116.426431 52930190.679414
118.756318 14493288.886756
101.407890 37810433.689627
92.219200 49972188.994206
73.453192 35314223.748887
76.499491 58072746.044988
49.464502 11036709.693343
68.816751 34265318.994465
61.551348 45684351.865546
88.105298 3086831.081169
135.523421 27778956.849283
114.733987 89702258.432987
96.472224 42724376.377671
142.186337 25493678.880391
114.336310 59273072.708833
102.404836 27280933.171737
115.481669 18803798.673336
101.362492 72796577.531452
67.372896 38190716.540413
116.213080 25660090.269134
156.651422 10220148.655532
83.203854 27434474.185720
74.718539 25079005.927177
91.160324 12416362.211480
118.988114 37837119.435529
111.297590 33908681.314885
55.790787 53912957.695030
96.516359 31367328.902632
82.639527 81344416.220532
134.913742 39802239.943998
141.929821 15012635.448217
74.029059 27833234.818803
41.829118 23894789.407668
67.881232 46930897.053703
121.938426 9829071.712722
161.371275 9882452.136335
80.237177 86964860.433452
74.555363 35220526.156466
131.168909 9761027.940098
30.094900 32625885.858839
143.413645 26851765.051058
21.537419 25049647.869455
62.827491 31021751.072770
121.402885 19756659.257524
50.149161 37320652.775676
145.944460 20859840.926062
45.294100 23210385.605042
78.266038 59414676.576896
55.424750 35372498.795510
43.575818 13798838.071222
39.724718 25785836.617653
102.665472 14304365.059393
86.077480 51121902.759275
78.784387 30197233.644583
113.112083 9645117.197096
116.327331 20026578.397309
83.083696 8739140.955242
86.332430 79956968.274553
56.411504 10386806.334924
95.969214 14470207.287526
30.379139 10491736.449528
65.973539 13617125.746325
25.674003 22344436.312072
77.487513 44130708.159040
90.084460 43488857.183050
134.010330 27153444.127216
86.097461 37387132.343514
101.219947 73207826.965699
114.840101 12265015.132572
101.285127 40318358.954813
104.457979 38188960.103538
77.021921 56397477.215191
117.764177 7489558.750513
63.136588 33217029.838349
129.691833 45128792.198752
83.883194 7903628.166186
51.505707 48998544.644450
177.133648 1654096.984186
29.205532 13744359.719649
94.674149 47173862.750160
24.039377 17157629.512673
70.821474 50254247.183215
139.851568 12281093.643732
122.246332 71989954.440486
84.114206 22728383.190656
104.128530 34311722.220344
157.630280 13178067.625556
113.888156 54366594.702872
94.780209 43958406.980204
97.097758 65435183.284806
130.566853 59825915.065062
3.939487 1474209.737819
113.138785 40424814.184708
113.035498 26622287.901119
31.333606 24785410.607022
158.270323 26496150.288264
63.260617 16798575.936368
126.122991 20357764.681022
118.320272 10111313.477896
39.751082 40444245.005710
156.889899 4660526.837407
78.214829 49016878.846784
32.670848 21705395.167895
1.292792 188139.688848
99.153576 40940408.752358
4.367019 3857493.774072
51.501380 56645011.854212
136.378340 14074570.845373
88.431168 42781705.800540
101.089741 36468545.443072
136.996289 5301666.965801
82.949674 61847847.759564
77.403706 71021427.374388
42.452868 40780162.134222
65.657805 25793210.495567
51.466574 36596234.092390
121.476079 41290077.364764
82.103568 61811727.682386
103.338567 74785000.778686
57.818002 8355481.666605
141.134249 12271260.689880
72.700085 49577675.689192
49.032043 38771713.494708
107.447935 33684809.951506
106.531055 4204636.921730
64.473633 22465895.462153
118.682945 47250715.777177
142.825373 33969416.531118
118.995675 37234568.446674
54.818685 20141370.048870
68.189283 60674399.565162
61.694964 24882806.729355
108.162546 19765776.153075
75.086682 18323149.638156
25.809755 16856129.891893
57.514676 29721452.677767
2.495978 1704421.984218
99.485340 35773835.827684
95.630399 69163955.178503
65.087724 35281753.873157
22.884448 10217234.831541
135.340781 33256966.458691
110.529245 57839346.733084
28.992221 9854270.196612
77.588349 5259364.614378
164.394955 11307870.726940
140.175097 26361329.272823
84.463064 25278470.876099
56.418378 23737962.431558
116.608065 35189244.122759
11.469418 8310218.313943
92.172066 35419524.213171
101.924912 53177126.763811
122.076786 54132919.273591
73.760158 34872425.617457
17.277833 16190493.823688
70.066457 61340144.942536
52.225253 33715281.319317
21.352994 14741630.979247
122.906139 19280549.296366
92.561802 57615349.882079
47.838753 19961085.492512
135.660983 37726756.372341
25.824674 31347207.213283
26.006480 23374960.415944
78.446389 37418999.004343
91.515882 43847839.915808
98.124327 7525777.084649
23.206977 21396375.026719
138.815189 46718097.920423
21.971894 10035429.113513
82.116697 50965060.676817
130.979637 47381616.331266
55.116831 50581593.925914
79.764455 26913945.490386
133.953142 28583759.069089
41.306213 3165751.190520
68.286584 35606936.510116
73.415849 29502173.231714
110.143548 75602172.983512
60.601003 31416837.693102
126.086015 45863624.651384
32.368914 5686121.992609
84.150786 21170955.348777
16.696764 10919460.515418
131.392935 32474216.948852
69.135021 28584657.866186
96.316382 65506234.799356
49.866999 17102079.141323
92.362734 45772917.072895
109.955039 23715847.401355
70.757145 43638527.772270
109.412160 34794984.614111
150.476938 29360317.459967
129.292770 20805459.887375
38.125480 42729309.601991
136.316798 25366018.135975
7.049997 5132129.192936
83.120733 63691615.406077
76.572541 40173524.513787
84.000026 43837921.436588
64.485900 21704804.599566
93.659153 47553168.993532
15.860953 7547184.538963
87.748785 32411399.977880
73.477093 23126991.972838
7.764672 6702613.666070
79.943545 20296259.941037
138.403546 28053209.682285
145.072333 24870545.000498
118.172024 17390347.157180
103.824147 19175658.837975
156.429499 12129242.239400
86.758670 31260973.440000
100.670207 50003758.524295
36.017575 23616073.241333
125.313261 5714035.475325
39.310313 26884263.753378
140.030660 39500996.666906
83.735453 45571206.683461
37.364065 18006003.129735
62.163495 30011851.347665
145.824557 17944779.496148
123.412230 36080186.674021
60.050022 36718150.279156
23.803873 16528086.505167
47.975975 41277612.832643
59.630345 62332533.014075
94.835518 30414942.034461
172.441526 5961993.134125
73.902974 67175061.367195
63.876803 43005629.272344
60.064521 62848808.938878
123.820947 12454417.151367
71.138591 13042628.030632
104.910489 42665458.244378
146.236832 9393039.998485
89.973703 15627587.013619
122.365008 25548308.762196
75.007461 47832603.381282
61.150833 35559054.490411
48.836059 9137985.919825
29.664611 4743648.139605
117.106169 80824564.860717
57.687806 59468506.183253
71.962067 19896336.779791
73.626438 51498461.502668
65.631956 16040740.788115
88.189262 30056658.949187
62.896231 35851851.381263
108.598297 27410136.921822
95.298964 22847274.088218
80.741024 40066853.805190
92.786481 33573125.905976
107.610186 69921253.417296
95.613741 18055722.754867
113.544262 58021826.868011
51.465860 7680900.253444
80.072361 23792781.672526
77.616770 51658537.019782
109.056738 36083671.061547
104.251928 27012281.249127
65.029148 45199708.917055
86.827394 49411531.584467
93.257565 32087347.271702
103.436825 52733288.485076
52.214438 39235681.956288
134.567864 11289505.680570
97.601048 33675520.800356
99.620308 32674768.320718
104.522854 31356810.360483
22.740653 18374514.667266
149.461511 6237599.780703
53.412085 32901279.277816
82.169565 71517435.130406
68.720957 37530033.241249
88.935779 12980846.057803
163.224597 12386234.595614
51.889660 50992290.834536
112.739543 50667301.255150
64.089089 29157071.227194
29.655974 22792255.418684
30.835105 29143410.959485
18.058758 18836483.360034
3.785818 5282677.394260
53.099692 34972447.192853
90.481213 30985877.965961
102.329552 43915634.190189
129.856933 31670299.827577
8.592794 12531415.879258
104.722751 25369509.331427
80.591780 107939543.953295
58.744275 36278629.610880
27.488861 13422044.623867
102.030310 51070608.973477
135.334422 24479365.617198
127.866004 36033409.614151
46.307119 50896466.225329
113.366125 12368164.236647
42.173446 31663058.929684
61.740346 26266355.603364
37.999248 27826904.441405
106.496422 48510140.408373
5.314304 3785065.561358
42.045955 27659873.182946
89.285098 47284379.371813
27.836995 17088582.871967
89.825859 11811728.760689
78.273003 65597495.914819
39.718813 24739165.066198
38.045055 48451862.989142
83.291033 4749107.990661
39.119593 15687749.323650
102.347639 67296368.826506
99.768825 31688606.863606
96.735123 25871608.009035
123.684952 57508677.380322
63.702628 59337770.020904
98.043371 30255219.535924
120.629229 60304365.013904
51.778304 41479252.492873
145.650309 10428785.226651
95.571382 67445297.657189
14.057252 7938177.818459
45.168734 21126935.910142
35.305776 29578900.510894
95.439170 33877053.355338
50.873849 11883986.462986
130.001245 21667694.451080
33.280494 15626073.890753
72.848290 15571426.453302
53.698943 52137572.178578
34.330905 36748444.868061
120.764721 5429016.023946
168.322593 7399368.028328
138.352539 45814693.395344
40.159358 47427988.490356
93.808632 14719642.653591
116.525183 27689627.240632
119.709213 33814173.505630
104.581167 28686497.197207
123.698568 27197376.441841
104.841547 59172673.027089
134.091430 44659893.413817
91.328290 52058621.473578
18.677669 16140634.608679
62.142812 29667066.816207
67.676535 42623287.311310
49.899845 44345353.620625
51.905029 19225190.571918
42.075402 24907468.433728
24.607417 16385719.789373
57.512673 32688296.647280
123.980804 38471066.182695
104.455531 81925641.849074
118.976875 28961369.069110
66.673604 45974256.707007
113.725754 47171696.714560
156.363199 5989385.067686
92.906674 74511319.651549
113.539523 39715923.466115
65.417811 53937634.604870
82.386183 27380867.254690
97.004404 27900648.511958
121.433331 26924797.417254
38.617908 37128242.250599
93.201594 62800453.174330
80.854147 53454726.505581
65.285818 21936880.007871
138.960336 43794048.479668
114.289315 15431623.735646
106.516020 47414577.334154
114.899261 56509494.642487
135.647418 31619783.657409
112.245898 39891398.311554
91.847060 21456539.293335
11.625856 12247220.674008
81.964819 102445058.957615
20.767187 26158554.729365
114.633987 23829063.746736
31.591550 18222755.479470
22.198423 15735695.912042
119.076713 13890904.462307
49.535865 21326757.331427
136.633373 44331221.966169
64.104191 31475705.934456
133.264224 36618305.508391
123.117463 36438722.829810
142.711813 31578133.067628
33.412417 45544612.465776
135.195173 19325367.949276
80.839545 28916369.282462
41.700813 41201226.361013
128.828570 28048173.989121
56.431530 49910827.759943
161.479067 16877759.273644
173.765231 2667731.485512
43.387973 20680661.869179
45.357988 7371317.288718
143.708189 21040151.497011
105.000975 57881347.466247
72.192718 62234596.833042
96.463174 54874839.946811
150.081869 7288713.425789
86.226009 44979927.883736
101.260505 36445158.668317
81.476548 56724942.322166
105.897131 11280505.705341
117.025113 29524091.388092
69.611519 20226079.385157
51.606796 34846955.892276
125.316817 11871440.769575
98.801671 39476920.746926
71.814674 25805823.137201
125.215603 38050697.550653
103.532326 36734686.268096
107.629936 36946841.337542
125.622600 42318490.306458
89.659168 55454441.365128
141.272594 4662544.545285
144.144275 24208202.049261
61.535574 29073838.290407
34.155213 51185365.925717
79.204146 30429318.355570
113.163835 34018253.751964
90.402357 11863967.292577
42.454464 33255893.453506
9.083537 11429044.403146
85.419049 48694894.121245
147.942421 17452923.561456
170.600532 7630220.317708
123.981415 25912060.019027
82.626186 50139306.807391
39.553819 21393860.093143
24.768179 33788595.206266
53.292415 25210400.932899
104.237932 43616037.346249
134.765577 7899492.725376
55.241793 72132940.808133
135.987166 5750926.100420
118.105978 40754770.774920
98.179034 35495397.794020
41.195839 37385307.642186
138.176336 41962129.301053
129.115842 40429898.406579
44.988333 30445646.615317
27.310152 26189193.488305
107.468819 18224361.701307
88.893741 84765717.335018
85.105206 13118716.613679
61.900211 19539189.233124
82.762363 60305704.794418
54.679172 42315671.520631
36.192571 51114370.557219
65.191530 36593457.223842
57.451387 53155996.225199
174.340864 869911.108194
50.436011 21226453.996643
141.126460 21691216.786692
152.168052 28292397.519611
153.494557 8683152.516265
81.467775 40741104.049257
86.068517 4555759.126175
138.074688 36686088.198837
106.321767 19592028.597749
64.149158 38352895.378914
85.666520 40471791.325936
87.554253 15144673.018082
130.965194 15146729.975353
81.363884 37149001.570282
76.051033 19443736.074938
60.701409 18931771.208954
28.918396 14540017.639674
131.630008 50769012.528357
37.123255 12686542.196215
66.397573 27977010.015383
153.906827 34876363.403140
85.723976 60129364.129476
115.109618 63976001.485710
122.500963 8228932.224713
72.133540 71964451.298987
54.606726 31930823.994959
126.500791 28422300.425631
127.501073 22692574.248885
150.882117 10673371.607403
89.911265 15537639.915955
61.774743 25511566.828163
118.102939 37079494.559599
85.192976 22271342.676806
61.524874 51164314.748944
10.404273 12984327.118217
124.174669 26929135.207043
62.872019 48128651.093308
72.635437 54587342.363801
114.898544 29754199.280334
150.139182 24886055.520620
87.622892 88849998.075981
150.175542 20547838.951968
31.953716 29101381.648084
75.714399 53278369.646226
81.601609 55567818.797596
143.101465 37562497.879077
158.711938 17367989.722178
104.845149 11483246.355007
120.837156 44972935.652711
38.454913 37519996.113280
137.889555 41810939.194295
46.842144 47272671.030704
148.594421 5214080.840414
133.577806 28930908.317369
56.208285 34266651.170374
148.097483 32168890.691943
72.030480 60667337.920637
78.818268 40667997.844409
113.666026 18585197.688626
95.552610 45949053.146554
106.856834 33404189.043819
174.487576 3554363.158306
52.532859 45868339.406684
105.737744 15048259.818544
74.589087 25130619.236267
80.251281 66015862.477154
70.529236 74743517.330751
114.334319 46949872.561005
115.239622 50296715.919748
62.519257 81806379.346961
118.997401 24938568.945412
37.081957 22043399.324313
33.687079 23131703.999187
5.233690 5232612.952114
94.165907 79754181.152743
50.376109 29338408.803753
103.576002 40798318.933441
96.416936 53516129.695611
145.923881 26648667.212349
113.719450 16246122.510389
111.669963 35212443.832088
14.376764 3761858.454716
82.301567 23129434.060267
90.682378 27089008.886042
166.198683 3210242.520750
170.589529 12705527.502543
98.810725 75524075.927916
77.263973 7199477.844888
120.151476 39985678.581128
50.392016 32449400.347673
106.534516 50074649.042442
43.478678 32871353.342939
93.865373 40698359.365863
126.014043 37781452.482402
93.280345 12169603.779512
78.318709 54887855.578621
166.240903 10719901.630042
124.887609 6268670.619059
162.797939 9522871.674532
83.268057 41145773.954085
34.762209 28799462.461872
19.953960 12524329.951909
18.918943 18131067.362804
138.643069 7287620.330987
104.774966 22433292.339044
137.149725 24785497.099135
84.151571 44379138.052568
53.467309 34668514.609420
40.758224 31166002.770458
69.089158 28171701.208215
104.173283 71013495.921442
59.846420 45574916.021469
119.793989 40481300.728114
28.620237 18739459.637373
85.202593 38341915.918852
24.175286 7878087.746604
122.712908 43023218.108059
79.227399 50480171.202982
124.141881 29384054.875907
40.856111 48188950.812482
36.522096 26167127.394948
47.503665 13501467.881564
97.785748 10808552.233252
127.376348 64814456.469126
97.742904 64553763.699866
114.988922 58354167.292724
46.502649 8903068.705454
160.872908 29718416.048474
111.260575 43315515.685527
36.024543 12876165.800015
45.310277 49226706.529079
58.214920 26208522.941189
93.186352 60593616.330178
122.870568 8548015.427785
143.644073 19791344.338963
88.076958 60652144.105201
34.899160 18453470.481653
114.356030 58951763.041507
145.779080 33823981.926668
150.699980 3620298.675175
145.782445 3574491.438463
143.531894 40311121.246648
67.151027 34181589.512319
55.257622 59147450.721252
104.320964 39314999.781139
110.784931 18032518.846412
146.734234 23832809.869295
114.072695 36444176.523271
42.451867 7377463.101900
135.157984 43367451.860174
113.043114 8520574.586833
92.662956 31993509.810411
88.285891 50930567.699471
43.408341 20120236.337134
12.739972 6438940.901328
20.255830 15475759.902300
33.638402 21571807.567934
113.515886 16002050.603851
149.503308 16134287.683982
154.378620 13480106.702079
51.082342 18773281.797638
33.870593 24010608.456501
74.211437 26841113.472481
89.053564 37811865.065578
108.910078 49795631.509318
46.651499 26791774.949875
94.126568 51734757.462741
82.790244 59266353.073452
61.171401 65900782.416692
146.224610 35614928.296989
140.761450 31150999.615665
88.020261 70553626.014744
122.229848 40114082.828207
77.574838 24549192.493504
80.374426 36100583.997019
103.914034 26368328.419177
113.603456 50811055.581241
44.659066 49416098.309221
50.598464 32561806.210112
41.309181 32638087.357529
46.463418 52491064.810084
152.685836 20586783.465580
94.944834 63272675.856424
177.445111 4748209.374384
41.369511 13789306.333604
116.991288 100639724.167648
133.169388 34306664.034045
75.174497 15840046.718423
101.637468 12746434.845559
64.845935 29208996.811266
86.469551 27335376.765794
29.484149 27584732.187986
69.750969 57257146.837456
116.214269 43693339.640365
147.117098 12371936.491815
113.312027 29603120.115381
22.600991 3332170.621229
102.605225 36849700.048484
27.604820 10826161.920055
64.185727 36274063.506227
92.800082 39387257.325514
122.841849 34334636.323998
68.283755 71254541.606728
67.149870 35344672.000815
64.582396 31466628.570016
