5.65685
35.31289
20.78461
3.31662
26.98148
25.03997
33.86739
15.49193
16.00000
40.98780
19.62142
1.73205
18.73499
20.12461
26.53300
4.89898
25.03997
13.85641
12.60952
12.12436
2.82843
19.05256
2.23607
11.61895
26.45751
18.73499
10.53565
5.74456
37.14835
3.87298
15.49193
2.82843
25.23886
16.27882
15.19868
15.23155
39.76179
13.85641
8.66025
6.92820
5.65685
21.33073
16.49242
13.85641
11.31371
8.77496
12.00000
7.41620
14.38749
6.24500
27.49545
36.94591
36.66061
21.16601
14.69694
25.07987
10.90871
10.95445
9.53939
9.79796
22.64950
2.64575
37.41657
14.28286
17.74824
7.41620
24.81935
19.41649
14.38749
34.64102
27.91057
8.77496
1.73205
1.73205
11.53256
13.74773
14.42221
15.90597
20.00000
6.24500
20.78461
2.64575
36.98648
23.66432
24.67793
28.56571
4.58258
20.56696
5.56776
2.23607
35.31289
21.90890
33.94113
15.74802
9.53939
8.48528
8.94427
4.89898
10.19804
25.69047
