17.32051
52.15362
13.56466
33.82307
29.74895
12.96148
49.56813
34.24909
13.22876
7.41620
3.87298
31.73326
45.00000
27.71281
42.60282
25.74879
12.04159
6.32456
58.78775
25.90367
48.46648
21.35416
15.65248
40.21194
47.90616
13.26650
33.46640
12.12436
25.98076
10.58301
3.87298
16.12452
36.05551
3.46410
35.19943
35.70714
25.90367
39.24283
32.24903
33.48134
16.49242
14.96663
36.00000
31.63858
37.51000
53.88877
39.76179
39.49684
16.12452
36.66061
4.58258
12.84523
14.42221
30.59412
13.41641
27.71281
55.56078
46.73329
19.59592
10.95445
48.74423
10.95445
14.96663
16.12452
4.35890
35.14257
16.70329
23.81176
8.06226
7.14143
10.95445
15.19868
26.53300
21.56386
13.22876
20.39608
21.97726
33.88215
34.98571
18.97367
49.78956
18.33030
14.69694
31.73326
10.53565
22.73763
43.78356
25.98076
9.94987
22.69361
12.96148
37.46999
5.91608
2.64575
11.61895
4.47214
22.29350
50.84290
51.93265
9.11043
16.97056
37.78889
23.97916
13.22876
34.58323
19.49359
38.53570
50.54701
59.12698
12.96148
10.53565
11.48913
24.00000
11.83216
7.00000
17.23369
41.18252
12.00000
3.87298
47.48684
20.78461
12.00000
1.73205
9.79796
15.96872
31.74902
56.49779
29.66479
21.90890
39.68627
39.19184
13.07670
29.46184
20.97618
24.18677
6.92820
18.84144
13.07670
46.63690
13.67479
5.91608
30.24897
6.70820
1.73205
26.83282
11.61895
10.90871
41.80909
28.00000
2.82843
32.24903
35.21363
42.66146
37.74917
6.40312
21.74856
2.82843
1.73205
3.46410
29.46184
17.88854
18.08314
26.53300
5.65685
53.67495
14.14214
13.96424
12.64911
22.24860
22.64950
11.61895
31.60696
25.78759
21.16601
29.39388
33.46640
38.41875
38.88444
23.34524
4.89898
42.33202
10.81665
20.71232
1.73205
32.98485
9.74679
1.73205
14.86607
35.09986
53.06600
36.87818
6.92820
55.49775
11.18034
27.92848
4.58258
38.72983
53.37602
6.70820
19.59592
2.64575
23.23790
4.47214
41.02438
57.78408
35.88872
18.13836
36.64696
46.73329
33.94113
1.73205
2.64575
9.79796
5.19615
21.97726
25.45584
11.61895
38.15757
25.27845
12.64911
12.96148
39.34463
43.86342
26.51415
28.00000
37.10795
54.41507
2.23607
26.32489
10.95445
28.14249
48.83646
16.73320
31.17691
18.30301
36.12478
22.91288
16.88194
17.74824
18.33030
25.61250
47.14870
48.34253
33.33167
21.33073
44.40721
25.23886
23.66432
35.94440
35.72114
46.61545
26.38181
31.22499
2.64575
47.25463
46.94678
40.00000
55.13620
16.58312
3.00000
33.16625
33.24154
56.94734
9.53939
51.91339
5.56776
54.90902
9.74679
59.69925
5.74456
21.00000
53.02829
10.95445
48.74423
38.88444
6.32456
23.66432
20.39608
46.05432
11.09054
4.58258
12.96148
14.69694
13.74773
7.41620
11.83216
10.24695
32.07803
24.08319
31.74902
26.07681
1.73205
8.94427
23.47339
51.02940
7.14143
31.49603
32.49615
4.89898
9.21954
9.38083
11.61895
8.66025
14.66288
9.79796
10.95445
49.56813
3.00000
5.74456
10.58301
9.74679
3.87298
2.23607
16.88194
23.49468
32.24903
16.24808
38.61347
6.32456
3.00000
2.82843
58.45511
13.60147
41.42463
15.49193
31.63858
47.48684
21.72556
26.51415
35.94440
14.96663
49.63869
50.36864
33.98529
24.24871
39.54744
40.39802
41.56922
12.64911
6.70820
30.39737
10.81665
2.64575
10.53565
54.99091
34.48188
11.31371
26.98148
14.28286
59.46427
36.87818
24.00000
53.06600
1.73205
6.24500
10.95445
13.22876
39.54744
24.00000
29.94996
9.53939
50.83306
22.27106
43.08132
55.99107
20.56696
44.73254
8.48528
14.38749
11.83216
27.87472
19.18333
46.09772
3.87298
39.59798
22.95648
32.86335
58.92368
23.13007
8.06226
34.64102
33.94113
8.06226
3.60555
44.12482
47.24405
38.15757
6.85565
32.32646
36.12478
2.82843
7.74597
21.16601
52.15362
10.58301
32.31099
6.92820
44.95553
14.38749
16.97056
24.00000
20.85665
25.92296
19.07878
13.07670
6.92820
27.11088
5.38516
8.06226
9.21954
33.27161
43.81780
5.00000
1.73205
42.74342
10.19804
14.83240
35.67913
20.39608
23.55844
2.23607
8.54400
9.79796
20.00000
5.91608
11.87434
18.76166
54.33231
41.53312
16.24808
16.49242
9.79796
33.98529
2.82843
32.75668
14.38749
10.53565
23.47339
33.16625
49.99000
15.00000
9.94987
26.83282
9.53939
5.74456
22.91288
11.00000
14.96663
45.29901
31.85906
22.91288
4.89898
8.48528
16.73320
10.19804
48.34253
7.74597
21.33073
36.33180
34.46738
22.24860
20.78461
28.12472
3.87298
50.40833
50.10988
53.35729
1.73205
1.73205
3.60555
37.66962
6.70820
17.66352
60.59703
15.87451
17.40690
7.81025
7.93725
53.02829
19.36492
51.87485
22.24860
27.62245
26.38181
6.63325
14.86607
8.30662
22.24860
9.38083
5.19615
17.97220
35.32704
19.59592
36.93237
44.27189
22.24860
12.16553
45.59605
23.34524
53.66563
