26.32489
41.32796
61.96773
13.85641
58.34381
25.29822
54.99091
54.66260
19.59592
58.58327
77.47903
12.64911
75.46522
61.60357
40.21194
64.69158
40.98780
83.13844
72.44308
22.97825
32.17142
10.77033
28.12472
5.65685
40.00000
34.05877
52.99057
25.82634
36.20773
22.80351
67.34983
48.83646
40.69398
42.00000
55.49775
56.00000
46.13025
5.19615
54.41507
27.83882
44.49719
21.93171
19.07878
4.58258
26.70206
40.69398
29.98333
47.83304
23.47339
80.00000
18.57418
14.69694
7.48331
44.37342
48.98979
9.79796
33.98529
51.84593
17.20465
62.96825
4.47214
33.57082
58.14637
65.23036
13.60147
26.83282
48.50773
22.97825
50.91169
7.14143
33.09078
23.91652
39.20459
22.24860
21.16601
33.46640
36.23534
8.94427
15.65248
59.32116
30.19934
18.02776
41.95235
4.35890
12.64911
13.96424
9.16515
24.00000
32.49615
8.48528
83.66600
29.24038
56.96490
4.89898
77.86527
34.77068
2.64575
21.33073
19.39072
27.47726
2.64575
24.49490
17.29162
56.94734
74.12827
21.00000
17.43560
78.48567
49.88988
6.92820
47.02127
27.11088
11.61895
64.50581
41.56922
31.63858
48.16638
10.95445
39.49684
26.83282
11.83216
36.18011
39.68627
51.62364
64.99231
80.60397
38.79433
24.65766
57.68882
35.19943
2.82843
63.92965
48.29079
77.94229
12.32883
48.57983
43.62339
97.38070
15.58846
40.36087
40.98780
50.06995
28.91366
21.16601
40.21194
10.24695
16.88194
22.24860
59.74111
19.89975
22.27106
7.93725
37.94733
78.70832
74.33034
62.21736
14.69694
65.23803
28.72281
65.69627
40.80441
16.15549
14.69694
72.89033
10.63015
77.76889
42.76681
86.58522
45.46427
72.75301
30.74085
20.97618
61.18823
45.92385
43.81780
42.70831
21.79449
72.66361
25.63201
10.95445
42.98837
59.72437
55.67764
44.37342
11.95826
49.14265
6.92820
50.82322
27.14774
10.24695
53.18834
5.65685
50.47772
40.60788
35.55278
42.08325
45.43127
61.76569
33.98529
7.54983
21.63331
34.77068
50.19960
9.79796
83.13844
26.83282
25.92296
7.81025
74.03378
23.81176
73.79024
3.87298
62.96825
12.80625
63.00000
17.74824
54.99091
10.95445
60.79474
75.89466
77.14921
5.00000
57.54998
29.93326
66.74579
48.50773
5.91608
68.22756
62.66578
9.32738
69.84984
59.12698
28.84441
7.74597
70.19972
32.86335
10.34408
27.65863
61.34330
32.17142
47.69696
12.52996
43.35897
4.58258
71.49825
84.85281
25.92296
85.08231
1.73205
6.85565
7.93725
45.00000
31.30495
23.06513
29.39388
47.95832
12.36932
26.83282
15.49193
10.24695
73.17787
43.26662
25.29822
12.60952
46.31414
63.11894
26.45751
21.93171
45.16636
3.87298
55.72253
49.99000
48.42520
9.21954
22.36068
54.24942
73.17787
54.91812
14.69694
50.95096
46.72259
55.91959
44.39595
65.17668
37.94733
49.35585
43.06971
12.64911
2.82843
9.00000
57.54129
29.39388
22.44994
89.24685
60.79474
43.87482
50.59644
7.41620
5.65685
29.54657
14.42221
16.97056
29.93326
36.87818
24.73863
25.29822
39.19184
9.21954
15.00000
44.89989
21.90890
83.06624
46.98936
18.57418
75.05331
10.95445
46.74398
34.64102
29.79933
37.68289
56.20498
10.95445
28.98275
68.75318
31.28898
33.46640
38.36665
97.34988
68.93475
34.98571
21.00000
54.77226
86.45808
86.53323
66.93280
13.41641
19.05256
22.44994
61.16371
49.04080
75.99342
55.49775
59.72437
37.98684
41.95235
67.99265
29.34280
70.48404
32.72614
79.24014
12.28821
60.00000
28.86174
13.85641
68.86944
41.89272
39.93745
38.57460
37.74917
23.32381
77.76889
3.87298
6.92820
5.19615
16.70329
20.17424
17.29162
13.52775
53.06600
90.75241
65.29931
52.80152
14.14214
10.00000
73.84443
51.23475
19.79899
9.79796
40.95119
1.73205
53.35729
35.09986
84.28523
69.16647
42.62628
64.22616
2.23607
5.56776
85.11757
77.07140
11.18034
5.19615
49.35585
7.74597
14.96663
27.69476
61.96773
11.61895
38.15757
42.24926
4.00000
22.24860
58.44656
12.68858
21.33073
13.26650
69.97857
32.75668
18.97367
2.23607
16.58312
3.46410
49.18333
4.79583
16.73320
58.58327
64.72248
46.43275
28.26659
10.90871
63.11894
41.13393
35.09986
70.67531
26.07681
57.73214
72.46378
12.96148
27.54995
50.19960
25.29822
2.64575
63.34035
25.69047
41.95235
83.90471
60.96720
35.79106
38.36665
54.54356
85.94766
48.77499
54.06478
32.78719
1.73205
9.53939
66.45299
15.58846
28.01785
84.99412
8.06226
4.58258
55.90170
5.56776
69.76389
16.61325
60.66300
67.11930
85.87782
83.70783
29.18904
24.18677
54.77226
35.87478
18.02776
46.33573
20.39608
71.23903
38.76854
59.32116
80.97530
37.69615
51.62364
11.53256
37.34970
94.74175
38.67816
44.98889
4.58258
94.95262
24.39262
42.42641
27.65863
78.55571
40.98780
33.46640
8.66025
52.30679
29.74895
43.98863
28.00000
24.49490
8.48528
13.96424
41.56922
8.18535
22.62742
38.26225
20.19901
49.02040
93.98404
29.24038
89.84987
61.44917
11.95826
93.80832
27.11088
37.52333
58.65151
56.56854
27.33130
82.48636
64.53681
53.44156
46.63690
93.97872
63.72598
63.71028
15.49193
34.64102
24.00000
71.44228
30.74085
60.86871
92.97849
29.46184
76.90904
5.29150
71.77743
98.49365
92.97849
3.31662
35.62303
56.13377
44.89989
17.17556
1.73205
46.76537
36.66061
17.77639
84.94116
55.13620
93.29523
35.28456
29.10326
54.25864
46.33573
23.66432
77.18160
7.74597
42.89522
23.08679
19.59592
57.41951
32.07803
60.52272
28.86174
3.87298
98.38699
81.46165
45.03332
77.71100
35.70714
99.75470
1.73205
94.39809
13.85641
16.73320
6.92820
83.71380
46.17359
54.74486
3.31662
79.37254
21.79449
60.62178
54.19410
26.15339
22.62742
12.84523
16.85230
28.35489
33.94113
22.24860
19.49359
59.49790
67.11930
75.52483
28.89637
39.71146
38.01316
61.61169
3.00000
77.71100
44.30576
46.24932
32.32646
2.23607
16.97056
92.79547
84.85281
75.25955
52.15362
81.54140
47.32864
36.93237
16.97056
68.99275
94.91575
43.62339
20.71232
49.59839
15.19868
52.62129
8.48528
59.02542
69.74955
50.75431
44.62062
51.70106
28.86174
36.94591
14.14214
83.83913
34.64102
8.24621
89.30286
20.61553
35.72114
50.82322
14.86607
69.74238
6.70820
14.45683
17.29162
11.53256
71.51923
14.28286
52.91503
34.85685
9.43398
46.18441
5.56776
52.64029
12.68858
79.20227
29.24038
68.53466
33.58571
7.54983
80.21845
49.63869
14.69694
3.60555
13.41641
70.97183
10.24695
60.06663
9.94987
69.57011
54.90902
61.01639
26.83282
5.65685
12.32883
33.22650
49.63869
29.79933
63.68673
14.45683
13.85641
27.11088
14.79865
85.20563
47.49737
10.90871
74.83315
86.53323
53.47897
27.34959
4.58258
4.58258
51.96152
17.20465
20.12461
17.88854
42.89522
60.66300
15.19868
36.12478
5.65685
21.63331
60.37384
68.41053
20.71232
9.53939
14.14214
85.41663
14.14214
31.43247
9.79796
52.84884
85.51608
64.99231
44.89989
68.81860
17.43560
46.24932
47.54997
52.91503
6.63325
42.89522
20.17424
70.74602
1.73205
29.93326
32.72614
8.06226
20.39608
38.06573
14.42221
4.58258
86.13942
48.78524
28.12472
60.79474
12.96148
26.32489
26.83282
16.97056
6.70820
78.99367
76.52451
8.00000
46.20606
9.74679
8.94427
4.00000
22.24860
21.97726
34.29286
7.48331
26.22975
40.34848
8.94427
94.91575
32.44996
19.59592
14.83240
42.04759
10.58301
17.34935
3.31662
87.72685
32.98485
50.22947
89.86100
21.74856
88.63972
8.00000
30.57777
8.06226
35.00000
47.95832
2.23607
58.28379
60.66300
49.63869
89.94999
19.18333
33.54102
34.98571
18.97367
51.38093
24.00000
28.84441
26.70206
8.94427
63.72598
40.65710
74.29670
42.24926
71.95137
80.24961
36.00000
38.15757
34.19064
19.59592
17.88854
5.91608
28.72281
40.98780
19.07878
29.34280
48.28043
31.85906
84.19620
27.11088
33.16625
31.44837
22.24860
97.26253
62.86493
12.68858
11.09054
35.88872
83.79141
13.96424
89.77750
58.88973
34.77068
27.87472
71.44228
25.07987
12.00000
37.14835
12.04159
7.93725
2.82843
73.28711
30.98387
57.57604
46.13025
43.64631
21.90890
86.56212
74.83315
86.94826
41.56922
72.31182
22.97825
54.25864
84.52219
13.22876
44.28318
72.47758
11.61895
14.38749
28.98275
6.70820
76.71375
47.37088
7.28011
6.92820
33.04542
69.64912
76.70072
57.15768
92.99462
76.54410
8.77496
7.93725
88.31761
93.33810
17.46425
18.24829
12.49000
50.07994
53.61903
9.59166
83.57631
60.62178
27.11088
65.39878
1.73205
16.97056
31.98437
19.79899
12.36932
57.76677
17.66352
16.97056
90.03888
18.43909
27.65863
56.57738
4.89898
64.22616
14.79865
77.33046
50.51732
18.89444
70.39886
18.30301
66.58078
13.52775
44.21538
48.21825
66.82066
11.95826
9.59166
52.64979
7.54983
15.65248
5.29150
19.82423
28.61818
11.61895
25.29822
87.42997
40.79216
47.98958
40.58325
51.93265
1.73205
28.12472
29.39388
49.24429
13.41641
38.79433
59.99167
56.34714
53.36666
15.65248
28.98275
14.96663
31.60696
21.79449
23.04344
6.70820
32.17142
19.62142
25.69047
58.78775
30.39737
69.39020
22.80351
80.74032
36.94591
24.49490
15.49193
66.11354
66.34003
88.91007
14.73092
38.10512
9.94987
1.73205
38.66523
70.00000
82.04877
42.70831
45.95650
26.32489
78.74008
3.00000
47.74935
32.07803
9.79796
31.44837
28.56571
37.94733
88.99438
14.42221
59.23681
38.88444
28.12472
5.91608
35.25621
40.29888
4.89898
63.99219
9.79796
3.87298
24.73863
6.24500
65.96969
53.69358
5.91608
78.16009
62.16108
24.14539
55.70458
37.96051
24.39262
43.62339
37.66962
26.73948
78.17289
6.63325
43.41659
57.68882
75.63068
69.41902
67.96323
21.93171
40.34848
27.00000
6.92820
8.48528
95.74445
8.77496
11.48913
38.72983
41.95235
86.25543
21.65641
10.58301
31.11270
48.08326
