46.87217
14.38749
8.06226
90.74690
10.44031
8.24621
43.95452
54.67175
83.47455
85.11757
42.95346
46.30335
42.33202
16.15549
48.49742
30.74085
35.77709
34.64102
18.13836
63.49803
23.15167
63.44289
50.91169
21.14237
71.55418
41.02438
9.94987
23.34524
18.00000
39.93745
14.00000
53.66563
45.29901
35.09986
87.63561
63.83573
57.96551
28.61818
50.91169
4.89898
60.59703
70.34913
52.22069
6.85565
49.79960
16.97056
17.32051
46.59399
4.89898
6.85565
26.07681
29.39388
18.73499
34.58323
68.37397
16.61325
44.07947
45.72745
76.70072
28.98275
21.56386
67.34983
5.74456
13.26650
65.45227
8.54400
14.31782
6.70820
16.97056
27.71281
54.07402
16.94107
27.00000
55.50676
25.92296
14.10674
66.74579
6.92820
55.23586
31.74902
46.31414
25.51470
16.49242
14.14214
70.12132
55.82114
24.73863
78.77182
6.40312
7.74597
62.22540
95.31527
29.94996
57.48043
73.24616
3.87298
90.06664
18.57418
7.68115
24.10394
49.08156
26.83282
31.60696
16.00000
14.24781
49.14265
57.16642
34.39477
9.94987
22.91288
73.89181
9.21954
26.70206
62.86493
73.83089
26.05763
66.93280
51.38093
17.32051
42.42641
44.73254
69.57730
3.87298
36.12478
34.59769
79.52358
28.98275
19.36492
41.58125
23.32381
86.94826
57.05261
31.22499
21.00000
4.79583
19.26136
63.87488
65.38348
9.79796
61.44917
9.79796
14.83240
21.07131
2.23607
30.21589
23.66432
43.69210
26.98148
17.74824
20.78461
22.97825
44.54211
24.26932
86.02325
50.99020
4.58258
83.32467
20.78461
39.68627
15.87451
43.63485
64.35060
34.59769
10.14889
12.49000
92.62829
72.22880
63.46653
52.91503
83.33067
28.98275
13.07670
7.14143
9.94987
22.24860
40.34848
25.00000
94.10632
42.24926
59.32959
86.80438
13.26650
11.83216
63.94529
87.30979
85.62710
25.45584
69.70653
69.96428
30.57777
19.41649
11.83216
69.31811
12.36932
29.32576
3.46410
41.80909
29.79933
6.63325
89.39799
8.48528
1.73205
45.57412
64.99231
46.74398
52.75415
23.49468
40.00000
86.48699
33.04542
51.57519
64.31174
61.96773
25.69047
37.10795
78.74643
27.65863
84.78797
90.76894
35.67913
19.59592
9.94987
34.33657
18.33030
79.52358
61.44917
48.74423
77.95512
48.98979
99.95499
55.99107
21.63331
23.06513
21.00000
95.95311
73.68175
40.98780
8.71780
44.66542
20.39608
73.04108
83.33067
29.24038
32.66497
47.83304
25.29822
49.08156
11.53256
33.76389
86.62563
15.49193
21.79449
22.91288
60.39868
21.35416
44.89989
40.98780
1.73205
19.36492
89.73294
5.56776
22.02272
37.74917
23.81176
29.17190
56.91221
36.51027
39.54744
22.62742
21.79449
59.86652
53.18834
15.74802
56.54202
27.71281
8.00000
18.76166
9.94987
10.24695
46.47580
28.28427
58.26663
45.55217
81.78019
16.73320
40.73082
25.19921
11.83216
53.24472
36.33180
86.23804
34.11744
50.99020
16.94107
21.63331
70.45566
45.46427
24.31049
22.91288
3.87298
14.45683
44.37342
35.51056
41.23106
7.21110
39.54744
15.49193
61.13101
43.30127
27.42262
22.11334
76.83749
28.56571
76.73982
81.57818
32.12476
94.10101
38.67816
23.23790
97.99490
56.78908
78.09609
21.33073
6.00000
66.32496
92.27676
76.05919
43.98863
16.12452
10.95445
17.66352
63.99219
8.30662
8.48528
5.19615
12.00000
10.39230
22.95648
74.69940
14.96663
34.98571
14.42221
44.95553
6.55744
29.18904
33.76389
62.45799
72.00000
78.48567
78.74008
6.70820
17.54993
24.65766
21.90890
57.05261
68.58571
55.72253
4.47214
21.93171
18.57418
57.78408
74.50503
8.88819
62.89674
30.59412
70.82372
67.40920
28.26659
32.98485
45.60702
35.72114
58.37808
42.24926
10.81665
69.85700
6.92820
21.90890
78.68926
31.19295
18.52026
66.09085
70.97183
20.17424
70.99296
68.84766
46.33573
24.73863
14.14214
5.19615
25.98076
1.73205
37.66962
25.29822
8.06226
12.32883
3.60555
7.81025
24.00000
11.31371
48.98979
33.86739
43.82921
53.44156
42.24926
21.90890
67.04476
86.97126
22.97825
72.66361
79.77468
37.04052
15.49193
45.16636
39.71146
46.47580
35.14257
12.96148
30.93542
68.06614
66.96268
27.14774
86.34234
71.55418
56.28499
84.80566
28.00000
21.28380
20.39608
26.70206
12.96148
37.98684
5.65685
84.89994
81.98171
37.52333
44.66542
73.48469
53.66563
18.13836
35.19943
76.68116
20.19901
3.46410
13.26650
14.96663
13.67479
43.11612
32.32646
4.58258
40.21194
20.78461
59.39697
31.93744
73.32121
58.50641
20.90454
8.48528
18.33030
72.00000
33.76389
52.48809
54.69918
59.23681
86.62563
2.23607
46.47580
26.83282
39.68627
61.96773
65.39878
78.99367
22.38303
22.29350
48.77499
55.72253
64.06247
80.25584
2.64575
27.69476
24.00000
53.11309
20.19901
25.76820
70.42727
11.61895
5.38516
96.56086
89.32525
18.76166
13.85641
13.30413
54.79964
4.58258
37.88139
75.04665
46.73329
33.22650
45.82576
8.54400
59.23681
71.93747
7.81025
92.96774
11.31371
70.82372
44.09082
5.74456
5.91608
92.90318
4.35890
12.28821
30.74085
27.00000
2.82843
49.99000
25.19921
47.74935
70.24956
19.62142
8.66025
21.56386
50.64583
9.79796
13.67479
30.96773
9.79796
74.21590
58.24088
85.85453
7.93725
9.00000
88.58329
69.19538
95.01579
64.21059
10.95445
83.27665
17.66352
94.36101
84.66995
13.07670
66.35511
77.00000
72.00000
36.78315
66.72331
41.56922
20.39608
37.10795
7.00000
22.69361
24.49490
4.12311
78.83527
21.16601
30.98387
76.99351
90.07219
12.00000
57.74946
15.32971
79.20227
55.85696
87.16077
42.48529
75.89466
69.57011
24.24871
16.97056
47.62352
10.72381
40.21194
12.00000
28.00000
80.57915
32.86335
30.28201
33.48134
41.41256
44.40721
38.24918
4.89898
94.10632
10.63015
15.09967
83.61818
39.30649
6.63325
3.00000
61.48170
98.49365
8.94427
25.23886
2.82843
43.81780
35.98611
22.62742
17.88854
21.70253
12.36932
77.47903
14.83240
3.46410
23.81176
35.98611
19.97498
57.66281
22.24860
23.91652
35.98611
58.13777
84.29116
20.00000
62.80127
22.91288
29.46184
26.45751
10.81665
4.12311
2.23607
46.01087
19.59592
95.95311
16.15549
5.91608
35.98611
23.55844
62.60990
9.79796
33.82307
37.30952
64.96922
82.43179
82.90356
53.54437
94.99474
44.89989
18.89444
12.32883
71.33022
20.32240
18.97367
26.15339
31.55947
87.63561
42.20190
34.92850
69.19538
50.75431
22.20360
46.61545
13.89244
80.92589
68.64401
15.49193
29.58040
37.98684
54.07402
10.34408
74.75961
34.77068
71.41428
53.66563
22.44994
50.26927
88.79189
9.53939
85.69714
35.87478
66.77574
51.91339
49.07138
75.94077
11.31371
13.96424
40.98780
26.70206
30.96773
64.27286
26.40076
57.96551
25.74879
83.79141
43.98863
19.07878
72.22880
17.74824
6.32456
62.45799
85.85453
34.59769
82.36504
18.33030
48.63127
63.99219
65.66582
26.85144
62.44998
45.47527
28.49561
77.95512
33.57082
24.73863
77.89737
76.19055
12.49000
27.71281
10.14889
21.90890
11.48913
21.16601
90.92854
81.93290
10.95445
4.00000
34.27827
18.89444
57.62812
10.90871
22.44994
6.92820
76.76588
66.52067
54.03702
85.11757
6.24500
86.97701
60.33241
22.80351
21.81742
42.03570
9.79796
58.94913
58.24088
28.98275
6.92820
47.71792
91.19210
3.87298
95.81232
12.64911
79.08856
28.86174
16.70329
84.30302
98.95454
7.74597
18.97367
77.86527
3.31662
54.90902
47.74935
16.52271
38.06573
39.93745
2.64575
62.73755
57.96551
48.95917
26.22975
47.48684
70.39886
53.67495
29.24038
30.21589
61.41661
63.44289
44.00000
72.36021
30.24897
96.51425
6.63325
67.93379
25.78759
34.40930
9.79796
35.36948
15.49193
54.84524
88.15895
8.77496
51.66237
26.83282
9.32738
14.96663
45.11097
15.19868
27.34959
14.42221
50.22947
36.27671
52.53570
82.97590
37.10795
34.77068
49.39636
14.86607
51.17617
6.70820
26.38181
88.79189
64.00000
49.84977
40.24922
13.22876
53.96295
27.49545
12.36932
20.00000
16.94107
79.59899
3.31662
54.47018
9.79796
89.64374
5.38516
42.57934
36.18011
57.61944
88.56636
29.79933
9.79796
14.14214
43.86342
18.00000
22.91288
54.55273
47.96874
65.45227
55.91959
2.23607
22.91288
2.23607
3.60555
34.74191
26.98148
23.49468
86.16264
8.94427
56.73623
41.43670
60.92618
22.47221
44.82187
58.34381
84.90583
48.74423
50.07994
12.64911
51.96152
25.37716
67.34983
56.73623
68.88396
29.39388
65.10760
28.19574
21.72556
5.38516
28.49561
53.58171
86.23804
36.48287
20.00000
32.72614
40.18706
56.92100
5.65685
36.78315
37.98684
45.60702
43.30127
28.28427
79.20227
39.98750
48.49742
70.81666
87.89198
2.23607
35.49648
82.70429
30.80584
26.07681
7.21110
80.92589
41.95235
47.16991
16.52271
55.96427
88.18730
45.82576
53.91660
52.91503
54.25864
22.64950
3.00000
42.95346
13.85641
85.41663
79.78095
12.84523
77.76889
4.00000
50.19960
2.23607
5.65685
1.73205
29.32576
65.17668
1.73205
54.41507
33.58571
37.78889
8.00000
37.98684
23.17326
81.97561
39.49684
12.00000
92.27676
61.18823
56.94734
8.66025
67.82330
20.78461
40.13726
55.49775
25.39685
45.72745
10.95445
58.24946
16.00000
67.88225
40.39802
4.35890
64.37391
94.39809
10.81665
69.97142
20.59126
65.29165
38.53570
60.04165
16.15549
78.68291
39.19184
22.80351
31.70173
92.80625
92.27676
41.56922
61.11465
81.78019
65.91661
80.23092
15.71623
18.76166
70.42017
63.80439
10.39230
40.41039
41.24318
48.77499
16.61325
21.97726
21.63331
1.73205
5.65685
48.21825
82.84926
19.10497
70.65409
61.08191
72.55343
37.74917
8.30662
3.00000
48.52834
69.41902
41.66533
29.66479
40.65710
34.35113
89.07862
20.00000
29.10326
51.84593
49.74937
4.12311
15.90597
46.47580
17.74824
50.01000
32.32646
4.89898
51.30302
56.99123
32.72614
38.01316
25.92296
24.67793
22.69361
20.00000
51.87485
19.18333
20.07486
63.99219
34.94281
39.98750
68.41053
16.52271
37.34970
3.87298
20.49390
4.58258
6.32456
51.84593
48.98979
63.36403
43.12772
18.89444
36.87818
65.81793
56.28499
73.74958
10.58301
57.05261
32.01562
42.64974
63.94529
68.41053
30.59412
12.76715
89.79978
84.26150
87.36132
30.04996
49.90992
19.62142
14.83240
7.74597
38.06573
14.69694
2.23607
49.12230
65.73431
22.97825
90.33272
48.20788
42.33202
66.82066
15.74802
19.05256
1.73205
30.93542
8.66025
17.23369
18.57418
20.90454
90.11104
60.40695
44.73254
58.86425
73.88505
30.24897
21.90890
62.16108
12.60952
77.22694
53.06600
88.37986
34.98571
60.45660
23.66432
85.39906
40.09988
28.58321
35.49648
3.00000
69.44782
27.42262
27.22132
62.76145
30.96773
72.82857
4.58258
38.98718
61.44917
57.76677
83.66600
39.94997
51.87485
38.15757
56.56854
27.98214
46.74398
28.93095
18.97367
1.73205
15.74802
75.04665
64.24951
46.05432
10.24695
17.23369
95.36771
23.32381
32.61901
16.58312
42.70831
8.77496
13.22876
39.76179
65.24569
78.48567
84.48077
56.56854
87.74964
8.30662
12.64911
95.79144
24.81935
10.34408
1.73205
11.31371
16.61325
36.87818
31.60696
15.96872
3.31662
17.66352
21.35416
67.47592
39.49684
3.87298
78.48567
21.44761
64.53681
42.76681
9.00000
68.11755
16.24808
24.24871
65.23803
2.64575
86.94826
36.18011
2.64575
29.59730
45.59605
51.93265
16.00000
2.64575
63.24555
40.95119
3.46410
57.44563
33.46640
17.74824
90.46546
27.71281
29.39388
65.16901
58.69412
3.60555
52.31635
10.19804
35.19943
95.66609
11.53256
8.77496
73.32121
2.23607
11.53256
34.94281
82.70429
17.46425
47.28636
58.86425
53.91660
30.98387
23.81176
65.19969
16.85230
50.51732
25.29822
27.11088
11.48913
2.23607
10.95445
39.88734
3.31662
69.28203
67.54998
15.96872
61.99193
24.71841
40.98780
29.74895
21.97726
22.11334
44.09082
17.23369
26.92582
21.44761
8.06226
51.23475
10.58301
65.72671
45.16636
22.44994
56.78908
54.22177
7.48331
74.67931
52.96225
21.28380
42.74342
4.58258
1.73205
20.90454
33.98529
14.96663
42.24926
8.06226
1.73205
56.34714
33.46640
14.14214
73.32121
5.74456
18.02776
83.06624
25.51470
28.00000
65.23803
46.47580
24.16609
5.29150
12.64911
16.00000
17.88854
46.73329
89.58236
58.88973
20.61553
92.12492
74.89326
28.61818
8.06226
68.49818
15.87451
22.60531
36.72874
53.37602
13.74773
24.79919
91.86403
82.46211
45.47527
9.16515
80.47981
30.98387
20.42058
82.86736
64.03124
35.14257
74.93998
9.16515
16.12452
62.73755
9.38083
13.74773
68.81860
28.28427
6.92820
42.42641
27.92848
21.97726
46.18441
34.59769
14.24781
50.19960
10.95445
28.00000
11.53256
22.18107
35.36948
45.82576
12.80625
4.89898
74.48490
26.83282
80.00000
66.48308
61.86275
25.19921
21.44761
33.46640
14.31782
14.96663
58.50641
26.53300
14.14214
56.02678
17.05872
6.92820
69.44782
25.47548
96.81426
47.28636
35.09986
49.95998
9.21954
38.67816
39.30649
19.62142
51.87485
27.49545
76.15773
44.28318
75.52483
42.03570
94.29740
32.24903
49.47727
4.58258
43.08132
87.74964
23.47339
64.06247
38.88444
16.70329
4.00000
28.14249
9.94987
75.63068
42.93018
49.30517
11.31371
20.71232
45.69464
24.59675
77.76889
37.10795
16.97056
29.17190
57.29747
3.87298
89.01124
38.06573
47.02127
26.98148
71.43529
2.23607
62.16108
51.97115
11.31371
30.59412
80.04374
63.77304
9.74679
21.00000
4.35890
66.74579
6.70820
43.12772
8.94427
53.96295
38.06573
44.36215
83.12039
37.94733
16.49242
8.42615
9.00000
67.54998
38.40573
32.86335
80.96295
67.52777
29.93326
36.64696
20.19901
44.01136
47.32864
44.23799
43.98863
8.66025
33.58571
1.73205
60.00000
49.78956
7.93725
9.00000
68.12489
62.21736
8.66025
53.88877
15.19868
35.09986
4.58258
53.66563
44.59821
7.93725
8.48528
1.73205
39.68627
18.30301
3.46410
49.47727
17.23369
30.59412
33.24154
3.46410
3.31662
10.95445
72.05553
95.36771
27.91057
58.99152
75.76279
13.74773
19.26136
49.47727
54.44263
59.45587
3.00000
50.59644
24.79919
3.87298
13.07670
1.73205
48.49742
50.83306
7.54983
23.06513
52.45951
7.48331
83.27665
72.21496
86.83317
95.93748
7.93725
29.06888
59.57348
79.52358
34.39477
56.56854
79.50472
25.74879
46.74398
45.59605
61.50610
72.74613
29.51271
23.91652
11.83216
97.52948
29.47881
33.04542
60.99180
88.24965
15.23155
20.00000
1.73205
29.39388
42.95346
80.69696
58.92368
8.06226
2.82843
39.24283
2.82843
44.21538
36.12478
21.90890
36.86462
3.60555
38.52272
39.19184
63.99219
18.97367
41.12177
94.34511
25.69047
65.57439
80.60397
12.20656
47.69696
62.20129
73.89181
64.69158
3.46410
18.73499
43.63485
13.41641
82.61356
37.46999
27.27636
52.80152
31.62278
61.73330
76.90904
78.46018
33.76389
14.00000
2.64575
39.94997
15.49193
48.90808
46.73329
7.41620
11.61895
78.74643
19.59592
39.49684
4.47214
9.11043
86.83317
53.66563
20.56696
54.79964
27.83882
59.32959
38.98718
13.52775
80.79604
9.16515
25.63201
60.59703
53.54437
90.74690
34.24909
28.86174
24.65766
30.74085
54.07402
56.00000
2.64575
28.72281
34.30743
25.23886
30.85450
70.00000
6.92820
82.55907
5.19615
28.56571
33.98529
13.74773
56.22277
68.86944
42.20190
47.69696
33.98529
43.35897
54.65345
21.44761
9.16515
1.73205
16.52271
31.49603
87.97159
34.29286
48.49742
76.36098
10.39230
8.06226
14.17745
14.14214
27.12932
10.39230
11.13553
26.83282
44.82187
33.88215
87.51571
63.80439
10.95445
3.46410
49.84977
50.34878
36.20773
20.07486
47.48684
19.26136
54.40588
43.58899
64.72248
42.98837
84.66995
21.65641
12.12436
11.44552
61.50610
12.04159
73.26664
55.49775
38.74274
40.65710
28.56571
7.48331
61.97580
19.59592
11.66190
54.08327
15.74802
61.50610
16.15549
58.45511
51.84593
66.09085
13.41641
57.44563
8.94427
33.66007
7.41620
41.56922
4.89898
66.27217
93.16652
6.92820
40.39802
9.16515
66.81317
37.10795
53.35729
18.97367
42.70831
35.62303
2.82843
17.66352
6.92820
20.97618
56.92100
11.66190
45.57412
84.19620
16.15549
4.58258
21.63331
49.35585
46.08687
11.48913
50.84290
77.63376
3.31662
51.91339
59.57348
11.48913
18.22087
32.00000
41.66533
32.32646
46.95743
50.43808
14.45683
73.87151
61.96773
49.59839
41.02438
49.64877
85.51608
50.52722
25.29822
13.74773
22.80351
31.74902
2.23607
59.32959
54.03702
12.28821
69.60603
37.52333
53.58171
75.09993
19.89975
68.68042
19.41649
21.93171
81.90238
9.32738
3.46410
38.53570
33.36165
37.41657
60.49793
35.98611
44.89989
74.21590
92.96774
36.33180
1.73205
4.47214
52.67827
48.98979
67.10440
39.19184
34.39477
38.67816
6.00000
30.57777
2.23607
51.57519
36.37307
5.91608
38.88444
33.24154
42.24926
33.63034
93.46657
6.24500
60.03332
4.58258
84.58723
48.16638
4.58258
59.59027
21.23676
48.34253
22.64950
23.68544
42.05948
17.43560
53.91660
11.61895
39.68627
39.68627
16.73320
47.95832
29.24038
17.66352
50.75431
24.59675
1.73205
47.91659
70.74602
61.42475
94.97895
72.72551
83.08429
18.57418
19.89975
48.90808
75.36577
31.30495
38.57460
92.34717
26.83282
93.68564
83.42661
15.19868
61.51423
16.88194
57.82733
72.66361
13.26650
65.24569
24.65766
12.44990
6.92820
61.15554
65.74952
10.39230
52.15362
27.54995
32.07803
45.57412
5.38516
7.41620
79.26538
24.73863
49.39636
49.91994
28.77499
48.57983
54.90902
66.87301
80.21845
62.64982
12.96148
3.00000
55.99107
42.04759
52.38320
47.02127
38.66523
6.24500
28.86174
4.58258
65.48282
75.57777
38.79433
19.07878
44.39595
12.84523
6.70820
22.91288
4.00000
51.49757
3.46410
51.70106
10.39230
21.35416
49.74937
16.24808
23.47339
76.64855
26.70206
2.64575
86.56212
83.95832
8.94427
67.50556
14.86607
16.52271
62.92853
52.30679
60.00000
80.99383
52.30679
9.32738
78.30709
11.61895
25.45584
19.67232
14.86607
7.93725
34.64102
42.14262
51.30302
34.40930
56.18719
88.99438
47.54997
93.20408
75.39231
14.45683
17.46425
42.48529
14.83240
45.16636
10.95445
39.19184
33.04542
38.74274
71.53321
1.73205
87.06894
55.95534
38.72983
50.64583
10.90871
21.42429
71.83314
65.38348
77.45967
84.09518
37.82856
18.65476
7.74597
62.32977
7.93725
36.78315
24.18677
60.00000
22.97825
1.73205
77.63376
43.06971
45.95650
29.24038
80.99383
37.52333
21.42429
57.38467
29.24038
28.84441
56.73623
62.35383
32.51154
44.30576
68.99275
58.78775
59.72437
14.69694
38.53570
6.24500
18.89444
6.92820
15.00000
80.21845
81.81076
79.84360
30.57777
97.81615
25.74879
12.00000
5.56776
51.97115
3.00000
75.71658
11.53256
20.78461
38.98718
3.31662
17.91647
79.69316
8.30662
73.02055
9.79796
61.16371
14.66288
6.32456
95.01579
17.34935
35.79106
27.87472
48.49742
96.97938
8.30662
78.40918
18.46619
26.83282
7.74597
98.27004
28.93095
48.98979
32.32646
8.94427
48.74423
17.32051
77.65951
28.28427
7.48331
13.85641
47.95832
48.42520
59.57348
4.58258
28.28427
64.27286
20.85665
14.24781
74.53187
88.18730
94.69952
49.14265
46.31414
30.93542
23.66432
58.37808
39.00000
9.94987
17.91647
25.21904
42.03570
1.73205
23.76973
34.94281
6.32456
49.18333
69.41902
7.48331
87.32125
81.24038
89.54887
67.90434
14.28286
34.94281
21.14237
33.16625
52.64029
57.99138
90.11104
29.66479
17.43560
7.54983
52.99057
27.20294
19.07878
10.39230
19.67232
10.24695
94.10632
84.66995
28.93095
34.46738
46.64762
8.48528
66.45299
50.34878
23.97916
10.24695
65.90144
82.70429
17.05872
13.85641
21.33073
12.68858
16.58312
9.16515
70.43437
20.71232
21.56386
39.79950
21.90890
15.71623
49.43683
16.88194
36.66061
30.93542
14.69694
1.73205
19.41649
28.37252
19.05256
24.97999
92.27676
33.86739
21.90890
91.97826
63.71813
81.11104
92.97849
9.79796
3.00000
56.78908
82.02439
86.32497
63.05553
3.00000
39.71146
76.42644
42.04759
30.74085
9.79796
65.96969
47.71792
13.96424
11.83216
36.37307
31.63858
7.48331
8.66025
41.24318
16.52271
33.54102
39.34463
15.19868
64.06247
12.84523
60.70420
63.34035
74.93998
42.42641
5.00000
9.21954
51.37120
91.53688
35.11410
37.78889
29.93326
46.13025
77.07140
66.74579
43.12772
20.97618
10.77033
29.39388
79.65551
19.97498
17.29162
85.32292
63.61604
13.96424
14.24781
9.74679
78.68291
4.35890
3.87298
38.88444
11.95826
17.86057
76.47222
26.98148
31.60696
31.49603
48.83646
22.73763
50.27922
12.00000
27.83882
96.97938
8.00000
96.58157
20.17424
33.27161
17.43560
73.74958
9.74679
18.33030
52.10566
76.12490
4.00000
1.73205
15.65248
15.23155
28.84441
25.69047
51.49757
18.46619
61.31068
22.80351
22.91288
12.36932
67.08204
65.48282
29.39388
12.16553
92.56349
19.97498
69.84984
67.63875
16.73320
62.86493
15.19868
51.70106
34.94281
40.53394
55.56078
16.12452
12.00000
62.99206
42.70831
75.89466
30.19934
10.63015
35.49648
99.01515
56.92100
67.76430
60.66300
70.99296
57.13143
84.89994
41.17038
19.97498
31.74902
1.73205
24.65766
30.46309
65.29931
14.38749
77.00000
58.44656
52.15362
68.37397
82.61356
2.23607
24.00000
18.52026
60.81940
2.23607
38.45777
61.08191
24.73863
48.66210
27.69476
31.98437
11.83216
8.94427
8.48528
14.86607
24.97999
25.69047
12.84523
1.73205
29.10326
16.49242
65.24569
8.06226
39.93745
30.19934
37.08099
6.92820
59.32959
84.28523
15.49193
47.71792
5.65685
20.90454
64.99231
45.33211
54.41507
38.98718
38.61347
28.89637
8.00000
59.76621
18.00000
17.32051
24.49490
47.24405
1.73205
38.61347
36.22154
31.98437
81.33265
16.73320
16.97056
33.98529
28.35489
54.69918
18.97367
12.68858
27.56810
55.18152
62.56996
17.05872
5.91608
71.72866
26.07681
55.45268
24.39262
90.06664
38.76854
7.41620
31.12876
80.59777
34.48188
75.57777
24.26932
50.26927
54.54356
42.89522
72.46378
84.87049
71.41428
29.93326
27.65863
66.06815
4.89898
47.74935
68.46167
11.48913
12.00000
30.98387
20.97618
52.00000
68.22756
61.22908
22.80351
1.73205
27.92848
50.19960
56.68333
23.64318
28.89637
72.82857
63.49803
39.59798
4.12311
9.64365
54.24942
37.08099
83.12039
9.00000
52.49762
56.43580
45.16636
5.74456
9.79796
22.27106
51.99038
62.74552
24.14539
42.76681
55.85696
51.75906
39.66106
34.48188
63.87488
32.98485
36.53765
15.77973
40.49691
58.12917
13.41641
87.63561
8.48528
9.79796
36.37307
45.92385
56.68333
22.62742
44.23799
6.24500
45.44227
25.39685
69.91423
44.19276
38.61347
7.41620
1.73205
3.31662
50.82322
2.64575
15.71623
33.22650
4.89898
91.38928
26.32489
21.33073
1.73205
55.13620
34.85685
21.16601
70.99296
47.19110
23.51595
27.71281
15.58846
55.45268
13.41641
84.07140
53.89805
37.94733
28.93095
20.07486
17.54993
50.91169
33.36165
79.76841
19.36492
64.37391
46.47580
13.85641
21.63331
16.70329
44.27189
49.83974
57.86190
23.08679
67.14164
85.97674
44.89989
47.33920
1.73205
2.82843
76.12490
25.98076
12.12436
42.13075
13.96424
11.66190
56.92100
38.72983
15.19868
44.89989
38.53570
71.64496
15.23155
37.94733
43.26662
48.57983
87.26970
76.94154
29.39388
35.65109
12.00000
13.15295
42.04759
92.95160
16.49242
48.73397
20.00000
48.28043
20.61553
40.58325
6.24500
87.94885
9.53939
77.92304
58.88973
3.00000
7.54983
27.92848
9.21954
35.21363
63.99219
46.64762
56.73623
3.87298
50.72475
5.00000
52.15362
2.82843
21.63331
3.87298
78.88599
1.73205
93.91486
42.13075
96.25487
51.38093
78.99367
93.20408
29.74895
39.19184
73.83766
95.57719
7.48331
46.91482
21.90890
34.40930
12.16553
98.49365
29.34280
32.78719
32.86335
13.07670
57.99138
67.19375
31.74902
2.23607
13.85641
16.24808
36.33180
14.83240
68.96376
34.39477
6.70820
39.00000
70.59037
5.19615
92.08149
69.74238
15.09967
12.32883
50.40833
25.47548
7.41620
14.96663
71.44228
80.62258
6.92820
26.66458
41.29165
86.97701
48.98979
37.74917
79.26538
19.79899
67.46110
17.43560
13.22876
9.00000
77.94870
3.87298
31.60696
93.91486
20.85665
14.42221
25.07987
20.39608
46.01087
85.15868
84.97647
65.84072
77.00000
12.64911
53.67495
37.94733
48.00000
66.88049
16.24808
50.51732
90.28289
33.94113
72.82857
20.71232
30.00000
26.83282
36.20773
40.92676
44.39595
88.90444
78.13450
27.98214
56.73623
61.70899
97.67292
33.70460
49.99000
32.78719
28.58321
64.24951
80.10618
54.83612
10.77033
6.92820
77.36278
91.38928
61.70899
21.90890
14.96663
12.49000
4.12311
95.57719
90.50967
6.70820
32.55764
8.06226
11.18034
41.74925
79.97500
42.53234
77.00000
13.60147
84.14274
66.45299
46.09772
25.37716
81.78019
22.91288
33.46640
77.76889
54.91812
20.97618
40.29888
55.39856
64.89992
82.78285
43.68066
33.86739
12.96148
92.49865
61.79806
65.79514
19.67232
13.96424
28.86174
19.51922
12.80625
78.99367
84.94704
7.54983
6.24500
48.21825
13.96424
28.98275
24.89980
74.87990
58.92368
91.91844
54.90902
21.44761
40.18706
94.23906
85.01176
91.73331
44.09082
61.08191
16.97056
16.73320
25.23886
39.49684
68.86944
40.55860
52.99057
3.31662
33.98529
61.57922
94.48809
44.18144
6.24500
93.80832
79.94373
84.97647
72.47758
60.47313
9.21954
38.10512
54.11100
41.36424
49.99000
70.20684
7.93725
20.78461
19.20937
53.40412
54.84524
20.78461
40.31129
73.97297
81.97561
77.00000
36.00000
7.93725
13.85641
57.54998
38.41875
22.91288
98.71170
19.59592
33.27161
72.49828
64.49806
5.91608
43.54308
66.91039
92.87088
16.12452
4.89898
75.83535
72.44308
71.57514
25.51470
17.32051
57.68882
52.76362
71.10556
77.31106
63.24555
82.43179
36.12478
10.95445
55.85696
4.47214
29.24038
37.78889
38.78144
19.79899
36.18011
67.04476
43.68066
50.91169
24.18677
18.84144
78.38367
78.59389
81.60882
26.32489
8.00000
19.79899
67.50556
55.39856
56.28499
20.19901
27.65863
3.00000
26.45751
11.31371
12.36932
55.49775
33.54102
38.24918
21.63331
46.08687
53.47897
33.58571
31.85906
99.91997
29.94996
36.33180
63.27717
15.49193
49.24429
27.91057
20.49390
66.24953
19.05256
21.90890
5.91608
74.93998
45.44227
17.74824
36.33180
51.05879
55.81219
58.48077
4.79583
39.98750
45.44227
24.14539
29.39388
37.68289
69.28203
47.83304
44.21538
8.71780
65.45227
14.00000
64.15606
12.44990
43.06971
84.80566
17.32051
68.88396
64.50581
54.22177
4.58258
82.61356
23.49468
62.44998
33.36165
17.66352
39.54744
3.60555
78.99367
36.93237
47.62352
44.49719
45.92385
52.22069
15.00000
90.77995
11.95826
37.78889
83.78544
27.12932
41.89272
70.00714
84.11896
58.30952
55.42563
43.35897
42.34383
63.87488
19.79899
34.62658
87.01149
13.41641
7.74597
25.23886
12.32883
79.69316
6.00000
3.87298
3.87298
28.84441
27.54995
36.48287
19.97498
36.98648
4.35890
53.03772
64.06247
17.88854
71.64496
4.58258
84.37417
26.36285
52.33546
52.48809
11.31371
29.93326
77.76889
26.83282
26.83282
49.99000
9.79796
49.14265
5.74456
31.22499
23.51595
60.79474
68.55655
33.94113
6.24500
48.98979
84.11896
88.54377
61.06554
18.33030
22.51666
44.36215
18.97367
65.23036
12.96148
34.39477
58.55766
51.84593
94.23375
1.73205
72.66361
70.12132
52.49762
7.74597
22.24860
31.17691
47.83304
6.92820
81.63945
52.58327
10.95445
72.89033
28.93095
89.05616
33.82307
6.00000
42.70831
64.67612
7.93725
18.97367
17.97220
49.74937
28.86174
6.92820
8.94427
89.91663
53.35729
61.18823
40.55860
31.98437
7.93725
33.40659
93.23090
4.89898
33.86739
13.85641
24.16609
19.20937
61.96773
19.20937
7.48331
25.63201
27.65863
43.71499
28.37252
31.74902
60.73714
3.46410
63.47440
8.94427
9.79796
21.14237
34.85685
59.97499
80.03124
48.29079
24.18677
27.33130
15.58846
58.99152
26.15339
5.19615
48.66210
69.97142
78.58117
49.50758
32.04684
49.84977
71.70077
79.06327
13.67479
33.88215
1.73205
11.61895
21.33073
68.89848
73.04793
24.10394
33.94113
24.55606
39.49684
65.72671
99.49874
24.49490
19.18333
72.89033
25.76820
20.90454
53.91660
28.56571
44.72136
72.43618
47.74935
11.95826
21.97726
45.95650
39.76179
94.23375
58.09475
13.85641
30.00000
36.37307
75.09993
43.12772
41.56922
27.56810
12.44990
37.14835
73.32121
26.07681
70.88723
67.40178
26.92582
12.64911
37.10795
16.15549
27.54995
21.90890
12.96148
8.66025
49.02040
63.49803
53.67495
98.14275
78.38367
31.60696
44.89989
17.34935
17.46425
76.97402
11.87434
83.13844
2.64575
40.69398
67.46110
13.96424
15.32971
27.27636
11.53256
2.64575
87.42997
53.96295
2.23607
89.24685
2.23607
25.51470
25.98076
49.47727
64.99231
21.74856
50.64583
29.74895
56.60389
76.99351
15.19868
52.53570
11.61895
88.68484
24.49490
49.11212
65.81033
32.17142
88.31761
52.48809
81.82909
19.05256
31.36877
68.58571
5.19615
49.95998
72.99315
66.77574
5.65685
42.89522
39.76179
76.90904
3.00000
50.99020
10.81665
6.70820
29.73214
41.32796
15.19868
29.73214
50.64583
79.97500
84.79976
16.88194
36.66061
88.01704
30.59412
32.86335
87.72115
69.26038
33.98529
62.74552
21.16601
45.29901
16.27882
53.60037
33.48134
24.79919
33.48134
8.54400
32.00000
14.96663
30.98387
14.86607
13.74773
27.98214
25.82634
40.24922
2.23607
5.91608
32.01562
84.97647
9.32738
56.99123
76.34789
96.95360
39.49684
47.96874
7.93725
85.45759
33.16625
2.23607
19.79899
1.73205
45.92385
66.03787
75.87490
46.90416
22.51666
73.79024
16.97056
10.24695
63.49803
65.76473
13.85641
59.62382
22.20360
65.57439
13.89244
15.49193
65.61250
25.92296
61.06554
30.80584
61.18823
36.27671
6.32456
43.11612
54.77226
32.04684
35.56684
27.36786
29.94996
54.99091
10.95445
19.36492
80.38035
45.47527
62.03225
44.49719
8.94427
82.91562
43.81780
56.56854
37.69615
38.06573
88.06248
17.88854
49.47727
82.61356
40.80441
41.89272
58.66004
64.37391
19.62142
94.47222
3.60555
31.62278
73.17787
60.06663
10.19804
12.04159
61.18823
21.16601
13.85641
21.35416
74.93998
44.19276
29.74895
32.44996
45.51923
68.99275
67.72739
60.45660
86.94826
71.93747
72.28416
15.49193
26.53300
25.23886
91.24144
27.03701
10.90871
23.43075
71.55418
50.59644
63.03174
82.26786
48.77499
3.46410
14.14214
2.82843
13.07670
38.83298
15.96872
10.95445
12.84523
23.66432
9.74679
65.96969
44.21538
62.73755
66.77574
51.87485
1.73205
32.01562
42.66146
32.63434
9.32738
2.64575
12.20656
38.47077
75.99342
2.23607
7.74597
31.85906
3.31662
18.33030
91.56965
51.52669
37.66962
22.11334
35.87478
39.54744
66.24953
33.00000
77.38863
6.92820
25.13961
33.76389
57.13143
21.93171
67.14164
42.00000
88.01704
21.93171
24.24871
55.85696
49.07138
42.98837
31.28898
76.00658
31.74902
65.38348
83.87491
29.84962
3.31662
19.59592
28.63564
51.38093
34.87119
27.47726
38.98718
34.87119
1.73205
39.59798
24.65766
37.34970
2.82843
18.02776
28.14249
53.88877
80.77747
48.00000
5.19615
14.28286
20.61553
9.32738
79.19596
51.22499
58.65151
70.81666
9.94987
38.01316
52.53570
20.78461
10.44031
78.07048
42.86024
81.73738
17.43560
82.10359
66.51316
16.73320
72.55343
16.15549
55.41660
4.89898
49.95998
6.55744
60.99180
31.19295
83.73171
11.13553
33.22650
76.21024
37.08099
33.82307
89.90551
23.17326
75.71658
83.79141
58.58327
4.58258
6.70820
18.02776
88.54377
41.12177
48.71345
40.39802
19.05256
97.91833
7.14143
22.64950
21.56386
58.34381
17.88854
10.24695
50.82322
50.15974
56.85948
84.09518
77.86527
41.74925
14.14214
15.87451
57.24509
2.64575
13.67479
46.95743
39.66106
64.99231
18.76166
63.06346
58.58327
27.34959
53.66563
33.24154
45.59605
66.23443
54.47018
23.81176
6.70820
4.58258
30.98387
9.53939
18.73499
89.91663
86.94826
42.74342
31.85906
42.81355
54.69918
56.50664
65.26868
45.82576
9.38083
26.70206
50.19960
21.56386
38.66523
75.65712
25.21904
16.97056
31.63858
48.90808
17.20465
33.98529
50.06995
24.73863
87.97727
31.43247
3.00000
6.70820
98.17841
3.31662
83.61818
35.32704
36.66061
14.83240
31.93744
51.30302
12.68858
37.04052
29.79933
27.92848
44.58699
65.93178
18.54724
58.88973
52.53570
13.85641
10.58301
1.73205
51.93265
45.44227
88.04544
35.11410
7.41620
85.32292
50.99020
21.90890
22.24860
33.76389
45.16636
61.34330
8.00000
45.37621
32.98485
28.56571
66.11354
24.10394
41.80909
40.74310
11.61895
26.15339
68.93475
36.66061
48.98979
45.69464
14.24781
16.97056
59.62382
5.00000
15.71623
26.60827
55.64171
25.92296
19.67232
72.82857
20.19901
14.10674
38.40573
40.60788
24.81935
28.28427
19.51922
46.72259
85.15868
16.49242
74.61903
28.28427
44.54211
69.59167
16.73320
63.77304
37.37646
45.95650
10.24695
55.39856
47.71792
91.07689
77.92304
5.38516
76.68116
74.07429
12.36932
25.03997
80.92589
72.11103
45.95650
71.24605
40.31129
24.49490
34.59769
19.82423
55.99107
31.85906
49.07138
60.66300
37.34970
9.79796
30.85450
41.85690
36.87818
6.24500
4.58258
78.49204
41.66533
26.32489
17.66352
11.35782
10.44031
52.23026
37.96051
21.90890
23.21637
33.46640
1.73205
8.42615
4.58258
55.13620
29.88311
23.32381
77.74960
87.77813
45.03332
46.33573
85.87782
82.36504
15.00000
64.67612
17.86057
61.02459
17.34935
6.85565
15.90597
14.86607
53.66563
47.24405
58.58327
4.00000
65.76473
2.64575
2.64575
68.93475
16.12452
65.72671
6.70820
31.93744
30.57777
35.31289
32.04684
54.61685
64.93073
39.66106
10.19804
35.09986
10.24695
12.00000
28.72281
84.29116
41.53312
46.18441
27.27636
36.33180
44.72136
11.66190
8.48528
6.32456
37.51000
21.23676
68.41053
65.81033
8.00000
19.87461
81.97561
21.07131
39.94997
25.37716
2.82843
48.71345
18.76166
38.36665
65.61250
8.18535
41.56922
17.91647
58.68560
77.00000
12.00000
8.48528
30.98387
8.71780
16.24808
73.45066
22.18107
62.60990
12.12436
3.46410
64.89992
32.32646
31.74902
38.98718
54.99091
12.00000
33.36165
15.96872
15.96872
62.25753
38.15757
33.94113
41.53312
19.10497
56.92100
56.91221
28.26659
12.00000
5.65685
85.85453
57.31492
70.74602
91.78235
11.66190
38.74274
57.96551
18.13836
29.98333
44.89989
76.81146
48.34253
75.76279
82.04877
44.59821
14.14214
26.98148
24.00000
77.89737
92.46080
54.74486
20.97618
27.11088
66.61081
37.34970
21.16601
86.94826
78.13450
73.89181
45.66180
67.88225
18.89444
30.39737
43.98863
62.87289
31.74902
42.60282
67.96323
57.73214
47.16991
43.30127
94.95789
46.90416
3.31662
47.95832
11.53256
48.49742
28.72281
1.73205
14.38749
26.83282
13.41641
53.66563
12.49000
15.19868
87.03448
12.49000
55.91959
3.46410
10.53565
41.95235
24.91987
65.72671
40.31129
6.32456
16.49242
44.49719
2.82843
40.53394
12.96148
21.33073
28.98275
95.26279
10.81665
58.98305
22.80351
59.79130
50.36864
52.64979
10.24695
81.24038
67.10440
32.86335
6.70820
23.23790
80.69696
29.58040
52.15362
95.47775
29.66479
85.18803
12.96148
21.33073
75.49172
39.68627
44.98889
70.54786
20.42058
2.64575
58.92368
18.97367
5.74456
53.67495
25.13961
44.66542
32.44996
79.59899
72.66361
9.94987
24.67793
4.79583
55.99107
31.62278
65.52099
84.23182
44.89989
52.64979
45.13314
24.49490
55.99107
13.22876
43.63485
25.98076
13.85641
65.76473
55.99107
12.00000
41.82105
27.20294
40.53394
39.20459
54.96362
32.49615
49.78956
68.86944
91.07689
57.05261
65.39878
58.88973
98.86860
34.59769
94.39809
41.12177
87.90904
21.56386
24.00000
81.54140
58.48077
9.79796
37.52333
59.21993
9.74679
61.96773
63.24555
40.69398
6.85565
11.31371
7.93725
39.68627
96.99485
71.77743
95.52487
48.52834
73.48469
69.31811
20.07486
8.66025
25.00000
10.34408
32.72614
13.60147
49.60847
33.04542
55.31727
22.95648
31.89044
75.02000
85.69714
21.93171
52.65928
22.80351
39.34463
19.59592
87.63561
48.00000
32.44996
96.74709
19.59592
15.65248
77.89737
30.98387
67.63875
95.12098
63.71813
87.17224
48.98979
45.00000
26.32489
15.87451
24.97999
8.06226
61.74949
77.14921
71.51923
67.17142
7.54983
11.53256
2.23607
22.62742
46.82948
40.89010
3.87298
59.69925
88.85944
75.83535
11.61895
55.42563
71.55418
17.74824
35.00000
76.31514
31.85906
7.41620
26.83282
55.13620
1.73205
72.99315
19.77372
19.41649
27.22132
20.85665
73.32121
48.98979
84.94116
15.62050
51.01960
9.79796
41.42463
34.94281
28.72281
55.31727
35.67913
22.80351
54.77226
78.23043
59.19459
1.73205
24.55606
8.00000
5.00000
74.47818
67.08204
73.32121
49.63869
9.16515
87.97727
77.35632
24.00000
22.97825
60.00000
44.44097
25.63201
28.14249
21.90890
5.29150
40.39802
80.14986
11.31371
8.06226
24.91987
56.49779
25.37716
2.82843
51.38093
3.87298
14.83240
22.24860
26.53300
4.47214
69.64912
55.56078
7.48331
12.64911
35.87478
43.26662
42.81355
15.87451
79.84360
13.41641
16.97056
99.91997
58.99152
44.00000
6.55744
50.24938
77.99359
50.83306
58.65151
83.51647
39.79950
57.99138
2.23607
46.64762
3.31662
32.98485
66.33250
67.10440
47.23346
55.45268
39.71146
15.58846
35.77709
4.00000
15.49193
31.85906
8.66025
46.47580
41.24318
50.51732
37.96051
18.65476
80.00000
13.07670
51.61395
84.00000
82.10359
58.28379
48.37355
71.05632
45.98913
72.80797
22.80351
4.47214
46.95743
23.23790
11.83216
26.60827
41.41256
47.74935
30.19934
57.96551
38.66523
12.64911
36.87818
37.10795
1.73205
93.80832
21.74856
87.32125
39.38274
39.79950
14.83240
27.36786
85.91275
22.91288
20.39608
50.01000
59.32959
14.96663
40.24922
20.71232
37.94733
35.21363
43.68066
39.91240
4.79583
15.09967
59.70762
10.95445
16.49242
28.33725
91.73331
54.74486
29.94996
25.03997
31.98437
40.89010
96.29122
9.53939
56.00000
35.66511
71.47727
69.41902
82.51061
30.00000
61.60357
38.24918
31.32092
7.74597
43.16248
25.39685
73.32121
94.10101
10.39230
5.91608
59.79130
9.64365
85.87782
26.83282
86.71793
3.60555
1.73205
67.94851
51.84593
21.44761
15.23155
23.21637
3.46410
54.22177
58.58327
47.95832
37.82856
63.04760
7.93725
76.81146
42.04759
81.44323
46.47580
29.39388
28.84441
22.09072
24.49490
54.25864
27.49545
11.83216
71.19691
89.86100
27.49545
16.70329
70.74602
5.19615
2.23607
45.74932
17.32051
18.33030
2.82843
18.73499
40.89010
44.73254
48.46648
21.97726
2.23607
58.44656
85.70298
24.49490
18.11077
4.12311
29.91655
16.58312
9.79796
56.28499
49.07138
29.18904
31.17691
27.85678
24.73863
19.07878
21.97726
39.66106
34.77068
88.54377
27.98214
19.20937
49.74937
41.80909
29.74895
30.85450
28.72281
59.72437
53.66563
42.42641
14.83240
10.90871
15.49193
35.70714
21.16601
5.91608
31.98437
6.24500
5.74456
1.73205
71.57514
30.00000
26.15339
44.54211
25.98076
7.74597
18.33030
52.31635
40.65710
30.98387
38.26225
40.98780
55.72253
21.54066
5.00000
4.89898
35.00000
71.55418
6.70820
44.89989
64.93073
24.55606
32.18695
45.51923
68.14690
44.89989
67.40920
44.73254
64.99231
93.45052
64.22616
43.12772
73.32121
17.74824
45.33211
37.94733
24.81935
3.60555
62.80127
47.14870
3.46410
35.00000
69.28203
3.46410
15.58846
20.97618
95.52487
61.76569
54.47018
6.08276
46.72259
61.34330
52.99057
1.73205
38.74274
12.96148
28.84441
65.74952
78.88599
9.94987
48.98979
43.89761
25.47548
14.69694
53.47897
44.19276
15.96872
47.16991
78.70832
20.00000
61.02459
49.24429
88.04544
65.79514
44.88875
37.66962
6.32456
30.98387
68.49818
72.46378
86.74099
10.95445
19.77372
4.58258
64.34283
1.73205
85.86617
19.59592
12.96148
34.48188
73.88505
49.99000
40.98780
64.72248
68.64401
17.74824
92.79547
39.76179
14.31782
43.81780
5.38516
47.90616
19.97498
47.95832
13.74773
95.36771
49.39636
75.62407
64.37391
52.91503
68.41053
1.73205
30.00000
10.90871
32.72614
40.89010
21.63331
8.24621
28.14249
59.47268
68.29348
23.66432
57.44563
42.19005
6.70820
21.35416
62.55398
28.61818
56.92100
59.32116
48.08326
34.29286
78.23043
9.79796
16.34013
79.94998
36.78315
76.21680
28.77499
27.71281
65.72671
18.00000
19.07878
91.97826
14.96663
91.80414
18.89444
48.34253
95.91663
27.11088
47.57100
37.94733
61.64414
22.64950
37.10795
14.69694
71.93747
38.83298
69.79971
44.45222
4.12311
11.61895
42.98837
49.63869
91.08238
39.88734
31.73326
60.82763
53.66563
24.67793
73.24616
6.92820
6.00000
42.47352
2.64575
32.49615
69.13031
66.61081
8.66025
64.72248
34.87119
36.94591
40.14972
3.87298
46.73329
52.41183
43.16248
25.78759
7.74597
70.32069
77.94870
37.56328
87.97159
39.33192
11.61895
72.46378
16.97056
9.21954
19.41649
37.82856
39.98750
73.53911
27.03701
36.00000
25.29822
51.93265
89.77750
65.29165
89.24685
87.32125
37.46999
58.88973
35.59494
90.01667
4.89898
78.48567
49.50758
89.54887
4.79583
2.82843
36.83748
10.63015
24.91987
33.46640
35.25621
12.00000
80.84553
68.89848
59.79130
22.97825
33.27161
13.74773
64.99231
2.64575
68.78227
12.64911
30.04996
39.15354
76.22992
69.70653
3.31662
28.72281
54.61685
61.57922
58.09475
53.74012
25.63201
91.78235
5.29150
47.74935
24.16609
61.01639
20.37155
34.91418
36.87818
77.19456
83.78544
8.48528
29.46184
85.18803
82.98795
39.83717
53.44156
36.33180
32.72614
50.19960
91.55872
4.58258
30.74085
46.13025
48.71345
4.00000
31.73326
98.71170
92.41212
7.74597
20.27313
34.87119
13.85641
54.79964
5.74456
15.19868
69.48381
66.06815
26.32489
38.67816
39.79950
86.53323
73.75636
41.46082
18.13836
76.00658
1.73205
67.73478
26.83282
5.38516
18.33030
9.94987
22.80351
57.82733
16.00000
52.20153
23.81176
32.87856
59.89992
23.81176
84.85281
70.33491
8.94427
33.94113
15.96872
44.36215
81.11720
97.07729
55.67764
52.96225
8.00000
25.74879
16.94107
19.20937
13.41641
1.73205
18.30301
50.19960
42.66146
45.57412
25.29822
64.37391
61.74949
33.82307
36.66061
63.03174
11.35782
25.47548
70.65409
6.70820
59.32116
65.23803
24.26932
9.64365
15.96872
48.71345
32.18695
5.65685
32.86335
78.38367
27.34959
29.18904
70.99296
15.19868
30.39737
4.00000
45.95650
44.18144
3.31662
26.38181
9.94987
69.74238
87.90904
57.96551
17.66352
15.49193
56.39149
6.32456
72.89033
41.82105
89.79978
4.35890
37.41657
35.62303
11.61895
64.80741
74.89326
35.56684
68.37397
29.41088
43.26662
69.97142
7.41620
46.73329
19.59592
80.60397
82.58329
58.20653
84.58723
12.12436
24.67793
13.07670
70.34913
31.28898
93.46657
73.84443
96.99485
69.97142
85.32292
12.32883
8.77496
29.24038
42.98837
71.44228
68.33008
20.61553
43.26662
12.49000
9.59166
45.17743
24.79919
29.17190
54.47935
36.66061
21.33073
52.91503
15.71623
17.66352
6.92820
86.61986
74.93998
42.66146
32.49615
64.53681
34.64102
25.29822
71.30919
45.08880
16.15549
7.00000
19.62142
6.32456
49.14265
3.87298
21.00000
6.24500
29.66479
28.28427
8.00000
17.74824
39.68627
50.32892
8.42615
3.00000
44.27189
58.69412
35.77709
17.88854
88.54377
19.59592
52.39275
71.33022
77.36278
10.00000
23.23790
26.51415
55.56078
17.54993
24.18677
38.15757
40.95119
83.78544
30.98387
12.96148
54.02777
73.09583
34.40930
25.98076
96.51425
44.95553
56.68333
77.83958
66.58078
61.79806
36.33180
35.94440
41.43670
31.70173
45.08880
86.58522
37.96051
94.74175
8.94427
45.47527
11.83216
56.28499
23.66432
39.33192
2.82843
5.65685
67.64614
9.16515
52.91503
92.62829
3.87298
17.29162
26.53300
63.49803
26.83282
28.84441
85.69714
53.66563
70.92954
5.91608
23.97916
1.73205
75.89466
3.46410
46.90416
25.37716
94.66256
9.38083
4.89898
94.10101
20.78461
74.45804
42.42641
5.56776
44.39595
20.00000
57.61944
62.60990
80.79604
56.96490
47.98958
52.86776
26.58947
75.49172
22.80351
8.71780
35.09986
57.13143
41.56922
57.13143
56.92100
86.94826
89.77750
12.84523
40.98780
10.77033
51.11751
87.05745
64.89992
11.13553
23.08679
43.81780
12.96148
3.00000
84.88227
44.19276
13.22876
58.13777
44.18144
52.30679
25.98076
13.41641
90.85703
7.93725
25.92296
66.11354
2.23607
97.13393
33.82307
83.57631
42.74342
17.74824
34.98571
10.81665
61.57922
11.61895
5.29150
80.24961
52.15362
57.73214
62.73755
53.88877
11.61895
10.58301
39.79950
42.53234
27.87472
52.91503
18.73499
21.07131
77.92304
34.85685
50.59644
36.94591
63.36403
48.98979
6.92820
92.60670
53.54437
57.82733
31.03224
61.19641
66.24953
91.43304
21.14237
98.67624
44.45222
11.18034
34.59769
9.32738
88.99438
10.39230
56.99123
13.41641
34.64102
15.49193
74.78636
33.82307
65.72671
28.61818
1.73205
69.31811
71.30217
7.41620
15.19868
28.49561
55.42563
24.97999
13.26650
68.55655
44.30576
71.41428
21.90890
53.91660
45.60702
25.69047
80.21845
42.89522
38.10512
56.54202
43.81780
33.94113
27.12932
51.99038
58.74521
36.60601
6.92820
16.88194
12.49000
31.74902
66.93280
44.44097
46.91482
22.71563
71.44228
15.00000
47.32864
78.38367
27.22132
71.35825
27.22132
87.72685
37.94733
39.38274
33.82307
73.56630
5.56776
1.73205
35.66511
61.50610
23.32381
49.04080
88.56636
93.16652
9.74679
60.39868
42.60282
10.24695
16.24808
26.24881
79.06327
55.41660
74.93998
84.49260
3.87298
32.32646
5.19615
72.49828
5.65685
89.46508
86.02325
4.00000
77.76889
26.40076
15.09967
84.49260
80.00000
6.85565
47.32864
31.93744
74.55870
10.81665
72.66361
2.23607
24.65766
33.66007
7.93725
28.86174
30.85450
49.14265
46.43275
21.42429
2.82843
68.88396
30.41381
55.27205
59.69925
20.78461
19.62142
51.93265
29.54657
14.45683
85.79044
7.93725
36.00000
48.42520
79.37254
82.35897
44.66542
68.68042
24.00000
28.77499
24.97999
45.16636
27.34959
63.96874
54.74486
32.72614
15.36229
26.40076
43.81780
25.00000
29.88311
23.32381
85.41663
68.11755
59.59027
5.65685
28.30194
12.12436
50.75431
28.72281
61.64414
37.88139
25.23886
40.55860
35.00000
8.48528
11.48913
20.19901
44.39595
4.89898
37.98684
75.02000
6.70820
16.97056
71.93747
14.83240
66.61081
39.05125
28.56571
79.89994
62.56996
71.74956
16.73320
75.71658
76.34789
46.95743
30.98387
47.69696
64.87681
29.98333
54.47018
37.66962
17.66352
12.00000
62.48200
2.64575
49.56813
4.89898
67.56478
11.48913
40.43513
16.37071
50.19960
79.64923
89.05616
94.95262
13.41641
41.82105
19.10497
64.31174
79.89994
91.86403
6.70820
20.49390
10.53565
20.71232
71.53321
77.97435
62.49000
63.21392
40.79216
28.37252
12.60952
58.86425
44.00000
51.37120
21.84033
43.26662
5.65685
20.85665
46.73329
13.74773
4.89898
40.53394
65.57439
2.64575
88.74120
16.12452
31.81195
47.74935
76.19055
35.87478
59.59027
56.28499
15.00000
84.71127
49.06119
6.24500
5.91608
47.27579
15.49193
35.62303
76.36753
18.02776
38.17067
69.97142
47.25463
9.94987
44.28318
18.24829
84.85281
12.49000
81.24038
7.48331
35.28456
35.21363
26.07681
6.55744
70.19972
50.24938
57.74946
39.25557
45.72745
46.74398
10.95445
25.98076
48.71345
80.00000
53.61903
53.67495
63.07932
18.02776
12.60952
33.82307
12.64911
54.91812
1.73205
20.71232
9.84886
54.24942
25.45584
86.97126
4.35890
69.71370
17.74824
2.64575
14.14214
28.86174
19.77372
62.74552
32.49615
41.89272
43.16248
41.41256
68.58571
32.49615
10.95445
52.04805
21.35416
44.07947
32.49615
30.98387
20.39608
70.14271
24.39262
71.65891
25.29822
36.72874
35.62303
14.79865
24.49490
68.99275
15.49193
43.81780
42.48529
22.60531
51.38093
9.00000
58.99152
64.66065
66.09085
53.89805
67.04476
3.60555
82.43179
71.74956
27.56810
72.56032
27.27636
20.78461
31.22499
51.75906
56.78028
22.47221
12.32883
31.98437
71.10556
4.58258
66.54322
39.79950
44.66542
25.37716
8.30662
55.85696
60.09992
36.18011
56.43580
59.80803
8.00000
12.64911
44.09082
25.29822
28.00000
90.07219
1.73205
16.58312
8.06226
9.00000
65.75713
62.80127
39.49684
60.22458
7.28011
9.79796
39.00000
68.49818
23.17326
22.80351
9.32738
44.98889
21.90890
56.73623
55.96427
49.74937
56.28499
58.99152
65.72671
44.88875
18.33030
13.30413
43.98863
54.07402
2.23607
77.45967
43.87482
68.11755
55.85696
36.86462
16.88194
82.55301
78.74008
5.38516
52.84884
51.11751
20.97618
2.82843
27.54995
22.71563
12.68858
42.89522
5.65685
50.01000
28.37252
49.47727
22.62742
14.69694
11.61895
45.08880
78.99367
26.32489
58.88973
78.96202
24.18677
74.03378
58.02586
84.24369
18.24829
36.94591
62.86493
17.32051
6.92820
70.99296
68.93475
7.14143
56.31163
5.91608
37.98684
