140 = 90 + 41 + 15 - 4 - 1 - 1 + 0
140 = 44 + 15 + 88 - 1 - 5 - 1 + 0
163 = 30 + 64 + 82 - 4 - 2 - 7 + 0
102 = 2 + 66 + 38 - 0 - 1 - 3 + 0
129 = 46 + 10 + 76 - 0 - 2 - 1 + 0
187 = 29 + 100 + 63 - 2 - 1 - 2 + 0
193 = 54 + 80 + 79 - 7 - 7 - 9 + 3
133 = 83 + 42 + 13 - 3 - 1 - 1 + 0
153 = 36 + 21 + 99 - 0 - 2 - 1 + 0
216 = 93 + 44 + 93 - 1 - 7 - 6 + 0
139 = 62 + 29 + 55 - 1 - 5 - 2 + 1
84 = 35 + 25 + 26 - 1 - 0 - 1 + 0
178 = 14 + 75 + 95 - 0 - 1 - 5 + 0
191 = 70 + 97 + 34 - 8 - 1 - 1 + 0
158 = 40 + 75 + 49 - 3 - 0 - 3 + 0
156 = 75 + 15 + 73 - 1 - 5 - 1 + 0
169 = 83 + 82 + 14 - 9 - 1 - 0 + 0
68 = 51 + 1 + 18 - 0 - 2 - 0 + 0
92 = 48 + 15 + 33 - 1 - 3 - 0 + 0
118 = 11 + 37 + 75 - 0 - 2 - 3 + 0
101 = 8 + 88 + 7 - 2 - 0 - 0 + 0
148 = 7 + 64 + 82 - 0 - 0 - 5 + 0
103 = 22 + 69 + 16 - 2 - 0 - 2 + 0
3 = 3 + 3 + 3 - 3 - 3 - 3 + 3
100 = 100 + 100 + 100 - 100 - 100 - 100 + 100
81 = 22 + 60 + 22 - 1 - 22 - 1 + 1
160 = 84 + 85 + 84 - 9 - 84 - 9 + 9
3 = 1 + 1 + 1 - 0 - 0 - 0 + 0
3 = 1 + 1 + 1 - 0 - 0 - 0 + 0
0 = 0 + 0 + 0 - 0 - 0 - 0 + 0
99 = 50 + 54 + 0 - 5 - 0 - 0 + 0
58 = 26 + 33 + 0 - 1 - 0 - 0 + 0
89 = 0 + 89 + 0 - 0 - 0 - 0 + 0
26 = 0 + 26 + 0 - 0 - 0 - 0 + 0
191 = 69 + 59 + 78 - 3 - 8 - 4 + 0
86 = 20 + 57 + 13 - 1 - 1 - 2 + 0
99 = 12 + 41 + 52 - 1 - 2 - 4 + 1
94 = 9 + 56 + 85 - 5 - 8 - 47 + 4
97 = 20 + 89 + 78 - 18 - 17 - 71 + 16
88 = 84 + 12 + 12 - 9 - 10 - 3 + 2
100 = 100 + 100 + 99 - 100 - 99 - 99 + 99
100 = 100 + 100 + 100 - 100 - 100 - 100 + 100
100 = 100 + 100 + 100 - 100 - 100 - 100 + 100
81 = 40 + 26 + 55 - 12 - 21 - 13 + 6
95 = 24 + 83 + 38 - 17 - 11 - 30 + 8
80 = 19 + 69 + 16 - 13 - 4 - 8 + 1
122 = 83 + 88 + 2 - 50 - 0 - 1 + 0
111 = 55 + 72 + 36 - 50 - 2 - 2 + 2
147 = 80 + 91 + 34 - 53 - 2 - 4 + 1
