15627
1433
2282
931
2730
24266
8559
5952
325
8972
17535
5838
6304
9810
11658
11349
1485
3523
7919
5608
25382
130
16188
7804
18491
4902
1557
885
1595
6333
15577
2944
2913
182
2669
19216
15735
1255
546
18312
719
2854
4
10584
2327
1745
148
15656
14765
3704
2145
6998
14722
3502
5900
8527
12288
14832
2419
29132
20602
6162
2304
1054
4128
4503
10451
12567
38
1890
2541
745
2722
11610
207
2748
9529
5765
15603
563
6158
19460
27853
24342
2952
15202
3210
3196
25751
2229
1132
3094
3520
458
5799
854
5992
11214
3749
5278
