18537
684
15712
1883
528
2409
5954
4408
1640
6428
10528
2227
1565
4580
17683
1764
4404
20951
22279
1446
1277
7740
9196
23653
8
9732
4200
2460
843
766
3034
7162
15187
219
1356
3396
12214
2556
1148
15603
2717
1086
19758
7576
5234
1354
9406
3420
3268
23322
1840
15788
13042
11378
8862
724
419
3672
4076
1156
15305
15951
9247
6186
3178
289
8353
6566
2691
17004
90
7938
2806
13100
7920
10314
2893
6980
3236
11913
13651
318
7672
2363
4698
12371
4692
12264
1833
24892
4329
21584
6414
4912
2539
361
15592
13728
12085
8510
1246
11931
2751
2142
9516
1908
850
5873
7160
4342
27696
6576
99
5169
10284
18136
21181
11025
58
1040
2194
16525
10938
4224
18099
1076
4858
7560
1650
1194
182
1339
2523
588
20761
5452
748
6712
10323
1483
11620
6011
1212
4115
775
1706
2224
12011
6368
308
15436
282
7776
1832
5186
5950
3539
2036
8512
42
9482
5338
9312
11229
5885
2356
17600
2613
8107
3996
1045
3121
5814
7200
2675
1290
7230
11619
5996
8189
2016
9587
264
14942
2302
8366
5112
9492
4989
3534
1587
10406
24665
5343
6554
5261
6447
6205
11296
11916
3563
12238
9829
9422
247
15072
26206
4024
18800
21870
4430
18564
8247
7164
23188
16188
28498
3983
16816
6409
790
117
1698
23493
1450
2156
8848
3856
3210
21039
26896
12537
16874
187
1263
25400
1842
20496
1155
2530
13466
233
17433
4248
808
13722
23106
17269
10526
1171
12528
13455
20620
26822
19668
4062
14721
2729
1264
10662
17372
16407
1415
7530
668
3643
3740
10597
3379
2257
1911
7335
12064
162
1228
2245
149
20910
3017
9820
1468
13349
19450
2690
20116
11721
2565
1968
2948
3828
5954
16875
18
300
944
7418
3391
1865
8296
1382
3294
11553
12674
950
420
9826
4287
1178
7875
6396
9566
2702
8285
1376
13806
3219
23191
19442
2369
17036
8515
2834
25212
3657
14066
3792
10640
6072
22343
2074
27129
3960
15568
13320
21933
5589
3894
504
18700
10876
4082
8361
1645
3082
440
2324
440
2740
7795
1444
1239
28863
3766
2077
2060
7946
16800
6589
19194
24486
1064
180
1654
6033
5776
3480
904
2800
20298
12776
5541
543
4894
24890
5694
2632
74
5544
25847
12309
1919
6550
174
21950
15174
159
272
3260
1134
1312
2542
3436
1184
91
11037
1948
10568
20680
15704
18226
7775
1640
2783
168
14600
11356
114
3699
12830
10373
2312
6821
1450
3210
2538
12140
14622
1266
14656
6210
179
7135
991
4418
4216
345
3715
1505
15976
18672
6992
21283
2681
10917
25474
12942
319
1381
15248
835
11186
201
1408
2565
8723
4328
6408
7740
1677
8502
14540
878
127
12645
4285
1976
922
4837
6124
14925
11285
2857
6872
17109
10128
4200
8196
14139
175
4469
15847
18046
4942
2135
5546
26246
2956
2116
6429
18081
953
3575
1045
3745
5644
4994
22113
13129
8050
8410
11692
3962
5796
2274
748
7845
12063
13644
17458
2817
5444
5868
24545
51
3048
4869
380
30596
1450
4328
65
1735
4010
9580
12810
2640
1029
5176
8187
2419
1190
3327
142
508
13989
6086
978
6920
11006
7956
2890
7168
2583
14192
3975
1278
1557
6792
39
11378
9153
6302
19466
405
1793
19588
2267
7208
19045
7207
572
13553
1320
3502
13515
3534
16941
15264
18660
4964
5160
15456
9808
7833
1020
7696
8142
11773
15242
4350
2526
3072
3209
1390
7905
9488
14935
7993
9553
9760
16555
649
9080
19656
4275
15566
1419
1684
4689
3715
3104
7418
8253
470
7524
4324
22368
16314
13427
2459
7341
12152
14821
22876
6331
2443
4102
3421
8726
912
11956
936
3157
1338
1434
2457
7773
21822
23150
5636
16077
1902
788
12833
2328
895
208
129
11192
3196
5923
4238
18814
18090
5039
9784
10811
10252
16589
5964
21938
4204
10527
10740
3315
6840
7107
2739
1776
302
2386
12547
10536
24494
9221
6851
2744
3617
5880
13289
3605
5389
14706
18490
1677
24057
18029
2509
23921
9982
267
7830
2659
4649
12440
12671
9633
6296
16673
9027
8694
16614
20
13093
4992
7389
17038
980
4168
5559
1568
21695
28853
10986
18896
454
17936
2204
3934
13746
24860
3066
414
2163
216
2967
8435
919
2496
1073
13868
356
10796
1532
4051
9350
16022
2672
34
3869
19550
6712
306
3747
1164
8134
4599
11817
17389
2640
16062
3192
5682
8070
8592
6847
6605
244
1843
226
10062
11594
6714
2336
4413
3219
315
2175
19099
25331
498
19726
13714
20276
6440
1692
11573
150
2008
9936
1118
8787
8589
1054
17400
11
7059
9662
5622
8460
1504
13076
378
3736
2991
108
4602
16673
10131
12549
6040
22080
3223
6117
11692
12566
4902
20734
6087
18316
6169
6274
490
918
1126
19025
12146
249
2185
1900
3854
5267
7520
26204
2485
10250
590
14702
7119
25918
13622
9094
18070
7017
3711
17112
1621
110
6393
2746
7560
2806
13431
8213
14092
12730
10582
16139
7904
13284
1126
1352
19440
6790
510
19869
9476
9004
985
3840
7358
2156
312
114
2798
11125
10452
370
11894
5572
4272
11795
7360
54
7031
10964
574
77
8099
12155
4125
16013
5935
8225
3584
1325
78
16901
29760
8187
23275
518
14579
965
41
2993
1320
14112
4238
6228
11723
12945
11998
23422
17046
10906
29345
19987
21269
2472
16061
4277
4383
13535
2338
1498
7782
3473
5999
46
2616
4344
1924
8009
3826
13068
1651
5712
23764
4008
9311
3611
18432
18367
7149
159
11456
992
2118
380
2898
1215
27740
13290
845
3441
20652
11350
2576
13557
4150
6672
2680
14945
5698
7424
10677
70
21198
358
4019
18022
3374
17757
6516
516
5162
23901
2680
2900
3046
1077
15630
92
11216
7408
4411
7668
15652
93
2892
3784
401
14080
21659
2030
21177
9225
20726
1876
5376
6831
12642
1183
13428
9009
7993
26222
9070
2345
10723
7033
11139
1050
16060
19224
22645
19872
1698
5748
220
3969
7176
9692
5912
17352
17834
24126
720
2319
