6438
3395
12220
640
397
25888
17592
0
5294
1167
1243
863
24228
2472
19680
15913
3588
7961
11351
4180
488
512
15976
568
8080
1015
1032
11760
9085
26177
7735
9252
94
4957
685
6050
176
16401
828
5514
3759
8974
24204
14840
4801
17426
6124
4041
16234
8454
272
11000
4111
1031
3106
5091
14337
1175
8829
8695
3920
13965
12342
5656
973
13553
5072
10341
854
6862
2874
4050
12253
2254
6390
4379
680
10133
7462
3036
579
792
5844
2302
490
7190
2468
584
7277
6626
5415
16243
7993
4636
31557
13580
9564
6780
19331
1710
3870
11589
4290
1500
10530
4518
16496
16294
12633
4015
15358
17406
2266
8928
1428
628
12778
5542
16595
7494
12436
962
6760
3008
9711
10064
2454
7693
195
27195
921
9337
17967
6214
604
4105
3207
1458
2710
20902
13448
3706
604
180
21831
19236
476
9342
7672
10872
21116
2482
3038
9828
798
7544
1180
17243
7924
2945
5955
1701
1543
29145
5480
11695
9785
2311
1082
4379
7499
77
50
2311
6400
9534
6434
4319
8157
27216
1503
9086
6030
182
4059
9104
198
6473
4140
24060
14388
9136
7462
22506
1354
5679
610
5607
5746
7730
11082
1143
20358
15780
12844
17299
5988
8409
11435
14704
7320
9055
19532
3285
3072
3526
4241
1894
4957
3609
1570
2001
2821
7651
0
17145
894
25684
2616
8485
2446
4248
364
5226
22915
6250
11794
3340
1430
17484
21690
15774
6196
8020
26848
11085
329
978
9094
18842
19194
722
1495
4745
13094
20235
1081
920
2109
16771
6343
782
18576
918
1350
27258
3352
2943
7223
13058
11135
12552
4196
1828
7554
705
5357
12354
3668
372
24776
2348
42
5040
18025
3998
9059
3553
4546
18884
1992
16119
5794
5805
185
2678
2562
14676
15405
7337
20575
19504
7959
1201
12108
250
297
384
2149
9600
6580
17289
17511
6798
9769
4285
4120
760
5891
5146
5910
7027
9535
9798
292
3533
732
4529
20515
10552
7339
1888
1733
490
6882
760
1360
6398
5602
20029
4452
13720
7866
5704
2163
5962
838
259
4954
6056
5471
9718
12364
4670
9729
25362
1298
1987
19154
4825
15697
6639
319
6910
17124
11020
18030
1049
9724
12290
8304
1308
21127
14920
5445
10623
4921
14093
2255
804
3824
1512
3834
19072
418
203
392
13512
1278
10230
6605
2616
3210
3179
9262
22772
11761
17727
262
2889
4690
10602
819
4174
7966
14675
956
3995
12585
1304
3218
433
15910
1326
738
1424
10277
6518
13768
1913
17549
29608
762
11868
4944
674
755
19082
10706
3640
345
798
7608
3760
15370
1615
286
14369
1751
2122
1306
610
5412
1882
12719
5363
2087
14949
7383
1336
9746
2430
20604
18401
1308
414
9400
2512
20354
0
3234
22207
5504
6368
5264
6384
5213
105
14439
15604
10021
1714
6
7667
17196
7614
8595
7812
12180
17752
5963
476
18680
864
6232
22033
1211
2202
18206
5569
19136
14639
2936
8692
2547
5547
8048
6205
6953
527
9872
10353
5341
13924
6647
6901
1943
11509
23086
5498
11884
1638
11934
4532
1812
4216
1455
6038
4092
16699
954
5429
518
7812
3849
9307
6223
14392
8067
16802
17194
31
4804
18212
3728
9631
12918
4594
3119
6636
5608
3882
18180
12112
8433
28261
7884
2697
8387
4090
437
17220
5358
83
17406
15961
21304
3948
9620
3440
4616
4340
2596
8266
1325
5280
4290
5127
2211
14511
5155
8608
4410
794
12093
2270
3321
1880
5930
20138
8876
4620
1596
10260
2070
9729
274
3371
46
1997
4659
22146
1771
4250
10416
15948
5977
11877
863
4328
6256
1092
3870
3397
13731
1864
12203
2115
5430
4768
8437
3688
2938
3270
19251
10886
1205
5675
3607
4515
3690
2178
3566
9558
2974
26326
1984
14336
4186
7363
14863
8848
2963
5331
18792
4998
3918
2046
2658
5520
8590
8360
4528
137
7749
2183
11681
10675
15255
5565
5430
1207
19399
4556
2142
26362
6440
5898
2806
186
1075
7500
2304
7224
15497
2829
15095
7012
15840
1617
17465
5704
1194
4671
5216
5886
18687
6465
14434
1358
6054
821
1324
872
300
6856
3432
2032
6099
4502
16919
6120
5969
18047
10962
6215
973
8656
11990
15446
6368
784
1771
8530
17022
14948
6780
2305
3726
18987
2523
2184
844
3924
9176
4998
16940
21088
4046
6275
2862
4260
1896
28851
2744
19729
478
2344
14457
132
2344
989
3780
17838
3872
15309
13310
9510
7080
9433
2366
12102
2004
5810
94
6504
3536
7208
20484
13780
15836
22672
3336
12762
2766
25045
7030
6922
9268
11827
448
6098
1650
18800
15771
4071
484
8768
1946
5657
11070
2526
3012
3260
8797
16448
8494
387
1488
18673
12
2343
7931
4650
230
9424
9727
118
3660
3052
8409
10620
735
2487
9775
5126
1946
799
4845
0
2124
1705
1162
2640
7798
6582
964
4560
3612
1300
16104
26299
23865
1652
6341
13420
15234
12049
2545
13129
7143
229
4274
11100
3288
26957
12551
654
15245
4199
2448
625
164
102
11833
1167
2101
3212
22112
28
1716
11395
5589
15077
8365
13618
436
12696
7838
4033
1231
144
2136
1528
10292
442
6222
917
8008
38
1376
3519
484
9762
1206
996
13788
23275
5600
1432
1519
8863
11110
10405
358
4863
474
17802
744
3095
19682
610
2670
10835
6512
816
11898
5460
15047
28794
25736
5996
1949
2662
8824
7319
410
4570
17406
4122
19851
414
4203
1634
1150
4492
5970
5301
7665
9086
23719
10723
4067
16392
4070
2096
818
8909
5913
9374
2268
7060
11946
9854
4788
6144
6574
370
17546
4598
15282
14170
6540
17267
5778
1829
383
13610
8232
753
10155
23470
8458
7979
11784
10582
6041
6431
1139
12750
3770
9313
8040
12474
13014
1890
17582
21456
1525
15856
1166
1072
1365
15118
27624
2649
308
5005
8466
93
2512
198
22152
7781
668
17050
10194
14856
10396
276
4168
7608
1332
12629
2898
7935
1927
16200
5398
19725
13338
511
2936
1646
15969
13638
28400
2740
3475
3876
