8370
6759
8846
15022
11985
7048
11856
6910
10100
2204
7937
355
12641
350
6615
7348
5684
9836
198
3154
4273
15442
8508
11196
13410
2609
17128
7272
1333
6382
10584
10355
1785
7778
13369
8280
15167
4917
8076
104
18638
23337
6192
12480
975
480
7128
279
19767
16723
95
9445
8580
22383
3530
1895
1999
12903
5715
16804
1712
1244
22
9651
10582
12195
16699
11322
3785
879
17679
10425
9658
29489
8786
3116
22168
5804
26
7096
19467
15554
1623
7742
20992
9091
4752
5257
16503
26956
25755
2538
17870
9314
582
2881
4845
1493
1860
2048
8103
29784
25850
16371
1231
8237
13328
2771
604
14732
9957
4635
15187
13608
20519
23753
3016
7678
11129
5686
9399
3080
5318
14012
7131
249
9870
1864
15471
18246
8096
11151
1423
11188
7496
6848
18623
23990
1870
21142
1340
13348
941
3360
2668
875
10568
2480
547
12980
156
8552
6591
4363
14704
13032
10912
931
9185
11799
8170
390
12882
2780
29919
2716
234
23694
11288
3927
2098
6900
15080
5490
4214
4558
3621
3094
6582
10395
2624
6402
13762
9977
3180
11528
7346
12880
490
2972
7643
5846
7566
323
8157
27798
4405
11480
470
13996
21060
5677
20640
1031
11092
648
2126
16068
2334
2448
1347
8617
813
20318
1511
7980
10744
8330
3371
4968
8177
10862
6357
2353
5953
7990
16983
15048
52
5112
10261
20744
685
9377
10222
280
13566
1267
10681
19881
16810
672
6528
2123
16287
9682
8068
1990
4484
956
4114
4836
9366
10825
2254
11156
1317
10808
1873
1973
7480
2667
1571
16793
3500
3433
2892
8115
20031
1691
24201
12405
13734
15693
252
22744
1052
27601
8886
8179
2760
9492
6888
4806
11280
9514
23200
99
997
18184
7449
1924
7520
4
939
10276
18898
1956
9298
4310
8364
7548
2776
6576
5860
354
500
4694
7340
202
1146
792
22770
18718
14477
29
4298
1018
719
14870
15304
13256
21837
174
1206
3277
17656
5110
10230
361
11136
20147
10798
819
1838
20875
15111
5858
387
3821
2063
447
12431
143
10557
3795
16152
1524
642
15164
112
11117
11872
225
2235
12586
2823
8584
1746
24218
6930
2175
14201
10256
11968
7996
3336
4574
3095
1394
23095
20250
138
7832
4428
13388
2634
12944
2360
16728
3768
27417
5000
448
2075
163
19920
11472
1150
3240
16728
4961
8320
1704
3876
6358
12196
3984
8925
23030
9821
10635
5749
17322
6444
13456
2978
1731
10887
19348
1763
373
10013
18
2424
9402
2310
305
18456
16262
76
13174
3598
3012
10441
11898
6224
3370
2253
14782
210
212
3201
15318
22866
669
1379
15804
868
884
16902
1125
13093
9649
5622
12797
20031
14604
11629
5251
2554
2679
15808
13258
14550
2998
6458
294
1189
1664
19143
11
9234
11725
7604
2687
204
13258
60
6624
4333
7072
11462
4874
2790
22121
13352
2018
9009
7086
6362
3303
2055
586
3837
13685
10940
23696
2970
5158
1826
3132
30388
965
4672
6819
20880
3729
1660
334
20376
890
17220
2410
13932
4056
6887
17952
21830
1599
206
24838
20601
6284
13125
1688
11481
10648
7251
17345
784
1836
1930
6840
4976
1642
15708
18395
17056
11412
52
2038
298
21128
6982
9433
424
2491
4278
375
171
6299
23190
744
5070
6235
1223
5986
3195
7224
138
13041
1294
580
705
9827
7412
1932
12106
3598
7716
213
4746
7278
14567
3969
1288
5650
24817
10440
6403
18
7284
5243
14225
5476
1226
5676
14820
19485
7328
13048
393
10101
9591
21654
6583
24240
9682
22940
7503
2967
14541
6998
11499
63
14872
7543
167
14109
5550
26154
2546
789
10127
13425
1542
2637
3521
18736
10764
3434
2912
27825
9912
879
4755
13683
7071
4767
23373
3087
4665
255
2741
3831
29
8524
2085
374
486
5616
93
11361
4695
774
1058
1669
3590
2861
20168
2028
25052
51
132
279
10570
2222
6084
17498
2469
1404
6576
6595
26980
21894
573
10455
12410
5384
7588
366
3596
5516
3935
8274
1004
7788
15133
16270
11496
6966
17649
1504
14571
3330
1798
5114
2682
47
8221
10120
20545
4187
13728
1316
13896
28324
1132
5812
18796
6164
2235
1215
4563
23932
5038
4407
1407
441
4411
10180
1196
5320
632
29583
21355
1660
15933
28179
216
10668
14280
3399
19956
455
732
9965
484
11558
29398
3492
158
3381
3494
20765
27458
5175
11067
3609
527
8581
29062
12289
6756
5754
3378
23430
5532
425
12603
28752
828
9759
21176
7656
2556
10057
60
8274
24915
1276
904
713
21303
5954
4805
2322
17539
8023
5001
12416
3064
7755
20224
10832
15177
1135
17170
23036
455
5863
7936
2674
5309
25706
680
4303
1213
13920
18328
7488
17490
11462
9625
6418
2632
13005
1911
736
7660
17690
5400
348
16269
1283
18312
5419
252
5616
1476
1647
4650
2118
11240
1601
14628
10287
2410
3286
624
10722
704
5416
1495
8542
3288
15634
18733
928
229
7430
19727
511
6892
1355
3144
5523
4993
272
3126
14930
14792
6611
10076
3989
715
1344
4242
22511
12288
9616
1610
7392
14373
4134
18701
11377
2400
15534
1659
9629
7182
6527
13662
2772
2412
10778
18682
11796
8042
2629
6002
11597
3255
2690
7
3636
21812
8362
5418
25080
632
1296
3525
594
1475
6648
7284
6569
18993
6129
818
752
4596
285
5066
4900
5384
812
853
2846
4951
30858
3468
3096
16553
5170
5302
16160
3580
1380
3720
10604
9520
18836
22508
2802
6959
26572
243
6154
6485
4716
22710
6571
7254
2703
2430
11130
16281
19320
1840
4744
16092
812
4766
3421
7080
2016
834
2874
18974
5704
28240
3229
11567
2
4395
8124
25428
5096
7388
1092
3970
22421
3024
4820
10330
2905
2586
1665
2986
11327
5064
208
264
25554
5806
5821
8409
11235
14
10726
10152
13684
1338
5994
4340
117
3756
633
4977
186
10346
5243
3042
200
19008
10312
4580
6844
12822
23229
5565
10230
168
3792
10039
14824
48
4387
2756
8880
15058
918
18389
1940
2428
1378
11980
19339
17597
13680
19270
3237
1234
66
342
2922
14158
1816
3453
10311
4332
2534
554
11637
13369
2075
19765
22196
12846
2492
11889
4154
6436
3412
5562
5721
3476
13653
24656
15394
1845
2888
12184
20204
24260
1470
2896
10363
2910
1288
2381
14639
4069
2607
12842
1233
840
22393
7168
7461
1994
9412
5811
2963
5424
16907
11541
17537
658
1870
5147
4498
10334
3555
23007
5483
26960
8160
4005
9034
45
3567
10590
3025
7672
21880
540
5897
3738
994
11437
3072
1271
8078
2359
4450
6242
7725
18432
3502
176
2376
11830
15245
2575
6222
10795
16344
6785
1176
831
5986
6337
20760
8026
4145
7744
3048
1078
1376
13923
10016
19128
18580
19488
4960
24154
4728
8268
1278
12986
4304
6344
7431
2306
135
2930
3165
13522
4383
272
3714
5460
20592
4878
1055
5526
21744
5346
12540
820
12364
2824
349
11501
1234
5402
3923
1644
10961
3387
17755
11204
10395
4255
25289
598
512
3630
13951
1744
3088
1100
14440
312
9584
936
2080
13059
243
4079
16574
5001
8738
19504
14617
1950
2484
1273
4689
2783
222
2570
1276
10140
8937
5041
6906
1356
1984
10353
12788
380
2594
5537
24615
23006
9195
17398
9361
19
7288
213
7848
1943
2015
2364
20055
22055
4848
3266
398
10908
8010
1
6085
7173
448
0
8372
13490
2704
16368
3113
10963
13290
10870
4864
2246
1800
5010
162
3384
2120
1664
3952
13233
1062
5847
2
14682
5838
741
18765
1094
5095
410
3880
712
803
3808
4876
875
475
2976
2865
84
2858
9016
2291
1404
5428
2526
8460
1945
6997
7056
14245
1676
11749
2492
21070
3225
830
3583
8415
3767
19449
4470
1800
14051
5467
9138
8760
5778
4366
30
5293
7198
7716
3987
7403
5592
7132
5854
1950
6556
21910
16704
20979
1962
18725
6270
5366
3155
18253
50
19095
15450
27045
13192
12060
10633
15370
4603
7904
959
7862
6489
6258
1637
21
16998
2975
15029
16800
529
15466
5467
5948
1510
4040
2264
3395
1766
8417
12645
2850
23973
12306
23542
1464
11826
20025
1818
1285
2685
1408
1097
2245
9035
5463
3750
958
12060
3987
4658
7681
827
1078
19958
6647
15705
1186
2695
7950
29720
615
10389
14628
15949
129
6372
32
11279
2750
9391
6512
30532
6530
15805
1074
12836
2594
3960
1254
862
15010
7926
17809
692
2368
9471
7071
10000
3968
7968
9043
45
1648
61
1642
1948
3739
5934
10979
2450
5986
1965
126
432
25250
3394
2306
2930
662
1276
5270
17636
820
13604
16365
11453
1268
1192
5169
17559
19696
12932
12174
12726
2058
14161
218
13876
3015
8316
10957
3175
12037
3825
4291
3830
7557
12112
1802
10599
15168
126
8286
9385
6328
22230
468
6854
6838
9376
10710
1070
14824
27392
5804
1683
4753
6854
2607
19320
532
3050
1378
17780
16766
18564
4200
17136
14868
2992
4362
7047
6103
3248
21953
3024
18663
1597
30298
2298
902
2042
13816
4731
25368
378
6394
2463
16316
1164
12956
20182
11194
6187
846
6243
21813
552
9835
4088
330
1995
1980
3737
15856
26102
3442
1590
4290
1182
2260
15136
0
9606
6715
1851
1658
3145
2481
7053
7955
6984
2248
1830
16065
10558
24940
6357
14198
98
8136
1220
3620
1624
2118
3836
2689
4746
1328
487
87
4691
28371
7814
228
944
7086
4054
19120
15689
17142
7036
654
4828
5643
3416
8412
4785
4575
11127
11297
10076
3044
3590
3778
16536
6664
667
6551
15231
545
21440
524
2932
10024
7208
6340
3836
16819
19107
285
10410
9055
17842
22707
1890
11739
8994
21558
1084
12302
1818
21001
1530
24648
1595
4852
4799
829
10790
9544
585
1392
7347
19208
988
30039
12281
10466
25899
3539
790
7202
392
7285
12783
3074
2284
12551
11551
22261
350
3848
2909
8145
9093
4505
4008
400
565
16108
9872
7575
11353
5050
10335
12887
20959
1008
12090
7740
11419
485
1857
579
4362
10908
8298
3536
4767
910
688
9612
3185
4493
3814
6077
13008
72
2296
726
12074
9249
9135
376
2682
5475
6817
4118
1891
12734
15796
13762
5553
4768
1937
21281
596
3824
26652
26253
1420
23368
870
6188
4426
13520
29910
7416
4882
12962
2092
8537
3590
26286
14138
4028
1986
5415
8444
129
2310
5184
7916
4583
3985
1989
8626
2454
492
12027
4284
2560
1360
702
9126
5142
544
9484
12734
9769
3902
3695
2005
12840
4642
2445
10284
17710
18337
6598
7037
8945
13478
30186
120
5967
334
3486
9299
3595
9550
360
2038
6480
55
3225
1183
617
23520
20460
19620
10942
6456
1509
3837
14147
11369
189
1418
15789
18470
16502
8085
6906
927
5246
250
1040
15573
5998
9602
15466
1146
1928
6296
9195
87
7702
1144
3459
2901
1173
337
5676
3124
7843
914
2048
301
4466
2115
8166
25633
9870
25423
86
21690
11410
12906
1200
18406
8294
6914
245
5105
186
409
11297
605
1676
10009
7079
25242
58
4218
10048
8635
11424
3726
1947
10360
6981
567
841
11197
12407
15232
858
16921
11103
8394
31054
4472
25734
264
4224
8970
9311
9648
26924
7708
8756
1157
7658
20592
6556
16657
15350
12270
8631
22520
26937
15160
2073
9432
110
18564
172
19602
8841
219
2235
19615
10969
3281
774
664
94
9913
4922
22321
2071
27900
5349
2600
10641
237
14988
1171
14415
7869
226
4628
18068
2517
1034
15268
1581
24840
28770
488
5616
25152
21735
2488
149
11718
52
9183
8078
325
14945
7679
5718
2786
15046
10528
968
13502
17194
3304
7788
1832
17886
21252
22241
5430
12888
5695
10865
744
17870
5172
19761
22120
87
3984
1226
4452
10032
4752
1040
3612
1254
4368
1091
1158
12088
10093
8205
2440
1435
20829
3569
1006
7576
780
9126
587
2806
5816
18478
5117
8563
15257
200
8242
13297
1858
6760
7242
5642
4217
1360
2916
18747
2052
10141
7300
10335
116
12330
23967
2363
19733
3420
13800
2490
12058
5038
3221
396
2896
1559
8559
3512
460
4
12024
7443
22220
6036
5743
980
11869
4381
3708
7517
1371
2191
4490
9874
479
3572
3360
22815
5616
11835
1901
17772
874
10712
5212
8673
10637
19720
1922
16296
281
14500
60
560
3807
1633
20972
95
23239
10665
1173
826
8698
18180
12357
19292
9898
1020
28391
2752
4478
22140
1188
13540
27061
1256
2798
8084
5270
5816
3703
7475
24484
8308
1984
13812
978
4201
19936
12840
10416
253
3344
5994
7682
27000
3453
1497
1212
20
2058
752
2507
10920
3020
792
21174
1862
8460
9904
10604
890
9196
11095
4997
608
11960
2316
8373
4647
5502
1842
11753
3031
407
14714
1332
4800
21768
1769
310
25848
8631
6346
1476
852
4784
14794
1052
18294
4460
4385
920
1968
6862
6890
18385
6602
4633
8356
11629
500
3729
4147
170
6374
918
13098
17288
3307
15480
5264
8258
12789
19094
12144
5449
481
145
9038
4197
6488
6040
22577
10228
5379
17392
34
2052
5542
27367
6466
17718
4070
11076
5489
5997
91
99
944
13826
4788
14283
8334
14487
3100
12699
2936
4324
12096
2218
89
17669
4943
4389
1516
686
13194
3652
2067
3932
7121
13000
6862
13616
18368
367
8604
9852
4188
32
0
619
0
6827
22068
344
417
14435
185
9162
518
6004
2460
1168
8544
686
6380
14511
4376
1013
42
10949
5785
19364
788
9519
13168
2108
8963
11689
10394
3098
3190
5437
1456
24585
915
11790
13097
320
22496
494
2079
6957
319
4708
8552
5060
6538
3522
2674
9758
7548
1161
270
5715
380
15750
3843
3085
1102
205
5527
763
3090
18
4089
4120
14240
20944
6526
8569
17771
12699
2841
15001
23166
5610
14577
9900
6126
491
13750
5681
4608
1368
8080
2655
1343
3741
1204
12076
1192
2990
7254
4026
530
11480
12142
1292
21470
1969
18651
3162
246
1144
23795
4067
9885
5172
2284
6407
1392
1836
8340
10200
6469
5371
8066
24453
6423
4602
2196
7876
7724
995
11583
6764
9225
5755
1436
10440
3834
7420
25500
943
14905
13
9467
21226
4127
12740
15246
2650
1023
140
22222
4575
1443
10855
4806
12505
4343
15684
2180
29760
16800
10862
254
455
3945
13776
1114
6167
17129
7620
15385
6570
1456
16657
14939
7675
7536
3655
14370
12653
5964
54
19267
578
522
5773
1210
2333
3420
4975
5263
853
1570
2775
166
43
7186
27269
21313
14200
9409
7799
815
12380
8268
2323
84
1824
18732
22072
16138
150
1306
1230
2194
1552
549
4477
1692
2310
17595
8770
7280
18409
5381
4260
18600
3758
11504
1939
10016
6639
5848
5542
27730
2446
11020
3150
18783
16397
22984
7535
1554
2761
1974
17562
531
7076
3466
6744
8660
15621
6212
15020
3276
1557
7462
10415
8660
3021
13122
666
2165
2868
1672
13192
1364
68
9748
612
7363
13488
8
4686
12321
9495
496
6734
18834
21763
19118
3272
5293
2476
8153
11998
8619
17728
2528
19682
14491
4320
2570
5673
5211
10656
13529
3438
352
1804
4937
6645
1996
5126
3954
13115
4286
20071
4182
799
3463
3252
9349
2160
4640
3112
3516
2204
18273
15238
3466
2302
4664
364
1804
10920
1805
2708
4116
4752
4398
4449
13881
3828
545
5511
8434
14067
1684
4720
10166
283
12388
7086
9210
15644
2185
18548
1389
4264
4896
1638
11330
5479
9039
397
28415
3581
279
7034
1174
3252
12077
16625
11858
4558
1841
7108
10271
301
1917
9610
17262
23068
1671
11185
1749
645
6240
19578
2939
18612
2976
10584
1977
19184
467
2506
7837
19980
6116
15010
25566
14713
4798
1096
13569
1665
8311
5152
6969
11772
6138
15402
6753
5827
2502
11074
3652
2408
13317
469
1238
3639
6686
13775
2134
7620
17095
500
2981
13817
3279
876
21483
660
9878
5702
1741
3094
899
3504
8964
14908
14516
1254
8800
22224
53
5010
12535
5820
9752
19814
5556
7807
1642
15224
19950
6600
1052
325
734
5366
1400
670
7098
14354
11628
21846
6228
12198
1080
1081
1202
22670
4105
12289
1269
276
17083
2357
685
17682
1732
8186
7927
242
12022
2584
1356
4513
5139
13298
11125
7632
7050
1136
192
4161
14374
11692
4404
21445
9794
2303
13618
659
2224
1974
640
11756
12720
3918
16888
13343
8624
4716
285
2460
13346
5145
7272
12118
8363
26602
1706
4914
11774
11002
19842
4038
15164
2063
17481
13301
3153
4445
596
5116
2653
15926
4155
8454
15379
1971
12564
7722
8912
22099
10666
3588
154
16671
2554
13606
16268
4593
6658
17869
1929
912
374
15925
7466
2219
30
22180
102
5785
235
14202
6883
1405
5308
2008
8598
10824
9331
78
14161
8943
2117
1666
3460
5988
8136
3854
6336
5183
11691
448
27002
9936
515
13317
8046
84
1461
2473
13860
107
3749
9044
12147
395
28219
12390
24
1608
11580
4184
2428
8050
11958
18848
2328
25742
13032
14056
336
2788
17309
7688
5566
840
24518
7236
10931
13255
30234
13317
18102
515
6887
170
576
17572
744
6714
12900
27992
15954
2044
6527
7795
9140
13797
2522
18437
2783
14310
15296
2793
6246
776
6892
5993
16902
26248
350
14144
1541
5564
20500
1868
6619
81
505
1173
11015
2550
25286
3740
12
78
5490
15298
5607
7143
17118
10607
604
7183
31902
740
8470
801
16135
11197
4475
4636
3270
18141
298
690
3555
1275
5870
10994
14953
2866
9290
4230
3405
1032
7380
21321
44
1995
19312
22819
990
1182
6298
16024
14241
14792
4284
22113
14508
1945
2406
13
9028
1546
15716
1984
28935
3441
19710
7078
17704
911
4093
12102
4496
16090
10373
7570
3344
20007
14658
11112
26123
7281
15500
11772
18468
27412
6396
670
1327
2241
10524
20224
5093
15306
15390
4024
16128
2366
4965
15047
522
19786
1014
4004
1764
10443
894
2294
1286
6159
23627
2169
77
10274
5140
7528
378
1322
1173
115
6534
5994
46
8827
9096
8938
2105
19536
10327
2320
5239
13308
2061
16836
6990
2780
5496
7080
4928
2337
7346
21210
15944
4007
20523
16920
14502
321
27650
27693
5485
21466
2325
11502
13335
2912
367
22847
16664
11390
14384
316
8052
0
228
1666
21032
3818
1228
1170
7434
13351
2619
10464
15108
6626
511
4334
1593
861
5402
1818
4726
26060
17285
3377
6956
3620
4472
456
14230
4368
23487
41
16696
6305
6050
1692
6349
5790
2920
18856
6536
5882
7039
28737
8542
19294
22281
7751
1548
0
525
4657
5568
21366
1110
8024
2142
21086
1509
8424
992
3570
1737
2786
140
16536
6280
4540
2107
405
0
1536
5678
16534
11783
7578
6309
3406
4941
5991
7546
9747
2564
9306
1672
23285
950
278
23158
1188
15572
7412
15997
18080
11928
8619
25790
12263
19880
831
2112
25622
5682
20857
3098
16245
835
18291
45
26985
1756
23619
3880
913
2573
1381
6201
25594
82
26346
561
9804
2873
21554
6211
8548
3638
27225
6023
8594
472
1410
13143
9092
1164
17732
2640
11676
17733
9396
1802
2847
16336
167
898
1124
18351
17798
10967
7374
6032
8893
3066
9403
3494
6343
648
604
208
20625
2865
6459
8895
13794
11171
25223
1003
73
10360
6156
12937
3742
7817
1226
27902
58
2849
4158
23242
18923
14349
3679
14848
17627
18557
2012
1331
330
5529
8735
6727
13502
6734
26436
996
7546
9276
4799
14070
767
9870
5559
372
1432
7887
2352
7607
4488
4436
140
20914
8152
12002
6706
314
15872
3993
2230
2946
22294
7944
1460
4925
17244
5462
5271
903
4152
12792
2016
17010
10833
4344
360
12670
11740
2277
12039
16174
2866
73
17930
7995
3974
2306
204
7418
3859
1527
8882
15237
6687
14960
9251
4421
7875
10102
2709
40
18
8651
26608
2283
310
9406
1692
173
6300
7921
13126
5664
802
6260
5070
5158
12380
4096
6529
112
728
27666
2233
14457
23035
721
9957
6906
4815
18479
7481
14868
3634
16204
3056
6152
4989
17344
21448
15366
1803
9800
3746
14480
6248
16233
3018
6766
14532
12196
9272
12232
30465
8230
4040
2092
25611
12915
14644
2530
8178
3036
3309
8230
2375
10350
892
30
15668
2080
4636
3320
2997
6124
2078
910
3435
3771
1531
3090
927
5612
11254
5328
8600
10088
21270
8808
3350
6588
5875
3547
20320
22
22453
7244
13854
13244
5146
1198
24120
14531
4959
1176
11180
27781
17382
25967
2492
13636
20952
1180
11635
14895
9436
7731
5114
8615
6333
4256
193
45
50
1927
12708
19414
6745
4856
21712
10498
10017
2692
10230
700
629
964
3904
14846
9071
717
18
3511
7605
3672
4260
7609
13513
495
8388
1930
5794
10760
19316
23820
1934
6880
5554
1860
10462
750
9834
17262
870
1746
649
4411
6267
26587
3057
12768
19340
21042
6073
11640
6254
6728
10390
5377
17881
50
17422
3328
1308
1908
1654
3588
13765
9121
4312
10260
19194
5468
7449
28688
504
29204
29151
396
124
190
3864
5784
15111
2180
4080
264
8912
1528
14880
711
9740
2540
882
1635
20005
23184
2209
3795
387
2738
3482
4430
718
1664
15464
156
11457
92
4725
4044
19313
11677
17856
7686
23580
927
1167
2771
8923
5480
8719
13315
20380
9427
76
1651
6556
6900
536
4659
10385
4364
8609
8935
536
8084
15115
6307
9234
21222
17902
11930
22961
7462
8184
582
3932
18206
3840
9364
9
8645
3517
3500
23995
10913
968
734
14369
8214
2665
2807
14824
4210
24512
27884
21373
7088
20277
32
4050
1160
9816
13422
10647
11552
27640
13276
4870
580
12000
8282
20496
48
10254
20934
1943
6381
3549
13409
4221
2383
1044
15173
19535
2806
9664
16
4854
14861
18480
6090
2946
3555
5407
6286
10503
21951
739
7786
4866
29302
4661
5229
1121
10836
18111
2004
5931
2329
26180
3660
1175
385
5389
11900
165
401
17480
20226
3666
25039
19334
10347
1075
6903
3392
10540
5583
7836
1452
536
14979
8294
2133
6762
21852
4508
14512
3588
9619
13250
12800
1097
18292
993
4398
38
5629
11634
17425
3816
5386
473
1826
15478
13516
27625
12740
15834
398
11469
8832
9840
1205
3235
11544
12278
17009
736
5017
1166
18584
7923
17743
8466
964
22086
1828
14254
1547
1415
21760
316
430
2594
3013
9092
8032
4422
17262
456
12256
21924
5231
329
16362
984
9978
6340
7551
2187
3256
3308
3270
2051
4884
4691
5532
14634
235
4746
3016
3402
2716
11174
5967
5954
1822
30343
2522
968
27551
521
6296
9176
8363
1898
5030
9684
6078
17730
6289
1952
1866
16954
4950
27396
625
138
3463
7903
14868
13216
14968
6246
12856
73
4983
132
600
11754
9360
641
1882
19729
4177
9429
1596
12916
9800
13482
13216
190
4446
3613
2679
15573
2844
1463
11788
140
8507
12372
2107
7497
12597
10292
8187
402
2832
290
12607
4529
12311
6399
8896
3564
3940
805
10506
1121
21730
899
6195
3260
5637
23463
6300
2492
2934
16412
3049
15236
3213
8680
435
2757
1021
13927
33
10847
9400
6171
17786
10534
16870
2124
12446
3597
1834
6798
895
25352
5042
22779
3050
24155
14646
3580
15342
8315
610
9117
13800
500
10074
2024
4544
18914
2581
11571
10256
15
11197
7462
16700
14070
5520
8386
251
6071
2706
1086
2412
1497
5950
5993
516
398
12288
2600
2988
5268
303
4947
20200
364
37
13398
26010
1700
11670
7672
13777
13770
15904
2244
9642
15471
11117
1704
3210
2292
2898
2076
5307
20504
675
19074
7347
5546
275
9552
920
1544
6625
7456
3207
19011
1172
16931
8836
9099
13582
7248
4300
9732
162
9110
297
22490
5485
1614
954
11331
16110
21548
8482
29432
22807
4010
26192
3125
16157
1312
8569
325
7413
10757
10796
26663
958
5586
5905
9607
909
17313
10386
8330
3747
1616
115
6140
4220
5010
60
12561
8649
5405
13448
14958
3016
15104
284
12199
20038
13171
3490
2165
8000
10974
17933
14895
1216
8961
92
4671
278
5001
1716
82
5746
8189
9955
19284
456
5162
13491
24033
4860
14898
5123
28499
4332
4030
9574
24253
648
1190
2086
13702
724
22234
4944
1464
214
13492
3309
28624
4058
2788
5185
18936
2749
1119
1608
3614
685
12396
16982
4397
7625
1137
5000
310
19052
147
1710
7954
278
17779
658
10254
20169
1413
5178
3855
10
2474
632
15072
3981
9943
1063
1981
10616
20382
218
96
3382
6388
1340
11695
6862
2013
8487
12408
15838
7033
27707
9438
3330
7084
538
13425
5484
380
1620
4140
7336
1768
12915
11320
8116
4500
9852
2514
2747
2238
1258
8106
8745
16026
536
16575
5995
1218
24575
14116
10262
16165
10829
14330
17335
352
3768
4252
1271
125
14905
7262
13363
21328
6924
764
5756
9056
1407
1340
7059
1357
198
1862
597
13580
3312
21024
12136
819
5411
866
25466
1446
475
2492
6839
1313
6742
13824
1039
4254
4776
2880
1175
1768
13438
3591
1512
95
6411
3374
19664
5797
1358
2962
512
1681
10219
7422
11685
16533
1317
2655
7285
6155
29020
3548
13398
21669
3345
13087
19173
6786
11118
14001
2738
2140
4977
261
3980
1460
1870
660
6222
10974
1444
5543
1000
13905
4503
3059
20854
2475
2878
10035
4991
745
495
383
1775
2184
8800
752
10374
9606
10334
13664
2756
8675
2568
4761
1364
10820
21098
2981
7754
6152
616
983
10143
5912
22515
7132
13961
2280
10528
16401
18918
2536
18012
21439
24682
6276
6488
304
1645
385
1495
1072
7658
9727
3495
8493
237
3160
732
2902
1852
27479
381
183
6372
6272
9735
525
5905
18004
17809
9580
608
18446
648
17567
11987
25678
10469
28960
4770
1976
8560
19468
2552
60
7200
8720
20510
8470
22287
1694
9931
2256
6973
27696
4016
1056
13686
11266
7886
9612
12322
4500
4299
12987
7616
614
1737
4067
14596
1903
2240
16374
1227
2107
15040
19113
10671
11916
7539
5164
1028
4086
6479
390
23352
329
10206
2215
789
5335
5122
7687
11148
15252
2734
8053
4548
5952
11641
2936
368
2560
1067
5293
6777
3936
6339
2290
336
6375
2915
10166
1984
13480
14536
4191
1871
234
1679
10756
7916
17457
2992
6044
684
17890
2287
3447
14919
8615
4312
12227
1315
2444
19175
3346
491
10350
12944
4049
17141
6248
11022
14921
0
26402
11900
6010
20733
6240
598
9250
6615
362
6631
1069
2730
1143
7738
27357
5675
4065
7421
22772
5007
432
12846
6661
4872
475
141
5133
11021
2852
14979
17408
7325
21171
5250
3596
14960
1306
9175
3797
9140
18948
17595
165
2321
17934
2108
7059
8377
20406
1853
4826
264
1555
13150
3120
12141
5068
17902
5385
7443
17314
3393
4395
595
12113
2178
14000
11672
9332
6627
15549
19782
1875
4710
5666
12432
6108
16236
22386
1698
13286
75
10183
5166
7056
2190
19889
7213
14604
1922
20135
17180
726
2496
10989
1725
14980
2918
11384
9892
4915
9982
800
16746
1514
1053
25909
39
4532
459
3172
3459
7543
1784
5704
5921
14822
11700
1885
5970
208
11845
123
14018
7992
3548
6873
11062
17855
6208
468
14928
11151
12549
2955
5922
9022
10394
6627
6174
11132
6249
1595
150
21881
2010
9
14608
7056
9868
6348
4201
22798
6948
750
2600
21365
2052
4752
13612
23275
7945
13908
7201
1599
1912
17228
24868
793
11712
2058
22670
656
1050
6073
17422
2555
857
15145
11802
1007
7790
6050
193
415
17746
4968
6707
981
13644
1331
7918
22179
1718
1982
18298
9597
6077
31770
10932
5746
50
25097
1086
7993
2460
521
568
5714
6785
1619
926
8060
4240
93
3384
1764
14847
2733
9700
16997
21268
1220
9152
6480
7652
24130
21613
4848
6842
2455
494
16739
8471
1547
865
26346
1113
793
9096
6933
23875
8227
7580
1470
1070
13722
2312
2130
1442
4027
877
19306
7005
192
973
23368
13516
20872
8338
3552
10565
5317
8472
2603
1802
178
1896
9782
280
4785
7639
5767
190
25334
12168
2007
6951
16860
19306
5804
21
508
5104
389
1172
272
1460
2143
5512
137
22211
24925
17144
4083
8319
3378
20642
12946
3375
7854
3130
509
18075
2987
8514
19943
8436
18060
1170
5635
8220
6993
2834
21911
19
14118
16584
5736
8098
3375
24
15962
16675
27931
8647
8226
775
482
11423
5562
13825
15328
6375
4824
1060
1315
600
4607
6975
2735
20325
315
10200
9115
10109
3024
16240
2119
218
15899
237
3122
5400
1370
20125
19210
2874
13488
5691
3853
5779
1890
26114
5320
6134
15529
2861
3262
510
1318
17690
14472
2991
12996
570
1166
10661
3082
13382
6916
933
16858
11204
9601
1718
2226
6601
14625
18
81
7160
3135
1640
7551
1364
833
11024
1410
16084
7159
12533
1467
5515
18617
2559
13899
22000
11736
12390
8177
7318
14881
17783
11298
5732
2024
24115
12141
11005
8634
15544
2572
18
1867
5598
21615
714
4845
7134
4996
712
27200
72
4286
9873
13700
19344
879
617
11704
12192
17668
4305
20691
7296
2540
705
4346
6315
360
9486
18725
740
5824
4871
1704
10152
10842
11260
15384
4782
4051
11108
4254
11414
3463
515
921
8196
2432
33
678
3914
11312
16735
6352
1208
14547
13496
6812
2846
8844
6775
21338
1948
1032
7740
10000
15736
3468
1092
300
25056
9958
3498
5256
1792
2388
505
6285
3484
10708
3742
9166
16708
4340
14981
336
20996
13408
15226
3054
1724
26850
1662
4088
2617
16354
793
4854
7734
4602
29250
15879
53
4487
2838
18635
6830
850
210
1374
6222
9888
401
1880
11800
3057
20582
12648
946
123
112
18202
1109
3497
6852
12901
26412
8844
1649
4511
576
7167
15571
1848
16724
6824
7232
22973
3458
16609
19445
7553
3387
531
10104
6728
15
2706
22016
19316
1483
6366
9441
10578
4717
13373
885
100
2058
17447
11725
8916
9371
8823
10832
7768
3097
9710
4680
2139
8802
6930
14955
4177
7870
4526
7892
14600
9149
22238
3678
2168
2838
5918
509
6910
690
5140
20900
4536
13329
11451
11231
11124
4
22747
6349
9239
4945
365
12302
10333
9536
0
170
457
1620
188
11870
16424
14868
12554
3855
3396
21114
5118
4082
8241
932
43
4056
1497
15248
3252
1380
4928
995
2070
27079
872
1304
3496
115
25080
2634
1116
856
2865
15235
2561
3618
3802
26502
14491
30290
523
54
5732
5096
11475
21108
7043
10037
2404
12589
27564
1344
1617
9859
1360
3235
2381
19832
8710
6926
50
874
2369
13805
7360
1362
8916
1400
18902
972
5168
2642
968
140
18734
19117
12053
343
187
1410
2878
293
17976
808
3067
8253
1401
6862
24017
13260
26131
10501
9128
873
2938
384
861
1334
3250
3461
5229
159
18870
1797
1863
12587
9138
20857
25
13609
12070
7788
3773
448
5619
10126
25118
5634
11488
161
14235
9798
848
490
1658
6956
10641
1738
3811
430
2750
2976
8283
11718
6458
14575
21636
15284
27547
4695
6496
12005
14326
7976
1890
22094
5900
27129
3629
13515
6372
7919
17114
302
9942
28858
10831
13900
24775
3635
6363
20498
6984
7929
476
180
7252
4886
2640
20620
14238
11970
5614
25674
271
1500
2112
11096
5916
5896
2475
1721
5124
27086
9501
17462
10366
19781
27868
2447
3715
21555
2011
8187
563
828
1807
4891
1132
8300
13039
2637
4875
10947
1212
1020
4587
2802
22752
4837
15876
6011
10768
3104
1122
1878
3050
22610
1494
1323
5376
28232
7979
392
4508
14632
1022
11466
10458
23605
4886
1411
3262
2150
6059
1047
4407
19720
10278
5697
14534
6430
6841
4361
9635
7889
19203
2032
9090
4273
2171
6724
11948
5275
7383
10082
1400
1245
9927
14329
10766
12486
1768
6875
5932
1141
2457
10245
18697
510
11023
18000
1367
7932
14920
7296
5454
4317
14129
17345
8250
27720
6816
8423
11467
15430
29166
6244
965
14198
11040
14020
3871
23528
3180
2508
4366
2084
3877
4383
10434
8105
66
5487
1208
292
976
3500
387
110
5872
23610
2351
3091
8307
8448
3162
27931
12346
15588
1546
1508
1288
7587
16340
14586
2982
655
22246
2813
7500
11480
7084
295
28740
2282
7187
5427
8287
36
398
2026
7614
9608
13592
13110
2020
6164
11749
17748
5380
20224
13944
4405
416
5934
21552
27032
10350
6114
2596
927
1590
5112
28119
583
0
19707
8907
2614
9556
391
28279
11324
441
4636
22464
721
15400
4036
2896
13601
2073
7573
68
6451
11248
2332
18654
8650
2261
799
2581
8199
609
3395
1574
20770
255
7268
4887
1506
13760
3377
6159
6630
5160
979
1334
5994
2017
6027
16452
1822
164
10546
2011
5739
4111
574
6294
203
10129
1747
3318
332
325
6760
16337
6
5296
10396
5575
3745
1884
22656
338
2977
12342
4052
13666
5214
4120
3997
1848
13175
1100
10540
9420
1390
8356
14056
4434
9485
572
17623
9477
510
10410
12085
1128
20055
5732
783
2486
479
848
11988
5360
3183
1343
930
5706
4854
3495
21544
17259
7057
5536
2961
831
3468
2400
2863
17402
16956
19836
1513
9332
13886
22308
8645
1791
16284
1572
5540
4077
10899
429
9469
6820
20548
9172
1496
1000
527
1430
7052
13538
512
3455
16457
20488
88
861
8592
11610
6028
19312
11319
7180
72
3942
12713
31425
3220
15600
5711
6336
2085
13509
15900
6648
4201
1510
9392
1233
22232
339
18131
5373
28350
548
8967
1755
6135
4710
918
7736
19764
13396
915
6012
5999
2434
22035
2442
4635
3961
3739
4879
18938
24921
22618
6260
9994
14
4927
2593
30920
8419
16310
6075
17720
14150
3355
4706
12
3570
14190
8580
12351
16544
4358
21051
509
1868
17634
10632
16880
10405
21212
15938
4579
3495
3792
2934
7077
1277
376
30
46
16011
5242
496
11592
5990
1089
26167
2496
6174
0
16520
9291
11970
9604
1776
5302
20349
21848
7502
6120
1793
958
376
238
7447
26631
2295
2982
357
1412
11592
14727
6995
32
10622
1870
16868
18848
8888
1900
4020
3993
408
3267
19071
5910
782
1493
6142
21516
3225
1000
8897
8604
3854
12194
1922
1629
48
19164
8420
4080
1211
3971
8262
7808
1519
926
27232
21024
2667
9764
5676
13083
24111
686
12516
7854
4765
981
130
1935
20539
4344
17031
14745
8643
8971
26376
938
10537
2122
1959
342
8372
3808
14309
4251
1589
13032
5325
11138
4663
24480
273
3109
652
3830
6059
4025
5336
14107
9125
1578
148
7128
726
12113
383
3811
257
1642
3216
39
5369
862
805
16323
504
5461
2924
19213
3743
13810
13156
2967
8855
10075
21961
666
6
14376
1898
10866
1214
15430
7220
14
19278
90
11614
11037
10716
6272
5586
1880
12842
8731
10486
16408
4055
115
4047
13311
11132
13530
15578
9004
31155
18428
1202
12136
4757
13353
21086
3298
4336
12854
27514
6768
3200
12088
612
6061
5577
9810
3040
23634
11088
1262
3948
14700
1025
31492
29019
1729
5050
18838
14402
186
8516
276
1693
14017
6272
3937
9562
10962
2485
10367
17189
5320
386
4218
6096
16862
6550
7760
1900
9021
2504
3549
7161
3696
150
3205
24417
834
1287
1579
6864
14558
14645
147
26865
23812
296
148
22710
604
15583
2227
2328
2352
2669
12498
2232
7629
3159
4904
4494
2030
3050
9649
3679
13230
7596
3839
5536
880
1675
13497
8163
18405
10051
10864
14362
3129
10050
7326
6858
2343
0
3371
14023
6068
3819
6473
6321
12673
5190
1357
11556
5144
1006
29239
8060
7726
24654
904
3181
4
441
8336
228
4199
682
3317
6390
234
1565
14280
300
7144
4693
8043
11577
564
26932
5940
15264
2286
14994
364
2160
9816
9620
648
522
3016
3361
3540
2996
7588
428
6894
16876
7245
2525
3414
20408
2062
2331
13168
5711
2409
4773
3560
2920
5903
894
23770
3906
8408
26262
13956
12425
16045
385
6712
3980
2448
15867
1720
3128
1626
16260
3428
3154
21702
2445
5983
8319
1252
7224
4867
543
132
15
17637
21151
2529
5787
8372
42
15072
1207
1448
4481
761
3968
9884
31
930
4080
228
17801
570
2986
11813
1824
20264
2142
18058
6852
14379
3505
21978
26981
18582
924
22620
686
2007
17060
17520
19488
6248
4655
2995
2973
21613
390
16210
15035
8417
8180
7844
5110
216
14061
6445
19591
3101
13000
8289
24400
3386
2801
7134
5166
696
16228
10478
10859
5768
658
21931
25208
2451
6796
3364
500
17766
4330
665
4042
11448
162
268
208
816
1716
4925
5612
5308
5306
15691
17998
726
21549
672
17307
692
14104
11670
4226
11901
9942
358
24832
2665
8829
1024
8979
11010
30180
14833
8356
6067
15000
6817
2276
3778
5273
13112
17455
4832
373
2816
21190
10493
6075
12545
15609
851
9397
8256
1276
6194
25152
7008
14196
16194
1758
5130
3418
9660
6444
28086
26446
392
378
12190
19292
2343
4292
5242
3242
6511
16057
5585
6757
18946
8236
2136
8164
467
578
3375
15714
22040
25759
14555
7512
5767
4165
27130
24648
752
14373
9054
3586
3748
138
17076
4220
3391
4304
13930
5340
8866
1313
4054
21879
7039
318
5937
14647
84
7365
835
340
13131
7850
3440
7636
13038
1570
13167
1688
494
4670
13590
2676
791
16391
22832
1203
700
10716
4506
12714
26767
11724
1210
3930
6146
15965
32
15494
13060
1829
4576
8630
4807
795
24395
3324
18358
3084
8707
8546
952
1998
765
15382
6536
11130
462
2318
2179
7184
12573
4516
869
6822
1530
9389
1032
22112
14390
12438
2760
154
12
5668
1032
3476
854
13710
1486
5389
12449
441
39
4855
2028
7443
4392
25586
6462
826
386
0
7560
6015
8572
567
6012
7908
3688
5373
13072
288
772
10368
14850
2048
16554
15707
6588
4440
10185
13440
771
9282
3320
6832
4788
8158
4185
9856
5536
802
4452
15128
2136
4160
1416
1100
5469
5364
12204
3794
544
15777
13774
5911
13122
6525
7991
2698
1026
12717
16501
11143
5230
23872
20976
2268
329
25014
23331
22212
2060
19977
18084
6248
13334
1119
4800
9938
8773
5759
1291
21092
3130
1361
2930
21840
7574
7641
6340
8543
1048
11890
7059
14999
1483
1598
10797
29835
76
4368
4045
5620
4328
17211
16769
10819
24233
3705
1563
3515
2757
641
5431
4090
13761
2968
4236
11739
3835
8145
4227
6850
13569
16760
22126
14430
13413
15231
26203
3794
8415
28908
714
1850
2294
1511
4686
19589
21249
8674
4184
3239
23144
4005
7440
882
18809
12624
7037
4952
7232
4578
427
153
5648
308
18557
704
11336
16185
5868
5088
5958
1218
455
7095
1596
686
3174
9367
7295
18719
1533
15064
2655
18897
5058
5670
13717
17477
15376
480
2640
11051
3941
1958
2801
8538
74
336
3162
14946
24882
28103
3360
12629
7596
2188
9361
3044
2453
122
6166
2090
6426
4952
15700
5254
5743
4200
8367
18017
3330
16729
158
5765
13085
8323
5200
9374
824
14137
1188
23324
5982
515
1514
3225
24823
16496
17828
3628
5064
5146
11087
3740
20220
1170
504
4443
10218
1552
9429
7394
8031
1155
5202
10067
14852
7980
2052
14556
1299
3086
22166
338
68
3264
25751
3477
1639
17122
850
3715
1688
7893
3152
6088
3549
2898
1239
9767
6765
12132
12920
457
1353
17640
14042
10865
2067
3476
2736
1752
10905
30660
5966
19658
208
24180
220
3960
18995
629
4123
70
5035
8648
6699
22981
13548
882
5915
24130
8006
22968
21373
25528
916
9644
3175
133
1712
5130
14076
2883
614
12576
2123
9589
1504
642
14172
17360
6912
28345
1833
624
20996
3275
21660
21525
17664
9262
13329
2851
179
24050
28794
4473
14307
2554
8601
92
3915
6579
10718
2123
1936
5154
2580
12050
2780
5066
10088
1236
2459
7843
7243
1917
12385
24873
13370
6040
3040
4926
6442
5316
6290
3141
23400
1748
1090
1132
5706
2406
50
8897
4464
11317
12620
1751
12000
461
2798
13216
10101
9737
6310
27714
11076
329
7476
5893
1125
5662
16515
32110
2907
708
11837
8844
4442
12516
9396
24750
3260
103
17544
9162
2496
1133
1080
207
1905
25458
148
6174
440
175
7753
8871
420
14295
6453
6702
8163
14535
8319
7688
14869
303
1165
120
2601
304
20398
1557
21571
9169
2968
4208
272
17977
802
26316
1622
27146
2282
94
3084
14252
3205
15609
9821
680
9569
5790
14778
1574
10962
581
5539
1809
8857
1823
25
2107
7684
18831
699
8742
19382
5
18224
145
3775
1173
24629
664
8683
3029
5672
2675
3912
779
10243
11420
9537
348
12752
8332
14045
7083
7936
3577
2733
8308
418
17406
15312
5418
17318
19120
6093
6877
3086
98
14406
7365
2307
19078
13075
7995
12023
11125
6213
20385
25002
2580
1175
15068
13188
4812
672
5808
16210
11872
3276
7040
189
5488
13965
17157
20136
1042
7119
723
3176
21753
20608
6252
8394
21184
8981
4440
2288
7372
2673
2070
6716
20246
5106
7290
1104
23396
6720
9794
819
15492
804
5640
2786
229
727
1515
6868
8434
270
1535
7950
15825
299
92
500
7738
473
1678
6116
10823
2956
2208
10494
12229
13305
6874
56
7616
2158
540
27938
0
3222
4021
20876
5035
9884
48
5292
3656
18
1382
16786
10259
2733
21798
5000
4950
118
12404
1482
21714
15636
9324
5897
5620
13914
7096
195
0
7848
2530
10437
12739
4111
8460
12597
3165
7350
17643
21726
9967
2316
3898
24764
4886
9072
1104
2945
7958
6039
8993
1057
4963
7968
3084
10365
947
1873
18732
28361
6372
6260
10303
13332
609
7083
7798
1176
7220
14718
1192
5190
156
12357
19002
4520
4091
4010
14742
3672
282
3233
14669
7154
11495
1788
9580
2235
13878
2680
4427
2718
6656
5698
2040
4412
623
1326
18
8089
28836
1991
20141
3807
75
12745
1478
2170
7807
8924
990
1774
6587
22302
15194
4930
11637
5538
4160
10061
5732
1820
28176
22303
8873
278
1288
13577
21462
1674
10842
0
16902
17236
15895
1325
1794
11995
3150
18510
2184
7172
4176
15636
20252
9220
11714
3930
8692
5050
13424
6612
8711
2466
2769
15339
2423
3677
624
5953
128
15492
1860
17889
14284
9288
943
11028
4408
10310
1090
1904
385
3974
160
2213
6682
3558
15552
308
1600
484
17616
16371
1811
18724
924
20350
10212
16012
9604
1998
6168
10517
3696
7830
2262
19048
90
3449
203
710
503
315
6498
9226
2855
21645
8511
6232
3512
5578
9744
6392
9245
11234
508
274
10445
1576
4046
30075
9
2461
6844
2056
11363
28051
11753
19994
6735
3945
16769
21769
11754
14914
28494
15866
605
9354
5824
12767
227
29274
14342
320
11497
4428
6430
4073
10235
7436
5048
10389
8277
7494
11812
22428
160
20106
14292
13488
5657
6927
10318
12524
123
2757
184
1680
8018
24851
2396
154
10623
7534
664
3289
9452
26274
5728
11679
21406
18688
5151
9247
4935
21018
468
14976
13854
15446
4573
6788
14238
9356
26343
16597
11560
4071
1236
15384
15039
11743
6925
5958
6674
12902
8728
3970
24183
9596
3494
17666
3273
5284
8057
2045
17472
13451
2541
13524
102
3180
734
20525
7228
3397
3561
6831
3316
297
7641
18007
1551
11520
5988
20699
11389
6780
2768
1006
22859
5184
1988
2346
17100
208
6080
1076
22770
2240
1367
13056
6321
630
22760
7450
16341
7638
18500
1540
16321
11633
6143
22496
6067
4680
3775
7173
1797
627
11618
19291
5442
18440
18902
2434
19125
801
24308
13428
5337
2018
5576
21966
6043
2433
692
15502
4348
10228
321
14025
998
64
2212
11474
11006
4251
22720
10884
7681
16224
6110
15170
99
11382
2629
324
6891
4373
11854
15065
5866
19088
9370
12646
18795
7986
1866
290
10794
2176
5664
6388
17833
3232
14528
6330
3663
3912
13930
1021
16754
12163
9931
672
1453
2896
5374
7234
11487
7703
5292
25062
20355
1137
3196
6355
10766
12342
608
5426
5188
17917
4264
2875
22788
19464
7200
16476
19164
11958
7606
7118
1748
4347
10552
8081
675
6175
15147
22567
6095
8084
21395
2721
6688
24992
3498
15292
8499
2277
16151
8747
838
6736
7298
6
4050
8289
6573
24283
2284
14913
17856
3393
7248
9201
4665
26333
10200
24628
10959
1802
17771
4416
15120
9255
16520
1221
223
8
13969
4448
930
3050
15867
7940
137
14640
3111
28617
1697
20112
2442
40
7027
7797
4544
13092
5449
8691
1700
1695
5308
12094
4014
2297
6110
8514
5693
9109
8164
7317
11923
722
18266
4169
10816
13848
16523
1392
10249
7380
688
16495
824
2849
15120
522
4681
2164
9975
5518
5419
4241
2247
16284
3634
10608
7242
6614
2016
15195
855
5106
3142
1402
3342
23464
23969
13634
11144
11772
431
1793
1942
2797
8066
12812
21864
866
16473
6999
7322
8132
22654
16494
900
13316
248
16070
12585
190
7254
2264
4467
1405
6002
15420
6267
5784
8121
11430
13079
1676
11688
134
22799
2080
2323
500
3835
3717
11625
15362
11154
1392
10478
9287
3507
1376
7858
6230
4793
2873
6528
2157
16782
1501
2112
5815
18006
11
467
4256
30336
13965
790
8049
13155
14030
3878
16184
16342
9632
24718
9632
17080
2035
7221
14688
56
139
12686
15928
12224
2910
15059
1496
2511
10160
19161
25110
12834
13552
8740
3239
1083
3215
820
6921
589
20
13541
8126
9900
476
22783
26096
21966
2135
16374
1617
13140
19732
5912
1142
720
23411
5170
19020
4521
28380
14440
1398
520
17420
1306
20280
10822
276
16601
6453
7074
7575
11622
15828
10216
14186
7026
6160
14389
3869
23770
2956
13692
11618
12486
6740
970
1296
5304
8912
3627
6879
1908
1090
18672
23952
570
4533
96
12739
3560
5802
22749
23946
8084
4004
12560
3217
725
7649
5204
8
11720
4133
150
2478
8309
166
1354
6350
14458
3917
17292
2996
2314
11683
1300
16995
984
1904
744
5632
1089
5858
8253
10348
5760
6720
16873
2331
996
741
1877
685
1788
11165
7128
4272
273
630
1678
4620
21290
3826
24372
5909
10923
51
402
319
293
9884
8528
2486
4302
2920
12937
1304
8957
236
27452
417
19844
3040
7268
1002
9345
9151
2629
10960
14432
5286
6553
10361
2806
2736
7080
2266
30934
14126
7534
15660
305
5764
11666
7964
4159
1145
7212
27804
2596
3529
8195
7318
921
8964
450
170
7901
14508
3519
20444
5010
7699
10971
699
4239
420
8591
6890
493
96
18119
1122
18700
10240
5791
2107
13050
2832
2166
530
9
3548
8747
1012
2814
2554
11478
5966
1384
917
9482
6521
8626
5670
6840
6584
5656
8991
8088
3944
1905
20148
4976
1066
2736
25628
4740
19682
2300
26334
17314
21360
5424
4204
2353
3708
269
5300
782
14018
24625
8866
17205
24745
10934
3367
4389
364
5194
13126
7776
14082
889
7609
1178
12155
69
6897
899
17739
15176
10419
155
775
13832
7134
1726
5166
11310
5759
502
3816
131
22101
7774
24672
3469
14242
4914
3712
3115
12356
22569
17454
21420
816
3812
9924
11406
27021
4282
10710
6153
7518
0
612
7678
3332
6465
28007
1193
8121
297
940
5241
14718
25325
9466
5172
1206
29880
5930
4669
5769
806
4527
24016
9931
2485
3994
3273
279
144
0
11942
9407
3668
3576
288
14618
10223
9954
9490
11976
10400
1758
2659
20698
9974
413
9301
4641
10106
6032
10424
5043
1089
76
3436
19287
924
4074
1869
19209
1743
5380
20228
14832
21167
2895
4760
7690
15760
4108
9462
816
4467
26427
4747
15264
7636
4690
13898
5730
14901
27029
45
5605
5157
2101
699
6688
982
1096
2691
22613
11635
16379
14490
7062
11747
2239
14283
7511
8132
10354
6240
9583
7383
420
2519
2180
11094
2469
14400
373
1497
758
270
9445
9416
1308
17610
288
12926
16579
541
10089
5290
20978
8433
4208
11745
16912
7433
1996
3364
10788
25404
17827
19043
7593
6088
9686
6412
4573
1742
13295
9
6794
12935
1625
8199
14422
3746
5052
13380
6016
13052
1888
14646
17502
13012
48
3063
11005
6048
7254
60
2964
7029
1708
50
3020
13440
12154
7590
12205
18526
5148
29584
328
6474
1389
24730
21340
1672
1185
4454
12494
152
1900
14668
575
8085
2787
4600
2109
2232
5132
7716
2615
789
398
630
6528
6946
7758
7725
2664
1104
10044
8922
14229
54
26710
8362
2949
24024
4648
5214
102
1243
3360
5835
3196
3140
560
7571
1493
7476
16698
8275
1570
4660
11514
14820
4092
224
4854
12239
2624
26147
252
5995
261
20
4722
20200
600
7818
7031
4754
9321
1968
11409
461
5496
2646
4711
15204
6352
12820
424
9074
9684
20519
11049
2615
277
474
11563
114
10172
4646
1010
516
2334
2742
1545
4350
9576
12219
93
7812
20928
3585
2885
10295
13438
22035
28292
17039
3091
598
5404
14934
265
3103
1988
3025
18666
7010
1660
3080
2888
740
120
825
682
704
3818
13444
5096
15874
120
2646
327
504
6187
288
2821
1341
16738
2
5139
836
4947
16988
404
2865
14950
8085
6879
23319
7438
2416
8191
12796
7224
1053
10967
5853
56
3614
2370
19400
2466
1910
5160
12866
982
21708
4898
12017
1176
4315
1284
13310
1610
7196
11066
10115
3742
18413
805
778
2028
18749
29264
3741
2743
1859
10473
553
850
325
7565
7898
738
705
12011
4089
7324
27272
262
49
21205
1775
5136
11618
6884
4678
26402
28098
252
5778
1412
9060
718
19204
60
1012
282
3849
6936
10797
1755
7607
24098
6728
3248
5484
2139
3900
32
5754
4105
12434
12211
17805
1970
345
26211
28350
8194
31401
24840
20435
2028
1085
1964
5728
11864
683
13209
0
2440
8240
1784
1608
15120
3638
12497
5026
15724
25396
1
8863
551
9391
20255
172
1092
4784
24426
24339
17889
8441
1555
20403
15834
14166
13628
18724
5332
20470
422
1398
7352
27
29106
13570
2448
8208
10540
9289
7895
5116
16059
5270
6990
1656
12325
10900
3352
9084
462
15358
14720
2582
4497
3139
3584
5307
1432
2579
3003
1260
990
10016
708
4497
2170
22834
15005
2302
528
9232
4044
1538
6318
25659
7936
2105
16616
4544
3644
19024
664
10571
5508
2393
165
2328
7820
9629
12660
3915
1183
13969
18830
11622
4102
846
22717
9149
311
1166
498
3696
9520
3340
4036
15132
8098
10590
7726
4509
29342
12668
11641
1710
8568
3507
7298
1216
10798
13876
4603
19440
3000
5055
12934
3728
2649
900
2336
30275
13850
9442
17184
2817
334
12582
21926
6768
8159
259
12739
4314
238
5979
9509
783
12346
8606
5086
25242
8283
15272
524
8336
4804
13530
21552
1947
20808
1948
17908
16601
7155
14986
4904
28316
7028
6325
5984
12581
18038
9066
12933
9348
11613
23100
29808
22577
11008
142
2604
10728
2205
7032
1084
5076
198
5511
180
662
4004
760
20348
7508
10218
10484
4542
10762
10221
144
13137
21023
2573
9476
12324
272
1891
4940
455
1841
24746
18958
24384
3624
13688
11692
6135
630
6198
1258
10512
524
3726
7549
4444
8349
453
9211
13304
13215
16474
9444
17340
6267
11834
3685
2246
21343
73
25648
12180
1381
6230
21082
11095
1337
6840
17998
953
20401
13125
1833
3946
3356
52
132
9680
17028
3224
3665
17068
1898
142
21252
5232
24684
4028
7840
9555
3196
8195
256
16734
1030
868
8356
774
2397
22149
16127
154
3363
3801
18757
9700
4
15742
6555
10173
3664
17922
11331
196
12952
1528
3306
12765
5066
9225
15556
0
12853
24132
2750
864
7373
17855
22190
3147
51
13259
0
331
5282
8394
12572
7166
7858
6500
1312
4884
9944
17984
8869
14229
13596
2169
4224
13076
7304
11418
612
543
459
18304
8246
802
3184
21182
21208
20812
5607
15039
4710
17168
10216
12506
19146
534
10671
6271
132
13884
4
11610
3583
4759
5152
6398
14014
634
8232
14835
6578
14248
2893
10378
177
2889
6839
21328
8859
22515
17407
22972
360
16
93
2299
4712
16924
7214
10576
6374
24073
687
1467
13655
7957
6474
1089
2749
14860
4057
6865
20037
6184
944
395
12238
5223
23801
3180
4169
9980
709
9439
17596
706
21075
19547
63
11334
17877
16796
18916
6186
13940
9655
6814
11714
210
1424
2073
9727
6160
11340
1000
13244
11266
7020
2197
824
8282
14836
788
6105
14558
246
1558
9115
14314
3756
328
2696
10150
2578
5191
15886
22960
5016
4921
2962
5601
3897
19289
14432
1945
8013
17678
14109
3788
6040
9024
6372
7548
28223
4284
7740
3595
13928
706
4018
1092
2724
20764
31599
3943
4015
835
895
3441
1296
17325
1376
498
1684
14735
9746
13290
10510
4280
468
2388
5843
13890
4920
2630
15982
20883
6986
6621
14938
4226
1971
1469
12207
9601
15983
1332
7392
22635
4778
13540
17924
2832
20522
23648
14200
24939
735
3718
17002
6278
1711
2328
30
2760
1269
2203
588
1086
17473
2147
6750
1228
15792
2916
26121
16685
2422
9669
15214
1976
2142
160
14448
8802
12670
6550
3981
13239
4132
11275
24368
8932
3184
2511
8978
7147
554
11991
6135
3243
972
5416
7023
26972
1491
2325
5490
11099
7560
10812
18253
3029
684
4295
115
3850
1730
2248
6139
4182
7342
2208
14820
336
630
12913
12216
13315
68
2961
6422
7627
4377
3760
29118
2978
3915
4862
12088
3393
0
3770
2669
3418
5885
9594
2137
5171
8257
22122
18443
7074
3941
23244
6301
44
8091
13641
20196
8512
7341
14442
1400
6254
12248
186
12402
29745
19215
18513
8648
1177
13572
5820
50
0
4282
5160
6224
12999
22875
3410
2623
2964
5278
238
1059
12792
9210
2316
1662
2121
365
12702
10449
1035
79
26066
1255
1952
6916
4687
20481
16740
5728
17745
6594
12188
3956
1735
14820
15030
24872
154
3588
652
4460
16293
512
2124
1639
44
4858
331
4242
24335
12170
8572
2166
1697
13005
12227
5018
7876
1447
1927
1404
6052
5573
20910
19852
2636
11694
10483
2304
20201
15462
6880
16992
4739
17082
7515
435
4049
2757
3205
27120
13755
447
1617
1428
376
1689
2290
2412
0
11519
253
1328
6
20095
1385
2987
1326
335
8732
13350
4880
21285
19381
15992
646
4044
1210
20850
6646
1570
7299
2370
4156
7284
21531
27454
1980
24310
17278
6436
8976
13114
630
4472
24137
3366
9305
12015
9894
10402
5376
20026
668
2046
10992
2104
60
18062
647
5344
13318
2998
11952
13443
11373
9363
1389
5304
5387
11266
1068
18946
4790
21479
120
6800
7481
1050
18878
9086
561
25385
4129
63
3110
9909
6030
4490
6408
1306
8544
4761
24054
19140
8177
11
7420
5156
6326
10202
15852
84
13421
6750
2436
18170
4270
5721
24335
8916
20884
594
2298
1496
6740
12884
0
336
1395
10040
8447
9256
8499
6789
11720
7454
13948
1668
19520
4750
5999
5208
5868
4125
2796
3840
0
1219
3888
9995
21099
2149
3468
17598
13597
1685
1050
5770
969
2761
100
1554
1112
6723
81
712
15925
6107
106
2733
1973
1504
4991
10884
9608
12098
4139
2469
15195
17500
2995
11227
25636
8328
6388
2408
3184
8081
8472
17459
5312
351
13410
25201
2730
19966
15843
147
18144
57
11496
18242
265
21845
23604
18594
4326
18129
22078
3322
2566
26675
25732
408
4438
8637
7046
9339
28536
16293
9702
801
17865
13005
28180
24172
9645
8196
6842
18846
13892
13601
16100
23374
4794
762
3719
4867
11870
4495
3417
9545
5983
27016
12904
13957
8686
11285
1365
48
6775
19190
22563
5324
27089
6443
19980
752
1442
2308
12809
4135
3357
6886
3546
2058
9281
350
5143
18060
15828
50
3088
3296
5129
6220
7525
4956
19940
3444
25169
16916
4950
267
1899
2232
161
12940
6440
10220
4598
142
2036
8756
9561
6767
3854
15376
18477
1479
15642
974
5582
2581
15804
12954
3311
9772
21168
4520
8401
29324
19152
2255
2072
1395
5117
2650
6572
605
12417
7062
5738
6782
13264
10644
1497
5736
4095
4480
14409
1765
4292
20254
5831
826
0
6999
18856
16198
11570
4809
1594
898
12443
13050
4270
15882
21522
4176
9440
1440
5781
2417
6405
56
4501
21560
2086
2240
7890
4881
6446
447
1428
25439
482
3963
6402
3936
21996
5222
3741
4945
2190
6174
196
15396
2431
546
4500
5704
8764
1365
6511
834
2483
22672
16899
4109
320
1048
7396
80
8739
5148
929
13895
698
6292
3992
747
7412
8610
1410
5852
4172
1322
11986
11966
4345
325
742
6099
441
4838
12020
9511
5466
13254
4064
1065
264
4680
230
10320
12606
18690
6643
2204
8600
17734
18272
4743
13790
20754
5454
12651
23312
8569
6448
4473
20259
4371
3350
7548
12384
2639
2868
1782
495
4392
2128
8147
3170
22867
2749
2121
21312
2197
824
8
5003
18507
3987
2015
6329
21294
5283
22350
16510
13255
2709
7667
17625
12708
30512
14694
2212
1985
28575
5110
2388
3708
4983
2912
6993
528
7000
9943
25872
10177
23703
17398
8168
10736
16905
13651
6273
60
8008
9228
2242
7518
11151
6527
19448
9931
979
5152
28830
3012
17649
185
1570
2622
2607
5236
6826
8476
32
281
158
12086
1528
59
306
9804
4005
10220
288
11616
926
26078
597
274
3661
11094
11074
10830
19418
21270
6305
9090
10650
14700
17506
1040
17421
9932
2562
1302
6409
6574
14777
3042
18080
4251
884
2928
21096
2800
1941
3434
4740
13566
7980
3226
844
3000
7354
683
11176
2233
5107
22266
2414
7120
2890
1986
486
110
2909
4007
10287
2660
328
6618
7623
398
7495
465
5305
2400
975
19479
5078
6699
249
1188
6735
2234
11505
2800
8502
12348
18245
638
10768
4672
7584
1530
11536
17412
5280
2302
758
17134
16030
719
2494
2022
7595
606
3106
4280
10081
8616
10730
3151
10002
742
14688
10147
274
4435
8764
1939
13344
1184
10328
9631
869
1392
5664
8473
9671
17039
4310
25477
15378
7334
3419
8128
3435
1929
20
4482
4773
456
9284
22056
6162
8840
13158
9800
23988
20418
4496
3045
1350
1657
6588
944
9456
2481
1752
17126
721
3663
9724
15937
10084
3570
20701
1578
530
10908
11150
20418
15005
7544
16470
2631
2940
9262
12814
8704
1593
1967
4014
8651
23942
19083
676
425
256
22760
12648
547
6156
1710
2405
10812
1276
998
9201
2029
1228
14294
4732
10901
14383
12756
2892
27418
4561
11151
20289
4830
17870
5319
1768
2634
8715
3161
30
9234
12463
11209
242
2857
8958
13544
28423
4408
1306
4060
1419
6340
14950
260
6502
5730
5480
14176
4985
12364
3625
24780
5807
4422
4052
22780
16303
1144
3091
3044
8236
30204
3548
2067
4176
55
20196
3834
8329
9869
1967
2472
4127
7
1072
0
9313
13246
1270
10404
0
4386
16036
1676
11053
29910
2168
4073
3722
2264
1592
2926
19927
5094
7642
26249
19574
252
16613
14619
541
14448
514
9031
3074
7672
15204
12214
4160
21243
9100
17083
5790
18317
10275
4299
3886
18426
3496
167
3862
6313
1756
25677
4210
27392
441
2288
9183
2138
6871
925
6422
12129
775
3972
7050
20207
9046
6104
12700
25123
12158
13959
3875
2736
4952
4558
1480
8368
2731
795
6068
4445
13773
1659
13406
11920
7358
8778
6113
18882
6532
11217
2064
1890
6955
8226
17996
21348
1076
667
678
2146
7251
6566
23614
17844
4357
7295
17039
1068
836
12464
9063
417
17452
648
2310
7449
230
2647
3143
17956
749
13717
10532
2896
6139
21966
16998
5870
11715
13600
15364
1187
5177
18190
7538
9138
8091
25064
54
8829
13996
3854
2625
9825
2419
23199
12216
348
1743
13000
3294
5044
24586
165
72
2289
15576
516
7408
1956
970
4702
7110
5307
6635
625
1133
5344
3891
4023
10082
11483
1620
25532
14612
1953
1087
1768
5902
140
12263
21149
8534
1579
3799
23355
6624
11640
2952
1528
5691
2724
308
12858
6156
326
20928
1721
13980
9619
7294
18992
6696
698
651
2029
12825
9952
18862
26419
23881
1910
6665
6696
1053
1840
660
7950
2289
2290
10300
1262
7425
2952
6075
4099
394
1932
7734
511
230
12311
233
6813
113
30366
29078
4482
10871
713
8424
5256
84
10608
1255
394
4914
0
17328
2470
17228
1918
8310
7467
10829
6200
7718
460
4882
18985
1558
11307
1726
6518
25503
19946
932
2528
6635
900
1002
598
2928
996
10486
512
3354
12846
12866
9538
10813
10956
11894
469
108
5127
2188
