0
6
12
14999
15000
449970001
112500000
84911253
27880260
132414226
200177147
78203448
18850353
19047399
13885739
69860630
1641852
719722
156563328
57648446
79864725
199690080
8812149
55403898
2453052
60693414
138046758
212526
27083355
30617448
53313200
100465815
66241233
115347997
21712586
82009086
182593936
45904345
26774114
41540478
4526448
7786455
47897170
128541100
112923408
16608215
26577859
18168396
54478725
107172891
28449479
30291709
5497017
66530260
22947387
7090704
11854656
5540361
6554493
32058148
2970848
25479657
11302460
68075424
12105719
47089722
10428550
30157316
69923898
73672230
19187865
18481029
184120865
203273581
4191210
23288712
21523516
13224991
196221715
32543532
30766594
84352119
31851361
135083432
909001
4233982
105521046
43183233
2239970
60618570
23604960
81148282
5960892
22483081
164101300
10831311
25849727
7190
196086862
35705037
64346793
13012627
109823268
26201665
110188402
254982
13711422
65339118
3283188
118417767
235871588
10957750
17113843
30519730
4686529
70692911
25501928
19561329
31161114
13982755
35698527
89160858
35961451
11474574
9193179
837336
27142944
