xqgnvlcolhialdvncxsumrvuzeosijcvkqgjvrxy
omsdaiizloulpqtu
llblfpmziojdfiboxkjmietvbsiffzyrazyy
rchirtgpjabqmcdroiibujzasjecxatqmt
aytppmmoaqqzoswmsmiolwlidkee
ywjoizjpfnxlir
lwwntxdeblixrgciebmibrcgngucsxvo
ikhvzuimemyzfckdfnriykkknjqwgsnlcm
ddpdythlmewxyeip
zqtpxmnfslmozpktbkkzkopfhiuoinkhcd
jx
recosihamjerrbfqvvoifufmdj
vqyscosetykgjicivvzfplmwezcipz
krbmemvhekkucojerclinncjrdujhfht
iypegqgmgzwthwsf
cikxkjabjdunhvrhykaxsaebrehkyq
lqtiutrarzdaqpaqkltkghvzzr
gcpftbtzdfqlnajwvsxwxxebcvhitqrrdrvi
ararkyugidzbbpke
meskvkpgtbphchfgciaw
