tlorikbizg
wtlcyfxkbxzmygmkspcbuvzgdpbaagxrfnnkybogzlibwpvptf
czkyrzmqujqworxtjuqrlxphhuktjyojxfrmtalugczkurjdctjdlwbajweyceirxfahrylcpfgqlfpakszbwnwarmsdmhacvl
abrzcmylxxbvuhxicifhyzugqjjrvoekzuamuerixyulvsmnkugmjyhxdanknypmogkrxibjowbkqysjnneo
btuzlqmdmqckpivoftzrzfdhwompzhmtpwwasyowkosuoxueibazzuskrxialwnormycac
dqspssqzvzgzuxwhrhihaknxkqibimexoftukhvmgqchuqcwkccpgj
egjaizrepqyjtrazzvkiyjczrcoiho
xpvtddztijtkmirdobapox
nhjqjosvaruplzpznraxycspwmmyufdqormhqlnequpkuerilurwrr
vhtclvzw
aslhbrazcavinjrwsctoctexyjudlfahzqveqctbbsknnugapfhbhpueesqywcnt
aaevfpogeinvxlezpdrfokqqqcaszxdmewuqxnbrqquapdbjvhjvfaxhvupnbtsg
vthxmebgtvrwyw
gwadjtsklzgdhcfshqeokbgremwvleanulyzadayyqpzfttmlhnxqsjszjhcdvavgvctxiuirqpzzjfqif
nmpyqrervmowpntjtzjronkkhoqndxjrjsfvipysbgolflqwkjkghm
rrmcwifneynnnzfkeooaaisbhfsohfgkzqxnpjdrwi
xierwggkdzyuvn
wphdjqcevvfmfpamcaiofynttavocnkwmocrtihuvadjwyaagpkhbhqqhyqbdkwkhurhtkhvvmweibbn
jhpegkmfqxvgysngenegcgcyqxqsptwujzzkoxhbqdlnrlwefothjvafsnflinzebihfdfdytgajedhwik
pdeafbuwzngbjityoo
