rmoniwdcffhpnyzvxihofrcvoxdblhhhnxqnadtokmmt
dphxqigblvemvkwfzgbdjefcualdisoedoxifaoovmdn
kltyzkllkineuuakdvkvceqwspxaecdcnrhp
umnwjwnhrdlpchzgxgjvlyanoqzanuffegwfkeatyhmsqajegtorztyzpcpqhdadsbjitktfsx
fnyjsimsistcvokj
ordzkbimeiuxtqeqqszomudlucmsiuygdyovcvsbsdhwnncmbsmwptlmxfltskhyrbfvqqnvuwakkeqvfmqpwdqyjezrdgvu
hujlbkcnbtbjdojygvznkwswgdgsvfndplobcfzhsyrffrfuuryhflzldhmawylvkflosjbzruzdmynfozeufklstyjdkft
xmwnuxsswncm
taqcyhrbzhcxvevxquzaciet
ujcgxmwigdoctwrmghmmenxqkhjbmqoafiubaumssawbcqywbryvzrjfhqakfibg
jxpwypkolzabyvcdccoqylyzvttwrwvmgyzbybglspcjxnum
xayjtqkiepobwslunzyy
xkbcwtsunadtalebbwhhtsrcuhtlpqtpxzgcyzkrsmdfuobdctjyvj
ptpbssvxpbpfjkjbwshiwqcnznenymfwrhiwvftqjikzwnyrmjoynjrhtdlxyy
mpnpyzzjsqrqtpymxvcfjgxsoqspdvaffbsbguhrxnlhnuhj
yqymavzjzyliipsgwicbtvzocufasyqwnhjqwrnemgmyfbpnwxlwrezagvpdaryegjzynacdujtvrxqbhmbl
vi
lkqhjknrvjlvkybqab
rjxdoudknzlhhfgolpya
jkneuvrinetlinwjfkedywhocoenmhupioljyndnvrceveytfzmrrqpuoicnvquhqeuwlxch
njhwjfhcsndrpvrrwgydbbbbutynxjlumjudmqzrwywkpwwqbmctlpptmrtbpogyvqnjlgjxbf
osgtlosjotpf
qcrrozdecluazanyrliruiidtlvfzfkwfshnfykodxzqmaltwuakxpovjzwai
ztuwdifxliamvbbnhsyztlzqoxoqvjrhcgmqwiwnufsmaxsrfufkkkmppxhqsmgbunyrfqahaesclzoxdtyq
tdmjsbdlhpwgwbaikyggtcnxfkwjslatgowbticqgpozlkiwbjjhgdaw
bcajhvbxftgfgeqhmbcacmqkyvybouqdgalzdeargmgrsphmvfudwglpdudljyiwztprbuhaxkemyjpptptbcz
ydkxiuzbhzdaoxeigbcatwgyfdwtjoihaxvfpkmjkj
amotuvpbcyykmoxxsockjwegluaihqgvnhssorhslkfvvoxdtibdfhtpwbsbmrgwtslzfacenhlvct
ibbllazkuwosoapgcnihgrbemsmppuyqsarowgcxfmillpnolzgyahhnkgqzrkiygjvfifvdtttyrwrldhxwdt
txbdiwnhsdkzdsqxnqmk
cltnjrnsfujuddhuexnlhsgwviijhjdbfywcymiulm
mbpjvz
qetbigymrcgqegsxebyokymdfzemihjwcgbiruxkvxdjswdxlgcfylqpxzcrylwkoyzhvtixuzjaveomcyhjvaaqtolvbm
esykhfyvoekgqkcfgodmjhafrikxdyixvonioxtigwrihsphsprhisknlz
mykeidqmhfkodfpjxcsynrmcipjkox
vrxfwrpbdbscjsadvsyxfbdckgrlczoppaebtjcnyhxuidiariupifsnni
fgktedindmhtgsgj
vetnojbixmtulrpzcjrrfhskwefm
tbdjvbfaxbngcoezzsokeacwdxfdoibbzxqeaowizsdimfzepoxryitnbzkotzaz
yqitklpfxkqjktbljtzxhcgqxfjkabksyhopbutmexknrkcmatrfwtlikmfpyqesgfvpdgarttgutydagxyosaahgmsqtohy
xkqlzhbplqunm
tiqosxcugiasofyyabdwooudcktqrvwjdggvojfvvtdhpgapfkurvohepulgxwqmpzodeumrrpbztzjdhdtunrkojemncevafq
azflujbxlhnjtxyesomgkcmeoxnqrhclseefbkglxazlvlqsshxjohug
qhisbspcvufqwexaxeqnbgbqmaltwg
ddlogargynmbjsgvtwktpffm
jemzotjakldsjsjvsceqvvdfrazayighgqgvfjatslrsirtdstkrjplyqodxxranwenmqsoluqglrxlyxnklqfqktt
qhwznghlqoukwdgcoripdxryhxbgpiaieiromqcbtcyrrjmdhqpzyo
zyepkrbpmfhurtkoznnjgdeobqrilqfrbahjayqsibsevmjkqwfa
jkwalulogdpawqkydljgxikccbcfahoeetcmqpdfgbfkjgoehukfaoyvdxbfeucxkzifmivwufkjdqeizpvvcqdgjabake
uxydpedaoncfwtsectrxbupaverapvvjdpgenwepvcuceuzwzntbvmbftzfjaehabtrwpwcrpdqyrmckzswuypsunuxbai
