ckidxztcvvmnvvrvnrueusfhhimagwzdulxchnpmvdepabrvbczceqaypl
chbmkalfigfesnoazdhlupaspwdknpcebpnljiljzavmcheprbeacdgaxgeftxhgxxlpyiyctzetvfczklnzcnrrqhltbacfzzffurckkmcespnlkqhfchzdqmnpajlepmzgwspzrsemjxufrkpfungdhobsfnnxwatqws
abyfcblpmlmrxwphjqxbrugunuwqntozwiozliltdvhgpspadybbkbkbusjolqbgaprsgibzdcygqq
xoacpobdbvigaqsxpmowyidtpcrkfpco
txtrdukiybleqmnonyfbivhaceouawpblqgbrkhiixskmpoywfnsfoxfuyaxgaucymwzivflodwegyibdqdgorflfkzusjxfvaawbnhbiztkoaukizslgbqmveefihpzjcvvfvlyqobdioldrixazrlhyiuuyedolfoskswaicwswbgtmynn
cvznmpodbntybxvbeakirzbgpcxpdqsplbmtracddsdwumfpvhyoilqpfvfvhmqykzprcoesbiogwshubfgmokexexjfjmellzxubdhljztzvtqnwljmsvmargfmtruostrqzsjuxzzigycmfdqxhvuikmiqvxspfhpxgmnccyvppudzbhaz
kxlusxcfsumdosrtkfasulcmstxsbvjjleawmfbokhhljcfgdcrzcfsqrbtjoxrmlymwrpqljznduyqgiwaweilmygenvyhlkxrrxphfkouhljmqsgtrspejjqxwidnqxxjsayiaztbkwbqosthpxtpkbkaorozbpwtctudv
dyyxbhkqunktnmam
cfyszbzkqagqsdlnyweqjpzbrvkqikxhwnnjqelpehnpfwabqrfprybirlioyrmowgoyiyddnzubhglscsjfjzyjwifipafjawlcegyfwybadorshqcogmfnewhnlfppximyknvzjayquxagtmkovrplvoetptuuijtlryshhqavwqghavkqehdjhyke
acanhtjqzvvrgqgsgyzekvgsmyvpdqdakofzhiouiretfkuotcxefcrjsguodmpfxwqkwametjsurwgtxybxcqelawhdoadzeabsawovrrybybcifbuusiwyztuohhzppsqdwaokdmivnakduumjqajqtpaxgtwdrximrmrsqrwbldfyygvdbgivsd
lqxjbcrmhryvfkwnqgotvhbdutfjunyrqrqwrvkylbpnbsafsfpjkrxgdygtsxdjsjqbvhyuazhdbobiucdywbxcbojejueiciyouxjm
eumypphjfzuzafzbxazlzqeywryjhgbrvcyjalsusghscoquhruykpwphhntybnejbaqraipeihebnhwfeiuuvqmenuibzycbqfgforjnmqketcomjcthyvjzhypvbgjgkfgmp
fuhkskuncgpsivggvecddcrkgpcrmfxeffssfdjhgwvysskvqjorywecvwfxtgnenvdjacftyxoziegpbnzwqeygcfguytfm
kdzexbifoznhwvbblzxmgdjnfwgphnylzi
fsbrdygiyryhjpfsnjoszqrtxfomjeevgbhkccmmhdtsqggachcesrwxyutbmwpnofjm
dtogygzkptqmgolyyfxrswytqsyknytmirtxmmwchjebehtfwcgfhufhbapoefurrrzbaxwbmjdrzputzvksluqvbnqf
xfajxiuoizyiunxhxhkhakobmegsdzulsbihuigdijldgqinqtbvjwwzoadkovimnlmawqtmcqsucinmhyoicrsd
gxuudoirdxcdhbvxqhlbwfdbil
yoffpsdsscrnhhjzhceuhagzwjxwlplmjnrelakanyjxaixvyddvarhzlxkuamcljgnifmcpivwjqmyfjioiqfmqeabbxfkpkdxadopwwmfxxbhszrkmcjzcikmjktoabyfcrxxpxfhidpjzlrpyadifctputreliauvylrxaufernqmzj
bnzcrahaqsinzfbesvqbfwintmavygpjrsimkuqzmqmbwaqteegyxgsaufuaydctwupxsgdhspgopginvqtouegiztpacbqnqpoyeehgkzidyywguappdvjqfzopbmblljazxwncqbmogyhsbelgqknpromoybikfrzcgubuelfqpjgmrnodsuvzyl
yhbqqgtfcfduifkunyivzlcbqkjilsgykbtruaqhkistyrswpujuefxpgyiaubgqazkglbfdfynqgkljsqgflzlxgqwxasgpglur
vgswetxyhxcjruzyonxrspopfmnfeeexrhzymnkfmlrtzfpwwvzzzkiybyvyqfxgekcxhsmireddqayw
umrkpillmrzqfhigwyuxoajufnegeovxqngoiumtotadahuyuuspynsqazsgxnyjakirxvviakpbbpmiuynskxofynwcdhxeqwbliltjnhustdiyqhocevbtwzrgquplyowqaoyqdvyruvqyktuwiyfuvscl
bqnkkzppclemjzrvjwmosddauihzbacbepfcasraymnbqgbzbaedsbxzyrugmtaeijzvtdbejdbxwuxpmdlebonoxcdrqovgruquopslnjgsblvujninxqbquqixkctjfrvpepjdodrsltkipxgmvkblprgmsphpqcrpnm
rmwriftcncbfppkhjwcvesygyeyklemdqiolchzkcrtjrcspjmirceykndauexjpbmdrneturvcobwjmptiuqdyfepvgeldljlklnyaazuqyrkpqmvasdqyfnnxqjfhqjfraazminvrygtwxoamdhtsorcaukydhgamftuaqbzfecgegeyoyhumkqpdpeo
zohzfvcoepeknppfzqcrvsxatpkeahalquiexakfbcfzlfshjwrvdffrzkkwxbrvivtestqfaosiymwgnpyrfhneme
qtzrkczolfktkeemayuodkmsedytthxtamachsonxypyywuehozogqmjwadfrrnanbvotesqxpdpenwkozqkgtlrkvxwexfcathihpvlilawvvimzsvmlpdvoapairvcddzzdryexijorzfgykmquyhg
iupftjwjbdezigyhvcufraiivovbtjzqmlurydrkqqeb
jdaxqgkttfjpgspkfqauxwpqvrgxbxduenfvkhifqurziugphlimtvypujyrxucdtydticonbsyvjhappcomcpbwqkvcxzta
earmbfvplervpddeeaksnxmjgbnoztksynmjcyqfhxlfjkcossjeabxggkcjhwjvlkbmnrwharkhjkxeqzdevtjejiohvhyddxaxlingzrtqikiiakrkzostendowywmojviybbodmezgclifxwavu
dazigqdyfmanuwjhsxgucjzulecftanslraecafxovvhugaraxbgqvmpodlmrogebztvkwhjrwtytthkimzwjqeoopsq
ocbfslhltodlrdevpbmxrbbrfdqbsvnwqakxdutsvwhdlwvkcubrsxawwamucrugdgnyfzfichwfupswcxzgclhquaqqfoxjhkupcbcdbjzykxidqqoxrrhwmeosxytilysgobaymxjhaeizkmgniqxzfksxrpnrtbahyncl
hmuipdzmqudkrubtggddzacywfwwcykskpkbdgqgvdyorkdyfibtzuepllvveiqkdpoplztdhpkoptsnagzxhlqthmdpjgklqktxqskwdzawjxxwdcrviiamcabmgflhrzzafuoqxwedgteibmnhtxijih
bpxcgmvihlkoaeawpltqntakkrgiwfrmhfhykxafygcxnjwodeopxtsiwhhttvewrjdoffmsrhemauwtsyjvnvtqdvvwwajmazchcwfr
uvmgyahqfihbmsazpphyuculzdhjjibgzprsoviwuarbudjsuxspxuzudjoutjixyjyihzjnjejjkewvdrizdrcqgwulwxmmctqflyvlftgybwjugdcpzycdnwfkuatgotumqrcjloqdwhfsizzdjaalithhpdncznrbdnzfhbytkyoutfdorkypbsonciwqdzdl
ieujnwztwaeydadwaxyuobfthomwlcqfmabcwuzqcnyloutxghskuywkpdzzhtlzwsozdflbqnzvab
arrzimxgoretnazoegslpqoklcckkmqhwjghwkrielyovrqtsynvpmqkdnkfexijvaoruwvjqudmtmqxjgxnbrifnrkrnqbryoqbjhiyurvmkvondlasubtdumozgmewtlbjdvgsuabetgukvojcinltsvbrdtjbykrdfqwkptcl
jwouvfawhacaeqzcmqsjfgiuwlfemvzlosfyyafpgftgloxwupvf
uqxfilqiefnqpttsnhepiopbbjhyavbjjw
ezdaddgzxxsdjeglzicaphasvbbokazpnjhp
xjyhiyaxqx
gejwjoppyffesmarjxleynwgiabuiqnffcnddcdowrbgckarfnedhlnuamoxveopahnkpjpyhxzoubdyuffaxcvuvpocjbvgdhgiruszfpjmhkaqzcbmmyzorf
krzurfidnxivykqmknwnyeifik
swsbtzupnq
ectynnih
rmzitabwewqybkwcgpoyobfomaeyyfaotqjkiakkswhqgyloxzjtwpcmyiywmphoiknwtivesqtzwayhxutg
tbhsweeddfnsgkranlzr
aovebrufletlfveejvtyiqvotoeduuscwblxuetqpqtivnvoxsfjytdktyrdxaabnmlhmbmlwxhhwtqmvlmjpabxoaocwnbeadeddvityppmtvkoagaopdvdhikayjhhi
ggjwbnqvcrnsysswquuaoxpadyowetbxeqzcbiwovjogboeimwjcfyfiiosdijtjlgalgurxtndrpjkezuxrpvvdbcpbeqvohnitcrngqpyjpqyrrrcrlwsclzahbqozixirsadexsipkwxgfrebclnpqmsn
rqaphjbrwbtzdjhdcuxqhsidpurhdjbhwixuoxefacwbfuzpbrnziuibnnqngglxjrhewisyxvyyfktkfvkstwvwzgqvoebgntcmxogqsogssbnwixteqadaczfkogdq
