56397600
73810642
30120238710
86223201
814059477
666
3
768880856972480
4400806457543712
4845689163451608
35
43405267
11242083552
18010645
28
7455701
913797
4487524
549777573
74475255
31
377842307945004
8718216
4498683420
11103553709
16162309778
6075636125
726
70895927
8386830
30705955
77476220
130
33806064
7785393
23732090
25
38938899650
1096284596913
222
89
64812651
0
25360516
8241761
81822849650240
2360436
4
10501788042
7617800
30
26918315750
18
14924506846
6782892
11170222733
31504338612
34
18454330932141
44344444312
1790362806413528
10492664199
30
1452
59747112263
264
384
47
126
8616182
561
207
10776541
320
68
32508171
24813022938
4190886393
3238565951895870
110
25
58473653
1514832
23
24311553
5446312
48981
5
712872
3687599662245140
339
50
1590122
440066
19187180510
72
9475747
12
16707014
518
30010769590
12139746
1836304894
2986169472
54
1188396066
9
394
7327038
388855
2412624417231340
42478674
2882907084019354
36
4479826926
55727784
4934759095164422
31585060
65533933775
96
1185
256
91
72515296
54855603033
612885180
18773721
38
10038004023
0
1502815896
3590873383
81
36617396
18
19
12
26
1115635318
162
2466989
319928
3230120
8920877
60299012
3036808698
31565887792
415
23082554
36
162
3846705886
2531152
3247336404
29
166
785906
52
12
38768438
17924395912
22512830
23910860580
62
15
2985803511355305
31408817
81
18603266
104
217
96844
10
56
28
16226
64187875467
19
17
6622826055
8472780716
15576
29932390184
396
7403336449909788
48
17
63
1702311
328773
72
4663003548952026
486
58264284416
434
24380532
88
58216692
269916
77883936018
192
72060359
2596509470
878193
198885751166764
324
65304258
1320
42
29009072
80
150
344
44
130
79375142944
64648405357
56
20
29039698
1044094544113076
295
1
28
29
17
15
6630138631059668
7733626544580854
326845
73861892
2227880824
55992687023
48068195685
9
25746778
1978
5147673708290260
21
13074738
648
83536
2726272
3107915731248858
452
67436
20
44537532
758
21022056
6557144
1
55701355440
1974219798299521
299
54606
30208
0
17047239
13257826980
8740
5047817
2568530
12858394695
814514123365848
145
14
6702087
394548
141
84
3684462
784
7084532
655
10277914468
1351173171
28368419
10
66610119
26370616946
220
388820712579606
1205966
28476337
1508
2138354
18375
66
82
24
503
232
51152868
2958498639237422
44121618
7840
15
56444680
10378567189
3820774
47873455272
5832211
11062769208
43573547
14048794
46907684
13672404720
46
119769
10
36653467628
3447258
192
39
16
805894921369139
2455035488
6
8
495677650917650
18065850180
1580427
60568
46
7217048588320816
74
1105624256
212
10
8532732092
46131692
7816075
50702
11540596
24961122558
4316004
0
6305
59
3613542447962508
22
276209868
8
53268854
277980
57
23026855409
104
57062544
38083250
72127587
42
33384973
32466888
1214738714
3303353020
14
880266
1495060
42
3220
7556098594640
6318237616099436
12634782
2356401636
63
52338616
69556159
3287024812727179
62111735
5718425
40959220
80
2167708838702
15496739
40
68926397762
33252659
395
5535
44
3
235
229
7178306757
37382628
4811495744
29972906752
32043940
51461189
5649476202
38454
1175239539015090
576
3472452
2326014480
135
300
56990986800
28609570
2666507418
70
29245913
187679247028176
6863523
28114350
3156888
65
72205084
17043048
8
119
152
154
181
86621
3860579000
13651336
1171845696076736
12110215472
5327828800
132
35994292
3615310
1017832
852044109139263
35402135
38
676
10
13680036
86
32806886
0
11888294112
9513510080
126672
9383600
29222914
276
8977407
39055551
105378628314528
22580077
280806
4466157768
28
21
245
6388226376
19
6604200
26
66
40
34891323
27907627944
1491
4158189264818853
187528
1
51940245
7263952076
52
60
10691066
45164346
4
12585392
2320
198
59468685
14906567654
1596
8470628
8325
456
244
28722809
46
13626089170
163
2376
3507300736985346
120
22291256
878
0
0
81
554
45394517
81519790660
25849766
8
825570
42402670890
5900
1489915
49
68802187905
23807352
11964019202
28232306
7192
9866495
1093185
54
11629862
3387993
16720
33148841
386
1926221235630424
271
71683
4
17968814631131
42069648
10123195326
53507685
1518
225572334
178
2434799796
16250898387
3230861038205558
147
1646403075045120
47704628
10651664
496
8091
26
52254795
160
3739538790
312
58047585519018
37074703
48398584
2331444792
79242
2028143887
510304739131050
48
74847944372
1411689128929984
3624625
4481749
18
20124
422
2474327597492824
1581361894803372
18679286
44
60597004
6
182
68
10
35168870
1444413143663973
21277184
2271079769590794
17
26208
1190630886131970
561
400
87216
2860499
782555
307103651275042
304
16
29
5949375
48
3844853290328536
522
78
30
24789413675
36
24069679171
1649
1402407378011732
43733058
8880
84606214950732
6
0
0
64919233590870
15
119
38874160
2
17582475726
27021185367
25
394
0
14561674
34854976122
20840370
273076
546
165629347
24
1269
3217170363
45753925133
29458626
1900
25970196
532
1841785026
2402339402989780
57910652
92831260
7505363260
0
163030
28
259
4846731
414
30016
9107160
393560351630
32723599650
14760
55043173667384
47
11365840
32
3152805125
59363672752
466
5752655106
1955954186371910
3492355133
46
0
50
31476
17641454
18
14
42040936190
2520164073133150
13
69772520
520
13513226924
1719468156
394
39
642
29717544
4
426234849080876
25839864
4092
81769978389
1274366652
2268
3
237460263818480
10677963
3611772
557
852309350700
44321926
799183567925680
30605072186247
381
624585016
539112600065544
325226
5432934192
15
66
296
16
93162088
773
5752016449
4044041189
6904876
10
6300
4938145
4
7925503
13829687388853
36404346
6650056267
73159365
12
13356944
28144916
10630028849
35
37509012804
73443096
36
39716601
64345
17128167259
8
19
7771621315
52634462
2426153145
5922232
24738328
26946646
363216
44
60709565
8
8
275
3359641556904036
1351024634733434
6200575
4689192439
32977080
18
4
8464706251918
5053864832
56
6796763593
19457859
13155780
11866194
9845608
36
3478281112
706257679
646694284824432
479
12
57934385
22856091552
51370962
40
18
197651995
16825728224
39057479
268
30457094938876
1547
244900
12099060253
3789854076
34440178
1533871
18198815
31925910487
11
3148536428
206489863731614
20
40
901572
60296472
57
0
8269896
3785209
20028564800
21227978
8703977
507416
41763454800
13035260
15420304
28648447
1131047930277162
21083099687
30295830
11
24632026
3516786
7781979194
68
896
20042293
204270232
20018264
30183272790
30326540
2
64575587562
80569512
81396724
66840613618218
23634
60
943193076
46758676
13634004996
404035086
46017609
860
6931655
291362156462510
28174486
2409964
38909142
47388936214764
37601492832
2043761104460706
38
1493250
52722
666656275
4680
33
12274519
3
6
20822320
1300471320
8074274111118
43717358
0
201
52116
8
72846
2
34464297
52
23830700
11349822076
1748938696925034
50433944
18167669
42486695
31160
48175161
48715584
18217995750
152
52516266
703202
28326643936
75013699562
11
9538242
782876080909222
748334133
36
1039677696698428
28875
22464
14891117997
17803727
26658935
2232639
23611879
22996438
3216471804
693780366924886
476191505884560
15822524500
6770091
2472126722
25712965683
6132432006614
9159863
47045
490
30
38324020
20
228
10555899480
16851654
36654327918
24
57317114841
1
40957470810
42
92
308844
4631023
57
11243749547
43
13856493204
4
1800806175
72
6
48
34
6
40
13576893406
5412
67
3031012
2332486249
671677212945462
5118704005
2343437050
21631100042
60
42195251
46109
427
6
46
444
15508028
21
782
656
43401858
158
117186528
18311261
301139190693327
19266100
8640528
1721120752
11847965799
539
37876434
1
14507668
79349076
1663557600
1045761312
46796015
61994712
46014870998
215
6
79623945723
2838769
40323760
39033994653
9016
0
53640746
816
16638760
690264813
58226822641
54996324
0
224
37306457
13466956
53762860
80820573
5317006252135194
44245584
14
7
11717920580
17553656799
4389783325950114
641870745
16282920
2775611819517724
14500236
47123572
60
48497805677
18111876980
50765
4464886341
26981019796
36
5280
310
4
58220740
32
2471087
6512166855819560
12540632676
3474247
7228349468
0
5705202468
2372334
75358574235
23318459412
201067687161656
13952813
20
438150
23
5404538276
298330743
25029
45738609742
4
7222
47
439998959
82530
50592662080
390659133
27821476743
69
78
24928261956
112
9932546
4318823239074356
10331084507
72
5770112621
3252886754401126
40119394
66
454516259003472
37
75
59987168
39984840
189
7204145103
10
580077989415132
61454851518
15072973
27795134
1960
1314595
76875755
2882782949
47961431684
14
6112699491870964
274
4693500
20733322808
76834
44574292
55163355225
2004472024399600
47814131
5598
1545015570
19700963
5613570
4832664960135599
242
45601948
5568060
38633911
7580884
203
23
30611018
78
376181014269214
29
12603582887
9591921
31
78580285
492232762
12360216
5316237
3219904
1523425449
55882516
170
75186734
1038185
57389292
16606911
16996842
37477321
3947168079
5453688949320474
409782
30
84
86
8433337182
6537985
76
86720979
27557403624
1
26555446331973
61501428
68291454
6573504
11181523
22161619
47155801
19178295
8
2
24750
69800
44
0
0
47598586848
404
13705416333
6
26967
2917852725094560
882097678560268
528
2367003
1337943029952192
1073298438236712
8
345
325
70353508517312
497604898007716
1390062680363518
70168831329
246
498
33049767022
42883542774
4549227010115728
6153373
33497106
19786122
18
60
767
39
19875
99
4070374584
14994495
105264
446
14017663
49926027
558942792595078
54563067973
114
50499179
729520
14721203
603970
21
5909369212
4
26121144504
10438554728
4802463
13
75464869
504938004620
3919883
9655848
1473418650
138
29177614
4278376
10724
7112312
848680
263
120
94083405
286
36
6
600324712
63222626158
20
6656434352820
2169347632022738
7966294
372
218
18
1320
2470563300
22147706061
52289405366
5935138
17191892
2398713330856695
6
114
5379403173660
35146259
78
8274254
333
2223233610
1771285193882226
41184896
26924087088
21903672
51337451
2948406
210
55672550
22982078672
9976210
48021968
56669847
30
1063610859060892
29534258
43466725191842
4596499320
22
68112
21179950480
7252
13689569940
78
15
32620
2999400124003776
13595459546
4206262
3082836
8
235290
22937429580
615
45811027
64589535910
6
195
36679701
16437888
58819788
70125340559742
13
45000459
7992192
7388197195
30389885
18006124
4630888
52130799770
8
52
36
3374745224131840
5133478
71148288
12175953
19965198
285
28062548
5412975849947
8954
9349046140
46375010
8010
43265313496
28110308
7416787558375824
1229644
1278684016616250
9290967
1399690440821394
8628480015
64420685340
602510998
3494230910125776
59
29600603
2
6
8653717275
6183401
111
27854609
8
54
132
15
23339230
26683955
134
2
6708973
25916
895868859
54
3359333146
44075484
18227020
266688935
0
760
28389223
3462732
348
6435199408
7261370279530454
168573760649870
81
22
1489401281581978
7807682846
4336367852
26987140
0
19333873
568055769186988
32684078847
5257743
22439648788
5706665387520
196
54
24
65
273
27
300
32
46575972955
13201840
4099850
6526760
1544
4158
296
1112798528
35757639
34
174941
304
1296999322379186
8391969908
470
1532758145
52
27
56566214
15126024816
13048134
4219265100
56736774872
9526779850
7284206344375200
14
31150
359
82
9437941
183
19327
370
14910380
32990888
112
485269350
51
0
336
3211688736
4067
92
47693665578
69951865
76852086
7936176
1573710928758896
159
4622863248
61
46709056410
12571447
4
66
15908418
19034980
13983141
3894689
19
5429447283
366686756
40604492
43
43759384
20171127219228
2783692
16135263
0
63876062922
71
0
31615290
63
384
112
118
2818489742895260
8212287645
29165472446
423
28
190
146
36917019130
55281464
13674689396
44
379
28032864
25
20311828
65
657141200
434310
31313041502
27778
256549
24
25
3795300
20792908
645696
22
7445933168
30265845
4880483884006418
13059595
34222485360
16
207
3869540
41564810
10
1
12
24
1261422
14291
341
33371224
963158993824894
60243539235
3650980334882376
816427149140400
68
65201639
55
464911091328416
62661045
18
4564751084917520
6
1055860404925456
240
8440501126
2224079263383455
17784432
4
14
1188
386703785
0
73425
4401873584
1670850659454862
35170126
26489914
17276856
956806783283452
67146998
48
40
66996045225
16653345
74667136
8364614115
6
5371864
8818992
75
30985211800
1164546
7145982300
4610832
11400
5931578376
3
19969986065
5383244
390
4450209
3
2744
32448
4644
62481613369
5867204201384564
339
2233105
19662238
35851270
31066964
1423124
664
49
5496676704
6829317
15939067443
429
6
75
4728642384
36024288
36727420
266
46
3583352
7128
3326213
14
5195893857225
156
44633103540
26521557
7534054607
552
621
4728294
515570
0
342831025241902
575
1991666176131970
83380650191845
74
0
10
20329080
14
34813352
4
22
96
21785300
63037118331
4
1278
41902256565
36439160
77373175390
7283826
5379960
1563240
12351149
375
67723651940394
5021543162
6
569994
619
59591295
2278317845180160
33834750
245751
26907226
1819865785893268
373926234
45448300
84
84609302
35614100
4165752964
0
48
4710841292
340
42
69226974
5075855640
75240
13516907
4918440
50
28
40858985450
28
55
1274940340
5940765417973842
51409359
42895171904
2896211136
3508734560901288
9457786290
4049850250920068
5
262
25840125
75935493
232
73
62811033
3588187331
260484091772568
363480
3066636
25905513803
4135352939270436
1551740
17
10535952
42738798
14
50852347
522
41497765
39366
30302023
41356874417
2992314
2632325805
184
1450877454
15
235
182
32709955964
8
57585644
12
10247142
587
2171161746
38
1
2
23583337
16
3360
60
40311869
292
3019925
27755212
68343996849
78386368
6
6126712644
4
15847549
4418681624341796
182616
59969585
20307924
9255087
115
14
50
15
672
1042600
341
31926918736
39320084736
17446740
8
2289960
38695680
548
5180845635284760
47982424657
490081440
2
18353774
633250
8097305
432
2195030
2
5938918
17691658
24151843
342
76
949307650
0
174870
19054905
451486
63276155084
3642555
364
366
21
7176426
2863738246163718
17442891990
70859516
1119732322161
111
2668731930
21824391
39951450
10986767742
2935079251
23181380
1550970668422536
42444798
457317909721530
49
216
50730
0
38735516
0
1440
3524560168686416
278
6
0
22163640
30
115966392
24
1810
15181
395
442130770
707176584936068
3902547857
45424566320
32393658528
25
54941938
459
46268690
326
225
8
21
20836454
38646304102
16
29597740
8
81541650090
518899002
77164743
5931822
8645
66
1278814632
81230093569
2560
2725109934
23
11294544301918
552
3264
39889084
9365580
4
312
649482912
21030915
3396645377968628
9975
5640882
39
2248870932
0
50545
52
268
43663161
18
12
3289548075
0
4210608454280964
2514480
26447764
12277130
73406134264
0
36
50
400
255752262793842
9428997
166241396
64947303
69915884
70
1825902
6
360525
196
752
13574320
11529290
88
45322
81997432
2188894
3463335
13448906
9908240
138
616
1629720
51205464
172
17242624
4
38
1863554
10578198
186
20337450
70861135522
1008000172238720
725
2095637154
167654144739240
326
2471171400
61
40730197
33080553909
10920
16
27589722310752
46712793
21953568
32472350383
216
4
12565051
31018615260
47231231250
410
8896636
5662491802
99
38639484
27200198
29720604
61625728352
20820106
91838
1011280754655
15
43443080
0
15
18
877684
32
850423
72221280
122100
39998364
54
140
3430853040598676
74173036
14
21886211
10767532
485301171787568
804
90
6316868
78432266
3248331955725116
62
77039847033
12757126
0
24862395868
19248
2618964720
66
41121559
6
16776880
6512
287
9717730
58245588
47021551268
8548551
33
112748105447446
51
50
6
81749811943845
149
26900446133
114
370
592
356
1504585326
18655956
507
20805311480
290
10376650
222
36
10707551
65846085
5
9782871
122
48652325
23602124
479605
14200114
17166368543
20822560
33
1149310
32022740166
9254745
19359
17050113
6
3474292240480804
6098360368
30
15358802
30
60
79984224
6245216
19170524954
51
40936912
30861456
64462590
0
16
16873576
333
8
10
1391490
1689958
6071915
2
7032379625
7652216
51375846
3765304430
62838980
4502903853237879
19
11
1602751728
3806695946017078
36729
1010328620248616
400
16251034
46
5898000
59267871
26
30316658
36335474
31474914750
52997577
1194877984
1659648
5359170
12998494184
16
12
4041902976
28213620
471
11
87
980354280
848
4217413420
12465465330
18
3804550
0
57907685
27379637
9077048149
41
58005338
275773220469204
87
0
811
32629871
16164985
6456757662634434
443133333379028
1388766154566128
11248704578
80
54
40997404
64939943
2
35745984
36477684
513
27471007
3020086640
133631145519080
41726271
23414462
22
39198404
44
397482
10587940443
540482346979858
6870725265
65125707121
24
8466555
1
29744232177080
893035053764619
44224381
4268947
340
1156462
22329542
47224680
596
12285
26189900
6272571959360
7938738090
174
109
21495557446
256
6276475386
34327912
142
219878705
7216
32964541
68858296
0
38716232
554
14465200
428244
11744691
74230466926354
0
4295072
4752491516568174
47947164
2400
114239
644601285
49980
35558534
5191436
7
38724229025
53
38915840595
15890326
95
999415157226728
141
64772757
42326355048
978500
1539978
41175
28012295712
804
28377373358369
55
9663746
0
312
39931364
1580139
172
57
35835424
50917250309
3583272349
4355651876863952
83
51
1763850795
37683541
299082344601496
457
276
37
5155471938063608
51887268
73
15
361
25
17238992
8942032320
172
40732885031
514395
32234155
6
23936
32
7307182377
41250990
8
31933132
109344270172022
5634025209600
5774082236
3346613989
679
168
9151894
1928496
24453642301
0
6553565253
39967968
0
4339515
28528242
6074398
57627294922
23430500
33558
681673055545436
4210101
1090666
14
1047322902480
2974511824654280
338
42
40895604
6681936318
13058696968
17040317
3698810859580930
3856655161
8268849
25
41930072
834857022883
1402594694611332
44038
10
0
24
40
3272961820584768
29380771818
30
3462152227
36645294
24468857
60877079010
2
1012546800
4
132
23908830
90
4
48538262
1298
12
6
19861965
5921428111
5
1
0
23066199
5
2462919
1502372
22239171817
5742037775212552
15743883
310986612639982
13479617285
192583988
54060
3908159307478
40140509684
17496
18491
11041946
57983162
1037253566226124
25923555
56898192
11444180936778
56
21168078
20
3974841237251445
16862289092
0
27457979222
4290078
75569400
0
33705
4042
41
51633394094
6003486396
3493626708
32450
11
17209357222
341
634398084
22
4034115400
30
65265
42949792
46472594
4763358311136
2345132374394676
10414497
14
13399240292
18
879309205286940
0
1836252
2116785
490232
76
18018
275
2715204133076744
57
13651336
8370372474191
492
3876718337167994
43050818
1113010490057470
60067419840
75
2579894396680316
36
14853974
1162889736
27
57743642
16
39865563720
26
11834103248
2511808277895823
3456
4809750
34
6
4940
6380179572
7360
57662225092
1
6465157087
158600750369275
84
42
228259
18917812898
3425312
9467379696
10089138788
40780516
34035385
84
3
3145
40
705299912
65
16895609
88
80
26
170723
71
5114371674064006
8
3977756688946990
17829353
14672588
56
19499
1010609290459478
53200964
10
11639084
51
12
52
87564148
4364948647742790
330147937308340
628772275893988
26
15801604
594
42
1852963
3380505513
57
88041191
64
34855996
59517866074
48
459
1
0
1634249780166916
16062068
67
5389659668
965247939
47523
2596750289835132
32688571
0
90
18660
24
15740198061
26732752280
3490
26492
1205244304
1978653021029208
6526378546
37132306510
37143126
2640646206
23
72
178876040
1309214596490924
975656554
442
4204959909
0
9
28310227679
138
7409924
40980172592
6848
2845000702151596
446814
18
14647420
14947168
4961064
61534593
375
60
50408332
161820
48620206
34443
6
21850520
24
11330256
10989160
44
162
5216684
30988548
13110171
27
13969125184
8003639775
41
10
23310914540
0
13790422
6
468
7715476720
336577
174
2094936832103060
2147726482420658
62795802
25446069
13857307
56
1506491
46883707200
7
12437549540
978040
26018646
31120141
13339066
50118199204
13025713
11
112
18361566
33860903604
7362400
406
18364833
52
3964015393832
11525090
2376
150
14168
22321184
3347008427
42400
0
64001277612
25435010808
0
4358661818270868
4658461549340604
6144
50
18226862
352
24928
14214449059
20753560
652
17566332
33
3428924
8357466546
4351826
10193491272
88
5860696860
37
1325583402148320
1292913738
251
108
0
22373418165
89
322140
47095704
78175901411
0
2344695079270448
1482
53622720
4582
188
517786156634082
575545157
21524575
610
468
266
17211792
584
31
75
3513913157839168
52
16450113
180342
16809143
51809089
266
20
390
1373668848961782
10602
120
12968931
294
244
1727896442736
52
25
3608
20
293153319600798
4543984144729470
213
67160
48784761691238
4
1205265143
0
39746044
3415017050043312
568
64877636
4
382
2835043
9
65273705548
26297578
0
49563493
18
5036147
15077185
73815574739
26163325
85195075
99
705974668
222
27454840210
19768318
148
19684
50098
56740718398
662547
75046052
19862348011
2732345668121134
5764252
19432700531
28
12232750708
8824684
200
3119354226
96622464000
66
458
414
55200860260
1372
52
19027400
9628185012
5318990
6749192864
12903553
0
5003880
322174644
1940724787
41597076
220
41680996
486
2863753
606
37
24406365280
14851562368
32376
15168512
5897201
3969009703
37514525296
4
33347370540
4
3040838846738412
114080
0
0
2374318497
4484406694908634
41
0
43174859
172533796
352544896
20
16598
12
12
10406
504
2538951773
69238412659454
82627804
104
8034803
13
240
45756241270
1892442106
19677885418
6629812
8029693830
37547613
78168445
32116
491063469668682
424
1027329063
42
3811108
1746278
917626347
54188
54
82
132
11588204
57636446852
5371304
11214
9087462
15171605147
5922959
6406910
7
26958870
96
98
9
348
72709136
17584391361
86
3322288760062516
10305168
31915826
282
39003067
755
1815930496950470
27126936
12434432
206
16508247
30
23918190
33
27056779
0
32
3279073700
300
58
15021350229
4898917335699560
2816
5353736170
788
49197012
3006313948
39479318804022
28151759
72
194
31215213
1023035958
10200
23
1603048646387211
24713701342
12310870
2
109
6
4222747228
364
65685
31591189635
20
11
4860
833506945788
5867252
66505757474
43664895
1376820537825113
357
28590092
29914058000
462
232
132
8370174
20
40734650082
9856186
12588912
13930792
25048798
4526012
536
1443733513837949
1
18924706788
38468814354
22870477
729444
11687834376
8736
30163351191
46087759144
19932308104
2854607830063700
84
51502228
5985501044
5908
39590477
3178169954
3528504
7361216
315
2851558677240202
32
28850969476
187
6807175360627581
51156305
120
4001966986420504
25882644
1590775272889000
159
7363767316032
14573713
12312
619
212
27671704
8002829876
23016376
22073868
53
62
2923717
1
15858796212
2359654160940144
504461565097296
18974393146
3054417993340
11635038
3054464
11011
24447489597
180
7265610
43591096
367273214309488
5
35
16
57016197360
295464
18022014
36
73046571946440
37647795
21443942
13920780
60017658
17682570602
35318910
14649042
26
158
8915915
74015068086932
16086370
302338
9
33422914
33875980
28803412368
347170
75
14839136
392833606295580
3492429
72
12925127000
780
25
555
3163726587854788
43926016
16612758
28
17739138472
316
73404
930960
14
5683021029
210
1
49848
41605796
12108486
32012878
153
78
15461170770
317460
3065837778
42083242079
5285064000
3633090
3
62
873275356130378
20144034
386628774361938
7105278
6162
86300425392
18377002414
12
567
5473762320
42369094
6
24585675
29288892852
0
9013630
558
17
82238212
4483107085
4889622
8649186
9509580560
1098497859312987
14
3293
0
30879972
175
9512057264
53501859
47
25205680
1062661927
54
23233452060
5003370347
0
15066466310
62832838618
11257004
0
51294890
25
6784811756888
31424815479
466354279543664
2390080
42450445840
60637227
15223715
179
18
26962046779
39791083
9
59862857943
23448253212
286
189
3161796265223232
53905304928279
610729782304976
2585782556344824
88950552504
308
997411377609844
840178799
1801441228713548
8646897968
9747995
6427799
71213071421520
1532640786755774
60703201828
517784283967732
13778070
24
26469714
39121995
274
22783970219
25
7268
23573332
58500
4
15128
24174286
4163203219910
1788090120
8851436
240
13345074
530
11220037248
22573248
6821687823
6552674
49290
4
157872
0
5851692
8367575728
66
16951394166552
6025027360
1842294262
16
14
8517166960
57873596
12634286
3128561545391082
17735561
2
44252
4937825
617602705743704
15
18571992078
66926776
1376160924191396
23
25344
3560859
23777525
14702535
40
293
569904788697424
13780
12819305795
40
555
7551311455
32144184946
4536294
0
81016
25
22
5414260
11541750
134155983
13490748
5250
18455897840
4873464266121248
50
7807785099
6
161
3060917
164
5966750
29570163280
9
831928226824446
238
2
196
17134556969
12763748
310
36358827
24
8
34174888
66
33695887
0
44694229
5938839
31874562184
562
8793826
29150012445
42742
254962
30
545
16169492
2961575
6660
97825
19429697
16211
3054615682424232
3673139248216104
11181191
160
8774788
19006
75690122
27078558575934
18034011
286
2360
366
3
8882095859
58379765645622
48978020
40
48
58
250
257493
2296589581850468
36413247
23250533798
16975554
34787778304
54278636625
595020
130
510
1365789075594750
57339511
6716481
5039294
16275806
33589056
32010777661
126
2427188381
4
295
93
1897625677924572
2
40718024
1680609352
16504299
22611465
27679603032370
19872552206
14581243
48
10
85632406812
42
58196996
168828
456
22599906594
0
5299157
22
23
11
24727639
17305294
111832524
53792497268
14356900
3420608614
41
188473825558848
556
28349614
39935
4
29078371144
510
32025342
80
78
4
11887458
1574552
2232
1728622
677879021202990
12542720
851
116
168
113
2700
175868
80008304
3087367
3823063473
2249418
316
1395835548539604
4
48
10
35311933
0
57625400
31178142
32834830
9492
38
16
26516627
325025472
45
32744806416
63
42583
23059287600
22236128
37829780
38211658
24466750
71397820
26
38154505370
45964322951
612
42324363
2457617214
1594773560
175751712311508
58
956941612
14940406
0
28
48360
22
65406
226
1031571
0
48
87609010
488
3316959588549836
62
7948189065
5453
34614437
28
133
9498885
12076884
482
2615474
77013121722
46
3312684
264
25886286
60414116
1527968839356978
36
353
13086317547
28393295423
8398188544796
11470456
48900328024
0
554656362
70324920675
42142983
18901788
245
248398520666292
21705740
589
29881105
6694957269
12
682550365173550
32869981381
207
33252510
3521856
2227039118
1597834321
68
32241779
357136
0
16433487
127986
27697725
2411379681170326
1457669310834341
154
93934123
656
4780561
12008957200
7014475
8
28969
10
42551767664
20114916496
106
32
422
70
12
17501056
324
10860846
10078875
3329487
21436016800
3548752
80875
16
8
5110
508270
14957005360
63805932
36829201855392
161360726
2357090779402940
31032148
5248401
7817570
60
1443546
26
29429920
0
36073915
0
646752631744436
66331920122
8585051
1490675470566550
52
234
67040304
6765
116864
51987411
576
4593052
3240
30
9734667171
34892933018
183
32402173
1489213158
63
334733
0
599261238
5813798646
6265981716
22594363
28063379258
112
6770442283
594434061
32100
81531182645
0
69168484
0
751
2249318
40
9463455
1134373731
43235584
56813490799
40
219513
170
6483582369892194
43434459
3886784
35
75905
11
39
402
81
60469908203716
1732107112866
44
978041625
50
5888997
63
88
5023344075
75
453634694310904
6366676
46834040
1222262173258920
13080204
2958565031378393
384
26212017
45620600975
711318
83924685
3008040339342688
40
15539685
29067165
46805057
16
83741415
496
1952399110722080
35621177
52572400
1412683727850518
13
23424135
215
10234
29884718
15
32
76
72130726836
18315064
88
16
3
18962307
306
19082244
8
268852921
81
60
18767421
43785300
210
0
4965895933676592
0
7717948315
48
0
22231646
60096053
68130024
356
69
12954405
3430918512
48
86592625217445
134
49
52
10764969
2377449939974886
2505866953460544
34045
411985456
34
54388832
28
63
459
39679747404
60
250
37353205000
4723000
71610
23172282
646
269797103109336
114
0
1462811450
10716
140
68680993
86864372516
43443054
5810
44227534
1381179712
14
219
51883468
32879278370
28243266976
472
6
260
10
1376397834624
53668648
579
523
9892665
56555226
3697339090795618
764405121231488
111243168
5200998
62747308
21
8
39651570
82
14610415216
912224498
92026269
3483763660134364
40060941
931696
5264635288
54137161
20
48040992
2923
52213491
7068352058200
4532310
21
316
13493745
6873272733
558467711
40634044836
6436397528565984
2268882
151316550875254
7567113
0
8010
378
712295848
7055699446043868
22542156
7738925896128
60832314
4955590
43184413
155507706845195
1230661666463302
395195035
455317
14475166
14563220
25899688
10040
36054760
2964254664887292
17588974
2391408
15863784
3090
38
33492624
32128351821
716675010014
20
39965101
88
28377548
21
30
28019474
62607742945121
291
146
97
3664071994127576
314673
16
60319148
5
37070755
9295974
57992927
12950935287
41
12879782
112355
768
41052116
4142120144
20938441984
8
7325683419
8172607455
11170872571
37531766
2008205
54810
8
46429827
420
1040846711237602
71469368
28
131
30
36
8791343065
51348024
3649035
1933708
87
2837022266495978
22961400
21696374078
400
44256198
34584577392
15288
11743284
0
1832043349
559951392
107
7769478647
22863933
0
0
4050810520
45650340
342
723
17105207
12270226
14847
13
0
31303132
88
14
5505464
11
40553561620
2511419000
21313114635
230
9162567674
76874
527
10986810932
26
9749086781
71485960347
0
0
9755440
11
200
259
79
242
86
346
1974149580
540
164
7547412
42972578
179
217
35760
8811249
17966144605
76
5
6843378
1960383598936610
57
22
56
36
4108281
1012946
3294
18111890
18
0
0
20836550
25952522
23165904
4929916752270840
534
9
1
7508022
33519933389
590
5798728
1930694830604490
16560266
697
402735234038733
18509960622405
331
14263858
13740946
43407379
60591802
50
19243924
149925
60144240
25
13699387
2834207
1091877066
302
72
3113886
486
5378917898
444329978083574
421845
1652177994404700
343
72162015224
1
3051505676524986
22
17362511
127
12493382
2055483
3381224
7691695644
2456106595
88741960
21
462
1938550448581968
57296491620
45801200544
3915
5398094394
6298411
16
6
19643476664
14130068
85
172
6544425503
57330814
4816563633
29339910
512
13
29767525
2158745461074
38
14269391
3356243
44993816
77255121574
381150730931720
7546
574
26
14
546372
24
29182190
967209978
14
2886600299095260
20
50
40173636
511382863530286
15963833200
19215267334
928
30
889787035555803
31838142
120600
70145873
42242562
2287867464
38930168
13098502
10
1914352475
34121260791
108
40445156
156
6
152
10
5890892
1132754297
2033972047258884
17908302
69647644
344
35967010
29974791
145
0
937000764
4423356
0
15
6389494650
148931260429644
202
471121
3402396
42
43364206
288
24
50450684333010
2646
72310788
48
2
264904720029778
2640596503818
23798151349
6010341779465592
48
36
2381406939
1050876670
1143963364
51370822090
327
4544
19008023
5349245126334524
8
46759380
887210
4011632
17432811
64283025
60898750134672
272
407550
263506
6545214403
308182548587914
765889640
12912346
10
10
701752095522736
6548870547958472
14197816
48
55
141821436
8311937082
4726009908186082
162155
188709545853982
6
187
64076706
15
5853267078
18
23583165
650
7048006790142986
2
830
3008519452
67364182275
671
92
32673980
4
8047615
648
35903932
5290799264
26642214
247
1692
1310189498626201
272
230
841092748699328
24
180
828204929041274
11403616914
8403480
5682501209
9669562
171508096
8
1117611025
20947209
9733836
22344860
894975520374484
20146124
75
22737
49286470
5263852872
9
98
40623063612
5007590976
2126864
375722619249410
982509
16307279321
434
42
26898235678
20275028
772
17749975104
25721372
53717635884
50793689
25080
12
13336175991
841
8225910
66
54
3658
175400722550004
41727420
1110504933039858
90
9835393
0
184
24103926
49074403
35
78172101
6613048
65
619
163
258
9925351
374
20560451068
39533372
667559388
1592382089
31413822
8
3427652747539321
6
13378020
53973867616
55026781450
33766038738
1172930879145930
40
123
1585012
8658957
38463490234
25625431311
187
35619967080
66018780
5050262
46
7135317196
294
59
68438196
2565040648
25124006
10916322
49
22
67890302
32620806003
18266679486
35265693133
10818898794
1421055447
41
0
5162
0
47
60678200034
17718579461
56
5797070282901356
553918125
384
9679981
17511381867
77150354
10387
0
43409108196
34883000
33048
1312781480
36
1852124054204008
0
546
4389625584
3173912850
73116057184
59460
220
18645418
789218
2581866328
14188076
24956422
28
2968764
1
40037860
1253601943800540
2531672663
2531672663
