GbMeoWuXur
JcnhaJqPaP
jMIZxHKOqL
OwZzsehxOz
DKNwmJMUyl
hztqBEnDNx
dRsjJIaswX
ElfRqWdDlP
MbxtFZjMsZ
pcrMCsshJs
VentClqPzc
HUWlpAsgbl
PxggEuFuJd
tcffdKCwda
alsrETGEvm
FgnleRUYaV
DqTPHUYTWj
MqGnSlvstz
kzGIjOHQrK
ELjLeNETOP
SJXPGmYuCu
GnmSmYDXXS
bHJIKelqsC
ASZvvssJwE
QHqlAkHYUN
vbWOnFnQdR
kBNgiTsmHu
UcDSPIUmPq
vVgylGBukd
rxHlpYBnYF
HPtFvOcSbc
mszVHBZwtU
IJVauytzNt
HofKTaUNUW
oNVGDaSJXw
XMcEmyGFXx
sFbzqeQunO
JHPNQgQkzy
QXartimGEh
BmMZzdKsUI
tVqqgnDHPA
ilwqwheQMS
HdafIoFzRs
CentgIJaUE
MgQwIOIoLM
HpqRxISgbO
