eoZqkRewqf
mKuERPZfrw
iGEKjZOSbv
CeNWrCcdVK
aheBnePLHj
vNjjdiHkWM
nyGgFvdvSx
kruPSuVAZe
wQIDvRnsjS
vkmLOOqkNt
dtPKEnqJsc
dDzUBCRmfU
hPpviNbeXJ
ylAUzEWEhG
zPPEDPJgGL
dwrKOLqbti
ApCWYVxTdf
vaYiYPlABf
CttvPkWPns
iYSWCOvHuR
jtogRKdaHx
wFKrKQUywj
cVCYlwwQJe
FiVnXZvvxj
JrEbLsMine
KsbeeGMsVg
TsXmRkmyhn
eqdJzPaerE
xfPPexuGfr
KLrZtZvFpM
ZsqbawDCps
CWrMtCdNcC
ceRtbjFGyT
xONmyIKssE
rqnWXlFZFy
zoXCOXptOc
YNmIgQEgkg
EScmWyEPpY
kMSIKCQffB
cWuyVdjoNB
ZTRfWLKwOE
AtSHwnUOHx
nxKzmxaQdF
JRHbYoIJKl
cWSXzVFgVa
bbYjmcVKlM
RLJlialVZZ
PgdmfbFSwy
RTVOPFAWAK
ypbjgVRjeK
upqMYRDlCH
ppHFQenUpI
cdTJlMOZlW
UzXvGgsbqY
hhZvYDnVos
BiJQQMiIpj
gQKUPaVflI
CBrAWgPIyf
YOVwcrzukb
lEcnDGawZy
fMklJGmJUo
IeEAaLHLBv
WNXjWHBrbV
PKNHCGDHAm
mFVQdkSWdk
GbfmwOWabn
SfomDqVujd
EZMDTmZVvz
VNyPDrlPbP
nnVjJMdbuP
