ugbiYdQSUQ
lTPxtDUUkO
ciUCmAvVfM
qIGIBuzTOy
fRdKsPUbzp
erWYGqyAgj
XocKNMGoOP
gGlNwFshMF
gRCixHjaRD
OoVVaNQzcz
XZVYvSBUqe
SdxLgBlidj
nJIqdkDadm
ijiwQtPyWb
xMkmYHISAk
TmBDGvuSVQ
IqXTJNfoWK
ocvIPoKQOA
tJeQcBNxRz
kqcnHRJugp
mdKJcXBtqW
PGBViBkoxL
deVjyvdZwn
FrGyzyArvD
FKXeMSywaH
TBisfDaxAG
kHChYpnhrJ
fPXITKUttc
JcZSnzyNAb
KzONErPess
gVzyZtKXFC
jxmBQDQFpO
wwNsWmuBOr
qKoEiqZVjN
xxQnJLEzPh
CKxrmwWIBn
ZlbldFKMPv
vBLaySYOlc
lXTQuuajUE
YMjuLWnVFX
SBrXkJDYHv
sunderymFj
tbroDfSjIs
SfuLxlOQeP
rTezghnWCM
hFyXIeoIbc
QUWcsOZoeA
frnUyIhXUP
uJBRadgSlv
wcTkUmBqJv
rehvRlkSnN
udXrRIGzee
DhietRwofM
knXyDWqoFc
efCiPXEGeY
NZcUQdbUAW
EOoMPWPztM
IjzPojUFXc
VfWbvAGQYH
RUkjKGiwhF
QOOvHFKhrS
EknPJEnEJp
WezYCyucPq
cBKDkeWCDF
