xSYguiJTby
nUKAAlFdeP
yIXWWQQvFB
QFcpWZRxGv
acCUkkhzKC
PfKpeWLJxp
BfzSbsaGSa
HhvZNFEWFW
TLZlkLmNFf
taLoBMkpRw
yAwNplxLWk
CJiBbMEnYK
GfddaqcSSd
adnkOiDqKj
MgGXonxxDp
rWYFiiRGtR
kSMufTvbCg
fyIQduvsJj
pMbzyxhwiA
XIokHORvSw
qKUKMYCTPJ
GsWqvXzEfu
auBLDqQzjt
fMrhjGMMKa
HwoRFkWrYG
SMATzdTELD
eGGiGWYKfn
hLvWFxdSDE
pvEMyJmCQh
xBbkOpxRSE
rtmTdfZApr
LUvDaCHNFX
wBzZflbVpo
scbiXpjBJf
vejAHPgDCo
NFxCfxFTdM
fxSUJgMrCn
VAgYJYYKuG
agtrHPYqXZ
ENgVCJOuse
dceRTzauIJ
NLECXPOVVB
iyEiaiJgFy
vkZmtgcdWp
ShUxTlXrPE
cUdZDuNbNW
