iMIOYYHAPx
jUTFHeuCkJ
ZfhjnihPjx
vxvVpGgICf
wznSIIQmrX
BoziuoYyVQ
VvAJvrnJqb
UBKgiBqtXy
ikpwEWTARW
BLQGMNrutN
ceahdpNTLp
eplbDkhRWB
JuEZxnroJj
pSBqYjrjkR
fYkEeDRdPB
HRUBszZKKM
pFqECfdZFw
jyFlITbpKN
CCCmFiQMLR
aPZriEsRkN
SHHQtZcInJ
ByPbJbNPPI
EaEfpfudHM
ySqwEQOiiF
faYHGvjWcd
ljtHvUIbkm
uvQNxInJwd
RJAaCrmvCk
AFOcNkwgOB
kWGdMhEDwI
aLpCJnArrm
PvjCmZrIDL
zhStjpdrlT
yKOkknegvy
NWxnuOEZXW
ZSlMBPMnGR
XrnPKQOcGW
wkrBHmtdxe
bZsdbiXFDP
VdkcXoSLeY
gZcUjzwVZO
DGOBultgqK
zJpBVfHuFu
lwwEuBBTsc
rkMkReEFRa
PHxWzBhnZB
szuRaHOBOD
nbhMNNmqaz
sCaHWJdRLY
GElYcdSPwk
ghBIxTxgOh
ruqnLfYOKO
RefOXIbsYs
oXnZDLLCUF
wqQCDFMaiV
ttwLNnFVuq
XtarLvPqeC
pVYNJWRNki
JQRJvoJcJk
