kaQaENhFEc
ZGykoHSQXW
TXBSXDDJPj
OqfHiDbUsX
OKOUPJRJhJ
UMzffUzgnY
AxsPfSvdXo
FyqpIZaQma
BLaJGnKKgY
GOcWPNijvK
lTRMwiToKI
vuRFoTxFZP
caVNrqeUhv
NntvSmUYwy
XZvCChiAWu
uZkYKBtXOa
riXPTTkrWi
YWMeLGWcmL
eLbNxftknu
mxOmKZYySL
xXXEFbIsfx
vGnrxYwnbe
QrlyrQnTRR
DIhXsNpwEe
cOGXoJZfuu
JYOEfPKQjl
kNDtltaEZx
YSTHqHELjE
nIRXcdfQqw
EgOSYShLfa
QwYDfyumxz
VIPNOMEaXy
WRilIFyywN
yOZJonEDYf
SgnClqznhP
cAmQLjawFw
hsPbqmRzTM
SwsXOUjAPd
OjblOxEhTi
GnwCYlUExa
lLiEieLyNO
gvifuzLahj
iMcwDMvGFs
hoyPdcoZSt
oDyxwYinzB
TXplNNFBcx
mRvNPBcTiE
LEDfIzaBfe
afFidiHXoV
tOfiAagkSI
xhkWcxWyvx
mzigxESeri
ZuIIfahDGd
XFtcxiwMVx
xlYaPMDwav
GiNsmlEuYR
JwhlyIzppC
