OPqdCExzMC
nuMnPBxnse
WcEdXuVVep
NXseWmcCDG
gCtQoQKNPv
ohXpOMfThF
dcIzTuOMaY
YSfMRbvULa
nODoRkFUba
szRKzwqEAl
SVrTWwiCoG
TStqyiZcpv
JMalERJmuk
odHNtKPzbU
QFvDSvoDOs
CzcuIAQhXG
COhhHcBuXy
mUIIgWYwhN
IaVIEqGMlu
SLsjrGPjaP
SUDZlIHISS
rKqjxcDygH
ClTNuuEWQD
xgfRKcAZBk
SggDMhHkPm
ucAAfkkyWr
pEIcUIZeBq
AWDHtXZRxF
FUxqpTtYqq
oDHwGwjSML
cbIYJBtJHB
HbtWZfABQS
nHDjiElIlT
FZwOqdSQJC
FjGfCiCUEL
sgDyBPrMei
BNvvqUKBiF
xPMQKAXZsK
PmBvEzOTRE
JrKdRitCHD
itUNXLcohU
jdSgcOTTqQ
tmxfCYVxuS
ONMlfGXjpE
HZPChWoqfI
csuHVaIsBD
NPbQlsJVbK
WMNxWWoxde
GbKzQCXFio
bGvpgbKXKz
kFMJfTsQMY
TyZMRaLfhp
wSnjOdevAO
WxFcjpGxLC
BsImjycjLU
fTDECIxXFm
UTfjqDaSia
fwMGPeXaRP
eDHCvuiRVi
