UoiVRLcMCT
AOEyotcVus
fEyxeRVWRW
TlziqXhITM
nuxBiFNRoY
kRGVUUEJKZ
GHBfommWDn
mJTMdpMeeF
WxsErXAnrY
zlOITDifAf
wVEFfcnHbG
KxpxEEpPOP
zZAebORAbd
TppnZFpeNP
yVzbETLuyk
elwVYXteDO
DfYhspocWs
UqmkXzkxFr
xIPOWMtkUg
FSZkYsTCGy
apYqsghABY
YlFvlIgIMf
FFRSsqBwia
JGmdUzUQjE
iKPRVXodFv
oVTVucdycB
zuakdMrkSn
teKZthseGv
CIVLCMEWKD
wErhSozjOg
DaFzSjvcSS
iEIpRCwGcr
dLRjwzKPOq
kPDcSTIhQK
qKqySgSBwA
QStrJQwmth
FwvvRbKVXh
IhjxIdLpDR
VrZaFCkyLB
ussDjzgmfg
WoRqlNqeWq
NOjPBKyyKC
NwMmxobvFp
QGVjQChzsz
zredeAFMvC
GnNinKrxTW
kfLSMpHplf
pwHxZOYFPy
JgzJtYZxZH
gbiKbegevG
omuRAtKzfo
PYzewpzWLa
vVjqfzOsEo
KwDmhlPAxd
YxoPrUGNkl
zmGXtAqzcz
UJmJhUCkvX
DUlOtnVWnu
xWBLPOsPkn
tVcicPDyzv
tMwsFlhrEY
ZGqGbTxUyW
qtoLVSiups
NAdkypWIkg
uTUEBwGszH
ZOXxWNUlJO
sWUOItAanZ
MiygoWNKGs
dBNhXsCdYl
qXSpFnacAD
PikIIpvuth
QIQWQGMYNJ
rftRFUjMOy
BGfRXBFqXf
QtpDQfwKjF
wCNUdMRrCR
chvIrluiOl
oSxxqCWhpn
