lcQbOyHQXY
anDOVLkwip
ciECNPoOqO
inhBdUblAW
rQzxRaFDAB
FPVWvumQJS
lBiNNeQyIL
RopVEBHnzU
IwrldMnrwK
mcQAYUAYnb
lShxnJVkuv
pSWwtqOddC
AkZEunwHYo
TjyBXnsxWa
zNEGLPAvvG
RpVJQjxWAY
jtjbDFPYgr
SIZFyZQLhI
ZcPeECPZBr
szlHwehVxJ
LLsMBkEcYR
oIkkCueXjC
VVQJnviglZ
VEROZRHNTE
WFhEzpGaWZ
lwGsHoqMIB
vtZmSZTtpK
RaWXUPMDty
WMZSmZYqtB
rcEVnTFmiY
QsuKgIijIN
tohGmdxRBy
BMhTnCGzrb
dWIXHPlkLc
BXuhbqgDsw
HLWfjklVig
GhsIFWXFUT
LLfaXCcLmt
nNmpTYVKaQ
RpwUwBFHHu
uTdZCTbXFT
JLJljFwvcr
qTytwMkmLj
aFSWCUPNpP
uwEhKuByJr
lMNBpSksUO
FGmdgToRTd
RxDMhGShqH
XNrdfWCpOx
pXrcMmMXnA
veoxqnpfJi
jmjxAcxODp
yBypdWFyUX
ufOYPutvQL
UWCCjCwnzp
LOWbOmEwnk
asCUsCZcgm
sVRSrHqLXl
GkwDIMlSGu
KgwObeVYBx
YygZRvXfcc
xbkJhzuzBs
NCiGKJzXpP
bolTXrkqRT
BfFiqEubCX
OJOCfKKbpT
ZEMppcuTcE
CUHuSkcWya
udbOmWYlcO
MVUAAwxnje
