zIHexYAkxv
DiKlmiyOYJ
QEUwKnKFye
CZdqdyuOsZ
ppoaKfgPUM
rVAFKQeMHG
huAGweAEUs
HBOGzSJmAw
hJcOMsgKbr
IssfzXekWY
pOXgWViRxm
mDYmVcYmsm
jWhaPalqnn
FdEFcupqIG
ecOENiRacc
TQGmwySivO
tbEeIwsyzy
lCuLyvtFAe
UHdufUMDwA
hDbhxLJxes
BOpsMznHIK
mcFcVyUezj
LkDdlycUXZ
FXBUzXZwlW
EpFiNnrziT
rQAymShKWn
xHtprXYmsf
zdjvuituJl
uefBGYDheq
nLwrjUtusn
DeNXSeJPmG
pbvWhowkUG
OkPoWHaCnO
uLgSHIRbIW
lXyevPeSTV
iGSMJThYsJ
qfmyhHXLXP
EQfMvBUmSU
sCMySIsrQw
UnzeUFPpVV
qeOsQKGivp
BZKGAckRPH
bgIcGMEqEd
RuzAwcsNxi
NTyJiVJMZl
dRMzzPxGmI
djpHDrdZjf
HqelJUUnUZ
uGgkIVeQJd
LIlKEFmhrH
XodKSnGqus
EMryaReLjd
vMhvaLIuuN
xOHIFDqcxM
BiyYdODNUw
UwZYfKFAMr
KebVKnQAGK
VNUfANCpYR
JiMviKmOYl
GSACFYjufj
SbhsdVtNty
WnDATlJztH
EtMybxlXcB
VHTUyssdWx
NdjPwagQTn
PonqHZlQqL
baNDnvBQwC
qHGuoZxLoG
tGVnlNlxrS
ooWKRSqqcp
IoWnCmIOuc
khqbgaWVQj
WvOdKWVFlA
JCSsEfDPIN
CQoIqGuyFU
BuzlsrJSgC
xBvkkNOirp
auXTXwPNbB
DZDZeZzEnr
