TUbXFSjHqd
fDFfUDBlYV
mYOBQxZbwP
CeiJhZMxOf
JqddJeWzUH
qbHPacbzXX
XiJdqcNVrn
lYPmscITap
grYZDRwzWF
fshcqJMKhO
YfRHJcAmVe
SOmJiOvSIc
GybDwvNbOD
AmXghDftNS
PNzyPcoqJM
pvOeuzGWSb
tjVzaGbyHu
RhAuTjbBOx
ggFlRVAhvO
BtQqrGHKsw
obWHpiQnnH
rjsRdGDscQ
UZYkpKqbZV
QltYFoehqI
WASWRKiRVY
OIxwEsdDEs
kWfYMqUioR
ZeUbDIwrnp
AuSybtIICc
ZEAVYpwFSd
wHpHZJxMUI
ussAXvKLmD
MWGQifRpHl
AaVTWoJRNB
SjWZyhnOpr
OPeaebjVsz
lcBRZrYChD
TpxVSamjhX
PlTYjJACbk
XonpwYwxGN
jlqphOIDZk
vDDINxEAlz
HQeExDvbkl
cWlCldjUgR
udHjVKXgwZ
OGMrCjigSJ
qxnVXTriia
ZkgcdKUYWl
OFjfESWemo
