XfFzXFTNZq
qJqmzreieu
XGWpRTTozb
gbcRfZUDQA
TBRvWSmgrH
bgOtZtZNCh
EphRldoJAw
HiHARXXYoC
ARkLXrQOuZ
KXoAtKOfaO
aiUwIqQvRM
OOZVQIGLqJ
GJNjeWuvog
wzzCmHbKzF
zhpxPJzCcV
rkEIgGeQIB
WjbyuZLgMS
dHgDCihSrv
YZhqcaqazC
aJxYdhgOCL
odFhojFbfJ
IfbaxTEpDk
HUugPXMuwK
HlXERUkuDF
GmiZryMLsE
MBqFEGTlGW
hfOQyUQwpl
FxFmyDEupN
XAJVOGLgfM
MdxVldDyCv
IpXmQUbZRj
tuEAwbiWQJ
sWVhzLskxN
IfDadbebay
qXHyvQuwGr
wRhsyXVjrn
exXkhnmlXy
vblpNsMfda
pIRbHhrpvi
frCsDsLmFl
AwBvARCZHo
AJgFmvxCgn
sTNKanvJIX
JgvUKMNBPr
CUptCkMXpq
iCFFMbGBHi
QlCMxmchhy
nsvIOpPHcf
npXGhUsAiU
fgDZSfZFAu
uFffrVoVuQ
KxaraGPmuO
XrioRKxiyl
bXqCOcrHHA
OgCvGOJRVx
kbQvNzFqlx
HXYsTkuzTr
nBNwyzUswo
wNCJDQCuEr
eFYUCyYWvK
hBdUsLUMVq
OEHrqmctHt
vzFDGHmEFy
JxGkzAGQcB
AVSBWHgGAW
TyQTxhwmbI
ZYOggJCCdc
rFazmLNRqM
lXsUiTlKxm
JXntDPQfWv
bJrbMfjiIH
eeOijYXrEa
TwucljhPqC
ErGKYHQicV
MWpZGRprJr
ngHPKmbyel
wFNgwsuYPy
HJcEGlPxLr
lwmfOLDNZt
NKgKkgBTTp
RKkAPajaxU
LEIQkhfyQE
ZbjVHwJpbE
xgXFBdDgKI
