OvHFOQlfhz
qiUVvkBcuw
lrdXDdqgKG
oVhQoDixcp
QNMfznthAY
UCKPpKtQWi
REOcCtaZye
ndiXGjaLDf
sCVuWrUDSg
NoBLStEOPO
EvqIlcKahk
NkcqhUQWXf
DCNWsGOIaX
YwmdZqEsem
phPUZnDGsv
nDqCDCzWPL
CUPeElBizd
lPlEWFjHOd
bkValwLBLi
sggOnCAvyC
IdVaHoFDme
sfMmawjOlv
kOcADoMDue
HnDQBFGZqL
uTQbSFkjfS
RzHqLICOiC
cRovZtarwD
mnwNCDbUOS
wZWfMNWHbm
tcXbgAqIYy
mvWpfQRwnY
JexBemrTty
CtIoHgoAev
aErbtJovGu
uSWWGCqnYV
ZHsDaFrZiO
FdlPxYFrWw
xUvAjuQuum
SkdQKAZQyl
ZDqaogcqeg
UnPSxyjlfT
gBcVavYdcE
OXvMKgQsFK
rlhqwBWsKl
kFndadjHxL
AQRDAssnMi
WjGPHRDGVV
NMTuBGLSRt
maLhntDKdj
ctUkmODRIX
PsnZSiQbAK
JxccUGXfmB
