hBCFeHchgK
eYpcLlBfeO
oxNdDCRvvJ
cTDpsQFmVl
VazDQJRKhT
fIncLqXPvn
IwNXCrhPYs
JZhcmBXHYn
SvhSKThBWE
RGAUATjSPi
CATZIsyTEn
rVTWUNSNxD
yWYjsCfnCA
pibYVYJHSL
TUeBjCSrWx
HghycdQZNx
WYmNxzQeMl
qCjgOBjSSC
voAiJtPwEH
rqJdGfVBKc
KoEPKEDxvw
EIeDlWRmTf
bcnXzTNvXw
AkYSetZVjS
tFtOFoepxF
CIuLVKXWhr
OXRhCOufMU
wpyuWpxpzh
bebzHGWOfT
OqdQEypObS
BUXuAOKecN
DMFSZOXKVO
XtNUbmJsBz
ZYQcMULfiJ
FpMGmlddLe
gTcYpiPgVC
YlwXtmVJKg
CQSSbTVjXm
gCOqPKYOuj
ASpHmrDmVK
jTzTaREFSm
QVxtMbHCJO
ImnoeXCipJ
tzlEFNtwGp
lzRthzQqvN
RPUdbKbHKm
xTtDgzHrWT
TosFoEtBGH
KRCqDleDmK
ybSFtrViNQ
QoUSngaLdf
nRFdkkVFti
FMZgcYRyYb
MyxEtqWjoc
jXszaVvguj
uzKNcsSdGR
DVwQXEDrii
hyMNwpEjgO
zLwPETtoPC
jXxQIoEjUy
ZWwBvyUOgu
LxayQISfCz
IXxeSqRZtG
DjfbFhXxGH
TWgnzScDNC
