0.0092462816141246365290881325439825952346087065665334811622701504
0.3
0.8783783783783783783783783783783783783783783783783783783
0.0787172011661807580174927113702623906705539358600583090379008746355685131195335276967930029154518
0.00164715150213055466036452178894976187918501808285888208543703226
0.023529411764705882
0.0120569333640555098018191482808889051118203573
0.00024783645473300645714438817
0.0699115044247787610619469026548672
0.4553486867940218521
0.1311280241506866788
0.3664321379936450
0.88101456975866215498196258284627646186973908666349730137867390027685337956877988
0.944897959183673469387755102040816326530612244897959183673469387755
0.071806102465834193181578891953926172376760
0.78064117044397007613519312712119496629561000665527078115205222592573159651
0.8035714
0.96994072819644369178662150719729043183742591024555
0.30000000000000000000000000000000000000000000000000000000000000000000000
0.0454290
0.11901550910316925151719487525286581254214430209035738368172
0.30496391737517164811406199783796418032547404096181377275250533204779852163496654687819557
0.015209635451594731618337401754338903940556345
0.0002296397357792216563779059557740885328722527658079941644490672574261438085074767996
0.094987883869
0.1627083444272857979658
0.071789407214460494119504301839134896203330965348488436340674086352
0.8095109011346474073500367889091120319095380
0.04761904761904761904761904761904761904761904761904761904761904761904761904761904761904761904761904
0.00345743328600873745018206280482319765645472287733542969
0.06236323851203501
0.403846153846153846153846153846153846153846153846153846153846153846153846153846153
0.7894736842105263157894736842105263157894736842105263157894736842105263157894736842105263157894736842
0.58
0.8333873581847649918962722852512155591572123176661264181523500810372771474878444084278768233387358
0.010002026161522849263885216232644552887967004474726210
0.42083825831389962623390729323068076542184455164041785132415423441842634
0.0835164835164835164835164835164
0.0108356682746468702157774632427279817441289465322510759987290216355180681
0.1661237785016286644951140065146579804560260586319218241042345276872964169381107491856677524429967
0.00047719553554296877920175029840295238261363608046787589427440113829201376515
0.975351689311049657328363592641577
0.0457018376808356141428810813
0.00548151332760103181427343078245915735167669819432502149613
0.8288288288288288
0.924050632911392405
0.32608695652173913043478260869565217391304347826086956521
0.8
0.292929292929292929292929292929292929292929292929292929292929292929292929292
0.252493019545273234942161946549660949341842840047865975269246
0.0020693619467330906303
0.8522727272727272727272727272727272727272727
0.39279935275080906148867313915
0.0024301032167551858903697765307145004509469886762200621304739953903196713097504759995991582
0.61538461538461538461538461538461538461538461
0.080852305896088733216579100992410974897840046701692936368943374197314652656158785755
0.062134277794887588543270711425931
0.68515062649960010663822980538523060517195414556118368435083977605971740869
0.044307
0.0020907810386265695385173236143200487
0.023946850170903411277361522964438508726260271181836702356429
0.857857738591683545811986178
0.0243250467789361133386794974605720395616145415664260892809409
0.64168190127970749542961608775137111517367458866544789762340036563071297989031078610603290
0.0000676509122725519953636574789211032510773407779
0.64990328820116054158607350096711798839458413926499032882011605415860
0.7119341563786008230452674897119341563786008230452674897119341563786008230452674897119341563786
0.00220264317180616740088105726872246696035242290748898678414096916299559
0.0275
0.10228119874757715819293275682123154912777694945579245564335768599970180408528403160876695
0.20312500
0.1860465116279069767441
0.67681431250901745779829750396768143125090174577982975039676
0.0175233644859813084112149532710280373831775
0.06409166578117805405
0.577017114914425427872860635696821515892420537897
0.429090909090909090909090909090909090909090909090
0.0000076432147
0.56616415410385259631490787
0.5105953129208943162431534524557780371733860105953129208943162431534524557780371733860105953129208943
0.000500911296454996439305242066892780842
0.66666666666666666666666666666666666666666666666
0.10272429332240884883244571896763621466612044244162228594838181073330602212208111429741
0.83410138248847926267281105990783410138248847926267281105990783410138248847926267
0.6666666666666666666666666666666666666666666666666666666666666666666666666666
0.2282958199356913183279742765273311897106109324758842443729903536977491961414790
0.196525515743756786102062975027144408251900108
0.40385022212819970382906706156124391791834144277554474296594034271
0.273600000000000000000000000000000000000000
0.3240931689926941953223666330951353252441929244001087078157722
0.2899168977925331738650774830135376176679829671406035
0.76271186440677966101694915254237288135593220338983050847457627118644067796610169491525
0.480169971671388101983002832861189801699716713881019830028328611898016997167138810198300283286118980
0.2116635687732342
0.55765920826161790017211703958691910499139414802065404475043029259896729776247848537
0.000975887447647704631399
0.0200
0.0018287836879
0.073916737468139337
0.68827704034695755026941779471678275726113812590353528715994217374162176370088053620
0.000109
0.0007290258994706306709070403072577449476219022749672319369227486562553978398479968298
0.0010637313847
0.029970149253731343283582089552238805970149253731343283582089552238805970149
0.187853834276891405043746783324755
0.00335137922144882701727249291054395462748130961
0.5294117647058823529411764705882352941176470588235294
0.000108541657145468671450116539463461450573
0.51
0.01
0.372307692307692307692307692307692
0.02034472588439931909438624440610028262692085285053750206106320671244742837369920785503120043288
0.590909090909090909090909090909090909
0.1038696537678207739307535641547861507128309572301425661914460285132382892057026476578411405295
0.247599293231927479449950065299224091572558961358223861104709226396251056310977951909042
0.02150537634408602150537634408602150537634408602150537634408602150537634408602150537
0.014868076290293096094083236853330083480592285
0.7586052749217702279839070183281180151989271345552078676799284756370138578453285650424
0.500000000000000000000000000000000000000000000000000000000000000000000000
0.400000000000000
0.01343363782912412681354110693175711982804943578721117678667383
0.00001546715978263484
0.0138888888888888888888888888888888888888888888888888888888888888888888888888888888888888
0.0800293734475535766817
0.8989361702127659574468085106382978
0.1666666666666
0.548387096774193548387096774193548387096774193548387096774193548387096774193548
0.00004
0.00008767091844054158311362
0.994397759103641456582633053221288515406162464985994397759
0.33946600852591429212474758806371999102535337671079201
0.3400688353502831131342289330
0.12293362611935897831904503831584386118123436267090495031155316060
0.0001752356920057477306977885255668874636385939088073458802088809448708512949917639224757298566
0.3333333333333333333333333333333333333333333333333333333333333333333333333333333
0.889541715628672150411280846063454759106933019976498
0.7252747252747252747252747252747252747252747
0.005451366979404797616707870863633
0.32551403784411503517999863378646082382676412323246
0.51665551983775970313477594873897003
0.094430992736077481840193704600484261501210653753026634382566585956416464891041
0.11111111111111111
0.1713704551233155352148487159928807526061530638189677091278921942537503
0.681407942238267148014440433212996389891696750902527075812274368231046931407942238267
0.13014780319902814334885604373354930147803199028143348856043733549301478031990281
0.0474137931034482758620689655172
0.04645593869731800766283524904214559386973180076
0.24
0.180555555555555555555555555555555555555555555555555555555555555555555555555555555
0.00749483416803838475816901901726613665814450320456
0.0917159763313609467455621301775147928994082840236686390532544378698224852071
0.1008896053495731088423189444145919159352797181921308734849841781598901426950862738073914860588691862
0.81642294713160854893138357
0.285266457680250783699059561128526645768025078369905956112852664576802507836990595611
0.571428571428571428571428571428571428571428571
0.35714285714285714285714285714285714285714285714285714285714285714285714285714
0.000283275716451499525250882613690610459168952981
0.6137931034482758620689655172413793103448275862068965517241379310344827586
0.9535765659735844121877860598927
0.0236878139567815929185
0.38690476190476190
0.8
0.016045845272206303724928366762177650429799426934097
0.0007264117947752159057278915225053135677580779681993058731738814603567489036562727003685867
0.2000000000000000000000000000000000000000000000000000000000000
0.1386138613861386138613861386138613861386138613861386138613861386138613861386
0.008191680260073778001556488222304223325022100063570013806073522801862727854
0.0670669755344224985775827034056734129887019426156222059660245468584
0.2046783625730994152046783625730994152046783625
0.56980815011903094804649208794286514493768379778742473
0.263157894736842105263157894736842105263157894736842105263157894736842105263157894736842105263157894
0.00218355193049800663776557595
0.169741697
0.750000000000000000000000000000000000000000000
0.1354390306029620465048579018230777628179469451621120046577635457224991812525017284669
0.223404255319148936170212765957446808510638297872340425531914893
0.135802469135802469135802469135802469135802469135802469135802469135802469135802469135802469135802469
0.7990430622009569377990430622009569377990430622009569377990430622009569377990430622
0.02506578036283063287633291787841019249411438858883811106494945298
0.1173583221775992860330209727800089245872378402498884426595269968763944667559125390450691655510
0.9750000000000000
0.24137931034482758620689655172413793103448275862068965517
0.040816326530612244897959183673469
0.027144
0.00023324635188127760689242969809175328367129757861130953248684344796419668498
0.000086733436196145383498735517798614090987939487451041257726123197
0.02194357366771159874608
0.000580529395897592268990347965801541041669109972
0.1129943502824858757062146
0.4893201341403236689191230525987170
0.07142857142857142857142857
0.0054537970775879810660629759209713932908005762502572545791315085
0.678038379530916844349680170575692963752665245202558635394456289978678038379530
0.0043373493975903614457831325301204819277108433734939
0.3484848484848484848484848484848484848484848484848484848484848484848484848484848484
0.020823
0.01739
0.640000000000000000000000000000000000000000000000000000000000000000000000000
0.0004003056879799119327486444
0.0215561137891234978613619390318
0.40740740
0.61552346570397111913357400722021
0.06590257879656160458452722063037249283667621776504297994269340
0.50000000
0.6363636363636363636363636363636363636
0.717261904761904761904761904761904761904761904761904761904761904761904761904761904
0.363636363636363636363636363636363636363636363636363636363636363636363
0.12314
0.9220779220779220779
0.1993517017828200972447325769854132901134521
0.9303797468354430379746835443037974683544303797468354430379746835443037974683544303797468354430379746
0.343434343434343434343434343
0.833333333333333333333333333333333333333333333
0.065727699530516431924882629107981220657276995305164319248826291079
0.000089844417308337182301915204585861525
0.0001837193653491996033432497520
0.72387490465293668954996186117467581998474446987032799389778794813119755911
0.001570981158296492482452341869668986213633296744242253350922951
0.7142857142857142857142857142857142857142857142857142857142857142857142857142857142857
0.2578773517162142754559816171190578773517162142754559816171190578773
0.0160000000
0.45288994457640538400633412509897070467141726049089
0.50000000000000000000000000000000000000000000
0.88569065343258891645988420181968569065343258891645988420181
0.39544330625220770045920169551395266690215471
0.6579219742529917536513262482834200361242
0.985263157894736842105263157894736842105263157894736842105263157894736842105263157
0.7936587820835430296930045294413688978359335681932561650729743331655762455963764469048
0.0506329113924050632911392405063291139240506329113924050632911
0.95
0.00290003685
0.02777777777777777777777
0.00186253326609563703422864988423582763101228314922719593040162
0.0004969988913101655388
0.012795058
0.7656353893691086165760550709899479798177337974733054327844487034
0.8302094818081587651598676957001102535832414553472987872
0.00241527074405921308920919361121932216595247370471367354888975457732761978963770
0.1552107813572364453133123973129796393735831790861635089324709356737308404
0.8
0.2226107835624910470464916927960272760965804833571699799
0.0948952879581151832460732984293193717277486910994764397905759162303664921465968586387434554973821989
0.534757474785875617774000939240110025270031531632265134
0.268793430195830701200252684775
0.040000000000000000000000000000000000000000000000000000000000000000000000000000000
0.9268292682926829268292682926829268292682926829268292682926829268292682
0.92213114754098360655737704918032786885245
0.373737373737373737373737373737373737373737373
0.0125456385835648979972513983031087727575716844
0.0809666792781112714986974867881060421672084768186385905385247501608561644660900746324406
0.00892153265066074316339074052627833674948687931931803436059791291389758
0.00012884003704151064943431171236461730482747513789910214599186697266175464025
0.8076923076923076923076923076923076923076923076923076923076923076923076923076923076923076923076
0.0258234821531045564099621255595087799839320555491793871226
0.567567567567567567567567567
0.37044530999713355927630802434788473536007553914
0.504722204129486093923011
0.5044881263492784910805590273832519031928189978411544142711055561867
0.24863592398725534820209376422394173873463814292216
0.8205128205128205128205128205128
0.68518518518518518518518518518518518518518518518518518518518
0.0000511251527763354449086537309379069042921163416757866483468202551464655743
0.1578947368421052631578947368421052631578947368421052631578947368421052631
0.14267913559674350072523603188511985630794566988725824030061406762668087662259360023
0.836858006042296
0.00444165283
0.234476067270375161707632600258732212160413971539456662354463130659767141009
0.64210526
0.04316546762589928057553956834532374100719424460431654676258
0.68421052631578947368421052631578947368421052631578947368
0.6071428571428571428571428571428
0.0087937136344550416891608181872713094595405194649391158298842301001739547717593425
0.43243243243243243243243243243243243243243243243243243243243243243243243243243243243
0.570359465096307201570359465096307201570359465096307
0.0289507365987839313710866070767308219885402899663
0.1488341686641969928088908258879930268032251035083896273697973414687295707125735454347352364
0.22985074626865671641791044776119402985074626865671641791044776119
0.00616546018614270941054808686659772492244053774560496380
0.754838709677419354838709677419354838709677419354
0.3228744939271
0.044
0.372973691
0.785714285714285714285714285714285714285714285714285714285714285714285714285
0.750000000000000000000000000000000000000000000000000000000000000000000
0.318181818181818181
0.0000735537050568775125825067585002761278435741795144490827491239874307570243788329318024516293954367
0.226415094339622
0.79879879879879879879879879879879879879879879879879879879879879879879879879879879
0.8064516129032258064516129032258064516129032258064
0.3060344827586206896551724137931034482758620689655172413793103448275862068965517241379310344
0.0064516947520295620021244229054770205949076129767409138247800899362096466330434261105645636571
0.83582089552238805970149253731343283582089552238805
0.149321266968325791855203619909502262443438914027149321266968
0.0714226530
0.48397
0.2398648648648648648648648648648648648648648648648648648648648648648648648648648648
0.0702588235294117647058823529411764705882352941176470588235294117647058823529411764705882352941176
0.000275709953129307968017645437000275709953129307968017645437000275709953129307968017645437000
0.0462754181070345831399782079404050542859420772779959482305
0.0200411099691675231243576567317574511819116135662898252826310380267214799588900
0.017616354936929099608525445846020008699434536755110917790343627664201826881
0.855962219598583234946871310
0.3398357289527720739
0.0004322081514457362665859878117301292302372822751437092103557073086398409474
0.81215469613259668508
0.9578378378378378378378378378378378378378378378378378378378378378378378378378378378378
0.037289
0.35020519835841313269493844049247606019151846785225718194254
0.21706263498920086393088
0.97468354430379746835443037974683544303797468354430379746835443037974683544303797468354430379746
0.0688400952100772913267898692198657430932577358187799203016768741140916263271910
0.0000840217280188
0.28571428571428571428571428571428571428571428571428571428571
0.00011068448814149294290970435791546758471180049311
0.187074829931972789115646258503401360544217687074
0.346087949743003997715591090805254140491147915476870359794403198172472872644203312
0.91489361702127659574468085106
0.571428571428571428571428571428571428571428571428571428571428571428571428
0.6
0.002356582603496183743097323344236924483838
0.551411290322580645161290
0.0110789980732177263969171483622350
0.20000000000000000000000000000000000000000000000000000000000000000000000000000000
0.7142857142857142857142857142857142857142857142857142857142857142857142857142857
0.221513173797437756
0.41585301700715664851490872093695443561906743898350155503913611506133444324974275374
0.77112676056338028169014084507042253521126760563380281690140845070422535211267605633802816901408450
0.7733135486816573450519347106494692386
0.6708715596330275229357798165137614678899082568807339449541284403669724
0.33684210526315789473684210526
0.333333333333333333333333333
0.764566432936892961099496864153321
0.407407407407407407407407407407407407407407407407407407407407407407407407407
0.33
0.00785
0.0036657439964090671055584648761876262437345702102191965287648687065160469813
0.0040597261405078098121516548544691392004403770728686437762333998
0.4525862068965517
0.25490196078431372549019607843137254901960784313725490196078431372549
0.39705882352941176470588235294117647058823529411764705882352941
0.349775784753363228699551
0.00162836982087931970327483263976
0.12272727272727272727272727272727272727272727272727272727272727272727272727272727
0.05363881401617
0.022222222222222222222222222222222222222222222
0.144708423326133909287257019438444924406047516198704103671706263
0.00029843849278934093228334
0.623800373936327240898897353960255022503508890051325609459242494082794267690761908
0.00622471
0.86666666
0.0523809523809523809523809523809523809523809523809523809523809523809523
0.09337860780984719864176570458404074702886247877758913412563667232597623089983
0.31425554382259767687434002111932418162
0.51117318435754189944134078212290502793296089385474860335195530726256983240223463687
0.68673920068943229559409673596897554669826564688139610039857804
0.8909144586
0.428571428571428571428571428571428571428571428571428571428571428571428571428571428571428
0.0019179555092441719268603026799484393778683
0.30497925311203
0.5392994446817599316531396838957710380179410508329773601
0.013638642821327093431388935316730737088417
0.0401742771459288
0.47159090909090909090909090909090909090909090909090909090909090909090909090909090909090909090909
0.53600000000000000000000000000000000000000000000000
0.77524296675191815856777493606138107416879795396419437340153452685421994884910485
0.235583607353298170502946174387041246441418577450179860084302518041180
0.26252983293556085918854415274463007159904534606205250596658711217183770883054
0.018779727734951615548630474003608331966540921764802
0.0159846070471483759340927057489894645778124704794387737345312259174368943623807369326458875
0.1374783
0.002287599084960366015853593658562536574985370005851997659200936319625
0.0663438256658595641
0.0003697568478968230
0.0710303530869295890976667354945281850092917613049762543877761717943423497
0.83673469387755102040816326530612244897959183673469387755102040816326530
0.8617021276595744680851063829787234042553191489361702127
0.002971
0.0022429465
0.051605504587155963302752293577981651376146788990825688073394495412844
0.53571428571428571428571428571428571428571428571428571428571428571428571428571428571428571428571
0.005115073995643388
0.12878787878787878787878787878787878787878787878787878787878787878787878787878787878787878787
0.8584944884444940219650951719382219022218616584356714768129316202046424841042074413604973076026
0.0105634284463655
0.048493786462512741547203365937235680669717408748834283979266520635
0.354838709677419354838709
0.66791510611735330836454431960049937578027465667915106117353308364544319600499375780274656679151
0.440366972477064220183486238532110091743119266055045871559633027522935779816513761467889908256
0.06493506493506493506493506493506493506493506493506493506493506493506493506
0.0057739895518284300247456695078361286774
0.95529795101755238103498622350590813
0.340664272890484739676840215439856373429084380610412926391382405745062836624775
0.052720134604598990465507571508693213684800897363993269770050476724621424565339315759955
0.0655129789864029666254635352286773794808405438813349814585908529048207663782447466007
0.00011188606675056275368227015
0.0021798945899860486746240892884824058285537126026972562393
0.00535162267235326787
0.0008115762631388129142262492585833670858040900409732240511
0.111111111111111111111111111111111111111111111111111111111111111111111111111111111111111111
0.002490639484058257
0.5057471264
0.9230800478665693989089536550729592812567174839922885399511517258538715557819870
0.85550181378476420798065296251
0.919
0.079842747732166085541
0.6450918042
0.60691144708423326133909287257019438444924406047516198704103671
0.1642743221690590111642743221690590111642743221690590111642743221690590111642743
0.0726552179656538969616908850726552179656538969616908850726552179656538969616908850726
0.41463414634146341463414634146341463414634
0.002122295497599954420499380403663452362300055550016380133035167433
0.0031893063464723964299547563518291125157611069447763777061717610410159630139357029247
0.89373208050642972719788
0.38541666666666666666666666666666666666666666666666666666666666
0.0079379983523615922053818285496532694
0.00077639751552795031055900621118012422360248447204968944099378881987577639751552795031055
0.0028571
0.3575
0.00408163265306122448
0.3518518518518518518518518518518518518518518518518518518518518
0.02884615384615384615384615384615384615384615384615384615384615384615384615384615384615384615384
0.82051282051282051282051282051282051282051282051282051282051282051282
0.444798301486199575371549893842887473460721868365
0.485011529592621060722521
0.275937386239534037131416090280305788132508190753549326538
0.1739130434782608695652173913043478260869565217391304347
0.314818589482
0.2054794520547945205479452054794520547945205479452054794520547
0.006834842210419800826073912215936279828505249257748
0.00033115750586884690956456467506089618580143795948103939302508702083348664699345779
0.320000000000
0.00002866416185990721631299500802596532077402056763860224727028981672575893880862923
0.846153846153846153846153846153846153846153846153
0.41983632474658234911187575560308751046219659629870733748721287082674602436529340649121175485910908
0.0027451848572061102501660394066858534425503652866947088775736108036307283595306619
0.0252100840336134453781512605042016806722689075630252100840336134453781512
0.091025313219125543339299411915111224750703144975709537202761442086
0.622691292875989445910290237467018
0.0776815136503502607860681317242432839403792855116426248827008270955633633
0.477695167286245353159851301115241635687732342007434944237918215613
0.84729064039408866995073891625615763546798029556650246305418719211822660098522167487684729064039
0.8437500000000000000000000000000000000000000000000000000000000000
0.110239514695115573684761008262
0.0020
0.01120038957876795714633
0.144578313253012048192771084337349397590361445783132530120481927710843
0.07182320441988950276243093922651933701657458563535911602209944751381215469
0.001318909073780401639215563127070608739342743
0.514285714285714285714285714
0.409090909090909090909090909090909090909090909090909090909090909090909090909090909090909090909
0.7030752916224814422057264050901378579003181336161187698
0.7027027027027027027027027027027027027027027027027027027027027027
0.370370370370370370370370370370370370370370370370370370370
0.6170291190563951
0.006530825496
0.0103899005697687409228019215730086023907943246564629650318400178750977544408445983688973299072729303
0.5663836
0.285486894697746807682784478794524424321743129001450249372148
0.4548611111111111111111111111111111111111111111111111111111111
0.066042554660132185197328685568344578853819738045522787278468998602219192738442423510328047075
0.0864
0.225885764720716177026856638507123944017147900
0.5963414634146341463414634146341463414634146341463414
0.900129701686121919584954604409857
0.01073345
0.149646050145246354739543672617536734636320049637589192543080350847505429111317934399413373945906309
0.009682260063939453252430351666992888366934168460886018137926534873099758595941802048672277
0.6510666714796231455077067465617442154279319929249539761036710825542360
0.8165137614678899082568807339449541284403669724770642201
0.76950647918389853873724841
0.62558139534883720930232558139534883720930
0.522727272727272727272727272727272727272727272727272727272727
0.4285714285714285
0.64490623096793162
0.7
0.053972794018287464528624836719066708706815008332957974865997027160938696
0.218383429577348929799450504252833851570340391227810407515259200763371337380517
0.689205219454329774614
0.0126728308287300110215745672217052421776519426350142884484658892166762362972789250334
0.4805228088159917990773962070732957457713992824192721
0.080507458475861339351835525619776422047466234086821596078569
0.015286624203821656050955414012738853503184713375796178343949044585987261146496815
0.291666666666666666666666666666666666666666666666666666666666666666666666666666666666666666
0.124545719818553200
0.01534239740551328427092428589247848322315080454035175252588249968816265435948609205438443
0.1313621964097148891235480464625131995776135163674762407
0.73493975903614457831325301204819277108433734939759036144578313
0.011047531534541809372650572216189123715646144850054297
0.000919367495678844546111985885080
0.90000000000000000000000000000000000000000000000000000000000000000000000000
0.61904761904761904761904761904761904761904761904761904761904761904761904761904
0.2720955747
0.002385279418446160835983643798273512039981826442526124488868696047251249432076328941
0.119429590017825311942959001782531194295900178253
0.961538461538461538461538461538461538461538461
0.859126984
0.081967213114754098360655737704918032786885245901639344262295081967213114754098360655737704918
0.2192820735278169395944
0.10436137071
0.1624235818383364289871836223228155249
0.85962566844919786096256684491978609625668449197860962566844919786096256684491978609625668449197860
0.36000000000000
0.654557496813816495900611145119
0.0082193874102611572968001104930163124131263352463906104445286855739024899131042954160091450602862827
0.876543209876543209876543209876543209876543209876543209876543209876543209876543209876543209
0.054478338471523608632159662502028233003407431
0.87142857142857142857142857142857142857142857142857142857142857142857142857142
0.006542473
0.05548996458087367178276269185360094451003541912632821723
0.034165571616294349540078843626806833114323258869908015768725361366622864651773981603153745072273
0.381161007667031763417305585980284775465498357064622124863088718510
0.1212121212121212121212121212121212121212
0.014034125565346397163644161793218128349671910128159831534244215581324628800542802852527425782080
0.13017896190585798135573713891126711934629991943837035332029002186
0.872266497531919587458290819843918043184513140
0.829058894296494777710942199376606332367255427352764258763055722644501558484169081861431618089353
0.3333333333333333333333333333333333333333333
0.2982456140350877192982456140350877192982456140350877192982456140350877
0.628440366972477064220183486238532110
0.74468085106382978723404255319148
0.05084745762711864406779661016949152542372881355932203389830508474576271186440677966101694
0.2535211267605633802816901408450704225352112676056338028169014084507042253521126760
0.63636363636363636363
0.4456769487919769032061996657043002583194043458440966418477435
0.10152734594441261701216425921496865770430893992402204806745685219896656636390
0.71453959791180717538598245029434632900144396312340331000777518604909474
0.42105263157
0.1538461538461538461538461538461538461538461538461538461538461538461538461538461538461538461538461
0.0280445401109363357893865386207467505588210944614620415597317658746
0.001106081165832354584535388895857326932506243086992713547783846653819400891706671835980706295540
0.2761506276150627615062761506276150627615062761506276150627615
0.596858528800319186913336553201318745
0.001399160503697781331201279232
0.00
0.00313208872353147749167149134879129848805
0.9638429752066115702479338842975206611570247933884297
0.20232896652110625909752547307132459970887918486171761280931586608442503639010189228529839883551673
0.0015510497684664838376118329
0.9483701133658772743776979868479444870294912655
0.2631578947368421052631578947368421052631578947368421052631578947368421
0.10996119016817593790426908150064683053040103492884864165588
0.489241223103057757644394110985277463193657984144960362400906002265
0.0526315789473684210526315789473684210526315789473684210526315789473684210526315789
0.70000000000000000000000000000000000000000000000000000000000000000000000000000000000000
0.00668896321070234
0.00658039273122914203814326215908020965
0.59090909090909090909090909090909090909090909090909090909090909090909090909090909090909
0.0037119389287883007720650
0.000
0.87823834196891191709844559585492227979274611398963730569948186528497409326424870466
0.64315352697095435684647302904564315352697095435
0.56701030927
0.00140933291575321014719699342311305981835264
0.465479182602994208283247732
0.033792795399927022912289089925387218943845389232104885690199680410684852221397385407098
0.3318481308813156944038259732663558636824
0.01265952839026159130513
0.400000000000000000000000000000000000000000000000000000000000000000000000000000000000000000000000
0.00966405890473999079613437643810400368
0.02269033222807359729536441063649957740068916195305896
0.8260869565217391304347826086956521739130434782608695652
0.194068422348018705390105833128230371646566576421363524489293625399950775
0.415005861664712778429073856975381008206330597889800703399765533411488862837045720984
0.00962078877938591623917549392682114819415557218186960117
0.7236842105263157
0.689963692946058091286307053941908713692946058091286307053
0.6078431372549019607843137254901960784313725490196078431
0.00294511378848728246318607764390896921017402945113788487282463186077643908969210174029
0.01494396014943960149439601494396014943960149439601494396014
0.1
0.00043015602040728789692922524121213309591008636
0.071428571428571428571428571428571
0.187730384412848867825171142706687730384412848867825171
0.4074074074074074074074074
0.9593557684817324920152683648827607696502298044714
0.95503597122302158273381294964028776
0.64705882352
0.03394625176803394625176803394625176803394625
0.131578947368421052631578947368421052631578
0.0331116146480520429793
0.637671462027433924389427902308464369354299096687855470056
0.092050209205020920502092050209205020920502092050209205020920502092050
0.02654272594915444058685183111210661888229364990480456938066972785306305297345727405084555941
0.0717361740707162284678150498640072529465095194922937443336355394378966455122
0.003777162693254629700426651170614591775
0.40976333773711079
0.2443890274314214463840399002493765586034912718204
0.054593874833
0.95649508788787462103013
0.0103806228373702422145328719723183391003460207612456747404844
0.849369189032580925540601048278768404140437748571127558142597518897990360049516685542708
0.3108384458077709611451942740286298568507
0.000055055251877777340831334303354437846553147980652011482952534507845373392583271068465138228
0.7689393939393
0.009430154478406047040692767768686016218
0.1773584905660
0.00011737770631340604861204017599083191764881095121378645335056555860429
0.88636363636
0.73684210526315789473684210526315789473684210526315789473684210526315789473
0.9659701492537313432835820895522388059701
0.845593977446662293443288663980258020
0.62610797743755036261079774375503626107977437550362610797743755036261079774375503626107
0.00327591672831026101659093310789390256789601606255944203740885554263975483
0.241509819967266775777414075286415711947626841243862520458265139116202945990180032
0.0390179745725558965366067514248
0.0334645669291338582677
0.009056330374932077522188009418583589929360623075529795326933526535047998550987140010867
0.45
0.2317073170731707317073170731707317073170731707317073170731707317073
0.00089911886351375
0.547594677584442169907881269191402251791197543500511770
0.8779315196998123827392120075046904315196998123827392120075046904315196998123827392
0.00454106280193236714975845410628019323671497584
0.00030213067808633055723405932270183642907810734834353571710059
0.800000000000000000000000000000000000000000000000000000000000
0.3392523364485981308411214953271028037383177570093457943925233644
0.324155594685449015527453177525
0.451248255543495115521786323461001705690804775934253372615909443324546441308730
0.5252210088403536141445657826313052522100884035361414456578263130525221008840353
0.50681818181818181818181818181818181
0.25000000000000000
0.567850902737332556785090273733255678509027373325567850902
0.3260869565217
0.06818181818181818181818181818181818181818
0.115686274509803921568627450980
0.9592298980747451868629
0.68997912317327766179540709812108559498956158663883089770354906054279749478079331941544885
0.004494884112161815828037825369809361713313137021679272932
0.136687766931
0.246153846153846153846153846153846153846153846153846153846153846153846153846153846
0.86219081
0.1111111111111111111111111111111111111111111111111
0.225321888412017167381974248927038626609442060085836909871244635193133
0.5000000000000000000000000000000000000000000000
0.8818615751789976133651551312649164677804295942720763723150357995226730310262
0.06129144083090697823198682403631424137782254405006152056215064577992748459010344678806129144083
0.14492512939743696199728749757812283760967643721110465277201140358161
0.0181198038797697719036452781922830952888509912598593050522276700063
0.2570422535211267605633802816901408450704225352112676056338028169014
0.9143518
0.895833333333333333333333
0.7222693831352574985851726089417091114883984153933220147142048670062252405206564799094510469722693831
0.090316655690558331470415863598189848408867084362972853768027502703747787
0.0879120879120
0.0039493553258218143802996863747241259147403879660820072017655941456615
0.659386068476977567886658795749704840613931523022432113341204250
0.071883626
0.30308274743104380746349378042184964845862628447809626825310978907517577068
0.0001123676205171690773575769370671819359203371491987146070956097854821034291817552054010
0.085936240981298164689222998052937897437116762963021671
0.00896815800080612656187021362353889560661023780733575171301894397420395002015316404675534058847
0.000005001694323952238820
0.301369
0.378881987577639751552795031055900621118012422360248447204968944099378881987577639751552
0.844696969696969696969696969696969696969696969696969696969696969696969696969
0.00050268352461691210675776069764696
0.12442396313364055299
0.5102040816326530612244897959183673469387755102040816326
0.79359430604982206405693950177935943060498220640569395017793594306049822064056939501779359430604982
0.701
0.16137566137566137566137566137566137566137566137566137566137566137566137
0.0014725371815638344868207922250
0.010430729112580336229476040476767397
0.0476190476190476190476
0.00034581
0.384615
0.440298507462686567164179104477611940298507462686567164179104477611940298507462686567164179104
0.02203567681007345225603357817418677859391395592
0.823529411764705882352941176470588235294117647058823529411764705
0.603896103896103896103
0.6486486486486486486486486486486486486486
0.62146596858638743455497382198952879581151832460732984293193
0.77708006279434850863422291993720565149136577708006279434850863422291993720565
0.20000000000000000000000000000000000000000000000000000000000000000000000000000000000000000000000
0.000522567448527106320080027472117293996446541350015677023455813189602
0.87456445993031358885017421602787456445993031358885017421602787456445993
0.50000000000000000000000000000000000000000000000000000000000000000
0.001985287971244671069129816935551283122962467608459416534314135250355262058012204296
0.2
0.6
0.0100671140939597315436241610738255033557046979865771812080536912751677852348993288590604026
0.244031830238726790450928381962864721485411140583554376657824933687002652
0.915789473684210526315789473684210526315789473
0.9244115371864294397170958116918
0.00117470109758674802268016205254567282832052590637463634851189539427240475366124
0.3260869565217391304347826086956521
0.6296829971
0.130376213992987905902661931206779344497874622664390791587
0.70434990439770554493307839388
0.0798252751488158965354802792171
0.2195121951219512195121951219512195121951219512195121951
0.0010172145745689567383959465300423405666077534
0.652801061327865
0.340588988476312419974391805377720870678617157490396927016645326504
0.8141977037244469336320358443013161579389526743209185102212265471856622794735368244189302716325
0.89117998938302710497333872105092185432562414331328785465839493554546679
0.504421701863917401097489078018472887787032697918
0.034594548174017590690817487637136538970751361525194478040262500626
0.42303172737955346650998824911868390129259694477085781433607520564042303172737955346650998824
0.210526315789473684210526315789473684210526315
0.0012073150583
0.005561172901921132457027300303336703741152679474216380182002022244691607684529828109201213346
0.0566037735849056603773584905660377358490566037735849056603773584905660377358490566037735849056603
0.48391553187290309848036313400434181961713045194
0.10000000000000000000000000000000000000000000000000000000
0.0993689271761995392166
0.1385006353240152477763659466327827191867852604828462515
0.55245951111558193340710
0.108870967741935483870967741935483870967741935483870967741
0.9444444444444444444444444444444444444
0.258635267591519744464
0.0
0.021461088228918274441794927379145892044222848471710383698244092781270323000216
0.990510083036773428232502965599051008303
0.2171223308720814208740770305328277788864498104170824186789064059070045899022151267212133306
0.38906414300736067297581493165089379600
0.0153846153846153846153846153846153846153846153846153
0.41
0.75490196078431372549019607
0.00877500877500877500877500877500877500
0.0011870572467930308251962473674133639670687344438062416235879762588550641393834960750526517
0.00855005343783398646241539009618810117563234770217313858211613822586391164944780904880655
0.0012131401224602863774871760581
0.66221580656802598339949476723204619271021291952363767592926741248646697
0.0000462382466456871955415450646111499
0.00
0.628504672897196261
0.017352669439221214298769877137942517482867666021517760790803999
0.972067039106145251396648044692737430167597765363128491620111731843575418
0.3506775278496024262690281315006707234092190
0.8403361344537815126050420168067226890756302521008403361344
0.56488549618320610687022900763358778625954198473282442748091603053435114503816793893129770992
0.18012422360248447204968944
0.1682070240295748613678373382624768946395
0.739961759082217973231357552
0.10108884834
0.00536752179577111
0.637622344234900931
0.11613444736942505055129525771622601197970
0.69892473118279569892473118279569892473118279
0.02200614124872057318321392016376663254861821903787103377686796315250767656090071647901740020470
0.09090909090909090909090909
0.0000379536799057799896339011757338403312407413776948595
0.155
0.2310231023102310231023102
0.124100091445672957020533710200349156205835896583
0.00769430725240447101637639
0.6
0.60031409501374165
0.7558139534883720930232558139534883720930232558139534883720930232558139534883720930
0.0176886792452830188679245283018867924528301886792452830188679245283018867924528301886792452
0.0002485613332955771814403342677980926850602053305393780932514024837255253611
0.74074074074074074074074074074074074074074074074074074
0.0023610361575822989746357258499730167296276308688613059902
0.404255319148
0.2495446265938069216757741347905282331
0.0124069478908188585607
0.089743589743589743589
0.5268132319704129854119580850626669406205054
0.8125000000000000000000000000000000000000000000000000000000000000000000000000000000000000
0.233333333333333333333333333333333333333333333333333333333333333333333333333333333333333333333333333
0.285129604365
0.06913221324498833710827896284777390892802812616206348669754234136776985227003
0.2090582768539841502692159546307602789683742962276985109120561214872849755369977
0.76
0.03807536836614943278132742208892945625244490807145651323510236015125831268744295214499934802451
0.0349739766239847281502692383885317052965224125200352981432456282529220019089812163
0.760000000000000000000000000000000000
0.21962032511083323860406956917130840059111060588837103558031146981925656473797885
0.8478260
0.0862470862470862470862470
0.3333333333333333333333333333333333333
0.0000
0.51648351648351648351648351648351648351648351648351648351
0.666666666666666666666666666666666666666666666666666666666666666666666666666666666666666666666666
0.618986802894848871860366113239676458067262664
0.500000000000000000000000000000000000000000000000000000000000000000000
0.07853342586167013647929678464029609067777006708
0.00012573261305457457157163560482901467542236231727411694897
0.047580311214583
0.00086907917700442440308293161514296765185890965350037263096327462430308576172372480024150259898
0.2542784843843643
0.9168
0.1635078557601404582901904290280466393553324629
0.989977728285077951002
0.0062471210110325137621373614094617829892228896155723088
0.6111111111111111111111111111111111111111111111111111111111
0.08169186894813635760710969624618649688287571295927841888844674359994694256532696644117256
0.550103953495960730751122278213118651494
0.00676187003851232731495240342045841005671147005566976828263207399759183060703638
0.0026091733040373523757
0.07650273224043715846994535519125683060109289617486
0.001027485229899820190084767531466735165681993321346005651168764449
0.4160839160839160839160839160839160839160839160839160839160839160839160839160839160839160839160
0.5928003740065451145395044413277232351566152407667134174848059841047218326
0.0895883472146970250620566258835981502715371142723939367211420
0.004670647450526776502954325194610310438615687623096883108762934942320317629036796198
0.010
0.723776223776223776223776223776223776223776223776223776223776223776223776223
0.606138107416879795396
0.0002944753856987388771525510530695858139683759042314832597144869086486140451955
0.53333333333333333333333333333333333333333
0.37505983724269
0.34550561797752808988764044943
0.5000000000000000000000000000000000000000000000000000000000000000000000
0.852941176470588235294117647058823529411764705882352941
0.700910273081924577373211963
0.0266169264294326515712974126964813114609028461444863555412984082386646460847
0.427627627627627627627627627627627627627627627627627627627627627627627627627627627627627
0.5749550012856775520
0.228496732026143790849673202614379084967320261437908496732026143790849673202614379084967320261437908
0.32493827160493827160493827160493827160493827160493827160493827160493827160493827160493827160
0.34482758620689
0.0190145164588018810
0.001741502536963282230345354356484259915980140
0.3135435992578849721706864564007421150278293135435992578849721706
0.9110937296310780862990483639681918915395645939
0.3814305920387957163063245100020206102242877348959385734491816528591634673671448777530814
0.11359377252414588438806400461294507712267550814473115179472394406804093988755946374513
0.2112903
0.3969638
0.2001434720229555236728837876614060258249641319942611190817790530846484935437589670014347202295
0.1114188188317125008050492690152637341405
0.002238994755541
0.8000000000
0.220000000000000000000000000000000000000000000000000000000000000000000000
0.0294
0.2615267949118021092331799894639004372145773983887149649523694479956244
0.01787709497206703910614525139664804469273743016759776536312849162011173184357541
0.692307692307692307692307692307692307692307692307692307692307
0.232490410569
0.0877828054298642533936651583710407239819
0.25000000000000000000000000000000000000000000000000000000000000000000000000
0.72727272727272727272727272727272727272727272727272727272727272727272727272
